================================================================
== Design Size Report
================================================================

* Total Instructions per Compilation Phase
+---------------+-----------------------------+--------------+----------------------------------------------------------------------------------------+
| Phase         | Step                        | Instructions | Description                                                                            |
+---------------+-----------------------------+--------------+----------------------------------------------------------------------------------------+
| Compile/Link  |                             |   9,227      | After all functions are compiled and linked into a single design                       |
|               |                             |              |                                                                                        |
| Unroll/Inline |                             |              | After user unroll and inline pragmas are applied                                       |
|               | (1) unroll                  | 227,394 *    | user unroll pragmas are applied                                                        |
|               | (2) simplification          | 114,376 *    | simplification of applied user unroll pragmas                                          |
|               | (3) inline                  | 114,574 *    | user inline pragmas are applied                                                        |
|               | (4) simplification          | 106,959 *    | simplification of applied user inline pragmas                                          |
|               |                             |              |                                                                                        |
| Array/Struct  |                             |              | After user array partition and struct aggregate/disaggregate pragmas are applied       |
|               | (1) array partition         | 149,306 *    | user array partition pragmas are applied                                               |
|               | (2) simplification          | 108,576 *    | simplification of applied user array partition & struct aggregate/disaggregate pragmas |
|               | (3) aggregate/disaggregate  | 108,576 *    | user struct aggregate/disaggregate pragmas are applied                                 |
|               | (4) array reshape           | 108,576 *    | apply array reshape pragmas                                                            |
|               | (5) access patterns         | 108,576 *    | array access pattern optmizations                                                      |
|               |                             |              |                                                                                        |
| Performance   |                             |              | After transformations are applied to meet performance pragma targets                   |
|               | (1) loop simplification     | 105,024 *    | loop and instruction simplification                                                    |
|               | (2) parallelization         | 104,922 *    | loops are unrolled or pipelined to meet performance targets                            |
|               | (3) array partition         | 104,634 *    | arrays are partitioned to meet performance targets                                     |
|               | (4) simplification          | 104,634 *    | simplification of design after performance transformations                             |
|               |                             |              |                                                                                        |
| HW Transforms |                             |              | After hardware transfomations                                                          |
|               | (1) lowering                | 104,934 *    | initial conversion to HW specific instructions                                         |
|               | (2) optimizations           | 103,232 *    | high level synthesis optimizations                                                     |
+---------------+-----------------------------+--------------+----------------------------------------------------------------------------------------+
    * - Exceeded design size warning message threshold

* Instructions per Function for each Compilation Phase
+-----------------------------------------+-------------------------+----------------+--------------------+--------------------+--------------------+--------------------+
| Function                                | Location                | Compile/Link   | Unroll/Inline      | Array/Struct       | Performance        | HW Transforms      |
+-----------------------------------------+-------------------------+----------------+--------------------+--------------------+--------------------+--------------------+
| + myproject                             | myproject.cpp:7         | 9,227          | 106,959 *          | 108,576 *          | 104,634 *          | 103,232 *          |
|  + hept<ap_fixed<13, 4, AP_RND_...      | nnet_hept.h:238         | 9,215          |                    |                    |                    |                    |
|   + transpose_qk<ap_fixed<13, 4,...     | nnet_hept.h:59          |   92 (2 calls) |                    |                    |                    |                    |
|    + transpose<ap_fixed<13, 4, AP...    | nnet_transpose.h:29     |   84 (2 calls) |                    |                    |                    |                    |
|       transfer_idx<config5_transpo...   | nnet_transpose.h:18     |   50 (2 calls) |                    |                    |                    |                    |
|   + transpose_v<ap_fixed<13, 4, ...     | nnet_hept.h:67          |   46           |                    |                    |                    |                    |
|    + transpose<ap_fixed<13, 4, AP...    | nnet_transpose.h:29     |   42           |                    |                    |                    |                    |
|       transfer_idx<config5_transpo...   | nnet_transpose.h:18     |   25           |                    |                    |                    |                    |
|   + pairwise_dist_sq_rbf<ap_fixe...     | nnet_hept.h:90          | 3,963          |                    |                    |                    |                    |
|      init_exp_table<config5, 1024...    | nnet_hept.h:82          |  422           |                    |                    |                    |                    |
|   + mask_and_normalize<ap_fixed<...     | nnet_hept.h:150         | 3,242          |                    |                    |                    |                    |
|      init_invert_table<config5, 1...    | nnet_hept.h:140         |  676           |                    |                    |                    |                    |
|   + bmm<ap_fixed<13, 4, AP_RND_C...     | nnet_hept.h:207         | 1,776          |                    |                    |                    |                    |
|      fill_zero<ap_fixed<13, 4, AP...    | nnet_helpers.h:304      |  755           |                    |                    |                    |                    |
|    + dense<ap_fixed<13, 4, AP_RND...    | nnet_dense.h:41         |  954           |                    |                    |                    |                    |
|     + dense                             | nnet_dense.h:50         |  952           |                    |                    |                    |                    |
|      + dense_latency<ap_fixed<13, 4...  | nnet_dense_latency.h:13 |  950           |                    |                    |                    |                    |
|         product                         | nnet_mult.h:70          |  141           |                    |                    |                    |                    |
|         cast<ap_fixed<13, 4, AP_RND_... | nnet_mult.h:110         |    3           |                    |                    |                    |                    |
|   + transpose_output<ap_fixed<13...     | nnet_hept.h:75          |   46           |                    |                    |                    |                    |
|    + transpose<ap_fixed<13, 4, AP...    | nnet_transpose.h:29     |   42           |                    |                    |                    |                    |
|       transfer_idx<config5_transpo...   | nnet_transpose.h:18     |   25           |                    |                    |                    |                    |
|  + transpose<ap_fixed<13, 4, AP...      | nnet_transpose.h:29     |                |  3,840 (2 calls)   |  3,650 (2 calls)   |  3,458 (2 calls)   |  3,458 (2 calls)   |
|     transfer_idx<config5_transpo...     | nnet_transpose.h:18     |                |  2,688 (192 calls) |  2,688 (192 calls) |  2,688 (192 calls) |  2,688 (192 calls) |
|  + transpose<ap_fixed<13, 4, AP...      | nnet_transpose.h:29     |                |    960             |    913             |    865             |    865             |
|     transfer_idx<config5_transpo...     | nnet_transpose.h:18     |                |    672 (48 calls)  |    672 (48 calls)  |    672 (48 calls)  |    672 (48 calls)  |
|    pairwise_dist_sq_rbf<ap_fixe...      | nnet_hept.h:90          |                | 52,894             | 52,561             | 52,369             | 52,369             |
|    mask_and_normalize<ap_fixed<...      | nnet_hept.h:150         |                | 20,614             | 20,317             | 20,161             | 20,161             |
|  + bmm<ap_fixed<13, 4, AP_RND_C...      | nnet_hept.h:207         |                | 27,636             | 27,610             | 23,476             | 23,500             |
|     dense_latency<ap_fixed<13, 4...     | nnet_dense_latency.h:13 |                | 27,432 (24 calls)  | 27,480 (24 calls)  | 23,352 (24 calls)  | 23,376 (24 calls)  |
|  + transpose<ap_fixed<13, 4, AP...      | nnet_transpose.h:29     |                |    960             |    913             |    865             |    865             |
|     transfer_idx<config5_transpo...     | nnet_transpose.h:18     |                |    672 (48 calls)  |    672 (48 calls)  |    672 (48 calls)  |    672 (48 calls)  |
+-----------------------------------------+-------------------------+----------------+--------------------+--------------------+--------------------+--------------------+
    * - Exceeded design size warning message threshold

* Design Size Message Settings
+---------------------------------------------+--------+------------------------------------------------------------------+
| Message Setting                             | Value  | Description                                                      |
+---------------------------------------------+--------+------------------------------------------------------------------+
| config_compile -design_size_maximum_warning | 100000 | Show a warning when total design instructions exceeds this value |
+---------------------------------------------+--------+------------------------------------------------------------------+


