

================================================================
== Vitis HLS Report for 'dense_latency_ap_fixed_13_4_4_0_0_ap_fixed_13_4_4_0_0_config5_dense_3'
================================================================
* Date:           Tue Feb 11 01:50:40 2025

* Version:        2023.2 (Build 4023990 on Oct 11 2023)
* Project:        myproject_prj
* Solution:       solution1 (Vivado IP Flow Target)
* Product family: virtexuplus
* Target device:  xcvu13p-flga2577-2-e


================================================================
== Performance Estimates
================================================================
+ Timing: 
    * Summary: 
    +--------+---------+----------+------------+
    |  Clock |  Target | Estimated| Uncertainty|
    +--------+---------+----------+------------+
    |ap_clk  |  5.00 ns|  4.194 ns|     0.62 ns|
    +--------+---------+----------+------------+

+ Latency: 
    * Summary: 
    +---------+---------+-----------+-----------+-----+-----+---------+
    |  Latency (cycles) |   Latency (absolute)  |  Interval | Pipeline|
    |   min   |   max   |    min    |    max    | min | max |   Type  |
    +---------+---------+-----------+-----------+-----+-----+---------+
    |        2|        2|  10.000 ns|  10.000 ns|    1|    1|      yes|
    +---------+---------+-----------+-----------+-----+-----+---------+

    + Detail: 
        * Instance: 
        N/A

        * Loop: 
        N/A



================================================================
== Utilization Estimates
================================================================
* Summary: 
+---------------------+---------+-------+---------+---------+------+
|         Name        | BRAM_18K|  DSP  |    FF   |   LUT   | URAM |
+---------------------+---------+-------+---------+---------+------+
|DSP                  |        -|      -|        -|        -|     -|
|Expression           |        -|      -|        0|     2534|     -|
|FIFO                 |        -|      -|        -|        -|     -|
|Instance             |        -|     12|        0|      918|     -|
|Memory               |        -|      -|        -|        -|     -|
|Multiplexer          |        -|      -|        -|        -|     -|
|Register             |        -|      -|     1123|        -|     -|
+---------------------+---------+-------+---------+---------+------+
|Total                |        0|     12|     1123|     3452|     0|
+---------------------+---------+-------+---------+---------+------+
|Available SLR        |     1344|   3072|   864000|   432000|   320|
+---------------------+---------+-------+---------+---------+------+
|Utilization SLR (%)  |        0|     ~0|       ~0|       ~0|     0|
+---------------------+---------+-------+---------+---------+------+
|Available            |     5376|  12288|  3456000|  1728000|  1280|
+---------------------+---------+-------+---------+---------+------+
|Utilization (%)      |        0|     ~0|       ~0|       ~0|     0|
+---------------------+---------+-------+---------+---------+------+

+ Detail: 
    * Instance: 
    +-----------------------------+-----------------------+---------+----+---+-----+-----+
    |           Instance          |         Module        | BRAM_18K| DSP| FF| LUT | URAM|
    +-----------------------------+-----------------------+---------+----+---+-----+-----+
    |mul_13s_13s_26_1_1_U1711     |mul_13s_13s_26_1_1     |        0|   1|  0|    4|    0|
    |mul_13s_13s_26_1_1_U1712     |mul_13s_13s_26_1_1     |        0|   1|  0|    4|    0|
    |mul_13s_13s_26_1_1_U1713     |mul_13s_13s_26_1_1     |        0|   1|  0|    4|    0|
    |mul_13s_13s_26_1_1_U1714     |mul_13s_13s_26_1_1     |        0|   1|  0|    4|    0|
    |mul_13s_13s_26_1_1_U1715     |mul_13s_13s_26_1_1     |        0|   1|  0|    4|    0|
    |mul_13s_13s_26_1_1_U1716     |mul_13s_13s_26_1_1     |        0|   1|  0|    4|    0|
    |mul_13s_13s_26_1_1_U1717     |mul_13s_13s_26_1_1     |        0|   1|  0|    4|    0|
    |mul_13s_13s_26_1_1_U1718     |mul_13s_13s_26_1_1     |        0|   1|  0|    4|    0|
    |mul_13s_13s_26_1_1_U1719     |mul_13s_13s_26_1_1     |        0|   1|  0|    4|    0|
    |mul_13s_13s_26_1_1_U1720     |mul_13s_13s_26_1_1     |        0|   1|  0|    4|    0|
    |mul_13s_13s_26_1_1_U1721     |mul_13s_13s_26_1_1     |        0|   1|  0|    4|    0|
    |mul_13s_13s_26_1_1_U1722     |mul_13s_13s_26_1_1     |        0|   1|  0|    4|    0|
    |sparsemux_63_8_13_1_1_U1723  |sparsemux_63_8_13_1_1  |        0|   0|  0|  145|    0|
    |sparsemux_63_8_13_1_1_U1724  |sparsemux_63_8_13_1_1  |        0|   0|  0|  145|    0|
    |sparsemux_63_8_13_1_1_U1725  |sparsemux_63_8_13_1_1  |        0|   0|  0|  145|    0|
    |sparsemux_63_8_13_1_1_U1726  |sparsemux_63_8_13_1_1  |        0|   0|  0|  145|    0|
    |sparsemux_63_8_13_1_1_U1727  |sparsemux_63_8_13_1_1  |        0|   0|  0|  145|    0|
    |sparsemux_63_8_13_1_1_U1728  |sparsemux_63_8_13_1_1  |        0|   0|  0|  145|    0|
    +-----------------------------+-----------------------+---------+----+---+-----+-----+
    |Total                        |                       |        0|  12|  0|  918|    0|
    +-----------------------------+-----------------------+---------+----+---+-----+-----+

    * DSP: 
    N/A

    * Memory: 
    N/A

    * FIFO: 
    N/A

    * Expression: 
    +---------------------------+----------+----+---+----+------------+------------+
    |       Variable Name       | Operation| DSP| FF| LUT| Bitwidth P0| Bitwidth P1|
    +---------------------------+----------+----+---+----+------------+------------+
    |add_ln42_10_fu_4240_p2     |         +|   0|  0|  20|          13|          13|
    |add_ln42_11_fu_4488_p2     |         +|   0|  0|  20|          13|          13|
    |add_ln42_1_fu_1283_p2      |         +|   0|  0|  20|          13|          13|
    |add_ln42_2_fu_1558_p2      |         +|   0|  0|  20|          13|          13|
    |add_ln42_3_fu_1695_p2      |         +|   0|  0|  20|          13|          13|
    |add_ln42_4_fu_1970_p2      |         +|   0|  0|  20|          13|          13|
    |add_ln42_5_fu_2107_p2      |         +|   0|  0|  20|          13|          13|
    |add_ln42_6_fu_3238_p2      |         +|   0|  0|  20|          13|          13|
    |add_ln42_7_fu_3486_p2      |         +|   0|  0|  20|          13|          13|
    |add_ln42_8_fu_3739_p2      |         +|   0|  0|  20|          13|          13|
    |add_ln42_9_fu_3987_p2      |         +|   0|  0|  20|          13|          13|
    |add_ln42_fu_1146_p2        |         +|   0|  0|  20|          13|          13|
    |add_ln58_10_fu_4672_p2     |         +|   0|  0|  20|          13|          13|
    |add_ln58_11_fu_4774_p2     |         +|   0|  0|  20|          13|          13|
    |add_ln58_12_fu_4876_p2     |         +|   0|  0|  20|          13|          13|
    |add_ln58_13_fu_4978_p2     |         +|   0|  0|  20|          13|          13|
    |add_ln58_14_fu_5078_p2     |         +|   0|  0|  20|          13|          13|
    |add_ln58_15_fu_5176_p2     |         +|   0|  0|  20|          13|          13|
    |add_ln58_16_fu_5275_p2     |         +|   0|  0|  20|          13|          13|
    |add_ln58_17_fu_5375_p2     |         +|   0|  0|  20|          13|          13|
    |add_ln58_18_fu_5475_p2     |         +|   0|  0|  20|          13|          13|
    |add_ln58_19_fu_5575_p2     |         +|   0|  0|  20|          13|          13|
    |add_ln58_1_fu_4780_p2      |         +|   0|  0|  21|          14|          14|
    |add_ln58_2_fu_4882_p2      |         +|   0|  0|  21|          14|          14|
    |add_ln58_3_fu_4984_p2      |         +|   0|  0|  21|          14|          14|
    |add_ln58_4_fu_5082_p2      |         +|   0|  0|  21|          14|          14|
    |add_ln58_5_fu_5180_p2      |         +|   0|  0|  21|          14|          14|
    |add_ln58_6_fu_5280_p2      |         +|   0|  0|  21|          14|          14|
    |add_ln58_7_fu_5380_p2      |         +|   0|  0|  21|          14|          14|
    |add_ln58_8_fu_5480_p2      |         +|   0|  0|  21|          14|          14|
    |add_ln58_9_fu_5580_p2      |         +|   0|  0|  21|          14|          14|
    |add_ln58_fu_4678_p2        |         +|   0|  0|  21|          14|          14|
    |and_ln42_10_fu_2696_p2     |       and|   0|  0|   2|           1|           1|
    |and_ln42_11_fu_2716_p2     |       and|   0|  0|   2|           1|           1|
    |and_ln42_12_fu_2722_p2     |       and|   0|  0|   2|           1|           1|
    |and_ln42_13_fu_2739_p2     |       and|   0|  0|   2|           1|           1|
    |and_ln42_14_fu_1548_p2     |       and|   0|  0|   2|           1|           1|
    |and_ln42_15_fu_1578_p2     |       and|   0|  0|   2|           1|           1|
    |and_ln42_16_fu_2784_p2     |       and|   0|  0|   2|           1|           1|
    |and_ln42_17_fu_2795_p2     |       and|   0|  0|   2|           1|           1|
    |and_ln42_18_fu_2815_p2     |       and|   0|  0|   2|           1|           1|
    |and_ln42_19_fu_2821_p2     |       and|   0|  0|   2|           1|           1|
    |and_ln42_1_fu_1166_p2      |       and|   0|  0|   2|           1|           1|
    |and_ln42_20_fu_2838_p2     |       and|   0|  0|   2|           1|           1|
    |and_ln42_21_fu_1685_p2     |       and|   0|  0|   2|           1|           1|
    |and_ln42_22_fu_1715_p2     |       and|   0|  0|   2|           1|           1|
    |and_ln42_23_fu_2883_p2     |       and|   0|  0|   2|           1|           1|
    |and_ln42_24_fu_2894_p2     |       and|   0|  0|   2|           1|           1|
    |and_ln42_25_fu_2914_p2     |       and|   0|  0|   2|           1|           1|
    |and_ln42_26_fu_2920_p2     |       and|   0|  0|   2|           1|           1|
    |and_ln42_27_fu_2937_p2     |       and|   0|  0|   2|           1|           1|
    |and_ln42_28_fu_1960_p2     |       and|   0|  0|   2|           1|           1|
    |and_ln42_29_fu_1990_p2     |       and|   0|  0|   2|           1|           1|
    |and_ln42_2_fu_2586_p2      |       and|   0|  0|   2|           1|           1|
    |and_ln42_30_fu_2982_p2     |       and|   0|  0|   2|           1|           1|
    |and_ln42_31_fu_2993_p2     |       and|   0|  0|   2|           1|           1|
    |and_ln42_32_fu_3013_p2     |       and|   0|  0|   2|           1|           1|
    |and_ln42_33_fu_3019_p2     |       and|   0|  0|   2|           1|           1|
    |and_ln42_34_fu_3036_p2     |       and|   0|  0|   2|           1|           1|
    |and_ln42_35_fu_2097_p2     |       and|   0|  0|   2|           1|           1|
    |and_ln42_36_fu_2127_p2     |       and|   0|  0|   2|           1|           1|
    |and_ln42_37_fu_3081_p2     |       and|   0|  0|   2|           1|           1|
    |and_ln42_38_fu_3092_p2     |       and|   0|  0|   2|           1|           1|
    |and_ln42_39_fu_3112_p2     |       and|   0|  0|   2|           1|           1|
    |and_ln42_3_fu_2597_p2      |       and|   0|  0|   2|           1|           1|
    |and_ln42_40_fu_3118_p2     |       and|   0|  0|   2|           1|           1|
    |and_ln42_41_fu_3135_p2     |       and|   0|  0|   2|           1|           1|
    |and_ln42_42_fu_3228_p2     |       and|   0|  0|   2|           1|           1|
    |and_ln42_43_fu_3258_p2     |       and|   0|  0|   2|           1|           1|
    |and_ln42_44_fu_3324_p2     |       and|   0|  0|   2|           1|           1|
    |and_ln42_45_fu_3338_p2     |       and|   0|  0|   2|           1|           1|
    |and_ln42_46_fu_3362_p2     |       and|   0|  0|   2|           1|           1|
    |and_ln42_47_fu_3368_p2     |       and|   0|  0|   2|           1|           1|
    |and_ln42_48_fu_3386_p2     |       and|   0|  0|   2|           1|           1|
    |and_ln42_49_fu_3476_p2     |       and|   0|  0|   2|           1|           1|
    |and_ln42_4_fu_2617_p2      |       and|   0|  0|   2|           1|           1|
    |and_ln42_50_fu_3506_p2     |       and|   0|  0|   2|           1|           1|
    |and_ln42_51_fu_3572_p2     |       and|   0|  0|   2|           1|           1|
    |and_ln42_52_fu_3586_p2     |       and|   0|  0|   2|           1|           1|
    |and_ln42_53_fu_3610_p2     |       and|   0|  0|   2|           1|           1|
    |and_ln42_54_fu_3616_p2     |       and|   0|  0|   2|           1|           1|
    |and_ln42_55_fu_3634_p2     |       and|   0|  0|   2|           1|           1|
    |and_ln42_56_fu_3729_p2     |       and|   0|  0|   2|           1|           1|
    |and_ln42_57_fu_3759_p2     |       and|   0|  0|   2|           1|           1|
    |and_ln42_58_fu_3825_p2     |       and|   0|  0|   2|           1|           1|
    |and_ln42_59_fu_3839_p2     |       and|   0|  0|   2|           1|           1|
    |and_ln42_5_fu_2623_p2      |       and|   0|  0|   2|           1|           1|
    |and_ln42_60_fu_3863_p2     |       and|   0|  0|   2|           1|           1|
    |and_ln42_61_fu_3869_p2     |       and|   0|  0|   2|           1|           1|
    |and_ln42_62_fu_3887_p2     |       and|   0|  0|   2|           1|           1|
    |and_ln42_63_fu_3977_p2     |       and|   0|  0|   2|           1|           1|
    |and_ln42_64_fu_4007_p2     |       and|   0|  0|   2|           1|           1|
    |and_ln42_65_fu_4073_p2     |       and|   0|  0|   2|           1|           1|
    |and_ln42_66_fu_4087_p2     |       and|   0|  0|   2|           1|           1|
    |and_ln42_67_fu_4111_p2     |       and|   0|  0|   2|           1|           1|
    |and_ln42_68_fu_4117_p2     |       and|   0|  0|   2|           1|           1|
    |and_ln42_69_fu_4135_p2     |       and|   0|  0|   2|           1|           1|
    |and_ln42_6_fu_2640_p2      |       and|   0|  0|   2|           1|           1|
    |and_ln42_70_fu_4230_p2     |       and|   0|  0|   2|           1|           1|
    |and_ln42_71_fu_4260_p2     |       and|   0|  0|   2|           1|           1|
    |and_ln42_72_fu_4326_p2     |       and|   0|  0|   2|           1|           1|
    |and_ln42_73_fu_4340_p2     |       and|   0|  0|   2|           1|           1|
    |and_ln42_74_fu_4364_p2     |       and|   0|  0|   2|           1|           1|
    |and_ln42_75_fu_4370_p2     |       and|   0|  0|   2|           1|           1|
    |and_ln42_76_fu_4388_p2     |       and|   0|  0|   2|           1|           1|
    |and_ln42_77_fu_4478_p2     |       and|   0|  0|   2|           1|           1|
    |and_ln42_78_fu_4508_p2     |       and|   0|  0|   2|           1|           1|
    |and_ln42_79_fu_4574_p2     |       and|   0|  0|   2|           1|           1|
    |and_ln42_7_fu_1273_p2      |       and|   0|  0|   2|           1|           1|
    |and_ln42_80_fu_4588_p2     |       and|   0|  0|   2|           1|           1|
    |and_ln42_81_fu_4612_p2     |       and|   0|  0|   2|           1|           1|
    |and_ln42_82_fu_4618_p2     |       and|   0|  0|   2|           1|           1|
    |and_ln42_83_fu_4636_p2     |       and|   0|  0|   2|           1|           1|
    |and_ln42_8_fu_1303_p2      |       and|   0|  0|   2|           1|           1|
    |and_ln42_9_fu_2685_p2      |       and|   0|  0|   2|           1|           1|
    |and_ln42_fu_1136_p2        |       and|   0|  0|   2|           1|           1|
    |and_ln58_10_fu_5208_p2     |       and|   0|  0|   2|           1|           1|
    |and_ln58_11_fu_5220_p2     |       and|   0|  0|   2|           1|           1|
    |and_ln58_12_fu_5308_p2     |       and|   0|  0|   2|           1|           1|
    |and_ln58_13_fu_5320_p2     |       and|   0|  0|   2|           1|           1|
    |and_ln58_14_fu_5408_p2     |       and|   0|  0|   2|           1|           1|
    |and_ln58_15_fu_5420_p2     |       and|   0|  0|   2|           1|           1|
    |and_ln58_16_fu_5508_p2     |       and|   0|  0|   2|           1|           1|
    |and_ln58_17_fu_5520_p2     |       and|   0|  0|   2|           1|           1|
    |and_ln58_18_fu_5608_p2     |       and|   0|  0|   2|           1|           1|
    |and_ln58_19_fu_5620_p2     |       and|   0|  0|   2|           1|           1|
    |and_ln58_1_fu_4718_p2      |       and|   0|  0|   2|           1|           1|
    |and_ln58_2_fu_4808_p2      |       and|   0|  0|   2|           1|           1|
    |and_ln58_3_fu_4820_p2      |       and|   0|  0|   2|           1|           1|
    |and_ln58_4_fu_4910_p2      |       and|   0|  0|   2|           1|           1|
    |and_ln58_5_fu_4922_p2      |       and|   0|  0|   2|           1|           1|
    |and_ln58_6_fu_5012_p2      |       and|   0|  0|   2|           1|           1|
    |and_ln58_7_fu_5024_p2      |       and|   0|  0|   2|           1|           1|
    |and_ln58_8_fu_5110_p2      |       and|   0|  0|   2|           1|           1|
    |and_ln58_9_fu_5122_p2      |       and|   0|  0|   2|           1|           1|
    |and_ln58_fu_4706_p2        |       and|   0|  0|   2|           1|           1|
    |icmp_ln42_10_fu_1610_p2    |      icmp|   0|  0|  12|           4|           2|
    |icmp_ln42_11_fu_1616_p2    |      icmp|   0|  0|  12|           4|           1|
    |icmp_ln42_12_fu_1665_p2    |      icmp|   0|  0|  15|           8|           1|
    |icmp_ln42_13_fu_1731_p2    |      icmp|   0|  0|  10|           3|           2|
    |icmp_ln42_14_fu_1747_p2    |      icmp|   0|  0|  12|           4|           2|
    |icmp_ln42_15_fu_1753_p2    |      icmp|   0|  0|  12|           4|           1|
    |icmp_ln42_16_fu_1940_p2    |      icmp|   0|  0|  15|           8|           1|
    |icmp_ln42_17_fu_2006_p2    |      icmp|   0|  0|  10|           3|           2|
    |icmp_ln42_18_fu_2022_p2    |      icmp|   0|  0|  12|           4|           2|
    |icmp_ln42_19_fu_2028_p2    |      icmp|   0|  0|  12|           4|           1|
    |icmp_ln42_1_fu_1182_p2     |      icmp|   0|  0|  10|           3|           2|
    |icmp_ln42_20_fu_2077_p2    |      icmp|   0|  0|  15|           8|           1|
    |icmp_ln42_21_fu_2143_p2    |      icmp|   0|  0|  10|           3|           2|
    |icmp_ln42_22_fu_2159_p2    |      icmp|   0|  0|  12|           4|           2|
    |icmp_ln42_23_fu_2165_p2    |      icmp|   0|  0|  12|           4|           1|
    |icmp_ln42_24_fu_3208_p2    |      icmp|   0|  0|  15|           8|           1|
    |icmp_ln42_25_fu_3274_p2    |      icmp|   0|  0|  10|           3|           2|
    |icmp_ln42_26_fu_3290_p2    |      icmp|   0|  0|  12|           4|           2|
    |icmp_ln42_27_fu_3296_p2    |      icmp|   0|  0|  12|           4|           1|
    |icmp_ln42_28_fu_3456_p2    |      icmp|   0|  0|  15|           8|           1|
    |icmp_ln42_29_fu_3522_p2    |      icmp|   0|  0|  10|           3|           2|
    |icmp_ln42_2_fu_1198_p2     |      icmp|   0|  0|  12|           4|           2|
    |icmp_ln42_30_fu_3538_p2    |      icmp|   0|  0|  12|           4|           2|
    |icmp_ln42_31_fu_3544_p2    |      icmp|   0|  0|  12|           4|           1|
    |icmp_ln42_32_fu_3709_p2    |      icmp|   0|  0|  15|           8|           1|
    |icmp_ln42_33_fu_3775_p2    |      icmp|   0|  0|  10|           3|           2|
    |icmp_ln42_34_fu_3791_p2    |      icmp|   0|  0|  12|           4|           2|
    |icmp_ln42_35_fu_3797_p2    |      icmp|   0|  0|  12|           4|           1|
    |icmp_ln42_36_fu_3957_p2    |      icmp|   0|  0|  15|           8|           1|
    |icmp_ln42_37_fu_4023_p2    |      icmp|   0|  0|  10|           3|           2|
    |icmp_ln42_38_fu_4039_p2    |      icmp|   0|  0|  12|           4|           2|
    |icmp_ln42_39_fu_4045_p2    |      icmp|   0|  0|  12|           4|           1|
    |icmp_ln42_3_fu_1204_p2     |      icmp|   0|  0|  12|           4|           1|
    |icmp_ln42_40_fu_4210_p2    |      icmp|   0|  0|  15|           8|           1|
    |icmp_ln42_41_fu_4276_p2    |      icmp|   0|  0|  10|           3|           2|
    |icmp_ln42_42_fu_4292_p2    |      icmp|   0|  0|  12|           4|           2|
    |icmp_ln42_43_fu_4298_p2    |      icmp|   0|  0|  12|           4|           1|
    |icmp_ln42_44_fu_4458_p2    |      icmp|   0|  0|  15|           8|           1|
    |icmp_ln42_45_fu_4524_p2    |      icmp|   0|  0|  10|           3|           2|
    |icmp_ln42_46_fu_4540_p2    |      icmp|   0|  0|  12|           4|           2|
    |icmp_ln42_47_fu_4546_p2    |      icmp|   0|  0|  12|           4|           1|
    |icmp_ln42_4_fu_1253_p2     |      icmp|   0|  0|  15|           8|           1|
    |icmp_ln42_5_fu_1319_p2     |      icmp|   0|  0|  10|           3|           2|
    |icmp_ln42_6_fu_1335_p2     |      icmp|   0|  0|  12|           4|           2|
    |icmp_ln42_7_fu_1341_p2     |      icmp|   0|  0|  12|           4|           1|
    |icmp_ln42_8_fu_1528_p2     |      icmp|   0|  0|  15|           8|           1|
    |icmp_ln42_9_fu_1594_p2     |      icmp|   0|  0|  10|           3|           2|
    |icmp_ln42_fu_1116_p2       |      icmp|   0|  0|  15|           8|           1|
    |or_ln42_10_fu_2904_p2      |        or|   0|  0|   2|           1|           1|
    |or_ln42_11_fu_2950_p2      |        or|   0|  0|   2|           1|           1|
    |or_ln42_12_fu_1954_p2      |        or|   0|  0|   2|           1|           1|
    |or_ln42_13_fu_3003_p2      |        or|   0|  0|   2|           1|           1|
    |or_ln42_14_fu_3049_p2      |        or|   0|  0|   2|           1|           1|
    |or_ln42_15_fu_2091_p2      |        or|   0|  0|   2|           1|           1|
    |or_ln42_16_fu_3102_p2      |        or|   0|  0|   2|           1|           1|
    |or_ln42_17_fu_3148_p2      |        or|   0|  0|   2|           1|           1|
    |or_ln42_18_fu_3222_p2      |        or|   0|  0|   2|           1|           1|
    |or_ln42_19_fu_3350_p2      |        or|   0|  0|   2|           1|           1|
    |or_ln42_1_fu_2607_p2       |        or|   0|  0|   2|           1|           1|
    |or_ln42_20_fu_3400_p2      |        or|   0|  0|   2|           1|           1|
    |or_ln42_21_fu_3470_p2      |        or|   0|  0|   2|           1|           1|
    |or_ln42_22_fu_3598_p2      |        or|   0|  0|   2|           1|           1|
    |or_ln42_23_fu_3648_p2      |        or|   0|  0|   2|           1|           1|
    |or_ln42_24_fu_3723_p2      |        or|   0|  0|   2|           1|           1|
    |or_ln42_25_fu_3851_p2      |        or|   0|  0|   2|           1|           1|
    |or_ln42_26_fu_3901_p2      |        or|   0|  0|   2|           1|           1|
    |or_ln42_27_fu_3971_p2      |        or|   0|  0|   2|           1|           1|
    |or_ln42_28_fu_4099_p2      |        or|   0|  0|   2|           1|           1|
    |or_ln42_29_fu_4149_p2      |        or|   0|  0|   2|           1|           1|
    |or_ln42_2_fu_2653_p2       |        or|   0|  0|   2|           1|           1|
    |or_ln42_30_fu_4224_p2      |        or|   0|  0|   2|           1|           1|
    |or_ln42_31_fu_4352_p2      |        or|   0|  0|   2|           1|           1|
    |or_ln42_32_fu_4402_p2      |        or|   0|  0|   2|           1|           1|
    |or_ln42_33_fu_4472_p2      |        or|   0|  0|   2|           1|           1|
    |or_ln42_34_fu_4600_p2      |        or|   0|  0|   2|           1|           1|
    |or_ln42_35_fu_4650_p2      |        or|   0|  0|   2|           1|           1|
    |or_ln42_36_fu_2628_p2      |        or|   0|  0|   2|           1|           1|
    |or_ln42_37_fu_2727_p2      |        or|   0|  0|   2|           1|           1|
    |or_ln42_38_fu_2826_p2      |        or|   0|  0|   2|           1|           1|
    |or_ln42_39_fu_2925_p2      |        or|   0|  0|   2|           1|           1|
    |or_ln42_3_fu_1267_p2       |        or|   0|  0|   2|           1|           1|
    |or_ln42_40_fu_3024_p2      |        or|   0|  0|   2|           1|           1|
    |or_ln42_41_fu_3123_p2      |        or|   0|  0|   2|           1|           1|
    |or_ln42_42_fu_3374_p2      |        or|   0|  0|   2|           1|           1|
    |or_ln42_43_fu_3622_p2      |        or|   0|  0|   2|           1|           1|
    |or_ln42_44_fu_3875_p2      |        or|   0|  0|   2|           1|           1|
    |or_ln42_45_fu_4123_p2      |        or|   0|  0|   2|           1|           1|
    |or_ln42_46_fu_4376_p2      |        or|   0|  0|   2|           1|           1|
    |or_ln42_47_fu_4624_p2      |        or|   0|  0|   2|           1|           1|
    |or_ln42_4_fu_2706_p2       |        or|   0|  0|   2|           1|           1|
    |or_ln42_5_fu_2752_p2       |        or|   0|  0|   2|           1|           1|
    |or_ln42_6_fu_1542_p2       |        or|   0|  0|   2|           1|           1|
    |or_ln42_7_fu_2805_p2       |        or|   0|  0|   2|           1|           1|
    |or_ln42_8_fu_2851_p2       |        or|   0|  0|   2|           1|           1|
    |or_ln42_9_fu_1679_p2       |        or|   0|  0|   2|           1|           1|
    |or_ln42_fu_1130_p2         |        or|   0|  0|   2|           1|           1|
    |or_ln58_1_fu_4838_p2       |        or|   0|  0|   2|           1|           1|
    |or_ln58_2_fu_4940_p2       |        or|   0|  0|   2|           1|           1|
    |or_ln58_3_fu_5042_p2       |        or|   0|  0|   2|           1|           1|
    |or_ln58_4_fu_5140_p2       |        or|   0|  0|   2|           1|           1|
    |or_ln58_5_fu_5238_p2       |        or|   0|  0|   2|           1|           1|
    |or_ln58_6_fu_5338_p2       |        or|   0|  0|   2|           1|           1|
    |or_ln58_7_fu_5438_p2       |        or|   0|  0|   2|           1|           1|
    |or_ln58_8_fu_5538_p2       |        or|   0|  0|   2|           1|           1|
    |or_ln58_9_fu_5638_p2       |        or|   0|  0|   2|           1|           1|
    |or_ln58_fu_4736_p2         |        or|   0|  0|   2|           1|           1|
    |select_ln42_10_fu_2843_p3  |    select|   0|  0|  14|           1|          12|
    |select_ln42_11_fu_2857_p3  |    select|   0|  0|  13|           1|          13|
    |select_ln42_12_fu_2864_p3  |    select|   0|  0|   2|           1|           1|
    |select_ln42_13_fu_2888_p3  |    select|   0|  0|   2|           1|           1|
    |select_ln42_14_fu_2942_p3  |    select|   0|  0|  14|           1|          12|
    |select_ln42_15_fu_2956_p3  |    select|   0|  0|  13|           1|          13|
    |select_ln42_16_fu_2963_p3  |    select|   0|  0|   2|           1|           1|
    |select_ln42_17_fu_2987_p3  |    select|   0|  0|   2|           1|           1|
    |select_ln42_18_fu_3041_p3  |    select|   0|  0|  14|           1|          12|
    |select_ln42_19_fu_3055_p3  |    select|   0|  0|  13|           1|          13|
    |select_ln42_1_fu_2591_p3   |    select|   0|  0|   2|           1|           1|
    |select_ln42_20_fu_3062_p3  |    select|   0|  0|   2|           1|           1|
    |select_ln42_21_fu_3086_p3  |    select|   0|  0|   2|           1|           1|
    |select_ln42_22_fu_3140_p3  |    select|   0|  0|  14|           1|          12|
    |select_ln42_23_fu_3154_p3  |    select|   0|  0|  13|           1|          13|
    |select_ln42_24_fu_3302_p3  |    select|   0|  0|   2|           1|           1|
    |select_ln42_25_fu_3330_p3  |    select|   0|  0|   2|           1|           1|
    |select_ln42_26_fu_3392_p3  |    select|   0|  0|  14|           1|          12|
    |select_ln42_27_fu_3406_p3  |    select|   0|  0|  13|           1|          13|
    |select_ln42_28_fu_3550_p3  |    select|   0|  0|   2|           1|           1|
    |select_ln42_29_fu_3578_p3  |    select|   0|  0|   2|           1|           1|
    |select_ln42_2_fu_2645_p3   |    select|   0|  0|  14|           1|          12|
    |select_ln42_30_fu_3640_p3  |    select|   0|  0|  14|           1|          12|
    |select_ln42_31_fu_3654_p3  |    select|   0|  0|  13|           1|          13|
    |select_ln42_32_fu_3803_p3  |    select|   0|  0|   2|           1|           1|
    |select_ln42_33_fu_3831_p3  |    select|   0|  0|   2|           1|           1|
    |select_ln42_34_fu_3893_p3  |    select|   0|  0|  14|           1|          12|
    |select_ln42_35_fu_3907_p3  |    select|   0|  0|  13|           1|          13|
    |select_ln42_36_fu_4051_p3  |    select|   0|  0|   2|           1|           1|
    |select_ln42_37_fu_4079_p3  |    select|   0|  0|   2|           1|           1|
    |select_ln42_38_fu_4141_p3  |    select|   0|  0|  14|           1|          12|
    |select_ln42_39_fu_4155_p3  |    select|   0|  0|  13|           1|          13|
    |select_ln42_3_fu_2659_p3   |    select|   0|  0|  13|           1|          13|
    |select_ln42_40_fu_4304_p3  |    select|   0|  0|   2|           1|           1|
    |select_ln42_41_fu_4332_p3  |    select|   0|  0|   2|           1|           1|
    |select_ln42_42_fu_4394_p3  |    select|   0|  0|  14|           1|          12|
    |select_ln42_43_fu_4408_p3  |    select|   0|  0|  13|           1|          13|
    |select_ln42_44_fu_4552_p3  |    select|   0|  0|   2|           1|           1|
    |select_ln42_45_fu_4580_p3  |    select|   0|  0|   2|           1|           1|
    |select_ln42_46_fu_4642_p3  |    select|   0|  0|  14|           1|          12|
    |select_ln42_47_fu_4656_p3  |    select|   0|  0|  13|           1|          13|
    |select_ln42_4_fu_2666_p3   |    select|   0|  0|   2|           1|           1|
    |select_ln42_5_fu_2690_p3   |    select|   0|  0|   2|           1|           1|
    |select_ln42_6_fu_2744_p3   |    select|   0|  0|  14|           1|          12|
    |select_ln42_7_fu_2758_p3   |    select|   0|  0|  13|           1|          13|
    |select_ln42_8_fu_2765_p3   |    select|   0|  0|   2|           1|           1|
    |select_ln42_9_fu_2789_p3   |    select|   0|  0|   2|           1|           1|
    |select_ln42_fu_2567_p3     |    select|   0|  0|   2|           1|           1|
    |select_ln58_10_fu_5056_p3  |    select|   0|  0|  14|           1|          14|
    |select_ln58_11_fu_5064_p3  |    select|   0|  0|  13|           1|          13|
    |select_ln58_12_fu_5146_p3  |    select|   0|  0|  13|           1|          12|
    |select_ln58_13_fu_5154_p3  |    select|   0|  0|  14|           1|          14|
    |select_ln58_14_fu_5162_p3  |    select|   0|  0|  13|           1|          13|
    |select_ln58_15_fu_5244_p3  |    select|   0|  0|  13|           1|          12|
    |select_ln58_16_fu_5252_p3  |    select|   0|  0|  14|           1|          14|
    |select_ln58_17_fu_5260_p3  |    select|   0|  0|  13|           1|          13|
    |select_ln58_18_fu_5344_p3  |    select|   0|  0|  13|           1|          12|
    |select_ln58_19_fu_5352_p3  |    select|   0|  0|  14|           1|          14|
    |select_ln58_1_fu_4750_p3   |    select|   0|  0|  14|           1|          14|
    |select_ln58_20_fu_5360_p3  |    select|   0|  0|  13|           1|          13|
    |select_ln58_21_fu_5444_p3  |    select|   0|  0|  13|           1|          12|
    |select_ln58_22_fu_5452_p3  |    select|   0|  0|  14|           1|          14|
    |select_ln58_23_fu_5460_p3  |    select|   0|  0|  13|           1|          13|
    |select_ln58_24_fu_5544_p3  |    select|   0|  0|  13|           1|          12|
    |select_ln58_25_fu_5552_p3  |    select|   0|  0|  14|           1|          14|
    |select_ln58_26_fu_5560_p3  |    select|   0|  0|  13|           1|          13|
    |select_ln58_27_fu_5644_p3  |    select|   0|  0|  13|           1|          12|
    |select_ln58_28_fu_5652_p3  |    select|   0|  0|  14|           1|          14|
    |select_ln58_29_fu_5660_p3  |    select|   0|  0|  13|           1|          13|
    |select_ln58_2_fu_4758_p3   |    select|   0|  0|  13|           1|          13|
    |select_ln58_3_fu_4844_p3   |    select|   0|  0|  13|           1|          12|
    |select_ln58_4_fu_4852_p3   |    select|   0|  0|  14|           1|          14|
    |select_ln58_5_fu_4860_p3   |    select|   0|  0|  13|           1|          13|
    |select_ln58_6_fu_4946_p3   |    select|   0|  0|  13|           1|          12|
    |select_ln58_7_fu_4954_p3   |    select|   0|  0|  14|           1|          14|
    |select_ln58_8_fu_4962_p3   |    select|   0|  0|  13|           1|          13|
    |select_ln58_9_fu_5048_p3   |    select|   0|  0|  13|           1|          12|
    |select_ln58_fu_4742_p3     |    select|   0|  0|  13|           1|          12|
    |xor_ln42_10_fu_2810_p2     |       xor|   0|  0|   2|           1|           2|
    |xor_ln42_11_fu_2832_p2     |       xor|   0|  0|   2|           1|           2|
    |xor_ln42_12_fu_1709_p2     |       xor|   0|  0|   2|           1|           2|
    |xor_ln42_13_fu_2898_p2     |       xor|   0|  0|   2|           1|           2|
    |xor_ln42_14_fu_2909_p2     |       xor|   0|  0|   2|           1|           2|
    |xor_ln42_15_fu_2931_p2     |       xor|   0|  0|   2|           1|           2|
    |xor_ln42_16_fu_1984_p2     |       xor|   0|  0|   2|           1|           2|
    |xor_ln42_17_fu_2997_p2     |       xor|   0|  0|   2|           1|           2|
    |xor_ln42_18_fu_3008_p2     |       xor|   0|  0|   2|           1|           2|
    |xor_ln42_19_fu_3030_p2     |       xor|   0|  0|   2|           1|           2|
    |xor_ln42_1_fu_2601_p2      |       xor|   0|  0|   2|           1|           2|
    |xor_ln42_20_fu_2121_p2     |       xor|   0|  0|   2|           1|           2|
    |xor_ln42_21_fu_3096_p2     |       xor|   0|  0|   2|           1|           2|
    |xor_ln42_22_fu_3107_p2     |       xor|   0|  0|   2|           1|           2|
    |xor_ln42_23_fu_3129_p2     |       xor|   0|  0|   2|           1|           2|
    |xor_ln42_24_fu_3252_p2     |       xor|   0|  0|   2|           1|           2|
    |xor_ln42_25_fu_3344_p2     |       xor|   0|  0|   2|           1|           2|
    |xor_ln42_26_fu_3356_p2     |       xor|   0|  0|   2|           1|           2|
    |xor_ln42_27_fu_3380_p2     |       xor|   0|  0|   2|           1|           2|
    |xor_ln42_28_fu_3500_p2     |       xor|   0|  0|   2|           1|           2|
    |xor_ln42_29_fu_3592_p2     |       xor|   0|  0|   2|           1|           2|
    |xor_ln42_2_fu_2612_p2      |       xor|   0|  0|   2|           1|           2|
    |xor_ln42_30_fu_3604_p2     |       xor|   0|  0|   2|           1|           2|
    |xor_ln42_31_fu_3628_p2     |       xor|   0|  0|   2|           1|           2|
    |xor_ln42_32_fu_3753_p2     |       xor|   0|  0|   2|           1|           2|
    |xor_ln42_33_fu_3845_p2     |       xor|   0|  0|   2|           1|           2|
    |xor_ln42_34_fu_3857_p2     |       xor|   0|  0|   2|           1|           2|
    |xor_ln42_35_fu_3881_p2     |       xor|   0|  0|   2|           1|           2|
    |xor_ln42_36_fu_4001_p2     |       xor|   0|  0|   2|           1|           2|
    |xor_ln42_37_fu_4093_p2     |       xor|   0|  0|   2|           1|           2|
    |xor_ln42_38_fu_4105_p2     |       xor|   0|  0|   2|           1|           2|
    |xor_ln42_39_fu_4129_p2     |       xor|   0|  0|   2|           1|           2|
    |xor_ln42_3_fu_2634_p2      |       xor|   0|  0|   2|           1|           2|
    |xor_ln42_40_fu_4254_p2     |       xor|   0|  0|   2|           1|           2|
    |xor_ln42_41_fu_4346_p2     |       xor|   0|  0|   2|           1|           2|
    |xor_ln42_42_fu_4358_p2     |       xor|   0|  0|   2|           1|           2|
    |xor_ln42_43_fu_4382_p2     |       xor|   0|  0|   2|           1|           2|
    |xor_ln42_44_fu_4502_p2     |       xor|   0|  0|   2|           1|           2|
    |xor_ln42_45_fu_4594_p2     |       xor|   0|  0|   2|           1|           2|
    |xor_ln42_46_fu_4606_p2     |       xor|   0|  0|   2|           1|           2|
    |xor_ln42_47_fu_4630_p2     |       xor|   0|  0|   2|           1|           2|
    |xor_ln42_48_fu_2580_p2     |       xor|   0|  0|   2|           1|           2|
    |xor_ln42_49_fu_2679_p2     |       xor|   0|  0|   2|           1|           2|
    |xor_ln42_4_fu_1297_p2      |       xor|   0|  0|   2|           1|           2|
    |xor_ln42_50_fu_2778_p2     |       xor|   0|  0|   2|           1|           2|
    |xor_ln42_51_fu_2877_p2     |       xor|   0|  0|   2|           1|           2|
    |xor_ln42_52_fu_2976_p2     |       xor|   0|  0|   2|           1|           2|
    |xor_ln42_53_fu_3075_p2     |       xor|   0|  0|   2|           1|           2|
    |xor_ln42_54_fu_3318_p2     |       xor|   0|  0|   2|           1|           2|
    |xor_ln42_55_fu_3566_p2     |       xor|   0|  0|   2|           1|           2|
    |xor_ln42_56_fu_3819_p2     |       xor|   0|  0|   2|           1|           2|
    |xor_ln42_57_fu_4067_p2     |       xor|   0|  0|   2|           1|           2|
    |xor_ln42_58_fu_4320_p2     |       xor|   0|  0|   2|           1|           2|
    |xor_ln42_59_fu_4568_p2     |       xor|   0|  0|   2|           1|           2|
    |xor_ln42_5_fu_2700_p2      |       xor|   0|  0|   2|           1|           2|
    |xor_ln42_6_fu_2711_p2      |       xor|   0|  0|   2|           1|           2|
    |xor_ln42_7_fu_2733_p2      |       xor|   0|  0|   2|           1|           2|
    |xor_ln42_8_fu_1572_p2      |       xor|   0|  0|   2|           1|           2|
    |xor_ln42_9_fu_2799_p2      |       xor|   0|  0|   2|           1|           2|
    |xor_ln42_fu_1160_p2        |       xor|   0|  0|   2|           1|           2|
    |xor_ln58_10_fu_4928_p2     |       xor|   0|  0|   2|           1|           1|
    |xor_ln58_11_fu_4934_p2     |       xor|   0|  0|   2|           1|           2|
    |xor_ln58_12_fu_5006_p2     |       xor|   0|  0|   2|           1|           2|
    |xor_ln58_13_fu_5018_p2     |       xor|   0|  0|   2|           1|           2|
    |xor_ln58_14_fu_5030_p2     |       xor|   0|  0|   2|           1|           1|
    |xor_ln58_15_fu_5036_p2     |       xor|   0|  0|   2|           1|           2|
    |xor_ln58_16_fu_5104_p2     |       xor|   0|  0|   2|           1|           2|
    |xor_ln58_17_fu_5116_p2     |       xor|   0|  0|   2|           1|           2|
    |xor_ln58_18_fu_5128_p2     |       xor|   0|  0|   2|           1|           1|
    |xor_ln58_19_fu_5134_p2     |       xor|   0|  0|   2|           1|           2|
    |xor_ln58_1_fu_4712_p2      |       xor|   0|  0|   2|           1|           2|
    |xor_ln58_20_fu_5202_p2     |       xor|   0|  0|   2|           1|           2|
    |xor_ln58_21_fu_5214_p2     |       xor|   0|  0|   2|           1|           2|
    |xor_ln58_22_fu_5226_p2     |       xor|   0|  0|   2|           1|           1|
    |xor_ln58_23_fu_5232_p2     |       xor|   0|  0|   2|           1|           2|
    |xor_ln58_24_fu_5302_p2     |       xor|   0|  0|   2|           1|           2|
    |xor_ln58_25_fu_5314_p2     |       xor|   0|  0|   2|           1|           2|
    |xor_ln58_26_fu_5326_p2     |       xor|   0|  0|   2|           1|           1|
    |xor_ln58_27_fu_5332_p2     |       xor|   0|  0|   2|           1|           2|
    |xor_ln58_28_fu_5402_p2     |       xor|   0|  0|   2|           1|           2|
    |xor_ln58_29_fu_5414_p2     |       xor|   0|  0|   2|           1|           2|
    |xor_ln58_2_fu_4724_p2      |       xor|   0|  0|   2|           1|           1|
    |xor_ln58_30_fu_5426_p2     |       xor|   0|  0|   2|           1|           1|
    |xor_ln58_31_fu_5432_p2     |       xor|   0|  0|   2|           1|           2|
    |xor_ln58_32_fu_5502_p2     |       xor|   0|  0|   2|           1|           2|
    |xor_ln58_33_fu_5514_p2     |       xor|   0|  0|   2|           1|           2|
    |xor_ln58_34_fu_5526_p2     |       xor|   0|  0|   2|           1|           1|
    |xor_ln58_35_fu_5532_p2     |       xor|   0|  0|   2|           1|           2|
    |xor_ln58_36_fu_5602_p2     |       xor|   0|  0|   2|           1|           2|
    |xor_ln58_37_fu_5614_p2     |       xor|   0|  0|   2|           1|           2|
    |xor_ln58_38_fu_5626_p2     |       xor|   0|  0|   2|           1|           1|
    |xor_ln58_39_fu_5632_p2     |       xor|   0|  0|   2|           1|           2|
    |xor_ln58_3_fu_4730_p2      |       xor|   0|  0|   2|           1|           2|
    |xor_ln58_4_fu_4802_p2      |       xor|   0|  0|   2|           1|           2|
    |xor_ln58_5_fu_4814_p2      |       xor|   0|  0|   2|           1|           2|
    |xor_ln58_6_fu_4826_p2      |       xor|   0|  0|   2|           1|           1|
    |xor_ln58_7_fu_4832_p2      |       xor|   0|  0|   2|           1|           2|
    |xor_ln58_8_fu_4904_p2      |       xor|   0|  0|   2|           1|           2|
    |xor_ln58_9_fu_4916_p2      |       xor|   0|  0|   2|           1|           2|
    |xor_ln58_fu_4700_p2        |       xor|   0|  0|   2|           1|           2|
    +---------------------------+----------+----+---+----+------------+------------+
    |Total                      |          |   0|  0|2534|         994|        1564|
    +---------------------------+----------+----+---+----+------------+------------+

    * Multiplexer: 
    N/A

    * Register: 
    +------------------------------+----+----+-----+-----------+
    |             Name             | FF | LUT| Bits| Const Bits|
    +------------------------------+----+----+-----+-----------+
    |a_3_reg_5956                  |  13|   0|   13|          0|
    |a_4_reg_5961                  |  13|   0|   13|          0|
    |a_5_reg_5966                  |  13|   0|   13|          0|
    |add_ln42_1_reg_5757           |  13|   0|   13|          0|
    |add_ln42_2_reg_5798           |  13|   0|   13|          0|
    |add_ln42_3_reg_5839           |  13|   0|   13|          0|
    |add_ln42_4_reg_5880           |  13|   0|   13|          0|
    |add_ln42_5_reg_5921           |  13|   0|   13|          0|
    |add_ln42_reg_5716             |  13|   0|   13|          0|
    |and_ln42_15_reg_5809          |   1|   0|    1|          0|
    |and_ln42_1_reg_5727           |   1|   0|    1|          0|
    |and_ln42_22_reg_5850          |   1|   0|    1|          0|
    |and_ln42_29_reg_5891          |   1|   0|    1|          0|
    |and_ln42_36_reg_5932          |   1|   0|    1|          0|
    |and_ln42_8_reg_5768           |   1|   0|    1|          0|
    |data_108_val_int_reg          |  13|   0|   13|          0|
    |data_109_val_int_reg          |  13|   0|   13|          0|
    |data_110_val_int_reg          |  13|   0|   13|          0|
    |data_111_val_int_reg          |  13|   0|   13|          0|
    |data_112_val_int_reg          |  13|   0|   13|          0|
    |data_113_val_int_reg          |  13|   0|   13|          0|
    |data_114_val_int_reg          |  13|   0|   13|          0|
    |data_115_val_int_reg          |  13|   0|   13|          0|
    |data_116_val_int_reg          |  13|   0|   13|          0|
    |data_117_val_int_reg          |  13|   0|   13|          0|
    |data_118_val_int_reg          |  13|   0|   13|          0|
    |data_119_val_int_reg          |  13|   0|   13|          0|
    |data_120_val_int_reg          |  13|   0|   13|          0|
    |data_121_val_int_reg          |  13|   0|   13|          0|
    |data_122_val_int_reg          |  13|   0|   13|          0|
    |data_123_val_int_reg          |  13|   0|   13|          0|
    |data_124_val_int_reg          |  13|   0|   13|          0|
    |data_125_val_int_reg          |  13|   0|   13|          0|
    |data_126_val_int_reg          |  13|   0|   13|          0|
    |data_127_val_int_reg          |  13|   0|   13|          0|
    |data_128_val_int_reg          |  13|   0|   13|          0|
    |data_129_val_int_reg          |  13|   0|   13|          0|
    |data_130_val_int_reg          |  13|   0|   13|          0|
    |data_131_val_int_reg          |  13|   0|   13|          0|
    |data_132_val_int_reg          |  13|   0|   13|          0|
    |data_133_val_int_reg          |  13|   0|   13|          0|
    |data_134_val_int_reg          |  13|   0|   13|          0|
    |data_135_val_int_reg          |  13|   0|   13|          0|
    |data_136_val_int_reg          |  13|   0|   13|          0|
    |data_137_val_int_reg          |  13|   0|   13|          0|
    |data_138_val_int_reg          |  13|   0|   13|          0|
    |data_139_val_int_reg          |  13|   0|   13|          0|
    |data_140_val_int_reg          |  13|   0|   13|          0|
    |data_141_val_int_reg          |  13|   0|   13|          0|
    |data_142_val_int_reg          |  13|   0|   13|          0|
    |data_143_val_int_reg          |  13|   0|   13|          0|
    |icmp_ln42_10_reg_5821         |   1|   0|    1|          0|
    |icmp_ln42_11_reg_5828         |   1|   0|    1|          0|
    |icmp_ln42_13_reg_5857         |   1|   0|    1|          0|
    |icmp_ln42_14_reg_5862         |   1|   0|    1|          0|
    |icmp_ln42_15_reg_5869         |   1|   0|    1|          0|
    |icmp_ln42_17_reg_5898         |   1|   0|    1|          0|
    |icmp_ln42_18_reg_5903         |   1|   0|    1|          0|
    |icmp_ln42_19_reg_5910         |   1|   0|    1|          0|
    |icmp_ln42_1_reg_5734          |   1|   0|    1|          0|
    |icmp_ln42_21_reg_5939         |   1|   0|    1|          0|
    |icmp_ln42_22_reg_5944         |   1|   0|    1|          0|
    |icmp_ln42_23_reg_5951         |   1|   0|    1|          0|
    |icmp_ln42_2_reg_5739          |   1|   0|    1|          0|
    |icmp_ln42_3_reg_5746          |   1|   0|    1|          0|
    |icmp_ln42_5_reg_5775          |   1|   0|    1|          0|
    |icmp_ln42_6_reg_5780          |   1|   0|    1|          0|
    |icmp_ln42_7_reg_5787          |   1|   0|    1|          0|
    |icmp_ln42_9_reg_5816          |   1|   0|    1|          0|
    |idx_int_reg                   |   8|   0|    8|          0|
    |mul_ln73_1_reg_770            |  26|   0|   26|          0|
    |mul_ln73_2_reg_774            |  26|   0|   26|          0|
    |mul_ln73_3_reg_778            |  26|   0|   26|          0|
    |mul_ln73_4_reg_782            |  26|   0|   26|          0|
    |mul_ln73_5_reg_786            |  26|   0|   26|          0|
    |mul_ln73_reg_766              |  26|   0|   26|          0|
    |select_ln42_27_reg_5971       |  13|   0|   13|          0|
    |select_ln42_31_reg_5977       |  13|   0|   13|          0|
    |select_ln42_35_reg_5983       |  13|   0|   13|          0|
    |select_ln42_39_reg_5989       |  13|   0|   13|          0|
    |select_ln42_43_reg_5995       |  13|   0|   13|          0|
    |select_ln42_47_reg_6001       |  13|   0|   13|          0|
    |select_ln58_11_reg_6013       |  13|   0|   13|          0|
    |select_ln58_8_reg_6007        |  13|   0|   13|          0|
    |tmp_7658_reg_5721             |   1|   0|    1|          0|
    |tmp_7660_reg_5751             |   1|   0|    1|          0|
    |tmp_7664_reg_5762             |   1|   0|    1|          0|
    |tmp_7666_reg_5792             |   1|   0|    1|          0|
    |tmp_7670_reg_5803             |   1|   0|    1|          0|
    |tmp_7672_reg_5833             |   1|   0|    1|          0|
    |tmp_7676_reg_5844             |   1|   0|    1|          0|
    |tmp_7678_reg_5874             |   1|   0|    1|          0|
    |tmp_7682_reg_5885             |   1|   0|    1|          0|
    |tmp_7684_reg_5915             |   1|   0|    1|          0|
    |tmp_7688_reg_5926             |   1|   0|    1|          0|
    |tmp_reg_5710                  |   1|   0|    1|          0|
    |weights_36_val_int_reg        |  13|   0|   13|          0|
    |weights_37_val_int_reg        |  13|   0|   13|          0|
    |weights_38_val_int_reg        |  13|   0|   13|          0|
    |weights_39_val_int_reg        |  13|   0|   13|          0|
    |weights_40_val_int_reg        |  13|   0|   13|          0|
    |weights_41_val_int_reg        |  13|   0|   13|          0|
    |weights_42_val_int_reg        |  13|   0|   13|          0|
    |weights_42_val_read_reg_5705  |  13|   0|   13|          0|
    |weights_43_val_int_reg        |  13|   0|   13|          0|
    |weights_43_val_read_reg_5700  |  13|   0|   13|          0|
    |weights_44_val_int_reg        |  13|   0|   13|          0|
    |weights_44_val_read_reg_5695  |  13|   0|   13|          0|
    |weights_45_val_int_reg        |  13|   0|   13|          0|
    |weights_45_val_read_reg_5690  |  13|   0|   13|          0|
    |weights_46_val_int_reg        |  13|   0|   13|          0|
    |weights_46_val_read_reg_5685  |  13|   0|   13|          0|
    |weights_47_val_int_reg        |  13|   0|   13|          0|
    |weights_47_val_read_reg_5680  |  13|   0|   13|          0|
    +------------------------------+----+----+-----+-----------+
    |Total                         |1123|   0| 1123|          0|
    +------------------------------+----+----+-----+-----------+



================================================================
== Interface
================================================================
* Summary: 
+----------------+-----+-----+------------+------------------------------------------------------------------------------------+--------------+
|    RTL Ports   | Dir | Bits|  Protocol  |                                    Source Object                                   |    C Type    |
+----------------+-----+-----+------------+------------------------------------------------------------------------------------+--------------+
|ap_clk          |   in|    1|  ap_ctrl_hs|  dense_latency<ap_fixed<13, 4, 4, 0, 0>, ap_fixed<13, 4, 4, 0, 0>, config5_dense>.3|  return value|
|ap_rst          |   in|    1|  ap_ctrl_hs|  dense_latency<ap_fixed<13, 4, 4, 0, 0>, ap_fixed<13, 4, 4, 0, 0>, config5_dense>.3|  return value|
|ap_return_0     |  out|   13|  ap_ctrl_hs|  dense_latency<ap_fixed<13, 4, 4, 0, 0>, ap_fixed<13, 4, 4, 0, 0>, config5_dense>.3|  return value|
|ap_return_1     |  out|   13|  ap_ctrl_hs|  dense_latency<ap_fixed<13, 4, 4, 0, 0>, ap_fixed<13, 4, 4, 0, 0>, config5_dense>.3|  return value|
|ap_ce           |   in|    1|  ap_ctrl_hs|  dense_latency<ap_fixed<13, 4, 4, 0, 0>, ap_fixed<13, 4, 4, 0, 0>, config5_dense>.3|  return value|
|data_108_val    |   in|   13|     ap_none|                                                                        data_108_val|        scalar|
|data_109_val    |   in|   13|     ap_none|                                                                        data_109_val|        scalar|
|data_110_val    |   in|   13|     ap_none|                                                                        data_110_val|        scalar|
|data_111_val    |   in|   13|     ap_none|                                                                        data_111_val|        scalar|
|data_112_val    |   in|   13|     ap_none|                                                                        data_112_val|        scalar|
|data_113_val    |   in|   13|     ap_none|                                                                        data_113_val|        scalar|
|data_114_val    |   in|   13|     ap_none|                                                                        data_114_val|        scalar|
|data_115_val    |   in|   13|     ap_none|                                                                        data_115_val|        scalar|
|data_116_val    |   in|   13|     ap_none|                                                                        data_116_val|        scalar|
|data_117_val    |   in|   13|     ap_none|                                                                        data_117_val|        scalar|
|data_118_val    |   in|   13|     ap_none|                                                                        data_118_val|        scalar|
|data_119_val    |   in|   13|     ap_none|                                                                        data_119_val|        scalar|
|data_120_val    |   in|   13|     ap_none|                                                                        data_120_val|        scalar|
|data_121_val    |   in|   13|     ap_none|                                                                        data_121_val|        scalar|
|data_122_val    |   in|   13|     ap_none|                                                                        data_122_val|        scalar|
|data_123_val    |   in|   13|     ap_none|                                                                        data_123_val|        scalar|
|data_124_val    |   in|   13|     ap_none|                                                                        data_124_val|        scalar|
|data_125_val    |   in|   13|     ap_none|                                                                        data_125_val|        scalar|
|data_126_val    |   in|   13|     ap_none|                                                                        data_126_val|        scalar|
|data_127_val    |   in|   13|     ap_none|                                                                        data_127_val|        scalar|
|data_128_val    |   in|   13|     ap_none|                                                                        data_128_val|        scalar|
|data_129_val    |   in|   13|     ap_none|                                                                        data_129_val|        scalar|
|data_130_val    |   in|   13|     ap_none|                                                                        data_130_val|        scalar|
|data_131_val    |   in|   13|     ap_none|                                                                        data_131_val|        scalar|
|data_132_val    |   in|   13|     ap_none|                                                                        data_132_val|        scalar|
|data_133_val    |   in|   13|     ap_none|                                                                        data_133_val|        scalar|
|data_134_val    |   in|   13|     ap_none|                                                                        data_134_val|        scalar|
|data_135_val    |   in|   13|     ap_none|                                                                        data_135_val|        scalar|
|data_136_val    |   in|   13|     ap_none|                                                                        data_136_val|        scalar|
|data_137_val    |   in|   13|     ap_none|                                                                        data_137_val|        scalar|
|data_138_val    |   in|   13|     ap_none|                                                                        data_138_val|        scalar|
|data_139_val    |   in|   13|     ap_none|                                                                        data_139_val|        scalar|
|data_140_val    |   in|   13|     ap_none|                                                                        data_140_val|        scalar|
|data_141_val    |   in|   13|     ap_none|                                                                        data_141_val|        scalar|
|data_142_val    |   in|   13|     ap_none|                                                                        data_142_val|        scalar|
|data_143_val    |   in|   13|     ap_none|                                                                        data_143_val|        scalar|
|weights_36_val  |   in|   13|     ap_none|                                                                      weights_36_val|        scalar|
|weights_37_val  |   in|   13|     ap_none|                                                                      weights_37_val|        scalar|
|weights_38_val  |   in|   13|     ap_none|                                                                      weights_38_val|        scalar|
|weights_39_val  |   in|   13|     ap_none|                                                                      weights_39_val|        scalar|
|weights_40_val  |   in|   13|     ap_none|                                                                      weights_40_val|        scalar|
|weights_41_val  |   in|   13|     ap_none|                                                                      weights_41_val|        scalar|
|weights_42_val  |   in|   13|     ap_none|                                                                      weights_42_val|        scalar|
|weights_43_val  |   in|   13|     ap_none|                                                                      weights_43_val|        scalar|
|weights_44_val  |   in|   13|     ap_none|                                                                      weights_44_val|        scalar|
|weights_45_val  |   in|   13|     ap_none|                                                                      weights_45_val|        scalar|
|weights_46_val  |   in|   13|     ap_none|                                                                      weights_46_val|        scalar|
|weights_47_val  |   in|   13|     ap_none|                                                                      weights_47_val|        scalar|
|idx             |   in|    8|     ap_none|                                                                                 idx|        scalar|
+----------------+-----+-----+------------+------------------------------------------------------------------------------------+--------------+

