================================================================
== Design Size Report
================================================================

* Total Instructions per Compilation Phase
+---------------+-----------------------------+--------------+----------------------------------------------------------------------------------------+
| Phase         | Step                        | Instructions | Description                                                                            |
+---------------+-----------------------------+--------------+----------------------------------------------------------------------------------------+
| Compile/Link  |                             |  9,227       | After all functions are compiled and linked into a single design                       |
|               |                             |              |                                                                                        |
| Unroll/Inline |                             |              | After user unroll and inline pragmas are applied                                       |
|               | (1) unroll                  | 65,867       | user unroll pragmas are applied                                                        |
|               | (2) simplification          | 33,944       | simplification of applied user unroll pragmas                                          |
|               | (3) inline                  | 34,174       | user inline pragmas are applied                                                        |
|               | (4) simplification          | 31,723       | simplification of applied user inline pragmas                                          |
|               |                             |              |                                                                                        |
| Array/Struct  |                             |              | After user array partition and struct aggregate/disaggregate pragmas are applied       |
|               | (1) array partition         | 55,094       | user array partition pragmas are applied                                               |
|               | (2) simplification          | 31,632       | simplification of applied user array partition & struct aggregate/disaggregate pragmas |
|               | (3) aggregate/disaggregate  | 31,632       | user struct aggregate/disaggregate pragmas are applied                                 |
|               | (4) array reshape           | 31,632       | apply array reshape pragmas                                                            |
|               | (5) access patterns         | 31,632       | array access pattern optmizations                                                      |
|               |                             |              |                                                                                        |
| Performance   |                             |              | After transformations are applied to meet performance pragma targets                   |
|               | (1) loop simplification     | 31,472       | loop and instruction simplification                                                    |
|               | (2) parallelization         | 31,358       | loops are unrolled or pipelined to meet performance targets                            |
|               | (3) array partition         | 31,070       | arrays are partitioned to meet performance targets                                     |
|               | (4) simplification          | 31,070       | simplification of design after performance transformations                             |
|               |                             |              |                                                                                        |
| HW Transforms |                             |              | After hardware transfomations                                                          |
|               | (1) lowering                | 31,366       | initial conversion to HW specific instructions                                         |
|               | (2) optimizations           | 30,416       | high level synthesis optimizations                                                     |
+---------------+-----------------------------+--------------+----------------------------------------------------------------------------------------+

* Instructions per Function for each Compilation Phase
+-----------------------------------------+-------------------------+----------------+-------------------+-------------------+-------------------+-------------------+
| Function                                | Location                | Compile/Link   | Unroll/Inline     | Array/Struct      | Performance       | HW Transforms     |
+-----------------------------------------+-------------------------+----------------+-------------------+-------------------+-------------------+-------------------+
| + myproject                             | myproject.cpp:7         | 9,227          | 31,723            | 31,632            | 31,070            | 30,416            |
|  + hept<ap_fixed<13, 4, AP_RND_...      | nnet_hept.h:238         | 9,215          |                   |                   |                   |                   |
|   + transpose_qk<ap_fixed<13, 4,...     | nnet_hept.h:59          |   92 (2 calls) |                   |                   |                   |                   |
|    + transpose<ap_fixed<13, 4, AP...    | nnet_transpose.h:29     |   84 (2 calls) |                   |                   |                   |                   |
|       transfer_idx<config5_transpo...   | nnet_transpose.h:18     |   50 (2 calls) |                   |                   |                   |                   |
|   + transpose_v<ap_fixed<13, 4, ...     | nnet_hept.h:67          |   46           |                   |                   |                   |                   |
|    + transpose<ap_fixed<13, 4, AP...    | nnet_transpose.h:29     |   42           |                   |                   |                   |                   |
|       transfer_idx<config5_transpo...   | nnet_transpose.h:18     |   25           |                   |                   |                   |                   |
|   + pairwise_dist_sq_rbf<ap_fixe...     | nnet_hept.h:90          | 3,963          |                   |                   |                   |                   |
|      init_exp_table<config5, 1024...    | nnet_hept.h:82          |  422           |                   |                   |                   |                   |
|   + mask_and_normalize<ap_fixed<...     | nnet_hept.h:150         | 3,242          |                   |                   |                   |                   |
|      init_invert_table<config5, 1...    | nnet_hept.h:140         |  676           |                   |                   |                   |                   |
|   + bmm<ap_fixed<13, 4, AP_RND_C...     | nnet_hept.h:207         | 1,776          |                   |                   |                   |                   |
|      fill_zero<ap_fixed<13, 4, AP...    | nnet_helpers.h:304      |  755           |                   |                   |                   |                   |
|    + dense<ap_fixed<13, 4, AP_RND...    | nnet_dense.h:41         |  954           |                   |                   |                   |                   |
|     + dense                             | nnet_dense.h:50         |  952           |                   |                   |                   |                   |
|      + dense_latency<ap_fixed<13, 4...  | nnet_dense_latency.h:13 |  950           |                   |                   |                   |                   |
|         product                         | nnet_mult.h:70          |  141           |                   |                   |                   |                   |
|         cast<ap_fixed<13, 4, AP_RND_... | nnet_mult.h:110         |    3           |                   |                   |                   |                   |
|   + transpose_output<ap_fixed<13...     | nnet_hept.h:75          |   46           |                   |                   |                   |                   |
|    + transpose<ap_fixed<13, 4, AP...    | nnet_transpose.h:29     |   42           |                   |                   |                   |                   |
|       transfer_idx<config5_transpo...   | nnet_transpose.h:18     |   25           |                   |                   |                   |                   |
|  + transpose<ap_fixed<13, 4, AP...      | nnet_transpose.h:29     |                | 3,072 (2 calls)   | 2,882 (2 calls)   | 2,690 (2 calls)   | 2,690 (2 calls)   |
|     transfer_idx<config5_transpo...     | nnet_transpose.h:18     |                | 1,920 (192 calls) | 1,920 (192 calls) | 1,920 (192 calls) | 1,920 (192 calls) |
|  + transpose<ap_fixed<13, 4, AP...      | nnet_transpose.h:29     |                |   768             |   721             |   673             |   673             |
|     transfer_idx<config5_transpo...     | nnet_transpose.h:18     |                |   480 (48 calls)  |   480 (48 calls)  |   480 (48 calls)  |   480 (48 calls)  |
|    pairwise_dist_sq_rbf<ap_fixe...      | nnet_hept.h:90          |                | 15,262            | 15,057            | 14,865            | 14,865            |
|    mask_and_normalize<ap_fixed<...      | nnet_hept.h:150         |                | 2,406             | 2,369             | 2,345             | 2,345             |
|  + bmm<ap_fixed<13, 4, AP_RND_C...      | nnet_hept.h:207         |                | 9,392             | 8,298             | 7,672             | 7,680             |
|     dense_latency<ap_fixed<13, 4...     | nnet_dense_latency.h:13 |                | 9,208 (8 calls)   | 8,168 (8 calls)   | 7,560 (8 calls)   | 7,568 (8 calls)   |
|  + transpose<ap_fixed<13, 4, AP...      | nnet_transpose.h:29     |                |   768             |   721             |   673             |   673             |
|     transfer_idx<config5_transpo...     | nnet_transpose.h:18     |                |   480 (48 calls)  |   480 (48 calls)  |   480 (48 calls)  |   480 (48 calls)  |
+-----------------------------------------+-------------------------+----------------+-------------------+-------------------+-------------------+-------------------+

* Design Size Message Settings
+---------------------------------------------+--------+------------------------------------------------------------------+
| Message Setting                             | Value  | Description                                                      |
+---------------------------------------------+--------+------------------------------------------------------------------+
| config_compile -design_size_maximum_warning | 100000 | Show a warning when total design instructions exceeds this value |
+---------------------------------------------+--------+------------------------------------------------------------------+


