

================================================================
== Vitis HLS Report for 'dense_latency_ap_fixed_13_4_4_0_0_ap_fixed_13_4_4_0_0_config5_dense_2'
================================================================
* Date:           Tue Feb 11 01:20:15 2025

* Version:        2023.2 (Build 4023990 on Oct 11 2023)
* Project:        myproject_prj
* Solution:       solution1 (Vivado IP Flow Target)
* Product family: virtexuplus
* Target device:  xcvu13p-flga2577-2-e


================================================================
== Performance Estimates
================================================================
+ Timing: 
    * Summary: 
    +--------+---------+----------+------------+
    |  Clock |  Target | Estimated| Uncertainty|
    +--------+---------+----------+------------+
    |ap_clk  |  5.00 ns|  4.294 ns|     0.62 ns|
    +--------+---------+----------+------------+

+ Latency: 
    * Summary: 
    +---------+---------+----------+----------+-----+-----+---------+
    |  Latency (cycles) |  Latency (absolute) |  Interval | Pipeline|
    |   min   |   max   |    min   |    max   | min | max |   Type  |
    +---------+---------+----------+----------+-----+-----+---------+
    |        1|        1|  5.000 ns|  5.000 ns|    1|    1|      yes|
    +---------+---------+----------+----------+-----+-----+---------+

    + Detail: 
        * Instance: 
        N/A

        * Loop: 
        N/A



================================================================
== Utilization Estimates
================================================================
* Summary: 
+---------------------+---------+-------+---------+---------+------+
|         Name        | BRAM_18K|  DSP  |    FF   |   LUT   | URAM |
+---------------------+---------+-------+---------+---------+------+
|DSP                  |        -|      -|        -|        -|     -|
|Expression           |        -|      -|        0|     2154|     -|
|FIFO                 |        -|      -|        -|        -|     -|
|Instance             |        -|     12|        0|       76|     -|
|Memory               |        -|      -|        -|        -|     -|
|Multiplexer          |        -|      -|        -|        -|     -|
|Register             |        -|      -|      180|        -|     -|
+---------------------+---------+-------+---------+---------+------+
|Total                |        0|     12|      180|     2230|     0|
+---------------------+---------+-------+---------+---------+------+
|Available SLR        |     1344|   3072|   864000|   432000|   320|
+---------------------+---------+-------+---------+---------+------+
|Utilization SLR (%)  |        0|     ~0|       ~0|       ~0|     0|
+---------------------+---------+-------+---------+---------+------+
|Available            |     5376|  12288|  3456000|  1728000|  1280|
+---------------------+---------+-------+---------+---------+------+
|Utilization (%)      |        0|     ~0|       ~0|       ~0|     0|
+---------------------+---------+-------+---------+---------+------+

+ Detail: 
    * Instance: 
    +---------------------------+----------------------+---------+----+---+----+-----+
    |          Instance         |        Module        | BRAM_18K| DSP| FF| LUT| URAM|
    +---------------------------+----------------------+---------+----+---+----+-----+
    |mul_13s_13s_26_1_1_U507    |mul_13s_13s_26_1_1    |        0|   1|  0|   4|    0|
    |mul_13s_13s_26_1_1_U508    |mul_13s_13s_26_1_1    |        0|   1|  0|   4|    0|
    |mul_13s_13s_26_1_1_U509    |mul_13s_13s_26_1_1    |        0|   1|  0|   4|    0|
    |mul_13s_13s_26_1_1_U510    |mul_13s_13s_26_1_1    |        0|   1|  0|   4|    0|
    |mul_13s_13s_26_1_1_U511    |mul_13s_13s_26_1_1    |        0|   1|  0|   4|    0|
    |mul_13s_13s_26_1_1_U512    |mul_13s_13s_26_1_1    |        0|   1|  0|   4|    0|
    |mul_13s_13s_26_1_1_U513    |mul_13s_13s_26_1_1    |        0|   1|  0|   4|    0|
    |mul_13s_13s_26_1_1_U514    |mul_13s_13s_26_1_1    |        0|   1|  0|   4|    0|
    |mul_13s_13s_26_1_1_U515    |mul_13s_13s_26_1_1    |        0|   1|  0|   4|    0|
    |mul_13s_13s_26_1_1_U516    |mul_13s_13s_26_1_1    |        0|   1|  0|   4|    0|
    |mul_13s_13s_26_1_1_U517    |mul_13s_13s_26_1_1    |        0|   1|  0|   4|    0|
    |mul_13s_13s_26_1_1_U518    |mul_13s_13s_26_1_1    |        0|   1|  0|   4|    0|
    |sparsemux_7_4_13_1_1_U519  |sparsemux_7_4_13_1_1  |        0|   0|  0|  14|    0|
    |sparsemux_7_4_13_1_1_U520  |sparsemux_7_4_13_1_1  |        0|   0|  0|  14|    0|
    +---------------------------+----------------------+---------+----+---+----+-----+
    |Total                      |                      |        0|  12|  0|  76|    0|
    +---------------------------+----------------------+---------+----+---+----+-----+

    * DSP: 
    N/A

    * Memory: 
    N/A

    * FIFO: 
    N/A

    * Expression: 
    +---------------------------+----------+----+---+----+------------+------------+
    |       Variable Name       | Operation| DSP| FF| LUT| Bitwidth P0| Bitwidth P1|
    +---------------------------+----------+----+---+----+------------+------------+
    |add_ln42_12_fu_1061_p2     |         +|   0|  0|  20|          13|          13|
    |add_ln42_13_fu_1294_p2     |         +|   0|  0|  20|          13|          13|
    |add_ln42_14_fu_1527_p2     |         +|   0|  0|  20|          13|          13|
    |add_ln42_15_fu_1760_p2     |         +|   0|  0|  20|          13|          13|
    |add_ln42_16_fu_1993_p2     |         +|   0|  0|  20|          13|          13|
    |add_ln42_17_fu_2256_p2     |         +|   0|  0|  20|          13|          13|
    |add_ln42_18_fu_2489_p2     |         +|   0|  0|  20|          13|          13|
    |add_ln42_19_fu_2722_p2     |         +|   0|  0|  20|          13|          13|
    |add_ln42_20_fu_2955_p2     |         +|   0|  0|  20|          13|          13|
    |add_ln42_21_fu_3188_p2     |         +|   0|  0|  20|          13|          13|
    |add_ln42_22_fu_3421_p2     |         +|   0|  0|  20|          13|          13|
    |add_ln42_fu_828_p2         |         +|   0|  0|  20|          13|          13|
    |add_ln58_10_fu_4261_p2     |         +|   0|  0|  21|          14|          14|
    |add_ln58_12_fu_3745_p2     |         +|   0|  0|  20|          13|          13|
    |add_ln58_13_fu_3847_p2     |         +|   0|  0|  20|          13|          13|
    |add_ln58_14_fu_3949_p2     |         +|   0|  0|  20|          13|          13|
    |add_ln58_15_fu_4051_p2     |         +|   0|  0|  20|          13|          13|
    |add_ln58_16_fu_4153_p2     |         +|   0|  0|  20|          13|          13|
    |add_ln58_17_fu_4255_p2     |         +|   0|  0|  20|          13|          13|
    |add_ln58_6_fu_3853_p2      |         +|   0|  0|  21|          14|          14|
    |add_ln58_7_fu_3955_p2      |         +|   0|  0|  21|          14|          14|
    |add_ln58_8_fu_4057_p2      |         +|   0|  0|  21|          14|          14|
    |add_ln58_9_fu_4159_p2      |         +|   0|  0|  21|          14|          14|
    |add_ln58_fu_3751_p2        |         +|   0|  0|  21|          14|          14|
    |and_ln42_100_fu_1394_p2    |       and|   0|  0|   2|           1|           1|
    |and_ln42_101_fu_1418_p2    |       and|   0|  0|   2|           1|           1|
    |and_ln42_102_fu_1424_p2    |       and|   0|  0|   2|           1|           1|
    |and_ln42_103_fu_1442_p2    |       and|   0|  0|   2|           1|           1|
    |and_ln42_104_fu_1517_p2    |       and|   0|  0|   2|           1|           1|
    |and_ln42_105_fu_1547_p2    |       and|   0|  0|   2|           1|           1|
    |and_ln42_106_fu_1613_p2    |       and|   0|  0|   2|           1|           1|
    |and_ln42_107_fu_1627_p2    |       and|   0|  0|   2|           1|           1|
    |and_ln42_108_fu_1651_p2    |       and|   0|  0|   2|           1|           1|
    |and_ln42_109_fu_1657_p2    |       and|   0|  0|   2|           1|           1|
    |and_ln42_110_fu_1675_p2    |       and|   0|  0|   2|           1|           1|
    |and_ln42_111_fu_1750_p2    |       and|   0|  0|   2|           1|           1|
    |and_ln42_112_fu_1780_p2    |       and|   0|  0|   2|           1|           1|
    |and_ln42_113_fu_1846_p2    |       and|   0|  0|   2|           1|           1|
    |and_ln42_114_fu_1860_p2    |       and|   0|  0|   2|           1|           1|
    |and_ln42_115_fu_1884_p2    |       and|   0|  0|   2|           1|           1|
    |and_ln42_116_fu_1890_p2    |       and|   0|  0|   2|           1|           1|
    |and_ln42_117_fu_1908_p2    |       and|   0|  0|   2|           1|           1|
    |and_ln42_118_fu_1983_p2    |       and|   0|  0|   2|           1|           1|
    |and_ln42_119_fu_2013_p2    |       and|   0|  0|   2|           1|           1|
    |and_ln42_120_fu_2079_p2    |       and|   0|  0|   2|           1|           1|
    |and_ln42_121_fu_2093_p2    |       and|   0|  0|   2|           1|           1|
    |and_ln42_122_fu_2117_p2    |       and|   0|  0|   2|           1|           1|
    |and_ln42_123_fu_2123_p2    |       and|   0|  0|   2|           1|           1|
    |and_ln42_124_fu_2141_p2    |       and|   0|  0|   2|           1|           1|
    |and_ln42_125_fu_2246_p2    |       and|   0|  0|   2|           1|           1|
    |and_ln42_126_fu_2276_p2    |       and|   0|  0|   2|           1|           1|
    |and_ln42_127_fu_2342_p2    |       and|   0|  0|   2|           1|           1|
    |and_ln42_128_fu_2356_p2    |       and|   0|  0|   2|           1|           1|
    |and_ln42_129_fu_2380_p2    |       and|   0|  0|   2|           1|           1|
    |and_ln42_130_fu_2386_p2    |       and|   0|  0|   2|           1|           1|
    |and_ln42_131_fu_2404_p2    |       and|   0|  0|   2|           1|           1|
    |and_ln42_132_fu_2479_p2    |       and|   0|  0|   2|           1|           1|
    |and_ln42_133_fu_2509_p2    |       and|   0|  0|   2|           1|           1|
    |and_ln42_134_fu_2575_p2    |       and|   0|  0|   2|           1|           1|
    |and_ln42_135_fu_2589_p2    |       and|   0|  0|   2|           1|           1|
    |and_ln42_136_fu_2613_p2    |       and|   0|  0|   2|           1|           1|
    |and_ln42_137_fu_2619_p2    |       and|   0|  0|   2|           1|           1|
    |and_ln42_138_fu_2637_p2    |       and|   0|  0|   2|           1|           1|
    |and_ln42_139_fu_2712_p2    |       and|   0|  0|   2|           1|           1|
    |and_ln42_140_fu_2742_p2    |       and|   0|  0|   2|           1|           1|
    |and_ln42_141_fu_2808_p2    |       and|   0|  0|   2|           1|           1|
    |and_ln42_142_fu_2822_p2    |       and|   0|  0|   2|           1|           1|
    |and_ln42_143_fu_2846_p2    |       and|   0|  0|   2|           1|           1|
    |and_ln42_144_fu_2852_p2    |       and|   0|  0|   2|           1|           1|
    |and_ln42_145_fu_2870_p2    |       and|   0|  0|   2|           1|           1|
    |and_ln42_146_fu_2945_p2    |       and|   0|  0|   2|           1|           1|
    |and_ln42_147_fu_2975_p2    |       and|   0|  0|   2|           1|           1|
    |and_ln42_148_fu_3041_p2    |       and|   0|  0|   2|           1|           1|
    |and_ln42_149_fu_3055_p2    |       and|   0|  0|   2|           1|           1|
    |and_ln42_150_fu_3079_p2    |       and|   0|  0|   2|           1|           1|
    |and_ln42_151_fu_3085_p2    |       and|   0|  0|   2|           1|           1|
    |and_ln42_152_fu_3103_p2    |       and|   0|  0|   2|           1|           1|
    |and_ln42_153_fu_3178_p2    |       and|   0|  0|   2|           1|           1|
    |and_ln42_154_fu_3208_p2    |       and|   0|  0|   2|           1|           1|
    |and_ln42_155_fu_3274_p2    |       and|   0|  0|   2|           1|           1|
    |and_ln42_156_fu_3288_p2    |       and|   0|  0|   2|           1|           1|
    |and_ln42_157_fu_3312_p2    |       and|   0|  0|   2|           1|           1|
    |and_ln42_158_fu_3318_p2    |       and|   0|  0|   2|           1|           1|
    |and_ln42_159_fu_3336_p2    |       and|   0|  0|   2|           1|           1|
    |and_ln42_160_fu_3411_p2    |       and|   0|  0|   2|           1|           1|
    |and_ln42_161_fu_3441_p2    |       and|   0|  0|   2|           1|           1|
    |and_ln42_162_fu_3507_p2    |       and|   0|  0|   2|           1|           1|
    |and_ln42_163_fu_3521_p2    |       and|   0|  0|   2|           1|           1|
    |and_ln42_164_fu_3545_p2    |       and|   0|  0|   2|           1|           1|
    |and_ln42_165_fu_3551_p2    |       and|   0|  0|   2|           1|           1|
    |and_ln42_166_fu_3569_p2    |       and|   0|  0|   2|           1|           1|
    |and_ln42_84_fu_848_p2      |       and|   0|  0|   2|           1|           1|
    |and_ln42_85_fu_914_p2      |       and|   0|  0|   2|           1|           1|
    |and_ln42_86_fu_928_p2      |       and|   0|  0|   2|           1|           1|
    |and_ln42_87_fu_952_p2      |       and|   0|  0|   2|           1|           1|
    |and_ln42_88_fu_958_p2      |       and|   0|  0|   2|           1|           1|
    |and_ln42_89_fu_976_p2      |       and|   0|  0|   2|           1|           1|
    |and_ln42_90_fu_1051_p2     |       and|   0|  0|   2|           1|           1|
    |and_ln42_91_fu_1081_p2     |       and|   0|  0|   2|           1|           1|
    |and_ln42_92_fu_1147_p2     |       and|   0|  0|   2|           1|           1|
    |and_ln42_93_fu_1161_p2     |       and|   0|  0|   2|           1|           1|
    |and_ln42_94_fu_1185_p2     |       and|   0|  0|   2|           1|           1|
    |and_ln42_95_fu_1191_p2     |       and|   0|  0|   2|           1|           1|
    |and_ln42_96_fu_1209_p2     |       and|   0|  0|   2|           1|           1|
    |and_ln42_97_fu_1284_p2     |       and|   0|  0|   2|           1|           1|
    |and_ln42_98_fu_1314_p2     |       and|   0|  0|   2|           1|           1|
    |and_ln42_99_fu_1380_p2     |       and|   0|  0|   2|           1|           1|
    |and_ln42_fu_818_p2         |       and|   0|  0|   2|           1|           1|
    |and_ln58_12_fu_3791_p2     |       and|   0|  0|   2|           1|           1|
    |and_ln58_13_fu_3881_p2     |       and|   0|  0|   2|           1|           1|
    |and_ln58_14_fu_3893_p2     |       and|   0|  0|   2|           1|           1|
    |and_ln58_15_fu_3983_p2     |       and|   0|  0|   2|           1|           1|
    |and_ln58_16_fu_3995_p2     |       and|   0|  0|   2|           1|           1|
    |and_ln58_17_fu_4085_p2     |       and|   0|  0|   2|           1|           1|
    |and_ln58_18_fu_4097_p2     |       and|   0|  0|   2|           1|           1|
    |and_ln58_19_fu_4187_p2     |       and|   0|  0|   2|           1|           1|
    |and_ln58_20_fu_4199_p2     |       and|   0|  0|   2|           1|           1|
    |and_ln58_21_fu_4289_p2     |       and|   0|  0|   2|           1|           1|
    |and_ln58_22_fu_4301_p2     |       and|   0|  0|   2|           1|           1|
    |and_ln58_fu_3779_p2        |       and|   0|  0|   2|           1|           1|
    |icmp_ln42_48_fu_864_p2     |      icmp|   0|  0|  10|           3|           2|
    |icmp_ln42_49_fu_880_p2     |      icmp|   0|  0|  12|           4|           2|
    |icmp_ln42_50_fu_886_p2     |      icmp|   0|  0|  12|           4|           1|
    |icmp_ln42_51_fu_1031_p2    |      icmp|   0|  0|  15|           8|           1|
    |icmp_ln42_52_fu_1097_p2    |      icmp|   0|  0|  10|           3|           2|
    |icmp_ln42_53_fu_1113_p2    |      icmp|   0|  0|  12|           4|           2|
    |icmp_ln42_54_fu_1119_p2    |      icmp|   0|  0|  12|           4|           1|
    |icmp_ln42_55_fu_1264_p2    |      icmp|   0|  0|  15|           8|           1|
    |icmp_ln42_56_fu_1330_p2    |      icmp|   0|  0|  10|           3|           2|
    |icmp_ln42_57_fu_1346_p2    |      icmp|   0|  0|  12|           4|           2|
    |icmp_ln42_58_fu_1352_p2    |      icmp|   0|  0|  12|           4|           1|
    |icmp_ln42_59_fu_1497_p2    |      icmp|   0|  0|  15|           8|           1|
    |icmp_ln42_60_fu_1563_p2    |      icmp|   0|  0|  10|           3|           2|
    |icmp_ln42_61_fu_1579_p2    |      icmp|   0|  0|  12|           4|           2|
    |icmp_ln42_62_fu_1585_p2    |      icmp|   0|  0|  12|           4|           1|
    |icmp_ln42_63_fu_1730_p2    |      icmp|   0|  0|  15|           8|           1|
    |icmp_ln42_64_fu_1796_p2    |      icmp|   0|  0|  10|           3|           2|
    |icmp_ln42_65_fu_1812_p2    |      icmp|   0|  0|  12|           4|           2|
    |icmp_ln42_66_fu_1818_p2    |      icmp|   0|  0|  12|           4|           1|
    |icmp_ln42_67_fu_1963_p2    |      icmp|   0|  0|  15|           8|           1|
    |icmp_ln42_68_fu_2029_p2    |      icmp|   0|  0|  10|           3|           2|
    |icmp_ln42_69_fu_2045_p2    |      icmp|   0|  0|  12|           4|           2|
    |icmp_ln42_70_fu_2051_p2    |      icmp|   0|  0|  12|           4|           1|
    |icmp_ln42_71_fu_2226_p2    |      icmp|   0|  0|  15|           8|           1|
    |icmp_ln42_72_fu_2292_p2    |      icmp|   0|  0|  10|           3|           2|
    |icmp_ln42_73_fu_2308_p2    |      icmp|   0|  0|  12|           4|           2|
    |icmp_ln42_74_fu_2314_p2    |      icmp|   0|  0|  12|           4|           1|
    |icmp_ln42_75_fu_2459_p2    |      icmp|   0|  0|  15|           8|           1|
    |icmp_ln42_76_fu_2525_p2    |      icmp|   0|  0|  10|           3|           2|
    |icmp_ln42_77_fu_2541_p2    |      icmp|   0|  0|  12|           4|           2|
    |icmp_ln42_78_fu_2547_p2    |      icmp|   0|  0|  12|           4|           1|
    |icmp_ln42_79_fu_2692_p2    |      icmp|   0|  0|  15|           8|           1|
    |icmp_ln42_80_fu_2758_p2    |      icmp|   0|  0|  10|           3|           2|
    |icmp_ln42_81_fu_2774_p2    |      icmp|   0|  0|  12|           4|           2|
    |icmp_ln42_82_fu_2780_p2    |      icmp|   0|  0|  12|           4|           1|
    |icmp_ln42_83_fu_2925_p2    |      icmp|   0|  0|  15|           8|           1|
    |icmp_ln42_84_fu_2991_p2    |      icmp|   0|  0|  10|           3|           2|
    |icmp_ln42_85_fu_3007_p2    |      icmp|   0|  0|  12|           4|           2|
    |icmp_ln42_86_fu_3013_p2    |      icmp|   0|  0|  12|           4|           1|
    |icmp_ln42_87_fu_3158_p2    |      icmp|   0|  0|  15|           8|           1|
    |icmp_ln42_88_fu_3224_p2    |      icmp|   0|  0|  10|           3|           2|
    |icmp_ln42_89_fu_3240_p2    |      icmp|   0|  0|  12|           4|           2|
    |icmp_ln42_90_fu_3246_p2    |      icmp|   0|  0|  12|           4|           1|
    |icmp_ln42_91_fu_3391_p2    |      icmp|   0|  0|  15|           8|           1|
    |icmp_ln42_92_fu_3457_p2    |      icmp|   0|  0|  10|           3|           2|
    |icmp_ln42_93_fu_3473_p2    |      icmp|   0|  0|  12|           4|           2|
    |icmp_ln42_94_fu_3479_p2    |      icmp|   0|  0|  12|           4|           1|
    |icmp_ln42_fu_798_p2        |      icmp|   0|  0|  15|           8|           1|
    |or_ln42_36_fu_940_p2       |        or|   0|  0|   2|           1|           1|
    |or_ln42_37_fu_982_p2       |        or|   0|  0|   2|           1|           1|
    |or_ln42_38_fu_1045_p2      |        or|   0|  0|   2|           1|           1|
    |or_ln42_39_fu_1173_p2      |        or|   0|  0|   2|           1|           1|
    |or_ln42_40_fu_1215_p2      |        or|   0|  0|   2|           1|           1|
    |or_ln42_41_fu_1278_p2      |        or|   0|  0|   2|           1|           1|
    |or_ln42_42_fu_1406_p2      |        or|   0|  0|   2|           1|           1|
    |or_ln42_43_fu_1448_p2      |        or|   0|  0|   2|           1|           1|
    |or_ln42_44_fu_1511_p2      |        or|   0|  0|   2|           1|           1|
    |or_ln42_45_fu_1639_p2      |        or|   0|  0|   2|           1|           1|
    |or_ln42_46_fu_1681_p2      |        or|   0|  0|   2|           1|           1|
    |or_ln42_47_fu_1744_p2      |        or|   0|  0|   2|           1|           1|
    |or_ln42_48_fu_1872_p2      |        or|   0|  0|   2|           1|           1|
    |or_ln42_49_fu_1914_p2      |        or|   0|  0|   2|           1|           1|
    |or_ln42_50_fu_1977_p2      |        or|   0|  0|   2|           1|           1|
    |or_ln42_51_fu_2105_p2      |        or|   0|  0|   2|           1|           1|
    |or_ln42_52_fu_2147_p2      |        or|   0|  0|   2|           1|           1|
    |or_ln42_53_fu_2240_p2      |        or|   0|  0|   2|           1|           1|
    |or_ln42_54_fu_2368_p2      |        or|   0|  0|   2|           1|           1|
    |or_ln42_55_fu_2410_p2      |        or|   0|  0|   2|           1|           1|
    |or_ln42_56_fu_2473_p2      |        or|   0|  0|   2|           1|           1|
    |or_ln42_57_fu_2601_p2      |        or|   0|  0|   2|           1|           1|
    |or_ln42_58_fu_2643_p2      |        or|   0|  0|   2|           1|           1|
    |or_ln42_59_fu_2706_p2      |        or|   0|  0|   2|           1|           1|
    |or_ln42_60_fu_2834_p2      |        or|   0|  0|   2|           1|           1|
    |or_ln42_61_fu_2876_p2      |        or|   0|  0|   2|           1|           1|
    |or_ln42_62_fu_2939_p2      |        or|   0|  0|   2|           1|           1|
    |or_ln42_63_fu_3067_p2      |        or|   0|  0|   2|           1|           1|
    |or_ln42_64_fu_3109_p2      |        or|   0|  0|   2|           1|           1|
    |or_ln42_65_fu_3172_p2      |        or|   0|  0|   2|           1|           1|
    |or_ln42_66_fu_3300_p2      |        or|   0|  0|   2|           1|           1|
    |or_ln42_67_fu_3342_p2      |        or|   0|  0|   2|           1|           1|
    |or_ln42_68_fu_3405_p2      |        or|   0|  0|   2|           1|           1|
    |or_ln42_69_fu_3533_p2      |        or|   0|  0|   2|           1|           1|
    |or_ln42_70_fu_3575_p2      |        or|   0|  0|   2|           1|           1|
    |or_ln42_71_fu_964_p2       |        or|   0|  0|   2|           1|           1|
    |or_ln42_72_fu_1197_p2      |        or|   0|  0|   2|           1|           1|
    |or_ln42_73_fu_1430_p2      |        or|   0|  0|   2|           1|           1|
    |or_ln42_74_fu_1663_p2      |        or|   0|  0|   2|           1|           1|
    |or_ln42_75_fu_1896_p2      |        or|   0|  0|   2|           1|           1|
    |or_ln42_76_fu_2129_p2      |        or|   0|  0|   2|           1|           1|
    |or_ln42_77_fu_2392_p2      |        or|   0|  0|   2|           1|           1|
    |or_ln42_78_fu_2625_p2      |        or|   0|  0|   2|           1|           1|
    |or_ln42_79_fu_2858_p2      |        or|   0|  0|   2|           1|           1|
    |or_ln42_80_fu_3091_p2      |        or|   0|  0|   2|           1|           1|
    |or_ln42_81_fu_3324_p2      |        or|   0|  0|   2|           1|           1|
    |or_ln42_82_fu_3557_p2      |        or|   0|  0|   2|           1|           1|
    |or_ln42_fu_812_p2          |        or|   0|  0|   2|           1|           1|
    |or_ln58_10_fu_4319_p2      |        or|   0|  0|   2|           1|           1|
    |or_ln58_6_fu_3911_p2       |        or|   0|  0|   2|           1|           1|
    |or_ln58_7_fu_4013_p2       |        or|   0|  0|   2|           1|           1|
    |or_ln58_8_fu_4115_p2       |        or|   0|  0|   2|           1|           1|
    |or_ln58_9_fu_4217_p2       |        or|   0|  0|   2|           1|           1|
    |or_ln58_fu_3809_p2         |        or|   0|  0|   2|           1|           1|
    |select_ln42_48_fu_920_p3   |    select|   0|  0|   2|           1|           1|
    |select_ln42_49_fu_3581_p3  |    select|   0|  0|  14|           1|          12|
    |select_ln42_50_fu_3588_p3  |    select|   0|  0|  13|           1|          13|
    |select_ln42_51_fu_1125_p3  |    select|   0|  0|   2|           1|           1|
    |select_ln42_52_fu_1153_p3  |    select|   0|  0|   2|           1|           1|
    |select_ln42_53_fu_3594_p3  |    select|   0|  0|  14|           1|          12|
    |select_ln42_54_fu_3601_p3  |    select|   0|  0|  13|           1|          13|
    |select_ln42_55_fu_1358_p3  |    select|   0|  0|   2|           1|           1|
    |select_ln42_56_fu_1386_p3  |    select|   0|  0|   2|           1|           1|
    |select_ln42_57_fu_3607_p3  |    select|   0|  0|  14|           1|          12|
    |select_ln42_58_fu_3614_p3  |    select|   0|  0|  13|           1|          13|
    |select_ln42_59_fu_1591_p3  |    select|   0|  0|   2|           1|           1|
    |select_ln42_60_fu_1619_p3  |    select|   0|  0|   2|           1|           1|
    |select_ln42_61_fu_3620_p3  |    select|   0|  0|  14|           1|          12|
    |select_ln42_62_fu_3627_p3  |    select|   0|  0|  13|           1|          13|
    |select_ln42_63_fu_1824_p3  |    select|   0|  0|   2|           1|           1|
    |select_ln42_64_fu_1852_p3  |    select|   0|  0|   2|           1|           1|
    |select_ln42_65_fu_3633_p3  |    select|   0|  0|  14|           1|          12|
    |select_ln42_66_fu_3640_p3  |    select|   0|  0|  13|           1|          13|
    |select_ln42_67_fu_2057_p3  |    select|   0|  0|   2|           1|           1|
    |select_ln42_68_fu_2085_p3  |    select|   0|  0|   2|           1|           1|
    |select_ln42_69_fu_3646_p3  |    select|   0|  0|  14|           1|          12|
    |select_ln42_70_fu_3653_p3  |    select|   0|  0|  13|           1|          13|
    |select_ln42_71_fu_2320_p3  |    select|   0|  0|   2|           1|           1|
    |select_ln42_72_fu_2348_p3  |    select|   0|  0|   2|           1|           1|
    |select_ln42_73_fu_3659_p3  |    select|   0|  0|  14|           1|          12|
    |select_ln42_74_fu_3666_p3  |    select|   0|  0|  13|           1|          13|
    |select_ln42_75_fu_2553_p3  |    select|   0|  0|   2|           1|           1|
    |select_ln42_76_fu_2581_p3  |    select|   0|  0|   2|           1|           1|
    |select_ln42_77_fu_3672_p3  |    select|   0|  0|  14|           1|          12|
    |select_ln42_78_fu_3679_p3  |    select|   0|  0|  13|           1|          13|
    |select_ln42_79_fu_2786_p3  |    select|   0|  0|   2|           1|           1|
    |select_ln42_80_fu_2814_p3  |    select|   0|  0|   2|           1|           1|
    |select_ln42_81_fu_3685_p3  |    select|   0|  0|  14|           1|          12|
    |select_ln42_82_fu_3692_p3  |    select|   0|  0|  13|           1|          13|
    |select_ln42_83_fu_3019_p3  |    select|   0|  0|   2|           1|           1|
    |select_ln42_84_fu_3047_p3  |    select|   0|  0|   2|           1|           1|
    |select_ln42_85_fu_3698_p3  |    select|   0|  0|  14|           1|          12|
    |select_ln42_86_fu_3705_p3  |    select|   0|  0|  13|           1|          13|
    |select_ln42_87_fu_3252_p3  |    select|   0|  0|   2|           1|           1|
    |select_ln42_88_fu_3280_p3  |    select|   0|  0|   2|           1|           1|
    |select_ln42_89_fu_3711_p3  |    select|   0|  0|  14|           1|          12|
    |select_ln42_90_fu_3718_p3  |    select|   0|  0|  13|           1|          13|
    |select_ln42_91_fu_3485_p3  |    select|   0|  0|   2|           1|           1|
    |select_ln42_92_fu_3513_p3  |    select|   0|  0|   2|           1|           1|
    |select_ln42_93_fu_3724_p3  |    select|   0|  0|  14|           1|          12|
    |select_ln42_94_fu_3731_p3  |    select|   0|  0|  13|           1|          13|
    |select_ln42_fu_892_p3      |    select|   0|  0|   2|           1|           1|
    |select_ln58_18_fu_3823_p3  |    select|   0|  0|  14|           1|          14|
    |select_ln58_19_fu_3831_p3  |    select|   0|  0|  13|           1|          13|
    |select_ln58_20_fu_3917_p3  |    select|   0|  0|  13|           1|          12|
    |select_ln58_21_fu_3925_p3  |    select|   0|  0|  14|           1|          14|
    |select_ln58_22_fu_3933_p3  |    select|   0|  0|  13|           1|          13|
    |select_ln58_23_fu_4019_p3  |    select|   0|  0|  13|           1|          12|
    |select_ln58_24_fu_4027_p3  |    select|   0|  0|  14|           1|          14|
    |select_ln58_25_fu_4035_p3  |    select|   0|  0|  13|           1|          13|
    |select_ln58_26_fu_4121_p3  |    select|   0|  0|  13|           1|          12|
    |select_ln58_27_fu_4129_p3  |    select|   0|  0|  14|           1|          14|
    |select_ln58_28_fu_4137_p3  |    select|   0|  0|  13|           1|          13|
    |select_ln58_29_fu_4223_p3  |    select|   0|  0|  13|           1|          12|
    |select_ln58_30_fu_4231_p3  |    select|   0|  0|  14|           1|          14|
    |select_ln58_31_fu_4239_p3  |    select|   0|  0|  13|           1|          13|
    |select_ln58_32_fu_4325_p3  |    select|   0|  0|  13|           1|          12|
    |select_ln58_33_fu_4333_p3  |    select|   0|  0|  14|           1|          14|
    |select_ln58_34_fu_4341_p3  |    select|   0|  0|  13|           1|          13|
    |select_ln58_fu_3815_p3     |    select|   0|  0|  13|           1|          12|
    |xor_ln42_100_fu_2073_p2    |       xor|   0|  0|   2|           1|           2|
    |xor_ln42_101_fu_2336_p2    |       xor|   0|  0|   2|           1|           2|
    |xor_ln42_102_fu_2569_p2    |       xor|   0|  0|   2|           1|           2|
    |xor_ln42_103_fu_2802_p2    |       xor|   0|  0|   2|           1|           2|
    |xor_ln42_104_fu_3035_p2    |       xor|   0|  0|   2|           1|           2|
    |xor_ln42_105_fu_3268_p2    |       xor|   0|  0|   2|           1|           2|
    |xor_ln42_106_fu_3501_p2    |       xor|   0|  0|   2|           1|           2|
    |xor_ln42_48_fu_934_p2      |       xor|   0|  0|   2|           1|           2|
    |xor_ln42_49_fu_946_p2      |       xor|   0|  0|   2|           1|           2|
    |xor_ln42_50_fu_970_p2      |       xor|   0|  0|   2|           1|           2|
    |xor_ln42_51_fu_1075_p2     |       xor|   0|  0|   2|           1|           2|
    |xor_ln42_52_fu_1167_p2     |       xor|   0|  0|   2|           1|           2|
    |xor_ln42_53_fu_1179_p2     |       xor|   0|  0|   2|           1|           2|
    |xor_ln42_54_fu_1203_p2     |       xor|   0|  0|   2|           1|           2|
    |xor_ln42_55_fu_1308_p2     |       xor|   0|  0|   2|           1|           2|
    |xor_ln42_56_fu_1400_p2     |       xor|   0|  0|   2|           1|           2|
    |xor_ln42_57_fu_1412_p2     |       xor|   0|  0|   2|           1|           2|
    |xor_ln42_58_fu_1436_p2     |       xor|   0|  0|   2|           1|           2|
    |xor_ln42_59_fu_1541_p2     |       xor|   0|  0|   2|           1|           2|
    |xor_ln42_60_fu_1633_p2     |       xor|   0|  0|   2|           1|           2|
    |xor_ln42_61_fu_1645_p2     |       xor|   0|  0|   2|           1|           2|
    |xor_ln42_62_fu_1669_p2     |       xor|   0|  0|   2|           1|           2|
    |xor_ln42_63_fu_1774_p2     |       xor|   0|  0|   2|           1|           2|
    |xor_ln42_64_fu_1866_p2     |       xor|   0|  0|   2|           1|           2|
    |xor_ln42_65_fu_1878_p2     |       xor|   0|  0|   2|           1|           2|
    |xor_ln42_66_fu_1902_p2     |       xor|   0|  0|   2|           1|           2|
    |xor_ln42_67_fu_2007_p2     |       xor|   0|  0|   2|           1|           2|
    |xor_ln42_68_fu_2099_p2     |       xor|   0|  0|   2|           1|           2|
    |xor_ln42_69_fu_2111_p2     |       xor|   0|  0|   2|           1|           2|
    |xor_ln42_70_fu_2135_p2     |       xor|   0|  0|   2|           1|           2|
    |xor_ln42_71_fu_2270_p2     |       xor|   0|  0|   2|           1|           2|
    |xor_ln42_72_fu_2362_p2     |       xor|   0|  0|   2|           1|           2|
    |xor_ln42_73_fu_2374_p2     |       xor|   0|  0|   2|           1|           2|
    |xor_ln42_74_fu_2398_p2     |       xor|   0|  0|   2|           1|           2|
    |xor_ln42_75_fu_2503_p2     |       xor|   0|  0|   2|           1|           2|
    |xor_ln42_76_fu_2595_p2     |       xor|   0|  0|   2|           1|           2|
    |xor_ln42_77_fu_2607_p2     |       xor|   0|  0|   2|           1|           2|
    |xor_ln42_78_fu_2631_p2     |       xor|   0|  0|   2|           1|           2|
    |xor_ln42_79_fu_2736_p2     |       xor|   0|  0|   2|           1|           2|
    |xor_ln42_80_fu_2828_p2     |       xor|   0|  0|   2|           1|           2|
    |xor_ln42_81_fu_2840_p2     |       xor|   0|  0|   2|           1|           2|
    |xor_ln42_82_fu_2864_p2     |       xor|   0|  0|   2|           1|           2|
    |xor_ln42_83_fu_2969_p2     |       xor|   0|  0|   2|           1|           2|
    |xor_ln42_84_fu_3061_p2     |       xor|   0|  0|   2|           1|           2|
    |xor_ln42_85_fu_3073_p2     |       xor|   0|  0|   2|           1|           2|
    |xor_ln42_86_fu_3097_p2     |       xor|   0|  0|   2|           1|           2|
    |xor_ln42_87_fu_3202_p2     |       xor|   0|  0|   2|           1|           2|
    |xor_ln42_88_fu_3294_p2     |       xor|   0|  0|   2|           1|           2|
    |xor_ln42_89_fu_3306_p2     |       xor|   0|  0|   2|           1|           2|
    |xor_ln42_90_fu_3330_p2     |       xor|   0|  0|   2|           1|           2|
    |xor_ln42_91_fu_3435_p2     |       xor|   0|  0|   2|           1|           2|
    |xor_ln42_92_fu_3527_p2     |       xor|   0|  0|   2|           1|           2|
    |xor_ln42_93_fu_3539_p2     |       xor|   0|  0|   2|           1|           2|
    |xor_ln42_94_fu_3563_p2     |       xor|   0|  0|   2|           1|           2|
    |xor_ln42_95_fu_908_p2      |       xor|   0|  0|   2|           1|           2|
    |xor_ln42_96_fu_1141_p2     |       xor|   0|  0|   2|           1|           2|
    |xor_ln42_97_fu_1374_p2     |       xor|   0|  0|   2|           1|           2|
    |xor_ln42_98_fu_1607_p2     |       xor|   0|  0|   2|           1|           2|
    |xor_ln42_99_fu_1840_p2     |       xor|   0|  0|   2|           1|           2|
    |xor_ln42_fu_842_p2         |       xor|   0|  0|   2|           1|           2|
    |xor_ln58_24_fu_3785_p2     |       xor|   0|  0|   2|           1|           2|
    |xor_ln58_25_fu_3797_p2     |       xor|   0|  0|   2|           1|           1|
    |xor_ln58_26_fu_3803_p2     |       xor|   0|  0|   2|           1|           2|
    |xor_ln58_27_fu_3875_p2     |       xor|   0|  0|   2|           1|           2|
    |xor_ln58_28_fu_3887_p2     |       xor|   0|  0|   2|           1|           2|
    |xor_ln58_29_fu_3899_p2     |       xor|   0|  0|   2|           1|           1|
    |xor_ln58_30_fu_3905_p2     |       xor|   0|  0|   2|           1|           2|
    |xor_ln58_31_fu_3977_p2     |       xor|   0|  0|   2|           1|           2|
    |xor_ln58_32_fu_3989_p2     |       xor|   0|  0|   2|           1|           2|
    |xor_ln58_33_fu_4001_p2     |       xor|   0|  0|   2|           1|           1|
    |xor_ln58_34_fu_4007_p2     |       xor|   0|  0|   2|           1|           2|
    |xor_ln58_35_fu_4079_p2     |       xor|   0|  0|   2|           1|           2|
    |xor_ln58_36_fu_4091_p2     |       xor|   0|  0|   2|           1|           2|
    |xor_ln58_37_fu_4103_p2     |       xor|   0|  0|   2|           1|           1|
    |xor_ln58_38_fu_4109_p2     |       xor|   0|  0|   2|           1|           2|
    |xor_ln58_39_fu_4181_p2     |       xor|   0|  0|   2|           1|           2|
    |xor_ln58_40_fu_4193_p2     |       xor|   0|  0|   2|           1|           2|
    |xor_ln58_41_fu_4205_p2     |       xor|   0|  0|   2|           1|           1|
    |xor_ln58_42_fu_4211_p2     |       xor|   0|  0|   2|           1|           2|
    |xor_ln58_43_fu_4283_p2     |       xor|   0|  0|   2|           1|           2|
    |xor_ln58_44_fu_4295_p2     |       xor|   0|  0|   2|           1|           2|
    |xor_ln58_45_fu_4307_p2     |       xor|   0|  0|   2|           1|           1|
    |xor_ln58_46_fu_4313_p2     |       xor|   0|  0|   2|           1|           2|
    |xor_ln58_fu_3773_p2        |       xor|   0|  0|   2|           1|           2|
    +---------------------------+----------+----+---+----+------------+------------+
    |Total                      |          |   0|  0|2154|         846|        1260|
    +---------------------------+----------+----+---+----+------------+------------+

    * Multiplexer: 
    N/A

    * Register: 
    +-----------------------+----+----+-----+-----------+
    |          Name         | FF | LUT| Bits| Const Bits|
    +-----------------------+----+----+-----+-----------+
    |add_ln42_12_reg_4400   |  13|   0|   13|          0|
    |add_ln42_13_reg_4415   |  13|   0|   13|          0|
    |add_ln42_14_reg_4430   |  13|   0|   13|          0|
    |add_ln42_15_reg_4445   |  13|   0|   13|          0|
    |add_ln42_16_reg_4460   |  13|   0|   13|          0|
    |add_ln42_17_reg_4475   |  13|   0|   13|          0|
    |add_ln42_18_reg_4490   |  13|   0|   13|          0|
    |add_ln42_19_reg_4505   |  13|   0|   13|          0|
    |add_ln42_20_reg_4520   |  13|   0|   13|          0|
    |add_ln42_21_reg_4535   |  13|   0|   13|          0|
    |add_ln42_22_reg_4550   |  13|   0|   13|          0|
    |add_ln42_reg_4385      |  13|   0|   13|          0|
    |and_ln42_101_reg_4420  |   1|   0|    1|          0|
    |and_ln42_108_reg_4435  |   1|   0|    1|          0|
    |and_ln42_115_reg_4450  |   1|   0|    1|          0|
    |and_ln42_122_reg_4465  |   1|   0|    1|          0|
    |and_ln42_129_reg_4480  |   1|   0|    1|          0|
    |and_ln42_136_reg_4495  |   1|   0|    1|          0|
    |and_ln42_143_reg_4510  |   1|   0|    1|          0|
    |and_ln42_150_reg_4525  |   1|   0|    1|          0|
    |and_ln42_157_reg_4540  |   1|   0|    1|          0|
    |and_ln42_164_reg_4555  |   1|   0|    1|          0|
    |and_ln42_87_reg_4390   |   1|   0|    1|          0|
    |and_ln42_94_reg_4405   |   1|   0|    1|          0|
    |or_ln42_37_reg_4395    |   1|   0|    1|          0|
    |or_ln42_40_reg_4410    |   1|   0|    1|          0|
    |or_ln42_43_reg_4425    |   1|   0|    1|          0|
    |or_ln42_46_reg_4440    |   1|   0|    1|          0|
    |or_ln42_49_reg_4455    |   1|   0|    1|          0|
    |or_ln42_52_reg_4470    |   1|   0|    1|          0|
    |or_ln42_55_reg_4485    |   1|   0|    1|          0|
    |or_ln42_58_reg_4500    |   1|   0|    1|          0|
    |or_ln42_61_reg_4515    |   1|   0|    1|          0|
    |or_ln42_64_reg_4530    |   1|   0|    1|          0|
    |or_ln42_67_reg_4545    |   1|   0|    1|          0|
    |or_ln42_70_reg_4560    |   1|   0|    1|          0|
    +-----------------------+----+----+-----+-----------+
    |Total                  | 180|   0|  180|          0|
    +-----------------------+----+----+-----+-----------+



================================================================
== Interface
================================================================
* Summary: 
+----------------+-----+-----+------------+------------------------------------------------------------------------------------+--------------+
|    RTL Ports   | Dir | Bits|  Protocol  |                                    Source Object                                   |    C Type    |
+----------------+-----+-----+------------+------------------------------------------------------------------------------------+--------------+
|ap_clk          |   in|    1|  ap_ctrl_hs|  dense_latency<ap_fixed<13, 4, 4, 0, 0>, ap_fixed<13, 4, 4, 0, 0>, config5_dense>.2|  return value|
|ap_rst          |   in|    1|  ap_ctrl_hs|  dense_latency<ap_fixed<13, 4, 4, 0, 0>, ap_fixed<13, 4, 4, 0, 0>, config5_dense>.2|  return value|
|ap_return_0     |  out|   13|  ap_ctrl_hs|  dense_latency<ap_fixed<13, 4, 4, 0, 0>, ap_fixed<13, 4, 4, 0, 0>, config5_dense>.2|  return value|
|ap_return_1     |  out|   13|  ap_ctrl_hs|  dense_latency<ap_fixed<13, 4, 4, 0, 0>, ap_fixed<13, 4, 4, 0, 0>, config5_dense>.2|  return value|
|ap_return_2     |  out|   13|  ap_ctrl_hs|  dense_latency<ap_fixed<13, 4, 4, 0, 0>, ap_fixed<13, 4, 4, 0, 0>, config5_dense>.2|  return value|
|ap_return_3     |  out|   13|  ap_ctrl_hs|  dense_latency<ap_fixed<13, 4, 4, 0, 0>, ap_fixed<13, 4, 4, 0, 0>, config5_dense>.2|  return value|
|ap_return_4     |  out|   13|  ap_ctrl_hs|  dense_latency<ap_fixed<13, 4, 4, 0, 0>, ap_fixed<13, 4, 4, 0, 0>, config5_dense>.2|  return value|
|ap_return_5     |  out|   13|  ap_ctrl_hs|  dense_latency<ap_fixed<13, 4, 4, 0, 0>, ap_fixed<13, 4, 4, 0, 0>, config5_dense>.2|  return value|
|ap_ce           |   in|    1|  ap_ctrl_hs|  dense_latency<ap_fixed<13, 4, 4, 0, 0>, ap_fixed<13, 4, 4, 0, 0>, config5_dense>.2|  return value|
|data_8_val      |   in|   13|     ap_none|                                                                          data_8_val|        scalar|
|data_9_val      |   in|   13|     ap_none|                                                                          data_9_val|        scalar|
|data_10_val     |   in|   13|     ap_none|                                                                         data_10_val|        scalar|
|data_11_val     |   in|   13|     ap_none|                                                                         data_11_val|        scalar|
|weights_24_val  |   in|   13|     ap_none|                                                                      weights_24_val|        scalar|
|weights_25_val  |   in|   13|     ap_none|                                                                      weights_25_val|        scalar|
|weights_26_val  |   in|   13|     ap_none|                                                                      weights_26_val|        scalar|
|weights_27_val  |   in|   13|     ap_none|                                                                      weights_27_val|        scalar|
|weights_28_val  |   in|   13|     ap_none|                                                                      weights_28_val|        scalar|
|weights_29_val  |   in|   13|     ap_none|                                                                      weights_29_val|        scalar|
|weights_30_val  |   in|   13|     ap_none|                                                                      weights_30_val|        scalar|
|weights_31_val  |   in|   13|     ap_none|                                                                      weights_31_val|        scalar|
|weights_32_val  |   in|   13|     ap_none|                                                                      weights_32_val|        scalar|
|weights_33_val  |   in|   13|     ap_none|                                                                      weights_33_val|        scalar|
|weights_34_val  |   in|   13|     ap_none|                                                                      weights_34_val|        scalar|
|weights_35_val  |   in|   13|     ap_none|                                                                      weights_35_val|        scalar|
|idx             |   in|    4|     ap_none|                                                                                 idx|        scalar|
+----------------+-----+-----+------------+------------------------------------------------------------------------------------+--------------+

