

================================================================
== Vitis HLS Report for 'dense_latency_ap_fixed_13_4_4_0_0_ap_fixed_13_4_4_0_0_config5_dense_s'
================================================================
* Date:           Tue Feb 11 01:02:44 2025

* Version:        2023.2 (Build 4023990 on Oct 11 2023)
* Project:        myproject_prj
* Solution:       solution1 (Vivado IP Flow Target)
* Product family: virtexuplus
* Target device:  xcvu13p-flga2577-2-e


================================================================
== Performance Estimates
================================================================
+ Timing: 
    * Summary: 
    +--------+---------+----------+------------+
    |  Clock |  Target | Estimated| Uncertainty|
    +--------+---------+----------+------------+
    |ap_clk  |  5.00 ns|  4.294 ns|     0.62 ns|
    +--------+---------+----------+------------+

+ Latency: 
    * Summary: 
    +---------+---------+----------+----------+-----+-----+---------+
    |  Latency (cycles) |  Latency (absolute) |  Interval | Pipeline|
    |   min   |   max   |    min   |    max   | min | max |   Type  |
    +---------+---------+----------+----------+-----+-----+---------+
    |        1|        1|  5.000 ns|  5.000 ns|    1|    1|      yes|
    +---------+---------+----------+----------+-----+-----+---------+

    + Detail: 
        * Instance: 
        N/A

        * Loop: 
        N/A



================================================================
== Utilization Estimates
================================================================
* Summary: 
+---------------------+---------+-------+---------+---------+------+
|         Name        | BRAM_18K|  DSP  |    FF   |   LUT   | URAM |
+---------------------+---------+-------+---------+---------+------+
|DSP                  |        -|      -|        -|        -|     -|
|Expression           |        -|      -|        0|      718|     -|
|FIFO                 |        -|      -|        -|        -|     -|
|Instance             |        -|      4|        0|       44|     -|
|Memory               |        -|      -|        -|        -|     -|
|Multiplexer          |        -|      -|        -|       28|     -|
|Register             |        -|      -|       87|        -|     -|
+---------------------+---------+-------+---------+---------+------+
|Total                |        0|      4|       87|      790|     0|
+---------------------+---------+-------+---------+---------+------+
|Available SLR        |     1344|   3072|   864000|   432000|   320|
+---------------------+---------+-------+---------+---------+------+
|Utilization SLR (%)  |        0|     ~0|       ~0|       ~0|     0|
+---------------------+---------+-------+---------+---------+------+
|Available            |     5376|  12288|  3456000|  1728000|  1280|
+---------------------+---------+-------+---------+---------+------+
|Utilization (%)      |        0|     ~0|       ~0|       ~0|     0|
+---------------------+---------+-------+---------+---------+------+

+ Detail: 
    * Instance: 
    +---------------------------+----------------------+---------+----+---+----+-----+
    |          Instance         |        Module        | BRAM_18K| DSP| FF| LUT| URAM|
    +---------------------------+----------------------+---------+----+---+----+-----+
    |mul_13s_13s_26_1_1_U315    |mul_13s_13s_26_1_1    |        0|   1|  0|   4|    0|
    |mul_13s_13s_26_1_1_U316    |mul_13s_13s_26_1_1    |        0|   1|  0|   4|    0|
    |mul_13s_13s_26_1_1_U317    |mul_13s_13s_26_1_1    |        0|   1|  0|   4|    0|
    |mul_13s_13s_26_1_1_U318    |mul_13s_13s_26_1_1    |        0|   1|  0|   4|    0|
    |sparsemux_7_2_13_1_0_U319  |sparsemux_7_2_13_1_0  |        0|   0|  0|  14|    0|
    |sparsemux_7_2_13_1_0_U320  |sparsemux_7_2_13_1_0  |        0|   0|  0|  14|    0|
    +---------------------------+----------------------+---------+----+---+----+-----+
    |Total                      |                      |        0|   4|  0|  44|    0|
    +---------------------------+----------------------+---------+----+---+----+-----+

    * DSP: 
    N/A

    * Memory: 
    N/A

    * FIFO: 
    N/A

    * Expression: 
    +---------------------------+----------+----+---+----+------------+------------+
    |       Variable Name       | Operation| DSP| FF| LUT| Bitwidth P0| Bitwidth P1|
    +---------------------------+----------+----+---+----+------------+------------+
    |add_ln42_10_fu_553_p2      |         +|   0|  0|  20|          13|          13|
    |add_ln42_11_fu_812_p2      |         +|   0|  0|  20|          13|          13|
    |add_ln42_12_fu_1045_p2     |         +|   0|  0|  20|          13|          13|
    |add_ln42_fu_320_p2         |         +|   0|  0|  20|          13|          13|
    |add_ln58_4_fu_1373_p2      |         +|   0|  0|  21|          14|          14|
    |add_ln58_8_fu_1265_p2      |         +|   0|  0|  20|          13|          13|
    |add_ln58_9_fu_1367_p2      |         +|   0|  0|  20|          13|          13|
    |add_ln58_fu_1271_p2        |         +|   0|  0|  21|          14|          14|
    |and_ln42_100_fu_942_p2     |       and|   0|  0|   2|           1|           1|
    |and_ln42_101_fu_960_p2     |       and|   0|  0|   2|           1|           1|
    |and_ln42_102_fu_1035_p2    |       and|   0|  0|   2|           1|           1|
    |and_ln42_103_fu_1065_p2    |       and|   0|  0|   2|           1|           1|
    |and_ln42_104_fu_1131_p2    |       and|   0|  0|   2|           1|           1|
    |and_ln42_105_fu_1145_p2    |       and|   0|  0|   2|           1|           1|
    |and_ln42_106_fu_1169_p2    |       and|   0|  0|   2|           1|           1|
    |and_ln42_107_fu_1175_p2    |       and|   0|  0|   2|           1|           1|
    |and_ln42_108_fu_1193_p2    |       and|   0|  0|   2|           1|           1|
    |and_ln42_82_fu_340_p2      |       and|   0|  0|   2|           1|           1|
    |and_ln42_83_fu_406_p2      |       and|   0|  0|   2|           1|           1|
    |and_ln42_84_fu_420_p2      |       and|   0|  0|   2|           1|           1|
    |and_ln42_85_fu_444_p2      |       and|   0|  0|   2|           1|           1|
    |and_ln42_86_fu_450_p2      |       and|   0|  0|   2|           1|           1|
    |and_ln42_87_fu_468_p2      |       and|   0|  0|   2|           1|           1|
    |and_ln42_88_fu_543_p2      |       and|   0|  0|   2|           1|           1|
    |and_ln42_89_fu_573_p2      |       and|   0|  0|   2|           1|           1|
    |and_ln42_90_fu_639_p2      |       and|   0|  0|   2|           1|           1|
    |and_ln42_91_fu_653_p2      |       and|   0|  0|   2|           1|           1|
    |and_ln42_92_fu_677_p2      |       and|   0|  0|   2|           1|           1|
    |and_ln42_93_fu_683_p2      |       and|   0|  0|   2|           1|           1|
    |and_ln42_94_fu_701_p2      |       and|   0|  0|   2|           1|           1|
    |and_ln42_95_fu_802_p2      |       and|   0|  0|   2|           1|           1|
    |and_ln42_96_fu_832_p2      |       and|   0|  0|   2|           1|           1|
    |and_ln42_97_fu_898_p2      |       and|   0|  0|   2|           1|           1|
    |and_ln42_98_fu_912_p2      |       and|   0|  0|   2|           1|           1|
    |and_ln42_99_fu_936_p2      |       and|   0|  0|   2|           1|           1|
    |and_ln42_fu_310_p2         |       and|   0|  0|   2|           1|           1|
    |and_ln58_10_fu_1311_p2     |       and|   0|  0|   2|           1|           1|
    |and_ln58_11_fu_1401_p2     |       and|   0|  0|   2|           1|           1|
    |and_ln58_12_fu_1413_p2     |       and|   0|  0|   2|           1|           1|
    |and_ln58_fu_1299_p2        |       and|   0|  0|   2|           1|           1|
    |icmp_ln42_46_fu_356_p2     |      icmp|   0|  0|  10|           3|           2|
    |icmp_ln42_47_fu_372_p2     |      icmp|   0|  0|  12|           4|           2|
    |icmp_ln42_48_fu_378_p2     |      icmp|   0|  0|  12|           4|           1|
    |icmp_ln42_49_fu_523_p2     |      icmp|   0|  0|  15|           8|           1|
    |icmp_ln42_50_fu_589_p2     |      icmp|   0|  0|  10|           3|           2|
    |icmp_ln42_51_fu_605_p2     |      icmp|   0|  0|  12|           4|           2|
    |icmp_ln42_52_fu_611_p2     |      icmp|   0|  0|  12|           4|           1|
    |icmp_ln42_53_fu_782_p2     |      icmp|   0|  0|  15|           8|           1|
    |icmp_ln42_54_fu_848_p2     |      icmp|   0|  0|  10|           3|           2|
    |icmp_ln42_55_fu_864_p2     |      icmp|   0|  0|  12|           4|           2|
    |icmp_ln42_56_fu_870_p2     |      icmp|   0|  0|  12|           4|           1|
    |icmp_ln42_57_fu_1015_p2    |      icmp|   0|  0|  15|           8|           1|
    |icmp_ln42_58_fu_1081_p2    |      icmp|   0|  0|  10|           3|           2|
    |icmp_ln42_59_fu_1097_p2    |      icmp|   0|  0|  12|           4|           2|
    |icmp_ln42_60_fu_1103_p2    |      icmp|   0|  0|  12|           4|           1|
    |icmp_ln42_fu_290_p2        |      icmp|   0|  0|  15|           8|           1|
    |or_ln42_34_fu_432_p2       |        or|   0|  0|   2|           1|           1|
    |or_ln42_35_fu_474_p2       |        or|   0|  0|   2|           1|           1|
    |or_ln42_36_fu_537_p2       |        or|   0|  0|   2|           1|           1|
    |or_ln42_37_fu_665_p2       |        or|   0|  0|   2|           1|           1|
    |or_ln42_38_fu_707_p2       |        or|   0|  0|   2|           1|           1|
    |or_ln42_39_fu_796_p2       |        or|   0|  0|   2|           1|           1|
    |or_ln42_40_fu_924_p2       |        or|   0|  0|   2|           1|           1|
    |or_ln42_41_fu_966_p2       |        or|   0|  0|   2|           1|           1|
    |or_ln42_42_fu_1029_p2      |        or|   0|  0|   2|           1|           1|
    |or_ln42_43_fu_1157_p2      |        or|   0|  0|   2|           1|           1|
    |or_ln42_44_fu_1199_p2      |        or|   0|  0|   2|           1|           1|
    |or_ln42_45_fu_456_p2       |        or|   0|  0|   2|           1|           1|
    |or_ln42_46_fu_689_p2       |        or|   0|  0|   2|           1|           1|
    |or_ln42_47_fu_948_p2       |        or|   0|  0|   2|           1|           1|
    |or_ln42_48_fu_1181_p2      |        or|   0|  0|   2|           1|           1|
    |or_ln42_fu_304_p2          |        or|   0|  0|   2|           1|           1|
    |or_ln58_4_fu_1431_p2       |        or|   0|  0|   2|           1|           1|
    |or_ln58_fu_1329_p2         |        or|   0|  0|   2|           1|           1|
    |select_ln42_46_fu_412_p3   |    select|   0|  0|   2|           1|           1|
    |select_ln42_47_fu_1205_p3  |    select|   0|  0|  14|           1|          12|
    |select_ln42_48_fu_1212_p3  |    select|   0|  0|  13|           1|          13|
    |select_ln42_49_fu_617_p3   |    select|   0|  0|   2|           1|           1|
    |select_ln42_50_fu_645_p3   |    select|   0|  0|   2|           1|           1|
    |select_ln42_51_fu_1218_p3  |    select|   0|  0|  14|           1|          12|
    |select_ln42_52_fu_1225_p3  |    select|   0|  0|  13|           1|          13|
    |select_ln42_53_fu_876_p3   |    select|   0|  0|   2|           1|           1|
    |select_ln42_54_fu_904_p3   |    select|   0|  0|   2|           1|           1|
    |select_ln42_55_fu_1231_p3  |    select|   0|  0|  14|           1|          12|
    |select_ln42_56_fu_1238_p3  |    select|   0|  0|  13|           1|          13|
    |select_ln42_57_fu_1109_p3  |    select|   0|  0|   2|           1|           1|
    |select_ln42_58_fu_1137_p3  |    select|   0|  0|   2|           1|           1|
    |select_ln42_59_fu_1244_p3  |    select|   0|  0|  14|           1|          12|
    |select_ln42_60_fu_1251_p3  |    select|   0|  0|  13|           1|          13|
    |select_ln42_fu_384_p3      |    select|   0|  0|   2|           1|           1|
    |select_ln58_16_fu_1343_p3  |    select|   0|  0|  14|           1|          14|
    |select_ln58_17_fu_1351_p3  |    select|   0|  0|  13|           1|          13|
    |select_ln58_18_fu_1437_p3  |    select|   0|  0|  13|           1|          12|
    |select_ln58_19_fu_1445_p3  |    select|   0|  0|  14|           1|          14|
    |select_ln58_20_fu_1453_p3  |    select|   0|  0|  13|           1|          13|
    |select_ln58_fu_1335_p3     |    select|   0|  0|  13|           1|          12|
    |xor_ln42_46_fu_426_p2      |       xor|   0|  0|   2|           1|           2|
    |xor_ln42_47_fu_438_p2      |       xor|   0|  0|   2|           1|           2|
    |xor_ln42_48_fu_462_p2      |       xor|   0|  0|   2|           1|           2|
    |xor_ln42_49_fu_567_p2      |       xor|   0|  0|   2|           1|           2|
    |xor_ln42_50_fu_659_p2      |       xor|   0|  0|   2|           1|           2|
    |xor_ln42_51_fu_671_p2      |       xor|   0|  0|   2|           1|           2|
    |xor_ln42_52_fu_695_p2      |       xor|   0|  0|   2|           1|           2|
    |xor_ln42_53_fu_826_p2      |       xor|   0|  0|   2|           1|           2|
    |xor_ln42_54_fu_918_p2      |       xor|   0|  0|   2|           1|           2|
    |xor_ln42_55_fu_930_p2      |       xor|   0|  0|   2|           1|           2|
    |xor_ln42_56_fu_954_p2      |       xor|   0|  0|   2|           1|           2|
    |xor_ln42_57_fu_1059_p2     |       xor|   0|  0|   2|           1|           2|
    |xor_ln42_58_fu_1151_p2     |       xor|   0|  0|   2|           1|           2|
    |xor_ln42_59_fu_1163_p2     |       xor|   0|  0|   2|           1|           2|
    |xor_ln42_60_fu_1187_p2     |       xor|   0|  0|   2|           1|           2|
    |xor_ln42_61_fu_400_p2      |       xor|   0|  0|   2|           1|           2|
    |xor_ln42_62_fu_633_p2      |       xor|   0|  0|   2|           1|           2|
    |xor_ln42_63_fu_892_p2      |       xor|   0|  0|   2|           1|           2|
    |xor_ln42_64_fu_1125_p2     |       xor|   0|  0|   2|           1|           2|
    |xor_ln42_fu_334_p2         |       xor|   0|  0|   2|           1|           2|
    |xor_ln58_22_fu_1305_p2     |       xor|   0|  0|   2|           1|           2|
    |xor_ln58_23_fu_1317_p2     |       xor|   0|  0|   2|           1|           1|
    |xor_ln58_24_fu_1323_p2     |       xor|   0|  0|   2|           1|           2|
    |xor_ln58_25_fu_1395_p2     |       xor|   0|  0|   2|           1|           2|
    |xor_ln58_26_fu_1407_p2     |       xor|   0|  0|   2|           1|           2|
    |xor_ln58_27_fu_1419_p2     |       xor|   0|  0|   2|           1|           1|
    |xor_ln58_28_fu_1425_p2     |       xor|   0|  0|   2|           1|           2|
    |xor_ln58_fu_1293_p2        |       xor|   0|  0|   2|           1|           2|
    +---------------------------+----------+----+---+----+------------+------------+
    |Total                      |          |   0|  0| 718|         282|         420|
    +---------------------------+----------+----+---+----+------------+------------+

    * Multiplexer: 
    +-------------+----+-----------+-----+-----------+
    |     Name    | LUT| Input Size| Bits| Total Bits|
    +-------------+----+-----------+-----+-----------+
    |ap_return_0  |  14|          3|   13|         39|
    |ap_return_1  |  14|          3|   13|         39|
    +-------------+----+-----------+-----+-----------+
    |Total        |  28|          6|   26|         78|
    +-------------+----+-----------+-----+-----------+

    * Register: 
    +-----------------------+----+----+-----+-----------+
    |          Name         | FF | LUT| Bits| Const Bits|
    +-----------------------+----+----+-----+-----------+
    |add_ln42_10_reg_1488   |  13|   0|   13|          0|
    |add_ln42_11_reg_1503   |  13|   0|   13|          0|
    |add_ln42_12_reg_1518   |  13|   0|   13|          0|
    |add_ln42_reg_1473      |  13|   0|   13|          0|
    |and_ln42_106_reg_1523  |   1|   0|    1|          0|
    |and_ln42_85_reg_1478   |   1|   0|    1|          0|
    |and_ln42_92_reg_1493   |   1|   0|    1|          0|
    |and_ln42_99_reg_1508   |   1|   0|    1|          0|
    |ap_ce_reg              |   1|   0|    1|          0|
    |ap_return_0_int_reg    |  13|   0|   13|          0|
    |ap_return_1_int_reg    |  13|   0|   13|          0|
    |or_ln42_35_reg_1483    |   1|   0|    1|          0|
    |or_ln42_38_reg_1498    |   1|   0|    1|          0|
    |or_ln42_41_reg_1513    |   1|   0|    1|          0|
    |or_ln42_44_reg_1528    |   1|   0|    1|          0|
    +-----------------------+----+----+-----+-----------+
    |Total                  |  87|   0|   87|          0|
    +-----------------------+----+----+-----+-----------+



================================================================
== Interface
================================================================
* Summary: 
+---------------+-----+-----+------------+----------------------------------------------------------------------------------+--------------+
|   RTL Ports   | Dir | Bits|  Protocol  |                                   Source Object                                  |    C Type    |
+---------------+-----+-----+------------+----------------------------------------------------------------------------------+--------------+
|ap_clk         |   in|    1|  ap_ctrl_hs|  dense_latency<ap_fixed<13, 4, 4, 0, 0>, ap_fixed<13, 4, 4, 0, 0>, config5_dense>|  return value|
|ap_rst         |   in|    1|  ap_ctrl_hs|  dense_latency<ap_fixed<13, 4, 4, 0, 0>, ap_fixed<13, 4, 4, 0, 0>, config5_dense>|  return value|
|ap_return_0    |  out|   13|  ap_ctrl_hs|  dense_latency<ap_fixed<13, 4, 4, 0, 0>, ap_fixed<13, 4, 4, 0, 0>, config5_dense>|  return value|
|ap_return_1    |  out|   13|  ap_ctrl_hs|  dense_latency<ap_fixed<13, 4, 4, 0, 0>, ap_fixed<13, 4, 4, 0, 0>, config5_dense>|  return value|
|ap_ce          |   in|    1|  ap_ctrl_hs|  dense_latency<ap_fixed<13, 4, 4, 0, 0>, ap_fixed<13, 4, 4, 0, 0>, config5_dense>|  return value|
|data_0_val     |   in|   13|     ap_none|                                                                        data_0_val|        scalar|
|data_1_val     |   in|   13|     ap_none|                                                                        data_1_val|        scalar|
|data_2_val     |   in|   13|     ap_none|                                                                        data_2_val|        scalar|
|data_3_val     |   in|   13|     ap_none|                                                                        data_3_val|        scalar|
|weights_0_val  |   in|   13|     ap_none|                                                                     weights_0_val|        scalar|
|weights_1_val  |   in|   13|     ap_none|                                                                     weights_1_val|        scalar|
|weights_2_val  |   in|   13|     ap_none|                                                                     weights_2_val|        scalar|
|weights_3_val  |   in|   13|     ap_none|                                                                     weights_3_val|        scalar|
|idx            |   in|    2|     ap_none|                                                                               idx|        scalar|
+---------------+-----+-----+------------+----------------------------------------------------------------------------------+--------------+

