

================================================================
== Vitis HLS Report for 'dense_latency_ap_fixed_13_4_4_0_0_ap_fixed_13_4_4_0_0_config5_dense_3'
================================================================
* Date:           Mon Feb 10 03:10:57 2025

* Version:        2023.2 (Build 4023990 on Oct 11 2023)
* Project:        myproject_prj
* Solution:       solution1 (Vivado IP Flow Target)
* Product family: virtexuplus
* Target device:  xcvu13p-flga2577-2-e


================================================================
== Performance Estimates
================================================================
+ Timing: 
    * Summary: 
    +--------+---------+----------+------------+
    |  Clock |  Target | Estimated| Uncertainty|
    +--------+---------+----------+------------+
    |ap_clk  |  5.00 ns|  4.339 ns|     0.62 ns|
    +--------+---------+----------+------------+

+ Latency: 
    * Summary: 
    +---------+---------+-----------+-----------+-----+-----+---------+
    |  Latency (cycles) |   Latency (absolute)  |  Interval | Pipeline|
    |   min   |   max   |    min    |    max    | min | max |   Type  |
    +---------+---------+-----------+-----------+-----+-----+---------+
    |        2|        2|  10.000 ns|  10.000 ns|    1|    1|      yes|
    +---------+---------+-----------+-----------+-----+-----+---------+

    + Detail: 
        * Instance: 
        N/A

        * Loop: 
        N/A



================================================================
== Utilization Estimates
================================================================
* Summary: 
+---------------------+---------+-------+---------+---------+------+
|         Name        | BRAM_18K|  DSP  |    FF   |   LUT   | URAM |
+---------------------+---------+-------+---------+---------+------+
|DSP                  |        -|      -|        -|        -|     -|
|Expression           |        -|      -|        0|     3252|     -|
|FIFO                 |        -|      -|        -|        -|     -|
|Instance             |        -|     16|        0|      324|     -|
|Memory               |        -|      -|        -|        -|     -|
|Multiplexer          |        -|      -|        -|        -|     -|
|Register             |        -|      -|      769|        -|     -|
+---------------------+---------+-------+---------+---------+------+
|Total                |        0|     16|      769|     3576|     0|
+---------------------+---------+-------+---------+---------+------+
|Available SLR        |     1344|   3072|   864000|   432000|   320|
+---------------------+---------+-------+---------+---------+------+
|Utilization SLR (%)  |        0|     ~0|       ~0|       ~0|     0|
+---------------------+---------+-------+---------+---------+------+
|Available            |     5376|  12288|  3456000|  1728000|  1280|
+---------------------+---------+-------+---------+---------+------+
|Utilization (%)      |        0|     ~0|       ~0|       ~0|     0|
+---------------------+---------+-------+---------+---------+------+

+ Detail: 
    * Instance: 
    +-----------------------------+-----------------------+---------+----+---+----+-----+
    |           Instance          |         Module        | BRAM_18K| DSP| FF| LUT| URAM|
    +-----------------------------+-----------------------+---------+----+---+----+-----+
    |mul_13s_13s_26_1_1_U1169     |mul_13s_13s_26_1_1     |        0|   1|  0|   4|    0|
    |mul_13s_13s_26_1_1_U1170     |mul_13s_13s_26_1_1     |        0|   1|  0|   4|    0|
    |mul_13s_13s_26_1_1_U1171     |mul_13s_13s_26_1_1     |        0|   1|  0|   4|    0|
    |mul_13s_13s_26_1_1_U1172     |mul_13s_13s_26_1_1     |        0|   1|  0|   4|    0|
    |mul_13s_13s_26_1_1_U1173     |mul_13s_13s_26_1_1     |        0|   1|  0|   4|    0|
    |mul_13s_13s_26_1_1_U1174     |mul_13s_13s_26_1_1     |        0|   1|  0|   4|    0|
    |mul_13s_13s_26_1_1_U1175     |mul_13s_13s_26_1_1     |        0|   1|  0|   4|    0|
    |mul_13s_13s_26_1_1_U1176     |mul_13s_13s_26_1_1     |        0|   1|  0|   4|    0|
    |mul_13s_13s_26_1_1_U1177     |mul_13s_13s_26_1_1     |        0|   1|  0|   4|    0|
    |mul_13s_13s_26_1_1_U1178     |mul_13s_13s_26_1_1     |        0|   1|  0|   4|    0|
    |mul_13s_13s_26_1_1_U1179     |mul_13s_13s_26_1_1     |        0|   1|  0|   4|    0|
    |mul_13s_13s_26_1_1_U1180     |mul_13s_13s_26_1_1     |        0|   1|  0|   4|    0|
    |mul_13s_13s_26_1_1_U1181     |mul_13s_13s_26_1_1     |        0|   1|  0|   4|    0|
    |mul_13s_13s_26_1_1_U1182     |mul_13s_13s_26_1_1     |        0|   1|  0|   4|    0|
    |mul_13s_13s_26_1_1_U1183     |mul_13s_13s_26_1_1     |        0|   1|  0|   4|    0|
    |mul_13s_13s_26_1_1_U1184     |mul_13s_13s_26_1_1     |        0|   1|  0|   4|    0|
    |sparsemux_27_5_13_1_1_U1185  |sparsemux_27_5_13_1_1  |        0|   0|  0|  65|    0|
    |sparsemux_27_5_13_1_1_U1186  |sparsemux_27_5_13_1_1  |        0|   0|  0|  65|    0|
    |sparsemux_27_5_13_1_1_U1187  |sparsemux_27_5_13_1_1  |        0|   0|  0|  65|    0|
    |sparsemux_27_5_13_1_1_U1188  |sparsemux_27_5_13_1_1  |        0|   0|  0|  65|    0|
    +-----------------------------+-----------------------+---------+----+---+----+-----+
    |Total                        |                       |        0|  16|  0| 324|    0|
    +-----------------------------+-----------------------+---------+----+---+----+-----+

    * DSP: 
    N/A

    * Memory: 
    N/A

    * FIFO: 
    N/A

    * Expression: 
    +---------------------------+----------+----+---+----+------------+------------+
    |       Variable Name       | Operation| DSP| FF| LUT| Bitwidth P0| Bitwidth P1|
    +---------------------------+----------+----+---+----+------------+------------+
    |add_ln42_10_fu_3544_p2     |         +|   0|  0|  20|          13|          13|
    |add_ln42_11_fu_3747_p2     |         +|   0|  0|  20|          13|          13|
    |add_ln42_12_fu_4018_p2     |         +|   0|  0|  20|          13|          13|
    |add_ln42_13_fu_4221_p2     |         +|   0|  0|  20|          13|          13|
    |add_ln42_14_fu_4424_p2     |         +|   0|  0|  20|          13|          13|
    |add_ln42_15_fu_4627_p2     |         +|   0|  0|  20|          13|          13|
    |add_ln42_1_fu_1581_p2      |         +|   0|  0|  20|          13|          13|
    |add_ln42_2_fu_1784_p2      |         +|   0|  0|  20|          13|          13|
    |add_ln42_3_fu_1987_p2      |         +|   0|  0|  20|          13|          13|
    |add_ln42_4_fu_2258_p2      |         +|   0|  0|  20|          13|          13|
    |add_ln42_5_fu_2461_p2      |         +|   0|  0|  20|          13|          13|
    |add_ln42_6_fu_2664_p2      |         +|   0|  0|  20|          13|          13|
    |add_ln42_7_fu_2867_p2      |         +|   0|  0|  20|          13|          13|
    |add_ln42_8_fu_3138_p2      |         +|   0|  0|  20|          13|          13|
    |add_ln42_9_fu_3341_p2      |         +|   0|  0|  20|          13|          13|
    |add_ln42_fu_1378_p2        |         +|   0|  0|  20|          13|          13|
    |add_ln58_10_fu_6283_p2     |         +|   0|  0|  21|          14|          14|
    |add_ln58_11_fu_6319_p2     |         +|   0|  0|  21|          14|          14|
    |add_ln58_12_fu_5389_p2     |         +|   0|  0|  20|          13|          13|
    |add_ln58_13_fu_5491_p2     |         +|   0|  0|  20|          13|          13|
    |add_ln58_14_fu_5593_p2     |         +|   0|  0|  20|          13|          13|
    |add_ln58_15_fu_5695_p2     |         +|   0|  0|  20|          13|          13|
    |add_ln58_16_fu_5797_p2     |         +|   0|  0|  20|          13|          13|
    |add_ln58_17_fu_5899_p2     |         +|   0|  0|  20|          13|          13|
    |add_ln58_18_fu_6001_p2     |         +|   0|  0|  20|          13|          13|
    |add_ln58_19_fu_6103_p2     |         +|   0|  0|  20|          13|          13|
    |add_ln58_1_fu_5497_p2      |         +|   0|  0|  21|          14|          14|
    |add_ln58_20_fu_6205_p2     |         +|   0|  0|  20|          13|          13|
    |add_ln58_21_fu_6241_p2     |         +|   0|  0|  20|          13|          13|
    |add_ln58_22_fu_6277_p2     |         +|   0|  0|  20|          13|          13|
    |add_ln58_23_fu_6313_p2     |         +|   0|  0|  20|          13|          13|
    |add_ln58_2_fu_5599_p2      |         +|   0|  0|  21|          14|          14|
    |add_ln58_3_fu_5701_p2      |         +|   0|  0|  21|          14|          14|
    |add_ln58_4_fu_5803_p2      |         +|   0|  0|  21|          14|          14|
    |add_ln58_5_fu_5905_p2      |         +|   0|  0|  21|          14|          14|
    |add_ln58_6_fu_6007_p2      |         +|   0|  0|  21|          14|          14|
    |add_ln58_7_fu_6109_p2      |         +|   0|  0|  21|          14|          14|
    |add_ln58_8_fu_6211_p2      |         +|   0|  0|  21|          14|          14|
    |add_ln58_9_fu_6247_p2      |         +|   0|  0|  21|          14|          14|
    |add_ln58_fu_5395_p2        |         +|   0|  0|  21|          14|          14|
    |and_ln42_100_fu_4510_p2    |       and|   0|  0|   2|           1|           1|
    |and_ln42_101_fu_5303_p2    |       and|   0|  0|   2|           1|           1|
    |and_ln42_102_fu_4542_p2    |       and|   0|  0|   2|           1|           1|
    |and_ln42_103_fu_4548_p2    |       and|   0|  0|   2|           1|           1|
    |and_ln42_104_fu_5318_p2    |       and|   0|  0|   2|           1|           1|
    |and_ln42_105_fu_4617_p2    |       and|   0|  0|   2|           1|           1|
    |and_ln42_106_fu_4647_p2    |       and|   0|  0|   2|           1|           1|
    |and_ln42_107_fu_4713_p2    |       and|   0|  0|   2|           1|           1|
    |and_ln42_108_fu_5342_p2    |       and|   0|  0|   2|           1|           1|
    |and_ln42_109_fu_4745_p2    |       and|   0|  0|   2|           1|           1|
    |and_ln42_10_fu_4796_p2     |       and|   0|  0|   2|           1|           1|
    |and_ln42_110_fu_4751_p2    |       and|   0|  0|   2|           1|           1|
    |and_ln42_111_fu_5357_p2    |       and|   0|  0|   2|           1|           1|
    |and_ln42_11_fu_1699_p2     |       and|   0|  0|   2|           1|           1|
    |and_ln42_12_fu_1705_p2     |       and|   0|  0|   2|           1|           1|
    |and_ln42_13_fu_4811_p2     |       and|   0|  0|   2|           1|           1|
    |and_ln42_14_fu_1774_p2     |       and|   0|  0|   2|           1|           1|
    |and_ln42_15_fu_1804_p2     |       and|   0|  0|   2|           1|           1|
    |and_ln42_16_fu_1870_p2     |       and|   0|  0|   2|           1|           1|
    |and_ln42_17_fu_4835_p2     |       and|   0|  0|   2|           1|           1|
    |and_ln42_18_fu_1902_p2     |       and|   0|  0|   2|           1|           1|
    |and_ln42_19_fu_1908_p2     |       and|   0|  0|   2|           1|           1|
    |and_ln42_1_fu_1398_p2      |       and|   0|  0|   2|           1|           1|
    |and_ln42_20_fu_4850_p2     |       and|   0|  0|   2|           1|           1|
    |and_ln42_21_fu_1977_p2     |       and|   0|  0|   2|           1|           1|
    |and_ln42_22_fu_2007_p2     |       and|   0|  0|   2|           1|           1|
    |and_ln42_23_fu_2073_p2     |       and|   0|  0|   2|           1|           1|
    |and_ln42_24_fu_4874_p2     |       and|   0|  0|   2|           1|           1|
    |and_ln42_25_fu_2105_p2     |       and|   0|  0|   2|           1|           1|
    |and_ln42_26_fu_2111_p2     |       and|   0|  0|   2|           1|           1|
    |and_ln42_27_fu_4889_p2     |       and|   0|  0|   2|           1|           1|
    |and_ln42_28_fu_2248_p2     |       and|   0|  0|   2|           1|           1|
    |and_ln42_29_fu_2278_p2     |       and|   0|  0|   2|           1|           1|
    |and_ln42_2_fu_1464_p2      |       and|   0|  0|   2|           1|           1|
    |and_ln42_30_fu_2344_p2     |       and|   0|  0|   2|           1|           1|
    |and_ln42_31_fu_4913_p2     |       and|   0|  0|   2|           1|           1|
    |and_ln42_32_fu_2376_p2     |       and|   0|  0|   2|           1|           1|
    |and_ln42_33_fu_2382_p2     |       and|   0|  0|   2|           1|           1|
    |and_ln42_34_fu_4928_p2     |       and|   0|  0|   2|           1|           1|
    |and_ln42_35_fu_2451_p2     |       and|   0|  0|   2|           1|           1|
    |and_ln42_36_fu_2481_p2     |       and|   0|  0|   2|           1|           1|
    |and_ln42_37_fu_2547_p2     |       and|   0|  0|   2|           1|           1|
    |and_ln42_38_fu_4952_p2     |       and|   0|  0|   2|           1|           1|
    |and_ln42_39_fu_2579_p2     |       and|   0|  0|   2|           1|           1|
    |and_ln42_3_fu_4757_p2      |       and|   0|  0|   2|           1|           1|
    |and_ln42_40_fu_2585_p2     |       and|   0|  0|   2|           1|           1|
    |and_ln42_41_fu_4967_p2     |       and|   0|  0|   2|           1|           1|
    |and_ln42_42_fu_2654_p2     |       and|   0|  0|   2|           1|           1|
    |and_ln42_43_fu_2684_p2     |       and|   0|  0|   2|           1|           1|
    |and_ln42_44_fu_2750_p2     |       and|   0|  0|   2|           1|           1|
    |and_ln42_45_fu_4991_p2     |       and|   0|  0|   2|           1|           1|
    |and_ln42_46_fu_2782_p2     |       and|   0|  0|   2|           1|           1|
    |and_ln42_47_fu_2788_p2     |       and|   0|  0|   2|           1|           1|
    |and_ln42_48_fu_5006_p2     |       and|   0|  0|   2|           1|           1|
    |and_ln42_49_fu_2857_p2     |       and|   0|  0|   2|           1|           1|
    |and_ln42_4_fu_1496_p2      |       and|   0|  0|   2|           1|           1|
    |and_ln42_50_fu_2887_p2     |       and|   0|  0|   2|           1|           1|
    |and_ln42_51_fu_2953_p2     |       and|   0|  0|   2|           1|           1|
    |and_ln42_52_fu_5030_p2     |       and|   0|  0|   2|           1|           1|
    |and_ln42_53_fu_2985_p2     |       and|   0|  0|   2|           1|           1|
    |and_ln42_54_fu_2991_p2     |       and|   0|  0|   2|           1|           1|
    |and_ln42_55_fu_5045_p2     |       and|   0|  0|   2|           1|           1|
    |and_ln42_56_fu_3128_p2     |       and|   0|  0|   2|           1|           1|
    |and_ln42_57_fu_3158_p2     |       and|   0|  0|   2|           1|           1|
    |and_ln42_58_fu_3224_p2     |       and|   0|  0|   2|           1|           1|
    |and_ln42_59_fu_5069_p2     |       and|   0|  0|   2|           1|           1|
    |and_ln42_5_fu_1502_p2      |       and|   0|  0|   2|           1|           1|
    |and_ln42_60_fu_3256_p2     |       and|   0|  0|   2|           1|           1|
    |and_ln42_61_fu_3262_p2     |       and|   0|  0|   2|           1|           1|
    |and_ln42_62_fu_5084_p2     |       and|   0|  0|   2|           1|           1|
    |and_ln42_63_fu_3331_p2     |       and|   0|  0|   2|           1|           1|
    |and_ln42_64_fu_3361_p2     |       and|   0|  0|   2|           1|           1|
    |and_ln42_65_fu_3427_p2     |       and|   0|  0|   2|           1|           1|
    |and_ln42_66_fu_5108_p2     |       and|   0|  0|   2|           1|           1|
    |and_ln42_67_fu_3459_p2     |       and|   0|  0|   2|           1|           1|
    |and_ln42_68_fu_3465_p2     |       and|   0|  0|   2|           1|           1|
    |and_ln42_69_fu_5123_p2     |       and|   0|  0|   2|           1|           1|
    |and_ln42_6_fu_4772_p2      |       and|   0|  0|   2|           1|           1|
    |and_ln42_70_fu_3534_p2     |       and|   0|  0|   2|           1|           1|
    |and_ln42_71_fu_3564_p2     |       and|   0|  0|   2|           1|           1|
    |and_ln42_72_fu_3630_p2     |       and|   0|  0|   2|           1|           1|
    |and_ln42_73_fu_5147_p2     |       and|   0|  0|   2|           1|           1|
    |and_ln42_74_fu_3662_p2     |       and|   0|  0|   2|           1|           1|
    |and_ln42_75_fu_3668_p2     |       and|   0|  0|   2|           1|           1|
    |and_ln42_76_fu_5162_p2     |       and|   0|  0|   2|           1|           1|
    |and_ln42_77_fu_3737_p2     |       and|   0|  0|   2|           1|           1|
    |and_ln42_78_fu_3767_p2     |       and|   0|  0|   2|           1|           1|
    |and_ln42_79_fu_3833_p2     |       and|   0|  0|   2|           1|           1|
    |and_ln42_7_fu_1571_p2      |       and|   0|  0|   2|           1|           1|
    |and_ln42_80_fu_5186_p2     |       and|   0|  0|   2|           1|           1|
    |and_ln42_81_fu_3865_p2     |       and|   0|  0|   2|           1|           1|
    |and_ln42_82_fu_3871_p2     |       and|   0|  0|   2|           1|           1|
    |and_ln42_83_fu_5201_p2     |       and|   0|  0|   2|           1|           1|
    |and_ln42_84_fu_4008_p2     |       and|   0|  0|   2|           1|           1|
    |and_ln42_85_fu_4038_p2     |       and|   0|  0|   2|           1|           1|
    |and_ln42_86_fu_4104_p2     |       and|   0|  0|   2|           1|           1|
    |and_ln42_87_fu_5225_p2     |       and|   0|  0|   2|           1|           1|
    |and_ln42_88_fu_4136_p2     |       and|   0|  0|   2|           1|           1|
    |and_ln42_89_fu_4142_p2     |       and|   0|  0|   2|           1|           1|
    |and_ln42_8_fu_1601_p2      |       and|   0|  0|   2|           1|           1|
    |and_ln42_90_fu_5240_p2     |       and|   0|  0|   2|           1|           1|
    |and_ln42_91_fu_4211_p2     |       and|   0|  0|   2|           1|           1|
    |and_ln42_92_fu_4241_p2     |       and|   0|  0|   2|           1|           1|
    |and_ln42_93_fu_4307_p2     |       and|   0|  0|   2|           1|           1|
    |and_ln42_94_fu_5264_p2     |       and|   0|  0|   2|           1|           1|
    |and_ln42_95_fu_4339_p2     |       and|   0|  0|   2|           1|           1|
    |and_ln42_96_fu_4345_p2     |       and|   0|  0|   2|           1|           1|
    |and_ln42_97_fu_5279_p2     |       and|   0|  0|   2|           1|           1|
    |and_ln42_98_fu_4414_p2     |       and|   0|  0|   2|           1|           1|
    |and_ln42_99_fu_4444_p2     |       and|   0|  0|   2|           1|           1|
    |and_ln42_9_fu_1667_p2      |       and|   0|  0|   2|           1|           1|
    |and_ln42_fu_1368_p2        |       and|   0|  0|   2|           1|           1|
    |and_ln58_10_fu_5933_p2     |       and|   0|  0|   2|           1|           1|
    |and_ln58_11_fu_5945_p2     |       and|   0|  0|   2|           1|           1|
    |and_ln58_12_fu_6035_p2     |       and|   0|  0|   2|           1|           1|
    |and_ln58_13_fu_6047_p2     |       and|   0|  0|   2|           1|           1|
    |and_ln58_14_fu_6137_p2     |       and|   0|  0|   2|           1|           1|
    |and_ln58_15_fu_6149_p2     |       and|   0|  0|   2|           1|           1|
    |and_ln58_16_fu_6346_p2     |       and|   0|  0|   2|           1|           1|
    |and_ln58_17_fu_6356_p2     |       and|   0|  0|   2|           1|           1|
    |and_ln58_18_fu_6404_p2     |       and|   0|  0|   2|           1|           1|
    |and_ln58_19_fu_6414_p2     |       and|   0|  0|   2|           1|           1|
    |and_ln58_1_fu_5435_p2      |       and|   0|  0|   2|           1|           1|
    |and_ln58_20_fu_6462_p2     |       and|   0|  0|   2|           1|           1|
    |and_ln58_21_fu_6472_p2     |       and|   0|  0|   2|           1|           1|
    |and_ln58_22_fu_6520_p2     |       and|   0|  0|   2|           1|           1|
    |and_ln58_23_fu_6530_p2     |       and|   0|  0|   2|           1|           1|
    |and_ln58_2_fu_5525_p2      |       and|   0|  0|   2|           1|           1|
    |and_ln58_3_fu_5537_p2      |       and|   0|  0|   2|           1|           1|
    |and_ln58_4_fu_5627_p2      |       and|   0|  0|   2|           1|           1|
    |and_ln58_5_fu_5639_p2      |       and|   0|  0|   2|           1|           1|
    |and_ln58_6_fu_5729_p2      |       and|   0|  0|   2|           1|           1|
    |and_ln58_7_fu_5741_p2      |       and|   0|  0|   2|           1|           1|
    |and_ln58_8_fu_5831_p2      |       and|   0|  0|   2|           1|           1|
    |and_ln58_9_fu_5843_p2      |       and|   0|  0|   2|           1|           1|
    |and_ln58_fu_5423_p2        |       and|   0|  0|   2|           1|           1|
    |icmp_ln42_10_fu_1836_p2    |      icmp|   0|  0|  12|           4|           2|
    |icmp_ln42_11_fu_1842_p2    |      icmp|   0|  0|  12|           4|           1|
    |icmp_ln42_12_fu_1957_p2    |      icmp|   0|  0|  15|           8|           1|
    |icmp_ln42_13_fu_2023_p2    |      icmp|   0|  0|  10|           3|           2|
    |icmp_ln42_14_fu_2039_p2    |      icmp|   0|  0|  12|           4|           2|
    |icmp_ln42_15_fu_2045_p2    |      icmp|   0|  0|  12|           4|           1|
    |icmp_ln42_16_fu_2228_p2    |      icmp|   0|  0|  15|           8|           1|
    |icmp_ln42_17_fu_2294_p2    |      icmp|   0|  0|  10|           3|           2|
    |icmp_ln42_18_fu_2310_p2    |      icmp|   0|  0|  12|           4|           2|
    |icmp_ln42_19_fu_2316_p2    |      icmp|   0|  0|  12|           4|           1|
    |icmp_ln42_1_fu_1414_p2     |      icmp|   0|  0|  10|           3|           2|
    |icmp_ln42_20_fu_2431_p2    |      icmp|   0|  0|  15|           8|           1|
    |icmp_ln42_21_fu_2497_p2    |      icmp|   0|  0|  10|           3|           2|
    |icmp_ln42_22_fu_2513_p2    |      icmp|   0|  0|  12|           4|           2|
    |icmp_ln42_23_fu_2519_p2    |      icmp|   0|  0|  12|           4|           1|
    |icmp_ln42_24_fu_2634_p2    |      icmp|   0|  0|  15|           8|           1|
    |icmp_ln42_25_fu_2700_p2    |      icmp|   0|  0|  10|           3|           2|
    |icmp_ln42_26_fu_2716_p2    |      icmp|   0|  0|  12|           4|           2|
    |icmp_ln42_27_fu_2722_p2    |      icmp|   0|  0|  12|           4|           1|
    |icmp_ln42_28_fu_2837_p2    |      icmp|   0|  0|  15|           8|           1|
    |icmp_ln42_29_fu_2903_p2    |      icmp|   0|  0|  10|           3|           2|
    |icmp_ln42_2_fu_1430_p2     |      icmp|   0|  0|  12|           4|           2|
    |icmp_ln42_30_fu_2919_p2    |      icmp|   0|  0|  12|           4|           2|
    |icmp_ln42_31_fu_2925_p2    |      icmp|   0|  0|  12|           4|           1|
    |icmp_ln42_32_fu_3108_p2    |      icmp|   0|  0|  15|           8|           1|
    |icmp_ln42_33_fu_3174_p2    |      icmp|   0|  0|  10|           3|           2|
    |icmp_ln42_34_fu_3190_p2    |      icmp|   0|  0|  12|           4|           2|
    |icmp_ln42_35_fu_3196_p2    |      icmp|   0|  0|  12|           4|           1|
    |icmp_ln42_36_fu_3311_p2    |      icmp|   0|  0|  15|           8|           1|
    |icmp_ln42_37_fu_3377_p2    |      icmp|   0|  0|  10|           3|           2|
    |icmp_ln42_38_fu_3393_p2    |      icmp|   0|  0|  12|           4|           2|
    |icmp_ln42_39_fu_3399_p2    |      icmp|   0|  0|  12|           4|           1|
    |icmp_ln42_3_fu_1436_p2     |      icmp|   0|  0|  12|           4|           1|
    |icmp_ln42_40_fu_3514_p2    |      icmp|   0|  0|  15|           8|           1|
    |icmp_ln42_41_fu_3580_p2    |      icmp|   0|  0|  10|           3|           2|
    |icmp_ln42_42_fu_3596_p2    |      icmp|   0|  0|  12|           4|           2|
    |icmp_ln42_43_fu_3602_p2    |      icmp|   0|  0|  12|           4|           1|
    |icmp_ln42_44_fu_3717_p2    |      icmp|   0|  0|  15|           8|           1|
    |icmp_ln42_45_fu_3783_p2    |      icmp|   0|  0|  10|           3|           2|
    |icmp_ln42_46_fu_3799_p2    |      icmp|   0|  0|  12|           4|           2|
    |icmp_ln42_47_fu_3805_p2    |      icmp|   0|  0|  12|           4|           1|
    |icmp_ln42_48_fu_3988_p2    |      icmp|   0|  0|  15|           8|           1|
    |icmp_ln42_49_fu_4054_p2    |      icmp|   0|  0|  10|           3|           2|
    |icmp_ln42_4_fu_1551_p2     |      icmp|   0|  0|  15|           8|           1|
    |icmp_ln42_50_fu_4070_p2    |      icmp|   0|  0|  12|           4|           2|
    |icmp_ln42_51_fu_4076_p2    |      icmp|   0|  0|  12|           4|           1|
    |icmp_ln42_52_fu_4191_p2    |      icmp|   0|  0|  15|           8|           1|
    |icmp_ln42_53_fu_4257_p2    |      icmp|   0|  0|  10|           3|           2|
    |icmp_ln42_54_fu_4273_p2    |      icmp|   0|  0|  12|           4|           2|
    |icmp_ln42_55_fu_4279_p2    |      icmp|   0|  0|  12|           4|           1|
    |icmp_ln42_56_fu_4394_p2    |      icmp|   0|  0|  15|           8|           1|
    |icmp_ln42_57_fu_4460_p2    |      icmp|   0|  0|  10|           3|           2|
    |icmp_ln42_58_fu_4476_p2    |      icmp|   0|  0|  12|           4|           2|
    |icmp_ln42_59_fu_4482_p2    |      icmp|   0|  0|  12|           4|           1|
    |icmp_ln42_5_fu_1617_p2     |      icmp|   0|  0|  10|           3|           2|
    |icmp_ln42_60_fu_4597_p2    |      icmp|   0|  0|  15|           8|           1|
    |icmp_ln42_61_fu_4663_p2    |      icmp|   0|  0|  10|           3|           2|
    |icmp_ln42_62_fu_4679_p2    |      icmp|   0|  0|  12|           4|           2|
    |icmp_ln42_63_fu_4685_p2    |      icmp|   0|  0|  12|           4|           1|
    |icmp_ln42_6_fu_1633_p2     |      icmp|   0|  0|  12|           4|           2|
    |icmp_ln42_7_fu_1639_p2     |      icmp|   0|  0|  12|           4|           1|
    |icmp_ln42_8_fu_1754_p2     |      icmp|   0|  0|  15|           8|           1|
    |icmp_ln42_9_fu_1820_p2     |      icmp|   0|  0|  10|           3|           2|
    |icmp_ln42_fu_1348_p2       |      icmp|   0|  0|  15|           8|           1|
    |or_ln42_10_fu_2093_p2      |        or|   0|  0|   2|           1|           1|
    |or_ln42_11_fu_4901_p2      |        or|   0|  0|   2|           1|           1|
    |or_ln42_12_fu_2242_p2      |        or|   0|  0|   2|           1|           1|
    |or_ln42_13_fu_2364_p2      |        or|   0|  0|   2|           1|           1|
    |or_ln42_14_fu_4940_p2      |        or|   0|  0|   2|           1|           1|
    |or_ln42_15_fu_2445_p2      |        or|   0|  0|   2|           1|           1|
    |or_ln42_16_fu_2567_p2      |        or|   0|  0|   2|           1|           1|
    |or_ln42_17_fu_4979_p2      |        or|   0|  0|   2|           1|           1|
    |or_ln42_18_fu_2648_p2      |        or|   0|  0|   2|           1|           1|
    |or_ln42_19_fu_2770_p2      |        or|   0|  0|   2|           1|           1|
    |or_ln42_1_fu_1484_p2       |        or|   0|  0|   2|           1|           1|
    |or_ln42_20_fu_5018_p2      |        or|   0|  0|   2|           1|           1|
    |or_ln42_21_fu_2851_p2      |        or|   0|  0|   2|           1|           1|
    |or_ln42_22_fu_2973_p2      |        or|   0|  0|   2|           1|           1|
    |or_ln42_23_fu_5057_p2      |        or|   0|  0|   2|           1|           1|
    |or_ln42_24_fu_3122_p2      |        or|   0|  0|   2|           1|           1|
    |or_ln42_25_fu_3244_p2      |        or|   0|  0|   2|           1|           1|
    |or_ln42_26_fu_5096_p2      |        or|   0|  0|   2|           1|           1|
    |or_ln42_27_fu_3325_p2      |        or|   0|  0|   2|           1|           1|
    |or_ln42_28_fu_3447_p2      |        or|   0|  0|   2|           1|           1|
    |or_ln42_29_fu_5135_p2      |        or|   0|  0|   2|           1|           1|
    |or_ln42_2_fu_4784_p2       |        or|   0|  0|   2|           1|           1|
    |or_ln42_30_fu_3528_p2      |        or|   0|  0|   2|           1|           1|
    |or_ln42_31_fu_3650_p2      |        or|   0|  0|   2|           1|           1|
    |or_ln42_32_fu_5174_p2      |        or|   0|  0|   2|           1|           1|
    |or_ln42_33_fu_3731_p2      |        or|   0|  0|   2|           1|           1|
    |or_ln42_34_fu_3853_p2      |        or|   0|  0|   2|           1|           1|
    |or_ln42_35_fu_5213_p2      |        or|   0|  0|   2|           1|           1|
    |or_ln42_36_fu_4002_p2      |        or|   0|  0|   2|           1|           1|
    |or_ln42_37_fu_4124_p2      |        or|   0|  0|   2|           1|           1|
    |or_ln42_38_fu_5252_p2      |        or|   0|  0|   2|           1|           1|
    |or_ln42_39_fu_4205_p2      |        or|   0|  0|   2|           1|           1|
    |or_ln42_3_fu_1565_p2       |        or|   0|  0|   2|           1|           1|
    |or_ln42_40_fu_4327_p2      |        or|   0|  0|   2|           1|           1|
    |or_ln42_41_fu_5291_p2      |        or|   0|  0|   2|           1|           1|
    |or_ln42_42_fu_4408_p2      |        or|   0|  0|   2|           1|           1|
    |or_ln42_43_fu_4530_p2      |        or|   0|  0|   2|           1|           1|
    |or_ln42_44_fu_5330_p2      |        or|   0|  0|   2|           1|           1|
    |or_ln42_45_fu_4611_p2      |        or|   0|  0|   2|           1|           1|
    |or_ln42_46_fu_4733_p2      |        or|   0|  0|   2|           1|           1|
    |or_ln42_47_fu_5369_p2      |        or|   0|  0|   2|           1|           1|
    |or_ln42_48_fu_4761_p2      |        or|   0|  0|   2|           1|           1|
    |or_ln42_49_fu_4800_p2      |        or|   0|  0|   2|           1|           1|
    |or_ln42_4_fu_1687_p2       |        or|   0|  0|   2|           1|           1|
    |or_ln42_50_fu_4839_p2      |        or|   0|  0|   2|           1|           1|
    |or_ln42_51_fu_4878_p2      |        or|   0|  0|   2|           1|           1|
    |or_ln42_52_fu_4917_p2      |        or|   0|  0|   2|           1|           1|
    |or_ln42_53_fu_4956_p2      |        or|   0|  0|   2|           1|           1|
    |or_ln42_54_fu_4995_p2      |        or|   0|  0|   2|           1|           1|
    |or_ln42_55_fu_5034_p2      |        or|   0|  0|   2|           1|           1|
    |or_ln42_56_fu_5073_p2      |        or|   0|  0|   2|           1|           1|
    |or_ln42_57_fu_5112_p2      |        or|   0|  0|   2|           1|           1|
    |or_ln42_58_fu_5151_p2      |        or|   0|  0|   2|           1|           1|
    |or_ln42_59_fu_5190_p2      |        or|   0|  0|   2|           1|           1|
    |or_ln42_5_fu_4823_p2       |        or|   0|  0|   2|           1|           1|
    |or_ln42_60_fu_5229_p2      |        or|   0|  0|   2|           1|           1|
    |or_ln42_61_fu_5268_p2      |        or|   0|  0|   2|           1|           1|
    |or_ln42_62_fu_5307_p2      |        or|   0|  0|   2|           1|           1|
    |or_ln42_63_fu_5346_p2      |        or|   0|  0|   2|           1|           1|
    |or_ln42_6_fu_1768_p2       |        or|   0|  0|   2|           1|           1|
    |or_ln42_7_fu_1890_p2       |        or|   0|  0|   2|           1|           1|
    |or_ln42_8_fu_4862_p2       |        or|   0|  0|   2|           1|           1|
    |or_ln42_9_fu_1971_p2       |        or|   0|  0|   2|           1|           1|
    |or_ln42_fu_1362_p2         |        or|   0|  0|   2|           1|           1|
    |or_ln58_10_fu_6487_p2      |        or|   0|  0|   2|           1|           1|
    |or_ln58_11_fu_6545_p2      |        or|   0|  0|   2|           1|           1|
    |or_ln58_1_fu_5555_p2       |        or|   0|  0|   2|           1|           1|
    |or_ln58_2_fu_5657_p2       |        or|   0|  0|   2|           1|           1|
    |or_ln58_3_fu_5759_p2       |        or|   0|  0|   2|           1|           1|
    |or_ln58_4_fu_5861_p2       |        or|   0|  0|   2|           1|           1|
    |or_ln58_5_fu_5963_p2       |        or|   0|  0|   2|           1|           1|
    |or_ln58_6_fu_6065_p2       |        or|   0|  0|   2|           1|           1|
    |or_ln58_7_fu_6167_p2       |        or|   0|  0|   2|           1|           1|
    |or_ln58_8_fu_6371_p2       |        or|   0|  0|   2|           1|           1|
    |or_ln58_9_fu_6429_p2       |        or|   0|  0|   2|           1|           1|
    |or_ln58_fu_5453_p2         |        or|   0|  0|   2|           1|           1|
    |select_ln42_10_fu_4855_p3  |    select|   0|  0|  14|           1|          12|
    |select_ln42_11_fu_4867_p3  |    select|   0|  0|  13|           1|          13|
    |select_ln42_12_fu_2051_p3  |    select|   0|  0|   2|           1|           1|
    |select_ln42_13_fu_2079_p3  |    select|   0|  0|   2|           1|           1|
    |select_ln42_14_fu_4894_p3  |    select|   0|  0|  14|           1|          12|
    |select_ln42_15_fu_4906_p3  |    select|   0|  0|  13|           1|          13|
    |select_ln42_16_fu_2322_p3  |    select|   0|  0|   2|           1|           1|
    |select_ln42_17_fu_2350_p3  |    select|   0|  0|   2|           1|           1|
    |select_ln42_18_fu_4933_p3  |    select|   0|  0|  14|           1|          12|
    |select_ln42_19_fu_4945_p3  |    select|   0|  0|  13|           1|          13|
    |select_ln42_1_fu_1470_p3   |    select|   0|  0|   2|           1|           1|
    |select_ln42_20_fu_2525_p3  |    select|   0|  0|   2|           1|           1|
    |select_ln42_21_fu_2553_p3  |    select|   0|  0|   2|           1|           1|
    |select_ln42_22_fu_4972_p3  |    select|   0|  0|  14|           1|          12|
    |select_ln42_23_fu_4984_p3  |    select|   0|  0|  13|           1|          13|
    |select_ln42_24_fu_2728_p3  |    select|   0|  0|   2|           1|           1|
    |select_ln42_25_fu_2756_p3  |    select|   0|  0|   2|           1|           1|
    |select_ln42_26_fu_5011_p3  |    select|   0|  0|  14|           1|          12|
    |select_ln42_27_fu_5023_p3  |    select|   0|  0|  13|           1|          13|
    |select_ln42_28_fu_2931_p3  |    select|   0|  0|   2|           1|           1|
    |select_ln42_29_fu_2959_p3  |    select|   0|  0|   2|           1|           1|
    |select_ln42_2_fu_4777_p3   |    select|   0|  0|  14|           1|          12|
    |select_ln42_30_fu_5050_p3  |    select|   0|  0|  14|           1|          12|
    |select_ln42_31_fu_5062_p3  |    select|   0|  0|  13|           1|          13|
    |select_ln42_32_fu_3202_p3  |    select|   0|  0|   2|           1|           1|
    |select_ln42_33_fu_3230_p3  |    select|   0|  0|   2|           1|           1|
    |select_ln42_34_fu_5089_p3  |    select|   0|  0|  14|           1|          12|
    |select_ln42_35_fu_5101_p3  |    select|   0|  0|  13|           1|          13|
    |select_ln42_36_fu_3405_p3  |    select|   0|  0|   2|           1|           1|
    |select_ln42_37_fu_3433_p3  |    select|   0|  0|   2|           1|           1|
    |select_ln42_38_fu_5128_p3  |    select|   0|  0|  14|           1|          12|
    |select_ln42_39_fu_5140_p3  |    select|   0|  0|  13|           1|          13|
    |select_ln42_3_fu_4789_p3   |    select|   0|  0|  13|           1|          13|
    |select_ln42_40_fu_3608_p3  |    select|   0|  0|   2|           1|           1|
    |select_ln42_41_fu_3636_p3  |    select|   0|  0|   2|           1|           1|
    |select_ln42_42_fu_5167_p3  |    select|   0|  0|  14|           1|          12|
    |select_ln42_43_fu_5179_p3  |    select|   0|  0|  13|           1|          13|
    |select_ln42_44_fu_3811_p3  |    select|   0|  0|   2|           1|           1|
    |select_ln42_45_fu_3839_p3  |    select|   0|  0|   2|           1|           1|
    |select_ln42_46_fu_5206_p3  |    select|   0|  0|  14|           1|          12|
    |select_ln42_47_fu_5218_p3  |    select|   0|  0|  13|           1|          13|
    |select_ln42_48_fu_4082_p3  |    select|   0|  0|   2|           1|           1|
    |select_ln42_49_fu_4110_p3  |    select|   0|  0|   2|           1|           1|
    |select_ln42_4_fu_1645_p3   |    select|   0|  0|   2|           1|           1|
    |select_ln42_50_fu_5245_p3  |    select|   0|  0|  14|           1|          12|
    |select_ln42_51_fu_5257_p3  |    select|   0|  0|  13|           1|          13|
    |select_ln42_52_fu_4285_p3  |    select|   0|  0|   2|           1|           1|
    |select_ln42_53_fu_4313_p3  |    select|   0|  0|   2|           1|           1|
    |select_ln42_54_fu_5284_p3  |    select|   0|  0|  14|           1|          12|
    |select_ln42_55_fu_5296_p3  |    select|   0|  0|  13|           1|          13|
    |select_ln42_56_fu_4488_p3  |    select|   0|  0|   2|           1|           1|
    |select_ln42_57_fu_4516_p3  |    select|   0|  0|   2|           1|           1|
    |select_ln42_58_fu_5323_p3  |    select|   0|  0|  14|           1|          12|
    |select_ln42_59_fu_5335_p3  |    select|   0|  0|  13|           1|          13|
    |select_ln42_5_fu_1673_p3   |    select|   0|  0|   2|           1|           1|
    |select_ln42_60_fu_4691_p3  |    select|   0|  0|   2|           1|           1|
    |select_ln42_61_fu_4719_p3  |    select|   0|  0|   2|           1|           1|
    |select_ln42_62_fu_5362_p3  |    select|   0|  0|  14|           1|          12|
    |select_ln42_63_fu_5374_p3  |    select|   0|  0|  13|           1|          13|
    |select_ln42_6_fu_4816_p3   |    select|   0|  0|  14|           1|          12|
    |select_ln42_7_fu_4828_p3   |    select|   0|  0|  13|           1|          13|
    |select_ln42_8_fu_1848_p3   |    select|   0|  0|   2|           1|           1|
    |select_ln42_9_fu_1876_p3   |    select|   0|  0|   2|           1|           1|
    |select_ln42_fu_1442_p3     |    select|   0|  0|   2|           1|           1|
    |select_ln58_10_fu_5773_p3  |    select|   0|  0|  14|           1|          14|
    |select_ln58_11_fu_5781_p3  |    select|   0|  0|  13|           1|          13|
    |select_ln58_12_fu_5867_p3  |    select|   0|  0|  13|           1|          12|
    |select_ln58_13_fu_5875_p3  |    select|   0|  0|  14|           1|          14|
    |select_ln58_14_fu_5883_p3  |    select|   0|  0|  13|           1|          13|
    |select_ln58_15_fu_5969_p3  |    select|   0|  0|  13|           1|          12|
    |select_ln58_16_fu_5977_p3  |    select|   0|  0|  14|           1|          14|
    |select_ln58_17_fu_5985_p3  |    select|   0|  0|  13|           1|          13|
    |select_ln58_18_fu_6071_p3  |    select|   0|  0|  13|           1|          12|
    |select_ln58_19_fu_6079_p3  |    select|   0|  0|  14|           1|          14|
    |select_ln58_1_fu_5467_p3   |    select|   0|  0|  14|           1|          14|
    |select_ln58_20_fu_6087_p3  |    select|   0|  0|  13|           1|          13|
    |select_ln58_21_fu_6173_p3  |    select|   0|  0|  13|           1|          12|
    |select_ln58_22_fu_6181_p3  |    select|   0|  0|  14|           1|          14|
    |select_ln58_23_fu_6189_p3  |    select|   0|  0|  13|           1|          13|
    |select_ln58_24_fu_6377_p3  |    select|   0|  0|  13|           1|          12|
    |select_ln58_25_fu_6384_p3  |    select|   0|  0|  14|           1|          14|
    |select_ln58_26_fu_6391_p3  |    select|   0|  0|  13|           1|          13|
    |select_ln58_27_fu_6435_p3  |    select|   0|  0|  13|           1|          12|
    |select_ln58_28_fu_6442_p3  |    select|   0|  0|  14|           1|          14|
    |select_ln58_29_fu_6449_p3  |    select|   0|  0|  13|           1|          13|
    |select_ln58_2_fu_5475_p3   |    select|   0|  0|  13|           1|          13|
    |select_ln58_30_fu_6493_p3  |    select|   0|  0|  13|           1|          12|
    |select_ln58_31_fu_6500_p3  |    select|   0|  0|  14|           1|          14|
    |select_ln58_32_fu_6507_p3  |    select|   0|  0|  13|           1|          13|
    |select_ln58_33_fu_6551_p3  |    select|   0|  0|  13|           1|          12|
    |select_ln58_34_fu_6558_p3  |    select|   0|  0|  14|           1|          14|
    |select_ln58_35_fu_6565_p3  |    select|   0|  0|  13|           1|          13|
    |select_ln58_3_fu_5561_p3   |    select|   0|  0|  13|           1|          12|
    |select_ln58_4_fu_5569_p3   |    select|   0|  0|  14|           1|          14|
    |select_ln58_5_fu_5577_p3   |    select|   0|  0|  13|           1|          13|
    |select_ln58_6_fu_5663_p3   |    select|   0|  0|  13|           1|          12|
    |select_ln58_7_fu_5671_p3   |    select|   0|  0|  14|           1|          14|
    |select_ln58_8_fu_5679_p3   |    select|   0|  0|  13|           1|          13|
    |select_ln58_9_fu_5765_p3   |    select|   0|  0|  13|           1|          12|
    |select_ln58_fu_5459_p3     |    select|   0|  0|  13|           1|          12|
    |xor_ln42_10_fu_1896_p2     |       xor|   0|  0|   2|           1|           2|
    |xor_ln42_11_fu_4844_p2     |       xor|   0|  0|   2|           1|           2|
    |xor_ln42_12_fu_2001_p2     |       xor|   0|  0|   2|           1|           2|
    |xor_ln42_13_fu_2087_p2     |       xor|   0|  0|   2|           1|           2|
    |xor_ln42_14_fu_2099_p2     |       xor|   0|  0|   2|           1|           2|
    |xor_ln42_15_fu_4883_p2     |       xor|   0|  0|   2|           1|           2|
    |xor_ln42_16_fu_2272_p2     |       xor|   0|  0|   2|           1|           2|
    |xor_ln42_17_fu_2358_p2     |       xor|   0|  0|   2|           1|           2|
    |xor_ln42_18_fu_2370_p2     |       xor|   0|  0|   2|           1|           2|
    |xor_ln42_19_fu_4922_p2     |       xor|   0|  0|   2|           1|           2|
    |xor_ln42_1_fu_1478_p2      |       xor|   0|  0|   2|           1|           2|
    |xor_ln42_20_fu_2475_p2     |       xor|   0|  0|   2|           1|           2|
    |xor_ln42_21_fu_2561_p2     |       xor|   0|  0|   2|           1|           2|
    |xor_ln42_22_fu_2573_p2     |       xor|   0|  0|   2|           1|           2|
    |xor_ln42_23_fu_4961_p2     |       xor|   0|  0|   2|           1|           2|
    |xor_ln42_24_fu_2678_p2     |       xor|   0|  0|   2|           1|           2|
    |xor_ln42_25_fu_2764_p2     |       xor|   0|  0|   2|           1|           2|
    |xor_ln42_26_fu_2776_p2     |       xor|   0|  0|   2|           1|           2|
    |xor_ln42_27_fu_5000_p2     |       xor|   0|  0|   2|           1|           2|
    |xor_ln42_28_fu_2881_p2     |       xor|   0|  0|   2|           1|           2|
    |xor_ln42_29_fu_2967_p2     |       xor|   0|  0|   2|           1|           2|
    |xor_ln42_2_fu_1490_p2      |       xor|   0|  0|   2|           1|           2|
    |xor_ln42_30_fu_2979_p2     |       xor|   0|  0|   2|           1|           2|
    |xor_ln42_31_fu_5039_p2     |       xor|   0|  0|   2|           1|           2|
    |xor_ln42_32_fu_3152_p2     |       xor|   0|  0|   2|           1|           2|
    |xor_ln42_33_fu_3238_p2     |       xor|   0|  0|   2|           1|           2|
    |xor_ln42_34_fu_3250_p2     |       xor|   0|  0|   2|           1|           2|
    |xor_ln42_35_fu_5078_p2     |       xor|   0|  0|   2|           1|           2|
    |xor_ln42_36_fu_3355_p2     |       xor|   0|  0|   2|           1|           2|
    |xor_ln42_37_fu_3441_p2     |       xor|   0|  0|   2|           1|           2|
    |xor_ln42_38_fu_3453_p2     |       xor|   0|  0|   2|           1|           2|
    |xor_ln42_39_fu_5117_p2     |       xor|   0|  0|   2|           1|           2|
    |xor_ln42_3_fu_4766_p2      |       xor|   0|  0|   2|           1|           2|
    |xor_ln42_40_fu_3558_p2     |       xor|   0|  0|   2|           1|           2|
    |xor_ln42_41_fu_3644_p2     |       xor|   0|  0|   2|           1|           2|
    |xor_ln42_42_fu_3656_p2     |       xor|   0|  0|   2|           1|           2|
    |xor_ln42_43_fu_5156_p2     |       xor|   0|  0|   2|           1|           2|
    |xor_ln42_44_fu_3761_p2     |       xor|   0|  0|   2|           1|           2|
    |xor_ln42_45_fu_3847_p2     |       xor|   0|  0|   2|           1|           2|
    |xor_ln42_46_fu_3859_p2     |       xor|   0|  0|   2|           1|           2|
    |xor_ln42_47_fu_5195_p2     |       xor|   0|  0|   2|           1|           2|
    |xor_ln42_48_fu_4032_p2     |       xor|   0|  0|   2|           1|           2|
    |xor_ln42_49_fu_4118_p2     |       xor|   0|  0|   2|           1|           2|
    |xor_ln42_4_fu_1595_p2      |       xor|   0|  0|   2|           1|           2|
    |xor_ln42_50_fu_4130_p2     |       xor|   0|  0|   2|           1|           2|
    |xor_ln42_51_fu_5234_p2     |       xor|   0|  0|   2|           1|           2|
    |xor_ln42_52_fu_4235_p2     |       xor|   0|  0|   2|           1|           2|
    |xor_ln42_53_fu_4321_p2     |       xor|   0|  0|   2|           1|           2|
    |xor_ln42_54_fu_4333_p2     |       xor|   0|  0|   2|           1|           2|
    |xor_ln42_55_fu_5273_p2     |       xor|   0|  0|   2|           1|           2|
    |xor_ln42_56_fu_4438_p2     |       xor|   0|  0|   2|           1|           2|
    |xor_ln42_57_fu_4524_p2     |       xor|   0|  0|   2|           1|           2|
    |xor_ln42_58_fu_4536_p2     |       xor|   0|  0|   2|           1|           2|
    |xor_ln42_59_fu_5312_p2     |       xor|   0|  0|   2|           1|           2|
    |xor_ln42_5_fu_1681_p2      |       xor|   0|  0|   2|           1|           2|
    |xor_ln42_60_fu_4641_p2     |       xor|   0|  0|   2|           1|           2|
    |xor_ln42_61_fu_4727_p2     |       xor|   0|  0|   2|           1|           2|
    |xor_ln42_62_fu_4739_p2     |       xor|   0|  0|   2|           1|           2|
    |xor_ln42_63_fu_5351_p2     |       xor|   0|  0|   2|           1|           2|
    |xor_ln42_64_fu_1458_p2     |       xor|   0|  0|   2|           1|           2|
    |xor_ln42_65_fu_1661_p2     |       xor|   0|  0|   2|           1|           2|
    |xor_ln42_66_fu_1864_p2     |       xor|   0|  0|   2|           1|           2|
    |xor_ln42_67_fu_2067_p2     |       xor|   0|  0|   2|           1|           2|
    |xor_ln42_68_fu_2338_p2     |       xor|   0|  0|   2|           1|           2|
    |xor_ln42_69_fu_2541_p2     |       xor|   0|  0|   2|           1|           2|
    |xor_ln42_6_fu_1693_p2      |       xor|   0|  0|   2|           1|           2|
    |xor_ln42_70_fu_2744_p2     |       xor|   0|  0|   2|           1|           2|
    |xor_ln42_71_fu_2947_p2     |       xor|   0|  0|   2|           1|           2|
    |xor_ln42_72_fu_3218_p2     |       xor|   0|  0|   2|           1|           2|
    |xor_ln42_73_fu_3421_p2     |       xor|   0|  0|   2|           1|           2|
    |xor_ln42_74_fu_3624_p2     |       xor|   0|  0|   2|           1|           2|
    |xor_ln42_75_fu_3827_p2     |       xor|   0|  0|   2|           1|           2|
    |xor_ln42_76_fu_4098_p2     |       xor|   0|  0|   2|           1|           2|
    |xor_ln42_77_fu_4301_p2     |       xor|   0|  0|   2|           1|           2|
    |xor_ln42_78_fu_4504_p2     |       xor|   0|  0|   2|           1|           2|
    |xor_ln42_79_fu_4707_p2     |       xor|   0|  0|   2|           1|           2|
    |xor_ln42_7_fu_4805_p2      |       xor|   0|  0|   2|           1|           2|
    |xor_ln42_8_fu_1798_p2      |       xor|   0|  0|   2|           1|           2|
    |xor_ln42_9_fu_1884_p2      |       xor|   0|  0|   2|           1|           2|
    |xor_ln42_fu_1392_p2        |       xor|   0|  0|   2|           1|           2|
    |xor_ln58_10_fu_5645_p2     |       xor|   0|  0|   2|           1|           1|
    |xor_ln58_11_fu_5651_p2     |       xor|   0|  0|   2|           1|           2|
    |xor_ln58_12_fu_5723_p2     |       xor|   0|  0|   2|           1|           2|
    |xor_ln58_13_fu_5735_p2     |       xor|   0|  0|   2|           1|           2|
    |xor_ln58_14_fu_5747_p2     |       xor|   0|  0|   2|           1|           1|
    |xor_ln58_15_fu_5753_p2     |       xor|   0|  0|   2|           1|           2|
    |xor_ln58_16_fu_5825_p2     |       xor|   0|  0|   2|           1|           2|
    |xor_ln58_17_fu_5837_p2     |       xor|   0|  0|   2|           1|           2|
    |xor_ln58_18_fu_5849_p2     |       xor|   0|  0|   2|           1|           1|
    |xor_ln58_19_fu_5855_p2     |       xor|   0|  0|   2|           1|           2|
    |xor_ln58_1_fu_5429_p2      |       xor|   0|  0|   2|           1|           2|
    |xor_ln58_20_fu_5927_p2     |       xor|   0|  0|   2|           1|           2|
    |xor_ln58_21_fu_5939_p2     |       xor|   0|  0|   2|           1|           2|
    |xor_ln58_22_fu_5951_p2     |       xor|   0|  0|   2|           1|           1|
    |xor_ln58_23_fu_5957_p2     |       xor|   0|  0|   2|           1|           2|
    |xor_ln58_24_fu_6029_p2     |       xor|   0|  0|   2|           1|           2|
    |xor_ln58_25_fu_6041_p2     |       xor|   0|  0|   2|           1|           2|
    |xor_ln58_26_fu_6053_p2     |       xor|   0|  0|   2|           1|           1|
    |xor_ln58_27_fu_6059_p2     |       xor|   0|  0|   2|           1|           2|
    |xor_ln58_28_fu_6131_p2     |       xor|   0|  0|   2|           1|           2|
    |xor_ln58_29_fu_6143_p2     |       xor|   0|  0|   2|           1|           2|
    |xor_ln58_2_fu_5441_p2      |       xor|   0|  0|   2|           1|           1|
    |xor_ln58_30_fu_6155_p2     |       xor|   0|  0|   2|           1|           1|
    |xor_ln58_31_fu_6161_p2     |       xor|   0|  0|   2|           1|           2|
    |xor_ln58_32_fu_6341_p2     |       xor|   0|  0|   2|           1|           2|
    |xor_ln58_33_fu_6351_p2     |       xor|   0|  0|   2|           1|           2|
    |xor_ln58_34_fu_6361_p2     |       xor|   0|  0|   2|           1|           1|
    |xor_ln58_35_fu_6365_p2     |       xor|   0|  0|   2|           1|           2|
    |xor_ln58_36_fu_6399_p2     |       xor|   0|  0|   2|           1|           2|
    |xor_ln58_37_fu_6409_p2     |       xor|   0|  0|   2|           1|           2|
    |xor_ln58_38_fu_6419_p2     |       xor|   0|  0|   2|           1|           1|
    |xor_ln58_39_fu_6423_p2     |       xor|   0|  0|   2|           1|           2|
    |xor_ln58_3_fu_5447_p2      |       xor|   0|  0|   2|           1|           2|
    |xor_ln58_40_fu_6457_p2     |       xor|   0|  0|   2|           1|           2|
    |xor_ln58_41_fu_6467_p2     |       xor|   0|  0|   2|           1|           2|
    |xor_ln58_42_fu_6477_p2     |       xor|   0|  0|   2|           1|           1|
    |xor_ln58_43_fu_6481_p2     |       xor|   0|  0|   2|           1|           2|
    |xor_ln58_44_fu_6515_p2     |       xor|   0|  0|   2|           1|           2|
    |xor_ln58_45_fu_6525_p2     |       xor|   0|  0|   2|           1|           2|
    |xor_ln58_46_fu_6535_p2     |       xor|   0|  0|   2|           1|           1|
    |xor_ln58_47_fu_6539_p2     |       xor|   0|  0|   2|           1|           2|
    |xor_ln58_4_fu_5519_p2      |       xor|   0|  0|   2|           1|           2|
    |xor_ln58_5_fu_5531_p2      |       xor|   0|  0|   2|           1|           2|
    |xor_ln58_6_fu_5543_p2      |       xor|   0|  0|   2|           1|           1|
    |xor_ln58_7_fu_5549_p2      |       xor|   0|  0|   2|           1|           2|
    |xor_ln58_8_fu_5621_p2      |       xor|   0|  0|   2|           1|           2|
    |xor_ln58_9_fu_5633_p2      |       xor|   0|  0|   2|           1|           2|
    |xor_ln58_fu_5417_p2        |       xor|   0|  0|   2|           1|           2|
    +---------------------------+----------+----+---+----+------------+------------+
    |Total                      |          |   0|  0|3252|        1276|        1984|
    +---------------------------+----------+----+---+----+------------+------------+

    * Multiplexer: 
    N/A

    * Register: 
    +------------------------+----+----+-----+-----------+
    |          Name          | FF | LUT| Bits| Const Bits|
    +------------------------+----+----+-----+-----------+
    |add_ln42_10_reg_6912    |  13|   0|   13|          0|
    |add_ln42_11_reg_6943    |  13|   0|   13|          0|
    |add_ln42_12_reg_6974    |  13|   0|   13|          0|
    |add_ln42_13_reg_7005    |  13|   0|   13|          0|
    |add_ln42_14_reg_7036    |  13|   0|   13|          0|
    |add_ln42_15_reg_7067    |  13|   0|   13|          0|
    |add_ln42_1_reg_6633     |  13|   0|   13|          0|
    |add_ln42_2_reg_6664     |  13|   0|   13|          0|
    |add_ln42_3_reg_6695     |  13|   0|   13|          0|
    |add_ln42_4_reg_6726     |  13|   0|   13|          0|
    |add_ln42_5_reg_6757     |  13|   0|   13|          0|
    |add_ln42_6_reg_6788     |  13|   0|   13|          0|
    |add_ln42_7_reg_6819     |  13|   0|   13|          0|
    |add_ln42_8_reg_6850     |  13|   0|   13|          0|
    |add_ln42_9_reg_6881     |  13|   0|   13|          0|
    |add_ln42_reg_6602       |  13|   0|   13|          0|
    |add_ln58_20_reg_7093    |  13|   0|   13|          0|
    |add_ln58_21_reg_7113    |  13|   0|   13|          0|
    |add_ln58_22_reg_7133    |  13|   0|   13|          0|
    |add_ln58_23_reg_7153    |  13|   0|   13|          0|
    |and_ln42_102_reg_7051   |   1|   0|    1|          0|
    |and_ln42_103_reg_7057   |   1|   0|    1|          0|
    |and_ln42_106_reg_7072   |   1|   0|    1|          0|
    |and_ln42_109_reg_7082   |   1|   0|    1|          0|
    |and_ln42_110_reg_7088   |   1|   0|    1|          0|
    |and_ln42_11_reg_6648    |   1|   0|    1|          0|
    |and_ln42_12_reg_6654    |   1|   0|    1|          0|
    |and_ln42_15_reg_6669    |   1|   0|    1|          0|
    |and_ln42_18_reg_6679    |   1|   0|    1|          0|
    |and_ln42_19_reg_6685    |   1|   0|    1|          0|
    |and_ln42_1_reg_6607     |   1|   0|    1|          0|
    |and_ln42_22_reg_6700    |   1|   0|    1|          0|
    |and_ln42_25_reg_6710    |   1|   0|    1|          0|
    |and_ln42_26_reg_6716    |   1|   0|    1|          0|
    |and_ln42_29_reg_6731    |   1|   0|    1|          0|
    |and_ln42_32_reg_6741    |   1|   0|    1|          0|
    |and_ln42_33_reg_6747    |   1|   0|    1|          0|
    |and_ln42_36_reg_6762    |   1|   0|    1|          0|
    |and_ln42_39_reg_6772    |   1|   0|    1|          0|
    |and_ln42_40_reg_6778    |   1|   0|    1|          0|
    |and_ln42_43_reg_6793    |   1|   0|    1|          0|
    |and_ln42_46_reg_6803    |   1|   0|    1|          0|
    |and_ln42_47_reg_6809    |   1|   0|    1|          0|
    |and_ln42_4_reg_6617     |   1|   0|    1|          0|
    |and_ln42_50_reg_6824    |   1|   0|    1|          0|
    |and_ln42_53_reg_6834    |   1|   0|    1|          0|
    |and_ln42_54_reg_6840    |   1|   0|    1|          0|
    |and_ln42_57_reg_6855    |   1|   0|    1|          0|
    |and_ln42_5_reg_6623     |   1|   0|    1|          0|
    |and_ln42_60_reg_6865    |   1|   0|    1|          0|
    |and_ln42_61_reg_6871    |   1|   0|    1|          0|
    |and_ln42_64_reg_6886    |   1|   0|    1|          0|
    |and_ln42_67_reg_6896    |   1|   0|    1|          0|
    |and_ln42_68_reg_6902    |   1|   0|    1|          0|
    |and_ln42_71_reg_6917    |   1|   0|    1|          0|
    |and_ln42_74_reg_6927    |   1|   0|    1|          0|
    |and_ln42_75_reg_6933    |   1|   0|    1|          0|
    |and_ln42_78_reg_6948    |   1|   0|    1|          0|
    |and_ln42_81_reg_6958    |   1|   0|    1|          0|
    |and_ln42_82_reg_6964    |   1|   0|    1|          0|
    |and_ln42_85_reg_6979    |   1|   0|    1|          0|
    |and_ln42_88_reg_6989    |   1|   0|    1|          0|
    |and_ln42_89_reg_6995    |   1|   0|    1|          0|
    |and_ln42_8_reg_6638     |   1|   0|    1|          0|
    |and_ln42_92_reg_7010    |   1|   0|    1|          0|
    |and_ln42_95_reg_7020    |   1|   0|    1|          0|
    |and_ln42_96_reg_7026    |   1|   0|    1|          0|
    |and_ln42_99_reg_7041    |   1|   0|    1|          0|
    |data_48_val_int_reg     |  13|   0|   13|          0|
    |data_49_val_int_reg     |  13|   0|   13|          0|
    |data_50_val_int_reg     |  13|   0|   13|          0|
    |data_51_val_int_reg     |  13|   0|   13|          0|
    |data_52_val_int_reg     |  13|   0|   13|          0|
    |data_53_val_int_reg     |  13|   0|   13|          0|
    |data_54_val_int_reg     |  13|   0|   13|          0|
    |data_55_val_int_reg     |  13|   0|   13|          0|
    |data_56_val_int_reg     |  13|   0|   13|          0|
    |data_57_val_int_reg     |  13|   0|   13|          0|
    |data_58_val_int_reg     |  13|   0|   13|          0|
    |data_59_val_int_reg     |  13|   0|   13|          0|
    |data_60_val_int_reg     |  13|   0|   13|          0|
    |data_61_val_int_reg     |  13|   0|   13|          0|
    |data_62_val_int_reg     |  13|   0|   13|          0|
    |data_63_val_int_reg     |  13|   0|   13|          0|
    |icmp_ln42_10_reg_6674   |   1|   0|    1|          0|
    |icmp_ln42_14_reg_6705   |   1|   0|    1|          0|
    |icmp_ln42_18_reg_6736   |   1|   0|    1|          0|
    |icmp_ln42_22_reg_6767   |   1|   0|    1|          0|
    |icmp_ln42_26_reg_6798   |   1|   0|    1|          0|
    |icmp_ln42_2_reg_6612    |   1|   0|    1|          0|
    |icmp_ln42_30_reg_6829   |   1|   0|    1|          0|
    |icmp_ln42_34_reg_6860   |   1|   0|    1|          0|
    |icmp_ln42_38_reg_6891   |   1|   0|    1|          0|
    |icmp_ln42_42_reg_6922   |   1|   0|    1|          0|
    |icmp_ln42_46_reg_6953   |   1|   0|    1|          0|
    |icmp_ln42_50_reg_6984   |   1|   0|    1|          0|
    |icmp_ln42_54_reg_7015   |   1|   0|    1|          0|
    |icmp_ln42_58_reg_7046   |   1|   0|    1|          0|
    |icmp_ln42_62_reg_7077   |   1|   0|    1|          0|
    |icmp_ln42_6_reg_6643    |   1|   0|    1|          0|
    |idx_int_reg             |   5|   0|    5|          0|
    |tmp_4436_reg_6628       |   1|   0|    1|          0|
    |tmp_4442_reg_6659       |   1|   0|    1|          0|
    |tmp_4448_reg_6690       |   1|   0|    1|          0|
    |tmp_4454_reg_6721       |   1|   0|    1|          0|
    |tmp_4460_reg_6752       |   1|   0|    1|          0|
    |tmp_4466_reg_6783       |   1|   0|    1|          0|
    |tmp_4472_reg_6814       |   1|   0|    1|          0|
    |tmp_4478_reg_6845       |   1|   0|    1|          0|
    |tmp_4484_reg_6876       |   1|   0|    1|          0|
    |tmp_4490_reg_6907       |   1|   0|    1|          0|
    |tmp_4496_reg_6938       |   1|   0|    1|          0|
    |tmp_4502_reg_6969       |   1|   0|    1|          0|
    |tmp_4508_reg_7000       |   1|   0|    1|          0|
    |tmp_4514_reg_7031       |   1|   0|    1|          0|
    |tmp_4520_reg_7062       |   1|   0|    1|          0|
    |tmp_4542_reg_7099       |   1|   0|    1|          0|
    |tmp_4543_reg_7106       |   1|   0|    1|          0|
    |tmp_4544_reg_7119       |   1|   0|    1|          0|
    |tmp_4545_reg_7126       |   1|   0|    1|          0|
    |tmp_4546_reg_7139       |   1|   0|    1|          0|
    |tmp_4547_reg_7146       |   1|   0|    1|          0|
    |tmp_4548_reg_7159       |   1|   0|    1|          0|
    |tmp_4549_reg_7166       |   1|   0|    1|          0|
    |tmp_reg_6597            |   1|   0|    1|          0|
    |weights_48_val_int_reg  |  13|   0|   13|          0|
    |weights_49_val_int_reg  |  13|   0|   13|          0|
    |weights_50_val_int_reg  |  13|   0|   13|          0|
    |weights_51_val_int_reg  |  13|   0|   13|          0|
    |weights_52_val_int_reg  |  13|   0|   13|          0|
    |weights_53_val_int_reg  |  13|   0|   13|          0|
    |weights_54_val_int_reg  |  13|   0|   13|          0|
    |weights_55_val_int_reg  |  13|   0|   13|          0|
    |weights_56_val_int_reg  |  13|   0|   13|          0|
    |weights_57_val_int_reg  |  13|   0|   13|          0|
    |weights_58_val_int_reg  |  13|   0|   13|          0|
    |weights_59_val_int_reg  |  13|   0|   13|          0|
    |weights_60_val_int_reg  |  13|   0|   13|          0|
    |weights_61_val_int_reg  |  13|   0|   13|          0|
    |weights_62_val_int_reg  |  13|   0|   13|          0|
    |weights_63_val_int_reg  |  13|   0|   13|          0|
    +------------------------+----+----+-----+-----------+
    |Total                   | 769|   0|  769|          0|
    +------------------------+----+----+-----+-----------+



================================================================
== Interface
================================================================
* Summary: 
+----------------+-----+-----+------------+------------------------------------------------------------------------------------+--------------+
|    RTL Ports   | Dir | Bits|  Protocol  |                                    Source Object                                   |    C Type    |
+----------------+-----+-----+------------+------------------------------------------------------------------------------------+--------------+
|ap_clk          |   in|    1|  ap_ctrl_hs|  dense_latency<ap_fixed<13, 4, 4, 0, 0>, ap_fixed<13, 4, 4, 0, 0>, config5_dense>.3|  return value|
|ap_rst          |   in|    1|  ap_ctrl_hs|  dense_latency<ap_fixed<13, 4, 4, 0, 0>, ap_fixed<13, 4, 4, 0, 0>, config5_dense>.3|  return value|
|ap_return_0     |  out|   13|  ap_ctrl_hs|  dense_latency<ap_fixed<13, 4, 4, 0, 0>, ap_fixed<13, 4, 4, 0, 0>, config5_dense>.3|  return value|
|ap_return_1     |  out|   13|  ap_ctrl_hs|  dense_latency<ap_fixed<13, 4, 4, 0, 0>, ap_fixed<13, 4, 4, 0, 0>, config5_dense>.3|  return value|
|ap_return_2     |  out|   13|  ap_ctrl_hs|  dense_latency<ap_fixed<13, 4, 4, 0, 0>, ap_fixed<13, 4, 4, 0, 0>, config5_dense>.3|  return value|
|ap_return_3     |  out|   13|  ap_ctrl_hs|  dense_latency<ap_fixed<13, 4, 4, 0, 0>, ap_fixed<13, 4, 4, 0, 0>, config5_dense>.3|  return value|
|ap_ce           |   in|    1|  ap_ctrl_hs|  dense_latency<ap_fixed<13, 4, 4, 0, 0>, ap_fixed<13, 4, 4, 0, 0>, config5_dense>.3|  return value|
|data_48_val     |   in|   13|     ap_none|                                                                         data_48_val|        scalar|
|data_49_val     |   in|   13|     ap_none|                                                                         data_49_val|        scalar|
|data_50_val     |   in|   13|     ap_none|                                                                         data_50_val|        scalar|
|data_51_val     |   in|   13|     ap_none|                                                                         data_51_val|        scalar|
|data_52_val     |   in|   13|     ap_none|                                                                         data_52_val|        scalar|
|data_53_val     |   in|   13|     ap_none|                                                                         data_53_val|        scalar|
|data_54_val     |   in|   13|     ap_none|                                                                         data_54_val|        scalar|
|data_55_val     |   in|   13|     ap_none|                                                                         data_55_val|        scalar|
|data_56_val     |   in|   13|     ap_none|                                                                         data_56_val|        scalar|
|data_57_val     |   in|   13|     ap_none|                                                                         data_57_val|        scalar|
|data_58_val     |   in|   13|     ap_none|                                                                         data_58_val|        scalar|
|data_59_val     |   in|   13|     ap_none|                                                                         data_59_val|        scalar|
|data_60_val     |   in|   13|     ap_none|                                                                         data_60_val|        scalar|
|data_61_val     |   in|   13|     ap_none|                                                                         data_61_val|        scalar|
|data_62_val     |   in|   13|     ap_none|                                                                         data_62_val|        scalar|
|data_63_val     |   in|   13|     ap_none|                                                                         data_63_val|        scalar|
|weights_48_val  |   in|   13|     ap_none|                                                                      weights_48_val|        scalar|
|weights_49_val  |   in|   13|     ap_none|                                                                      weights_49_val|        scalar|
|weights_50_val  |   in|   13|     ap_none|                                                                      weights_50_val|        scalar|
|weights_51_val  |   in|   13|     ap_none|                                                                      weights_51_val|        scalar|
|weights_52_val  |   in|   13|     ap_none|                                                                      weights_52_val|        scalar|
|weights_53_val  |   in|   13|     ap_none|                                                                      weights_53_val|        scalar|
|weights_54_val  |   in|   13|     ap_none|                                                                      weights_54_val|        scalar|
|weights_55_val  |   in|   13|     ap_none|                                                                      weights_55_val|        scalar|
|weights_56_val  |   in|   13|     ap_none|                                                                      weights_56_val|        scalar|
|weights_57_val  |   in|   13|     ap_none|                                                                      weights_57_val|        scalar|
|weights_58_val  |   in|   13|     ap_none|                                                                      weights_58_val|        scalar|
|weights_59_val  |   in|   13|     ap_none|                                                                      weights_59_val|        scalar|
|weights_60_val  |   in|   13|     ap_none|                                                                      weights_60_val|        scalar|
|weights_61_val  |   in|   13|     ap_none|                                                                      weights_61_val|        scalar|
|weights_62_val  |   in|   13|     ap_none|                                                                      weights_62_val|        scalar|
|weights_63_val  |   in|   13|     ap_none|                                                                      weights_63_val|        scalar|
|idx             |   in|    5|     ap_none|                                                                                 idx|        scalar|
+----------------+-----+-----+------------+------------------------------------------------------------------------------------+--------------+

