

================================================================
== Vitis HLS Report for 'dense_latency_ap_fixed_13_4_4_0_0_ap_fixed_13_4_4_0_0_config5_dense_1'
================================================================
* Date:           Tue Feb 11 01:39:09 2025

* Version:        2023.2 (Build 4023990 on Oct 11 2023)
* Project:        myproject_prj
* Solution:       solution1 (Vivado IP Flow Target)
* Product family: virtexuplus
* Target device:  xcvu13p-flga2577-2-e


================================================================
== Performance Estimates
================================================================
+ Timing: 
    * Summary: 
    +--------+---------+----------+------------+
    |  Clock |  Target | Estimated| Uncertainty|
    +--------+---------+----------+------------+
    |ap_clk  |  5.00 ns|  4.339 ns|     0.62 ns|
    +--------+---------+----------+------------+

+ Latency: 
    * Summary: 
    +---------+---------+-----------+-----------+-----+-----+---------+
    |  Latency (cycles) |   Latency (absolute)  |  Interval | Pipeline|
    |   min   |   max   |    min    |    max    | min | max |   Type  |
    +---------+---------+-----------+-----------+-----+-----+---------+
    |        2|        2|  10.000 ns|  10.000 ns|    1|    1|      yes|
    +---------+---------+-----------+-----------+-----+-----+---------+

    + Detail: 
        * Instance: 
        N/A

        * Loop: 
        N/A



================================================================
== Utilization Estimates
================================================================
* Summary: 
+---------------------+---------+-------+---------+---------+------+
|         Name        | BRAM_18K|  DSP  |    FF   |   LUT   | URAM |
+---------------------+---------+-------+---------+---------+------+
|DSP                  |        -|      -|        -|        -|     -|
|Expression           |        -|      -|        0|     1626|     -|
|FIFO                 |        -|      -|        -|        -|     -|
|Instance             |        -|      8|        0|      292|     -|
|Memory               |        -|      -|        -|        -|     -|
|Multiplexer          |        -|      -|        -|       28|     -|
|Register             |        -|      -|      518|        -|     -|
+---------------------+---------+-------+---------+---------+------+
|Total                |        0|      8|      518|     1946|     0|
+---------------------+---------+-------+---------+---------+------+
|Available SLR        |     1344|   3072|   864000|   432000|   320|
+---------------------+---------+-------+---------+---------+------+
|Utilization SLR (%)  |        0|     ~0|       ~0|       ~0|     0|
+---------------------+---------+-------+---------+---------+------+
|Available            |     5376|  12288|  3456000|  1728000|  1280|
+---------------------+---------+-------+---------+---------+------+
|Utilization (%)      |        0|     ~0|       ~0|       ~0|     0|
+---------------------+---------+-------+---------+---------+------+

+ Detail: 
    * Instance: 
    +----------------------------+-----------------------+---------+----+---+----+-----+
    |          Instance          |         Module        | BRAM_18K| DSP| FF| LUT| URAM|
    +----------------------------+-----------------------+---------+----+---+----+-----+
    |mul_13s_13s_26_1_1_U757     |mul_13s_13s_26_1_1     |        0|   1|  0|   4|    0|
    |mul_13s_13s_26_1_1_U758     |mul_13s_13s_26_1_1     |        0|   1|  0|   4|    0|
    |mul_13s_13s_26_1_1_U759     |mul_13s_13s_26_1_1     |        0|   1|  0|   4|    0|
    |mul_13s_13s_26_1_1_U760     |mul_13s_13s_26_1_1     |        0|   1|  0|   4|    0|
    |mul_13s_13s_26_1_1_U761     |mul_13s_13s_26_1_1     |        0|   1|  0|   4|    0|
    |mul_13s_13s_26_1_1_U762     |mul_13s_13s_26_1_1     |        0|   1|  0|   4|    0|
    |mul_13s_13s_26_1_1_U763     |mul_13s_13s_26_1_1     |        0|   1|  0|   4|    0|
    |mul_13s_13s_26_1_1_U764     |mul_13s_13s_26_1_1     |        0|   1|  0|   4|    0|
    |sparsemux_27_5_13_1_0_U765  |sparsemux_27_5_13_1_0  |        0|   0|  0|  65|    0|
    |sparsemux_27_5_13_1_0_U766  |sparsemux_27_5_13_1_0  |        0|   0|  0|  65|    0|
    |sparsemux_27_5_13_1_0_U767  |sparsemux_27_5_13_1_0  |        0|   0|  0|  65|    0|
    |sparsemux_27_5_13_1_0_U768  |sparsemux_27_5_13_1_0  |        0|   0|  0|  65|    0|
    +----------------------------+-----------------------+---------+----+---+----+-----+
    |Total                       |                       |        0|   8|  0| 292|    0|
    +----------------------------+-----------------------+---------+----+---+----+-----+

    * DSP: 
    N/A

    * Memory: 
    N/A

    * FIFO: 
    N/A

    * Expression: 
    +---------------------------+----------+----+---+----+------------+------------+
    |       Variable Name       | Operation| DSP| FF| LUT| Bitwidth P0| Bitwidth P1|
    +---------------------------+----------+----+---+----+------------+------------+
    |add_ln42_15_fu_883_p2      |         +|   0|  0|  20|          13|          13|
    |add_ln42_16_fu_1152_p2     |         +|   0|  0|  20|          13|          13|
    |add_ln42_17_fu_1355_p2     |         +|   0|  0|  20|          13|          13|
    |add_ln42_18_fu_1624_p2     |         +|   0|  0|  20|          13|          13|
    |add_ln42_19_fu_1827_p2     |         +|   0|  0|  20|          13|          13|
    |add_ln42_20_fu_2096_p2     |         +|   0|  0|  20|          13|          13|
    |add_ln42_21_fu_2299_p2     |         +|   0|  0|  20|          13|          13|
    |add_ln42_fu_680_p2         |         +|   0|  0|  20|          13|          13|
    |add_ln58_11_fu_2857_p2     |         +|   0|  0|  21|          14|          14|
    |add_ln58_12_fu_2959_p2     |         +|   0|  0|  21|          14|          14|
    |add_ln58_13_fu_3061_p2     |         +|   0|  0|  21|          14|          14|
    |add_ln58_14_fu_3163_p2     |         +|   0|  0|  21|          14|          14|
    |add_ln58_15_fu_3199_p2     |         +|   0|  0|  21|          14|          14|
    |add_ln58_18_fu_2749_p2     |         +|   0|  0|  20|          13|          13|
    |add_ln58_19_fu_2851_p2     |         +|   0|  0|  20|          13|          13|
    |add_ln58_20_fu_2953_p2     |         +|   0|  0|  20|          13|          13|
    |add_ln58_21_fu_3055_p2     |         +|   0|  0|  20|          13|          13|
    |add_ln58_22_fu_3157_p2     |         +|   0|  0|  20|          13|          13|
    |add_ln58_23_fu_3193_p2     |         +|   0|  0|  20|          13|          13|
    |add_ln58_fu_2755_p2        |         +|   0|  0|  21|          14|          14|
    |and_ln42_111_fu_700_p2     |       and|   0|  0|   2|           1|           1|
    |and_ln42_112_fu_766_p2     |       and|   0|  0|   2|           1|           1|
    |and_ln42_113_fu_2429_p2    |       and|   0|  0|   2|           1|           1|
    |and_ln42_114_fu_798_p2     |       and|   0|  0|   2|           1|           1|
    |and_ln42_115_fu_804_p2     |       and|   0|  0|   2|           1|           1|
    |and_ln42_116_fu_2444_p2    |       and|   0|  0|   2|           1|           1|
    |and_ln42_117_fu_873_p2     |       and|   0|  0|   2|           1|           1|
    |and_ln42_118_fu_903_p2     |       and|   0|  0|   2|           1|           1|
    |and_ln42_119_fu_969_p2     |       and|   0|  0|   2|           1|           1|
    |and_ln42_120_fu_2468_p2    |       and|   0|  0|   2|           1|           1|
    |and_ln42_121_fu_1001_p2    |       and|   0|  0|   2|           1|           1|
    |and_ln42_122_fu_1007_p2    |       and|   0|  0|   2|           1|           1|
    |and_ln42_123_fu_2483_p2    |       and|   0|  0|   2|           1|           1|
    |and_ln42_124_fu_1142_p2    |       and|   0|  0|   2|           1|           1|
    |and_ln42_125_fu_1172_p2    |       and|   0|  0|   2|           1|           1|
    |and_ln42_126_fu_1238_p2    |       and|   0|  0|   2|           1|           1|
    |and_ln42_127_fu_2507_p2    |       and|   0|  0|   2|           1|           1|
    |and_ln42_128_fu_1270_p2    |       and|   0|  0|   2|           1|           1|
    |and_ln42_129_fu_1276_p2    |       and|   0|  0|   2|           1|           1|
    |and_ln42_130_fu_2522_p2    |       and|   0|  0|   2|           1|           1|
    |and_ln42_131_fu_1345_p2    |       and|   0|  0|   2|           1|           1|
    |and_ln42_132_fu_1375_p2    |       and|   0|  0|   2|           1|           1|
    |and_ln42_133_fu_1441_p2    |       and|   0|  0|   2|           1|           1|
    |and_ln42_134_fu_2546_p2    |       and|   0|  0|   2|           1|           1|
    |and_ln42_135_fu_1473_p2    |       and|   0|  0|   2|           1|           1|
    |and_ln42_136_fu_1479_p2    |       and|   0|  0|   2|           1|           1|
    |and_ln42_137_fu_2561_p2    |       and|   0|  0|   2|           1|           1|
    |and_ln42_138_fu_1614_p2    |       and|   0|  0|   2|           1|           1|
    |and_ln42_139_fu_1644_p2    |       and|   0|  0|   2|           1|           1|
    |and_ln42_140_fu_1710_p2    |       and|   0|  0|   2|           1|           1|
    |and_ln42_141_fu_2585_p2    |       and|   0|  0|   2|           1|           1|
    |and_ln42_142_fu_1742_p2    |       and|   0|  0|   2|           1|           1|
    |and_ln42_143_fu_1748_p2    |       and|   0|  0|   2|           1|           1|
    |and_ln42_144_fu_2600_p2    |       and|   0|  0|   2|           1|           1|
    |and_ln42_145_fu_1817_p2    |       and|   0|  0|   2|           1|           1|
    |and_ln42_146_fu_1847_p2    |       and|   0|  0|   2|           1|           1|
    |and_ln42_147_fu_1913_p2    |       and|   0|  0|   2|           1|           1|
    |and_ln42_148_fu_2624_p2    |       and|   0|  0|   2|           1|           1|
    |and_ln42_149_fu_1945_p2    |       and|   0|  0|   2|           1|           1|
    |and_ln42_150_fu_1951_p2    |       and|   0|  0|   2|           1|           1|
    |and_ln42_151_fu_2639_p2    |       and|   0|  0|   2|           1|           1|
    |and_ln42_152_fu_2086_p2    |       and|   0|  0|   2|           1|           1|
    |and_ln42_153_fu_2116_p2    |       and|   0|  0|   2|           1|           1|
    |and_ln42_154_fu_2182_p2    |       and|   0|  0|   2|           1|           1|
    |and_ln42_155_fu_2663_p2    |       and|   0|  0|   2|           1|           1|
    |and_ln42_156_fu_2214_p2    |       and|   0|  0|   2|           1|           1|
    |and_ln42_157_fu_2220_p2    |       and|   0|  0|   2|           1|           1|
    |and_ln42_158_fu_2678_p2    |       and|   0|  0|   2|           1|           1|
    |and_ln42_159_fu_2289_p2    |       and|   0|  0|   2|           1|           1|
    |and_ln42_160_fu_2319_p2    |       and|   0|  0|   2|           1|           1|
    |and_ln42_161_fu_2385_p2    |       and|   0|  0|   2|           1|           1|
    |and_ln42_162_fu_2702_p2    |       and|   0|  0|   2|           1|           1|
    |and_ln42_163_fu_2417_p2    |       and|   0|  0|   2|           1|           1|
    |and_ln42_164_fu_2423_p2    |       and|   0|  0|   2|           1|           1|
    |and_ln42_165_fu_2717_p2    |       and|   0|  0|   2|           1|           1|
    |and_ln42_fu_670_p2         |       and|   0|  0|   2|           1|           1|
    |and_ln58_23_fu_2795_p2     |       and|   0|  0|   2|           1|           1|
    |and_ln58_24_fu_2885_p2     |       and|   0|  0|   2|           1|           1|
    |and_ln58_25_fu_2897_p2     |       and|   0|  0|   2|           1|           1|
    |and_ln58_26_fu_2987_p2     |       and|   0|  0|   2|           1|           1|
    |and_ln58_27_fu_2999_p2     |       and|   0|  0|   2|           1|           1|
    |and_ln58_28_fu_3089_p2     |       and|   0|  0|   2|           1|           1|
    |and_ln58_29_fu_3101_p2     |       and|   0|  0|   2|           1|           1|
    |and_ln58_30_fu_3226_p2     |       and|   0|  0|   2|           1|           1|
    |and_ln58_31_fu_3236_p2     |       and|   0|  0|   2|           1|           1|
    |and_ln58_32_fu_3284_p2     |       and|   0|  0|   2|           1|           1|
    |and_ln58_33_fu_3294_p2     |       and|   0|  0|   2|           1|           1|
    |and_ln58_fu_2783_p2        |       and|   0|  0|   2|           1|           1|
    |icmp_ln42_63_fu_716_p2     |      icmp|   0|  0|  10|           3|           2|
    |icmp_ln42_64_fu_732_p2     |      icmp|   0|  0|  12|           4|           2|
    |icmp_ln42_65_fu_738_p2     |      icmp|   0|  0|  12|           4|           1|
    |icmp_ln42_66_fu_853_p2     |      icmp|   0|  0|  15|           8|           1|
    |icmp_ln42_67_fu_919_p2     |      icmp|   0|  0|  10|           3|           2|
    |icmp_ln42_68_fu_935_p2     |      icmp|   0|  0|  12|           4|           2|
    |icmp_ln42_69_fu_941_p2     |      icmp|   0|  0|  12|           4|           1|
    |icmp_ln42_70_fu_1122_p2    |      icmp|   0|  0|  15|           8|           1|
    |icmp_ln42_71_fu_1188_p2    |      icmp|   0|  0|  10|           3|           2|
    |icmp_ln42_72_fu_1204_p2    |      icmp|   0|  0|  12|           4|           2|
    |icmp_ln42_73_fu_1210_p2    |      icmp|   0|  0|  12|           4|           1|
    |icmp_ln42_74_fu_1325_p2    |      icmp|   0|  0|  15|           8|           1|
    |icmp_ln42_75_fu_1391_p2    |      icmp|   0|  0|  10|           3|           2|
    |icmp_ln42_76_fu_1407_p2    |      icmp|   0|  0|  12|           4|           2|
    |icmp_ln42_77_fu_1413_p2    |      icmp|   0|  0|  12|           4|           1|
    |icmp_ln42_78_fu_1594_p2    |      icmp|   0|  0|  15|           8|           1|
    |icmp_ln42_79_fu_1660_p2    |      icmp|   0|  0|  10|           3|           2|
    |icmp_ln42_80_fu_1676_p2    |      icmp|   0|  0|  12|           4|           2|
    |icmp_ln42_81_fu_1682_p2    |      icmp|   0|  0|  12|           4|           1|
    |icmp_ln42_82_fu_1797_p2    |      icmp|   0|  0|  15|           8|           1|
    |icmp_ln42_83_fu_1863_p2    |      icmp|   0|  0|  10|           3|           2|
    |icmp_ln42_84_fu_1879_p2    |      icmp|   0|  0|  12|           4|           2|
    |icmp_ln42_85_fu_1885_p2    |      icmp|   0|  0|  12|           4|           1|
    |icmp_ln42_86_fu_2066_p2    |      icmp|   0|  0|  15|           8|           1|
    |icmp_ln42_87_fu_2132_p2    |      icmp|   0|  0|  10|           3|           2|
    |icmp_ln42_88_fu_2148_p2    |      icmp|   0|  0|  12|           4|           2|
    |icmp_ln42_89_fu_2154_p2    |      icmp|   0|  0|  12|           4|           1|
    |icmp_ln42_90_fu_2269_p2    |      icmp|   0|  0|  15|           8|           1|
    |icmp_ln42_91_fu_2335_p2    |      icmp|   0|  0|  10|           3|           2|
    |icmp_ln42_92_fu_2351_p2    |      icmp|   0|  0|  12|           4|           2|
    |icmp_ln42_93_fu_2357_p2    |      icmp|   0|  0|  12|           4|           1|
    |icmp_ln42_fu_650_p2        |      icmp|   0|  0|  15|           8|           1|
    |or_ln42_47_fu_786_p2       |        or|   0|  0|   2|           1|           1|
    |or_ln42_48_fu_2456_p2      |        or|   0|  0|   2|           1|           1|
    |or_ln42_49_fu_867_p2       |        or|   0|  0|   2|           1|           1|
    |or_ln42_50_fu_989_p2       |        or|   0|  0|   2|           1|           1|
    |or_ln42_51_fu_2495_p2      |        or|   0|  0|   2|           1|           1|
    |or_ln42_52_fu_1136_p2      |        or|   0|  0|   2|           1|           1|
    |or_ln42_53_fu_1258_p2      |        or|   0|  0|   2|           1|           1|
    |or_ln42_54_fu_2534_p2      |        or|   0|  0|   2|           1|           1|
    |or_ln42_55_fu_1339_p2      |        or|   0|  0|   2|           1|           1|
    |or_ln42_56_fu_1461_p2      |        or|   0|  0|   2|           1|           1|
    |or_ln42_57_fu_2573_p2      |        or|   0|  0|   2|           1|           1|
    |or_ln42_58_fu_1608_p2      |        or|   0|  0|   2|           1|           1|
    |or_ln42_59_fu_1730_p2      |        or|   0|  0|   2|           1|           1|
    |or_ln42_60_fu_2612_p2      |        or|   0|  0|   2|           1|           1|
    |or_ln42_61_fu_1811_p2      |        or|   0|  0|   2|           1|           1|
    |or_ln42_62_fu_1933_p2      |        or|   0|  0|   2|           1|           1|
    |or_ln42_63_fu_2651_p2      |        or|   0|  0|   2|           1|           1|
    |or_ln42_64_fu_2080_p2      |        or|   0|  0|   2|           1|           1|
    |or_ln42_65_fu_2202_p2      |        or|   0|  0|   2|           1|           1|
    |or_ln42_66_fu_2690_p2      |        or|   0|  0|   2|           1|           1|
    |or_ln42_67_fu_2283_p2      |        or|   0|  0|   2|           1|           1|
    |or_ln42_68_fu_2405_p2      |        or|   0|  0|   2|           1|           1|
    |or_ln42_69_fu_2729_p2      |        or|   0|  0|   2|           1|           1|
    |or_ln42_70_fu_2433_p2      |        or|   0|  0|   2|           1|           1|
    |or_ln42_71_fu_2472_p2      |        or|   0|  0|   2|           1|           1|
    |or_ln42_72_fu_2511_p2      |        or|   0|  0|   2|           1|           1|
    |or_ln42_73_fu_2550_p2      |        or|   0|  0|   2|           1|           1|
    |or_ln42_74_fu_2589_p2      |        or|   0|  0|   2|           1|           1|
    |or_ln42_75_fu_2628_p2      |        or|   0|  0|   2|           1|           1|
    |or_ln42_76_fu_2667_p2      |        or|   0|  0|   2|           1|           1|
    |or_ln42_77_fu_2706_p2      |        or|   0|  0|   2|           1|           1|
    |or_ln42_fu_664_p2          |        or|   0|  0|   2|           1|           1|
    |or_ln58_11_fu_2915_p2      |        or|   0|  0|   2|           1|           1|
    |or_ln58_12_fu_3017_p2      |        or|   0|  0|   2|           1|           1|
    |or_ln58_13_fu_3119_p2      |        or|   0|  0|   2|           1|           1|
    |or_ln58_14_fu_3251_p2      |        or|   0|  0|   2|           1|           1|
    |or_ln58_15_fu_3309_p2      |        or|   0|  0|   2|           1|           1|
    |or_ln58_fu_2813_p2         |        or|   0|  0|   2|           1|           1|
    |select_ln42_63_fu_772_p3   |    select|   0|  0|   2|           1|           1|
    |select_ln42_64_fu_2449_p3  |    select|   0|  0|  14|           1|          12|
    |select_ln42_65_fu_2461_p3  |    select|   0|  0|  13|           1|          13|
    |select_ln42_66_fu_947_p3   |    select|   0|  0|   2|           1|           1|
    |select_ln42_67_fu_975_p3   |    select|   0|  0|   2|           1|           1|
    |select_ln42_68_fu_2488_p3  |    select|   0|  0|  14|           1|          12|
    |select_ln42_69_fu_2500_p3  |    select|   0|  0|  13|           1|          13|
    |select_ln42_70_fu_1216_p3  |    select|   0|  0|   2|           1|           1|
    |select_ln42_71_fu_1244_p3  |    select|   0|  0|   2|           1|           1|
    |select_ln42_72_fu_2527_p3  |    select|   0|  0|  14|           1|          12|
    |select_ln42_73_fu_2539_p3  |    select|   0|  0|  13|           1|          13|
    |select_ln42_74_fu_1419_p3  |    select|   0|  0|   2|           1|           1|
    |select_ln42_75_fu_1447_p3  |    select|   0|  0|   2|           1|           1|
    |select_ln42_76_fu_2566_p3  |    select|   0|  0|  14|           1|          12|
    |select_ln42_77_fu_2578_p3  |    select|   0|  0|  13|           1|          13|
    |select_ln42_78_fu_1688_p3  |    select|   0|  0|   2|           1|           1|
    |select_ln42_79_fu_1716_p3  |    select|   0|  0|   2|           1|           1|
    |select_ln42_80_fu_2605_p3  |    select|   0|  0|  14|           1|          12|
    |select_ln42_81_fu_2617_p3  |    select|   0|  0|  13|           1|          13|
    |select_ln42_82_fu_1891_p3  |    select|   0|  0|   2|           1|           1|
    |select_ln42_83_fu_1919_p3  |    select|   0|  0|   2|           1|           1|
    |select_ln42_84_fu_2644_p3  |    select|   0|  0|  14|           1|          12|
    |select_ln42_85_fu_2656_p3  |    select|   0|  0|  13|           1|          13|
    |select_ln42_86_fu_2160_p3  |    select|   0|  0|   2|           1|           1|
    |select_ln42_87_fu_2188_p3  |    select|   0|  0|   2|           1|           1|
    |select_ln42_88_fu_2683_p3  |    select|   0|  0|  14|           1|          12|
    |select_ln42_89_fu_2695_p3  |    select|   0|  0|  13|           1|          13|
    |select_ln42_90_fu_2363_p3  |    select|   0|  0|   2|           1|           1|
    |select_ln42_91_fu_2391_p3  |    select|   0|  0|   2|           1|           1|
    |select_ln42_92_fu_2722_p3  |    select|   0|  0|  14|           1|          12|
    |select_ln42_93_fu_2734_p3  |    select|   0|  0|  13|           1|          13|
    |select_ln42_fu_744_p3      |    select|   0|  0|   2|           1|           1|
    |select_ln58_35_fu_2827_p3  |    select|   0|  0|  14|           1|          14|
    |select_ln58_36_fu_2835_p3  |    select|   0|  0|  13|           1|          13|
    |select_ln58_37_fu_2921_p3  |    select|   0|  0|  13|           1|          12|
    |select_ln58_38_fu_2929_p3  |    select|   0|  0|  14|           1|          14|
    |select_ln58_39_fu_2937_p3  |    select|   0|  0|  13|           1|          13|
    |select_ln58_40_fu_3023_p3  |    select|   0|  0|  13|           1|          12|
    |select_ln58_41_fu_3031_p3  |    select|   0|  0|  14|           1|          14|
    |select_ln58_42_fu_3039_p3  |    select|   0|  0|  13|           1|          13|
    |select_ln58_43_fu_3125_p3  |    select|   0|  0|  13|           1|          12|
    |select_ln58_44_fu_3133_p3  |    select|   0|  0|  14|           1|          14|
    |select_ln58_45_fu_3141_p3  |    select|   0|  0|  13|           1|          13|
    |select_ln58_46_fu_3257_p3  |    select|   0|  0|  13|           1|          12|
    |select_ln58_47_fu_3264_p3  |    select|   0|  0|  14|           1|          14|
    |select_ln58_48_fu_3271_p3  |    select|   0|  0|  13|           1|          13|
    |select_ln58_49_fu_3315_p3  |    select|   0|  0|  13|           1|          12|
    |select_ln58_50_fu_3322_p3  |    select|   0|  0|  14|           1|          14|
    |select_ln58_51_fu_3329_p3  |    select|   0|  0|  13|           1|          13|
    |select_ln58_fu_2819_p3     |    select|   0|  0|  13|           1|          12|
    |xor_ln42_100_fu_2176_p2    |       xor|   0|  0|   2|           1|           2|
    |xor_ln42_101_fu_2379_p2    |       xor|   0|  0|   2|           1|           2|
    |xor_ln42_63_fu_780_p2      |       xor|   0|  0|   2|           1|           2|
    |xor_ln42_64_fu_792_p2      |       xor|   0|  0|   2|           1|           2|
    |xor_ln42_65_fu_2438_p2     |       xor|   0|  0|   2|           1|           2|
    |xor_ln42_66_fu_897_p2      |       xor|   0|  0|   2|           1|           2|
    |xor_ln42_67_fu_983_p2      |       xor|   0|  0|   2|           1|           2|
    |xor_ln42_68_fu_995_p2      |       xor|   0|  0|   2|           1|           2|
    |xor_ln42_69_fu_2477_p2     |       xor|   0|  0|   2|           1|           2|
    |xor_ln42_70_fu_1166_p2     |       xor|   0|  0|   2|           1|           2|
    |xor_ln42_71_fu_1252_p2     |       xor|   0|  0|   2|           1|           2|
    |xor_ln42_72_fu_1264_p2     |       xor|   0|  0|   2|           1|           2|
    |xor_ln42_73_fu_2516_p2     |       xor|   0|  0|   2|           1|           2|
    |xor_ln42_74_fu_1369_p2     |       xor|   0|  0|   2|           1|           2|
    |xor_ln42_75_fu_1455_p2     |       xor|   0|  0|   2|           1|           2|
    |xor_ln42_76_fu_1467_p2     |       xor|   0|  0|   2|           1|           2|
    |xor_ln42_77_fu_2555_p2     |       xor|   0|  0|   2|           1|           2|
    |xor_ln42_78_fu_1638_p2     |       xor|   0|  0|   2|           1|           2|
    |xor_ln42_79_fu_1724_p2     |       xor|   0|  0|   2|           1|           2|
    |xor_ln42_80_fu_1736_p2     |       xor|   0|  0|   2|           1|           2|
    |xor_ln42_81_fu_2594_p2     |       xor|   0|  0|   2|           1|           2|
    |xor_ln42_82_fu_1841_p2     |       xor|   0|  0|   2|           1|           2|
    |xor_ln42_83_fu_1927_p2     |       xor|   0|  0|   2|           1|           2|
    |xor_ln42_84_fu_1939_p2     |       xor|   0|  0|   2|           1|           2|
    |xor_ln42_85_fu_2633_p2     |       xor|   0|  0|   2|           1|           2|
    |xor_ln42_86_fu_2110_p2     |       xor|   0|  0|   2|           1|           2|
    |xor_ln42_87_fu_2196_p2     |       xor|   0|  0|   2|           1|           2|
    |xor_ln42_88_fu_2208_p2     |       xor|   0|  0|   2|           1|           2|
    |xor_ln42_89_fu_2672_p2     |       xor|   0|  0|   2|           1|           2|
    |xor_ln42_90_fu_2313_p2     |       xor|   0|  0|   2|           1|           2|
    |xor_ln42_91_fu_2399_p2     |       xor|   0|  0|   2|           1|           2|
    |xor_ln42_92_fu_2411_p2     |       xor|   0|  0|   2|           1|           2|
    |xor_ln42_93_fu_2711_p2     |       xor|   0|  0|   2|           1|           2|
    |xor_ln42_94_fu_760_p2      |       xor|   0|  0|   2|           1|           2|
    |xor_ln42_95_fu_963_p2      |       xor|   0|  0|   2|           1|           2|
    |xor_ln42_96_fu_1232_p2     |       xor|   0|  0|   2|           1|           2|
    |xor_ln42_97_fu_1435_p2     |       xor|   0|  0|   2|           1|           2|
    |xor_ln42_98_fu_1704_p2     |       xor|   0|  0|   2|           1|           2|
    |xor_ln42_99_fu_1907_p2     |       xor|   0|  0|   2|           1|           2|
    |xor_ln42_fu_694_p2         |       xor|   0|  0|   2|           1|           2|
    |xor_ln58_47_fu_2789_p2     |       xor|   0|  0|   2|           1|           2|
    |xor_ln58_48_fu_2801_p2     |       xor|   0|  0|   2|           1|           1|
    |xor_ln58_49_fu_2807_p2     |       xor|   0|  0|   2|           1|           2|
    |xor_ln58_50_fu_2879_p2     |       xor|   0|  0|   2|           1|           2|
    |xor_ln58_51_fu_2891_p2     |       xor|   0|  0|   2|           1|           2|
    |xor_ln58_52_fu_2903_p2     |       xor|   0|  0|   2|           1|           1|
    |xor_ln58_53_fu_2909_p2     |       xor|   0|  0|   2|           1|           2|
    |xor_ln58_54_fu_2981_p2     |       xor|   0|  0|   2|           1|           2|
    |xor_ln58_55_fu_2993_p2     |       xor|   0|  0|   2|           1|           2|
    |xor_ln58_56_fu_3005_p2     |       xor|   0|  0|   2|           1|           1|
    |xor_ln58_57_fu_3011_p2     |       xor|   0|  0|   2|           1|           2|
    |xor_ln58_58_fu_3083_p2     |       xor|   0|  0|   2|           1|           2|
    |xor_ln58_59_fu_3095_p2     |       xor|   0|  0|   2|           1|           2|
    |xor_ln58_60_fu_3107_p2     |       xor|   0|  0|   2|           1|           1|
    |xor_ln58_61_fu_3113_p2     |       xor|   0|  0|   2|           1|           2|
    |xor_ln58_62_fu_3221_p2     |       xor|   0|  0|   2|           1|           2|
    |xor_ln58_63_fu_3231_p2     |       xor|   0|  0|   2|           1|           2|
    |xor_ln58_64_fu_3241_p2     |       xor|   0|  0|   2|           1|           1|
    |xor_ln58_65_fu_3245_p2     |       xor|   0|  0|   2|           1|           2|
    |xor_ln58_66_fu_3279_p2     |       xor|   0|  0|   2|           1|           2|
    |xor_ln58_67_fu_3289_p2     |       xor|   0|  0|   2|           1|           2|
    |xor_ln58_68_fu_3299_p2     |       xor|   0|  0|   2|           1|           1|
    |xor_ln58_69_fu_3303_p2     |       xor|   0|  0|   2|           1|           2|
    |xor_ln58_fu_2777_p2        |       xor|   0|  0|   2|           1|           2|
    +---------------------------+----------+----+---+----+------------+------------+
    |Total                      |          |   0|  0|1626|         638|         992|
    +---------------------------+----------+----+---+----+------------+------------+

    * Multiplexer: 
    +-------------+----+-----------+-----+-----------+
    |     Name    | LUT| Input Size| Bits| Total Bits|
    +-------------+----+-----------+-----+-----------+
    |ap_return_0  |  14|          3|   13|         39|
    |ap_return_1  |  14|          3|   13|         39|
    +-------------+----+-----------+-----+-----------+
    |Total        |  28|          6|   26|         78|
    +-------------+----+-----------+-----+-----------+

    * Register: 
    +------------------------+----+----+-----+-----------+
    |          Name          | FF | LUT| Bits| Const Bits|
    +------------------------+----+----+-----+-----------+
    |add_ln42_15_reg_3385    |  13|   0|   13|          0|
    |add_ln42_16_reg_3416    |  13|   0|   13|          0|
    |add_ln42_17_reg_3447    |  13|   0|   13|          0|
    |add_ln42_18_reg_3478    |  13|   0|   13|          0|
    |add_ln42_19_reg_3509    |  13|   0|   13|          0|
    |add_ln42_20_reg_3540    |  13|   0|   13|          0|
    |add_ln42_21_reg_3571    |  13|   0|   13|          0|
    |add_ln42_reg_3354       |  13|   0|   13|          0|
    |add_ln58_22_reg_3597    |  13|   0|   13|          0|
    |add_ln58_23_reg_3617    |  13|   0|   13|          0|
    |and_ln42_111_reg_3359   |   1|   0|    1|          0|
    |and_ln42_114_reg_3369   |   1|   0|    1|          0|
    |and_ln42_115_reg_3375   |   1|   0|    1|          0|
    |and_ln42_118_reg_3390   |   1|   0|    1|          0|
    |and_ln42_121_reg_3400   |   1|   0|    1|          0|
    |and_ln42_122_reg_3406   |   1|   0|    1|          0|
    |and_ln42_125_reg_3421   |   1|   0|    1|          0|
    |and_ln42_128_reg_3431   |   1|   0|    1|          0|
    |and_ln42_129_reg_3437   |   1|   0|    1|          0|
    |and_ln42_132_reg_3452   |   1|   0|    1|          0|
    |and_ln42_135_reg_3462   |   1|   0|    1|          0|
    |and_ln42_136_reg_3468   |   1|   0|    1|          0|
    |and_ln42_139_reg_3483   |   1|   0|    1|          0|
    |and_ln42_142_reg_3493   |   1|   0|    1|          0|
    |and_ln42_143_reg_3499   |   1|   0|    1|          0|
    |and_ln42_146_reg_3514   |   1|   0|    1|          0|
    |and_ln42_149_reg_3524   |   1|   0|    1|          0|
    |and_ln42_150_reg_3530   |   1|   0|    1|          0|
    |and_ln42_153_reg_3545   |   1|   0|    1|          0|
    |and_ln42_156_reg_3555   |   1|   0|    1|          0|
    |and_ln42_157_reg_3561   |   1|   0|    1|          0|
    |and_ln42_160_reg_3576   |   1|   0|    1|          0|
    |and_ln42_163_reg_3586   |   1|   0|    1|          0|
    |and_ln42_164_reg_3592   |   1|   0|    1|          0|
    |ap_ce_reg               |   1|   0|    1|          0|
    |ap_return_0_int_reg     |  13|   0|   13|          0|
    |ap_return_1_int_reg     |  13|   0|   13|          0|
    |data_16_val_int_reg     |  13|   0|   13|          0|
    |data_17_val_int_reg     |  13|   0|   13|          0|
    |data_18_val_int_reg     |  13|   0|   13|          0|
    |data_19_val_int_reg     |  13|   0|   13|          0|
    |data_20_val_int_reg     |  13|   0|   13|          0|
    |data_21_val_int_reg     |  13|   0|   13|          0|
    |data_22_val_int_reg     |  13|   0|   13|          0|
    |data_23_val_int_reg     |  13|   0|   13|          0|
    |data_24_val_int_reg     |  13|   0|   13|          0|
    |data_25_val_int_reg     |  13|   0|   13|          0|
    |data_26_val_int_reg     |  13|   0|   13|          0|
    |data_27_val_int_reg     |  13|   0|   13|          0|
    |data_28_val_int_reg     |  13|   0|   13|          0|
    |data_29_val_int_reg     |  13|   0|   13|          0|
    |data_30_val_int_reg     |  13|   0|   13|          0|
    |data_31_val_int_reg     |  13|   0|   13|          0|
    |icmp_ln42_64_reg_3364   |   1|   0|    1|          0|
    |icmp_ln42_68_reg_3395   |   1|   0|    1|          0|
    |icmp_ln42_72_reg_3426   |   1|   0|    1|          0|
    |icmp_ln42_76_reg_3457   |   1|   0|    1|          0|
    |icmp_ln42_80_reg_3488   |   1|   0|    1|          0|
    |icmp_ln42_84_reg_3519   |   1|   0|    1|          0|
    |icmp_ln42_88_reg_3550   |   1|   0|    1|          0|
    |icmp_ln42_92_reg_3581   |   1|   0|    1|          0|
    |idx_int_reg             |   5|   0|    5|          0|
    |tmp_3530_reg_3380       |   1|   0|    1|          0|
    |tmp_3536_reg_3411       |   1|   0|    1|          0|
    |tmp_3542_reg_3442       |   1|   0|    1|          0|
    |tmp_3548_reg_3473       |   1|   0|    1|          0|
    |tmp_3554_reg_3504       |   1|   0|    1|          0|
    |tmp_3560_reg_3535       |   1|   0|    1|          0|
    |tmp_3566_reg_3566       |   1|   0|    1|          0|
    |tmp_3580_reg_3603       |   1|   0|    1|          0|
    |tmp_3581_reg_3610       |   1|   0|    1|          0|
    |tmp_3582_reg_3623       |   1|   0|    1|          0|
    |tmp_3583_reg_3630       |   1|   0|    1|          0|
    |tmp_reg_3349            |   1|   0|    1|          0|
    |weights_10_val_int_reg  |  13|   0|   13|          0|
    |weights_11_val_int_reg  |  13|   0|   13|          0|
    |weights_12_val_int_reg  |  13|   0|   13|          0|
    |weights_13_val_int_reg  |  13|   0|   13|          0|
    |weights_14_val_int_reg  |  13|   0|   13|          0|
    |weights_15_val_int_reg  |  13|   0|   13|          0|
    |weights_8_val_int_reg   |  13|   0|   13|          0|
    |weights_9_val_int_reg   |  13|   0|   13|          0|
    +------------------------+----+----+-----+-----------+
    |Total                   | 518|   0|  518|          0|
    +------------------------+----+----+-----+-----------+



================================================================
== Interface
================================================================
* Summary: 
+----------------+-----+-----+------------+------------------------------------------------------------------------------------+--------------+
|    RTL Ports   | Dir | Bits|  Protocol  |                                    Source Object                                   |    C Type    |
+----------------+-----+-----+------------+------------------------------------------------------------------------------------+--------------+
|ap_clk          |   in|    1|  ap_ctrl_hs|  dense_latency<ap_fixed<13, 4, 4, 0, 0>, ap_fixed<13, 4, 4, 0, 0>, config5_dense>.1|  return value|
|ap_rst          |   in|    1|  ap_ctrl_hs|  dense_latency<ap_fixed<13, 4, 4, 0, 0>, ap_fixed<13, 4, 4, 0, 0>, config5_dense>.1|  return value|
|ap_return_0     |  out|   13|  ap_ctrl_hs|  dense_latency<ap_fixed<13, 4, 4, 0, 0>, ap_fixed<13, 4, 4, 0, 0>, config5_dense>.1|  return value|
|ap_return_1     |  out|   13|  ap_ctrl_hs|  dense_latency<ap_fixed<13, 4, 4, 0, 0>, ap_fixed<13, 4, 4, 0, 0>, config5_dense>.1|  return value|
|ap_ce           |   in|    1|  ap_ctrl_hs|  dense_latency<ap_fixed<13, 4, 4, 0, 0>, ap_fixed<13, 4, 4, 0, 0>, config5_dense>.1|  return value|
|data_16_val     |   in|   13|     ap_none|                                                                         data_16_val|        scalar|
|data_17_val     |   in|   13|     ap_none|                                                                         data_17_val|        scalar|
|data_18_val     |   in|   13|     ap_none|                                                                         data_18_val|        scalar|
|data_19_val     |   in|   13|     ap_none|                                                                         data_19_val|        scalar|
|data_20_val     |   in|   13|     ap_none|                                                                         data_20_val|        scalar|
|data_21_val     |   in|   13|     ap_none|                                                                         data_21_val|        scalar|
|data_22_val     |   in|   13|     ap_none|                                                                         data_22_val|        scalar|
|data_23_val     |   in|   13|     ap_none|                                                                         data_23_val|        scalar|
|data_24_val     |   in|   13|     ap_none|                                                                         data_24_val|        scalar|
|data_25_val     |   in|   13|     ap_none|                                                                         data_25_val|        scalar|
|data_26_val     |   in|   13|     ap_none|                                                                         data_26_val|        scalar|
|data_27_val     |   in|   13|     ap_none|                                                                         data_27_val|        scalar|
|data_28_val     |   in|   13|     ap_none|                                                                         data_28_val|        scalar|
|data_29_val     |   in|   13|     ap_none|                                                                         data_29_val|        scalar|
|data_30_val     |   in|   13|     ap_none|                                                                         data_30_val|        scalar|
|data_31_val     |   in|   13|     ap_none|                                                                         data_31_val|        scalar|
|weights_8_val   |   in|   13|     ap_none|                                                                       weights_8_val|        scalar|
|weights_9_val   |   in|   13|     ap_none|                                                                       weights_9_val|        scalar|
|weights_10_val  |   in|   13|     ap_none|                                                                      weights_10_val|        scalar|
|weights_11_val  |   in|   13|     ap_none|                                                                      weights_11_val|        scalar|
|weights_12_val  |   in|   13|     ap_none|                                                                      weights_12_val|        scalar|
|weights_13_val  |   in|   13|     ap_none|                                                                      weights_13_val|        scalar|
|weights_14_val  |   in|   13|     ap_none|                                                                      weights_14_val|        scalar|
|weights_15_val  |   in|   13|     ap_none|                                                                      weights_15_val|        scalar|
|idx             |   in|    5|     ap_none|                                                                                 idx|        scalar|
+----------------+-----+-----+------------+------------------------------------------------------------------------------------+--------------+

