

================================================================
== Vitis HLS Report for 'dense_latency_ap_fixed_13_4_4_0_0_ap_fixed_13_4_4_0_0_config5_dense_s'
================================================================
* Date:           Tue Feb 11 01:39:09 2025

* Version:        2023.2 (Build 4023990 on Oct 11 2023)
* Project:        myproject_prj
* Solution:       solution1 (Vivado IP Flow Target)
* Product family: virtexuplus
* Target device:  xcvu13p-flga2577-2-e


================================================================
== Performance Estimates
================================================================
+ Timing: 
    * Summary: 
    +--------+---------+----------+------------+
    |  Clock |  Target | Estimated| Uncertainty|
    +--------+---------+----------+------------+
    |ap_clk  |  5.00 ns|  4.339 ns|     0.62 ns|
    +--------+---------+----------+------------+

+ Latency: 
    * Summary: 
    +---------+---------+-----------+-----------+-----+-----+---------+
    |  Latency (cycles) |   Latency (absolute)  |  Interval | Pipeline|
    |   min   |   max   |    min    |    max    | min | max |   Type  |
    +---------+---------+-----------+-----------+-----+-----+---------+
    |        2|        2|  10.000 ns|  10.000 ns|    1|    1|      yes|
    +---------+---------+-----------+-----------+-----+-----+---------+

    + Detail: 
        * Instance: 
        N/A

        * Loop: 
        N/A



================================================================
== Utilization Estimates
================================================================
* Summary: 
+---------------------+---------+-------+---------+---------+------+
|         Name        | BRAM_18K|  DSP  |    FF   |   LUT   | URAM |
+---------------------+---------+-------+---------+---------+------+
|DSP                  |        -|      -|        -|        -|     -|
|Expression           |        -|      -|        0|     1626|     -|
|FIFO                 |        -|      -|        -|        -|     -|
|Instance             |        -|      8|        0|      292|     -|
|Memory               |        -|      -|        -|        -|     -|
|Multiplexer          |        -|      -|        -|       28|     -|
|Register             |        -|      -|      517|        -|     -|
+---------------------+---------+-------+---------+---------+------+
|Total                |        0|      8|      517|     1946|     0|
+---------------------+---------+-------+---------+---------+------+
|Available SLR        |     1344|   3072|   864000|   432000|   320|
+---------------------+---------+-------+---------+---------+------+
|Utilization SLR (%)  |        0|     ~0|       ~0|       ~0|     0|
+---------------------+---------+-------+---------+---------+------+
|Available            |     5376|  12288|  3456000|  1728000|  1280|
+---------------------+---------+-------+---------+---------+------+
|Utilization (%)      |        0|     ~0|       ~0|       ~0|     0|
+---------------------+---------+-------+---------+---------+------+

+ Detail: 
    * Instance: 
    +----------------------------+-----------------------+---------+----+---+----+-----+
    |          Instance          |         Module        | BRAM_18K| DSP| FF| LUT| URAM|
    +----------------------------+-----------------------+---------+----+---+----+-----+
    |mul_13s_13s_26_1_1_U719     |mul_13s_13s_26_1_1     |        0|   1|  0|   4|    0|
    |mul_13s_13s_26_1_1_U720     |mul_13s_13s_26_1_1     |        0|   1|  0|   4|    0|
    |mul_13s_13s_26_1_1_U721     |mul_13s_13s_26_1_1     |        0|   1|  0|   4|    0|
    |mul_13s_13s_26_1_1_U722     |mul_13s_13s_26_1_1     |        0|   1|  0|   4|    0|
    |mul_13s_13s_26_1_1_U723     |mul_13s_13s_26_1_1     |        0|   1|  0|   4|    0|
    |mul_13s_13s_26_1_1_U724     |mul_13s_13s_26_1_1     |        0|   1|  0|   4|    0|
    |mul_13s_13s_26_1_1_U725     |mul_13s_13s_26_1_1     |        0|   1|  0|   4|    0|
    |mul_13s_13s_26_1_1_U726     |mul_13s_13s_26_1_1     |        0|   1|  0|   4|    0|
    |sparsemux_27_4_13_1_0_U727  |sparsemux_27_4_13_1_0  |        0|   0|  0|  65|    0|
    |sparsemux_27_4_13_1_0_U728  |sparsemux_27_4_13_1_0  |        0|   0|  0|  65|    0|
    |sparsemux_27_4_13_1_0_U729  |sparsemux_27_4_13_1_0  |        0|   0|  0|  65|    0|
    |sparsemux_27_4_13_1_0_U730  |sparsemux_27_4_13_1_0  |        0|   0|  0|  65|    0|
    +----------------------------+-----------------------+---------+----+---+----+-----+
    |Total                       |                       |        0|   8|  0| 292|    0|
    +----------------------------+-----------------------+---------+----+---+----+-----+

    * DSP: 
    N/A

    * Memory: 
    N/A

    * FIFO: 
    N/A

    * Expression: 
    +----------------------------+----------+----+---+----+------------+------------+
    |        Variable Name       | Operation| DSP| FF| LUT| Bitwidth P0| Bitwidth P1|
    +----------------------------+----------+----+---+----+------------+------------+
    |add_ln42_22_fu_881_p2       |         +|   0|  0|  20|          13|          13|
    |add_ln42_23_fu_1150_p2      |         +|   0|  0|  20|          13|          13|
    |add_ln42_24_fu_1353_p2      |         +|   0|  0|  20|          13|          13|
    |add_ln42_25_fu_1622_p2      |         +|   0|  0|  20|          13|          13|
    |add_ln42_26_fu_1825_p2      |         +|   0|  0|  20|          13|          13|
    |add_ln42_27_fu_2094_p2      |         +|   0|  0|  20|          13|          13|
    |add_ln42_28_fu_2297_p2      |         +|   0|  0|  20|          13|          13|
    |add_ln42_fu_678_p2          |         +|   0|  0|  20|          13|          13|
    |add_ln58_16_fu_2855_p2      |         +|   0|  0|  21|          14|          14|
    |add_ln58_17_fu_2957_p2      |         +|   0|  0|  21|          14|          14|
    |add_ln58_18_fu_3059_p2      |         +|   0|  0|  21|          14|          14|
    |add_ln58_19_fu_3161_p2      |         +|   0|  0|  21|          14|          14|
    |add_ln58_20_fu_3197_p2      |         +|   0|  0|  21|          14|          14|
    |add_ln58_24_fu_2747_p2      |         +|   0|  0|  20|          13|          13|
    |add_ln58_25_fu_2849_p2      |         +|   0|  0|  20|          13|          13|
    |add_ln58_26_fu_2951_p2      |         +|   0|  0|  20|          13|          13|
    |add_ln58_27_fu_3053_p2      |         +|   0|  0|  20|          13|          13|
    |add_ln58_28_fu_3155_p2      |         +|   0|  0|  20|          13|          13|
    |add_ln58_29_fu_3191_p2      |         +|   0|  0|  20|          13|          13|
    |add_ln58_fu_2753_p2         |         +|   0|  0|  21|          14|          14|
    |and_ln42_166_fu_698_p2      |       and|   0|  0|   2|           1|           1|
    |and_ln42_167_fu_764_p2      |       and|   0|  0|   2|           1|           1|
    |and_ln42_168_fu_2427_p2     |       and|   0|  0|   2|           1|           1|
    |and_ln42_169_fu_796_p2      |       and|   0|  0|   2|           1|           1|
    |and_ln42_170_fu_802_p2      |       and|   0|  0|   2|           1|           1|
    |and_ln42_171_fu_2442_p2     |       and|   0|  0|   2|           1|           1|
    |and_ln42_172_fu_871_p2      |       and|   0|  0|   2|           1|           1|
    |and_ln42_173_fu_901_p2      |       and|   0|  0|   2|           1|           1|
    |and_ln42_174_fu_967_p2      |       and|   0|  0|   2|           1|           1|
    |and_ln42_175_fu_2466_p2     |       and|   0|  0|   2|           1|           1|
    |and_ln42_176_fu_999_p2      |       and|   0|  0|   2|           1|           1|
    |and_ln42_177_fu_1005_p2     |       and|   0|  0|   2|           1|           1|
    |and_ln42_178_fu_2481_p2     |       and|   0|  0|   2|           1|           1|
    |and_ln42_179_fu_1140_p2     |       and|   0|  0|   2|           1|           1|
    |and_ln42_180_fu_1170_p2     |       and|   0|  0|   2|           1|           1|
    |and_ln42_181_fu_1236_p2     |       and|   0|  0|   2|           1|           1|
    |and_ln42_182_fu_2505_p2     |       and|   0|  0|   2|           1|           1|
    |and_ln42_183_fu_1268_p2     |       and|   0|  0|   2|           1|           1|
    |and_ln42_184_fu_1274_p2     |       and|   0|  0|   2|           1|           1|
    |and_ln42_185_fu_2520_p2     |       and|   0|  0|   2|           1|           1|
    |and_ln42_186_fu_1343_p2     |       and|   0|  0|   2|           1|           1|
    |and_ln42_187_fu_1373_p2     |       and|   0|  0|   2|           1|           1|
    |and_ln42_188_fu_1439_p2     |       and|   0|  0|   2|           1|           1|
    |and_ln42_189_fu_2544_p2     |       and|   0|  0|   2|           1|           1|
    |and_ln42_190_fu_1471_p2     |       and|   0|  0|   2|           1|           1|
    |and_ln42_191_fu_1477_p2     |       and|   0|  0|   2|           1|           1|
    |and_ln42_192_fu_2559_p2     |       and|   0|  0|   2|           1|           1|
    |and_ln42_193_fu_1612_p2     |       and|   0|  0|   2|           1|           1|
    |and_ln42_194_fu_1642_p2     |       and|   0|  0|   2|           1|           1|
    |and_ln42_195_fu_1708_p2     |       and|   0|  0|   2|           1|           1|
    |and_ln42_196_fu_2583_p2     |       and|   0|  0|   2|           1|           1|
    |and_ln42_197_fu_1740_p2     |       and|   0|  0|   2|           1|           1|
    |and_ln42_198_fu_1746_p2     |       and|   0|  0|   2|           1|           1|
    |and_ln42_199_fu_2598_p2     |       and|   0|  0|   2|           1|           1|
    |and_ln42_200_fu_1815_p2     |       and|   0|  0|   2|           1|           1|
    |and_ln42_201_fu_1845_p2     |       and|   0|  0|   2|           1|           1|
    |and_ln42_202_fu_1911_p2     |       and|   0|  0|   2|           1|           1|
    |and_ln42_203_fu_2622_p2     |       and|   0|  0|   2|           1|           1|
    |and_ln42_204_fu_1943_p2     |       and|   0|  0|   2|           1|           1|
    |and_ln42_205_fu_1949_p2     |       and|   0|  0|   2|           1|           1|
    |and_ln42_206_fu_2637_p2     |       and|   0|  0|   2|           1|           1|
    |and_ln42_207_fu_2084_p2     |       and|   0|  0|   2|           1|           1|
    |and_ln42_208_fu_2114_p2     |       and|   0|  0|   2|           1|           1|
    |and_ln42_209_fu_2180_p2     |       and|   0|  0|   2|           1|           1|
    |and_ln42_210_fu_2661_p2     |       and|   0|  0|   2|           1|           1|
    |and_ln42_211_fu_2212_p2     |       and|   0|  0|   2|           1|           1|
    |and_ln42_212_fu_2218_p2     |       and|   0|  0|   2|           1|           1|
    |and_ln42_213_fu_2676_p2     |       and|   0|  0|   2|           1|           1|
    |and_ln42_214_fu_2287_p2     |       and|   0|  0|   2|           1|           1|
    |and_ln42_215_fu_2317_p2     |       and|   0|  0|   2|           1|           1|
    |and_ln42_216_fu_2383_p2     |       and|   0|  0|   2|           1|           1|
    |and_ln42_217_fu_2700_p2     |       and|   0|  0|   2|           1|           1|
    |and_ln42_218_fu_2415_p2     |       and|   0|  0|   2|           1|           1|
    |and_ln42_219_fu_2421_p2     |       and|   0|  0|   2|           1|           1|
    |and_ln42_220_fu_2715_p2     |       and|   0|  0|   2|           1|           1|
    |and_ln42_fu_668_p2          |       and|   0|  0|   2|           1|           1|
    |and_ln58_34_fu_2793_p2      |       and|   0|  0|   2|           1|           1|
    |and_ln58_35_fu_2883_p2      |       and|   0|  0|   2|           1|           1|
    |and_ln58_36_fu_2895_p2      |       and|   0|  0|   2|           1|           1|
    |and_ln58_37_fu_2985_p2      |       and|   0|  0|   2|           1|           1|
    |and_ln58_38_fu_2997_p2      |       and|   0|  0|   2|           1|           1|
    |and_ln58_39_fu_3087_p2      |       and|   0|  0|   2|           1|           1|
    |and_ln58_40_fu_3099_p2      |       and|   0|  0|   2|           1|           1|
    |and_ln58_41_fu_3224_p2      |       and|   0|  0|   2|           1|           1|
    |and_ln58_42_fu_3234_p2      |       and|   0|  0|   2|           1|           1|
    |and_ln58_43_fu_3282_p2      |       and|   0|  0|   2|           1|           1|
    |and_ln58_44_fu_3292_p2      |       and|   0|  0|   2|           1|           1|
    |and_ln58_fu_2781_p2         |       and|   0|  0|   2|           1|           1|
    |icmp_ln42_100_fu_939_p2     |      icmp|   0|  0|  12|           4|           1|
    |icmp_ln42_101_fu_1120_p2    |      icmp|   0|  0|  15|           8|           1|
    |icmp_ln42_102_fu_1186_p2    |      icmp|   0|  0|  10|           3|           2|
    |icmp_ln42_103_fu_1202_p2    |      icmp|   0|  0|  12|           4|           2|
    |icmp_ln42_104_fu_1208_p2    |      icmp|   0|  0|  12|           4|           1|
    |icmp_ln42_105_fu_1323_p2    |      icmp|   0|  0|  15|           8|           1|
    |icmp_ln42_106_fu_1389_p2    |      icmp|   0|  0|  10|           3|           2|
    |icmp_ln42_107_fu_1405_p2    |      icmp|   0|  0|  12|           4|           2|
    |icmp_ln42_108_fu_1411_p2    |      icmp|   0|  0|  12|           4|           1|
    |icmp_ln42_109_fu_1592_p2    |      icmp|   0|  0|  15|           8|           1|
    |icmp_ln42_110_fu_1658_p2    |      icmp|   0|  0|  10|           3|           2|
    |icmp_ln42_111_fu_1674_p2    |      icmp|   0|  0|  12|           4|           2|
    |icmp_ln42_112_fu_1680_p2    |      icmp|   0|  0|  12|           4|           1|
    |icmp_ln42_113_fu_1795_p2    |      icmp|   0|  0|  15|           8|           1|
    |icmp_ln42_114_fu_1861_p2    |      icmp|   0|  0|  10|           3|           2|
    |icmp_ln42_115_fu_1877_p2    |      icmp|   0|  0|  12|           4|           2|
    |icmp_ln42_116_fu_1883_p2    |      icmp|   0|  0|  12|           4|           1|
    |icmp_ln42_117_fu_2064_p2    |      icmp|   0|  0|  15|           8|           1|
    |icmp_ln42_118_fu_2130_p2    |      icmp|   0|  0|  10|           3|           2|
    |icmp_ln42_119_fu_2146_p2    |      icmp|   0|  0|  12|           4|           2|
    |icmp_ln42_120_fu_2152_p2    |      icmp|   0|  0|  12|           4|           1|
    |icmp_ln42_121_fu_2267_p2    |      icmp|   0|  0|  15|           8|           1|
    |icmp_ln42_122_fu_2333_p2    |      icmp|   0|  0|  10|           3|           2|
    |icmp_ln42_123_fu_2349_p2    |      icmp|   0|  0|  12|           4|           2|
    |icmp_ln42_124_fu_2355_p2    |      icmp|   0|  0|  12|           4|           1|
    |icmp_ln42_94_fu_714_p2      |      icmp|   0|  0|  10|           3|           2|
    |icmp_ln42_95_fu_730_p2      |      icmp|   0|  0|  12|           4|           2|
    |icmp_ln42_96_fu_736_p2      |      icmp|   0|  0|  12|           4|           1|
    |icmp_ln42_97_fu_851_p2      |      icmp|   0|  0|  15|           8|           1|
    |icmp_ln42_98_fu_917_p2      |      icmp|   0|  0|  10|           3|           2|
    |icmp_ln42_99_fu_933_p2      |      icmp|   0|  0|  12|           4|           2|
    |icmp_ln42_fu_648_p2         |      icmp|   0|  0|  15|           8|           1|
    |or_ln42_100_fu_2704_p2      |        or|   0|  0|   2|           1|           1|
    |or_ln42_70_fu_784_p2        |        or|   0|  0|   2|           1|           1|
    |or_ln42_71_fu_2454_p2       |        or|   0|  0|   2|           1|           1|
    |or_ln42_72_fu_865_p2        |        or|   0|  0|   2|           1|           1|
    |or_ln42_73_fu_987_p2        |        or|   0|  0|   2|           1|           1|
    |or_ln42_74_fu_2493_p2       |        or|   0|  0|   2|           1|           1|
    |or_ln42_75_fu_1134_p2       |        or|   0|  0|   2|           1|           1|
    |or_ln42_76_fu_1256_p2       |        or|   0|  0|   2|           1|           1|
    |or_ln42_77_fu_2532_p2       |        or|   0|  0|   2|           1|           1|
    |or_ln42_78_fu_1337_p2       |        or|   0|  0|   2|           1|           1|
    |or_ln42_79_fu_1459_p2       |        or|   0|  0|   2|           1|           1|
    |or_ln42_80_fu_2571_p2       |        or|   0|  0|   2|           1|           1|
    |or_ln42_81_fu_1606_p2       |        or|   0|  0|   2|           1|           1|
    |or_ln42_82_fu_1728_p2       |        or|   0|  0|   2|           1|           1|
    |or_ln42_83_fu_2610_p2       |        or|   0|  0|   2|           1|           1|
    |or_ln42_84_fu_1809_p2       |        or|   0|  0|   2|           1|           1|
    |or_ln42_85_fu_1931_p2       |        or|   0|  0|   2|           1|           1|
    |or_ln42_86_fu_2649_p2       |        or|   0|  0|   2|           1|           1|
    |or_ln42_87_fu_2078_p2       |        or|   0|  0|   2|           1|           1|
    |or_ln42_88_fu_2200_p2       |        or|   0|  0|   2|           1|           1|
    |or_ln42_89_fu_2688_p2       |        or|   0|  0|   2|           1|           1|
    |or_ln42_90_fu_2281_p2       |        or|   0|  0|   2|           1|           1|
    |or_ln42_91_fu_2403_p2       |        or|   0|  0|   2|           1|           1|
    |or_ln42_92_fu_2727_p2       |        or|   0|  0|   2|           1|           1|
    |or_ln42_93_fu_2431_p2       |        or|   0|  0|   2|           1|           1|
    |or_ln42_94_fu_2470_p2       |        or|   0|  0|   2|           1|           1|
    |or_ln42_95_fu_2509_p2       |        or|   0|  0|   2|           1|           1|
    |or_ln42_96_fu_2548_p2       |        or|   0|  0|   2|           1|           1|
    |or_ln42_97_fu_2587_p2       |        or|   0|  0|   2|           1|           1|
    |or_ln42_98_fu_2626_p2       |        or|   0|  0|   2|           1|           1|
    |or_ln42_99_fu_2665_p2       |        or|   0|  0|   2|           1|           1|
    |or_ln42_fu_662_p2           |        or|   0|  0|   2|           1|           1|
    |or_ln58_16_fu_2913_p2       |        or|   0|  0|   2|           1|           1|
    |or_ln58_17_fu_3015_p2       |        or|   0|  0|   2|           1|           1|
    |or_ln58_18_fu_3117_p2       |        or|   0|  0|   2|           1|           1|
    |or_ln58_19_fu_3249_p2       |        or|   0|  0|   2|           1|           1|
    |or_ln58_20_fu_3307_p2       |        or|   0|  0|   2|           1|           1|
    |or_ln58_fu_2811_p2          |        or|   0|  0|   2|           1|           1|
    |select_ln42_100_fu_2498_p3  |    select|   0|  0|  13|           1|          13|
    |select_ln42_101_fu_1214_p3  |    select|   0|  0|   2|           1|           1|
    |select_ln42_102_fu_1242_p3  |    select|   0|  0|   2|           1|           1|
    |select_ln42_103_fu_2525_p3  |    select|   0|  0|  14|           1|          12|
    |select_ln42_104_fu_2537_p3  |    select|   0|  0|  13|           1|          13|
    |select_ln42_105_fu_1417_p3  |    select|   0|  0|   2|           1|           1|
    |select_ln42_106_fu_1445_p3  |    select|   0|  0|   2|           1|           1|
    |select_ln42_107_fu_2564_p3  |    select|   0|  0|  14|           1|          12|
    |select_ln42_108_fu_2576_p3  |    select|   0|  0|  13|           1|          13|
    |select_ln42_109_fu_1686_p3  |    select|   0|  0|   2|           1|           1|
    |select_ln42_110_fu_1714_p3  |    select|   0|  0|   2|           1|           1|
    |select_ln42_111_fu_2603_p3  |    select|   0|  0|  14|           1|          12|
    |select_ln42_112_fu_2615_p3  |    select|   0|  0|  13|           1|          13|
    |select_ln42_113_fu_1889_p3  |    select|   0|  0|   2|           1|           1|
    |select_ln42_114_fu_1917_p3  |    select|   0|  0|   2|           1|           1|
    |select_ln42_115_fu_2642_p3  |    select|   0|  0|  14|           1|          12|
    |select_ln42_116_fu_2654_p3  |    select|   0|  0|  13|           1|          13|
    |select_ln42_117_fu_2158_p3  |    select|   0|  0|   2|           1|           1|
    |select_ln42_118_fu_2186_p3  |    select|   0|  0|   2|           1|           1|
    |select_ln42_119_fu_2681_p3  |    select|   0|  0|  14|           1|          12|
    |select_ln42_120_fu_2693_p3  |    select|   0|  0|  13|           1|          13|
    |select_ln42_121_fu_2361_p3  |    select|   0|  0|   2|           1|           1|
    |select_ln42_122_fu_2389_p3  |    select|   0|  0|   2|           1|           1|
    |select_ln42_123_fu_2720_p3  |    select|   0|  0|  14|           1|          12|
    |select_ln42_124_fu_2732_p3  |    select|   0|  0|  13|           1|          13|
    |select_ln42_94_fu_770_p3    |    select|   0|  0|   2|           1|           1|
    |select_ln42_95_fu_2447_p3   |    select|   0|  0|  14|           1|          12|
    |select_ln42_96_fu_2459_p3   |    select|   0|  0|  13|           1|          13|
    |select_ln42_97_fu_945_p3    |    select|   0|  0|   2|           1|           1|
    |select_ln42_98_fu_973_p3    |    select|   0|  0|   2|           1|           1|
    |select_ln42_99_fu_2486_p3   |    select|   0|  0|  14|           1|          12|
    |select_ln42_fu_742_p3       |    select|   0|  0|   2|           1|           1|
    |select_ln58_52_fu_2825_p3   |    select|   0|  0|  14|           1|          14|
    |select_ln58_53_fu_2833_p3   |    select|   0|  0|  13|           1|          13|
    |select_ln58_54_fu_2919_p3   |    select|   0|  0|  13|           1|          12|
    |select_ln58_55_fu_2927_p3   |    select|   0|  0|  14|           1|          14|
    |select_ln58_56_fu_2935_p3   |    select|   0|  0|  13|           1|          13|
    |select_ln58_57_fu_3021_p3   |    select|   0|  0|  13|           1|          12|
    |select_ln58_58_fu_3029_p3   |    select|   0|  0|  14|           1|          14|
    |select_ln58_59_fu_3037_p3   |    select|   0|  0|  13|           1|          13|
    |select_ln58_60_fu_3123_p3   |    select|   0|  0|  13|           1|          12|
    |select_ln58_61_fu_3131_p3   |    select|   0|  0|  14|           1|          14|
    |select_ln58_62_fu_3139_p3   |    select|   0|  0|  13|           1|          13|
    |select_ln58_63_fu_3255_p3   |    select|   0|  0|  13|           1|          12|
    |select_ln58_64_fu_3262_p3   |    select|   0|  0|  14|           1|          14|
    |select_ln58_65_fu_3269_p3   |    select|   0|  0|  13|           1|          13|
    |select_ln58_66_fu_3313_p3   |    select|   0|  0|  13|           1|          12|
    |select_ln58_67_fu_3320_p3   |    select|   0|  0|  14|           1|          14|
    |select_ln58_68_fu_3327_p3   |    select|   0|  0|  13|           1|          13|
    |select_ln58_fu_2817_p3      |    select|   0|  0|  13|           1|          12|
    |xor_ln42_100_fu_2475_p2     |       xor|   0|  0|   2|           1|           2|
    |xor_ln42_101_fu_1164_p2     |       xor|   0|  0|   2|           1|           2|
    |xor_ln42_102_fu_1250_p2     |       xor|   0|  0|   2|           1|           2|
    |xor_ln42_103_fu_1262_p2     |       xor|   0|  0|   2|           1|           2|
    |xor_ln42_104_fu_2514_p2     |       xor|   0|  0|   2|           1|           2|
    |xor_ln42_105_fu_1367_p2     |       xor|   0|  0|   2|           1|           2|
    |xor_ln42_106_fu_1453_p2     |       xor|   0|  0|   2|           1|           2|
    |xor_ln42_107_fu_1465_p2     |       xor|   0|  0|   2|           1|           2|
    |xor_ln42_108_fu_2553_p2     |       xor|   0|  0|   2|           1|           2|
    |xor_ln42_109_fu_1636_p2     |       xor|   0|  0|   2|           1|           2|
    |xor_ln42_110_fu_1722_p2     |       xor|   0|  0|   2|           1|           2|
    |xor_ln42_111_fu_1734_p2     |       xor|   0|  0|   2|           1|           2|
    |xor_ln42_112_fu_2592_p2     |       xor|   0|  0|   2|           1|           2|
    |xor_ln42_113_fu_1839_p2     |       xor|   0|  0|   2|           1|           2|
    |xor_ln42_114_fu_1925_p2     |       xor|   0|  0|   2|           1|           2|
    |xor_ln42_115_fu_1937_p2     |       xor|   0|  0|   2|           1|           2|
    |xor_ln42_116_fu_2631_p2     |       xor|   0|  0|   2|           1|           2|
    |xor_ln42_117_fu_2108_p2     |       xor|   0|  0|   2|           1|           2|
    |xor_ln42_118_fu_2194_p2     |       xor|   0|  0|   2|           1|           2|
    |xor_ln42_119_fu_2206_p2     |       xor|   0|  0|   2|           1|           2|
    |xor_ln42_120_fu_2670_p2     |       xor|   0|  0|   2|           1|           2|
    |xor_ln42_121_fu_2311_p2     |       xor|   0|  0|   2|           1|           2|
    |xor_ln42_122_fu_2397_p2     |       xor|   0|  0|   2|           1|           2|
    |xor_ln42_123_fu_2409_p2     |       xor|   0|  0|   2|           1|           2|
    |xor_ln42_124_fu_2709_p2     |       xor|   0|  0|   2|           1|           2|
    |xor_ln42_125_fu_758_p2      |       xor|   0|  0|   2|           1|           2|
    |xor_ln42_126_fu_961_p2      |       xor|   0|  0|   2|           1|           2|
    |xor_ln42_127_fu_1230_p2     |       xor|   0|  0|   2|           1|           2|
    |xor_ln42_128_fu_1433_p2     |       xor|   0|  0|   2|           1|           2|
    |xor_ln42_129_fu_1702_p2     |       xor|   0|  0|   2|           1|           2|
    |xor_ln42_130_fu_1905_p2     |       xor|   0|  0|   2|           1|           2|
    |xor_ln42_131_fu_2174_p2     |       xor|   0|  0|   2|           1|           2|
    |xor_ln42_132_fu_2377_p2     |       xor|   0|  0|   2|           1|           2|
    |xor_ln42_94_fu_778_p2       |       xor|   0|  0|   2|           1|           2|
    |xor_ln42_95_fu_790_p2       |       xor|   0|  0|   2|           1|           2|
    |xor_ln42_96_fu_2436_p2      |       xor|   0|  0|   2|           1|           2|
    |xor_ln42_97_fu_895_p2       |       xor|   0|  0|   2|           1|           2|
    |xor_ln42_98_fu_981_p2       |       xor|   0|  0|   2|           1|           2|
    |xor_ln42_99_fu_993_p2       |       xor|   0|  0|   2|           1|           2|
    |xor_ln42_fu_692_p2          |       xor|   0|  0|   2|           1|           2|
    |xor_ln58_70_fu_2787_p2      |       xor|   0|  0|   2|           1|           2|
    |xor_ln58_71_fu_2799_p2      |       xor|   0|  0|   2|           1|           1|
    |xor_ln58_72_fu_2805_p2      |       xor|   0|  0|   2|           1|           2|
    |xor_ln58_73_fu_2877_p2      |       xor|   0|  0|   2|           1|           2|
    |xor_ln58_74_fu_2889_p2      |       xor|   0|  0|   2|           1|           2|
    |xor_ln58_75_fu_2901_p2      |       xor|   0|  0|   2|           1|           1|
    |xor_ln58_76_fu_2907_p2      |       xor|   0|  0|   2|           1|           2|
    |xor_ln58_77_fu_2979_p2      |       xor|   0|  0|   2|           1|           2|
    |xor_ln58_78_fu_2991_p2      |       xor|   0|  0|   2|           1|           2|
    |xor_ln58_79_fu_3003_p2      |       xor|   0|  0|   2|           1|           1|
    |xor_ln58_80_fu_3009_p2      |       xor|   0|  0|   2|           1|           2|
    |xor_ln58_81_fu_3081_p2      |       xor|   0|  0|   2|           1|           2|
    |xor_ln58_82_fu_3093_p2      |       xor|   0|  0|   2|           1|           2|
    |xor_ln58_83_fu_3105_p2      |       xor|   0|  0|   2|           1|           1|
    |xor_ln58_84_fu_3111_p2      |       xor|   0|  0|   2|           1|           2|
    |xor_ln58_85_fu_3219_p2      |       xor|   0|  0|   2|           1|           2|
    |xor_ln58_86_fu_3229_p2      |       xor|   0|  0|   2|           1|           2|
    |xor_ln58_87_fu_3239_p2      |       xor|   0|  0|   2|           1|           1|
    |xor_ln58_88_fu_3243_p2      |       xor|   0|  0|   2|           1|           2|
    |xor_ln58_89_fu_3277_p2      |       xor|   0|  0|   2|           1|           2|
    |xor_ln58_90_fu_3287_p2      |       xor|   0|  0|   2|           1|           2|
    |xor_ln58_91_fu_3297_p2      |       xor|   0|  0|   2|           1|           1|
    |xor_ln58_92_fu_3301_p2      |       xor|   0|  0|   2|           1|           2|
    |xor_ln58_fu_2775_p2         |       xor|   0|  0|   2|           1|           2|
    +----------------------------+----------+----+---+----+------------+------------+
    |Total                       |          |   0|  0|1626|         638|         992|
    +----------------------------+----------+----+---+----+------------+------------+

    * Multiplexer: 
    +-------------+----+-----------+-----+-----------+
    |     Name    | LUT| Input Size| Bits| Total Bits|
    +-------------+----+-----------+-----+-----------+
    |ap_return_0  |  14|          3|   13|         39|
    |ap_return_1  |  14|          3|   13|         39|
    +-------------+----+-----------+-----+-----------+
    |Total        |  28|          6|   26|         78|
    +-------------+----+-----------+-----+-----------+

    * Register: 
    +------------------------+----+----+-----+-----------+
    |          Name          | FF | LUT| Bits| Const Bits|
    +------------------------+----+----+-----+-----------+
    |add_ln42_22_reg_3383    |  13|   0|   13|          0|
    |add_ln42_23_reg_3414    |  13|   0|   13|          0|
    |add_ln42_24_reg_3445    |  13|   0|   13|          0|
    |add_ln42_25_reg_3476    |  13|   0|   13|          0|
    |add_ln42_26_reg_3507    |  13|   0|   13|          0|
    |add_ln42_27_reg_3538    |  13|   0|   13|          0|
    |add_ln42_28_reg_3569    |  13|   0|   13|          0|
    |add_ln42_reg_3352       |  13|   0|   13|          0|
    |add_ln58_28_reg_3595    |  13|   0|   13|          0|
    |add_ln58_29_reg_3615    |  13|   0|   13|          0|
    |and_ln42_166_reg_3357   |   1|   0|    1|          0|
    |and_ln42_169_reg_3367   |   1|   0|    1|          0|
    |and_ln42_170_reg_3373   |   1|   0|    1|          0|
    |and_ln42_173_reg_3388   |   1|   0|    1|          0|
    |and_ln42_176_reg_3398   |   1|   0|    1|          0|
    |and_ln42_177_reg_3404   |   1|   0|    1|          0|
    |and_ln42_180_reg_3419   |   1|   0|    1|          0|
    |and_ln42_183_reg_3429   |   1|   0|    1|          0|
    |and_ln42_184_reg_3435   |   1|   0|    1|          0|
    |and_ln42_187_reg_3450   |   1|   0|    1|          0|
    |and_ln42_190_reg_3460   |   1|   0|    1|          0|
    |and_ln42_191_reg_3466   |   1|   0|    1|          0|
    |and_ln42_194_reg_3481   |   1|   0|    1|          0|
    |and_ln42_197_reg_3491   |   1|   0|    1|          0|
    |and_ln42_198_reg_3497   |   1|   0|    1|          0|
    |and_ln42_201_reg_3512   |   1|   0|    1|          0|
    |and_ln42_204_reg_3522   |   1|   0|    1|          0|
    |and_ln42_205_reg_3528   |   1|   0|    1|          0|
    |and_ln42_208_reg_3543   |   1|   0|    1|          0|
    |and_ln42_211_reg_3553   |   1|   0|    1|          0|
    |and_ln42_212_reg_3559   |   1|   0|    1|          0|
    |and_ln42_215_reg_3574   |   1|   0|    1|          0|
    |and_ln42_218_reg_3584   |   1|   0|    1|          0|
    |and_ln42_219_reg_3590   |   1|   0|    1|          0|
    |ap_ce_reg               |   1|   0|    1|          0|
    |ap_return_0_int_reg     |  13|   0|   13|          0|
    |ap_return_1_int_reg     |  13|   0|   13|          0|
    |data_0_val_int_reg      |  13|   0|   13|          0|
    |data_10_val_int_reg     |  13|   0|   13|          0|
    |data_11_val_int_reg     |  13|   0|   13|          0|
    |data_12_val_int_reg     |  13|   0|   13|          0|
    |data_13_val_int_reg     |  13|   0|   13|          0|
    |data_14_val_int_reg     |  13|   0|   13|          0|
    |data_15_val_int_reg     |  13|   0|   13|          0|
    |data_1_val_int_reg      |  13|   0|   13|          0|
    |data_2_val_int_reg      |  13|   0|   13|          0|
    |data_3_val_int_reg      |  13|   0|   13|          0|
    |data_4_val_int_reg      |  13|   0|   13|          0|
    |data_5_val_int_reg      |  13|   0|   13|          0|
    |data_6_val_int_reg      |  13|   0|   13|          0|
    |data_7_val_int_reg      |  13|   0|   13|          0|
    |data_8_val_int_reg      |  13|   0|   13|          0|
    |data_9_val_int_reg      |  13|   0|   13|          0|
    |icmp_ln42_103_reg_3424  |   1|   0|    1|          0|
    |icmp_ln42_107_reg_3455  |   1|   0|    1|          0|
    |icmp_ln42_111_reg_3486  |   1|   0|    1|          0|
    |icmp_ln42_115_reg_3517  |   1|   0|    1|          0|
    |icmp_ln42_119_reg_3548  |   1|   0|    1|          0|
    |icmp_ln42_123_reg_3579  |   1|   0|    1|          0|
    |icmp_ln42_95_reg_3362   |   1|   0|    1|          0|
    |icmp_ln42_99_reg_3393   |   1|   0|    1|          0|
    |idx_int_reg             |   4|   0|    4|          0|
    |tmp_3589_reg_3378       |   1|   0|    1|          0|
    |tmp_3595_reg_3409       |   1|   0|    1|          0|
    |tmp_3601_reg_3440       |   1|   0|    1|          0|
    |tmp_3607_reg_3471       |   1|   0|    1|          0|
    |tmp_3613_reg_3502       |   1|   0|    1|          0|
    |tmp_3619_reg_3533       |   1|   0|    1|          0|
    |tmp_3625_reg_3564       |   1|   0|    1|          0|
    |tmp_3639_reg_3601       |   1|   0|    1|          0|
    |tmp_3640_reg_3608       |   1|   0|    1|          0|
    |tmp_3641_reg_3621       |   1|   0|    1|          0|
    |tmp_3642_reg_3628       |   1|   0|    1|          0|
    |tmp_reg_3347            |   1|   0|    1|          0|
    |weights_0_val_int_reg   |  13|   0|   13|          0|
    |weights_1_val_int_reg   |  13|   0|   13|          0|
    |weights_2_val_int_reg   |  13|   0|   13|          0|
    |weights_3_val_int_reg   |  13|   0|   13|          0|
    |weights_4_val_int_reg   |  13|   0|   13|          0|
    |weights_5_val_int_reg   |  13|   0|   13|          0|
    |weights_6_val_int_reg   |  13|   0|   13|          0|
    |weights_7_val_int_reg   |  13|   0|   13|          0|
    +------------------------+----+----+-----+-----------+
    |Total                   | 517|   0|  517|          0|
    +------------------------+----+----+-----+-----------+



================================================================
== Interface
================================================================
* Summary: 
+---------------+-----+-----+------------+----------------------------------------------------------------------------------+--------------+
|   RTL Ports   | Dir | Bits|  Protocol  |                                   Source Object                                  |    C Type    |
+---------------+-----+-----+------------+----------------------------------------------------------------------------------+--------------+
|ap_clk         |   in|    1|  ap_ctrl_hs|  dense_latency<ap_fixed<13, 4, 4, 0, 0>, ap_fixed<13, 4, 4, 0, 0>, config5_dense>|  return value|
|ap_rst         |   in|    1|  ap_ctrl_hs|  dense_latency<ap_fixed<13, 4, 4, 0, 0>, ap_fixed<13, 4, 4, 0, 0>, config5_dense>|  return value|
|ap_return_0    |  out|   13|  ap_ctrl_hs|  dense_latency<ap_fixed<13, 4, 4, 0, 0>, ap_fixed<13, 4, 4, 0, 0>, config5_dense>|  return value|
|ap_return_1    |  out|   13|  ap_ctrl_hs|  dense_latency<ap_fixed<13, 4, 4, 0, 0>, ap_fixed<13, 4, 4, 0, 0>, config5_dense>|  return value|
|ap_ce          |   in|    1|  ap_ctrl_hs|  dense_latency<ap_fixed<13, 4, 4, 0, 0>, ap_fixed<13, 4, 4, 0, 0>, config5_dense>|  return value|
|data_0_val     |   in|   13|     ap_none|                                                                        data_0_val|        scalar|
|data_1_val     |   in|   13|     ap_none|                                                                        data_1_val|        scalar|
|data_2_val     |   in|   13|     ap_none|                                                                        data_2_val|        scalar|
|data_3_val     |   in|   13|     ap_none|                                                                        data_3_val|        scalar|
|data_4_val     |   in|   13|     ap_none|                                                                        data_4_val|        scalar|
|data_5_val     |   in|   13|     ap_none|                                                                        data_5_val|        scalar|
|data_6_val     |   in|   13|     ap_none|                                                                        data_6_val|        scalar|
|data_7_val     |   in|   13|     ap_none|                                                                        data_7_val|        scalar|
|data_8_val     |   in|   13|     ap_none|                                                                        data_8_val|        scalar|
|data_9_val     |   in|   13|     ap_none|                                                                        data_9_val|        scalar|
|data_10_val    |   in|   13|     ap_none|                                                                       data_10_val|        scalar|
|data_11_val    |   in|   13|     ap_none|                                                                       data_11_val|        scalar|
|data_12_val    |   in|   13|     ap_none|                                                                       data_12_val|        scalar|
|data_13_val    |   in|   13|     ap_none|                                                                       data_13_val|        scalar|
|data_14_val    |   in|   13|     ap_none|                                                                       data_14_val|        scalar|
|data_15_val    |   in|   13|     ap_none|                                                                       data_15_val|        scalar|
|weights_0_val  |   in|   13|     ap_none|                                                                     weights_0_val|        scalar|
|weights_1_val  |   in|   13|     ap_none|                                                                     weights_1_val|        scalar|
|weights_2_val  |   in|   13|     ap_none|                                                                     weights_2_val|        scalar|
|weights_3_val  |   in|   13|     ap_none|                                                                     weights_3_val|        scalar|
|weights_4_val  |   in|   13|     ap_none|                                                                     weights_4_val|        scalar|
|weights_5_val  |   in|   13|     ap_none|                                                                     weights_5_val|        scalar|
|weights_6_val  |   in|   13|     ap_none|                                                                     weights_6_val|        scalar|
|weights_7_val  |   in|   13|     ap_none|                                                                     weights_7_val|        scalar|
|idx            |   in|    4|     ap_none|                                                                               idx|        scalar|
+---------------+-----+-----+------------+----------------------------------------------------------------------------------+--------------+

