

================================================================
== Vitis HLS Report for 'transpose_ap_fixed_ap_fixed_13_4_4_0_0_config5_transpose_qk_s'
================================================================
* Date:           Tue Feb 11 01:02:32 2025

* Version:        2023.2 (Build 4023990 on Oct 11 2023)
* Project:        myproject_prj
* Solution:       solution1 (Vivado IP Flow Target)
* Product family: virtexuplus
* Target device:  xcvu13p-flga2577-2-e


================================================================
== Performance Estimates
================================================================
+ Timing: 
    * Summary: 
    +--------+---------+----------+------------+
    |  Clock |  Target | Estimated| Uncertainty|
    +--------+---------+----------+------------+
    |ap_clk  |  5.00 ns|      0 ns|     0.62 ns|
    +--------+---------+----------+------------+

+ Latency: 
    * Summary: 
    +---------+---------+----------+----------+-----+-----+---------+
    |  Latency (cycles) |  Latency (absolute) |  Interval | Pipeline|
    |   min   |   max   |    min   |    max   | min | max |   Type  |
    +---------+---------+----------+----------+-----+-----+---------+
    |        0|        0|      0 ns|      0 ns|    1|    1|      yes|
    +---------+---------+----------+----------+-----+-----+---------+

    + Detail: 
        * Instance: 
        N/A

        * Loop: 
        N/A

============================================================
+ Verbose Summary: Synthesis Manager
============================================================
InlineROM: 1
ExposeGlobal: 0
============================================================
+ Verbose Summary: CDFG Model
============================================================
IsTopModel: 0
ResetActiveHigh: 1
IsCombinational: 0
IsDatapathOnly: 0
HasWiredReturn: 1
HasMFsm: 2
HasVarLatency: 0
IsPipeline: 1
IsRtlPipelined: 0
IsInstanceOverlapped: 0
IsDontTouch: 0
HasImplIP: 0
IsGatedGlobalClock: 0

+ Individual pipeline summary: 
  * Pipeline-0: initiation interval (II) = 1, depth = 1


============================================================
+ Verbose Summary: Schedule
============================================================
* Number of FSM states : 1
* Pipeline : 1
  Pipeline-0 : II = 1, D = 1, States = { 1 }
* Dataflow Pipeline: 0

* FSM state transitions: 
1 --> 

* FSM state operations: 

State 1 <SV = 0> <Delay = 0.00>
ST_1 : Operation 2 [1/1] (0.00ns)   --->   "%data_47_val_read = read i13 @_ssdm_op_Read.ap_auto.i13, i13 %data_47_val" [firmware/nnet_utils/nnet_transpose.h:35]   --->   Operation 2 'read' 'data_47_val_read' <Predicate = true> <Delay = 0.00>
ST_1 : Operation 3 [1/1] (0.00ns)   --->   "%data_46_val_read = read i13 @_ssdm_op_Read.ap_auto.i13, i13 %data_46_val" [firmware/nnet_utils/nnet_transpose.h:35]   --->   Operation 3 'read' 'data_46_val_read' <Predicate = true> <Delay = 0.00>
ST_1 : Operation 4 [1/1] (0.00ns)   --->   "%data_45_val_read = read i13 @_ssdm_op_Read.ap_auto.i13, i13 %data_45_val" [firmware/nnet_utils/nnet_transpose.h:35]   --->   Operation 4 'read' 'data_45_val_read' <Predicate = true> <Delay = 0.00>
ST_1 : Operation 5 [1/1] (0.00ns)   --->   "%data_44_val_read = read i13 @_ssdm_op_Read.ap_auto.i13, i13 %data_44_val" [firmware/nnet_utils/nnet_transpose.h:35]   --->   Operation 5 'read' 'data_44_val_read' <Predicate = true> <Delay = 0.00>
ST_1 : Operation 6 [1/1] (0.00ns)   --->   "%data_43_val_read = read i13 @_ssdm_op_Read.ap_auto.i13, i13 %data_43_val" [firmware/nnet_utils/nnet_transpose.h:35]   --->   Operation 6 'read' 'data_43_val_read' <Predicate = true> <Delay = 0.00>
ST_1 : Operation 7 [1/1] (0.00ns)   --->   "%data_42_val_read = read i13 @_ssdm_op_Read.ap_auto.i13, i13 %data_42_val" [firmware/nnet_utils/nnet_transpose.h:35]   --->   Operation 7 'read' 'data_42_val_read' <Predicate = true> <Delay = 0.00>
ST_1 : Operation 8 [1/1] (0.00ns)   --->   "%data_41_val_read = read i13 @_ssdm_op_Read.ap_auto.i13, i13 %data_41_val" [firmware/nnet_utils/nnet_transpose.h:35]   --->   Operation 8 'read' 'data_41_val_read' <Predicate = true> <Delay = 0.00>
ST_1 : Operation 9 [1/1] (0.00ns)   --->   "%data_40_val_read = read i13 @_ssdm_op_Read.ap_auto.i13, i13 %data_40_val" [firmware/nnet_utils/nnet_transpose.h:35]   --->   Operation 9 'read' 'data_40_val_read' <Predicate = true> <Delay = 0.00>
ST_1 : Operation 10 [1/1] (0.00ns)   --->   "%data_39_val_read = read i13 @_ssdm_op_Read.ap_auto.i13, i13 %data_39_val" [firmware/nnet_utils/nnet_transpose.h:35]   --->   Operation 10 'read' 'data_39_val_read' <Predicate = true> <Delay = 0.00>
ST_1 : Operation 11 [1/1] (0.00ns)   --->   "%data_38_val_read = read i13 @_ssdm_op_Read.ap_auto.i13, i13 %data_38_val" [firmware/nnet_utils/nnet_transpose.h:35]   --->   Operation 11 'read' 'data_38_val_read' <Predicate = true> <Delay = 0.00>
ST_1 : Operation 12 [1/1] (0.00ns)   --->   "%data_37_val_read = read i13 @_ssdm_op_Read.ap_auto.i13, i13 %data_37_val" [firmware/nnet_utils/nnet_transpose.h:35]   --->   Operation 12 'read' 'data_37_val_read' <Predicate = true> <Delay = 0.00>
ST_1 : Operation 13 [1/1] (0.00ns)   --->   "%data_36_val_read = read i13 @_ssdm_op_Read.ap_auto.i13, i13 %data_36_val" [firmware/nnet_utils/nnet_transpose.h:35]   --->   Operation 13 'read' 'data_36_val_read' <Predicate = true> <Delay = 0.00>
ST_1 : Operation 14 [1/1] (0.00ns)   --->   "%data_35_val_read = read i13 @_ssdm_op_Read.ap_auto.i13, i13 %data_35_val" [firmware/nnet_utils/nnet_transpose.h:35]   --->   Operation 14 'read' 'data_35_val_read' <Predicate = true> <Delay = 0.00>
ST_1 : Operation 15 [1/1] (0.00ns)   --->   "%data_34_val_read = read i13 @_ssdm_op_Read.ap_auto.i13, i13 %data_34_val" [firmware/nnet_utils/nnet_transpose.h:35]   --->   Operation 15 'read' 'data_34_val_read' <Predicate = true> <Delay = 0.00>
ST_1 : Operation 16 [1/1] (0.00ns)   --->   "%data_33_val_read = read i13 @_ssdm_op_Read.ap_auto.i13, i13 %data_33_val" [firmware/nnet_utils/nnet_transpose.h:35]   --->   Operation 16 'read' 'data_33_val_read' <Predicate = true> <Delay = 0.00>
ST_1 : Operation 17 [1/1] (0.00ns)   --->   "%data_32_val_read = read i13 @_ssdm_op_Read.ap_auto.i13, i13 %data_32_val" [firmware/nnet_utils/nnet_transpose.h:35]   --->   Operation 17 'read' 'data_32_val_read' <Predicate = true> <Delay = 0.00>
ST_1 : Operation 18 [1/1] (0.00ns)   --->   "%data_31_val_read = read i13 @_ssdm_op_Read.ap_auto.i13, i13 %data_31_val" [firmware/nnet_utils/nnet_transpose.h:35]   --->   Operation 18 'read' 'data_31_val_read' <Predicate = true> <Delay = 0.00>
ST_1 : Operation 19 [1/1] (0.00ns)   --->   "%data_30_val_read = read i13 @_ssdm_op_Read.ap_auto.i13, i13 %data_30_val" [firmware/nnet_utils/nnet_transpose.h:35]   --->   Operation 19 'read' 'data_30_val_read' <Predicate = true> <Delay = 0.00>
ST_1 : Operation 20 [1/1] (0.00ns)   --->   "%data_29_val_read = read i13 @_ssdm_op_Read.ap_auto.i13, i13 %data_29_val" [firmware/nnet_utils/nnet_transpose.h:35]   --->   Operation 20 'read' 'data_29_val_read' <Predicate = true> <Delay = 0.00>
ST_1 : Operation 21 [1/1] (0.00ns)   --->   "%data_28_val_read = read i13 @_ssdm_op_Read.ap_auto.i13, i13 %data_28_val" [firmware/nnet_utils/nnet_transpose.h:35]   --->   Operation 21 'read' 'data_28_val_read' <Predicate = true> <Delay = 0.00>
ST_1 : Operation 22 [1/1] (0.00ns)   --->   "%data_27_val_read = read i13 @_ssdm_op_Read.ap_auto.i13, i13 %data_27_val" [firmware/nnet_utils/nnet_transpose.h:35]   --->   Operation 22 'read' 'data_27_val_read' <Predicate = true> <Delay = 0.00>
ST_1 : Operation 23 [1/1] (0.00ns)   --->   "%data_26_val_read = read i13 @_ssdm_op_Read.ap_auto.i13, i13 %data_26_val" [firmware/nnet_utils/nnet_transpose.h:35]   --->   Operation 23 'read' 'data_26_val_read' <Predicate = true> <Delay = 0.00>
ST_1 : Operation 24 [1/1] (0.00ns)   --->   "%data_25_val_read = read i13 @_ssdm_op_Read.ap_auto.i13, i13 %data_25_val" [firmware/nnet_utils/nnet_transpose.h:35]   --->   Operation 24 'read' 'data_25_val_read' <Predicate = true> <Delay = 0.00>
ST_1 : Operation 25 [1/1] (0.00ns)   --->   "%data_24_val_read = read i13 @_ssdm_op_Read.ap_auto.i13, i13 %data_24_val" [firmware/nnet_utils/nnet_transpose.h:35]   --->   Operation 25 'read' 'data_24_val_read' <Predicate = true> <Delay = 0.00>
ST_1 : Operation 26 [1/1] (0.00ns)   --->   "%data_23_val_read = read i13 @_ssdm_op_Read.ap_auto.i13, i13 %data_23_val" [firmware/nnet_utils/nnet_transpose.h:35]   --->   Operation 26 'read' 'data_23_val_read' <Predicate = true> <Delay = 0.00>
ST_1 : Operation 27 [1/1] (0.00ns)   --->   "%data_22_val_read = read i13 @_ssdm_op_Read.ap_auto.i13, i13 %data_22_val" [firmware/nnet_utils/nnet_transpose.h:35]   --->   Operation 27 'read' 'data_22_val_read' <Predicate = true> <Delay = 0.00>
ST_1 : Operation 28 [1/1] (0.00ns)   --->   "%data_21_val_read = read i13 @_ssdm_op_Read.ap_auto.i13, i13 %data_21_val" [firmware/nnet_utils/nnet_transpose.h:35]   --->   Operation 28 'read' 'data_21_val_read' <Predicate = true> <Delay = 0.00>
ST_1 : Operation 29 [1/1] (0.00ns)   --->   "%data_20_val_read = read i13 @_ssdm_op_Read.ap_auto.i13, i13 %data_20_val" [firmware/nnet_utils/nnet_transpose.h:35]   --->   Operation 29 'read' 'data_20_val_read' <Predicate = true> <Delay = 0.00>
ST_1 : Operation 30 [1/1] (0.00ns)   --->   "%data_19_val_read = read i13 @_ssdm_op_Read.ap_auto.i13, i13 %data_19_val" [firmware/nnet_utils/nnet_transpose.h:35]   --->   Operation 30 'read' 'data_19_val_read' <Predicate = true> <Delay = 0.00>
ST_1 : Operation 31 [1/1] (0.00ns)   --->   "%data_18_val_read = read i13 @_ssdm_op_Read.ap_auto.i13, i13 %data_18_val" [firmware/nnet_utils/nnet_transpose.h:35]   --->   Operation 31 'read' 'data_18_val_read' <Predicate = true> <Delay = 0.00>
ST_1 : Operation 32 [1/1] (0.00ns)   --->   "%data_17_val_read = read i13 @_ssdm_op_Read.ap_auto.i13, i13 %data_17_val" [firmware/nnet_utils/nnet_transpose.h:35]   --->   Operation 32 'read' 'data_17_val_read' <Predicate = true> <Delay = 0.00>
ST_1 : Operation 33 [1/1] (0.00ns)   --->   "%data_16_val_read = read i13 @_ssdm_op_Read.ap_auto.i13, i13 %data_16_val" [firmware/nnet_utils/nnet_transpose.h:35]   --->   Operation 33 'read' 'data_16_val_read' <Predicate = true> <Delay = 0.00>
ST_1 : Operation 34 [1/1] (0.00ns)   --->   "%data_15_val_read = read i13 @_ssdm_op_Read.ap_auto.i13, i13 %data_15_val" [firmware/nnet_utils/nnet_transpose.h:35]   --->   Operation 34 'read' 'data_15_val_read' <Predicate = true> <Delay = 0.00>
ST_1 : Operation 35 [1/1] (0.00ns)   --->   "%data_14_val_read = read i13 @_ssdm_op_Read.ap_auto.i13, i13 %data_14_val" [firmware/nnet_utils/nnet_transpose.h:35]   --->   Operation 35 'read' 'data_14_val_read' <Predicate = true> <Delay = 0.00>
ST_1 : Operation 36 [1/1] (0.00ns)   --->   "%data_13_val_read = read i13 @_ssdm_op_Read.ap_auto.i13, i13 %data_13_val" [firmware/nnet_utils/nnet_transpose.h:35]   --->   Operation 36 'read' 'data_13_val_read' <Predicate = true> <Delay = 0.00>
ST_1 : Operation 37 [1/1] (0.00ns)   --->   "%data_12_val_read = read i13 @_ssdm_op_Read.ap_auto.i13, i13 %data_12_val" [firmware/nnet_utils/nnet_transpose.h:35]   --->   Operation 37 'read' 'data_12_val_read' <Predicate = true> <Delay = 0.00>
ST_1 : Operation 38 [1/1] (0.00ns)   --->   "%data_11_val_read = read i13 @_ssdm_op_Read.ap_auto.i13, i13 %data_11_val" [firmware/nnet_utils/nnet_transpose.h:35]   --->   Operation 38 'read' 'data_11_val_read' <Predicate = true> <Delay = 0.00>
ST_1 : Operation 39 [1/1] (0.00ns)   --->   "%data_10_val_read = read i13 @_ssdm_op_Read.ap_auto.i13, i13 %data_10_val" [firmware/nnet_utils/nnet_transpose.h:35]   --->   Operation 39 'read' 'data_10_val_read' <Predicate = true> <Delay = 0.00>
ST_1 : Operation 40 [1/1] (0.00ns)   --->   "%data_9_val_read = read i13 @_ssdm_op_Read.ap_auto.i13, i13 %data_9_val" [firmware/nnet_utils/nnet_transpose.h:35]   --->   Operation 40 'read' 'data_9_val_read' <Predicate = true> <Delay = 0.00>
ST_1 : Operation 41 [1/1] (0.00ns)   --->   "%data_8_val_read = read i13 @_ssdm_op_Read.ap_auto.i13, i13 %data_8_val" [firmware/nnet_utils/nnet_transpose.h:35]   --->   Operation 41 'read' 'data_8_val_read' <Predicate = true> <Delay = 0.00>
ST_1 : Operation 42 [1/1] (0.00ns)   --->   "%data_7_val_read = read i13 @_ssdm_op_Read.ap_auto.i13, i13 %data_7_val" [firmware/nnet_utils/nnet_transpose.h:35]   --->   Operation 42 'read' 'data_7_val_read' <Predicate = true> <Delay = 0.00>
ST_1 : Operation 43 [1/1] (0.00ns)   --->   "%data_6_val_read = read i13 @_ssdm_op_Read.ap_auto.i13, i13 %data_6_val" [firmware/nnet_utils/nnet_transpose.h:35]   --->   Operation 43 'read' 'data_6_val_read' <Predicate = true> <Delay = 0.00>
ST_1 : Operation 44 [1/1] (0.00ns)   --->   "%data_5_val_read = read i13 @_ssdm_op_Read.ap_auto.i13, i13 %data_5_val" [firmware/nnet_utils/nnet_transpose.h:35]   --->   Operation 44 'read' 'data_5_val_read' <Predicate = true> <Delay = 0.00>
ST_1 : Operation 45 [1/1] (0.00ns)   --->   "%data_4_val_read = read i13 @_ssdm_op_Read.ap_auto.i13, i13 %data_4_val" [firmware/nnet_utils/nnet_transpose.h:35]   --->   Operation 45 'read' 'data_4_val_read' <Predicate = true> <Delay = 0.00>
ST_1 : Operation 46 [1/1] (0.00ns)   --->   "%data_3_val_read = read i13 @_ssdm_op_Read.ap_auto.i13, i13 %data_3_val" [firmware/nnet_utils/nnet_transpose.h:35]   --->   Operation 46 'read' 'data_3_val_read' <Predicate = true> <Delay = 0.00>
ST_1 : Operation 47 [1/1] (0.00ns)   --->   "%data_2_val_read = read i13 @_ssdm_op_Read.ap_auto.i13, i13 %data_2_val" [firmware/nnet_utils/nnet_transpose.h:35]   --->   Operation 47 'read' 'data_2_val_read' <Predicate = true> <Delay = 0.00>
ST_1 : Operation 48 [1/1] (0.00ns)   --->   "%data_1_val_read = read i13 @_ssdm_op_Read.ap_auto.i13, i13 %data_1_val" [firmware/nnet_utils/nnet_transpose.h:35]   --->   Operation 48 'read' 'data_1_val_read' <Predicate = true> <Delay = 0.00>
ST_1 : Operation 49 [1/1] (0.00ns)   --->   "%data_0_val_read = read i13 @_ssdm_op_Read.ap_auto.i13, i13 %data_0_val" [firmware/nnet_utils/nnet_transpose.h:35]   --->   Operation 49 'read' 'data_0_val_read' <Predicate = true> <Delay = 0.00>
ST_1 : Operation 50 [1/1] (0.00ns)   --->   "%mrv = insertvalue i624 <undef>, i13 %data_0_val_read" [firmware/nnet_utils/nnet_transpose.h:35]   --->   Operation 50 'insertvalue' 'mrv' <Predicate = true> <Delay = 0.00>
ST_1 : Operation 51 [1/1] (0.00ns)   --->   "%mrv_1 = insertvalue i624 %mrv, i13 %data_1_val_read" [firmware/nnet_utils/nnet_transpose.h:35]   --->   Operation 51 'insertvalue' 'mrv_1' <Predicate = true> <Delay = 0.00>
ST_1 : Operation 52 [1/1] (0.00ns)   --->   "%mrv_2 = insertvalue i624 %mrv_1, i13 %data_2_val_read" [firmware/nnet_utils/nnet_transpose.h:35]   --->   Operation 52 'insertvalue' 'mrv_2' <Predicate = true> <Delay = 0.00>
ST_1 : Operation 53 [1/1] (0.00ns)   --->   "%mrv_3 = insertvalue i624 %mrv_2, i13 %data_3_val_read" [firmware/nnet_utils/nnet_transpose.h:35]   --->   Operation 53 'insertvalue' 'mrv_3' <Predicate = true> <Delay = 0.00>
ST_1 : Operation 54 [1/1] (0.00ns)   --->   "%mrv_4 = insertvalue i624 %mrv_3, i13 %data_4_val_read" [firmware/nnet_utils/nnet_transpose.h:35]   --->   Operation 54 'insertvalue' 'mrv_4' <Predicate = true> <Delay = 0.00>
ST_1 : Operation 55 [1/1] (0.00ns)   --->   "%mrv_5 = insertvalue i624 %mrv_4, i13 %data_5_val_read" [firmware/nnet_utils/nnet_transpose.h:35]   --->   Operation 55 'insertvalue' 'mrv_5' <Predicate = true> <Delay = 0.00>
ST_1 : Operation 56 [1/1] (0.00ns)   --->   "%mrv_6 = insertvalue i624 %mrv_5, i13 %data_6_val_read" [firmware/nnet_utils/nnet_transpose.h:35]   --->   Operation 56 'insertvalue' 'mrv_6' <Predicate = true> <Delay = 0.00>
ST_1 : Operation 57 [1/1] (0.00ns)   --->   "%mrv_7 = insertvalue i624 %mrv_6, i13 %data_7_val_read" [firmware/nnet_utils/nnet_transpose.h:35]   --->   Operation 57 'insertvalue' 'mrv_7' <Predicate = true> <Delay = 0.00>
ST_1 : Operation 58 [1/1] (0.00ns)   --->   "%mrv_8 = insertvalue i624 %mrv_7, i13 %data_8_val_read" [firmware/nnet_utils/nnet_transpose.h:35]   --->   Operation 58 'insertvalue' 'mrv_8' <Predicate = true> <Delay = 0.00>
ST_1 : Operation 59 [1/1] (0.00ns)   --->   "%mrv_9 = insertvalue i624 %mrv_8, i13 %data_9_val_read" [firmware/nnet_utils/nnet_transpose.h:35]   --->   Operation 59 'insertvalue' 'mrv_9' <Predicate = true> <Delay = 0.00>
ST_1 : Operation 60 [1/1] (0.00ns)   --->   "%mrv_s = insertvalue i624 %mrv_9, i13 %data_10_val_read" [firmware/nnet_utils/nnet_transpose.h:35]   --->   Operation 60 'insertvalue' 'mrv_s' <Predicate = true> <Delay = 0.00>
ST_1 : Operation 61 [1/1] (0.00ns)   --->   "%mrv_10 = insertvalue i624 %mrv_s, i13 %data_11_val_read" [firmware/nnet_utils/nnet_transpose.h:35]   --->   Operation 61 'insertvalue' 'mrv_10' <Predicate = true> <Delay = 0.00>
ST_1 : Operation 62 [1/1] (0.00ns)   --->   "%mrv_11 = insertvalue i624 %mrv_10, i13 %data_24_val_read" [firmware/nnet_utils/nnet_transpose.h:35]   --->   Operation 62 'insertvalue' 'mrv_11' <Predicate = true> <Delay = 0.00>
ST_1 : Operation 63 [1/1] (0.00ns)   --->   "%mrv_12 = insertvalue i624 %mrv_11, i13 %data_25_val_read" [firmware/nnet_utils/nnet_transpose.h:35]   --->   Operation 63 'insertvalue' 'mrv_12' <Predicate = true> <Delay = 0.00>
ST_1 : Operation 64 [1/1] (0.00ns)   --->   "%mrv_13 = insertvalue i624 %mrv_12, i13 %data_26_val_read" [firmware/nnet_utils/nnet_transpose.h:35]   --->   Operation 64 'insertvalue' 'mrv_13' <Predicate = true> <Delay = 0.00>
ST_1 : Operation 65 [1/1] (0.00ns)   --->   "%mrv_14 = insertvalue i624 %mrv_13, i13 %data_27_val_read" [firmware/nnet_utils/nnet_transpose.h:35]   --->   Operation 65 'insertvalue' 'mrv_14' <Predicate = true> <Delay = 0.00>
ST_1 : Operation 66 [1/1] (0.00ns)   --->   "%mrv_15 = insertvalue i624 %mrv_14, i13 %data_28_val_read" [firmware/nnet_utils/nnet_transpose.h:35]   --->   Operation 66 'insertvalue' 'mrv_15' <Predicate = true> <Delay = 0.00>
ST_1 : Operation 67 [1/1] (0.00ns)   --->   "%mrv_16 = insertvalue i624 %mrv_15, i13 %data_29_val_read" [firmware/nnet_utils/nnet_transpose.h:35]   --->   Operation 67 'insertvalue' 'mrv_16' <Predicate = true> <Delay = 0.00>
ST_1 : Operation 68 [1/1] (0.00ns)   --->   "%mrv_17 = insertvalue i624 %mrv_16, i13 %data_30_val_read" [firmware/nnet_utils/nnet_transpose.h:35]   --->   Operation 68 'insertvalue' 'mrv_17' <Predicate = true> <Delay = 0.00>
ST_1 : Operation 69 [1/1] (0.00ns)   --->   "%mrv_18 = insertvalue i624 %mrv_17, i13 %data_31_val_read" [firmware/nnet_utils/nnet_transpose.h:35]   --->   Operation 69 'insertvalue' 'mrv_18' <Predicate = true> <Delay = 0.00>
ST_1 : Operation 70 [1/1] (0.00ns)   --->   "%mrv_19 = insertvalue i624 %mrv_18, i13 %data_32_val_read" [firmware/nnet_utils/nnet_transpose.h:35]   --->   Operation 70 'insertvalue' 'mrv_19' <Predicate = true> <Delay = 0.00>
ST_1 : Operation 71 [1/1] (0.00ns)   --->   "%mrv_20 = insertvalue i624 %mrv_19, i13 %data_33_val_read" [firmware/nnet_utils/nnet_transpose.h:35]   --->   Operation 71 'insertvalue' 'mrv_20' <Predicate = true> <Delay = 0.00>
ST_1 : Operation 72 [1/1] (0.00ns)   --->   "%mrv_21 = insertvalue i624 %mrv_20, i13 %data_34_val_read" [firmware/nnet_utils/nnet_transpose.h:35]   --->   Operation 72 'insertvalue' 'mrv_21' <Predicate = true> <Delay = 0.00>
ST_1 : Operation 73 [1/1] (0.00ns)   --->   "%mrv_22 = insertvalue i624 %mrv_21, i13 %data_35_val_read" [firmware/nnet_utils/nnet_transpose.h:35]   --->   Operation 73 'insertvalue' 'mrv_22' <Predicate = true> <Delay = 0.00>
ST_1 : Operation 74 [1/1] (0.00ns)   --->   "%mrv_23 = insertvalue i624 %mrv_22, i13 %data_12_val_read" [firmware/nnet_utils/nnet_transpose.h:35]   --->   Operation 74 'insertvalue' 'mrv_23' <Predicate = true> <Delay = 0.00>
ST_1 : Operation 75 [1/1] (0.00ns)   --->   "%mrv_24 = insertvalue i624 %mrv_23, i13 %data_13_val_read" [firmware/nnet_utils/nnet_transpose.h:35]   --->   Operation 75 'insertvalue' 'mrv_24' <Predicate = true> <Delay = 0.00>
ST_1 : Operation 76 [1/1] (0.00ns)   --->   "%mrv_25 = insertvalue i624 %mrv_24, i13 %data_14_val_read" [firmware/nnet_utils/nnet_transpose.h:35]   --->   Operation 76 'insertvalue' 'mrv_25' <Predicate = true> <Delay = 0.00>
ST_1 : Operation 77 [1/1] (0.00ns)   --->   "%mrv_26 = insertvalue i624 %mrv_25, i13 %data_15_val_read" [firmware/nnet_utils/nnet_transpose.h:35]   --->   Operation 77 'insertvalue' 'mrv_26' <Predicate = true> <Delay = 0.00>
ST_1 : Operation 78 [1/1] (0.00ns)   --->   "%mrv_27 = insertvalue i624 %mrv_26, i13 %data_16_val_read" [firmware/nnet_utils/nnet_transpose.h:35]   --->   Operation 78 'insertvalue' 'mrv_27' <Predicate = true> <Delay = 0.00>
ST_1 : Operation 79 [1/1] (0.00ns)   --->   "%mrv_28 = insertvalue i624 %mrv_27, i13 %data_17_val_read" [firmware/nnet_utils/nnet_transpose.h:35]   --->   Operation 79 'insertvalue' 'mrv_28' <Predicate = true> <Delay = 0.00>
ST_1 : Operation 80 [1/1] (0.00ns)   --->   "%mrv_29 = insertvalue i624 %mrv_28, i13 %data_18_val_read" [firmware/nnet_utils/nnet_transpose.h:35]   --->   Operation 80 'insertvalue' 'mrv_29' <Predicate = true> <Delay = 0.00>
ST_1 : Operation 81 [1/1] (0.00ns)   --->   "%mrv_30 = insertvalue i624 %mrv_29, i13 %data_19_val_read" [firmware/nnet_utils/nnet_transpose.h:35]   --->   Operation 81 'insertvalue' 'mrv_30' <Predicate = true> <Delay = 0.00>
ST_1 : Operation 82 [1/1] (0.00ns)   --->   "%mrv_31 = insertvalue i624 %mrv_30, i13 %data_20_val_read" [firmware/nnet_utils/nnet_transpose.h:35]   --->   Operation 82 'insertvalue' 'mrv_31' <Predicate = true> <Delay = 0.00>
ST_1 : Operation 83 [1/1] (0.00ns)   --->   "%mrv_32 = insertvalue i624 %mrv_31, i13 %data_21_val_read" [firmware/nnet_utils/nnet_transpose.h:35]   --->   Operation 83 'insertvalue' 'mrv_32' <Predicate = true> <Delay = 0.00>
ST_1 : Operation 84 [1/1] (0.00ns)   --->   "%mrv_33 = insertvalue i624 %mrv_32, i13 %data_22_val_read" [firmware/nnet_utils/nnet_transpose.h:35]   --->   Operation 84 'insertvalue' 'mrv_33' <Predicate = true> <Delay = 0.00>
ST_1 : Operation 85 [1/1] (0.00ns)   --->   "%mrv_34 = insertvalue i624 %mrv_33, i13 %data_23_val_read" [firmware/nnet_utils/nnet_transpose.h:35]   --->   Operation 85 'insertvalue' 'mrv_34' <Predicate = true> <Delay = 0.00>
ST_1 : Operation 86 [1/1] (0.00ns)   --->   "%mrv_35 = insertvalue i624 %mrv_34, i13 %data_36_val_read" [firmware/nnet_utils/nnet_transpose.h:35]   --->   Operation 86 'insertvalue' 'mrv_35' <Predicate = true> <Delay = 0.00>
ST_1 : Operation 87 [1/1] (0.00ns)   --->   "%mrv_36 = insertvalue i624 %mrv_35, i13 %data_37_val_read" [firmware/nnet_utils/nnet_transpose.h:35]   --->   Operation 87 'insertvalue' 'mrv_36' <Predicate = true> <Delay = 0.00>
ST_1 : Operation 88 [1/1] (0.00ns)   --->   "%mrv_37 = insertvalue i624 %mrv_36, i13 %data_38_val_read" [firmware/nnet_utils/nnet_transpose.h:35]   --->   Operation 88 'insertvalue' 'mrv_37' <Predicate = true> <Delay = 0.00>
ST_1 : Operation 89 [1/1] (0.00ns)   --->   "%mrv_38 = insertvalue i624 %mrv_37, i13 %data_39_val_read" [firmware/nnet_utils/nnet_transpose.h:35]   --->   Operation 89 'insertvalue' 'mrv_38' <Predicate = true> <Delay = 0.00>
ST_1 : Operation 90 [1/1] (0.00ns)   --->   "%mrv_39 = insertvalue i624 %mrv_38, i13 %data_40_val_read" [firmware/nnet_utils/nnet_transpose.h:35]   --->   Operation 90 'insertvalue' 'mrv_39' <Predicate = true> <Delay = 0.00>
ST_1 : Operation 91 [1/1] (0.00ns)   --->   "%mrv_40 = insertvalue i624 %mrv_39, i13 %data_41_val_read" [firmware/nnet_utils/nnet_transpose.h:35]   --->   Operation 91 'insertvalue' 'mrv_40' <Predicate = true> <Delay = 0.00>
ST_1 : Operation 92 [1/1] (0.00ns)   --->   "%mrv_41 = insertvalue i624 %mrv_40, i13 %data_42_val_read" [firmware/nnet_utils/nnet_transpose.h:35]   --->   Operation 92 'insertvalue' 'mrv_41' <Predicate = true> <Delay = 0.00>
ST_1 : Operation 93 [1/1] (0.00ns)   --->   "%mrv_42 = insertvalue i624 %mrv_41, i13 %data_43_val_read" [firmware/nnet_utils/nnet_transpose.h:35]   --->   Operation 93 'insertvalue' 'mrv_42' <Predicate = true> <Delay = 0.00>
ST_1 : Operation 94 [1/1] (0.00ns)   --->   "%mrv_43 = insertvalue i624 %mrv_42, i13 %data_44_val_read" [firmware/nnet_utils/nnet_transpose.h:35]   --->   Operation 94 'insertvalue' 'mrv_43' <Predicate = true> <Delay = 0.00>
ST_1 : Operation 95 [1/1] (0.00ns)   --->   "%mrv_44 = insertvalue i624 %mrv_43, i13 %data_45_val_read" [firmware/nnet_utils/nnet_transpose.h:35]   --->   Operation 95 'insertvalue' 'mrv_44' <Predicate = true> <Delay = 0.00>
ST_1 : Operation 96 [1/1] (0.00ns)   --->   "%mrv_45 = insertvalue i624 %mrv_44, i13 %data_46_val_read" [firmware/nnet_utils/nnet_transpose.h:35]   --->   Operation 96 'insertvalue' 'mrv_45' <Predicate = true> <Delay = 0.00>
ST_1 : Operation 97 [1/1] (0.00ns)   --->   "%mrv_46 = insertvalue i624 %mrv_45, i13 %data_47_val_read" [firmware/nnet_utils/nnet_transpose.h:35]   --->   Operation 97 'insertvalue' 'mrv_46' <Predicate = true> <Delay = 0.00>
ST_1 : Operation 98 [1/1] (0.00ns)   --->   "%ret_ln35 = ret i624 %mrv_46" [firmware/nnet_utils/nnet_transpose.h:35]   --->   Operation 98 'ret' 'ret_ln35' <Predicate = true> <Delay = 0.00>


============================================================
+ Verbose Summary: Timing violations
============================================================
Target clock period: 5.000ns, clock uncertainty: 0.625ns.

 <State 1>: 0.000ns
The critical path consists of the following:


============================================================
+ Verbose Summary: Binding
============================================================
N/A
* FSMD analyzer results:
  - Output states:
 - Input state : 
  - Chain level:
	State 1


============================================================
+ Verbose Summary: Datapath Resource usage 
============================================================
N/A
