================================================================
== Design Size Report
================================================================

* Total Instructions per Compilation Phase
+---------------+-----------------------------+--------------+----------------------------------------------------------------------------------------+
| Phase         | Step                        | Instructions | Description                                                                            |
+---------------+-----------------------------+--------------+----------------------------------------------------------------------------------------+
| Compile/Link  |                             |   9,227      | After all functions are compiled and linked into a single design                       |
|               |                             |              |                                                                                        |
| Unroll/Inline |                             |              | After user unroll and inline pragmas are applied                                       |
|               | (1) unroll                  | 621,626 *    | user unroll pragmas are applied                                                        |
|               | (2) simplification          | 309,198 *    | simplification of applied user unroll pragmas                                          |
|               | (3) inline                  | 309,524 *    | user inline pragmas are applied                                                        |
|               | (4) simplification          | 288,623 *    | simplification of applied user inline pragmas                                          |
|               |                             |              |                                                                                        |
| Array/Struct  |                             |              | After user array partition and struct aggregate/disaggregate pragmas are applied       |
|               | (1) array partition         | 507,866 *    | user array partition pragmas are applied                                               |
|               | (2) simplification          | 298,704 *    | simplification of applied user array partition & struct aggregate/disaggregate pragmas |
|               | (3) aggregate/disaggregate  | 298,704 *    | user struct aggregate/disaggregate pragmas are applied                                 |
|               | (4) array reshape           | 298,704 *    | apply array reshape pragmas                                                            |
|               | (5) access patterns         | 298,704 *    | array access pattern optmizations                                                      |
|               |                             |              |                                                                                        |
| Performance   |                             |              | After transformations are applied to meet performance pragma targets                   |
|               | (1) loop simplification     | 282,384 *    | loop and instruction simplification                                                    |
|               | (2) parallelization         | 282,218 *    | loops are unrolled or pipelined to meet performance targets                            |
|               | (3) array partition         | 281,738 *    | arrays are partitioned to meet performance targets                                     |
|               | (4) simplification          | 281,738 *    | simplification of design after performance transformations                             |
|               |                             |              |                                                                                        |
| HW Transforms |                             |              | After hardware transfomations                                                          |
|               | (1) lowering                | 282,238 *    | initial conversion to HW specific instructions                                         |
|               | (2) optimizations           | 278,440 *    | high level synthesis optimizations                                                     |
+---------------+-----------------------------+--------------+----------------------------------------------------------------------------------------+
    * - Exceeded design size warning message threshold

* Instructions per Function for each Compilation Phase
+-----------------------------------------+-------------------------+----------------+--------------------+--------------------+--------------------+--------------------+
| Function                                | Location                | Compile/Link   | Unroll/Inline      | Array/Struct       | Performance        | HW Transforms      |
+-----------------------------------------+-------------------------+----------------+--------------------+--------------------+--------------------+--------------------+
| + myproject                             | myproject.cpp:7         | 9,227          | 288,623 *          | 298,704 *          | 281,738 *          | 278,440 *          |
|  + hept<ap_fixed<13, 4, AP_RND_...      | nnet_hept.h:238         | 9,215          |                    |                    |                    |                    |
|   + transpose_qk<ap_fixed<13, 4,...     | nnet_hept.h:59          |   92 (2 calls) |                    |                    |                    |                    |
|    + transpose<ap_fixed<13, 4, AP...    | nnet_transpose.h:29     |   84 (2 calls) |                    |                    |                    |                    |
|       transfer_idx<config5_transpo...   | nnet_transpose.h:18     |   50 (2 calls) |                    |                    |                    |                    |
|   + transpose_v<ap_fixed<13, 4, ...     | nnet_hept.h:67          |   46           |                    |                    |                    |                    |
|    + transpose<ap_fixed<13, 4, AP...    | nnet_transpose.h:29     |   42           |                    |                    |                    |                    |
|       transfer_idx<config5_transpo...   | nnet_transpose.h:18     |   25           |                    |                    |                    |                    |
|   + pairwise_dist_sq_rbf<ap_fixe...     | nnet_hept.h:90          | 3,963          |                    |                    |                    |                    |
|      init_exp_table<config5, 1024...    | nnet_hept.h:82          |  422           |                    |                    |                    |                    |
|   + mask_and_normalize<ap_fixed<...     | nnet_hept.h:150         | 3,242          |                    |                    |                    |                    |
|      init_invert_table<config5, 1...    | nnet_hept.h:140         |  676           |                    |                    |                    |                    |
|   + bmm<ap_fixed<13, 4, AP_RND_C...     | nnet_hept.h:207         | 1,776          |                    |                    |                    |                    |
|      fill_zero<ap_fixed<13, 4, AP...    | nnet_helpers.h:304      |  755           |                    |                    |                    |                    |
|    + dense<ap_fixed<13, 4, AP_RND...    | nnet_dense.h:41         |  954           |                    |                    |                    |                    |
|     + dense                             | nnet_dense.h:50         |  952           |                    |                    |                    |                    |
|      + dense_latency<ap_fixed<13, 4...  | nnet_dense_latency.h:13 |  950           |                    |                    |                    |                    |
|         product                         | nnet_mult.h:70          |  141           |                    |                    |                    |                    |
|         cast<ap_fixed<13, 4, AP_RND_... | nnet_mult.h:110         |    3           |                    |                    |                    |                    |
|   + transpose_output<ap_fixed<13...     | nnet_hept.h:75          |   46           |                    |                    |                    |                    |
|    + transpose<ap_fixed<13, 4, AP...    | nnet_transpose.h:29     |   42           |                    |                    |                    |                    |
|       transfer_idx<config5_transpo...   | nnet_transpose.h:18     |   25           |                    |                    |                    |                    |
|  + transpose<ap_fixed<13, 4, AP...      | nnet_transpose.h:29     |                |  6,400 (2 calls)   |  6,082 (2 calls)   |  5,762 (2 calls)   |  5,762 (2 calls)   |
|     transfer_idx<config5_transpo...     | nnet_transpose.h:18     |                |  4,480 (320 calls) |  4,480 (320 calls) |  4,480 (320 calls) |  4,480 (320 calls) |
|  + transpose<ap_fixed<13, 4, AP...      | nnet_transpose.h:29     |                |  1,600             |  1,521             |  1,441             |  1,441             |
|     transfer_idx<config5_transpo...     | nnet_transpose.h:18     |                |  1,120 (80 calls)  |  1,120 (80 calls)  |  1,120 (80 calls)  |  1,120 (80 calls)  |
|    pairwise_dist_sq_rbf<ap_fixe...      | nnet_hept.h:90          |                | 146,078            | 145,361            | 145,041            | 145,041            |
|    mask_and_normalize<ap_fixed<...      | nnet_hept.h:150         |                | 56,758             | 55,941             | 55,521             | 55,521             |
|  + bmm<ap_fixed<13, 4, AP_RND_C...      | nnet_hept.h:207         |                | 76,132             | 82,650             | 65,204             | 65,244             |
|     dense_latency<ap_fixed<13, 4...     | nnet_dense_latency.h:13 |                | 75,800 (40 calls)  | 82,440 (40 calls)  | 65,000 (40 calls)  | 65,040 (40 calls)  |
|  + transpose<ap_fixed<13, 4, AP...      | nnet_transpose.h:29     |                |  1,600             |  1,521             |  1,441             |  1,441             |
|     transfer_idx<config5_transpo...     | nnet_transpose.h:18     |                |  1,120 (80 calls)  |  1,120 (80 calls)  |  1,120 (80 calls)  |  1,120 (80 calls)  |
+-----------------------------------------+-------------------------+----------------+--------------------+--------------------+--------------------+--------------------+
    * - Exceeded design size warning message threshold

* Design Size Message Settings
+---------------------------------------------+--------+------------------------------------------------------------------+
| Message Setting                             | Value  | Description                                                      |
+---------------------------------------------+--------+------------------------------------------------------------------+
| config_compile -design_size_maximum_warning | 100000 | Show a warning when total design instructions exceeds this value |
+---------------------------------------------+--------+------------------------------------------------------------------+


