

================================================================
== Vitis HLS Report for 'dense_latency_ap_fixed_13_4_4_0_0_ap_fixed_13_4_4_0_0_config5_dense_3'
================================================================
* Date:           Sun Feb  9 20:01:51 2025

* Version:        2023.2 (Build 4023990 on Oct 11 2023)
* Project:        myproject_prj
* Solution:       solution1 (Vivado IP Flow Target)
* Product family: virtexuplus
* Target device:  xcvu13p-flga2577-2-e


================================================================
== Performance Estimates
================================================================
+ Timing: 
    * Summary: 
    +--------+---------+----------+------------+
    |  Clock |  Target | Estimated| Uncertainty|
    +--------+---------+----------+------------+
    |ap_clk  |  5.00 ns|  4.339 ns|     0.62 ns|
    +--------+---------+----------+------------+

+ Latency: 
    * Summary: 
    +---------+---------+-----------+-----------+-----+-----+---------+
    |  Latency (cycles) |   Latency (absolute)  |  Interval | Pipeline|
    |   min   |   max   |    min    |    max    | min | max |   Type  |
    +---------+---------+-----------+-----------+-----+-----+---------+
    |        2|        2|  10.000 ns|  10.000 ns|    1|    1|      yes|
    +---------+---------+-----------+-----------+-----+-----+---------+

    + Detail: 
        * Instance: 
        N/A

        * Loop: 
        N/A



================================================================
== Utilization Estimates
================================================================
* Summary: 
+---------------------+---------+-------+---------+---------+------+
|         Name        | BRAM_18K|  DSP  |    FF   |   LUT   | URAM |
+---------------------+---------+-------+---------+---------+------+
|DSP                  |        -|      -|        -|        -|     -|
|Expression           |        -|      -|        0|     1626|     -|
|FIFO                 |        -|      -|        -|        -|     -|
|Instance             |        -|      8|        0|      292|     -|
|Memory               |        -|      -|        -|        -|     -|
|Multiplexer          |        -|      -|        -|       28|     -|
|Register             |        -|      -|      518|        -|     -|
+---------------------+---------+-------+---------+---------+------+
|Total                |        0|      8|      518|     1946|     0|
+---------------------+---------+-------+---------+---------+------+
|Available SLR        |     1344|   3072|   864000|   432000|   320|
+---------------------+---------+-------+---------+---------+------+
|Utilization SLR (%)  |        0|     ~0|       ~0|       ~0|     0|
+---------------------+---------+-------+---------+---------+------+
|Available            |     5376|  12288|  3456000|  1728000|  1280|
+---------------------+---------+-------+---------+---------+------+
|Utilization (%)      |        0|     ~0|       ~0|       ~0|     0|
+---------------------+---------+-------+---------+---------+------+

+ Detail: 
    * Instance: 
    +-----------------------------+-----------------------+---------+----+---+----+-----+
    |           Instance          |         Module        | BRAM_18K| DSP| FF| LUT| URAM|
    +-----------------------------+-----------------------+---------+----+---+----+-----+
    |mul_13s_13s_26_1_1_U1289     |mul_13s_13s_26_1_1     |        0|   1|  0|   4|    0|
    |mul_13s_13s_26_1_1_U1290     |mul_13s_13s_26_1_1     |        0|   1|  0|   4|    0|
    |mul_13s_13s_26_1_1_U1291     |mul_13s_13s_26_1_1     |        0|   1|  0|   4|    0|
    |mul_13s_13s_26_1_1_U1292     |mul_13s_13s_26_1_1     |        0|   1|  0|   4|    0|
    |mul_13s_13s_26_1_1_U1293     |mul_13s_13s_26_1_1     |        0|   1|  0|   4|    0|
    |mul_13s_13s_26_1_1_U1294     |mul_13s_13s_26_1_1     |        0|   1|  0|   4|    0|
    |mul_13s_13s_26_1_1_U1295     |mul_13s_13s_26_1_1     |        0|   1|  0|   4|    0|
    |mul_13s_13s_26_1_1_U1296     |mul_13s_13s_26_1_1     |        0|   1|  0|   4|    0|
    |sparsemux_27_5_13_1_0_U1297  |sparsemux_27_5_13_1_0  |        0|   0|  0|  65|    0|
    |sparsemux_27_5_13_1_0_U1298  |sparsemux_27_5_13_1_0  |        0|   0|  0|  65|    0|
    |sparsemux_27_5_13_1_0_U1299  |sparsemux_27_5_13_1_0  |        0|   0|  0|  65|    0|
    |sparsemux_27_5_13_1_0_U1300  |sparsemux_27_5_13_1_0  |        0|   0|  0|  65|    0|
    +-----------------------------+-----------------------+---------+----+---+----+-----+
    |Total                        |                       |        0|   8|  0| 292|    0|
    +-----------------------------+-----------------------+---------+----+---+----+-----+

    * DSP: 
    N/A

    * Memory: 
    N/A

    * FIFO: 
    N/A

    * Expression: 
    +---------------------------+----------+----+---+----+------------+------------+
    |       Variable Name       | Operation| DSP| FF| LUT| Bitwidth P0| Bitwidth P1|
    +---------------------------+----------+----+---+----+------------+------------+
    |add_ln42_1_fu_883_p2       |         +|   0|  0|  20|          13|          13|
    |add_ln42_2_fu_1152_p2      |         +|   0|  0|  20|          13|          13|
    |add_ln42_3_fu_1355_p2      |         +|   0|  0|  20|          13|          13|
    |add_ln42_4_fu_1624_p2      |         +|   0|  0|  20|          13|          13|
    |add_ln42_5_fu_1827_p2      |         +|   0|  0|  20|          13|          13|
    |add_ln42_6_fu_2096_p2      |         +|   0|  0|  20|          13|          13|
    |add_ln42_7_fu_2299_p2      |         +|   0|  0|  20|          13|          13|
    |add_ln42_fu_680_p2         |         +|   0|  0|  20|          13|          13|
    |add_ln58_10_fu_3157_p2     |         +|   0|  0|  20|          13|          13|
    |add_ln58_11_fu_3193_p2     |         +|   0|  0|  20|          13|          13|
    |add_ln58_1_fu_2857_p2      |         +|   0|  0|  21|          14|          14|
    |add_ln58_2_fu_2959_p2      |         +|   0|  0|  21|          14|          14|
    |add_ln58_3_fu_3061_p2      |         +|   0|  0|  21|          14|          14|
    |add_ln58_4_fu_3163_p2      |         +|   0|  0|  21|          14|          14|
    |add_ln58_5_fu_3199_p2      |         +|   0|  0|  21|          14|          14|
    |add_ln58_6_fu_2749_p2      |         +|   0|  0|  20|          13|          13|
    |add_ln58_7_fu_2851_p2      |         +|   0|  0|  20|          13|          13|
    |add_ln58_8_fu_2953_p2      |         +|   0|  0|  20|          13|          13|
    |add_ln58_9_fu_3055_p2      |         +|   0|  0|  20|          13|          13|
    |add_ln58_fu_2755_p2        |         +|   0|  0|  21|          14|          14|
    |and_ln42_10_fu_2468_p2     |       and|   0|  0|   2|           1|           1|
    |and_ln42_11_fu_1001_p2     |       and|   0|  0|   2|           1|           1|
    |and_ln42_12_fu_1007_p2     |       and|   0|  0|   2|           1|           1|
    |and_ln42_13_fu_2483_p2     |       and|   0|  0|   2|           1|           1|
    |and_ln42_14_fu_1142_p2     |       and|   0|  0|   2|           1|           1|
    |and_ln42_15_fu_1172_p2     |       and|   0|  0|   2|           1|           1|
    |and_ln42_16_fu_1238_p2     |       and|   0|  0|   2|           1|           1|
    |and_ln42_17_fu_2507_p2     |       and|   0|  0|   2|           1|           1|
    |and_ln42_18_fu_1270_p2     |       and|   0|  0|   2|           1|           1|
    |and_ln42_19_fu_1276_p2     |       and|   0|  0|   2|           1|           1|
    |and_ln42_1_fu_700_p2       |       and|   0|  0|   2|           1|           1|
    |and_ln42_20_fu_2522_p2     |       and|   0|  0|   2|           1|           1|
    |and_ln42_21_fu_1345_p2     |       and|   0|  0|   2|           1|           1|
    |and_ln42_22_fu_1375_p2     |       and|   0|  0|   2|           1|           1|
    |and_ln42_23_fu_1441_p2     |       and|   0|  0|   2|           1|           1|
    |and_ln42_24_fu_2546_p2     |       and|   0|  0|   2|           1|           1|
    |and_ln42_25_fu_1473_p2     |       and|   0|  0|   2|           1|           1|
    |and_ln42_26_fu_1479_p2     |       and|   0|  0|   2|           1|           1|
    |and_ln42_27_fu_2561_p2     |       and|   0|  0|   2|           1|           1|
    |and_ln42_28_fu_1614_p2     |       and|   0|  0|   2|           1|           1|
    |and_ln42_29_fu_1644_p2     |       and|   0|  0|   2|           1|           1|
    |and_ln42_2_fu_766_p2       |       and|   0|  0|   2|           1|           1|
    |and_ln42_30_fu_1710_p2     |       and|   0|  0|   2|           1|           1|
    |and_ln42_31_fu_2585_p2     |       and|   0|  0|   2|           1|           1|
    |and_ln42_32_fu_1742_p2     |       and|   0|  0|   2|           1|           1|
    |and_ln42_33_fu_1748_p2     |       and|   0|  0|   2|           1|           1|
    |and_ln42_34_fu_2600_p2     |       and|   0|  0|   2|           1|           1|
    |and_ln42_35_fu_1817_p2     |       and|   0|  0|   2|           1|           1|
    |and_ln42_36_fu_1847_p2     |       and|   0|  0|   2|           1|           1|
    |and_ln42_37_fu_1913_p2     |       and|   0|  0|   2|           1|           1|
    |and_ln42_38_fu_2624_p2     |       and|   0|  0|   2|           1|           1|
    |and_ln42_39_fu_1945_p2     |       and|   0|  0|   2|           1|           1|
    |and_ln42_3_fu_2429_p2      |       and|   0|  0|   2|           1|           1|
    |and_ln42_40_fu_1951_p2     |       and|   0|  0|   2|           1|           1|
    |and_ln42_41_fu_2639_p2     |       and|   0|  0|   2|           1|           1|
    |and_ln42_42_fu_2086_p2     |       and|   0|  0|   2|           1|           1|
    |and_ln42_43_fu_2116_p2     |       and|   0|  0|   2|           1|           1|
    |and_ln42_44_fu_2182_p2     |       and|   0|  0|   2|           1|           1|
    |and_ln42_45_fu_2663_p2     |       and|   0|  0|   2|           1|           1|
    |and_ln42_46_fu_2214_p2     |       and|   0|  0|   2|           1|           1|
    |and_ln42_47_fu_2220_p2     |       and|   0|  0|   2|           1|           1|
    |and_ln42_48_fu_2678_p2     |       and|   0|  0|   2|           1|           1|
    |and_ln42_49_fu_2289_p2     |       and|   0|  0|   2|           1|           1|
    |and_ln42_4_fu_798_p2       |       and|   0|  0|   2|           1|           1|
    |and_ln42_50_fu_2319_p2     |       and|   0|  0|   2|           1|           1|
    |and_ln42_51_fu_2385_p2     |       and|   0|  0|   2|           1|           1|
    |and_ln42_52_fu_2702_p2     |       and|   0|  0|   2|           1|           1|
    |and_ln42_53_fu_2417_p2     |       and|   0|  0|   2|           1|           1|
    |and_ln42_54_fu_2423_p2     |       and|   0|  0|   2|           1|           1|
    |and_ln42_55_fu_2717_p2     |       and|   0|  0|   2|           1|           1|
    |and_ln42_5_fu_804_p2       |       and|   0|  0|   2|           1|           1|
    |and_ln42_6_fu_2444_p2      |       and|   0|  0|   2|           1|           1|
    |and_ln42_7_fu_873_p2       |       and|   0|  0|   2|           1|           1|
    |and_ln42_8_fu_903_p2       |       and|   0|  0|   2|           1|           1|
    |and_ln42_9_fu_969_p2       |       and|   0|  0|   2|           1|           1|
    |and_ln42_fu_670_p2         |       and|   0|  0|   2|           1|           1|
    |and_ln58_10_fu_3284_p2     |       and|   0|  0|   2|           1|           1|
    |and_ln58_11_fu_3294_p2     |       and|   0|  0|   2|           1|           1|
    |and_ln58_1_fu_2795_p2      |       and|   0|  0|   2|           1|           1|
    |and_ln58_2_fu_2885_p2      |       and|   0|  0|   2|           1|           1|
    |and_ln58_3_fu_2897_p2      |       and|   0|  0|   2|           1|           1|
    |and_ln58_4_fu_2987_p2      |       and|   0|  0|   2|           1|           1|
    |and_ln58_5_fu_2999_p2      |       and|   0|  0|   2|           1|           1|
    |and_ln58_6_fu_3089_p2      |       and|   0|  0|   2|           1|           1|
    |and_ln58_7_fu_3101_p2      |       and|   0|  0|   2|           1|           1|
    |and_ln58_8_fu_3226_p2      |       and|   0|  0|   2|           1|           1|
    |and_ln58_9_fu_3236_p2      |       and|   0|  0|   2|           1|           1|
    |and_ln58_fu_2783_p2        |       and|   0|  0|   2|           1|           1|
    |icmp_ln42_10_fu_1204_p2    |      icmp|   0|  0|  12|           4|           2|
    |icmp_ln42_11_fu_1210_p2    |      icmp|   0|  0|  12|           4|           1|
    |icmp_ln42_12_fu_1325_p2    |      icmp|   0|  0|  15|           8|           1|
    |icmp_ln42_13_fu_1391_p2    |      icmp|   0|  0|  10|           3|           2|
    |icmp_ln42_14_fu_1407_p2    |      icmp|   0|  0|  12|           4|           2|
    |icmp_ln42_15_fu_1413_p2    |      icmp|   0|  0|  12|           4|           1|
    |icmp_ln42_16_fu_1594_p2    |      icmp|   0|  0|  15|           8|           1|
    |icmp_ln42_17_fu_1660_p2    |      icmp|   0|  0|  10|           3|           2|
    |icmp_ln42_18_fu_1676_p2    |      icmp|   0|  0|  12|           4|           2|
    |icmp_ln42_19_fu_1682_p2    |      icmp|   0|  0|  12|           4|           1|
    |icmp_ln42_1_fu_716_p2      |      icmp|   0|  0|  10|           3|           2|
    |icmp_ln42_20_fu_1797_p2    |      icmp|   0|  0|  15|           8|           1|
    |icmp_ln42_21_fu_1863_p2    |      icmp|   0|  0|  10|           3|           2|
    |icmp_ln42_22_fu_1879_p2    |      icmp|   0|  0|  12|           4|           2|
    |icmp_ln42_23_fu_1885_p2    |      icmp|   0|  0|  12|           4|           1|
    |icmp_ln42_24_fu_2066_p2    |      icmp|   0|  0|  15|           8|           1|
    |icmp_ln42_25_fu_2132_p2    |      icmp|   0|  0|  10|           3|           2|
    |icmp_ln42_26_fu_2148_p2    |      icmp|   0|  0|  12|           4|           2|
    |icmp_ln42_27_fu_2154_p2    |      icmp|   0|  0|  12|           4|           1|
    |icmp_ln42_28_fu_2269_p2    |      icmp|   0|  0|  15|           8|           1|
    |icmp_ln42_29_fu_2335_p2    |      icmp|   0|  0|  10|           3|           2|
    |icmp_ln42_2_fu_732_p2      |      icmp|   0|  0|  12|           4|           2|
    |icmp_ln42_30_fu_2351_p2    |      icmp|   0|  0|  12|           4|           2|
    |icmp_ln42_31_fu_2357_p2    |      icmp|   0|  0|  12|           4|           1|
    |icmp_ln42_3_fu_738_p2      |      icmp|   0|  0|  12|           4|           1|
    |icmp_ln42_4_fu_853_p2      |      icmp|   0|  0|  15|           8|           1|
    |icmp_ln42_5_fu_919_p2      |      icmp|   0|  0|  10|           3|           2|
    |icmp_ln42_6_fu_935_p2      |      icmp|   0|  0|  12|           4|           2|
    |icmp_ln42_7_fu_941_p2      |      icmp|   0|  0|  12|           4|           1|
    |icmp_ln42_8_fu_1122_p2     |      icmp|   0|  0|  15|           8|           1|
    |icmp_ln42_9_fu_1188_p2     |      icmp|   0|  0|  10|           3|           2|
    |icmp_ln42_fu_650_p2        |      icmp|   0|  0|  15|           8|           1|
    |or_ln42_10_fu_1461_p2      |        or|   0|  0|   2|           1|           1|
    |or_ln42_11_fu_2573_p2      |        or|   0|  0|   2|           1|           1|
    |or_ln42_12_fu_1608_p2      |        or|   0|  0|   2|           1|           1|
    |or_ln42_13_fu_1730_p2      |        or|   0|  0|   2|           1|           1|
    |or_ln42_14_fu_2612_p2      |        or|   0|  0|   2|           1|           1|
    |or_ln42_15_fu_1811_p2      |        or|   0|  0|   2|           1|           1|
    |or_ln42_16_fu_1933_p2      |        or|   0|  0|   2|           1|           1|
    |or_ln42_17_fu_2651_p2      |        or|   0|  0|   2|           1|           1|
    |or_ln42_18_fu_2080_p2      |        or|   0|  0|   2|           1|           1|
    |or_ln42_19_fu_2202_p2      |        or|   0|  0|   2|           1|           1|
    |or_ln42_1_fu_786_p2        |        or|   0|  0|   2|           1|           1|
    |or_ln42_20_fu_2690_p2      |        or|   0|  0|   2|           1|           1|
    |or_ln42_21_fu_2283_p2      |        or|   0|  0|   2|           1|           1|
    |or_ln42_22_fu_2405_p2      |        or|   0|  0|   2|           1|           1|
    |or_ln42_23_fu_2729_p2      |        or|   0|  0|   2|           1|           1|
    |or_ln42_24_fu_2433_p2      |        or|   0|  0|   2|           1|           1|
    |or_ln42_25_fu_2472_p2      |        or|   0|  0|   2|           1|           1|
    |or_ln42_26_fu_2511_p2      |        or|   0|  0|   2|           1|           1|
    |or_ln42_27_fu_2550_p2      |        or|   0|  0|   2|           1|           1|
    |or_ln42_28_fu_2589_p2      |        or|   0|  0|   2|           1|           1|
    |or_ln42_29_fu_2628_p2      |        or|   0|  0|   2|           1|           1|
    |or_ln42_2_fu_2456_p2       |        or|   0|  0|   2|           1|           1|
    |or_ln42_30_fu_2667_p2      |        or|   0|  0|   2|           1|           1|
    |or_ln42_31_fu_2706_p2      |        or|   0|  0|   2|           1|           1|
    |or_ln42_3_fu_867_p2        |        or|   0|  0|   2|           1|           1|
    |or_ln42_4_fu_989_p2        |        or|   0|  0|   2|           1|           1|
    |or_ln42_5_fu_2495_p2       |        or|   0|  0|   2|           1|           1|
    |or_ln42_6_fu_1136_p2       |        or|   0|  0|   2|           1|           1|
    |or_ln42_7_fu_1258_p2       |        or|   0|  0|   2|           1|           1|
    |or_ln42_8_fu_2534_p2       |        or|   0|  0|   2|           1|           1|
    |or_ln42_9_fu_1339_p2       |        or|   0|  0|   2|           1|           1|
    |or_ln42_fu_664_p2          |        or|   0|  0|   2|           1|           1|
    |or_ln58_1_fu_2915_p2       |        or|   0|  0|   2|           1|           1|
    |or_ln58_2_fu_3017_p2       |        or|   0|  0|   2|           1|           1|
    |or_ln58_3_fu_3119_p2       |        or|   0|  0|   2|           1|           1|
    |or_ln58_4_fu_3251_p2       |        or|   0|  0|   2|           1|           1|
    |or_ln58_5_fu_3309_p2       |        or|   0|  0|   2|           1|           1|
    |or_ln58_fu_2813_p2         |        or|   0|  0|   2|           1|           1|
    |select_ln42_10_fu_2527_p3  |    select|   0|  0|  14|           1|          12|
    |select_ln42_11_fu_2539_p3  |    select|   0|  0|  13|           1|          13|
    |select_ln42_12_fu_1419_p3  |    select|   0|  0|   2|           1|           1|
    |select_ln42_13_fu_1447_p3  |    select|   0|  0|   2|           1|           1|
    |select_ln42_14_fu_2566_p3  |    select|   0|  0|  14|           1|          12|
    |select_ln42_15_fu_2578_p3  |    select|   0|  0|  13|           1|          13|
    |select_ln42_16_fu_1688_p3  |    select|   0|  0|   2|           1|           1|
    |select_ln42_17_fu_1716_p3  |    select|   0|  0|   2|           1|           1|
    |select_ln42_18_fu_2605_p3  |    select|   0|  0|  14|           1|          12|
    |select_ln42_19_fu_2617_p3  |    select|   0|  0|  13|           1|          13|
    |select_ln42_1_fu_772_p3    |    select|   0|  0|   2|           1|           1|
    |select_ln42_20_fu_1891_p3  |    select|   0|  0|   2|           1|           1|
    |select_ln42_21_fu_1919_p3  |    select|   0|  0|   2|           1|           1|
    |select_ln42_22_fu_2644_p3  |    select|   0|  0|  14|           1|          12|
    |select_ln42_23_fu_2656_p3  |    select|   0|  0|  13|           1|          13|
    |select_ln42_24_fu_2160_p3  |    select|   0|  0|   2|           1|           1|
    |select_ln42_25_fu_2188_p3  |    select|   0|  0|   2|           1|           1|
    |select_ln42_26_fu_2683_p3  |    select|   0|  0|  14|           1|          12|
    |select_ln42_27_fu_2695_p3  |    select|   0|  0|  13|           1|          13|
    |select_ln42_28_fu_2363_p3  |    select|   0|  0|   2|           1|           1|
    |select_ln42_29_fu_2391_p3  |    select|   0|  0|   2|           1|           1|
    |select_ln42_2_fu_2449_p3   |    select|   0|  0|  14|           1|          12|
    |select_ln42_30_fu_2722_p3  |    select|   0|  0|  14|           1|          12|
    |select_ln42_31_fu_2734_p3  |    select|   0|  0|  13|           1|          13|
    |select_ln42_3_fu_2461_p3   |    select|   0|  0|  13|           1|          13|
    |select_ln42_4_fu_947_p3    |    select|   0|  0|   2|           1|           1|
    |select_ln42_5_fu_975_p3    |    select|   0|  0|   2|           1|           1|
    |select_ln42_6_fu_2488_p3   |    select|   0|  0|  14|           1|          12|
    |select_ln42_7_fu_2500_p3   |    select|   0|  0|  13|           1|          13|
    |select_ln42_8_fu_1216_p3   |    select|   0|  0|   2|           1|           1|
    |select_ln42_9_fu_1244_p3   |    select|   0|  0|   2|           1|           1|
    |select_ln42_fu_744_p3      |    select|   0|  0|   2|           1|           1|
    |select_ln58_10_fu_3133_p3  |    select|   0|  0|  14|           1|          14|
    |select_ln58_11_fu_3141_p3  |    select|   0|  0|  13|           1|          13|
    |select_ln58_12_fu_3257_p3  |    select|   0|  0|  13|           1|          12|
    |select_ln58_13_fu_3264_p3  |    select|   0|  0|  14|           1|          14|
    |select_ln58_14_fu_3271_p3  |    select|   0|  0|  13|           1|          13|
    |select_ln58_15_fu_3315_p3  |    select|   0|  0|  13|           1|          12|
    |select_ln58_16_fu_3322_p3  |    select|   0|  0|  14|           1|          14|
    |select_ln58_17_fu_3329_p3  |    select|   0|  0|  13|           1|          13|
    |select_ln58_1_fu_2827_p3   |    select|   0|  0|  14|           1|          14|
    |select_ln58_2_fu_2835_p3   |    select|   0|  0|  13|           1|          13|
    |select_ln58_3_fu_2921_p3   |    select|   0|  0|  13|           1|          12|
    |select_ln58_4_fu_2929_p3   |    select|   0|  0|  14|           1|          14|
    |select_ln58_5_fu_2937_p3   |    select|   0|  0|  13|           1|          13|
    |select_ln58_6_fu_3023_p3   |    select|   0|  0|  13|           1|          12|
    |select_ln58_7_fu_3031_p3   |    select|   0|  0|  14|           1|          14|
    |select_ln58_8_fu_3039_p3   |    select|   0|  0|  13|           1|          13|
    |select_ln58_9_fu_3125_p3   |    select|   0|  0|  13|           1|          12|
    |select_ln58_fu_2819_p3     |    select|   0|  0|  13|           1|          12|
    |xor_ln42_10_fu_1264_p2     |       xor|   0|  0|   2|           1|           2|
    |xor_ln42_11_fu_2516_p2     |       xor|   0|  0|   2|           1|           2|
    |xor_ln42_12_fu_1369_p2     |       xor|   0|  0|   2|           1|           2|
    |xor_ln42_13_fu_1455_p2     |       xor|   0|  0|   2|           1|           2|
    |xor_ln42_14_fu_1467_p2     |       xor|   0|  0|   2|           1|           2|
    |xor_ln42_15_fu_2555_p2     |       xor|   0|  0|   2|           1|           2|
    |xor_ln42_16_fu_1638_p2     |       xor|   0|  0|   2|           1|           2|
    |xor_ln42_17_fu_1724_p2     |       xor|   0|  0|   2|           1|           2|
    |xor_ln42_18_fu_1736_p2     |       xor|   0|  0|   2|           1|           2|
    |xor_ln42_19_fu_2594_p2     |       xor|   0|  0|   2|           1|           2|
    |xor_ln42_1_fu_780_p2       |       xor|   0|  0|   2|           1|           2|
    |xor_ln42_20_fu_1841_p2     |       xor|   0|  0|   2|           1|           2|
    |xor_ln42_21_fu_1927_p2     |       xor|   0|  0|   2|           1|           2|
    |xor_ln42_22_fu_1939_p2     |       xor|   0|  0|   2|           1|           2|
    |xor_ln42_23_fu_2633_p2     |       xor|   0|  0|   2|           1|           2|
    |xor_ln42_24_fu_2110_p2     |       xor|   0|  0|   2|           1|           2|
    |xor_ln42_25_fu_2196_p2     |       xor|   0|  0|   2|           1|           2|
    |xor_ln42_26_fu_2208_p2     |       xor|   0|  0|   2|           1|           2|
    |xor_ln42_27_fu_2672_p2     |       xor|   0|  0|   2|           1|           2|
    |xor_ln42_28_fu_2313_p2     |       xor|   0|  0|   2|           1|           2|
    |xor_ln42_29_fu_2399_p2     |       xor|   0|  0|   2|           1|           2|
    |xor_ln42_2_fu_792_p2       |       xor|   0|  0|   2|           1|           2|
    |xor_ln42_30_fu_2411_p2     |       xor|   0|  0|   2|           1|           2|
    |xor_ln42_31_fu_2711_p2     |       xor|   0|  0|   2|           1|           2|
    |xor_ln42_32_fu_760_p2      |       xor|   0|  0|   2|           1|           2|
    |xor_ln42_33_fu_963_p2      |       xor|   0|  0|   2|           1|           2|
    |xor_ln42_34_fu_1232_p2     |       xor|   0|  0|   2|           1|           2|
    |xor_ln42_35_fu_1435_p2     |       xor|   0|  0|   2|           1|           2|
    |xor_ln42_36_fu_1704_p2     |       xor|   0|  0|   2|           1|           2|
    |xor_ln42_37_fu_1907_p2     |       xor|   0|  0|   2|           1|           2|
    |xor_ln42_38_fu_2176_p2     |       xor|   0|  0|   2|           1|           2|
    |xor_ln42_39_fu_2379_p2     |       xor|   0|  0|   2|           1|           2|
    |xor_ln42_3_fu_2438_p2      |       xor|   0|  0|   2|           1|           2|
    |xor_ln42_4_fu_897_p2       |       xor|   0|  0|   2|           1|           2|
    |xor_ln42_5_fu_983_p2       |       xor|   0|  0|   2|           1|           2|
    |xor_ln42_6_fu_995_p2       |       xor|   0|  0|   2|           1|           2|
    |xor_ln42_7_fu_2477_p2      |       xor|   0|  0|   2|           1|           2|
    |xor_ln42_8_fu_1166_p2      |       xor|   0|  0|   2|           1|           2|
    |xor_ln42_9_fu_1252_p2      |       xor|   0|  0|   2|           1|           2|
    |xor_ln42_fu_694_p2         |       xor|   0|  0|   2|           1|           2|
    |xor_ln58_10_fu_3005_p2     |       xor|   0|  0|   2|           1|           1|
    |xor_ln58_11_fu_3011_p2     |       xor|   0|  0|   2|           1|           2|
    |xor_ln58_12_fu_3083_p2     |       xor|   0|  0|   2|           1|           2|
    |xor_ln58_13_fu_3095_p2     |       xor|   0|  0|   2|           1|           2|
    |xor_ln58_14_fu_3107_p2     |       xor|   0|  0|   2|           1|           1|
    |xor_ln58_15_fu_3113_p2     |       xor|   0|  0|   2|           1|           2|
    |xor_ln58_16_fu_3221_p2     |       xor|   0|  0|   2|           1|           2|
    |xor_ln58_17_fu_3231_p2     |       xor|   0|  0|   2|           1|           2|
    |xor_ln58_18_fu_3241_p2     |       xor|   0|  0|   2|           1|           1|
    |xor_ln58_19_fu_3245_p2     |       xor|   0|  0|   2|           1|           2|
    |xor_ln58_1_fu_2789_p2      |       xor|   0|  0|   2|           1|           2|
    |xor_ln58_20_fu_3279_p2     |       xor|   0|  0|   2|           1|           2|
    |xor_ln58_21_fu_3289_p2     |       xor|   0|  0|   2|           1|           2|
    |xor_ln58_22_fu_3299_p2     |       xor|   0|  0|   2|           1|           1|
    |xor_ln58_23_fu_3303_p2     |       xor|   0|  0|   2|           1|           2|
    |xor_ln58_2_fu_2801_p2      |       xor|   0|  0|   2|           1|           1|
    |xor_ln58_3_fu_2807_p2      |       xor|   0|  0|   2|           1|           2|
    |xor_ln58_4_fu_2879_p2      |       xor|   0|  0|   2|           1|           2|
    |xor_ln58_5_fu_2891_p2      |       xor|   0|  0|   2|           1|           2|
    |xor_ln58_6_fu_2903_p2      |       xor|   0|  0|   2|           1|           1|
    |xor_ln58_7_fu_2909_p2      |       xor|   0|  0|   2|           1|           2|
    |xor_ln58_8_fu_2981_p2      |       xor|   0|  0|   2|           1|           2|
    |xor_ln58_9_fu_2993_p2      |       xor|   0|  0|   2|           1|           2|
    |xor_ln58_fu_2777_p2        |       xor|   0|  0|   2|           1|           2|
    +---------------------------+----------+----+---+----+------------+------------+
    |Total                      |          |   0|  0|1626|         638|         992|
    +---------------------------+----------+----+---+----+------------+------------+

    * Multiplexer: 
    +-------------+----+-----------+-----+-----------+
    |     Name    | LUT| Input Size| Bits| Total Bits|
    +-------------+----+-----------+-----+-----------+
    |ap_return_0  |  14|          3|   13|         39|
    |ap_return_1  |  14|          3|   13|         39|
    +-------------+----+-----------+-----+-----------+
    |Total        |  28|          6|   26|         78|
    +-------------+----+-----------+-----+-----------+

    * Register: 
    +------------------------+----+----+-----+-----------+
    |          Name          | FF | LUT| Bits| Const Bits|
    +------------------------+----+----+-----+-----------+
    |add_ln42_1_reg_3385     |  13|   0|   13|          0|
    |add_ln42_2_reg_3416     |  13|   0|   13|          0|
    |add_ln42_3_reg_3447     |  13|   0|   13|          0|
    |add_ln42_4_reg_3478     |  13|   0|   13|          0|
    |add_ln42_5_reg_3509     |  13|   0|   13|          0|
    |add_ln42_6_reg_3540     |  13|   0|   13|          0|
    |add_ln42_7_reg_3571     |  13|   0|   13|          0|
    |add_ln42_reg_3354       |  13|   0|   13|          0|
    |add_ln58_10_reg_3597    |  13|   0|   13|          0|
    |add_ln58_11_reg_3617    |  13|   0|   13|          0|
    |and_ln42_11_reg_3400    |   1|   0|    1|          0|
    |and_ln42_12_reg_3406    |   1|   0|    1|          0|
    |and_ln42_15_reg_3421    |   1|   0|    1|          0|
    |and_ln42_18_reg_3431    |   1|   0|    1|          0|
    |and_ln42_19_reg_3437    |   1|   0|    1|          0|
    |and_ln42_1_reg_3359     |   1|   0|    1|          0|
    |and_ln42_22_reg_3452    |   1|   0|    1|          0|
    |and_ln42_25_reg_3462    |   1|   0|    1|          0|
    |and_ln42_26_reg_3468    |   1|   0|    1|          0|
    |and_ln42_29_reg_3483    |   1|   0|    1|          0|
    |and_ln42_32_reg_3493    |   1|   0|    1|          0|
    |and_ln42_33_reg_3499    |   1|   0|    1|          0|
    |and_ln42_36_reg_3514    |   1|   0|    1|          0|
    |and_ln42_39_reg_3524    |   1|   0|    1|          0|
    |and_ln42_40_reg_3530    |   1|   0|    1|          0|
    |and_ln42_43_reg_3545    |   1|   0|    1|          0|
    |and_ln42_46_reg_3555    |   1|   0|    1|          0|
    |and_ln42_47_reg_3561    |   1|   0|    1|          0|
    |and_ln42_4_reg_3369     |   1|   0|    1|          0|
    |and_ln42_50_reg_3576    |   1|   0|    1|          0|
    |and_ln42_53_reg_3586    |   1|   0|    1|          0|
    |and_ln42_54_reg_3592    |   1|   0|    1|          0|
    |and_ln42_5_reg_3375     |   1|   0|    1|          0|
    |and_ln42_8_reg_3390     |   1|   0|    1|          0|
    |ap_ce_reg               |   1|   0|    1|          0|
    |ap_return_0_int_reg     |  13|   0|   13|          0|
    |ap_return_1_int_reg     |  13|   0|   13|          0|
    |data_48_val_int_reg     |  13|   0|   13|          0|
    |data_49_val_int_reg     |  13|   0|   13|          0|
    |data_50_val_int_reg     |  13|   0|   13|          0|
    |data_51_val_int_reg     |  13|   0|   13|          0|
    |data_52_val_int_reg     |  13|   0|   13|          0|
    |data_53_val_int_reg     |  13|   0|   13|          0|
    |data_54_val_int_reg     |  13|   0|   13|          0|
    |data_55_val_int_reg     |  13|   0|   13|          0|
    |data_56_val_int_reg     |  13|   0|   13|          0|
    |data_57_val_int_reg     |  13|   0|   13|          0|
    |data_58_val_int_reg     |  13|   0|   13|          0|
    |data_59_val_int_reg     |  13|   0|   13|          0|
    |data_60_val_int_reg     |  13|   0|   13|          0|
    |data_61_val_int_reg     |  13|   0|   13|          0|
    |data_62_val_int_reg     |  13|   0|   13|          0|
    |data_63_val_int_reg     |  13|   0|   13|          0|
    |icmp_ln42_10_reg_3426   |   1|   0|    1|          0|
    |icmp_ln42_14_reg_3457   |   1|   0|    1|          0|
    |icmp_ln42_18_reg_3488   |   1|   0|    1|          0|
    |icmp_ln42_22_reg_3519   |   1|   0|    1|          0|
    |icmp_ln42_26_reg_3550   |   1|   0|    1|          0|
    |icmp_ln42_2_reg_3364    |   1|   0|    1|          0|
    |icmp_ln42_30_reg_3581   |   1|   0|    1|          0|
    |icmp_ln42_6_reg_3395    |   1|   0|    1|          0|
    |idx_int_reg             |   5|   0|    5|          0|
    |tmp_5460_reg_3380       |   1|   0|    1|          0|
    |tmp_5466_reg_3411       |   1|   0|    1|          0|
    |tmp_5472_reg_3442       |   1|   0|    1|          0|
    |tmp_5478_reg_3473       |   1|   0|    1|          0|
    |tmp_5484_reg_3504       |   1|   0|    1|          0|
    |tmp_5490_reg_3535       |   1|   0|    1|          0|
    |tmp_5496_reg_3566       |   1|   0|    1|          0|
    |tmp_5510_reg_3603       |   1|   0|    1|          0|
    |tmp_5511_reg_3610       |   1|   0|    1|          0|
    |tmp_5512_reg_3623       |   1|   0|    1|          0|
    |tmp_5513_reg_3630       |   1|   0|    1|          0|
    |tmp_reg_3349            |   1|   0|    1|          0|
    |weights_24_val_int_reg  |  13|   0|   13|          0|
    |weights_25_val_int_reg  |  13|   0|   13|          0|
    |weights_26_val_int_reg  |  13|   0|   13|          0|
    |weights_27_val_int_reg  |  13|   0|   13|          0|
    |weights_28_val_int_reg  |  13|   0|   13|          0|
    |weights_29_val_int_reg  |  13|   0|   13|          0|
    |weights_30_val_int_reg  |  13|   0|   13|          0|
    |weights_31_val_int_reg  |  13|   0|   13|          0|
    +------------------------+----+----+-----+-----------+
    |Total                   | 518|   0|  518|          0|
    +------------------------+----+----+-----+-----------+



================================================================
== Interface
================================================================
* Summary: 
+----------------+-----+-----+------------+------------------------------------------------------------------------------------+--------------+
|    RTL Ports   | Dir | Bits|  Protocol  |                                    Source Object                                   |    C Type    |
+----------------+-----+-----+------------+------------------------------------------------------------------------------------+--------------+
|ap_clk          |   in|    1|  ap_ctrl_hs|  dense_latency<ap_fixed<13, 4, 4, 0, 0>, ap_fixed<13, 4, 4, 0, 0>, config5_dense>.3|  return value|
|ap_rst          |   in|    1|  ap_ctrl_hs|  dense_latency<ap_fixed<13, 4, 4, 0, 0>, ap_fixed<13, 4, 4, 0, 0>, config5_dense>.3|  return value|
|ap_return_0     |  out|   13|  ap_ctrl_hs|  dense_latency<ap_fixed<13, 4, 4, 0, 0>, ap_fixed<13, 4, 4, 0, 0>, config5_dense>.3|  return value|
|ap_return_1     |  out|   13|  ap_ctrl_hs|  dense_latency<ap_fixed<13, 4, 4, 0, 0>, ap_fixed<13, 4, 4, 0, 0>, config5_dense>.3|  return value|
|ap_ce           |   in|    1|  ap_ctrl_hs|  dense_latency<ap_fixed<13, 4, 4, 0, 0>, ap_fixed<13, 4, 4, 0, 0>, config5_dense>.3|  return value|
|data_48_val     |   in|   13|     ap_none|                                                                         data_48_val|        scalar|
|data_49_val     |   in|   13|     ap_none|                                                                         data_49_val|        scalar|
|data_50_val     |   in|   13|     ap_none|                                                                         data_50_val|        scalar|
|data_51_val     |   in|   13|     ap_none|                                                                         data_51_val|        scalar|
|data_52_val     |   in|   13|     ap_none|                                                                         data_52_val|        scalar|
|data_53_val     |   in|   13|     ap_none|                                                                         data_53_val|        scalar|
|data_54_val     |   in|   13|     ap_none|                                                                         data_54_val|        scalar|
|data_55_val     |   in|   13|     ap_none|                                                                         data_55_val|        scalar|
|data_56_val     |   in|   13|     ap_none|                                                                         data_56_val|        scalar|
|data_57_val     |   in|   13|     ap_none|                                                                         data_57_val|        scalar|
|data_58_val     |   in|   13|     ap_none|                                                                         data_58_val|        scalar|
|data_59_val     |   in|   13|     ap_none|                                                                         data_59_val|        scalar|
|data_60_val     |   in|   13|     ap_none|                                                                         data_60_val|        scalar|
|data_61_val     |   in|   13|     ap_none|                                                                         data_61_val|        scalar|
|data_62_val     |   in|   13|     ap_none|                                                                         data_62_val|        scalar|
|data_63_val     |   in|   13|     ap_none|                                                                         data_63_val|        scalar|
|weights_24_val  |   in|   13|     ap_none|                                                                      weights_24_val|        scalar|
|weights_25_val  |   in|   13|     ap_none|                                                                      weights_25_val|        scalar|
|weights_26_val  |   in|   13|     ap_none|                                                                      weights_26_val|        scalar|
|weights_27_val  |   in|   13|     ap_none|                                                                      weights_27_val|        scalar|
|weights_28_val  |   in|   13|     ap_none|                                                                      weights_28_val|        scalar|
|weights_29_val  |   in|   13|     ap_none|                                                                      weights_29_val|        scalar|
|weights_30_val  |   in|   13|     ap_none|                                                                      weights_30_val|        scalar|
|weights_31_val  |   in|   13|     ap_none|                                                                      weights_31_val|        scalar|
|idx             |   in|    5|     ap_none|                                                                                 idx|        scalar|
+----------------+-----+-----+------------+------------------------------------------------------------------------------------+--------------+

