

================================================================
== Vitis HLS Report for 'bmm_ap_fixed_13_4_4_0_0_ap_fixed_13_4_4_0_0_config5_s'
================================================================
* Date:           Tue Feb 11 01:20:06 2025

* Version:        2023.2 (Build 4023990 on Oct 11 2023)
* Project:        myproject_prj
* Solution:       solution1 (Vivado IP Flow Target)
* Product family: virtexuplus
* Target device:  xcvu13p-flga2577-2-e


================================================================
== Performance Estimates
================================================================
+ Timing: 
    * Summary: 
    +--------+---------+----------+------------+
    |  Clock |  Target | Estimated| Uncertainty|
    +--------+---------+----------+------------+
    |ap_clk  |  5.00 ns|  4.294 ns|     0.62 ns|
    +--------+---------+----------+------------+

+ Latency: 
    * Summary: 
    +---------+---------+----------+----------+-----+-----+---------+
    |  Latency (cycles) |  Latency (absolute) |  Interval | Pipeline|
    |   min   |   max   |    min   |    max   | min | max |   Type  |
    +---------+---------+----------+----------+-----+-----+---------+
    |        1|        1|  5.000 ns|  5.000 ns|    1|    1|      yes|
    +---------+---------+----------+----------+-----+-----+---------+

    + Detail: 
        * Instance: 
        N/A

        * Loop: 
        N/A

============================================================
+ Verbose Summary: Synthesis Manager
============================================================
InlineROM: 1
ExposeGlobal: 0
============================================================
+ Verbose Summary: CDFG Model
============================================================
IsTopModel: 0
ResetActiveHigh: 1
IsCombinational: 0
IsDatapathOnly: 0
HasWiredReturn: 1
HasMFsm: 2
HasVarLatency: 0
IsPipeline: 1
IsRtlPipelined: 1
IsInstanceOverlapped: 0
IsDontTouch: 0
HasImplIP: 0
IsGatedGlobalClock: 0

+ Individual pipeline summary: 
  * Pipeline-0: initiation interval (II) = 1, depth = 2


============================================================
+ Verbose Summary: Schedule
============================================================
* Number of FSM states : 2
* Pipeline : 1
  Pipeline-0 : II = 1, D = 2, States = { 1 2 }
* Dataflow Pipeline: 0

* FSM state transitions: 
1 --> 2 
2 --> 

* FSM state operations: 

State 1 <SV = 0> <Delay = 4.29>
ST_1 : Operation 3 [1/1] (0.00ns)   --->   "%value_47_val226_read = read i13 @_ssdm_op_Read.ap_auto.i13, i13 %value_47_val226" [firmware/nnet_utils/nnet_dense.h:54->firmware/nnet_utils/nnet_dense.h:45->firmware/nnet_utils/nnet_hept.h:227]   --->   Operation 3 'read' 'value_47_val226_read' <Predicate = true> <Delay = 0.00>
ST_1 : Operation 4 [1/1] (0.00ns)   --->   "%value_46_val224_read = read i13 @_ssdm_op_Read.ap_auto.i13, i13 %value_46_val224" [firmware/nnet_utils/nnet_dense.h:54->firmware/nnet_utils/nnet_dense.h:45->firmware/nnet_utils/nnet_hept.h:227]   --->   Operation 4 'read' 'value_46_val224_read' <Predicate = true> <Delay = 0.00>
ST_1 : Operation 5 [1/1] (0.00ns)   --->   "%value_45_val222_read = read i13 @_ssdm_op_Read.ap_auto.i13, i13 %value_45_val222" [firmware/nnet_utils/nnet_dense.h:54->firmware/nnet_utils/nnet_dense.h:45->firmware/nnet_utils/nnet_hept.h:227]   --->   Operation 5 'read' 'value_45_val222_read' <Predicate = true> <Delay = 0.00>
ST_1 : Operation 6 [1/1] (0.00ns)   --->   "%value_44_val220_read = read i13 @_ssdm_op_Read.ap_auto.i13, i13 %value_44_val220" [firmware/nnet_utils/nnet_dense.h:54->firmware/nnet_utils/nnet_dense.h:45->firmware/nnet_utils/nnet_hept.h:227]   --->   Operation 6 'read' 'value_44_val220_read' <Predicate = true> <Delay = 0.00>
ST_1 : Operation 7 [1/1] (0.00ns)   --->   "%value_43_val218_read = read i13 @_ssdm_op_Read.ap_auto.i13, i13 %value_43_val218" [firmware/nnet_utils/nnet_dense.h:54->firmware/nnet_utils/nnet_dense.h:45->firmware/nnet_utils/nnet_hept.h:227]   --->   Operation 7 'read' 'value_43_val218_read' <Predicate = true> <Delay = 0.00>
ST_1 : Operation 8 [1/1] (0.00ns)   --->   "%value_42_val216_read = read i13 @_ssdm_op_Read.ap_auto.i13, i13 %value_42_val216" [firmware/nnet_utils/nnet_dense.h:54->firmware/nnet_utils/nnet_dense.h:45->firmware/nnet_utils/nnet_hept.h:227]   --->   Operation 8 'read' 'value_42_val216_read' <Predicate = true> <Delay = 0.00>
ST_1 : Operation 9 [1/1] (0.00ns)   --->   "%value_41_val214_read = read i13 @_ssdm_op_Read.ap_auto.i13, i13 %value_41_val214" [firmware/nnet_utils/nnet_dense.h:54->firmware/nnet_utils/nnet_dense.h:45->firmware/nnet_utils/nnet_hept.h:227]   --->   Operation 9 'read' 'value_41_val214_read' <Predicate = true> <Delay = 0.00>
ST_1 : Operation 10 [1/1] (0.00ns)   --->   "%value_40_val212_read = read i13 @_ssdm_op_Read.ap_auto.i13, i13 %value_40_val212" [firmware/nnet_utils/nnet_dense.h:54->firmware/nnet_utils/nnet_dense.h:45->firmware/nnet_utils/nnet_hept.h:227]   --->   Operation 10 'read' 'value_40_val212_read' <Predicate = true> <Delay = 0.00>
ST_1 : Operation 11 [1/1] (0.00ns)   --->   "%value_39_val210_read = read i13 @_ssdm_op_Read.ap_auto.i13, i13 %value_39_val210" [firmware/nnet_utils/nnet_dense.h:54->firmware/nnet_utils/nnet_dense.h:45->firmware/nnet_utils/nnet_hept.h:227]   --->   Operation 11 'read' 'value_39_val210_read' <Predicate = true> <Delay = 0.00>
ST_1 : Operation 12 [1/1] (0.00ns)   --->   "%value_38_val208_read = read i13 @_ssdm_op_Read.ap_auto.i13, i13 %value_38_val208" [firmware/nnet_utils/nnet_dense.h:54->firmware/nnet_utils/nnet_dense.h:45->firmware/nnet_utils/nnet_hept.h:227]   --->   Operation 12 'read' 'value_38_val208_read' <Predicate = true> <Delay = 0.00>
ST_1 : Operation 13 [1/1] (0.00ns)   --->   "%value_37_val206_read = read i13 @_ssdm_op_Read.ap_auto.i13, i13 %value_37_val206" [firmware/nnet_utils/nnet_dense.h:54->firmware/nnet_utils/nnet_dense.h:45->firmware/nnet_utils/nnet_hept.h:227]   --->   Operation 13 'read' 'value_37_val206_read' <Predicate = true> <Delay = 0.00>
ST_1 : Operation 14 [1/1] (0.00ns)   --->   "%value_36_val204_read = read i13 @_ssdm_op_Read.ap_auto.i13, i13 %value_36_val204" [firmware/nnet_utils/nnet_dense.h:54->firmware/nnet_utils/nnet_dense.h:45->firmware/nnet_utils/nnet_hept.h:227]   --->   Operation 14 'read' 'value_36_val204_read' <Predicate = true> <Delay = 0.00>
ST_1 : Operation 15 [1/1] (0.00ns)   --->   "%value_35_val202_read = read i13 @_ssdm_op_Read.ap_auto.i13, i13 %value_35_val202" [firmware/nnet_utils/nnet_dense.h:54->firmware/nnet_utils/nnet_dense.h:45->firmware/nnet_utils/nnet_hept.h:227]   --->   Operation 15 'read' 'value_35_val202_read' <Predicate = true> <Delay = 0.00>
ST_1 : Operation 16 [1/1] (0.00ns)   --->   "%value_34_val200_read = read i13 @_ssdm_op_Read.ap_auto.i13, i13 %value_34_val200" [firmware/nnet_utils/nnet_dense.h:54->firmware/nnet_utils/nnet_dense.h:45->firmware/nnet_utils/nnet_hept.h:227]   --->   Operation 16 'read' 'value_34_val200_read' <Predicate = true> <Delay = 0.00>
ST_1 : Operation 17 [1/1] (0.00ns)   --->   "%value_33_val198_read = read i13 @_ssdm_op_Read.ap_auto.i13, i13 %value_33_val198" [firmware/nnet_utils/nnet_dense.h:54->firmware/nnet_utils/nnet_dense.h:45->firmware/nnet_utils/nnet_hept.h:227]   --->   Operation 17 'read' 'value_33_val198_read' <Predicate = true> <Delay = 0.00>
ST_1 : Operation 18 [1/1] (0.00ns)   --->   "%value_32_val196_read = read i13 @_ssdm_op_Read.ap_auto.i13, i13 %value_32_val196" [firmware/nnet_utils/nnet_dense.h:54->firmware/nnet_utils/nnet_dense.h:45->firmware/nnet_utils/nnet_hept.h:227]   --->   Operation 18 'read' 'value_32_val196_read' <Predicate = true> <Delay = 0.00>
ST_1 : Operation 19 [1/1] (0.00ns)   --->   "%value_31_val194_read = read i13 @_ssdm_op_Read.ap_auto.i13, i13 %value_31_val194" [firmware/nnet_utils/nnet_dense.h:54->firmware/nnet_utils/nnet_dense.h:45->firmware/nnet_utils/nnet_hept.h:227]   --->   Operation 19 'read' 'value_31_val194_read' <Predicate = true> <Delay = 0.00>
ST_1 : Operation 20 [1/1] (0.00ns)   --->   "%value_30_val192_read = read i13 @_ssdm_op_Read.ap_auto.i13, i13 %value_30_val192" [firmware/nnet_utils/nnet_dense.h:54->firmware/nnet_utils/nnet_dense.h:45->firmware/nnet_utils/nnet_hept.h:227]   --->   Operation 20 'read' 'value_30_val192_read' <Predicate = true> <Delay = 0.00>
ST_1 : Operation 21 [1/1] (0.00ns)   --->   "%value_29_val190_read = read i13 @_ssdm_op_Read.ap_auto.i13, i13 %value_29_val190" [firmware/nnet_utils/nnet_dense.h:54->firmware/nnet_utils/nnet_dense.h:45->firmware/nnet_utils/nnet_hept.h:227]   --->   Operation 21 'read' 'value_29_val190_read' <Predicate = true> <Delay = 0.00>
ST_1 : Operation 22 [1/1] (0.00ns)   --->   "%value_28_val188_read = read i13 @_ssdm_op_Read.ap_auto.i13, i13 %value_28_val188" [firmware/nnet_utils/nnet_dense.h:54->firmware/nnet_utils/nnet_dense.h:45->firmware/nnet_utils/nnet_hept.h:227]   --->   Operation 22 'read' 'value_28_val188_read' <Predicate = true> <Delay = 0.00>
ST_1 : Operation 23 [1/1] (0.00ns)   --->   "%value_27_val186_read = read i13 @_ssdm_op_Read.ap_auto.i13, i13 %value_27_val186" [firmware/nnet_utils/nnet_dense.h:54->firmware/nnet_utils/nnet_dense.h:45->firmware/nnet_utils/nnet_hept.h:227]   --->   Operation 23 'read' 'value_27_val186_read' <Predicate = true> <Delay = 0.00>
ST_1 : Operation 24 [1/1] (0.00ns)   --->   "%value_26_val184_read = read i13 @_ssdm_op_Read.ap_auto.i13, i13 %value_26_val184" [firmware/nnet_utils/nnet_dense.h:54->firmware/nnet_utils/nnet_dense.h:45->firmware/nnet_utils/nnet_hept.h:227]   --->   Operation 24 'read' 'value_26_val184_read' <Predicate = true> <Delay = 0.00>
ST_1 : Operation 25 [1/1] (0.00ns)   --->   "%value_25_val182_read = read i13 @_ssdm_op_Read.ap_auto.i13, i13 %value_25_val182" [firmware/nnet_utils/nnet_dense.h:54->firmware/nnet_utils/nnet_dense.h:45->firmware/nnet_utils/nnet_hept.h:227]   --->   Operation 25 'read' 'value_25_val182_read' <Predicate = true> <Delay = 0.00>
ST_1 : Operation 26 [1/1] (0.00ns)   --->   "%value_24_val180_read = read i13 @_ssdm_op_Read.ap_auto.i13, i13 %value_24_val180" [firmware/nnet_utils/nnet_dense.h:54->firmware/nnet_utils/nnet_dense.h:45->firmware/nnet_utils/nnet_hept.h:227]   --->   Operation 26 'read' 'value_24_val180_read' <Predicate = true> <Delay = 0.00>
ST_1 : Operation 27 [1/1] (0.00ns)   --->   "%value_23_val178_read = read i13 @_ssdm_op_Read.ap_auto.i13, i13 %value_23_val178" [firmware/nnet_utils/nnet_dense.h:54->firmware/nnet_utils/nnet_dense.h:45->firmware/nnet_utils/nnet_hept.h:227]   --->   Operation 27 'read' 'value_23_val178_read' <Predicate = true> <Delay = 0.00>
ST_1 : Operation 28 [1/1] (0.00ns)   --->   "%value_22_val176_read = read i13 @_ssdm_op_Read.ap_auto.i13, i13 %value_22_val176" [firmware/nnet_utils/nnet_dense.h:54->firmware/nnet_utils/nnet_dense.h:45->firmware/nnet_utils/nnet_hept.h:227]   --->   Operation 28 'read' 'value_22_val176_read' <Predicate = true> <Delay = 0.00>
ST_1 : Operation 29 [1/1] (0.00ns)   --->   "%value_21_val174_read = read i13 @_ssdm_op_Read.ap_auto.i13, i13 %value_21_val174" [firmware/nnet_utils/nnet_dense.h:54->firmware/nnet_utils/nnet_dense.h:45->firmware/nnet_utils/nnet_hept.h:227]   --->   Operation 29 'read' 'value_21_val174_read' <Predicate = true> <Delay = 0.00>
ST_1 : Operation 30 [1/1] (0.00ns)   --->   "%value_20_val172_read = read i13 @_ssdm_op_Read.ap_auto.i13, i13 %value_20_val172" [firmware/nnet_utils/nnet_dense.h:54->firmware/nnet_utils/nnet_dense.h:45->firmware/nnet_utils/nnet_hept.h:227]   --->   Operation 30 'read' 'value_20_val172_read' <Predicate = true> <Delay = 0.00>
ST_1 : Operation 31 [1/1] (0.00ns)   --->   "%value_19_val170_read = read i13 @_ssdm_op_Read.ap_auto.i13, i13 %value_19_val170" [firmware/nnet_utils/nnet_dense.h:54->firmware/nnet_utils/nnet_dense.h:45->firmware/nnet_utils/nnet_hept.h:227]   --->   Operation 31 'read' 'value_19_val170_read' <Predicate = true> <Delay = 0.00>
ST_1 : Operation 32 [1/1] (0.00ns)   --->   "%value_18_val168_read = read i13 @_ssdm_op_Read.ap_auto.i13, i13 %value_18_val168" [firmware/nnet_utils/nnet_dense.h:54->firmware/nnet_utils/nnet_dense.h:45->firmware/nnet_utils/nnet_hept.h:227]   --->   Operation 32 'read' 'value_18_val168_read' <Predicate = true> <Delay = 0.00>
ST_1 : Operation 33 [1/1] (0.00ns)   --->   "%value_17_val166_read = read i13 @_ssdm_op_Read.ap_auto.i13, i13 %value_17_val166" [firmware/nnet_utils/nnet_dense.h:54->firmware/nnet_utils/nnet_dense.h:45->firmware/nnet_utils/nnet_hept.h:227]   --->   Operation 33 'read' 'value_17_val166_read' <Predicate = true> <Delay = 0.00>
ST_1 : Operation 34 [1/1] (0.00ns)   --->   "%value_16_val164_read = read i13 @_ssdm_op_Read.ap_auto.i13, i13 %value_16_val164" [firmware/nnet_utils/nnet_dense.h:54->firmware/nnet_utils/nnet_dense.h:45->firmware/nnet_utils/nnet_hept.h:227]   --->   Operation 34 'read' 'value_16_val164_read' <Predicate = true> <Delay = 0.00>
ST_1 : Operation 35 [1/1] (0.00ns)   --->   "%value_15_val162_read = read i13 @_ssdm_op_Read.ap_auto.i13, i13 %value_15_val162" [firmware/nnet_utils/nnet_dense.h:54->firmware/nnet_utils/nnet_dense.h:45->firmware/nnet_utils/nnet_hept.h:227]   --->   Operation 35 'read' 'value_15_val162_read' <Predicate = true> <Delay = 0.00>
ST_1 : Operation 36 [1/1] (0.00ns)   --->   "%value_14_val160_read = read i13 @_ssdm_op_Read.ap_auto.i13, i13 %value_14_val160" [firmware/nnet_utils/nnet_dense.h:54->firmware/nnet_utils/nnet_dense.h:45->firmware/nnet_utils/nnet_hept.h:227]   --->   Operation 36 'read' 'value_14_val160_read' <Predicate = true> <Delay = 0.00>
ST_1 : Operation 37 [1/1] (0.00ns)   --->   "%value_13_val158_read = read i13 @_ssdm_op_Read.ap_auto.i13, i13 %value_13_val158" [firmware/nnet_utils/nnet_dense.h:54->firmware/nnet_utils/nnet_dense.h:45->firmware/nnet_utils/nnet_hept.h:227]   --->   Operation 37 'read' 'value_13_val158_read' <Predicate = true> <Delay = 0.00>
ST_1 : Operation 38 [1/1] (0.00ns)   --->   "%value_12_val156_read = read i13 @_ssdm_op_Read.ap_auto.i13, i13 %value_12_val156" [firmware/nnet_utils/nnet_dense.h:54->firmware/nnet_utils/nnet_dense.h:45->firmware/nnet_utils/nnet_hept.h:227]   --->   Operation 38 'read' 'value_12_val156_read' <Predicate = true> <Delay = 0.00>
ST_1 : Operation 39 [1/1] (0.00ns)   --->   "%value_11_val154_read = read i13 @_ssdm_op_Read.ap_auto.i13, i13 %value_11_val154" [firmware/nnet_utils/nnet_dense.h:54->firmware/nnet_utils/nnet_dense.h:45->firmware/nnet_utils/nnet_hept.h:227]   --->   Operation 39 'read' 'value_11_val154_read' <Predicate = true> <Delay = 0.00>
ST_1 : Operation 40 [1/1] (0.00ns)   --->   "%value_10_val152_read = read i13 @_ssdm_op_Read.ap_auto.i13, i13 %value_10_val152" [firmware/nnet_utils/nnet_dense.h:54->firmware/nnet_utils/nnet_dense.h:45->firmware/nnet_utils/nnet_hept.h:227]   --->   Operation 40 'read' 'value_10_val152_read' <Predicate = true> <Delay = 0.00>
ST_1 : Operation 41 [1/1] (0.00ns)   --->   "%value_9_val150_read = read i13 @_ssdm_op_Read.ap_auto.i13, i13 %value_9_val150" [firmware/nnet_utils/nnet_dense.h:54->firmware/nnet_utils/nnet_dense.h:45->firmware/nnet_utils/nnet_hept.h:227]   --->   Operation 41 'read' 'value_9_val150_read' <Predicate = true> <Delay = 0.00>
ST_1 : Operation 42 [1/1] (0.00ns)   --->   "%value_8_val148_read = read i13 @_ssdm_op_Read.ap_auto.i13, i13 %value_8_val148" [firmware/nnet_utils/nnet_dense.h:54->firmware/nnet_utils/nnet_dense.h:45->firmware/nnet_utils/nnet_hept.h:227]   --->   Operation 42 'read' 'value_8_val148_read' <Predicate = true> <Delay = 0.00>
ST_1 : Operation 43 [1/1] (0.00ns)   --->   "%value_7_val146_read = read i13 @_ssdm_op_Read.ap_auto.i13, i13 %value_7_val146" [firmware/nnet_utils/nnet_dense.h:54->firmware/nnet_utils/nnet_dense.h:45->firmware/nnet_utils/nnet_hept.h:227]   --->   Operation 43 'read' 'value_7_val146_read' <Predicate = true> <Delay = 0.00>
ST_1 : Operation 44 [1/1] (0.00ns)   --->   "%value_6_val144_read = read i13 @_ssdm_op_Read.ap_auto.i13, i13 %value_6_val144" [firmware/nnet_utils/nnet_dense.h:54->firmware/nnet_utils/nnet_dense.h:45->firmware/nnet_utils/nnet_hept.h:227]   --->   Operation 44 'read' 'value_6_val144_read' <Predicate = true> <Delay = 0.00>
ST_1 : Operation 45 [1/1] (0.00ns)   --->   "%value_5_val142_read = read i13 @_ssdm_op_Read.ap_auto.i13, i13 %value_5_val142" [firmware/nnet_utils/nnet_dense.h:54->firmware/nnet_utils/nnet_dense.h:45->firmware/nnet_utils/nnet_hept.h:227]   --->   Operation 45 'read' 'value_5_val142_read' <Predicate = true> <Delay = 0.00>
ST_1 : Operation 46 [1/1] (0.00ns)   --->   "%value_4_val140_read = read i13 @_ssdm_op_Read.ap_auto.i13, i13 %value_4_val140" [firmware/nnet_utils/nnet_dense.h:54->firmware/nnet_utils/nnet_dense.h:45->firmware/nnet_utils/nnet_hept.h:227]   --->   Operation 46 'read' 'value_4_val140_read' <Predicate = true> <Delay = 0.00>
ST_1 : Operation 47 [1/1] (0.00ns)   --->   "%value_3_val138_read = read i13 @_ssdm_op_Read.ap_auto.i13, i13 %value_3_val138" [firmware/nnet_utils/nnet_dense.h:54->firmware/nnet_utils/nnet_dense.h:45->firmware/nnet_utils/nnet_hept.h:227]   --->   Operation 47 'read' 'value_3_val138_read' <Predicate = true> <Delay = 0.00>
ST_1 : Operation 48 [1/1] (0.00ns)   --->   "%value_2_val136_read = read i13 @_ssdm_op_Read.ap_auto.i13, i13 %value_2_val136" [firmware/nnet_utils/nnet_dense.h:54->firmware/nnet_utils/nnet_dense.h:45->firmware/nnet_utils/nnet_hept.h:227]   --->   Operation 48 'read' 'value_2_val136_read' <Predicate = true> <Delay = 0.00>
ST_1 : Operation 49 [1/1] (0.00ns)   --->   "%value_1_val134_read = read i13 @_ssdm_op_Read.ap_auto.i13, i13 %value_1_val134" [firmware/nnet_utils/nnet_dense.h:54->firmware/nnet_utils/nnet_dense.h:45->firmware/nnet_utils/nnet_hept.h:227]   --->   Operation 49 'read' 'value_1_val134_read' <Predicate = true> <Delay = 0.00>
ST_1 : Operation 50 [1/1] (0.00ns)   --->   "%value_0_val132_read = read i13 @_ssdm_op_Read.ap_auto.i13, i13 %value_0_val132" [firmware/nnet_utils/nnet_dense.h:54->firmware/nnet_utils/nnet_dense.h:45->firmware/nnet_utils/nnet_hept.h:227]   --->   Operation 50 'read' 'value_0_val132_read' <Predicate = true> <Delay = 0.00>
ST_1 : Operation 51 [1/1] (0.00ns)   --->   "%qk_15_val130_read = read i13 @_ssdm_op_Read.ap_auto.i13, i13 %qk_15_val130" [firmware/nnet_utils/nnet_dense.h:54->firmware/nnet_utils/nnet_dense.h:45->firmware/nnet_utils/nnet_hept.h:227]   --->   Operation 51 'read' 'qk_15_val130_read' <Predicate = true> <Delay = 0.00>
ST_1 : Operation 52 [1/1] (0.00ns)   --->   "%qk_14_val122_read = read i13 @_ssdm_op_Read.ap_auto.i13, i13 %qk_14_val122" [firmware/nnet_utils/nnet_dense.h:54->firmware/nnet_utils/nnet_dense.h:45->firmware/nnet_utils/nnet_hept.h:227]   --->   Operation 52 'read' 'qk_14_val122_read' <Predicate = true> <Delay = 0.00>
ST_1 : Operation 53 [1/1] (0.00ns)   --->   "%qk_13_val114_read = read i13 @_ssdm_op_Read.ap_auto.i13, i13 %qk_13_val114" [firmware/nnet_utils/nnet_dense.h:54->firmware/nnet_utils/nnet_dense.h:45->firmware/nnet_utils/nnet_hept.h:227]   --->   Operation 53 'read' 'qk_13_val114_read' <Predicate = true> <Delay = 0.00>
ST_1 : Operation 54 [1/1] (0.00ns)   --->   "%qk_12_val106_read = read i13 @_ssdm_op_Read.ap_auto.i13, i13 %qk_12_val106" [firmware/nnet_utils/nnet_dense.h:54->firmware/nnet_utils/nnet_dense.h:45->firmware/nnet_utils/nnet_hept.h:227]   --->   Operation 54 'read' 'qk_12_val106_read' <Predicate = true> <Delay = 0.00>
ST_1 : Operation 55 [1/1] (0.00ns)   --->   "%qk_11_val98_read = read i13 @_ssdm_op_Read.ap_auto.i13, i13 %qk_11_val98" [firmware/nnet_utils/nnet_dense.h:54->firmware/nnet_utils/nnet_dense.h:45->firmware/nnet_utils/nnet_hept.h:227]   --->   Operation 55 'read' 'qk_11_val98_read' <Predicate = true> <Delay = 0.00>
ST_1 : Operation 56 [1/1] (0.00ns)   --->   "%qk_10_val90_read = read i13 @_ssdm_op_Read.ap_auto.i13, i13 %qk_10_val90" [firmware/nnet_utils/nnet_dense.h:54->firmware/nnet_utils/nnet_dense.h:45->firmware/nnet_utils/nnet_hept.h:227]   --->   Operation 56 'read' 'qk_10_val90_read' <Predicate = true> <Delay = 0.00>
ST_1 : Operation 57 [1/1] (0.00ns)   --->   "%qk_9_val82_read = read i13 @_ssdm_op_Read.ap_auto.i13, i13 %qk_9_val82" [firmware/nnet_utils/nnet_dense.h:54->firmware/nnet_utils/nnet_dense.h:45->firmware/nnet_utils/nnet_hept.h:227]   --->   Operation 57 'read' 'qk_9_val82_read' <Predicate = true> <Delay = 0.00>
ST_1 : Operation 58 [1/1] (0.00ns)   --->   "%qk_8_val74_read = read i13 @_ssdm_op_Read.ap_auto.i13, i13 %qk_8_val74" [firmware/nnet_utils/nnet_dense.h:54->firmware/nnet_utils/nnet_dense.h:45->firmware/nnet_utils/nnet_hept.h:227]   --->   Operation 58 'read' 'qk_8_val74_read' <Predicate = true> <Delay = 0.00>
ST_1 : Operation 59 [1/1] (0.00ns)   --->   "%qk_7_val66_read = read i13 @_ssdm_op_Read.ap_auto.i13, i13 %qk_7_val66" [firmware/nnet_utils/nnet_dense.h:54->firmware/nnet_utils/nnet_dense.h:45->firmware/nnet_utils/nnet_hept.h:227]   --->   Operation 59 'read' 'qk_7_val66_read' <Predicate = true> <Delay = 0.00>
ST_1 : Operation 60 [1/1] (0.00ns)   --->   "%qk_6_val58_read = read i13 @_ssdm_op_Read.ap_auto.i13, i13 %qk_6_val58" [firmware/nnet_utils/nnet_dense.h:54->firmware/nnet_utils/nnet_dense.h:45->firmware/nnet_utils/nnet_hept.h:227]   --->   Operation 60 'read' 'qk_6_val58_read' <Predicate = true> <Delay = 0.00>
ST_1 : Operation 61 [1/1] (0.00ns)   --->   "%qk_5_val50_read = read i13 @_ssdm_op_Read.ap_auto.i13, i13 %qk_5_val50" [firmware/nnet_utils/nnet_dense.h:54->firmware/nnet_utils/nnet_dense.h:45->firmware/nnet_utils/nnet_hept.h:227]   --->   Operation 61 'read' 'qk_5_val50_read' <Predicate = true> <Delay = 0.00>
ST_1 : Operation 62 [1/1] (0.00ns)   --->   "%qk_4_val42_read = read i13 @_ssdm_op_Read.ap_auto.i13, i13 %qk_4_val42" [firmware/nnet_utils/nnet_dense.h:54->firmware/nnet_utils/nnet_dense.h:45->firmware/nnet_utils/nnet_hept.h:227]   --->   Operation 62 'read' 'qk_4_val42_read' <Predicate = true> <Delay = 0.00>
ST_1 : Operation 63 [1/1] (0.00ns)   --->   "%qk_3_val33_read = read i13 @_ssdm_op_Read.ap_auto.i13, i13 %qk_3_val33" [firmware/nnet_utils/nnet_dense.h:54->firmware/nnet_utils/nnet_dense.h:45->firmware/nnet_utils/nnet_hept.h:227]   --->   Operation 63 'read' 'qk_3_val33_read' <Predicate = true> <Delay = 0.00>
ST_1 : Operation 64 [1/1] (0.00ns)   --->   "%qk_2_val25_read = read i13 @_ssdm_op_Read.ap_auto.i13, i13 %qk_2_val25" [firmware/nnet_utils/nnet_dense.h:54->firmware/nnet_utils/nnet_dense.h:45->firmware/nnet_utils/nnet_hept.h:227]   --->   Operation 64 'read' 'qk_2_val25_read' <Predicate = true> <Delay = 0.00>
ST_1 : Operation 65 [1/1] (0.00ns)   --->   "%qk_1_val17_read = read i13 @_ssdm_op_Read.ap_auto.i13, i13 %qk_1_val17" [firmware/nnet_utils/nnet_dense.h:54->firmware/nnet_utils/nnet_dense.h:45->firmware/nnet_utils/nnet_hept.h:227]   --->   Operation 65 'read' 'qk_1_val17_read' <Predicate = true> <Delay = 0.00>
ST_1 : Operation 66 [1/1] (0.00ns)   --->   "%qk_0_val9_read = read i13 @_ssdm_op_Read.ap_auto.i13, i13 %qk_0_val9" [firmware/nnet_utils/nnet_dense.h:54->firmware/nnet_utils/nnet_dense.h:45->firmware/nnet_utils/nnet_hept.h:227]   --->   Operation 66 'read' 'qk_0_val9_read' <Predicate = true> <Delay = 0.00>
ST_1 : Operation 67 [2/2] (4.29ns)   --->   "%call_ret1 = call i78 @dense_latency<ap_fixed<13, 4, 4, 0, 0>, ap_fixed<13, 4, 4, 0, 0>, config5_dense>, i13 %qk_0_val9_read, i13 %qk_1_val17_read, i13 %qk_2_val25_read, i13 %qk_3_val33_read, i13 %value_0_val132_read, i13 %value_1_val134_read, i13 %value_2_val136_read, i13 %value_3_val138_read, i13 %value_4_val140_read, i13 %value_5_val142_read, i13 %value_6_val144_read, i13 %value_7_val146_read, i13 %value_8_val148_read, i13 %value_9_val150_read, i13 %value_10_val152_read, i13 %value_11_val154_read, i2 0" [firmware/nnet_utils/nnet_dense.h:54->firmware/nnet_utils/nnet_dense.h:45->firmware/nnet_utils/nnet_hept.h:227]   --->   Operation 67 'call' 'call_ret1' <Predicate = true> <Delay = 4.29> <CoreType = "Generic">   --->   Core 0 '' <Latency = 0> <II = 1> <Delay = 1.00> <Generic> <Opcode : >
ST_1 : Operation 68 [2/2] (4.29ns)   --->   "%call_ret2 = call i78 @dense_latency<ap_fixed<13, 4, 4, 0, 0>, ap_fixed<13, 4, 4, 0, 0>, config5_dense>, i13 %qk_0_val9_read, i13 %qk_1_val17_read, i13 %qk_2_val25_read, i13 %qk_3_val33_read, i13 %value_0_val132_read, i13 %value_1_val134_read, i13 %value_2_val136_read, i13 %value_3_val138_read, i13 %value_4_val140_read, i13 %value_5_val142_read, i13 %value_6_val144_read, i13 %value_7_val146_read, i13 %value_8_val148_read, i13 %value_9_val150_read, i13 %value_10_val152_read, i13 %value_11_val154_read, i2 2" [firmware/nnet_utils/nnet_dense.h:54->firmware/nnet_utils/nnet_dense.h:45->firmware/nnet_utils/nnet_hept.h:227]   --->   Operation 68 'call' 'call_ret2' <Predicate = true> <Delay = 4.29> <CoreType = "Generic">   --->   Core 0 '' <Latency = 0> <II = 1> <Delay = 1.00> <Generic> <Opcode : >
ST_1 : Operation 69 [2/2] (4.29ns)   --->   "%call_ret3 = call i78 @dense_latency<ap_fixed<13, 4, 4, 0, 0>, ap_fixed<13, 4, 4, 0, 0>, config5_dense>.1, i13 %qk_4_val42_read, i13 %qk_5_val50_read, i13 %qk_6_val58_read, i13 %qk_7_val66_read, i13 %value_12_val156_read, i13 %value_13_val158_read, i13 %value_14_val160_read, i13 %value_15_val162_read, i13 %value_16_val164_read, i13 %value_17_val166_read, i13 %value_18_val168_read, i13 %value_19_val170_read, i13 %value_20_val172_read, i13 %value_21_val174_read, i13 %value_22_val176_read, i13 %value_23_val178_read, i3 4" [firmware/nnet_utils/nnet_dense.h:54->firmware/nnet_utils/nnet_dense.h:45->firmware/nnet_utils/nnet_hept.h:227]   --->   Operation 69 'call' 'call_ret3' <Predicate = true> <Delay = 4.29> <CoreType = "Generic">   --->   Core 0 '' <Latency = 0> <II = 1> <Delay = 1.00> <Generic> <Opcode : >
ST_1 : Operation 70 [2/2] (4.29ns)   --->   "%call_ret4 = call i78 @dense_latency<ap_fixed<13, 4, 4, 0, 0>, ap_fixed<13, 4, 4, 0, 0>, config5_dense>.1, i13 %qk_4_val42_read, i13 %qk_5_val50_read, i13 %qk_6_val58_read, i13 %qk_7_val66_read, i13 %value_12_val156_read, i13 %value_13_val158_read, i13 %value_14_val160_read, i13 %value_15_val162_read, i13 %value_16_val164_read, i13 %value_17_val166_read, i13 %value_18_val168_read, i13 %value_19_val170_read, i13 %value_20_val172_read, i13 %value_21_val174_read, i13 %value_22_val176_read, i13 %value_23_val178_read, i3 6" [firmware/nnet_utils/nnet_dense.h:54->firmware/nnet_utils/nnet_dense.h:45->firmware/nnet_utils/nnet_hept.h:227]   --->   Operation 70 'call' 'call_ret4' <Predicate = true> <Delay = 4.29> <CoreType = "Generic">   --->   Core 0 '' <Latency = 0> <II = 1> <Delay = 1.00> <Generic> <Opcode : >
ST_1 : Operation 71 [2/2] (4.29ns)   --->   "%call_ret5 = call i78 @dense_latency<ap_fixed<13, 4, 4, 0, 0>, ap_fixed<13, 4, 4, 0, 0>, config5_dense>.2, i13 %qk_8_val74_read, i13 %qk_9_val82_read, i13 %qk_10_val90_read, i13 %qk_11_val98_read, i13 %value_24_val180_read, i13 %value_25_val182_read, i13 %value_26_val184_read, i13 %value_27_val186_read, i13 %value_28_val188_read, i13 %value_29_val190_read, i13 %value_30_val192_read, i13 %value_31_val194_read, i13 %value_32_val196_read, i13 %value_33_val198_read, i13 %value_34_val200_read, i13 %value_35_val202_read, i4 8" [firmware/nnet_utils/nnet_dense.h:54->firmware/nnet_utils/nnet_dense.h:45->firmware/nnet_utils/nnet_hept.h:227]   --->   Operation 71 'call' 'call_ret5' <Predicate = true> <Delay = 4.29> <CoreType = "Generic">   --->   Core 0 '' <Latency = 0> <II = 1> <Delay = 1.00> <Generic> <Opcode : >
ST_1 : Operation 72 [2/2] (4.29ns)   --->   "%call_ret6 = call i78 @dense_latency<ap_fixed<13, 4, 4, 0, 0>, ap_fixed<13, 4, 4, 0, 0>, config5_dense>.2, i13 %qk_8_val74_read, i13 %qk_9_val82_read, i13 %qk_10_val90_read, i13 %qk_11_val98_read, i13 %value_24_val180_read, i13 %value_25_val182_read, i13 %value_26_val184_read, i13 %value_27_val186_read, i13 %value_28_val188_read, i13 %value_29_val190_read, i13 %value_30_val192_read, i13 %value_31_val194_read, i13 %value_32_val196_read, i13 %value_33_val198_read, i13 %value_34_val200_read, i13 %value_35_val202_read, i4 10" [firmware/nnet_utils/nnet_dense.h:54->firmware/nnet_utils/nnet_dense.h:45->firmware/nnet_utils/nnet_hept.h:227]   --->   Operation 72 'call' 'call_ret6' <Predicate = true> <Delay = 4.29> <CoreType = "Generic">   --->   Core 0 '' <Latency = 0> <II = 1> <Delay = 1.00> <Generic> <Opcode : >
ST_1 : Operation 73 [2/2] (4.29ns)   --->   "%call_ret = call i78 @dense_latency<ap_fixed<13, 4, 4, 0, 0>, ap_fixed<13, 4, 4, 0, 0>, config5_dense>.3, i13 %qk_12_val106_read, i13 %qk_13_val114_read, i13 %qk_14_val122_read, i13 %qk_15_val130_read, i13 %value_36_val204_read, i13 %value_37_val206_read, i13 %value_38_val208_read, i13 %value_39_val210_read, i13 %value_40_val212_read, i13 %value_41_val214_read, i13 %value_42_val216_read, i13 %value_43_val218_read, i13 %value_44_val220_read, i13 %value_45_val222_read, i13 %value_46_val224_read, i13 %value_47_val226_read, i3 4" [firmware/nnet_utils/nnet_dense.h:54->firmware/nnet_utils/nnet_dense.h:45->firmware/nnet_utils/nnet_hept.h:227]   --->   Operation 73 'call' 'call_ret' <Predicate = true> <Delay = 4.29> <CoreType = "Generic">   --->   Core 0 '' <Latency = 0> <II = 1> <Delay = 1.00> <Generic> <Opcode : >
ST_1 : Operation 74 [2/2] (4.29ns)   --->   "%call_ret7 = call i78 @dense_latency<ap_fixed<13, 4, 4, 0, 0>, ap_fixed<13, 4, 4, 0, 0>, config5_dense>.3, i13 %qk_12_val106_read, i13 %qk_13_val114_read, i13 %qk_14_val122_read, i13 %qk_15_val130_read, i13 %value_36_val204_read, i13 %value_37_val206_read, i13 %value_38_val208_read, i13 %value_39_val210_read, i13 %value_40_val212_read, i13 %value_41_val214_read, i13 %value_42_val216_read, i13 %value_43_val218_read, i13 %value_44_val220_read, i13 %value_45_val222_read, i13 %value_46_val224_read, i13 %value_47_val226_read, i3 6" [firmware/nnet_utils/nnet_dense.h:54->firmware/nnet_utils/nnet_dense.h:45->firmware/nnet_utils/nnet_hept.h:227]   --->   Operation 74 'call' 'call_ret7' <Predicate = true> <Delay = 4.29> <CoreType = "Generic">   --->   Core 0 '' <Latency = 0> <II = 1> <Delay = 1.00> <Generic> <Opcode : >

State 2 <SV = 1> <Delay = 1.71>
ST_2 : Operation 75 [1/2] (1.71ns)   --->   "%call_ret1 = call i78 @dense_latency<ap_fixed<13, 4, 4, 0, 0>, ap_fixed<13, 4, 4, 0, 0>, config5_dense>, i13 %qk_0_val9_read, i13 %qk_1_val17_read, i13 %qk_2_val25_read, i13 %qk_3_val33_read, i13 %value_0_val132_read, i13 %value_1_val134_read, i13 %value_2_val136_read, i13 %value_3_val138_read, i13 %value_4_val140_read, i13 %value_5_val142_read, i13 %value_6_val144_read, i13 %value_7_val146_read, i13 %value_8_val148_read, i13 %value_9_val150_read, i13 %value_10_val152_read, i13 %value_11_val154_read, i2 0" [firmware/nnet_utils/nnet_dense.h:54->firmware/nnet_utils/nnet_dense.h:45->firmware/nnet_utils/nnet_hept.h:227]   --->   Operation 75 'call' 'call_ret1' <Predicate = true> <Delay = 1.71> <CoreType = "Generic">   --->   Core 0 '' <Latency = 0> <II = 1> <Delay = 1.00> <Generic> <Opcode : >
ST_2 : Operation 76 [1/1] (0.00ns)   --->   "%out_buffer_0 = extractvalue i78 %call_ret1" [firmware/nnet_utils/nnet_dense.h:54->firmware/nnet_utils/nnet_dense.h:45->firmware/nnet_utils/nnet_hept.h:227]   --->   Operation 76 'extractvalue' 'out_buffer_0' <Predicate = true> <Delay = 0.00>
ST_2 : Operation 77 [1/1] (0.00ns)   --->   "%out_buffer_1 = extractvalue i78 %call_ret1" [firmware/nnet_utils/nnet_dense.h:54->firmware/nnet_utils/nnet_dense.h:45->firmware/nnet_utils/nnet_hept.h:227]   --->   Operation 77 'extractvalue' 'out_buffer_1' <Predicate = true> <Delay = 0.00>
ST_2 : Operation 78 [1/1] (0.00ns)   --->   "%out_buffer_2 = extractvalue i78 %call_ret1" [firmware/nnet_utils/nnet_dense.h:54->firmware/nnet_utils/nnet_dense.h:45->firmware/nnet_utils/nnet_hept.h:227]   --->   Operation 78 'extractvalue' 'out_buffer_2' <Predicate = true> <Delay = 0.00>
ST_2 : Operation 79 [1/1] (0.00ns)   --->   "%out_buffer_3 = extractvalue i78 %call_ret1" [firmware/nnet_utils/nnet_dense.h:54->firmware/nnet_utils/nnet_dense.h:45->firmware/nnet_utils/nnet_hept.h:227]   --->   Operation 79 'extractvalue' 'out_buffer_3' <Predicate = true> <Delay = 0.00>
ST_2 : Operation 80 [1/1] (0.00ns)   --->   "%out_buffer_4 = extractvalue i78 %call_ret1" [firmware/nnet_utils/nnet_dense.h:54->firmware/nnet_utils/nnet_dense.h:45->firmware/nnet_utils/nnet_hept.h:227]   --->   Operation 80 'extractvalue' 'out_buffer_4' <Predicate = true> <Delay = 0.00>
ST_2 : Operation 81 [1/1] (0.00ns)   --->   "%out_buffer_5 = extractvalue i78 %call_ret1" [firmware/nnet_utils/nnet_dense.h:54->firmware/nnet_utils/nnet_dense.h:45->firmware/nnet_utils/nnet_hept.h:227]   --->   Operation 81 'extractvalue' 'out_buffer_5' <Predicate = true> <Delay = 0.00>
ST_2 : Operation 82 [1/2] (1.71ns)   --->   "%call_ret2 = call i78 @dense_latency<ap_fixed<13, 4, 4, 0, 0>, ap_fixed<13, 4, 4, 0, 0>, config5_dense>, i13 %qk_0_val9_read, i13 %qk_1_val17_read, i13 %qk_2_val25_read, i13 %qk_3_val33_read, i13 %value_0_val132_read, i13 %value_1_val134_read, i13 %value_2_val136_read, i13 %value_3_val138_read, i13 %value_4_val140_read, i13 %value_5_val142_read, i13 %value_6_val144_read, i13 %value_7_val146_read, i13 %value_8_val148_read, i13 %value_9_val150_read, i13 %value_10_val152_read, i13 %value_11_val154_read, i2 2" [firmware/nnet_utils/nnet_dense.h:54->firmware/nnet_utils/nnet_dense.h:45->firmware/nnet_utils/nnet_hept.h:227]   --->   Operation 82 'call' 'call_ret2' <Predicate = true> <Delay = 1.71> <CoreType = "Generic">   --->   Core 0 '' <Latency = 0> <II = 1> <Delay = 1.00> <Generic> <Opcode : >
ST_2 : Operation 83 [1/1] (0.00ns)   --->   "%out_buffer_0_1 = extractvalue i78 %call_ret2" [firmware/nnet_utils/nnet_dense.h:54->firmware/nnet_utils/nnet_dense.h:45->firmware/nnet_utils/nnet_hept.h:227]   --->   Operation 83 'extractvalue' 'out_buffer_0_1' <Predicate = true> <Delay = 0.00>
ST_2 : Operation 84 [1/1] (0.00ns)   --->   "%out_buffer_1_1 = extractvalue i78 %call_ret2" [firmware/nnet_utils/nnet_dense.h:54->firmware/nnet_utils/nnet_dense.h:45->firmware/nnet_utils/nnet_hept.h:227]   --->   Operation 84 'extractvalue' 'out_buffer_1_1' <Predicate = true> <Delay = 0.00>
ST_2 : Operation 85 [1/1] (0.00ns)   --->   "%out_buffer_2_1 = extractvalue i78 %call_ret2" [firmware/nnet_utils/nnet_dense.h:54->firmware/nnet_utils/nnet_dense.h:45->firmware/nnet_utils/nnet_hept.h:227]   --->   Operation 85 'extractvalue' 'out_buffer_2_1' <Predicate = true> <Delay = 0.00>
ST_2 : Operation 86 [1/1] (0.00ns)   --->   "%out_buffer_3_1 = extractvalue i78 %call_ret2" [firmware/nnet_utils/nnet_dense.h:54->firmware/nnet_utils/nnet_dense.h:45->firmware/nnet_utils/nnet_hept.h:227]   --->   Operation 86 'extractvalue' 'out_buffer_3_1' <Predicate = true> <Delay = 0.00>
ST_2 : Operation 87 [1/1] (0.00ns)   --->   "%out_buffer_4_1 = extractvalue i78 %call_ret2" [firmware/nnet_utils/nnet_dense.h:54->firmware/nnet_utils/nnet_dense.h:45->firmware/nnet_utils/nnet_hept.h:227]   --->   Operation 87 'extractvalue' 'out_buffer_4_1' <Predicate = true> <Delay = 0.00>
ST_2 : Operation 88 [1/1] (0.00ns)   --->   "%out_buffer_5_1 = extractvalue i78 %call_ret2" [firmware/nnet_utils/nnet_dense.h:54->firmware/nnet_utils/nnet_dense.h:45->firmware/nnet_utils/nnet_hept.h:227]   --->   Operation 88 'extractvalue' 'out_buffer_5_1' <Predicate = true> <Delay = 0.00>
ST_2 : Operation 89 [1/2] (1.71ns)   --->   "%call_ret3 = call i78 @dense_latency<ap_fixed<13, 4, 4, 0, 0>, ap_fixed<13, 4, 4, 0, 0>, config5_dense>.1, i13 %qk_4_val42_read, i13 %qk_5_val50_read, i13 %qk_6_val58_read, i13 %qk_7_val66_read, i13 %value_12_val156_read, i13 %value_13_val158_read, i13 %value_14_val160_read, i13 %value_15_val162_read, i13 %value_16_val164_read, i13 %value_17_val166_read, i13 %value_18_val168_read, i13 %value_19_val170_read, i13 %value_20_val172_read, i13 %value_21_val174_read, i13 %value_22_val176_read, i13 %value_23_val178_read, i3 4" [firmware/nnet_utils/nnet_dense.h:54->firmware/nnet_utils/nnet_dense.h:45->firmware/nnet_utils/nnet_hept.h:227]   --->   Operation 89 'call' 'call_ret3' <Predicate = true> <Delay = 1.71> <CoreType = "Generic">   --->   Core 0 '' <Latency = 0> <II = 1> <Delay = 1.00> <Generic> <Opcode : >
ST_2 : Operation 90 [1/1] (0.00ns)   --->   "%out_buffer_0_2 = extractvalue i78 %call_ret3" [firmware/nnet_utils/nnet_dense.h:54->firmware/nnet_utils/nnet_dense.h:45->firmware/nnet_utils/nnet_hept.h:227]   --->   Operation 90 'extractvalue' 'out_buffer_0_2' <Predicate = true> <Delay = 0.00>
ST_2 : Operation 91 [1/1] (0.00ns)   --->   "%out_buffer_1_2 = extractvalue i78 %call_ret3" [firmware/nnet_utils/nnet_dense.h:54->firmware/nnet_utils/nnet_dense.h:45->firmware/nnet_utils/nnet_hept.h:227]   --->   Operation 91 'extractvalue' 'out_buffer_1_2' <Predicate = true> <Delay = 0.00>
ST_2 : Operation 92 [1/1] (0.00ns)   --->   "%out_buffer_2_2 = extractvalue i78 %call_ret3" [firmware/nnet_utils/nnet_dense.h:54->firmware/nnet_utils/nnet_dense.h:45->firmware/nnet_utils/nnet_hept.h:227]   --->   Operation 92 'extractvalue' 'out_buffer_2_2' <Predicate = true> <Delay = 0.00>
ST_2 : Operation 93 [1/1] (0.00ns)   --->   "%out_buffer_3_2 = extractvalue i78 %call_ret3" [firmware/nnet_utils/nnet_dense.h:54->firmware/nnet_utils/nnet_dense.h:45->firmware/nnet_utils/nnet_hept.h:227]   --->   Operation 93 'extractvalue' 'out_buffer_3_2' <Predicate = true> <Delay = 0.00>
ST_2 : Operation 94 [1/1] (0.00ns)   --->   "%out_buffer_4_2 = extractvalue i78 %call_ret3" [firmware/nnet_utils/nnet_dense.h:54->firmware/nnet_utils/nnet_dense.h:45->firmware/nnet_utils/nnet_hept.h:227]   --->   Operation 94 'extractvalue' 'out_buffer_4_2' <Predicate = true> <Delay = 0.00>
ST_2 : Operation 95 [1/1] (0.00ns)   --->   "%out_buffer_5_2 = extractvalue i78 %call_ret3" [firmware/nnet_utils/nnet_dense.h:54->firmware/nnet_utils/nnet_dense.h:45->firmware/nnet_utils/nnet_hept.h:227]   --->   Operation 95 'extractvalue' 'out_buffer_5_2' <Predicate = true> <Delay = 0.00>
ST_2 : Operation 96 [1/2] (1.71ns)   --->   "%call_ret4 = call i78 @dense_latency<ap_fixed<13, 4, 4, 0, 0>, ap_fixed<13, 4, 4, 0, 0>, config5_dense>.1, i13 %qk_4_val42_read, i13 %qk_5_val50_read, i13 %qk_6_val58_read, i13 %qk_7_val66_read, i13 %value_12_val156_read, i13 %value_13_val158_read, i13 %value_14_val160_read, i13 %value_15_val162_read, i13 %value_16_val164_read, i13 %value_17_val166_read, i13 %value_18_val168_read, i13 %value_19_val170_read, i13 %value_20_val172_read, i13 %value_21_val174_read, i13 %value_22_val176_read, i13 %value_23_val178_read, i3 6" [firmware/nnet_utils/nnet_dense.h:54->firmware/nnet_utils/nnet_dense.h:45->firmware/nnet_utils/nnet_hept.h:227]   --->   Operation 96 'call' 'call_ret4' <Predicate = true> <Delay = 1.71> <CoreType = "Generic">   --->   Core 0 '' <Latency = 0> <II = 1> <Delay = 1.00> <Generic> <Opcode : >
ST_2 : Operation 97 [1/1] (0.00ns)   --->   "%out_buffer_0_3 = extractvalue i78 %call_ret4" [firmware/nnet_utils/nnet_dense.h:54->firmware/nnet_utils/nnet_dense.h:45->firmware/nnet_utils/nnet_hept.h:227]   --->   Operation 97 'extractvalue' 'out_buffer_0_3' <Predicate = true> <Delay = 0.00>
ST_2 : Operation 98 [1/1] (0.00ns)   --->   "%out_buffer_1_3 = extractvalue i78 %call_ret4" [firmware/nnet_utils/nnet_dense.h:54->firmware/nnet_utils/nnet_dense.h:45->firmware/nnet_utils/nnet_hept.h:227]   --->   Operation 98 'extractvalue' 'out_buffer_1_3' <Predicate = true> <Delay = 0.00>
ST_2 : Operation 99 [1/1] (0.00ns)   --->   "%out_buffer_2_3 = extractvalue i78 %call_ret4" [firmware/nnet_utils/nnet_dense.h:54->firmware/nnet_utils/nnet_dense.h:45->firmware/nnet_utils/nnet_hept.h:227]   --->   Operation 99 'extractvalue' 'out_buffer_2_3' <Predicate = true> <Delay = 0.00>
ST_2 : Operation 100 [1/1] (0.00ns)   --->   "%out_buffer_3_3 = extractvalue i78 %call_ret4" [firmware/nnet_utils/nnet_dense.h:54->firmware/nnet_utils/nnet_dense.h:45->firmware/nnet_utils/nnet_hept.h:227]   --->   Operation 100 'extractvalue' 'out_buffer_3_3' <Predicate = true> <Delay = 0.00>
ST_2 : Operation 101 [1/1] (0.00ns)   --->   "%out_buffer_4_3 = extractvalue i78 %call_ret4" [firmware/nnet_utils/nnet_dense.h:54->firmware/nnet_utils/nnet_dense.h:45->firmware/nnet_utils/nnet_hept.h:227]   --->   Operation 101 'extractvalue' 'out_buffer_4_3' <Predicate = true> <Delay = 0.00>
ST_2 : Operation 102 [1/1] (0.00ns)   --->   "%out_buffer_5_3 = extractvalue i78 %call_ret4" [firmware/nnet_utils/nnet_dense.h:54->firmware/nnet_utils/nnet_dense.h:45->firmware/nnet_utils/nnet_hept.h:227]   --->   Operation 102 'extractvalue' 'out_buffer_5_3' <Predicate = true> <Delay = 0.00>
ST_2 : Operation 103 [1/2] (1.71ns)   --->   "%call_ret5 = call i78 @dense_latency<ap_fixed<13, 4, 4, 0, 0>, ap_fixed<13, 4, 4, 0, 0>, config5_dense>.2, i13 %qk_8_val74_read, i13 %qk_9_val82_read, i13 %qk_10_val90_read, i13 %qk_11_val98_read, i13 %value_24_val180_read, i13 %value_25_val182_read, i13 %value_26_val184_read, i13 %value_27_val186_read, i13 %value_28_val188_read, i13 %value_29_val190_read, i13 %value_30_val192_read, i13 %value_31_val194_read, i13 %value_32_val196_read, i13 %value_33_val198_read, i13 %value_34_val200_read, i13 %value_35_val202_read, i4 8" [firmware/nnet_utils/nnet_dense.h:54->firmware/nnet_utils/nnet_dense.h:45->firmware/nnet_utils/nnet_hept.h:227]   --->   Operation 103 'call' 'call_ret5' <Predicate = true> <Delay = 1.71> <CoreType = "Generic">   --->   Core 0 '' <Latency = 0> <II = 1> <Delay = 1.00> <Generic> <Opcode : >
ST_2 : Operation 104 [1/1] (0.00ns)   --->   "%out_buffer_0_4 = extractvalue i78 %call_ret5" [firmware/nnet_utils/nnet_dense.h:54->firmware/nnet_utils/nnet_dense.h:45->firmware/nnet_utils/nnet_hept.h:227]   --->   Operation 104 'extractvalue' 'out_buffer_0_4' <Predicate = true> <Delay = 0.00>
ST_2 : Operation 105 [1/1] (0.00ns)   --->   "%out_buffer_1_4 = extractvalue i78 %call_ret5" [firmware/nnet_utils/nnet_dense.h:54->firmware/nnet_utils/nnet_dense.h:45->firmware/nnet_utils/nnet_hept.h:227]   --->   Operation 105 'extractvalue' 'out_buffer_1_4' <Predicate = true> <Delay = 0.00>
ST_2 : Operation 106 [1/1] (0.00ns)   --->   "%out_buffer_2_4 = extractvalue i78 %call_ret5" [firmware/nnet_utils/nnet_dense.h:54->firmware/nnet_utils/nnet_dense.h:45->firmware/nnet_utils/nnet_hept.h:227]   --->   Operation 106 'extractvalue' 'out_buffer_2_4' <Predicate = true> <Delay = 0.00>
ST_2 : Operation 107 [1/1] (0.00ns)   --->   "%out_buffer_3_4 = extractvalue i78 %call_ret5" [firmware/nnet_utils/nnet_dense.h:54->firmware/nnet_utils/nnet_dense.h:45->firmware/nnet_utils/nnet_hept.h:227]   --->   Operation 107 'extractvalue' 'out_buffer_3_4' <Predicate = true> <Delay = 0.00>
ST_2 : Operation 108 [1/1] (0.00ns)   --->   "%out_buffer_4_4 = extractvalue i78 %call_ret5" [firmware/nnet_utils/nnet_dense.h:54->firmware/nnet_utils/nnet_dense.h:45->firmware/nnet_utils/nnet_hept.h:227]   --->   Operation 108 'extractvalue' 'out_buffer_4_4' <Predicate = true> <Delay = 0.00>
ST_2 : Operation 109 [1/1] (0.00ns)   --->   "%out_buffer_5_4 = extractvalue i78 %call_ret5" [firmware/nnet_utils/nnet_dense.h:54->firmware/nnet_utils/nnet_dense.h:45->firmware/nnet_utils/nnet_hept.h:227]   --->   Operation 109 'extractvalue' 'out_buffer_5_4' <Predicate = true> <Delay = 0.00>
ST_2 : Operation 110 [1/2] (1.71ns)   --->   "%call_ret6 = call i78 @dense_latency<ap_fixed<13, 4, 4, 0, 0>, ap_fixed<13, 4, 4, 0, 0>, config5_dense>.2, i13 %qk_8_val74_read, i13 %qk_9_val82_read, i13 %qk_10_val90_read, i13 %qk_11_val98_read, i13 %value_24_val180_read, i13 %value_25_val182_read, i13 %value_26_val184_read, i13 %value_27_val186_read, i13 %value_28_val188_read, i13 %value_29_val190_read, i13 %value_30_val192_read, i13 %value_31_val194_read, i13 %value_32_val196_read, i13 %value_33_val198_read, i13 %value_34_val200_read, i13 %value_35_val202_read, i4 10" [firmware/nnet_utils/nnet_dense.h:54->firmware/nnet_utils/nnet_dense.h:45->firmware/nnet_utils/nnet_hept.h:227]   --->   Operation 110 'call' 'call_ret6' <Predicate = true> <Delay = 1.71> <CoreType = "Generic">   --->   Core 0 '' <Latency = 0> <II = 1> <Delay = 1.00> <Generic> <Opcode : >
ST_2 : Operation 111 [1/1] (0.00ns)   --->   "%out_buffer_0_5 = extractvalue i78 %call_ret6" [firmware/nnet_utils/nnet_dense.h:54->firmware/nnet_utils/nnet_dense.h:45->firmware/nnet_utils/nnet_hept.h:227]   --->   Operation 111 'extractvalue' 'out_buffer_0_5' <Predicate = true> <Delay = 0.00>
ST_2 : Operation 112 [1/1] (0.00ns)   --->   "%out_buffer_1_5 = extractvalue i78 %call_ret6" [firmware/nnet_utils/nnet_dense.h:54->firmware/nnet_utils/nnet_dense.h:45->firmware/nnet_utils/nnet_hept.h:227]   --->   Operation 112 'extractvalue' 'out_buffer_1_5' <Predicate = true> <Delay = 0.00>
ST_2 : Operation 113 [1/1] (0.00ns)   --->   "%out_buffer_2_5 = extractvalue i78 %call_ret6" [firmware/nnet_utils/nnet_dense.h:54->firmware/nnet_utils/nnet_dense.h:45->firmware/nnet_utils/nnet_hept.h:227]   --->   Operation 113 'extractvalue' 'out_buffer_2_5' <Predicate = true> <Delay = 0.00>
ST_2 : Operation 114 [1/1] (0.00ns)   --->   "%out_buffer_3_5 = extractvalue i78 %call_ret6" [firmware/nnet_utils/nnet_dense.h:54->firmware/nnet_utils/nnet_dense.h:45->firmware/nnet_utils/nnet_hept.h:227]   --->   Operation 114 'extractvalue' 'out_buffer_3_5' <Predicate = true> <Delay = 0.00>
ST_2 : Operation 115 [1/1] (0.00ns)   --->   "%out_buffer_4_5 = extractvalue i78 %call_ret6" [firmware/nnet_utils/nnet_dense.h:54->firmware/nnet_utils/nnet_dense.h:45->firmware/nnet_utils/nnet_hept.h:227]   --->   Operation 115 'extractvalue' 'out_buffer_4_5' <Predicate = true> <Delay = 0.00>
ST_2 : Operation 116 [1/1] (0.00ns)   --->   "%out_buffer_5_5 = extractvalue i78 %call_ret6" [firmware/nnet_utils/nnet_dense.h:54->firmware/nnet_utils/nnet_dense.h:45->firmware/nnet_utils/nnet_hept.h:227]   --->   Operation 116 'extractvalue' 'out_buffer_5_5' <Predicate = true> <Delay = 0.00>
ST_2 : Operation 117 [1/2] (1.71ns)   --->   "%call_ret = call i78 @dense_latency<ap_fixed<13, 4, 4, 0, 0>, ap_fixed<13, 4, 4, 0, 0>, config5_dense>.3, i13 %qk_12_val106_read, i13 %qk_13_val114_read, i13 %qk_14_val122_read, i13 %qk_15_val130_read, i13 %value_36_val204_read, i13 %value_37_val206_read, i13 %value_38_val208_read, i13 %value_39_val210_read, i13 %value_40_val212_read, i13 %value_41_val214_read, i13 %value_42_val216_read, i13 %value_43_val218_read, i13 %value_44_val220_read, i13 %value_45_val222_read, i13 %value_46_val224_read, i13 %value_47_val226_read, i3 4" [firmware/nnet_utils/nnet_dense.h:54->firmware/nnet_utils/nnet_dense.h:45->firmware/nnet_utils/nnet_hept.h:227]   --->   Operation 117 'call' 'call_ret' <Predicate = true> <Delay = 1.71> <CoreType = "Generic">   --->   Core 0 '' <Latency = 0> <II = 1> <Delay = 1.00> <Generic> <Opcode : >
ST_2 : Operation 118 [1/1] (0.00ns)   --->   "%out_buffer_0_6 = extractvalue i78 %call_ret" [firmware/nnet_utils/nnet_dense.h:54->firmware/nnet_utils/nnet_dense.h:45->firmware/nnet_utils/nnet_hept.h:227]   --->   Operation 118 'extractvalue' 'out_buffer_0_6' <Predicate = true> <Delay = 0.00>
ST_2 : Operation 119 [1/1] (0.00ns)   --->   "%out_buffer_1_6 = extractvalue i78 %call_ret" [firmware/nnet_utils/nnet_dense.h:54->firmware/nnet_utils/nnet_dense.h:45->firmware/nnet_utils/nnet_hept.h:227]   --->   Operation 119 'extractvalue' 'out_buffer_1_6' <Predicate = true> <Delay = 0.00>
ST_2 : Operation 120 [1/1] (0.00ns)   --->   "%out_buffer_2_6 = extractvalue i78 %call_ret" [firmware/nnet_utils/nnet_dense.h:54->firmware/nnet_utils/nnet_dense.h:45->firmware/nnet_utils/nnet_hept.h:227]   --->   Operation 120 'extractvalue' 'out_buffer_2_6' <Predicate = true> <Delay = 0.00>
ST_2 : Operation 121 [1/1] (0.00ns)   --->   "%out_buffer_3_6 = extractvalue i78 %call_ret" [firmware/nnet_utils/nnet_dense.h:54->firmware/nnet_utils/nnet_dense.h:45->firmware/nnet_utils/nnet_hept.h:227]   --->   Operation 121 'extractvalue' 'out_buffer_3_6' <Predicate = true> <Delay = 0.00>
ST_2 : Operation 122 [1/1] (0.00ns)   --->   "%out_buffer_4_6 = extractvalue i78 %call_ret" [firmware/nnet_utils/nnet_dense.h:54->firmware/nnet_utils/nnet_dense.h:45->firmware/nnet_utils/nnet_hept.h:227]   --->   Operation 122 'extractvalue' 'out_buffer_4_6' <Predicate = true> <Delay = 0.00>
ST_2 : Operation 123 [1/1] (0.00ns)   --->   "%out_buffer_5_6 = extractvalue i78 %call_ret" [firmware/nnet_utils/nnet_dense.h:54->firmware/nnet_utils/nnet_dense.h:45->firmware/nnet_utils/nnet_hept.h:227]   --->   Operation 123 'extractvalue' 'out_buffer_5_6' <Predicate = true> <Delay = 0.00>
ST_2 : Operation 124 [1/2] (1.71ns)   --->   "%call_ret7 = call i78 @dense_latency<ap_fixed<13, 4, 4, 0, 0>, ap_fixed<13, 4, 4, 0, 0>, config5_dense>.3, i13 %qk_12_val106_read, i13 %qk_13_val114_read, i13 %qk_14_val122_read, i13 %qk_15_val130_read, i13 %value_36_val204_read, i13 %value_37_val206_read, i13 %value_38_val208_read, i13 %value_39_val210_read, i13 %value_40_val212_read, i13 %value_41_val214_read, i13 %value_42_val216_read, i13 %value_43_val218_read, i13 %value_44_val220_read, i13 %value_45_val222_read, i13 %value_46_val224_read, i13 %value_47_val226_read, i3 6" [firmware/nnet_utils/nnet_dense.h:54->firmware/nnet_utils/nnet_dense.h:45->firmware/nnet_utils/nnet_hept.h:227]   --->   Operation 124 'call' 'call_ret7' <Predicate = true> <Delay = 1.71> <CoreType = "Generic">   --->   Core 0 '' <Latency = 0> <II = 1> <Delay = 1.00> <Generic> <Opcode : >
ST_2 : Operation 125 [1/1] (0.00ns)   --->   "%out_buffer_0_7 = extractvalue i78 %call_ret7" [firmware/nnet_utils/nnet_dense.h:54->firmware/nnet_utils/nnet_dense.h:45->firmware/nnet_utils/nnet_hept.h:227]   --->   Operation 125 'extractvalue' 'out_buffer_0_7' <Predicate = true> <Delay = 0.00>
ST_2 : Operation 126 [1/1] (0.00ns)   --->   "%out_buffer_1_7 = extractvalue i78 %call_ret7" [firmware/nnet_utils/nnet_dense.h:54->firmware/nnet_utils/nnet_dense.h:45->firmware/nnet_utils/nnet_hept.h:227]   --->   Operation 126 'extractvalue' 'out_buffer_1_7' <Predicate = true> <Delay = 0.00>
ST_2 : Operation 127 [1/1] (0.00ns)   --->   "%out_buffer_2_7 = extractvalue i78 %call_ret7" [firmware/nnet_utils/nnet_dense.h:54->firmware/nnet_utils/nnet_dense.h:45->firmware/nnet_utils/nnet_hept.h:227]   --->   Operation 127 'extractvalue' 'out_buffer_2_7' <Predicate = true> <Delay = 0.00>
ST_2 : Operation 128 [1/1] (0.00ns)   --->   "%out_buffer_3_7 = extractvalue i78 %call_ret7" [firmware/nnet_utils/nnet_dense.h:54->firmware/nnet_utils/nnet_dense.h:45->firmware/nnet_utils/nnet_hept.h:227]   --->   Operation 128 'extractvalue' 'out_buffer_3_7' <Predicate = true> <Delay = 0.00>
ST_2 : Operation 129 [1/1] (0.00ns)   --->   "%out_buffer_4_7 = extractvalue i78 %call_ret7" [firmware/nnet_utils/nnet_dense.h:54->firmware/nnet_utils/nnet_dense.h:45->firmware/nnet_utils/nnet_hept.h:227]   --->   Operation 129 'extractvalue' 'out_buffer_4_7' <Predicate = true> <Delay = 0.00>
ST_2 : Operation 130 [1/1] (0.00ns)   --->   "%out_buffer_5_7 = extractvalue i78 %call_ret7" [firmware/nnet_utils/nnet_dense.h:54->firmware/nnet_utils/nnet_dense.h:45->firmware/nnet_utils/nnet_hept.h:227]   --->   Operation 130 'extractvalue' 'out_buffer_5_7' <Predicate = true> <Delay = 0.00>
ST_2 : Operation 131 [1/1] (0.00ns)   --->   "%mrv = insertvalue i624 <undef>, i13 %out_buffer_0" [firmware/nnet_utils/nnet_hept.h:235]   --->   Operation 131 'insertvalue' 'mrv' <Predicate = true> <Delay = 0.00>
ST_2 : Operation 132 [1/1] (0.00ns)   --->   "%mrv_1 = insertvalue i624 %mrv, i13 %out_buffer_1" [firmware/nnet_utils/nnet_hept.h:235]   --->   Operation 132 'insertvalue' 'mrv_1' <Predicate = true> <Delay = 0.00>
ST_2 : Operation 133 [1/1] (0.00ns)   --->   "%mrv_2 = insertvalue i624 %mrv_1, i13 %out_buffer_2" [firmware/nnet_utils/nnet_hept.h:235]   --->   Operation 133 'insertvalue' 'mrv_2' <Predicate = true> <Delay = 0.00>
ST_2 : Operation 134 [1/1] (0.00ns)   --->   "%mrv_3 = insertvalue i624 %mrv_2, i13 %out_buffer_3" [firmware/nnet_utils/nnet_hept.h:235]   --->   Operation 134 'insertvalue' 'mrv_3' <Predicate = true> <Delay = 0.00>
ST_2 : Operation 135 [1/1] (0.00ns)   --->   "%mrv_4 = insertvalue i624 %mrv_3, i13 %out_buffer_4" [firmware/nnet_utils/nnet_hept.h:235]   --->   Operation 135 'insertvalue' 'mrv_4' <Predicate = true> <Delay = 0.00>
ST_2 : Operation 136 [1/1] (0.00ns)   --->   "%mrv_5 = insertvalue i624 %mrv_4, i13 %out_buffer_5" [firmware/nnet_utils/nnet_hept.h:235]   --->   Operation 136 'insertvalue' 'mrv_5' <Predicate = true> <Delay = 0.00>
ST_2 : Operation 137 [1/1] (0.00ns)   --->   "%mrv_6 = insertvalue i624 %mrv_5, i13 %out_buffer_0_1" [firmware/nnet_utils/nnet_hept.h:235]   --->   Operation 137 'insertvalue' 'mrv_6' <Predicate = true> <Delay = 0.00>
ST_2 : Operation 138 [1/1] (0.00ns)   --->   "%mrv_7 = insertvalue i624 %mrv_6, i13 %out_buffer_1_1" [firmware/nnet_utils/nnet_hept.h:235]   --->   Operation 138 'insertvalue' 'mrv_7' <Predicate = true> <Delay = 0.00>
ST_2 : Operation 139 [1/1] (0.00ns)   --->   "%mrv_8 = insertvalue i624 %mrv_7, i13 %out_buffer_2_1" [firmware/nnet_utils/nnet_hept.h:235]   --->   Operation 139 'insertvalue' 'mrv_8' <Predicate = true> <Delay = 0.00>
ST_2 : Operation 140 [1/1] (0.00ns)   --->   "%mrv_9 = insertvalue i624 %mrv_8, i13 %out_buffer_3_1" [firmware/nnet_utils/nnet_hept.h:235]   --->   Operation 140 'insertvalue' 'mrv_9' <Predicate = true> <Delay = 0.00>
ST_2 : Operation 141 [1/1] (0.00ns)   --->   "%mrv_10 = insertvalue i624 %mrv_9, i13 %out_buffer_4_1" [firmware/nnet_utils/nnet_hept.h:235]   --->   Operation 141 'insertvalue' 'mrv_10' <Predicate = true> <Delay = 0.00>
ST_2 : Operation 142 [1/1] (0.00ns)   --->   "%mrv_11 = insertvalue i624 %mrv_10, i13 %out_buffer_5_1" [firmware/nnet_utils/nnet_hept.h:235]   --->   Operation 142 'insertvalue' 'mrv_11' <Predicate = true> <Delay = 0.00>
ST_2 : Operation 143 [1/1] (0.00ns)   --->   "%mrv_12 = insertvalue i624 %mrv_11, i13 %out_buffer_0_2" [firmware/nnet_utils/nnet_hept.h:235]   --->   Operation 143 'insertvalue' 'mrv_12' <Predicate = true> <Delay = 0.00>
ST_2 : Operation 144 [1/1] (0.00ns)   --->   "%mrv_13 = insertvalue i624 %mrv_12, i13 %out_buffer_1_2" [firmware/nnet_utils/nnet_hept.h:235]   --->   Operation 144 'insertvalue' 'mrv_13' <Predicate = true> <Delay = 0.00>
ST_2 : Operation 145 [1/1] (0.00ns)   --->   "%mrv_14 = insertvalue i624 %mrv_13, i13 %out_buffer_2_2" [firmware/nnet_utils/nnet_hept.h:235]   --->   Operation 145 'insertvalue' 'mrv_14' <Predicate = true> <Delay = 0.00>
ST_2 : Operation 146 [1/1] (0.00ns)   --->   "%mrv_15 = insertvalue i624 %mrv_14, i13 %out_buffer_3_2" [firmware/nnet_utils/nnet_hept.h:235]   --->   Operation 146 'insertvalue' 'mrv_15' <Predicate = true> <Delay = 0.00>
ST_2 : Operation 147 [1/1] (0.00ns)   --->   "%mrv_16 = insertvalue i624 %mrv_15, i13 %out_buffer_4_2" [firmware/nnet_utils/nnet_hept.h:235]   --->   Operation 147 'insertvalue' 'mrv_16' <Predicate = true> <Delay = 0.00>
ST_2 : Operation 148 [1/1] (0.00ns)   --->   "%mrv_17 = insertvalue i624 %mrv_16, i13 %out_buffer_5_2" [firmware/nnet_utils/nnet_hept.h:235]   --->   Operation 148 'insertvalue' 'mrv_17' <Predicate = true> <Delay = 0.00>
ST_2 : Operation 149 [1/1] (0.00ns)   --->   "%mrv_18 = insertvalue i624 %mrv_17, i13 %out_buffer_0_3" [firmware/nnet_utils/nnet_hept.h:235]   --->   Operation 149 'insertvalue' 'mrv_18' <Predicate = true> <Delay = 0.00>
ST_2 : Operation 150 [1/1] (0.00ns)   --->   "%mrv_19 = insertvalue i624 %mrv_18, i13 %out_buffer_1_3" [firmware/nnet_utils/nnet_hept.h:235]   --->   Operation 150 'insertvalue' 'mrv_19' <Predicate = true> <Delay = 0.00>
ST_2 : Operation 151 [1/1] (0.00ns)   --->   "%mrv_20 = insertvalue i624 %mrv_19, i13 %out_buffer_2_3" [firmware/nnet_utils/nnet_hept.h:235]   --->   Operation 151 'insertvalue' 'mrv_20' <Predicate = true> <Delay = 0.00>
ST_2 : Operation 152 [1/1] (0.00ns)   --->   "%mrv_21 = insertvalue i624 %mrv_20, i13 %out_buffer_3_3" [firmware/nnet_utils/nnet_hept.h:235]   --->   Operation 152 'insertvalue' 'mrv_21' <Predicate = true> <Delay = 0.00>
ST_2 : Operation 153 [1/1] (0.00ns)   --->   "%mrv_22 = insertvalue i624 %mrv_21, i13 %out_buffer_4_3" [firmware/nnet_utils/nnet_hept.h:235]   --->   Operation 153 'insertvalue' 'mrv_22' <Predicate = true> <Delay = 0.00>
ST_2 : Operation 154 [1/1] (0.00ns)   --->   "%mrv_23 = insertvalue i624 %mrv_22, i13 %out_buffer_5_3" [firmware/nnet_utils/nnet_hept.h:235]   --->   Operation 154 'insertvalue' 'mrv_23' <Predicate = true> <Delay = 0.00>
ST_2 : Operation 155 [1/1] (0.00ns)   --->   "%mrv_24 = insertvalue i624 %mrv_23, i13 %out_buffer_0_4" [firmware/nnet_utils/nnet_hept.h:235]   --->   Operation 155 'insertvalue' 'mrv_24' <Predicate = true> <Delay = 0.00>
ST_2 : Operation 156 [1/1] (0.00ns)   --->   "%mrv_25 = insertvalue i624 %mrv_24, i13 %out_buffer_1_4" [firmware/nnet_utils/nnet_hept.h:235]   --->   Operation 156 'insertvalue' 'mrv_25' <Predicate = true> <Delay = 0.00>
ST_2 : Operation 157 [1/1] (0.00ns)   --->   "%mrv_26 = insertvalue i624 %mrv_25, i13 %out_buffer_2_4" [firmware/nnet_utils/nnet_hept.h:235]   --->   Operation 157 'insertvalue' 'mrv_26' <Predicate = true> <Delay = 0.00>
ST_2 : Operation 158 [1/1] (0.00ns)   --->   "%mrv_27 = insertvalue i624 %mrv_26, i13 %out_buffer_3_4" [firmware/nnet_utils/nnet_hept.h:235]   --->   Operation 158 'insertvalue' 'mrv_27' <Predicate = true> <Delay = 0.00>
ST_2 : Operation 159 [1/1] (0.00ns)   --->   "%mrv_28 = insertvalue i624 %mrv_27, i13 %out_buffer_4_4" [firmware/nnet_utils/nnet_hept.h:235]   --->   Operation 159 'insertvalue' 'mrv_28' <Predicate = true> <Delay = 0.00>
ST_2 : Operation 160 [1/1] (0.00ns)   --->   "%mrv_29 = insertvalue i624 %mrv_28, i13 %out_buffer_5_4" [firmware/nnet_utils/nnet_hept.h:235]   --->   Operation 160 'insertvalue' 'mrv_29' <Predicate = true> <Delay = 0.00>
ST_2 : Operation 161 [1/1] (0.00ns)   --->   "%mrv_30 = insertvalue i624 %mrv_29, i13 %out_buffer_0_5" [firmware/nnet_utils/nnet_hept.h:235]   --->   Operation 161 'insertvalue' 'mrv_30' <Predicate = true> <Delay = 0.00>
ST_2 : Operation 162 [1/1] (0.00ns)   --->   "%mrv_31 = insertvalue i624 %mrv_30, i13 %out_buffer_1_5" [firmware/nnet_utils/nnet_hept.h:235]   --->   Operation 162 'insertvalue' 'mrv_31' <Predicate = true> <Delay = 0.00>
ST_2 : Operation 163 [1/1] (0.00ns)   --->   "%mrv_32 = insertvalue i624 %mrv_31, i13 %out_buffer_2_5" [firmware/nnet_utils/nnet_hept.h:235]   --->   Operation 163 'insertvalue' 'mrv_32' <Predicate = true> <Delay = 0.00>
ST_2 : Operation 164 [1/1] (0.00ns)   --->   "%mrv_33 = insertvalue i624 %mrv_32, i13 %out_buffer_3_5" [firmware/nnet_utils/nnet_hept.h:235]   --->   Operation 164 'insertvalue' 'mrv_33' <Predicate = true> <Delay = 0.00>
ST_2 : Operation 165 [1/1] (0.00ns)   --->   "%mrv_34 = insertvalue i624 %mrv_33, i13 %out_buffer_4_5" [firmware/nnet_utils/nnet_hept.h:235]   --->   Operation 165 'insertvalue' 'mrv_34' <Predicate = true> <Delay = 0.00>
ST_2 : Operation 166 [1/1] (0.00ns)   --->   "%mrv_35 = insertvalue i624 %mrv_34, i13 %out_buffer_5_5" [firmware/nnet_utils/nnet_hept.h:235]   --->   Operation 166 'insertvalue' 'mrv_35' <Predicate = true> <Delay = 0.00>
ST_2 : Operation 167 [1/1] (0.00ns)   --->   "%mrv_36 = insertvalue i624 %mrv_35, i13 %out_buffer_0_6" [firmware/nnet_utils/nnet_hept.h:235]   --->   Operation 167 'insertvalue' 'mrv_36' <Predicate = true> <Delay = 0.00>
ST_2 : Operation 168 [1/1] (0.00ns)   --->   "%mrv_37 = insertvalue i624 %mrv_36, i13 %out_buffer_1_6" [firmware/nnet_utils/nnet_hept.h:235]   --->   Operation 168 'insertvalue' 'mrv_37' <Predicate = true> <Delay = 0.00>
ST_2 : Operation 169 [1/1] (0.00ns)   --->   "%mrv_38 = insertvalue i624 %mrv_37, i13 %out_buffer_2_6" [firmware/nnet_utils/nnet_hept.h:235]   --->   Operation 169 'insertvalue' 'mrv_38' <Predicate = true> <Delay = 0.00>
ST_2 : Operation 170 [1/1] (0.00ns)   --->   "%mrv_39 = insertvalue i624 %mrv_38, i13 %out_buffer_3_6" [firmware/nnet_utils/nnet_hept.h:235]   --->   Operation 170 'insertvalue' 'mrv_39' <Predicate = true> <Delay = 0.00>
ST_2 : Operation 171 [1/1] (0.00ns)   --->   "%mrv_40 = insertvalue i624 %mrv_39, i13 %out_buffer_4_6" [firmware/nnet_utils/nnet_hept.h:235]   --->   Operation 171 'insertvalue' 'mrv_40' <Predicate = true> <Delay = 0.00>
ST_2 : Operation 172 [1/1] (0.00ns)   --->   "%mrv_41 = insertvalue i624 %mrv_40, i13 %out_buffer_5_6" [firmware/nnet_utils/nnet_hept.h:235]   --->   Operation 172 'insertvalue' 'mrv_41' <Predicate = true> <Delay = 0.00>
ST_2 : Operation 173 [1/1] (0.00ns)   --->   "%mrv_42 = insertvalue i624 %mrv_41, i13 %out_buffer_0_7" [firmware/nnet_utils/nnet_hept.h:235]   --->   Operation 173 'insertvalue' 'mrv_42' <Predicate = true> <Delay = 0.00>
ST_2 : Operation 174 [1/1] (0.00ns)   --->   "%mrv_43 = insertvalue i624 %mrv_42, i13 %out_buffer_1_7" [firmware/nnet_utils/nnet_hept.h:235]   --->   Operation 174 'insertvalue' 'mrv_43' <Predicate = true> <Delay = 0.00>
ST_2 : Operation 175 [1/1] (0.00ns)   --->   "%mrv_44 = insertvalue i624 %mrv_43, i13 %out_buffer_2_7" [firmware/nnet_utils/nnet_hept.h:235]   --->   Operation 175 'insertvalue' 'mrv_44' <Predicate = true> <Delay = 0.00>
ST_2 : Operation 176 [1/1] (0.00ns)   --->   "%mrv_45 = insertvalue i624 %mrv_44, i13 %out_buffer_3_7" [firmware/nnet_utils/nnet_hept.h:235]   --->   Operation 176 'insertvalue' 'mrv_45' <Predicate = true> <Delay = 0.00>
ST_2 : Operation 177 [1/1] (0.00ns)   --->   "%mrv_46 = insertvalue i624 %mrv_45, i13 %out_buffer_4_7" [firmware/nnet_utils/nnet_hept.h:235]   --->   Operation 177 'insertvalue' 'mrv_46' <Predicate = true> <Delay = 0.00>
ST_2 : Operation 178 [1/1] (0.00ns)   --->   "%mrv_47 = insertvalue i624 %mrv_46, i13 %out_buffer_5_7" [firmware/nnet_utils/nnet_hept.h:235]   --->   Operation 178 'insertvalue' 'mrv_47' <Predicate = true> <Delay = 0.00>
ST_2 : Operation 179 [1/1] (0.00ns)   --->   "%ret_ln235 = ret i624 %mrv_47" [firmware/nnet_utils/nnet_hept.h:235]   --->   Operation 179 'ret' 'ret_ln235' <Predicate = true> <Delay = 0.00>


============================================================
+ Verbose Summary: Timing violations
============================================================
Target clock period: 5.000ns, clock uncertainty: 0.625ns.

 <State 1>: 4.294ns
The critical path consists of the following:
	wire read operation ('value_11_val154_read', firmware/nnet_utils/nnet_dense.h:54->firmware/nnet_utils/nnet_dense.h:45->firmware/nnet_utils/nnet_hept.h:227) on port 'value_11_val154' (firmware/nnet_utils/nnet_dense.h:54->firmware/nnet_utils/nnet_dense.h:45->firmware/nnet_utils/nnet_hept.h:227) [101]  (0.000 ns)
	'call' operation 78 bit ('call_ret1', firmware/nnet_utils/nnet_dense.h:54->firmware/nnet_utils/nnet_dense.h:45->firmware/nnet_utils/nnet_hept.h:227) to 'dense_latency<ap_fixed<13, 4, 4, 0, 0>, ap_fixed<13, 4, 4, 0, 0>, config5_dense>' [129]  (4.294 ns)

 <State 2>: 1.716ns
The critical path consists of the following:
	'call' operation 78 bit ('call_ret1', firmware/nnet_utils/nnet_dense.h:54->firmware/nnet_utils/nnet_dense.h:45->firmware/nnet_utils/nnet_hept.h:227) to 'dense_latency<ap_fixed<13, 4, 4, 0, 0>, ap_fixed<13, 4, 4, 0, 0>, config5_dense>' [129]  (1.716 ns)


============================================================
+ Verbose Summary: Binding
============================================================
N/A
* FSMD analyzer results:
  - Output states:
 - Input state : 
  - Chain level:
	State 1
	State 2


============================================================
+ Verbose Summary: Datapath Resource usage 
============================================================
N/A
