

================================================================
== Vitis HLS Report for 'dense_latency_ap_fixed_16_6_4_0_0_ap_fixed_16_6_4_0_0_config5_dense_3'
================================================================
* Date:           Sun Feb  2 21:02:29 2025

* Version:        2023.2 (Build 4023990 on Oct 11 2023)
* Project:        myproject_prj
* Solution:       solution1 (Vivado IP Flow Target)
* Product family: virtexuplus
* Target device:  xcvu13p-flga2577-2-e


================================================================
== Performance Estimates
================================================================
+ Timing: 
    * Summary: 
    +--------+---------+----------+------------+
    |  Clock |  Target | Estimated| Uncertainty|
    +--------+---------+----------+------------+
    |ap_clk  |  5.00 ns|  4.113 ns|     0.62 ns|
    +--------+---------+----------+------------+

+ Latency: 
    * Summary: 
    +---------+---------+----------+----------+-----+-----+---------+
    |  Latency (cycles) |  Latency (absolute) |  Interval | Pipeline|
    |   min   |   max   |    min   |    max   | min | max |   Type  |
    +---------+---------+----------+----------+-----+-----+---------+
    |        1|        1|  5.000 ns|  5.000 ns|    1|    1|      yes|
    +---------+---------+----------+----------+-----+-----+---------+

    + Detail: 
        * Instance: 
        N/A

        * Loop: 
        N/A



================================================================
== Utilization Estimates
================================================================
* Summary: 
+---------------------+---------+-------+---------+---------+------+
|         Name        | BRAM_18K|  DSP  |    FF   |   LUT   | URAM |
+---------------------+---------+-------+---------+---------+------+
|DSP                  |        -|      -|        -|        -|     -|
|Expression           |        -|      -|        0|     3948|     -|
|FIFO                 |        -|      -|        -|        -|     -|
|Instance             |        -|     18|        0|      201|     -|
|Memory               |        -|      -|        -|        -|     -|
|Multiplexer          |        -|      -|        -|        -|     -|
|Register             |        -|      -|      972|        -|     -|
+---------------------+---------+-------+---------+---------+------+
|Total                |        0|     18|      972|     4149|     0|
+---------------------+---------+-------+---------+---------+------+
|Available SLR        |     1344|   3072|   864000|   432000|   320|
+---------------------+---------+-------+---------+---------+------+
|Utilization SLR (%)  |        0|     ~0|       ~0|       ~0|     0|
+---------------------+---------+-------+---------+---------+------+
|Available            |     5376|  12288|  3456000|  1728000|  1280|
+---------------------+---------+-------+---------+---------+------+
|Utilization (%)      |        0|     ~0|       ~0|       ~0|     0|
+---------------------+---------+-------+---------+---------+------+

+ Detail: 
    * Instance: 
    +-----------------------------+-----------------------+---------+----+---+----+-----+
    |           Instance          |         Module        | BRAM_18K| DSP| FF| LUT| URAM|
    +-----------------------------+-----------------------+---------+----+---+----+-----+
    |mul_16s_16s_32_1_1_U2329     |mul_16s_16s_32_1_1     |        0|   1|  0|   5|    0|
    |mul_16s_16s_32_1_1_U2330     |mul_16s_16s_32_1_1     |        0|   1|  0|   5|    0|
    |mul_16s_16s_32_1_1_U2331     |mul_16s_16s_32_1_1     |        0|   1|  0|   5|    0|
    |mul_16s_16s_32_1_1_U2332     |mul_16s_16s_32_1_1     |        0|   1|  0|   5|    0|
    |mul_16s_16s_32_1_1_U2333     |mul_16s_16s_32_1_1     |        0|   1|  0|   5|    0|
    |mul_16s_16s_32_1_1_U2334     |mul_16s_16s_32_1_1     |        0|   1|  0|   5|    0|
    |mul_16s_16s_32_1_1_U2335     |mul_16s_16s_32_1_1     |        0|   1|  0|   5|    0|
    |mul_16s_16s_32_1_1_U2336     |mul_16s_16s_32_1_1     |        0|   1|  0|   5|    0|
    |mul_16s_16s_32_1_1_U2337     |mul_16s_16s_32_1_1     |        0|   1|  0|   5|    0|
    |mul_16s_16s_32_1_1_U2338     |mul_16s_16s_32_1_1     |        0|   1|  0|   5|    0|
    |mul_16s_16s_32_1_1_U2339     |mul_16s_16s_32_1_1     |        0|   1|  0|   5|    0|
    |mul_16s_16s_32_1_1_U2340     |mul_16s_16s_32_1_1     |        0|   1|  0|   5|    0|
    |mul_16s_16s_32_1_1_U2341     |mul_16s_16s_32_1_1     |        0|   1|  0|   5|    0|
    |mul_16s_16s_32_1_1_U2342     |mul_16s_16s_32_1_1     |        0|   1|  0|   5|    0|
    |mul_16s_16s_32_1_1_U2343     |mul_16s_16s_32_1_1     |        0|   1|  0|   5|    0|
    |mul_16s_16s_32_1_1_U2344     |mul_16s_16s_32_1_1     |        0|   1|  0|   5|    0|
    |mul_16s_16s_32_1_1_U2345     |mul_16s_16s_32_1_1     |        0|   1|  0|   5|    0|
    |mul_16s_16s_32_1_1_U2346     |mul_16s_16s_32_1_1     |        0|   1|  0|   5|    0|
    |sparsemux_15_6_16_1_1_U2347  |sparsemux_15_6_16_1_1  |        0|   0|  0|  37|    0|
    |sparsemux_15_6_16_1_1_U2348  |sparsemux_15_6_16_1_1  |        0|   0|  0|  37|    0|
    |sparsemux_15_6_16_1_1_U2349  |sparsemux_15_6_16_1_1  |        0|   0|  0|  37|    0|
    +-----------------------------+-----------------------+---------+----+---+----+-----+
    |Total                        |                       |        0|  18|  0| 201|    0|
    +-----------------------------+-----------------------+---------+----+---+----+-----+

    * DSP: 
    N/A

    * Memory: 
    N/A

    * FIFO: 
    N/A

    * Expression: 
    +----------------------------+----------+----+---+----+------------+------------+
    |        Variable Name       | Operation| DSP| FF| LUT| Bitwidth P0| Bitwidth P1|
    +----------------------------+----------+----+---+----+------------+------------+
    |add_ln42_69_fu_1677_p2      |         +|   0|  0|  23|          16|          16|
    |add_ln42_70_fu_1814_p2      |         +|   0|  0|  23|          16|          16|
    |add_ln42_71_fu_1951_p2      |         +|   0|  0|  23|          16|          16|
    |add_ln42_72_fu_2088_p2      |         +|   0|  0|  23|          16|          16|
    |add_ln42_73_fu_2225_p2      |         +|   0|  0|  23|          16|          16|
    |add_ln42_74_fu_2408_p2      |         +|   0|  0|  23|          16|          16|
    |add_ln42_75_fu_2545_p2      |         +|   0|  0|  23|          16|          16|
    |add_ln42_76_fu_2682_p2      |         +|   0|  0|  23|          16|          16|
    |add_ln42_77_fu_2819_p2      |         +|   0|  0|  23|          16|          16|
    |add_ln42_78_fu_2956_p2      |         +|   0|  0|  23|          16|          16|
    |add_ln42_79_fu_3093_p2      |         +|   0|  0|  23|          16|          16|
    |add_ln42_80_fu_3276_p2      |         +|   0|  0|  23|          16|          16|
    |add_ln42_81_fu_3413_p2      |         +|   0|  0|  23|          16|          16|
    |add_ln42_82_fu_3550_p2      |         +|   0|  0|  23|          16|          16|
    |add_ln42_83_fu_3687_p2      |         +|   0|  0|  23|          16|          16|
    |add_ln42_84_fu_3824_p2      |         +|   0|  0|  23|          16|          16|
    |add_ln42_85_fu_3961_p2      |         +|   0|  0|  23|          16|          16|
    |add_ln42_fu_1540_p2         |         +|   0|  0|  23|          16|          16|
    |add_ln58_45_fu_5923_p2      |         +|   0|  0|  24|          17|          17|
    |add_ln58_46_fu_6025_p2      |         +|   0|  0|  24|          17|          17|
    |add_ln58_47_fu_6127_p2      |         +|   0|  0|  24|          17|          17|
    |add_ln58_48_fu_6229_p2      |         +|   0|  0|  24|          17|          17|
    |add_ln58_49_fu_6331_p2      |         +|   0|  0|  24|          17|          17|
    |add_ln58_50_fu_6433_p2      |         +|   0|  0|  24|          17|          17|
    |add_ln58_51_fu_6535_p2      |         +|   0|  0|  24|          17|          17|
    |add_ln58_52_fu_6637_p2      |         +|   0|  0|  24|          17|          17|
    |add_ln58_53_fu_6739_p2      |         +|   0|  0|  24|          17|          17|
    |add_ln58_54_fu_6841_p2      |         +|   0|  0|  24|          17|          17|
    |add_ln58_55_fu_6943_p2      |         +|   0|  0|  24|          17|          17|
    |add_ln58_60_fu_5815_p2      |         +|   0|  0|  23|          16|          16|
    |add_ln58_61_fu_5917_p2      |         +|   0|  0|  23|          16|          16|
    |add_ln58_62_fu_6019_p2      |         +|   0|  0|  23|          16|          16|
    |add_ln58_63_fu_6121_p2      |         +|   0|  0|  23|          16|          16|
    |add_ln58_64_fu_6223_p2      |         +|   0|  0|  23|          16|          16|
    |add_ln58_65_fu_6325_p2      |         +|   0|  0|  23|          16|          16|
    |add_ln58_66_fu_6427_p2      |         +|   0|  0|  23|          16|          16|
    |add_ln58_67_fu_6529_p2      |         +|   0|  0|  23|          16|          16|
    |add_ln58_68_fu_6631_p2      |         +|   0|  0|  23|          16|          16|
    |add_ln58_69_fu_6733_p2      |         +|   0|  0|  23|          16|          16|
    |add_ln58_70_fu_6835_p2      |         +|   0|  0|  23|          16|          16|
    |add_ln58_71_fu_6937_p2      |         +|   0|  0|  23|          16|          16|
    |add_ln58_fu_5821_p2         |         +|   0|  0|  24|          17|          17|
    |and_ln42_501_fu_1560_p2     |       and|   0|  0|   2|           1|           1|
    |and_ln42_502_fu_4044_p2     |       and|   0|  0|   2|           1|           1|
    |and_ln42_503_fu_4055_p2     |       and|   0|  0|   2|           1|           1|
    |and_ln42_504_fu_4075_p2     |       and|   0|  0|   2|           1|           1|
    |and_ln42_505_fu_4081_p2     |       and|   0|  0|   2|           1|           1|
    |and_ln42_506_fu_4098_p2     |       and|   0|  0|   2|           1|           1|
    |and_ln42_507_fu_1667_p2     |       and|   0|  0|   2|           1|           1|
    |and_ln42_508_fu_1697_p2     |       and|   0|  0|   2|           1|           1|
    |and_ln42_509_fu_4143_p2     |       and|   0|  0|   2|           1|           1|
    |and_ln42_510_fu_4154_p2     |       and|   0|  0|   2|           1|           1|
    |and_ln42_511_fu_4174_p2     |       and|   0|  0|   2|           1|           1|
    |and_ln42_512_fu_4180_p2     |       and|   0|  0|   2|           1|           1|
    |and_ln42_513_fu_4197_p2     |       and|   0|  0|   2|           1|           1|
    |and_ln42_514_fu_1804_p2     |       and|   0|  0|   2|           1|           1|
    |and_ln42_515_fu_1834_p2     |       and|   0|  0|   2|           1|           1|
    |and_ln42_516_fu_4242_p2     |       and|   0|  0|   2|           1|           1|
    |and_ln42_517_fu_4253_p2     |       and|   0|  0|   2|           1|           1|
    |and_ln42_518_fu_4273_p2     |       and|   0|  0|   2|           1|           1|
    |and_ln42_519_fu_4279_p2     |       and|   0|  0|   2|           1|           1|
    |and_ln42_520_fu_4296_p2     |       and|   0|  0|   2|           1|           1|
    |and_ln42_521_fu_1941_p2     |       and|   0|  0|   2|           1|           1|
    |and_ln42_522_fu_1971_p2     |       and|   0|  0|   2|           1|           1|
    |and_ln42_523_fu_4341_p2     |       and|   0|  0|   2|           1|           1|
    |and_ln42_524_fu_4352_p2     |       and|   0|  0|   2|           1|           1|
    |and_ln42_525_fu_4372_p2     |       and|   0|  0|   2|           1|           1|
    |and_ln42_526_fu_4378_p2     |       and|   0|  0|   2|           1|           1|
    |and_ln42_527_fu_4395_p2     |       and|   0|  0|   2|           1|           1|
    |and_ln42_528_fu_2078_p2     |       and|   0|  0|   2|           1|           1|
    |and_ln42_529_fu_2108_p2     |       and|   0|  0|   2|           1|           1|
    |and_ln42_530_fu_4440_p2     |       and|   0|  0|   2|           1|           1|
    |and_ln42_531_fu_4451_p2     |       and|   0|  0|   2|           1|           1|
    |and_ln42_532_fu_4471_p2     |       and|   0|  0|   2|           1|           1|
    |and_ln42_533_fu_4477_p2     |       and|   0|  0|   2|           1|           1|
    |and_ln42_534_fu_4494_p2     |       and|   0|  0|   2|           1|           1|
    |and_ln42_535_fu_2215_p2     |       and|   0|  0|   2|           1|           1|
    |and_ln42_536_fu_2245_p2     |       and|   0|  0|   2|           1|           1|
    |and_ln42_537_fu_4539_p2     |       and|   0|  0|   2|           1|           1|
    |and_ln42_538_fu_4550_p2     |       and|   0|  0|   2|           1|           1|
    |and_ln42_539_fu_4570_p2     |       and|   0|  0|   2|           1|           1|
    |and_ln42_540_fu_4576_p2     |       and|   0|  0|   2|           1|           1|
    |and_ln42_541_fu_4593_p2     |       and|   0|  0|   2|           1|           1|
    |and_ln42_542_fu_2398_p2     |       and|   0|  0|   2|           1|           1|
    |and_ln42_543_fu_2428_p2     |       and|   0|  0|   2|           1|           1|
    |and_ln42_544_fu_4638_p2     |       and|   0|  0|   2|           1|           1|
    |and_ln42_545_fu_4649_p2     |       and|   0|  0|   2|           1|           1|
    |and_ln42_546_fu_4669_p2     |       and|   0|  0|   2|           1|           1|
    |and_ln42_547_fu_4675_p2     |       and|   0|  0|   2|           1|           1|
    |and_ln42_548_fu_4692_p2     |       and|   0|  0|   2|           1|           1|
    |and_ln42_549_fu_2535_p2     |       and|   0|  0|   2|           1|           1|
    |and_ln42_550_fu_2565_p2     |       and|   0|  0|   2|           1|           1|
    |and_ln42_551_fu_4737_p2     |       and|   0|  0|   2|           1|           1|
    |and_ln42_552_fu_4748_p2     |       and|   0|  0|   2|           1|           1|
    |and_ln42_553_fu_4768_p2     |       and|   0|  0|   2|           1|           1|
    |and_ln42_554_fu_4774_p2     |       and|   0|  0|   2|           1|           1|
    |and_ln42_555_fu_4791_p2     |       and|   0|  0|   2|           1|           1|
    |and_ln42_556_fu_2672_p2     |       and|   0|  0|   2|           1|           1|
    |and_ln42_557_fu_2702_p2     |       and|   0|  0|   2|           1|           1|
    |and_ln42_558_fu_4836_p2     |       and|   0|  0|   2|           1|           1|
    |and_ln42_559_fu_4847_p2     |       and|   0|  0|   2|           1|           1|
    |and_ln42_560_fu_4867_p2     |       and|   0|  0|   2|           1|           1|
    |and_ln42_561_fu_4873_p2     |       and|   0|  0|   2|           1|           1|
    |and_ln42_562_fu_4890_p2     |       and|   0|  0|   2|           1|           1|
    |and_ln42_563_fu_2809_p2     |       and|   0|  0|   2|           1|           1|
    |and_ln42_564_fu_2839_p2     |       and|   0|  0|   2|           1|           1|
    |and_ln42_565_fu_4935_p2     |       and|   0|  0|   2|           1|           1|
    |and_ln42_566_fu_4946_p2     |       and|   0|  0|   2|           1|           1|
    |and_ln42_567_fu_4966_p2     |       and|   0|  0|   2|           1|           1|
    |and_ln42_568_fu_4972_p2     |       and|   0|  0|   2|           1|           1|
    |and_ln42_569_fu_4989_p2     |       and|   0|  0|   2|           1|           1|
    |and_ln42_570_fu_2946_p2     |       and|   0|  0|   2|           1|           1|
    |and_ln42_571_fu_2976_p2     |       and|   0|  0|   2|           1|           1|
    |and_ln42_572_fu_5034_p2     |       and|   0|  0|   2|           1|           1|
    |and_ln42_573_fu_5045_p2     |       and|   0|  0|   2|           1|           1|
    |and_ln42_574_fu_5065_p2     |       and|   0|  0|   2|           1|           1|
    |and_ln42_575_fu_5071_p2     |       and|   0|  0|   2|           1|           1|
    |and_ln42_576_fu_5088_p2     |       and|   0|  0|   2|           1|           1|
    |and_ln42_577_fu_3083_p2     |       and|   0|  0|   2|           1|           1|
    |and_ln42_578_fu_3113_p2     |       and|   0|  0|   2|           1|           1|
    |and_ln42_579_fu_5133_p2     |       and|   0|  0|   2|           1|           1|
    |and_ln42_580_fu_5144_p2     |       and|   0|  0|   2|           1|           1|
    |and_ln42_581_fu_5164_p2     |       and|   0|  0|   2|           1|           1|
    |and_ln42_582_fu_5170_p2     |       and|   0|  0|   2|           1|           1|
    |and_ln42_583_fu_5187_p2     |       and|   0|  0|   2|           1|           1|
    |and_ln42_584_fu_3266_p2     |       and|   0|  0|   2|           1|           1|
    |and_ln42_585_fu_3296_p2     |       and|   0|  0|   2|           1|           1|
    |and_ln42_586_fu_5232_p2     |       and|   0|  0|   2|           1|           1|
    |and_ln42_587_fu_5243_p2     |       and|   0|  0|   2|           1|           1|
    |and_ln42_588_fu_5263_p2     |       and|   0|  0|   2|           1|           1|
    |and_ln42_589_fu_5269_p2     |       and|   0|  0|   2|           1|           1|
    |and_ln42_590_fu_5286_p2     |       and|   0|  0|   2|           1|           1|
    |and_ln42_591_fu_3403_p2     |       and|   0|  0|   2|           1|           1|
    |and_ln42_592_fu_3433_p2     |       and|   0|  0|   2|           1|           1|
    |and_ln42_593_fu_5331_p2     |       and|   0|  0|   2|           1|           1|
    |and_ln42_594_fu_5342_p2     |       and|   0|  0|   2|           1|           1|
    |and_ln42_595_fu_5362_p2     |       and|   0|  0|   2|           1|           1|
    |and_ln42_596_fu_5368_p2     |       and|   0|  0|   2|           1|           1|
    |and_ln42_597_fu_5385_p2     |       and|   0|  0|   2|           1|           1|
    |and_ln42_598_fu_3540_p2     |       and|   0|  0|   2|           1|           1|
    |and_ln42_599_fu_3570_p2     |       and|   0|  0|   2|           1|           1|
    |and_ln42_600_fu_5430_p2     |       and|   0|  0|   2|           1|           1|
    |and_ln42_601_fu_5441_p2     |       and|   0|  0|   2|           1|           1|
    |and_ln42_602_fu_5461_p2     |       and|   0|  0|   2|           1|           1|
    |and_ln42_603_fu_5467_p2     |       and|   0|  0|   2|           1|           1|
    |and_ln42_604_fu_5484_p2     |       and|   0|  0|   2|           1|           1|
    |and_ln42_605_fu_3677_p2     |       and|   0|  0|   2|           1|           1|
    |and_ln42_606_fu_3707_p2     |       and|   0|  0|   2|           1|           1|
    |and_ln42_607_fu_5529_p2     |       and|   0|  0|   2|           1|           1|
    |and_ln42_608_fu_5540_p2     |       and|   0|  0|   2|           1|           1|
    |and_ln42_609_fu_5560_p2     |       and|   0|  0|   2|           1|           1|
    |and_ln42_610_fu_5566_p2     |       and|   0|  0|   2|           1|           1|
    |and_ln42_611_fu_5583_p2     |       and|   0|  0|   2|           1|           1|
    |and_ln42_612_fu_3814_p2     |       and|   0|  0|   2|           1|           1|
    |and_ln42_613_fu_3844_p2     |       and|   0|  0|   2|           1|           1|
    |and_ln42_614_fu_5628_p2     |       and|   0|  0|   2|           1|           1|
    |and_ln42_615_fu_5639_p2     |       and|   0|  0|   2|           1|           1|
    |and_ln42_616_fu_5659_p2     |       and|   0|  0|   2|           1|           1|
    |and_ln42_617_fu_5665_p2     |       and|   0|  0|   2|           1|           1|
    |and_ln42_618_fu_5682_p2     |       and|   0|  0|   2|           1|           1|
    |and_ln42_619_fu_3951_p2     |       and|   0|  0|   2|           1|           1|
    |and_ln42_620_fu_3981_p2     |       and|   0|  0|   2|           1|           1|
    |and_ln42_621_fu_5727_p2     |       and|   0|  0|   2|           1|           1|
    |and_ln42_622_fu_5738_p2     |       and|   0|  0|   2|           1|           1|
    |and_ln42_623_fu_5758_p2     |       and|   0|  0|   2|           1|           1|
    |and_ln42_624_fu_5764_p2     |       and|   0|  0|   2|           1|           1|
    |and_ln42_625_fu_5781_p2     |       and|   0|  0|   2|           1|           1|
    |and_ln42_fu_1530_p2         |       and|   0|  0|   2|           1|           1|
    |and_ln58_100_fu_6257_p2     |       and|   0|  0|   2|           1|           1|
    |and_ln58_101_fu_6269_p2     |       and|   0|  0|   2|           1|           1|
    |and_ln58_102_fu_6359_p2     |       and|   0|  0|   2|           1|           1|
    |and_ln58_103_fu_6371_p2     |       and|   0|  0|   2|           1|           1|
    |and_ln58_104_fu_6461_p2     |       and|   0|  0|   2|           1|           1|
    |and_ln58_105_fu_6473_p2     |       and|   0|  0|   2|           1|           1|
    |and_ln58_106_fu_6563_p2     |       and|   0|  0|   2|           1|           1|
    |and_ln58_107_fu_6575_p2     |       and|   0|  0|   2|           1|           1|
    |and_ln58_108_fu_6665_p2     |       and|   0|  0|   2|           1|           1|
    |and_ln58_109_fu_6677_p2     |       and|   0|  0|   2|           1|           1|
    |and_ln58_110_fu_6767_p2     |       and|   0|  0|   2|           1|           1|
    |and_ln58_111_fu_6779_p2     |       and|   0|  0|   2|           1|           1|
    |and_ln58_112_fu_6869_p2     |       and|   0|  0|   2|           1|           1|
    |and_ln58_113_fu_6881_p2     |       and|   0|  0|   2|           1|           1|
    |and_ln58_114_fu_6971_p2     |       and|   0|  0|   2|           1|           1|
    |and_ln58_115_fu_6983_p2     |       and|   0|  0|   2|           1|           1|
    |and_ln58_93_fu_5861_p2      |       and|   0|  0|   2|           1|           1|
    |and_ln58_94_fu_5951_p2      |       and|   0|  0|   2|           1|           1|
    |and_ln58_95_fu_5963_p2      |       and|   0|  0|   2|           1|           1|
    |and_ln58_96_fu_6053_p2      |       and|   0|  0|   2|           1|           1|
    |and_ln58_97_fu_6065_p2      |       and|   0|  0|   2|           1|           1|
    |and_ln58_98_fu_6155_p2      |       and|   0|  0|   2|           1|           1|
    |and_ln58_99_fu_6167_p2      |       and|   0|  0|   2|           1|           1|
    |and_ln58_fu_5849_p2         |       and|   0|  0|   2|           1|           1|
    |icmp_ln42_285_fu_1576_p2    |      icmp|   0|  0|  12|           5|           2|
    |icmp_ln42_286_fu_1592_p2    |      icmp|   0|  0|  13|           6|           2|
    |icmp_ln42_287_fu_1598_p2    |      icmp|   0|  0|  13|           6|           1|
    |icmp_ln42_288_fu_1647_p2    |      icmp|   0|  0|  16|           9|           1|
    |icmp_ln42_289_fu_1713_p2    |      icmp|   0|  0|  12|           5|           2|
    |icmp_ln42_290_fu_1729_p2    |      icmp|   0|  0|  13|           6|           2|
    |icmp_ln42_291_fu_1735_p2    |      icmp|   0|  0|  13|           6|           1|
    |icmp_ln42_292_fu_1784_p2    |      icmp|   0|  0|  16|           9|           1|
    |icmp_ln42_293_fu_1850_p2    |      icmp|   0|  0|  12|           5|           2|
    |icmp_ln42_294_fu_1866_p2    |      icmp|   0|  0|  13|           6|           2|
    |icmp_ln42_295_fu_1872_p2    |      icmp|   0|  0|  13|           6|           1|
    |icmp_ln42_296_fu_1921_p2    |      icmp|   0|  0|  16|           9|           1|
    |icmp_ln42_297_fu_1987_p2    |      icmp|   0|  0|  12|           5|           2|
    |icmp_ln42_298_fu_2003_p2    |      icmp|   0|  0|  13|           6|           2|
    |icmp_ln42_299_fu_2009_p2    |      icmp|   0|  0|  13|           6|           1|
    |icmp_ln42_300_fu_2058_p2    |      icmp|   0|  0|  16|           9|           1|
    |icmp_ln42_301_fu_2124_p2    |      icmp|   0|  0|  12|           5|           2|
    |icmp_ln42_302_fu_2140_p2    |      icmp|   0|  0|  13|           6|           2|
    |icmp_ln42_303_fu_2146_p2    |      icmp|   0|  0|  13|           6|           1|
    |icmp_ln42_304_fu_2195_p2    |      icmp|   0|  0|  16|           9|           1|
    |icmp_ln42_305_fu_2261_p2    |      icmp|   0|  0|  12|           5|           2|
    |icmp_ln42_306_fu_2277_p2    |      icmp|   0|  0|  13|           6|           2|
    |icmp_ln42_307_fu_2283_p2    |      icmp|   0|  0|  13|           6|           1|
    |icmp_ln42_308_fu_2378_p2    |      icmp|   0|  0|  16|           9|           1|
    |icmp_ln42_309_fu_2444_p2    |      icmp|   0|  0|  12|           5|           2|
    |icmp_ln42_310_fu_2460_p2    |      icmp|   0|  0|  13|           6|           2|
    |icmp_ln42_311_fu_2466_p2    |      icmp|   0|  0|  13|           6|           1|
    |icmp_ln42_312_fu_2515_p2    |      icmp|   0|  0|  16|           9|           1|
    |icmp_ln42_313_fu_2581_p2    |      icmp|   0|  0|  12|           5|           2|
    |icmp_ln42_314_fu_2597_p2    |      icmp|   0|  0|  13|           6|           2|
    |icmp_ln42_315_fu_2603_p2    |      icmp|   0|  0|  13|           6|           1|
    |icmp_ln42_316_fu_2652_p2    |      icmp|   0|  0|  16|           9|           1|
    |icmp_ln42_317_fu_2718_p2    |      icmp|   0|  0|  12|           5|           2|
    |icmp_ln42_318_fu_2734_p2    |      icmp|   0|  0|  13|           6|           2|
    |icmp_ln42_319_fu_2740_p2    |      icmp|   0|  0|  13|           6|           1|
    |icmp_ln42_320_fu_2789_p2    |      icmp|   0|  0|  16|           9|           1|
    |icmp_ln42_321_fu_2855_p2    |      icmp|   0|  0|  12|           5|           2|
    |icmp_ln42_322_fu_2871_p2    |      icmp|   0|  0|  13|           6|           2|
    |icmp_ln42_323_fu_2877_p2    |      icmp|   0|  0|  13|           6|           1|
    |icmp_ln42_324_fu_2926_p2    |      icmp|   0|  0|  16|           9|           1|
    |icmp_ln42_325_fu_2992_p2    |      icmp|   0|  0|  12|           5|           2|
    |icmp_ln42_326_fu_3008_p2    |      icmp|   0|  0|  13|           6|           2|
    |icmp_ln42_327_fu_3014_p2    |      icmp|   0|  0|  13|           6|           1|
    |icmp_ln42_328_fu_3063_p2    |      icmp|   0|  0|  16|           9|           1|
    |icmp_ln42_329_fu_3129_p2    |      icmp|   0|  0|  12|           5|           2|
    |icmp_ln42_330_fu_3145_p2    |      icmp|   0|  0|  13|           6|           2|
    |icmp_ln42_331_fu_3151_p2    |      icmp|   0|  0|  13|           6|           1|
    |icmp_ln42_332_fu_3246_p2    |      icmp|   0|  0|  16|           9|           1|
    |icmp_ln42_333_fu_3312_p2    |      icmp|   0|  0|  12|           5|           2|
    |icmp_ln42_334_fu_3328_p2    |      icmp|   0|  0|  13|           6|           2|
    |icmp_ln42_335_fu_3334_p2    |      icmp|   0|  0|  13|           6|           1|
    |icmp_ln42_336_fu_3383_p2    |      icmp|   0|  0|  16|           9|           1|
    |icmp_ln42_337_fu_3449_p2    |      icmp|   0|  0|  12|           5|           2|
    |icmp_ln42_338_fu_3465_p2    |      icmp|   0|  0|  13|           6|           2|
    |icmp_ln42_339_fu_3471_p2    |      icmp|   0|  0|  13|           6|           1|
    |icmp_ln42_340_fu_3520_p2    |      icmp|   0|  0|  16|           9|           1|
    |icmp_ln42_341_fu_3586_p2    |      icmp|   0|  0|  12|           5|           2|
    |icmp_ln42_342_fu_3602_p2    |      icmp|   0|  0|  13|           6|           2|
    |icmp_ln42_343_fu_3608_p2    |      icmp|   0|  0|  13|           6|           1|
    |icmp_ln42_344_fu_3657_p2    |      icmp|   0|  0|  16|           9|           1|
    |icmp_ln42_345_fu_3723_p2    |      icmp|   0|  0|  12|           5|           2|
    |icmp_ln42_346_fu_3739_p2    |      icmp|   0|  0|  13|           6|           2|
    |icmp_ln42_347_fu_3745_p2    |      icmp|   0|  0|  13|           6|           1|
    |icmp_ln42_348_fu_3794_p2    |      icmp|   0|  0|  16|           9|           1|
    |icmp_ln42_349_fu_3860_p2    |      icmp|   0|  0|  12|           5|           2|
    |icmp_ln42_350_fu_3876_p2    |      icmp|   0|  0|  13|           6|           2|
    |icmp_ln42_351_fu_3882_p2    |      icmp|   0|  0|  13|           6|           1|
    |icmp_ln42_352_fu_3931_p2    |      icmp|   0|  0|  16|           9|           1|
    |icmp_ln42_353_fu_3997_p2    |      icmp|   0|  0|  12|           5|           2|
    |icmp_ln42_354_fu_4013_p2    |      icmp|   0|  0|  13|           6|           2|
    |icmp_ln42_355_fu_4019_p2    |      icmp|   0|  0|  13|           6|           1|
    |icmp_ln42_fu_1510_p2        |      icmp|   0|  0|  16|           9|           1|
    |or_ln42_213_fu_4065_p2      |        or|   0|  0|   2|           1|           1|
    |or_ln42_214_fu_4111_p2      |        or|   0|  0|   2|           1|           1|
    |or_ln42_215_fu_1661_p2      |        or|   0|  0|   2|           1|           1|
    |or_ln42_216_fu_4164_p2      |        or|   0|  0|   2|           1|           1|
    |or_ln42_217_fu_4210_p2      |        or|   0|  0|   2|           1|           1|
    |or_ln42_218_fu_1798_p2      |        or|   0|  0|   2|           1|           1|
    |or_ln42_219_fu_4263_p2      |        or|   0|  0|   2|           1|           1|
    |or_ln42_220_fu_4309_p2      |        or|   0|  0|   2|           1|           1|
    |or_ln42_221_fu_1935_p2      |        or|   0|  0|   2|           1|           1|
    |or_ln42_222_fu_4362_p2      |        or|   0|  0|   2|           1|           1|
    |or_ln42_223_fu_4408_p2      |        or|   0|  0|   2|           1|           1|
    |or_ln42_224_fu_2072_p2      |        or|   0|  0|   2|           1|           1|
    |or_ln42_225_fu_4461_p2      |        or|   0|  0|   2|           1|           1|
    |or_ln42_226_fu_4507_p2      |        or|   0|  0|   2|           1|           1|
    |or_ln42_227_fu_2209_p2      |        or|   0|  0|   2|           1|           1|
    |or_ln42_228_fu_4560_p2      |        or|   0|  0|   2|           1|           1|
    |or_ln42_229_fu_4606_p2      |        or|   0|  0|   2|           1|           1|
    |or_ln42_230_fu_2392_p2      |        or|   0|  0|   2|           1|           1|
    |or_ln42_231_fu_4659_p2      |        or|   0|  0|   2|           1|           1|
    |or_ln42_232_fu_4705_p2      |        or|   0|  0|   2|           1|           1|
    |or_ln42_233_fu_2529_p2      |        or|   0|  0|   2|           1|           1|
    |or_ln42_234_fu_4758_p2      |        or|   0|  0|   2|           1|           1|
    |or_ln42_235_fu_4804_p2      |        or|   0|  0|   2|           1|           1|
    |or_ln42_236_fu_2666_p2      |        or|   0|  0|   2|           1|           1|
    |or_ln42_237_fu_4857_p2      |        or|   0|  0|   2|           1|           1|
    |or_ln42_238_fu_4903_p2      |        or|   0|  0|   2|           1|           1|
    |or_ln42_239_fu_2803_p2      |        or|   0|  0|   2|           1|           1|
    |or_ln42_240_fu_4956_p2      |        or|   0|  0|   2|           1|           1|
    |or_ln42_241_fu_5002_p2      |        or|   0|  0|   2|           1|           1|
    |or_ln42_242_fu_2940_p2      |        or|   0|  0|   2|           1|           1|
    |or_ln42_243_fu_5055_p2      |        or|   0|  0|   2|           1|           1|
    |or_ln42_244_fu_5101_p2      |        or|   0|  0|   2|           1|           1|
    |or_ln42_245_fu_3077_p2      |        or|   0|  0|   2|           1|           1|
    |or_ln42_246_fu_5154_p2      |        or|   0|  0|   2|           1|           1|
    |or_ln42_247_fu_5200_p2      |        or|   0|  0|   2|           1|           1|
    |or_ln42_248_fu_3260_p2      |        or|   0|  0|   2|           1|           1|
    |or_ln42_249_fu_5253_p2      |        or|   0|  0|   2|           1|           1|
    |or_ln42_250_fu_5299_p2      |        or|   0|  0|   2|           1|           1|
    |or_ln42_251_fu_3397_p2      |        or|   0|  0|   2|           1|           1|
    |or_ln42_252_fu_5352_p2      |        or|   0|  0|   2|           1|           1|
    |or_ln42_253_fu_5398_p2      |        or|   0|  0|   2|           1|           1|
    |or_ln42_254_fu_3534_p2      |        or|   0|  0|   2|           1|           1|
    |or_ln42_255_fu_5451_p2      |        or|   0|  0|   2|           1|           1|
    |or_ln42_256_fu_5497_p2      |        or|   0|  0|   2|           1|           1|
    |or_ln42_257_fu_3671_p2      |        or|   0|  0|   2|           1|           1|
    |or_ln42_258_fu_5550_p2      |        or|   0|  0|   2|           1|           1|
    |or_ln42_259_fu_5596_p2      |        or|   0|  0|   2|           1|           1|
    |or_ln42_260_fu_3808_p2      |        or|   0|  0|   2|           1|           1|
    |or_ln42_261_fu_5649_p2      |        or|   0|  0|   2|           1|           1|
    |or_ln42_262_fu_5695_p2      |        or|   0|  0|   2|           1|           1|
    |or_ln42_263_fu_3945_p2      |        or|   0|  0|   2|           1|           1|
    |or_ln42_264_fu_5748_p2      |        or|   0|  0|   2|           1|           1|
    |or_ln42_265_fu_5794_p2      |        or|   0|  0|   2|           1|           1|
    |or_ln42_266_fu_4086_p2      |        or|   0|  0|   2|           1|           1|
    |or_ln42_267_fu_4185_p2      |        or|   0|  0|   2|           1|           1|
    |or_ln42_268_fu_4284_p2      |        or|   0|  0|   2|           1|           1|
    |or_ln42_269_fu_4383_p2      |        or|   0|  0|   2|           1|           1|
    |or_ln42_270_fu_4482_p2      |        or|   0|  0|   2|           1|           1|
    |or_ln42_271_fu_4581_p2      |        or|   0|  0|   2|           1|           1|
    |or_ln42_272_fu_4680_p2      |        or|   0|  0|   2|           1|           1|
    |or_ln42_273_fu_4779_p2      |        or|   0|  0|   2|           1|           1|
    |or_ln42_274_fu_4878_p2      |        or|   0|  0|   2|           1|           1|
    |or_ln42_275_fu_4977_p2      |        or|   0|  0|   2|           1|           1|
    |or_ln42_276_fu_5076_p2      |        or|   0|  0|   2|           1|           1|
    |or_ln42_277_fu_5175_p2      |        or|   0|  0|   2|           1|           1|
    |or_ln42_278_fu_5274_p2      |        or|   0|  0|   2|           1|           1|
    |or_ln42_279_fu_5373_p2      |        or|   0|  0|   2|           1|           1|
    |or_ln42_280_fu_5472_p2      |        or|   0|  0|   2|           1|           1|
    |or_ln42_281_fu_5571_p2      |        or|   0|  0|   2|           1|           1|
    |or_ln42_282_fu_5670_p2      |        or|   0|  0|   2|           1|           1|
    |or_ln42_283_fu_5769_p2      |        or|   0|  0|   2|           1|           1|
    |or_ln42_fu_1524_p2          |        or|   0|  0|   2|           1|           1|
    |or_ln58_45_fu_5981_p2       |        or|   0|  0|   2|           1|           1|
    |or_ln58_46_fu_6083_p2       |        or|   0|  0|   2|           1|           1|
    |or_ln58_47_fu_6185_p2       |        or|   0|  0|   2|           1|           1|
    |or_ln58_48_fu_6287_p2       |        or|   0|  0|   2|           1|           1|
    |or_ln58_49_fu_6389_p2       |        or|   0|  0|   2|           1|           1|
    |or_ln58_50_fu_6491_p2       |        or|   0|  0|   2|           1|           1|
    |or_ln58_51_fu_6593_p2       |        or|   0|  0|   2|           1|           1|
    |or_ln58_52_fu_6695_p2       |        or|   0|  0|   2|           1|           1|
    |or_ln58_53_fu_6797_p2       |        or|   0|  0|   2|           1|           1|
    |or_ln58_54_fu_6899_p2       |        or|   0|  0|   2|           1|           1|
    |or_ln58_55_fu_7001_p2       |        or|   0|  0|   2|           1|           1|
    |or_ln58_fu_5879_p2          |        or|   0|  0|   2|           1|           1|
    |select_ln42_285_fu_4049_p3  |    select|   0|  0|   2|           1|           1|
    |select_ln42_286_fu_4103_p3  |    select|   0|  0|  17|           1|          15|
    |select_ln42_287_fu_4117_p3  |    select|   0|  0|  16|           1|          16|
    |select_ln42_288_fu_4124_p3  |    select|   0|  0|   2|           1|           1|
    |select_ln42_289_fu_4148_p3  |    select|   0|  0|   2|           1|           1|
    |select_ln42_290_fu_4202_p3  |    select|   0|  0|  17|           1|          15|
    |select_ln42_291_fu_4216_p3  |    select|   0|  0|  16|           1|          16|
    |select_ln42_292_fu_4223_p3  |    select|   0|  0|   2|           1|           1|
    |select_ln42_293_fu_4247_p3  |    select|   0|  0|   2|           1|           1|
    |select_ln42_294_fu_4301_p3  |    select|   0|  0|  17|           1|          15|
    |select_ln42_295_fu_4315_p3  |    select|   0|  0|  16|           1|          16|
    |select_ln42_296_fu_4322_p3  |    select|   0|  0|   2|           1|           1|
    |select_ln42_297_fu_4346_p3  |    select|   0|  0|   2|           1|           1|
    |select_ln42_298_fu_4400_p3  |    select|   0|  0|  17|           1|          15|
    |select_ln42_299_fu_4414_p3  |    select|   0|  0|  16|           1|          16|
    |select_ln42_300_fu_4421_p3  |    select|   0|  0|   2|           1|           1|
    |select_ln42_301_fu_4445_p3  |    select|   0|  0|   2|           1|           1|
    |select_ln42_302_fu_4499_p3  |    select|   0|  0|  17|           1|          15|
    |select_ln42_303_fu_4513_p3  |    select|   0|  0|  16|           1|          16|
    |select_ln42_304_fu_4520_p3  |    select|   0|  0|   2|           1|           1|
    |select_ln42_305_fu_4544_p3  |    select|   0|  0|   2|           1|           1|
    |select_ln42_306_fu_4598_p3  |    select|   0|  0|  17|           1|          15|
    |select_ln42_307_fu_4612_p3  |    select|   0|  0|  16|           1|          16|
    |select_ln42_308_fu_4619_p3  |    select|   0|  0|   2|           1|           1|
    |select_ln42_309_fu_4643_p3  |    select|   0|  0|   2|           1|           1|
    |select_ln42_310_fu_4697_p3  |    select|   0|  0|  17|           1|          15|
    |select_ln42_311_fu_4711_p3  |    select|   0|  0|  16|           1|          16|
    |select_ln42_312_fu_4718_p3  |    select|   0|  0|   2|           1|           1|
    |select_ln42_313_fu_4742_p3  |    select|   0|  0|   2|           1|           1|
    |select_ln42_314_fu_4796_p3  |    select|   0|  0|  17|           1|          15|
    |select_ln42_315_fu_4810_p3  |    select|   0|  0|  16|           1|          16|
    |select_ln42_316_fu_4817_p3  |    select|   0|  0|   2|           1|           1|
    |select_ln42_317_fu_4841_p3  |    select|   0|  0|   2|           1|           1|
    |select_ln42_318_fu_4895_p3  |    select|   0|  0|  17|           1|          15|
    |select_ln42_319_fu_4909_p3  |    select|   0|  0|  16|           1|          16|
    |select_ln42_320_fu_4916_p3  |    select|   0|  0|   2|           1|           1|
    |select_ln42_321_fu_4940_p3  |    select|   0|  0|   2|           1|           1|
    |select_ln42_322_fu_4994_p3  |    select|   0|  0|  17|           1|          15|
    |select_ln42_323_fu_5008_p3  |    select|   0|  0|  16|           1|          16|
    |select_ln42_324_fu_5015_p3  |    select|   0|  0|   2|           1|           1|
    |select_ln42_325_fu_5039_p3  |    select|   0|  0|   2|           1|           1|
    |select_ln42_326_fu_5093_p3  |    select|   0|  0|  17|           1|          15|
    |select_ln42_327_fu_5107_p3  |    select|   0|  0|  16|           1|          16|
    |select_ln42_328_fu_5114_p3  |    select|   0|  0|   2|           1|           1|
    |select_ln42_329_fu_5138_p3  |    select|   0|  0|   2|           1|           1|
    |select_ln42_330_fu_5192_p3  |    select|   0|  0|  17|           1|          15|
    |select_ln42_331_fu_5206_p3  |    select|   0|  0|  16|           1|          16|
    |select_ln42_332_fu_5213_p3  |    select|   0|  0|   2|           1|           1|
    |select_ln42_333_fu_5237_p3  |    select|   0|  0|   2|           1|           1|
    |select_ln42_334_fu_5291_p3  |    select|   0|  0|  17|           1|          15|
    |select_ln42_335_fu_5305_p3  |    select|   0|  0|  16|           1|          16|
    |select_ln42_336_fu_5312_p3  |    select|   0|  0|   2|           1|           1|
    |select_ln42_337_fu_5336_p3  |    select|   0|  0|   2|           1|           1|
    |select_ln42_338_fu_5390_p3  |    select|   0|  0|  17|           1|          15|
    |select_ln42_339_fu_5404_p3  |    select|   0|  0|  16|           1|          16|
    |select_ln42_340_fu_5411_p3  |    select|   0|  0|   2|           1|           1|
    |select_ln42_341_fu_5435_p3  |    select|   0|  0|   2|           1|           1|
    |select_ln42_342_fu_5489_p3  |    select|   0|  0|  17|           1|          15|
    |select_ln42_343_fu_5503_p3  |    select|   0|  0|  16|           1|          16|
    |select_ln42_344_fu_5510_p3  |    select|   0|  0|   2|           1|           1|
    |select_ln42_345_fu_5534_p3  |    select|   0|  0|   2|           1|           1|
    |select_ln42_346_fu_5588_p3  |    select|   0|  0|  17|           1|          15|
    |select_ln42_347_fu_5602_p3  |    select|   0|  0|  16|           1|          16|
    |select_ln42_348_fu_5609_p3  |    select|   0|  0|   2|           1|           1|
    |select_ln42_349_fu_5633_p3  |    select|   0|  0|   2|           1|           1|
    |select_ln42_350_fu_5687_p3  |    select|   0|  0|  17|           1|          15|
    |select_ln42_351_fu_5701_p3  |    select|   0|  0|  16|           1|          16|
    |select_ln42_352_fu_5708_p3  |    select|   0|  0|   2|           1|           1|
    |select_ln42_353_fu_5732_p3  |    select|   0|  0|   2|           1|           1|
    |select_ln42_354_fu_5786_p3  |    select|   0|  0|  17|           1|          15|
    |select_ln42_355_fu_5800_p3  |    select|   0|  0|  16|           1|          16|
    |select_ln42_fu_4025_p3      |    select|   0|  0|   2|           1|           1|
    |select_ln58_141_fu_5893_p3  |    select|   0|  0|  17|           1|          17|
    |select_ln58_142_fu_5901_p3  |    select|   0|  0|  16|           1|          16|
    |select_ln58_143_fu_5987_p3  |    select|   0|  0|  16|           1|          15|
    |select_ln58_144_fu_5995_p3  |    select|   0|  0|  17|           1|          17|
    |select_ln58_145_fu_6003_p3  |    select|   0|  0|  16|           1|          16|
    |select_ln58_146_fu_6089_p3  |    select|   0|  0|  16|           1|          15|
    |select_ln58_147_fu_6097_p3  |    select|   0|  0|  17|           1|          17|
    |select_ln58_148_fu_6105_p3  |    select|   0|  0|  16|           1|          16|
    |select_ln58_149_fu_6191_p3  |    select|   0|  0|  16|           1|          15|
    |select_ln58_150_fu_6199_p3  |    select|   0|  0|  17|           1|          17|
    |select_ln58_151_fu_6207_p3  |    select|   0|  0|  16|           1|          16|
    |select_ln58_152_fu_6293_p3  |    select|   0|  0|  16|           1|          15|
    |select_ln58_153_fu_6301_p3  |    select|   0|  0|  17|           1|          17|
    |select_ln58_154_fu_6309_p3  |    select|   0|  0|  16|           1|          16|
    |select_ln58_155_fu_6395_p3  |    select|   0|  0|  16|           1|          15|
    |select_ln58_156_fu_6403_p3  |    select|   0|  0|  17|           1|          17|
    |select_ln58_157_fu_6411_p3  |    select|   0|  0|  16|           1|          16|
    |select_ln58_158_fu_6497_p3  |    select|   0|  0|  16|           1|          15|
    |select_ln58_159_fu_6505_p3  |    select|   0|  0|  17|           1|          17|
    |select_ln58_160_fu_6513_p3  |    select|   0|  0|  16|           1|          16|
    |select_ln58_161_fu_6599_p3  |    select|   0|  0|  16|           1|          15|
    |select_ln58_162_fu_6607_p3  |    select|   0|  0|  17|           1|          17|
    |select_ln58_163_fu_6615_p3  |    select|   0|  0|  16|           1|          16|
    |select_ln58_164_fu_6701_p3  |    select|   0|  0|  16|           1|          15|
    |select_ln58_165_fu_6709_p3  |    select|   0|  0|  17|           1|          17|
    |select_ln58_166_fu_6717_p3  |    select|   0|  0|  16|           1|          16|
    |select_ln58_167_fu_6803_p3  |    select|   0|  0|  16|           1|          15|
    |select_ln58_168_fu_6811_p3  |    select|   0|  0|  17|           1|          17|
    |select_ln58_169_fu_6819_p3  |    select|   0|  0|  16|           1|          16|
    |select_ln58_170_fu_6905_p3  |    select|   0|  0|  16|           1|          15|
    |select_ln58_171_fu_6913_p3  |    select|   0|  0|  17|           1|          17|
    |select_ln58_172_fu_6921_p3  |    select|   0|  0|  16|           1|          16|
    |select_ln58_173_fu_7007_p3  |    select|   0|  0|  16|           1|          15|
    |select_ln58_174_fu_7015_p3  |    select|   0|  0|  17|           1|          17|
    |select_ln58_175_fu_7023_p3  |    select|   0|  0|  16|           1|          16|
    |select_ln58_fu_5885_p3      |    select|   0|  0|  16|           1|          15|
    |xor_ln42_285_fu_4059_p2     |       xor|   0|  0|   2|           1|           2|
    |xor_ln42_286_fu_4070_p2     |       xor|   0|  0|   2|           1|           2|
    |xor_ln42_287_fu_4092_p2     |       xor|   0|  0|   2|           1|           2|
    |xor_ln42_288_fu_1691_p2     |       xor|   0|  0|   2|           1|           2|
    |xor_ln42_289_fu_4158_p2     |       xor|   0|  0|   2|           1|           2|
    |xor_ln42_290_fu_4169_p2     |       xor|   0|  0|   2|           1|           2|
    |xor_ln42_291_fu_4191_p2     |       xor|   0|  0|   2|           1|           2|
    |xor_ln42_292_fu_1828_p2     |       xor|   0|  0|   2|           1|           2|
    |xor_ln42_293_fu_4257_p2     |       xor|   0|  0|   2|           1|           2|
    |xor_ln42_294_fu_4268_p2     |       xor|   0|  0|   2|           1|           2|
    |xor_ln42_295_fu_4290_p2     |       xor|   0|  0|   2|           1|           2|
    |xor_ln42_296_fu_1965_p2     |       xor|   0|  0|   2|           1|           2|
    |xor_ln42_297_fu_4356_p2     |       xor|   0|  0|   2|           1|           2|
    |xor_ln42_298_fu_4367_p2     |       xor|   0|  0|   2|           1|           2|
    |xor_ln42_299_fu_4389_p2     |       xor|   0|  0|   2|           1|           2|
    |xor_ln42_300_fu_2102_p2     |       xor|   0|  0|   2|           1|           2|
    |xor_ln42_301_fu_4455_p2     |       xor|   0|  0|   2|           1|           2|
    |xor_ln42_302_fu_4466_p2     |       xor|   0|  0|   2|           1|           2|
    |xor_ln42_303_fu_4488_p2     |       xor|   0|  0|   2|           1|           2|
    |xor_ln42_304_fu_2239_p2     |       xor|   0|  0|   2|           1|           2|
    |xor_ln42_305_fu_4554_p2     |       xor|   0|  0|   2|           1|           2|
    |xor_ln42_306_fu_4565_p2     |       xor|   0|  0|   2|           1|           2|
    |xor_ln42_307_fu_4587_p2     |       xor|   0|  0|   2|           1|           2|
    |xor_ln42_308_fu_2422_p2     |       xor|   0|  0|   2|           1|           2|
    |xor_ln42_309_fu_4653_p2     |       xor|   0|  0|   2|           1|           2|
    |xor_ln42_310_fu_4664_p2     |       xor|   0|  0|   2|           1|           2|
    |xor_ln42_311_fu_4686_p2     |       xor|   0|  0|   2|           1|           2|
    |xor_ln42_312_fu_2559_p2     |       xor|   0|  0|   2|           1|           2|
    |xor_ln42_313_fu_4752_p2     |       xor|   0|  0|   2|           1|           2|
    |xor_ln42_314_fu_4763_p2     |       xor|   0|  0|   2|           1|           2|
    |xor_ln42_315_fu_4785_p2     |       xor|   0|  0|   2|           1|           2|
    |xor_ln42_316_fu_2696_p2     |       xor|   0|  0|   2|           1|           2|
    |xor_ln42_317_fu_4851_p2     |       xor|   0|  0|   2|           1|           2|
    |xor_ln42_318_fu_4862_p2     |       xor|   0|  0|   2|           1|           2|
    |xor_ln42_319_fu_4884_p2     |       xor|   0|  0|   2|           1|           2|
    |xor_ln42_320_fu_2833_p2     |       xor|   0|  0|   2|           1|           2|
    |xor_ln42_321_fu_4950_p2     |       xor|   0|  0|   2|           1|           2|
    |xor_ln42_322_fu_4961_p2     |       xor|   0|  0|   2|           1|           2|
    |xor_ln42_323_fu_4983_p2     |       xor|   0|  0|   2|           1|           2|
    |xor_ln42_324_fu_2970_p2     |       xor|   0|  0|   2|           1|           2|
    |xor_ln42_325_fu_5049_p2     |       xor|   0|  0|   2|           1|           2|
    |xor_ln42_326_fu_5060_p2     |       xor|   0|  0|   2|           1|           2|
    |xor_ln42_327_fu_5082_p2     |       xor|   0|  0|   2|           1|           2|
    |xor_ln42_328_fu_3107_p2     |       xor|   0|  0|   2|           1|           2|
    |xor_ln42_329_fu_5148_p2     |       xor|   0|  0|   2|           1|           2|
    |xor_ln42_330_fu_5159_p2     |       xor|   0|  0|   2|           1|           2|
    |xor_ln42_331_fu_5181_p2     |       xor|   0|  0|   2|           1|           2|
    |xor_ln42_332_fu_3290_p2     |       xor|   0|  0|   2|           1|           2|
    |xor_ln42_333_fu_5247_p2     |       xor|   0|  0|   2|           1|           2|
    |xor_ln42_334_fu_5258_p2     |       xor|   0|  0|   2|           1|           2|
    |xor_ln42_335_fu_5280_p2     |       xor|   0|  0|   2|           1|           2|
    |xor_ln42_336_fu_3427_p2     |       xor|   0|  0|   2|           1|           2|
    |xor_ln42_337_fu_5346_p2     |       xor|   0|  0|   2|           1|           2|
    |xor_ln42_338_fu_5357_p2     |       xor|   0|  0|   2|           1|           2|
    |xor_ln42_339_fu_5379_p2     |       xor|   0|  0|   2|           1|           2|
    |xor_ln42_340_fu_3564_p2     |       xor|   0|  0|   2|           1|           2|
    |xor_ln42_341_fu_5445_p2     |       xor|   0|  0|   2|           1|           2|
    |xor_ln42_342_fu_5456_p2     |       xor|   0|  0|   2|           1|           2|
    |xor_ln42_343_fu_5478_p2     |       xor|   0|  0|   2|           1|           2|
    |xor_ln42_344_fu_3701_p2     |       xor|   0|  0|   2|           1|           2|
    |xor_ln42_345_fu_5544_p2     |       xor|   0|  0|   2|           1|           2|
    |xor_ln42_346_fu_5555_p2     |       xor|   0|  0|   2|           1|           2|
    |xor_ln42_347_fu_5577_p2     |       xor|   0|  0|   2|           1|           2|
    |xor_ln42_348_fu_3838_p2     |       xor|   0|  0|   2|           1|           2|
    |xor_ln42_349_fu_5643_p2     |       xor|   0|  0|   2|           1|           2|
    |xor_ln42_350_fu_5654_p2     |       xor|   0|  0|   2|           1|           2|
    |xor_ln42_351_fu_5676_p2     |       xor|   0|  0|   2|           1|           2|
    |xor_ln42_352_fu_3975_p2     |       xor|   0|  0|   2|           1|           2|
    |xor_ln42_353_fu_5742_p2     |       xor|   0|  0|   2|           1|           2|
    |xor_ln42_354_fu_5753_p2     |       xor|   0|  0|   2|           1|           2|
    |xor_ln42_355_fu_5775_p2     |       xor|   0|  0|   2|           1|           2|
    |xor_ln42_356_fu_4038_p2     |       xor|   0|  0|   2|           1|           2|
    |xor_ln42_357_fu_4137_p2     |       xor|   0|  0|   2|           1|           2|
    |xor_ln42_358_fu_4236_p2     |       xor|   0|  0|   2|           1|           2|
    |xor_ln42_359_fu_4335_p2     |       xor|   0|  0|   2|           1|           2|
    |xor_ln42_360_fu_4434_p2     |       xor|   0|  0|   2|           1|           2|
    |xor_ln42_361_fu_4533_p2     |       xor|   0|  0|   2|           1|           2|
    |xor_ln42_362_fu_4632_p2     |       xor|   0|  0|   2|           1|           2|
    |xor_ln42_363_fu_4731_p2     |       xor|   0|  0|   2|           1|           2|
    |xor_ln42_364_fu_4830_p2     |       xor|   0|  0|   2|           1|           2|
    |xor_ln42_365_fu_4929_p2     |       xor|   0|  0|   2|           1|           2|
    |xor_ln42_366_fu_5028_p2     |       xor|   0|  0|   2|           1|           2|
    |xor_ln42_367_fu_5127_p2     |       xor|   0|  0|   2|           1|           2|
    |xor_ln42_368_fu_5226_p2     |       xor|   0|  0|   2|           1|           2|
    |xor_ln42_369_fu_5325_p2     |       xor|   0|  0|   2|           1|           2|
    |xor_ln42_370_fu_5424_p2     |       xor|   0|  0|   2|           1|           2|
    |xor_ln42_371_fu_5523_p2     |       xor|   0|  0|   2|           1|           2|
    |xor_ln42_372_fu_5622_p2     |       xor|   0|  0|   2|           1|           2|
    |xor_ln42_373_fu_5721_p2     |       xor|   0|  0|   2|           1|           2|
    |xor_ln42_fu_1554_p2         |       xor|   0|  0|   2|           1|           2|
    |xor_ln58_189_fu_5855_p2     |       xor|   0|  0|   2|           1|           2|
    |xor_ln58_190_fu_5867_p2     |       xor|   0|  0|   2|           1|           1|
    |xor_ln58_191_fu_5873_p2     |       xor|   0|  0|   2|           1|           2|
    |xor_ln58_192_fu_5945_p2     |       xor|   0|  0|   2|           1|           2|
    |xor_ln58_193_fu_5957_p2     |       xor|   0|  0|   2|           1|           2|
    |xor_ln58_194_fu_5969_p2     |       xor|   0|  0|   2|           1|           1|
    |xor_ln58_195_fu_5975_p2     |       xor|   0|  0|   2|           1|           2|
    |xor_ln58_196_fu_6047_p2     |       xor|   0|  0|   2|           1|           2|
    |xor_ln58_197_fu_6059_p2     |       xor|   0|  0|   2|           1|           2|
    |xor_ln58_198_fu_6071_p2     |       xor|   0|  0|   2|           1|           1|
    |xor_ln58_199_fu_6077_p2     |       xor|   0|  0|   2|           1|           2|
    |xor_ln58_200_fu_6149_p2     |       xor|   0|  0|   2|           1|           2|
    |xor_ln58_201_fu_6161_p2     |       xor|   0|  0|   2|           1|           2|
    |xor_ln58_202_fu_6173_p2     |       xor|   0|  0|   2|           1|           1|
    |xor_ln58_203_fu_6179_p2     |       xor|   0|  0|   2|           1|           2|
    |xor_ln58_204_fu_6251_p2     |       xor|   0|  0|   2|           1|           2|
    |xor_ln58_205_fu_6263_p2     |       xor|   0|  0|   2|           1|           2|
    |xor_ln58_206_fu_6275_p2     |       xor|   0|  0|   2|           1|           1|
    |xor_ln58_207_fu_6281_p2     |       xor|   0|  0|   2|           1|           2|
    |xor_ln58_208_fu_6353_p2     |       xor|   0|  0|   2|           1|           2|
    |xor_ln58_209_fu_6365_p2     |       xor|   0|  0|   2|           1|           2|
    |xor_ln58_210_fu_6377_p2     |       xor|   0|  0|   2|           1|           1|
    |xor_ln58_211_fu_6383_p2     |       xor|   0|  0|   2|           1|           2|
    |xor_ln58_212_fu_6455_p2     |       xor|   0|  0|   2|           1|           2|
    |xor_ln58_213_fu_6467_p2     |       xor|   0|  0|   2|           1|           2|
    |xor_ln58_214_fu_6479_p2     |       xor|   0|  0|   2|           1|           1|
    |xor_ln58_215_fu_6485_p2     |       xor|   0|  0|   2|           1|           2|
    |xor_ln58_216_fu_6557_p2     |       xor|   0|  0|   2|           1|           2|
    |xor_ln58_217_fu_6569_p2     |       xor|   0|  0|   2|           1|           2|
    |xor_ln58_218_fu_6581_p2     |       xor|   0|  0|   2|           1|           1|
    |xor_ln58_219_fu_6587_p2     |       xor|   0|  0|   2|           1|           2|
    |xor_ln58_220_fu_6659_p2     |       xor|   0|  0|   2|           1|           2|
    |xor_ln58_221_fu_6671_p2     |       xor|   0|  0|   2|           1|           2|
    |xor_ln58_222_fu_6683_p2     |       xor|   0|  0|   2|           1|           1|
    |xor_ln58_223_fu_6689_p2     |       xor|   0|  0|   2|           1|           2|
    |xor_ln58_224_fu_6761_p2     |       xor|   0|  0|   2|           1|           2|
    |xor_ln58_225_fu_6773_p2     |       xor|   0|  0|   2|           1|           2|
    |xor_ln58_226_fu_6785_p2     |       xor|   0|  0|   2|           1|           1|
    |xor_ln58_227_fu_6791_p2     |       xor|   0|  0|   2|           1|           2|
    |xor_ln58_228_fu_6863_p2     |       xor|   0|  0|   2|           1|           2|
    |xor_ln58_229_fu_6875_p2     |       xor|   0|  0|   2|           1|           2|
    |xor_ln58_230_fu_6887_p2     |       xor|   0|  0|   2|           1|           1|
    |xor_ln58_231_fu_6893_p2     |       xor|   0|  0|   2|           1|           2|
    |xor_ln58_232_fu_6965_p2     |       xor|   0|  0|   2|           1|           2|
    |xor_ln58_233_fu_6977_p2     |       xor|   0|  0|   2|           1|           2|
    |xor_ln58_234_fu_6989_p2     |       xor|   0|  0|   2|           1|           1|
    |xor_ln58_235_fu_6995_p2     |       xor|   0|  0|   2|           1|           2|
    |xor_ln58_fu_5843_p2         |       xor|   0|  0|   2|           1|           2|
    +----------------------------+----------+----+---+----+------------+------------+
    |Total                       |          |   0|  0|3948|        1632|        2460|
    +----------------------------+----------+----+---+----+------------+------------+

    * Multiplexer: 
    N/A

    * Register: 
    +------------------------+----+----+-----+-----------+
    |          Name          | FF | LUT| Bits| Const Bits|
    +------------------------+----+----+-----+-----------+
    |add_ln42_69_reg_7114    |  16|   0|   16|          0|
    |add_ln42_70_reg_7155    |  16|   0|   16|          0|
    |add_ln42_71_reg_7196    |  16|   0|   16|          0|
    |add_ln42_72_reg_7237    |  16|   0|   16|          0|
    |add_ln42_73_reg_7278    |  16|   0|   16|          0|
    |add_ln42_74_reg_7319    |  16|   0|   16|          0|
    |add_ln42_75_reg_7360    |  16|   0|   16|          0|
    |add_ln42_76_reg_7401    |  16|   0|   16|          0|
    |add_ln42_77_reg_7442    |  16|   0|   16|          0|
    |add_ln42_78_reg_7483    |  16|   0|   16|          0|
    |add_ln42_79_reg_7524    |  16|   0|   16|          0|
    |add_ln42_80_reg_7565    |  16|   0|   16|          0|
    |add_ln42_81_reg_7606    |  16|   0|   16|          0|
    |add_ln42_82_reg_7647    |  16|   0|   16|          0|
    |add_ln42_83_reg_7688    |  16|   0|   16|          0|
    |add_ln42_84_reg_7729    |  16|   0|   16|          0|
    |add_ln42_85_reg_7770    |  16|   0|   16|          0|
    |add_ln42_reg_7073       |  16|   0|   16|          0|
    |and_ln42_501_reg_7084   |   1|   0|    1|          0|
    |and_ln42_508_reg_7125   |   1|   0|    1|          0|
    |and_ln42_515_reg_7166   |   1|   0|    1|          0|
    |and_ln42_522_reg_7207   |   1|   0|    1|          0|
    |and_ln42_529_reg_7248   |   1|   0|    1|          0|
    |and_ln42_536_reg_7289   |   1|   0|    1|          0|
    |and_ln42_543_reg_7330   |   1|   0|    1|          0|
    |and_ln42_550_reg_7371   |   1|   0|    1|          0|
    |and_ln42_557_reg_7412   |   1|   0|    1|          0|
    |and_ln42_564_reg_7453   |   1|   0|    1|          0|
    |and_ln42_571_reg_7494   |   1|   0|    1|          0|
    |and_ln42_578_reg_7535   |   1|   0|    1|          0|
    |and_ln42_585_reg_7576   |   1|   0|    1|          0|
    |and_ln42_592_reg_7617   |   1|   0|    1|          0|
    |and_ln42_599_reg_7658   |   1|   0|    1|          0|
    |and_ln42_606_reg_7699   |   1|   0|    1|          0|
    |and_ln42_613_reg_7740   |   1|   0|    1|          0|
    |and_ln42_620_reg_7781   |   1|   0|    1|          0|
    |icmp_ln42_285_reg_7091  |   1|   0|    1|          0|
    |icmp_ln42_286_reg_7096  |   1|   0|    1|          0|
    |icmp_ln42_287_reg_7103  |   1|   0|    1|          0|
    |icmp_ln42_289_reg_7132  |   1|   0|    1|          0|
    |icmp_ln42_290_reg_7137  |   1|   0|    1|          0|
    |icmp_ln42_291_reg_7144  |   1|   0|    1|          0|
    |icmp_ln42_293_reg_7173  |   1|   0|    1|          0|
    |icmp_ln42_294_reg_7178  |   1|   0|    1|          0|
    |icmp_ln42_295_reg_7185  |   1|   0|    1|          0|
    |icmp_ln42_297_reg_7214  |   1|   0|    1|          0|
    |icmp_ln42_298_reg_7219  |   1|   0|    1|          0|
    |icmp_ln42_299_reg_7226  |   1|   0|    1|          0|
    |icmp_ln42_301_reg_7255  |   1|   0|    1|          0|
    |icmp_ln42_302_reg_7260  |   1|   0|    1|          0|
    |icmp_ln42_303_reg_7267  |   1|   0|    1|          0|
    |icmp_ln42_305_reg_7296  |   1|   0|    1|          0|
    |icmp_ln42_306_reg_7301  |   1|   0|    1|          0|
    |icmp_ln42_307_reg_7308  |   1|   0|    1|          0|
    |icmp_ln42_309_reg_7337  |   1|   0|    1|          0|
    |icmp_ln42_310_reg_7342  |   1|   0|    1|          0|
    |icmp_ln42_311_reg_7349  |   1|   0|    1|          0|
    |icmp_ln42_313_reg_7378  |   1|   0|    1|          0|
    |icmp_ln42_314_reg_7383  |   1|   0|    1|          0|
    |icmp_ln42_315_reg_7390  |   1|   0|    1|          0|
    |icmp_ln42_317_reg_7419  |   1|   0|    1|          0|
    |icmp_ln42_318_reg_7424  |   1|   0|    1|          0|
    |icmp_ln42_319_reg_7431  |   1|   0|    1|          0|
    |icmp_ln42_321_reg_7460  |   1|   0|    1|          0|
    |icmp_ln42_322_reg_7465  |   1|   0|    1|          0|
    |icmp_ln42_323_reg_7472  |   1|   0|    1|          0|
    |icmp_ln42_325_reg_7501  |   1|   0|    1|          0|
    |icmp_ln42_326_reg_7506  |   1|   0|    1|          0|
    |icmp_ln42_327_reg_7513  |   1|   0|    1|          0|
    |icmp_ln42_329_reg_7542  |   1|   0|    1|          0|
    |icmp_ln42_330_reg_7547  |   1|   0|    1|          0|
    |icmp_ln42_331_reg_7554  |   1|   0|    1|          0|
    |icmp_ln42_333_reg_7583  |   1|   0|    1|          0|
    |icmp_ln42_334_reg_7588  |   1|   0|    1|          0|
    |icmp_ln42_335_reg_7595  |   1|   0|    1|          0|
    |icmp_ln42_337_reg_7624  |   1|   0|    1|          0|
    |icmp_ln42_338_reg_7629  |   1|   0|    1|          0|
    |icmp_ln42_339_reg_7636  |   1|   0|    1|          0|
    |icmp_ln42_341_reg_7665  |   1|   0|    1|          0|
    |icmp_ln42_342_reg_7670  |   1|   0|    1|          0|
    |icmp_ln42_343_reg_7677  |   1|   0|    1|          0|
    |icmp_ln42_345_reg_7706  |   1|   0|    1|          0|
    |icmp_ln42_346_reg_7711  |   1|   0|    1|          0|
    |icmp_ln42_347_reg_7718  |   1|   0|    1|          0|
    |icmp_ln42_349_reg_7747  |   1|   0|    1|          0|
    |icmp_ln42_350_reg_7752  |   1|   0|    1|          0|
    |icmp_ln42_351_reg_7759  |   1|   0|    1|          0|
    |icmp_ln42_353_reg_7788  |   1|   0|    1|          0|
    |icmp_ln42_354_reg_7793  |   1|   0|    1|          0|
    |icmp_ln42_355_reg_7800  |   1|   0|    1|          0|
    |mul_ln73_69_reg_1352    |  32|   0|   32|          0|
    |mul_ln73_70_reg_1356    |  32|   0|   32|          0|
    |mul_ln73_71_reg_1360    |  32|   0|   32|          0|
    |mul_ln73_72_reg_1364    |  32|   0|   32|          0|
    |mul_ln73_73_reg_1368    |  32|   0|   32|          0|
    |mul_ln73_74_reg_1372    |  32|   0|   32|          0|
    |mul_ln73_75_reg_1376    |  32|   0|   32|          0|
    |mul_ln73_76_reg_1380    |  32|   0|   32|          0|
    |mul_ln73_77_reg_1384    |  32|   0|   32|          0|
    |mul_ln73_78_reg_1388    |  32|   0|   32|          0|
    |mul_ln73_79_reg_1392    |  32|   0|   32|          0|
    |mul_ln73_80_reg_1396    |  32|   0|   32|          0|
    |mul_ln73_81_reg_1400    |  32|   0|   32|          0|
    |mul_ln73_82_reg_1404    |  32|   0|   32|          0|
    |mul_ln73_83_reg_1408    |  32|   0|   32|          0|
    |mul_ln73_84_reg_1412    |  32|   0|   32|          0|
    |mul_ln73_85_reg_1416    |  32|   0|   32|          0|
    |mul_ln73_reg_1348       |  32|   0|   32|          0|
    |tmp_9046_reg_7078       |   1|   0|    1|          0|
    |tmp_9048_reg_7108       |   1|   0|    1|          0|
    |tmp_9052_reg_7119       |   1|   0|    1|          0|
    |tmp_9054_reg_7149       |   1|   0|    1|          0|
    |tmp_9058_reg_7160       |   1|   0|    1|          0|
    |tmp_9060_reg_7190       |   1|   0|    1|          0|
    |tmp_9064_reg_7201       |   1|   0|    1|          0|
    |tmp_9066_reg_7231       |   1|   0|    1|          0|
    |tmp_9070_reg_7242       |   1|   0|    1|          0|
    |tmp_9072_reg_7272       |   1|   0|    1|          0|
    |tmp_9076_reg_7283       |   1|   0|    1|          0|
    |tmp_9078_reg_7313       |   1|   0|    1|          0|
    |tmp_9082_reg_7324       |   1|   0|    1|          0|
    |tmp_9084_reg_7354       |   1|   0|    1|          0|
    |tmp_9088_reg_7365       |   1|   0|    1|          0|
    |tmp_9090_reg_7395       |   1|   0|    1|          0|
    |tmp_9094_reg_7406       |   1|   0|    1|          0|
    |tmp_9096_reg_7436       |   1|   0|    1|          0|
    |tmp_9100_reg_7447       |   1|   0|    1|          0|
    |tmp_9102_reg_7477       |   1|   0|    1|          0|
    |tmp_9106_reg_7488       |   1|   0|    1|          0|
    |tmp_9108_reg_7518       |   1|   0|    1|          0|
    |tmp_9112_reg_7529       |   1|   0|    1|          0|
    |tmp_9114_reg_7559       |   1|   0|    1|          0|
    |tmp_9118_reg_7570       |   1|   0|    1|          0|
    |tmp_9120_reg_7600       |   1|   0|    1|          0|
    |tmp_9124_reg_7611       |   1|   0|    1|          0|
    |tmp_9126_reg_7641       |   1|   0|    1|          0|
    |tmp_9130_reg_7652       |   1|   0|    1|          0|
    |tmp_9132_reg_7682       |   1|   0|    1|          0|
    |tmp_9136_reg_7693       |   1|   0|    1|          0|
    |tmp_9138_reg_7723       |   1|   0|    1|          0|
    |tmp_9142_reg_7734       |   1|   0|    1|          0|
    |tmp_9144_reg_7764       |   1|   0|    1|          0|
    |tmp_9148_reg_7775       |   1|   0|    1|          0|
    |tmp_reg_7067            |   1|   0|    1|          0|
    +------------------------+----+----+-----+-----------+
    |Total                   | 972|   0|  972|          0|
    +------------------------+----+----+-----+-----------+



================================================================
== Interface
================================================================
* Summary: 
+----------------+-----+-----+------------+------------------------------------------------------------------------------------+--------------+
|    RTL Ports   | Dir | Bits|  Protocol  |                                    Source Object                                   |    C Type    |
+----------------+-----+-----+------------+------------------------------------------------------------------------------------+--------------+
|ap_clk          |   in|    1|  ap_ctrl_hs|  dense_latency<ap_fixed<16, 6, 4, 0, 0>, ap_fixed<16, 6, 4, 0, 0>, config5_dense>.3|  return value|
|ap_rst          |   in|    1|  ap_ctrl_hs|  dense_latency<ap_fixed<16, 6, 4, 0, 0>, ap_fixed<16, 6, 4, 0, 0>, config5_dense>.3|  return value|
|ap_return_0     |  out|   16|  ap_ctrl_hs|  dense_latency<ap_fixed<16, 6, 4, 0, 0>, ap_fixed<16, 6, 4, 0, 0>, config5_dense>.3|  return value|
|ap_return_1     |  out|   16|  ap_ctrl_hs|  dense_latency<ap_fixed<16, 6, 4, 0, 0>, ap_fixed<16, 6, 4, 0, 0>, config5_dense>.3|  return value|
|ap_return_2     |  out|   16|  ap_ctrl_hs|  dense_latency<ap_fixed<16, 6, 4, 0, 0>, ap_fixed<16, 6, 4, 0, 0>, config5_dense>.3|  return value|
|ap_return_3     |  out|   16|  ap_ctrl_hs|  dense_latency<ap_fixed<16, 6, 4, 0, 0>, ap_fixed<16, 6, 4, 0, 0>, config5_dense>.3|  return value|
|ap_return_4     |  out|   16|  ap_ctrl_hs|  dense_latency<ap_fixed<16, 6, 4, 0, 0>, ap_fixed<16, 6, 4, 0, 0>, config5_dense>.3|  return value|
|ap_return_5     |  out|   16|  ap_ctrl_hs|  dense_latency<ap_fixed<16, 6, 4, 0, 0>, ap_fixed<16, 6, 4, 0, 0>, config5_dense>.3|  return value|
|ap_ce           |   in|    1|  ap_ctrl_hs|  dense_latency<ap_fixed<16, 6, 4, 0, 0>, ap_fixed<16, 6, 4, 0, 0>, config5_dense>.3|  return value|
|data_27_val     |   in|   16|     ap_none|                                                                         data_27_val|        scalar|
|data_28_val     |   in|   16|     ap_none|                                                                         data_28_val|        scalar|
|data_29_val     |   in|   16|     ap_none|                                                                         data_29_val|        scalar|
|data_30_val     |   in|   16|     ap_none|                                                                         data_30_val|        scalar|
|data_31_val     |   in|   16|     ap_none|                                                                         data_31_val|        scalar|
|data_32_val     |   in|   16|     ap_none|                                                                         data_32_val|        scalar|
|data_33_val     |   in|   16|     ap_none|                                                                         data_33_val|        scalar|
|data_34_val     |   in|   16|     ap_none|                                                                         data_34_val|        scalar|
|data_35_val     |   in|   16|     ap_none|                                                                         data_35_val|        scalar|
|weights_54_val  |   in|   16|     ap_none|                                                                      weights_54_val|        scalar|
|weights_55_val  |   in|   16|     ap_none|                                                                      weights_55_val|        scalar|
|weights_56_val  |   in|   16|     ap_none|                                                                      weights_56_val|        scalar|
|weights_57_val  |   in|   16|     ap_none|                                                                      weights_57_val|        scalar|
|weights_58_val  |   in|   16|     ap_none|                                                                      weights_58_val|        scalar|
|weights_59_val  |   in|   16|     ap_none|                                                                      weights_59_val|        scalar|
|weights_60_val  |   in|   16|     ap_none|                                                                      weights_60_val|        scalar|
|weights_61_val  |   in|   16|     ap_none|                                                                      weights_61_val|        scalar|
|weights_62_val  |   in|   16|     ap_none|                                                                      weights_62_val|        scalar|
|weights_63_val  |   in|   16|     ap_none|                                                                      weights_63_val|        scalar|
|weights_64_val  |   in|   16|     ap_none|                                                                      weights_64_val|        scalar|
|weights_65_val  |   in|   16|     ap_none|                                                                      weights_65_val|        scalar|
|weights_66_val  |   in|   16|     ap_none|                                                                      weights_66_val|        scalar|
|weights_67_val  |   in|   16|     ap_none|                                                                      weights_67_val|        scalar|
|weights_68_val  |   in|   16|     ap_none|                                                                      weights_68_val|        scalar|
|weights_69_val  |   in|   16|     ap_none|                                                                      weights_69_val|        scalar|
|weights_70_val  |   in|   16|     ap_none|                                                                      weights_70_val|        scalar|
|weights_71_val  |   in|   16|     ap_none|                                                                      weights_71_val|        scalar|
|idx             |   in|    6|     ap_none|                                                                                 idx|        scalar|
+----------------+-----+-----+------------+------------------------------------------------------------------------------------+--------------+

