

================================================================
== Vitis HLS Report for 'dense_latency_ap_fixed_ap_fixed_16_4_4_0_0_config3_dense_qk_4'
================================================================
* Date:           Tue Jan 28 17:11:59 2025

* Version:        2023.2 (Build 4023990 on Oct 11 2023)
* Project:        myproject_prj
* Solution:       solution1 (Vivado IP Flow Target)
* Product family: virtexuplus
* Target device:  xcvu13p-flga2577-2-e


================================================================
== Performance Estimates
================================================================
+ Timing: 
    * Summary: 
    +--------+---------+----------+------------+
    |  Clock |  Target | Estimated| Uncertainty|
    +--------+---------+----------+------------+
    |ap_clk  |  5.00 ns|  4.299 ns|     0.62 ns|
    +--------+---------+----------+------------+

+ Latency: 
    * Summary: 
    +---------+---------+-----------+-----------+-----+-----+---------+
    |  Latency (cycles) |   Latency (absolute)  |  Interval | Pipeline|
    |   min   |   max   |    min    |    max    | min | max |   Type  |
    +---------+---------+-----------+-----------+-----+-----+---------+
    |        2|        2|  10.000 ns|  10.000 ns|    1|    1|      yes|
    +---------+---------+-----------+-----------+-----+-----+---------+

    + Detail: 
        * Instance: 
        N/A

        * Loop: 
        N/A



================================================================
== Utilization Estimates
================================================================
* Summary: 
+---------------------+---------+-------+---------+---------+------+
|         Name        | BRAM_18K|  DSP  |    FF   |   LUT   | URAM |
+---------------------+---------+-------+---------+---------+------+
|DSP                  |        -|      -|        -|        -|     -|
|Expression           |        -|      -|        0|     3336|     -|
|FIFO                 |        -|      -|        -|        -|     -|
|Instance             |        -|     14|        0|      371|     -|
|Memory               |        -|      -|        -|        -|     -|
|Multiplexer          |        -|      -|        -|        -|     -|
|Register             |        -|      -|     1163|        -|     -|
+---------------------+---------+-------+---------+---------+------+
|Total                |        0|     14|     1163|     3707|     0|
+---------------------+---------+-------+---------+---------+------+
|Available SLR        |     1344|   3072|   864000|   432000|   320|
+---------------------+---------+-------+---------+---------+------+
|Utilization SLR (%)  |        0|     ~0|       ~0|       ~0|     0|
+---------------------+---------+-------+---------+---------+------+
|Available            |     5376|  12288|  3456000|  1728000|  1280|
+---------------------+---------+-------+---------+---------+------+
|Utilization (%)      |        0|     ~0|       ~0|       ~0|     0|
+---------------------+---------+-------+---------+---------+------+

+ Detail: 
    * Instance: 
    +----------------------------+-----------------------+---------+----+---+----+-----+
    |          Instance          |         Module        | BRAM_18K| DSP| FF| LUT| URAM|
    +----------------------------+-----------------------+---------+----+---+----+-----+
    |mul_16s_16s_32_1_0_U887     |mul_16s_16s_32_1_0     |        0|   1|  0|   5|    0|
    |mul_16s_16s_32_1_0_U888     |mul_16s_16s_32_1_0     |        0|   1|  0|   5|    0|
    |mul_16s_16s_32_1_0_U889     |mul_16s_16s_32_1_0     |        0|   1|  0|   5|    0|
    |mul_16s_16s_32_1_0_U890     |mul_16s_16s_32_1_0     |        0|   1|  0|   5|    0|
    |mul_16s_16s_32_1_0_U891     |mul_16s_16s_32_1_0     |        0|   1|  0|   5|    0|
    |mul_16s_16s_32_1_0_U892     |mul_16s_16s_32_1_0     |        0|   1|  0|   5|    0|
    |mul_16s_16s_32_1_0_U893     |mul_16s_16s_32_1_0     |        0|   1|  0|   5|    0|
    |mul_16s_16s_32_1_0_U894     |mul_16s_16s_32_1_0     |        0|   1|  0|   5|    0|
    |mul_16s_16s_32_1_0_U895     |mul_16s_16s_32_1_0     |        0|   1|  0|   5|    0|
    |mul_16s_16s_32_1_0_U896     |mul_16s_16s_32_1_0     |        0|   1|  0|   5|    0|
    |mul_16s_16s_32_1_0_U897     |mul_16s_16s_32_1_0     |        0|   1|  0|   5|    0|
    |mul_16s_16s_32_1_0_U898     |mul_16s_16s_32_1_0     |        0|   1|  0|   5|    0|
    |mul_16s_16s_32_1_0_U899     |mul_16s_16s_32_1_0     |        0|   1|  0|   5|    0|
    |mul_16s_16s_32_1_0_U900     |mul_16s_16s_32_1_0     |        0|   1|  0|   5|    0|
    |sparsemux_17_7_16_1_1_U901  |sparsemux_17_7_16_1_1  |        0|   0|  0|  43|    0|
    |sparsemux_17_7_16_1_1_U902  |sparsemux_17_7_16_1_1  |        0|   0|  0|  43|    0|
    |sparsemux_17_7_16_1_1_U903  |sparsemux_17_7_16_1_1  |        0|   0|  0|  43|    0|
    |sparsemux_17_7_16_1_1_U904  |sparsemux_17_7_16_1_1  |        0|   0|  0|  43|    0|
    |sparsemux_17_7_16_1_1_U905  |sparsemux_17_7_16_1_1  |        0|   0|  0|  43|    0|
    |sparsemux_17_7_16_1_1_U906  |sparsemux_17_7_16_1_1  |        0|   0|  0|  43|    0|
    |sparsemux_17_7_16_1_1_U907  |sparsemux_17_7_16_1_1  |        0|   0|  0|  43|    0|
    +----------------------------+-----------------------+---------+----+---+----+-----+
    |Total                       |                       |        0|  14|  0| 371|    0|
    +----------------------------+-----------------------+---------+----+---+----+-----+

    * DSP: 
    N/A

    * Memory: 
    N/A

    * FIFO: 
    N/A

    * Expression: 
    +----------------------------+----------+----+---+----+------------+------------+
    |        Variable Name       | Operation| DSP| FF| LUT| Bitwidth P0| Bitwidth P1|
    +----------------------------+----------+----+---+----+------------+------------+
    |add_ln42_53_fu_1121_p2      |         +|   0|  0|  23|          16|          16|
    |add_ln42_54_fu_1304_p2      |         +|   0|  0|  23|          16|          16|
    |add_ln42_55_fu_1441_p2      |         +|   0|  0|  23|          16|          16|
    |add_ln42_56_fu_1624_p2      |         +|   0|  0|  23|          16|          16|
    |add_ln42_57_fu_1761_p2      |         +|   0|  0|  23|          16|          16|
    |add_ln42_58_fu_1944_p2      |         +|   0|  0|  23|          16|          16|
    |add_ln42_59_fu_2081_p2      |         +|   0|  0|  23|          16|          16|
    |add_ln42_60_fu_3134_p2      |         +|   0|  0|  23|          16|          16|
    |add_ln42_61_fu_3382_p2      |         +|   0|  0|  23|          16|          16|
    |add_ln42_62_fu_3635_p2      |         +|   0|  0|  23|          16|          16|
    |add_ln42_63_fu_3883_p2      |         +|   0|  0|  23|          16|          16|
    |add_ln42_64_fu_4136_p2      |         +|   0|  0|  23|          16|          16|
    |add_ln42_65_fu_4384_p2      |         +|   0|  0|  23|          16|          16|
    |add_ln42_fu_984_p2          |         +|   0|  0|  23|          16|          16|
    |add_ln58_102_fu_4568_p2     |         +|   0|  0|  23|          16|          16|
    |add_ln58_103_fu_4670_p2     |         +|   0|  0|  23|          16|          16|
    |add_ln58_104_fu_4772_p2     |         +|   0|  0|  23|          16|          16|
    |add_ln58_105_fu_4874_p2     |         +|   0|  0|  23|          16|          16|
    |add_ln58_106_fu_4976_p2     |         +|   0|  0|  23|          16|          16|
    |add_ln58_107_fu_5012_p2     |         +|   0|  0|  23|          16|          16|
    |add_ln58_108_fu_5163_p2     |         +|   0|  0|  23|          16|          16|
    |add_ln58_109_fu_5263_p2     |         +|   0|  0|  23|          16|          16|
    |add_ln58_110_fu_5363_p2     |         +|   0|  0|  23|          16|          16|
    |add_ln58_111_fu_5463_p2     |         +|   0|  0|  23|          16|          16|
    |add_ln58_112_fu_5563_p2     |         +|   0|  0|  23|          16|          16|
    |add_ln58_113_fu_5663_p2     |         +|   0|  0|  23|          16|          16|
    |add_ln58_45_fu_4676_p2      |         +|   0|  0|  24|          17|          17|
    |add_ln58_46_fu_4778_p2      |         +|   0|  0|  24|          17|          17|
    |add_ln58_47_fu_4880_p2      |         +|   0|  0|  24|          17|          17|
    |add_ln58_48_fu_4982_p2      |         +|   0|  0|  24|          17|          17|
    |add_ln58_49_fu_5018_p2      |         +|   0|  0|  24|          17|          17|
    |add_ln58_50_fu_5168_p2      |         +|   0|  0|  24|          17|          17|
    |add_ln58_51_fu_5268_p2      |         +|   0|  0|  24|          17|          17|
    |add_ln58_52_fu_5368_p2      |         +|   0|  0|  24|          17|          17|
    |add_ln58_53_fu_5468_p2      |         +|   0|  0|  24|          17|          17|
    |add_ln58_54_fu_5568_p2      |         +|   0|  0|  24|          17|          17|
    |add_ln58_55_fu_5668_p2      |         +|   0|  0|  24|          17|          17|
    |add_ln58_fu_4574_p2         |         +|   0|  0|  24|          17|          17|
    |and_ln42_389_fu_1004_p2     |       and|   0|  0|   2|           1|           1|
    |and_ln42_390_fu_2284_p2     |       and|   0|  0|   2|           1|           1|
    |and_ln42_391_fu_2295_p2     |       and|   0|  0|   2|           1|           1|
    |and_ln42_392_fu_2315_p2     |       and|   0|  0|   2|           1|           1|
    |and_ln42_393_fu_2321_p2     |       and|   0|  0|   2|           1|           1|
    |and_ln42_394_fu_2338_p2     |       and|   0|  0|   2|           1|           1|
    |and_ln42_395_fu_1111_p2     |       and|   0|  0|   2|           1|           1|
    |and_ln42_396_fu_1141_p2     |       and|   0|  0|   2|           1|           1|
    |and_ln42_397_fu_2383_p2     |       and|   0|  0|   2|           1|           1|
    |and_ln42_398_fu_2394_p2     |       and|   0|  0|   2|           1|           1|
    |and_ln42_399_fu_2414_p2     |       and|   0|  0|   2|           1|           1|
    |and_ln42_400_fu_2420_p2     |       and|   0|  0|   2|           1|           1|
    |and_ln42_401_fu_2437_p2     |       and|   0|  0|   2|           1|           1|
    |and_ln42_402_fu_1294_p2     |       and|   0|  0|   2|           1|           1|
    |and_ln42_403_fu_1324_p2     |       and|   0|  0|   2|           1|           1|
    |and_ln42_404_fu_2482_p2     |       and|   0|  0|   2|           1|           1|
    |and_ln42_405_fu_2493_p2     |       and|   0|  0|   2|           1|           1|
    |and_ln42_406_fu_2513_p2     |       and|   0|  0|   2|           1|           1|
    |and_ln42_407_fu_2519_p2     |       and|   0|  0|   2|           1|           1|
    |and_ln42_408_fu_2536_p2     |       and|   0|  0|   2|           1|           1|
    |and_ln42_409_fu_1431_p2     |       and|   0|  0|   2|           1|           1|
    |and_ln42_410_fu_1461_p2     |       and|   0|  0|   2|           1|           1|
    |and_ln42_411_fu_2581_p2     |       and|   0|  0|   2|           1|           1|
    |and_ln42_412_fu_2592_p2     |       and|   0|  0|   2|           1|           1|
    |and_ln42_413_fu_2612_p2     |       and|   0|  0|   2|           1|           1|
    |and_ln42_414_fu_2618_p2     |       and|   0|  0|   2|           1|           1|
    |and_ln42_415_fu_2635_p2     |       and|   0|  0|   2|           1|           1|
    |and_ln42_416_fu_1614_p2     |       and|   0|  0|   2|           1|           1|
    |and_ln42_417_fu_1644_p2     |       and|   0|  0|   2|           1|           1|
    |and_ln42_418_fu_2680_p2     |       and|   0|  0|   2|           1|           1|
    |and_ln42_419_fu_2691_p2     |       and|   0|  0|   2|           1|           1|
    |and_ln42_420_fu_2711_p2     |       and|   0|  0|   2|           1|           1|
    |and_ln42_421_fu_2717_p2     |       and|   0|  0|   2|           1|           1|
    |and_ln42_422_fu_2734_p2     |       and|   0|  0|   2|           1|           1|
    |and_ln42_423_fu_1751_p2     |       and|   0|  0|   2|           1|           1|
    |and_ln42_424_fu_1781_p2     |       and|   0|  0|   2|           1|           1|
    |and_ln42_425_fu_2779_p2     |       and|   0|  0|   2|           1|           1|
    |and_ln42_426_fu_2790_p2     |       and|   0|  0|   2|           1|           1|
    |and_ln42_427_fu_2810_p2     |       and|   0|  0|   2|           1|           1|
    |and_ln42_428_fu_2816_p2     |       and|   0|  0|   2|           1|           1|
    |and_ln42_429_fu_2833_p2     |       and|   0|  0|   2|           1|           1|
    |and_ln42_430_fu_1934_p2     |       and|   0|  0|   2|           1|           1|
    |and_ln42_431_fu_1964_p2     |       and|   0|  0|   2|           1|           1|
    |and_ln42_432_fu_2878_p2     |       and|   0|  0|   2|           1|           1|
    |and_ln42_433_fu_2889_p2     |       and|   0|  0|   2|           1|           1|
    |and_ln42_434_fu_2909_p2     |       and|   0|  0|   2|           1|           1|
    |and_ln42_435_fu_2915_p2     |       and|   0|  0|   2|           1|           1|
    |and_ln42_436_fu_2932_p2     |       and|   0|  0|   2|           1|           1|
    |and_ln42_437_fu_2071_p2     |       and|   0|  0|   2|           1|           1|
    |and_ln42_438_fu_2101_p2     |       and|   0|  0|   2|           1|           1|
    |and_ln42_439_fu_2977_p2     |       and|   0|  0|   2|           1|           1|
    |and_ln42_440_fu_2988_p2     |       and|   0|  0|   2|           1|           1|
    |and_ln42_441_fu_3008_p2     |       and|   0|  0|   2|           1|           1|
    |and_ln42_442_fu_3014_p2     |       and|   0|  0|   2|           1|           1|
    |and_ln42_443_fu_3031_p2     |       and|   0|  0|   2|           1|           1|
    |and_ln42_444_fu_3124_p2     |       and|   0|  0|   2|           1|           1|
    |and_ln42_445_fu_3154_p2     |       and|   0|  0|   2|           1|           1|
    |and_ln42_446_fu_3220_p2     |       and|   0|  0|   2|           1|           1|
    |and_ln42_447_fu_3234_p2     |       and|   0|  0|   2|           1|           1|
    |and_ln42_448_fu_3258_p2     |       and|   0|  0|   2|           1|           1|
    |and_ln42_449_fu_3264_p2     |       and|   0|  0|   2|           1|           1|
    |and_ln42_450_fu_3282_p2     |       and|   0|  0|   2|           1|           1|
    |and_ln42_451_fu_3372_p2     |       and|   0|  0|   2|           1|           1|
    |and_ln42_452_fu_3402_p2     |       and|   0|  0|   2|           1|           1|
    |and_ln42_453_fu_3468_p2     |       and|   0|  0|   2|           1|           1|
    |and_ln42_454_fu_3482_p2     |       and|   0|  0|   2|           1|           1|
    |and_ln42_455_fu_3506_p2     |       and|   0|  0|   2|           1|           1|
    |and_ln42_456_fu_3512_p2     |       and|   0|  0|   2|           1|           1|
    |and_ln42_457_fu_3530_p2     |       and|   0|  0|   2|           1|           1|
    |and_ln42_458_fu_3625_p2     |       and|   0|  0|   2|           1|           1|
    |and_ln42_459_fu_3655_p2     |       and|   0|  0|   2|           1|           1|
    |and_ln42_460_fu_3721_p2     |       and|   0|  0|   2|           1|           1|
    |and_ln42_461_fu_3735_p2     |       and|   0|  0|   2|           1|           1|
    |and_ln42_462_fu_3759_p2     |       and|   0|  0|   2|           1|           1|
    |and_ln42_463_fu_3765_p2     |       and|   0|  0|   2|           1|           1|
    |and_ln42_464_fu_3783_p2     |       and|   0|  0|   2|           1|           1|
    |and_ln42_465_fu_3873_p2     |       and|   0|  0|   2|           1|           1|
    |and_ln42_466_fu_3903_p2     |       and|   0|  0|   2|           1|           1|
    |and_ln42_467_fu_3969_p2     |       and|   0|  0|   2|           1|           1|
    |and_ln42_468_fu_3983_p2     |       and|   0|  0|   2|           1|           1|
    |and_ln42_469_fu_4007_p2     |       and|   0|  0|   2|           1|           1|
    |and_ln42_470_fu_4013_p2     |       and|   0|  0|   2|           1|           1|
    |and_ln42_471_fu_4031_p2     |       and|   0|  0|   2|           1|           1|
    |and_ln42_472_fu_4126_p2     |       and|   0|  0|   2|           1|           1|
    |and_ln42_473_fu_4156_p2     |       and|   0|  0|   2|           1|           1|
    |and_ln42_474_fu_4222_p2     |       and|   0|  0|   2|           1|           1|
    |and_ln42_475_fu_4236_p2     |       and|   0|  0|   2|           1|           1|
    |and_ln42_476_fu_4260_p2     |       and|   0|  0|   2|           1|           1|
    |and_ln42_477_fu_4266_p2     |       and|   0|  0|   2|           1|           1|
    |and_ln42_478_fu_4284_p2     |       and|   0|  0|   2|           1|           1|
    |and_ln42_479_fu_4374_p2     |       and|   0|  0|   2|           1|           1|
    |and_ln42_480_fu_4404_p2     |       and|   0|  0|   2|           1|           1|
    |and_ln42_481_fu_4470_p2     |       and|   0|  0|   2|           1|           1|
    |and_ln42_482_fu_4484_p2     |       and|   0|  0|   2|           1|           1|
    |and_ln42_483_fu_4508_p2     |       and|   0|  0|   2|           1|           1|
    |and_ln42_484_fu_4514_p2     |       and|   0|  0|   2|           1|           1|
    |and_ln42_485_fu_4532_p2     |       and|   0|  0|   2|           1|           1|
    |and_ln42_fu_974_p2          |       and|   0|  0|   2|           1|           1|
    |and_ln58_100_fu_5045_p2     |       and|   0|  0|   2|           1|           1|
    |and_ln58_101_fu_5055_p2     |       and|   0|  0|   2|           1|           1|
    |and_ln58_102_fu_5103_p2     |       and|   0|  0|   2|           1|           1|
    |and_ln58_103_fu_5113_p2     |       and|   0|  0|   2|           1|           1|
    |and_ln58_104_fu_5196_p2     |       and|   0|  0|   2|           1|           1|
    |and_ln58_105_fu_5208_p2     |       and|   0|  0|   2|           1|           1|
    |and_ln58_106_fu_5296_p2     |       and|   0|  0|   2|           1|           1|
    |and_ln58_107_fu_5308_p2     |       and|   0|  0|   2|           1|           1|
    |and_ln58_108_fu_5396_p2     |       and|   0|  0|   2|           1|           1|
    |and_ln58_109_fu_5408_p2     |       and|   0|  0|   2|           1|           1|
    |and_ln58_110_fu_5496_p2     |       and|   0|  0|   2|           1|           1|
    |and_ln58_111_fu_5508_p2     |       and|   0|  0|   2|           1|           1|
    |and_ln58_112_fu_5596_p2     |       and|   0|  0|   2|           1|           1|
    |and_ln58_113_fu_5608_p2     |       and|   0|  0|   2|           1|           1|
    |and_ln58_114_fu_5696_p2     |       and|   0|  0|   2|           1|           1|
    |and_ln58_115_fu_5708_p2     |       and|   0|  0|   2|           1|           1|
    |and_ln58_93_fu_4614_p2      |       and|   0|  0|   2|           1|           1|
    |and_ln58_94_fu_4704_p2      |       and|   0|  0|   2|           1|           1|
    |and_ln58_95_fu_4716_p2      |       and|   0|  0|   2|           1|           1|
    |and_ln58_96_fu_4806_p2      |       and|   0|  0|   2|           1|           1|
    |and_ln58_97_fu_4818_p2      |       and|   0|  0|   2|           1|           1|
    |and_ln58_98_fu_4908_p2      |       and|   0|  0|   2|           1|           1|
    |and_ln58_99_fu_4920_p2      |       and|   0|  0|   2|           1|           1|
    |and_ln58_fu_4602_p2         |       and|   0|  0|   2|           1|           1|
    |icmp_ln42_276_fu_1020_p2    |      icmp|   0|  0|  10|           3|           2|
    |icmp_ln42_277_fu_1036_p2    |      icmp|   0|  0|  12|           4|           2|
    |icmp_ln42_278_fu_1042_p2    |      icmp|   0|  0|  12|           4|           1|
    |icmp_ln42_279_fu_1091_p2    |      icmp|   0|  0|  18|          11|           1|
    |icmp_ln42_280_fu_1157_p2    |      icmp|   0|  0|  10|           3|           2|
    |icmp_ln42_281_fu_1173_p2    |      icmp|   0|  0|  12|           4|           2|
    |icmp_ln42_282_fu_1179_p2    |      icmp|   0|  0|  12|           4|           1|
    |icmp_ln42_283_fu_1274_p2    |      icmp|   0|  0|  18|          11|           1|
    |icmp_ln42_284_fu_1340_p2    |      icmp|   0|  0|  10|           3|           2|
    |icmp_ln42_285_fu_1356_p2    |      icmp|   0|  0|  12|           4|           2|
    |icmp_ln42_286_fu_1362_p2    |      icmp|   0|  0|  12|           4|           1|
    |icmp_ln42_287_fu_1411_p2    |      icmp|   0|  0|  18|          11|           1|
    |icmp_ln42_288_fu_1477_p2    |      icmp|   0|  0|  10|           3|           2|
    |icmp_ln42_289_fu_1493_p2    |      icmp|   0|  0|  12|           4|           2|
    |icmp_ln42_290_fu_1499_p2    |      icmp|   0|  0|  12|           4|           1|
    |icmp_ln42_291_fu_1594_p2    |      icmp|   0|  0|  18|          11|           1|
    |icmp_ln42_292_fu_1660_p2    |      icmp|   0|  0|  10|           3|           2|
    |icmp_ln42_293_fu_1676_p2    |      icmp|   0|  0|  12|           4|           2|
    |icmp_ln42_294_fu_1682_p2    |      icmp|   0|  0|  12|           4|           1|
    |icmp_ln42_295_fu_1731_p2    |      icmp|   0|  0|  18|          11|           1|
    |icmp_ln42_296_fu_1797_p2    |      icmp|   0|  0|  10|           3|           2|
    |icmp_ln42_297_fu_1813_p2    |      icmp|   0|  0|  12|           4|           2|
    |icmp_ln42_298_fu_1819_p2    |      icmp|   0|  0|  12|           4|           1|
    |icmp_ln42_299_fu_1914_p2    |      icmp|   0|  0|  18|          11|           1|
    |icmp_ln42_300_fu_1980_p2    |      icmp|   0|  0|  10|           3|           2|
    |icmp_ln42_301_fu_1996_p2    |      icmp|   0|  0|  12|           4|           2|
    |icmp_ln42_302_fu_2002_p2    |      icmp|   0|  0|  12|           4|           1|
    |icmp_ln42_303_fu_2051_p2    |      icmp|   0|  0|  18|          11|           1|
    |icmp_ln42_304_fu_2117_p2    |      icmp|   0|  0|  10|           3|           2|
    |icmp_ln42_305_fu_2133_p2    |      icmp|   0|  0|  12|           4|           2|
    |icmp_ln42_306_fu_2139_p2    |      icmp|   0|  0|  12|           4|           1|
    |icmp_ln42_307_fu_3104_p2    |      icmp|   0|  0|  18|          11|           1|
    |icmp_ln42_308_fu_3170_p2    |      icmp|   0|  0|  10|           3|           2|
    |icmp_ln42_309_fu_3186_p2    |      icmp|   0|  0|  12|           4|           2|
    |icmp_ln42_310_fu_3192_p2    |      icmp|   0|  0|  12|           4|           1|
    |icmp_ln42_311_fu_3352_p2    |      icmp|   0|  0|  18|          11|           1|
    |icmp_ln42_312_fu_3418_p2    |      icmp|   0|  0|  10|           3|           2|
    |icmp_ln42_313_fu_3434_p2    |      icmp|   0|  0|  12|           4|           2|
    |icmp_ln42_314_fu_3440_p2    |      icmp|   0|  0|  12|           4|           1|
    |icmp_ln42_315_fu_3605_p2    |      icmp|   0|  0|  18|          11|           1|
    |icmp_ln42_316_fu_3671_p2    |      icmp|   0|  0|  10|           3|           2|
    |icmp_ln42_317_fu_3687_p2    |      icmp|   0|  0|  12|           4|           2|
    |icmp_ln42_318_fu_3693_p2    |      icmp|   0|  0|  12|           4|           1|
    |icmp_ln42_319_fu_3853_p2    |      icmp|   0|  0|  18|          11|           1|
    |icmp_ln42_320_fu_3919_p2    |      icmp|   0|  0|  10|           3|           2|
    |icmp_ln42_321_fu_3935_p2    |      icmp|   0|  0|  12|           4|           2|
    |icmp_ln42_322_fu_3941_p2    |      icmp|   0|  0|  12|           4|           1|
    |icmp_ln42_323_fu_4106_p2    |      icmp|   0|  0|  18|          11|           1|
    |icmp_ln42_324_fu_4172_p2    |      icmp|   0|  0|  10|           3|           2|
    |icmp_ln42_325_fu_4188_p2    |      icmp|   0|  0|  12|           4|           2|
    |icmp_ln42_326_fu_4194_p2    |      icmp|   0|  0|  12|           4|           1|
    |icmp_ln42_327_fu_4354_p2    |      icmp|   0|  0|  18|          11|           1|
    |icmp_ln42_328_fu_4420_p2    |      icmp|   0|  0|  10|           3|           2|
    |icmp_ln42_329_fu_4436_p2    |      icmp|   0|  0|  12|           4|           2|
    |icmp_ln42_330_fu_4442_p2    |      icmp|   0|  0|  12|           4|           1|
    |icmp_ln42_fu_954_p2         |      icmp|   0|  0|  18|          11|           1|
    |or_ln42_165_fu_2305_p2      |        or|   0|  0|   2|           1|           1|
    |or_ln42_166_fu_2351_p2      |        or|   0|  0|   2|           1|           1|
    |or_ln42_167_fu_1105_p2      |        or|   0|  0|   2|           1|           1|
    |or_ln42_168_fu_2404_p2      |        or|   0|  0|   2|           1|           1|
    |or_ln42_169_fu_2450_p2      |        or|   0|  0|   2|           1|           1|
    |or_ln42_170_fu_1288_p2      |        or|   0|  0|   2|           1|           1|
    |or_ln42_171_fu_2503_p2      |        or|   0|  0|   2|           1|           1|
    |or_ln42_172_fu_2549_p2      |        or|   0|  0|   2|           1|           1|
    |or_ln42_173_fu_1425_p2      |        or|   0|  0|   2|           1|           1|
    |or_ln42_174_fu_2602_p2      |        or|   0|  0|   2|           1|           1|
    |or_ln42_175_fu_2648_p2      |        or|   0|  0|   2|           1|           1|
    |or_ln42_176_fu_1608_p2      |        or|   0|  0|   2|           1|           1|
    |or_ln42_177_fu_2701_p2      |        or|   0|  0|   2|           1|           1|
    |or_ln42_178_fu_2747_p2      |        or|   0|  0|   2|           1|           1|
    |or_ln42_179_fu_1745_p2      |        or|   0|  0|   2|           1|           1|
    |or_ln42_180_fu_2800_p2      |        or|   0|  0|   2|           1|           1|
    |or_ln42_181_fu_2846_p2      |        or|   0|  0|   2|           1|           1|
    |or_ln42_182_fu_1928_p2      |        or|   0|  0|   2|           1|           1|
    |or_ln42_183_fu_2899_p2      |        or|   0|  0|   2|           1|           1|
    |or_ln42_184_fu_2945_p2      |        or|   0|  0|   2|           1|           1|
    |or_ln42_185_fu_2065_p2      |        or|   0|  0|   2|           1|           1|
    |or_ln42_186_fu_2998_p2      |        or|   0|  0|   2|           1|           1|
    |or_ln42_187_fu_3044_p2      |        or|   0|  0|   2|           1|           1|
    |or_ln42_188_fu_3118_p2      |        or|   0|  0|   2|           1|           1|
    |or_ln42_189_fu_3246_p2      |        or|   0|  0|   2|           1|           1|
    |or_ln42_190_fu_3296_p2      |        or|   0|  0|   2|           1|           1|
    |or_ln42_191_fu_3366_p2      |        or|   0|  0|   2|           1|           1|
    |or_ln42_192_fu_3494_p2      |        or|   0|  0|   2|           1|           1|
    |or_ln42_193_fu_3544_p2      |        or|   0|  0|   2|           1|           1|
    |or_ln42_194_fu_3619_p2      |        or|   0|  0|   2|           1|           1|
    |or_ln42_195_fu_3747_p2      |        or|   0|  0|   2|           1|           1|
    |or_ln42_196_fu_3797_p2      |        or|   0|  0|   2|           1|           1|
    |or_ln42_197_fu_3867_p2      |        or|   0|  0|   2|           1|           1|
    |or_ln42_198_fu_3995_p2      |        or|   0|  0|   2|           1|           1|
    |or_ln42_199_fu_4045_p2      |        or|   0|  0|   2|           1|           1|
    |or_ln42_200_fu_4120_p2      |        or|   0|  0|   2|           1|           1|
    |or_ln42_201_fu_4248_p2      |        or|   0|  0|   2|           1|           1|
    |or_ln42_202_fu_4298_p2      |        or|   0|  0|   2|           1|           1|
    |or_ln42_203_fu_4368_p2      |        or|   0|  0|   2|           1|           1|
    |or_ln42_204_fu_4496_p2      |        or|   0|  0|   2|           1|           1|
    |or_ln42_205_fu_4546_p2      |        or|   0|  0|   2|           1|           1|
    |or_ln42_206_fu_2326_p2      |        or|   0|  0|   2|           1|           1|
    |or_ln42_207_fu_2425_p2      |        or|   0|  0|   2|           1|           1|
    |or_ln42_208_fu_2524_p2      |        or|   0|  0|   2|           1|           1|
    |or_ln42_209_fu_2623_p2      |        or|   0|  0|   2|           1|           1|
    |or_ln42_210_fu_2722_p2      |        or|   0|  0|   2|           1|           1|
    |or_ln42_211_fu_2821_p2      |        or|   0|  0|   2|           1|           1|
    |or_ln42_212_fu_2920_p2      |        or|   0|  0|   2|           1|           1|
    |or_ln42_213_fu_3019_p2      |        or|   0|  0|   2|           1|           1|
    |or_ln42_214_fu_3270_p2      |        or|   0|  0|   2|           1|           1|
    |or_ln42_215_fu_3518_p2      |        or|   0|  0|   2|           1|           1|
    |or_ln42_216_fu_3771_p2      |        or|   0|  0|   2|           1|           1|
    |or_ln42_217_fu_4019_p2      |        or|   0|  0|   2|           1|           1|
    |or_ln42_218_fu_4272_p2      |        or|   0|  0|   2|           1|           1|
    |or_ln42_219_fu_4520_p2      |        or|   0|  0|   2|           1|           1|
    |or_ln42_fu_968_p2           |        or|   0|  0|   2|           1|           1|
    |or_ln58_45_fu_4734_p2       |        or|   0|  0|   2|           1|           1|
    |or_ln58_46_fu_4836_p2       |        or|   0|  0|   2|           1|           1|
    |or_ln58_47_fu_4938_p2       |        or|   0|  0|   2|           1|           1|
    |or_ln58_48_fu_5070_p2       |        or|   0|  0|   2|           1|           1|
    |or_ln58_49_fu_5128_p2       |        or|   0|  0|   2|           1|           1|
    |or_ln58_50_fu_5226_p2       |        or|   0|  0|   2|           1|           1|
    |or_ln58_51_fu_5326_p2       |        or|   0|  0|   2|           1|           1|
    |or_ln58_52_fu_5426_p2       |        or|   0|  0|   2|           1|           1|
    |or_ln58_53_fu_5526_p2       |        or|   0|  0|   2|           1|           1|
    |or_ln58_54_fu_5626_p2       |        or|   0|  0|   2|           1|           1|
    |or_ln58_55_fu_5726_p2       |        or|   0|  0|   2|           1|           1|
    |or_ln58_fu_4632_p2          |        or|   0|  0|   2|           1|           1|
    |select_ln42_221_fu_2289_p3  |    select|   0|  0|   2|           1|           1|
    |select_ln42_222_fu_2343_p3  |    select|   0|  0|  17|           1|          15|
    |select_ln42_223_fu_2357_p3  |    select|   0|  0|  16|           1|          16|
    |select_ln42_224_fu_2364_p3  |    select|   0|  0|   2|           1|           1|
    |select_ln42_225_fu_2388_p3  |    select|   0|  0|   2|           1|           1|
    |select_ln42_226_fu_2442_p3  |    select|   0|  0|  17|           1|          15|
    |select_ln42_227_fu_2456_p3  |    select|   0|  0|  16|           1|          16|
    |select_ln42_228_fu_2463_p3  |    select|   0|  0|   2|           1|           1|
    |select_ln42_229_fu_2487_p3  |    select|   0|  0|   2|           1|           1|
    |select_ln42_230_fu_2541_p3  |    select|   0|  0|  17|           1|          15|
    |select_ln42_231_fu_2555_p3  |    select|   0|  0|  16|           1|          16|
    |select_ln42_232_fu_2562_p3  |    select|   0|  0|   2|           1|           1|
    |select_ln42_233_fu_2586_p3  |    select|   0|  0|   2|           1|           1|
    |select_ln42_234_fu_2640_p3  |    select|   0|  0|  17|           1|          15|
    |select_ln42_235_fu_2654_p3  |    select|   0|  0|  16|           1|          16|
    |select_ln42_236_fu_2661_p3  |    select|   0|  0|   2|           1|           1|
    |select_ln42_237_fu_2685_p3  |    select|   0|  0|   2|           1|           1|
    |select_ln42_238_fu_2739_p3  |    select|   0|  0|  17|           1|          15|
    |select_ln42_239_fu_2753_p3  |    select|   0|  0|  16|           1|          16|
    |select_ln42_240_fu_2760_p3  |    select|   0|  0|   2|           1|           1|
    |select_ln42_241_fu_2784_p3  |    select|   0|  0|   2|           1|           1|
    |select_ln42_242_fu_2838_p3  |    select|   0|  0|  17|           1|          15|
    |select_ln42_243_fu_2852_p3  |    select|   0|  0|  16|           1|          16|
    |select_ln42_244_fu_2859_p3  |    select|   0|  0|   2|           1|           1|
    |select_ln42_245_fu_2883_p3  |    select|   0|  0|   2|           1|           1|
    |select_ln42_246_fu_2937_p3  |    select|   0|  0|  17|           1|          15|
    |select_ln42_247_fu_2951_p3  |    select|   0|  0|  16|           1|          16|
    |select_ln42_248_fu_2958_p3  |    select|   0|  0|   2|           1|           1|
    |select_ln42_249_fu_2982_p3  |    select|   0|  0|   2|           1|           1|
    |select_ln42_250_fu_3036_p3  |    select|   0|  0|  17|           1|          15|
    |select_ln42_251_fu_3050_p3  |    select|   0|  0|  16|           1|          16|
    |select_ln42_252_fu_3198_p3  |    select|   0|  0|   2|           1|           1|
    |select_ln42_253_fu_3226_p3  |    select|   0|  0|   2|           1|           1|
    |select_ln42_254_fu_3288_p3  |    select|   0|  0|  17|           1|          15|
    |select_ln42_255_fu_3302_p3  |    select|   0|  0|  16|           1|          16|
    |select_ln42_256_fu_3446_p3  |    select|   0|  0|   2|           1|           1|
    |select_ln42_257_fu_3474_p3  |    select|   0|  0|   2|           1|           1|
    |select_ln42_258_fu_3536_p3  |    select|   0|  0|  17|           1|          15|
    |select_ln42_259_fu_3550_p3  |    select|   0|  0|  16|           1|          16|
    |select_ln42_260_fu_3699_p3  |    select|   0|  0|   2|           1|           1|
    |select_ln42_261_fu_3727_p3  |    select|   0|  0|   2|           1|           1|
    |select_ln42_262_fu_3789_p3  |    select|   0|  0|  17|           1|          15|
    |select_ln42_263_fu_3803_p3  |    select|   0|  0|  16|           1|          16|
    |select_ln42_264_fu_3947_p3  |    select|   0|  0|   2|           1|           1|
    |select_ln42_265_fu_3975_p3  |    select|   0|  0|   2|           1|           1|
    |select_ln42_266_fu_4037_p3  |    select|   0|  0|  17|           1|          15|
    |select_ln42_267_fu_4051_p3  |    select|   0|  0|  16|           1|          16|
    |select_ln42_268_fu_4200_p3  |    select|   0|  0|   2|           1|           1|
    |select_ln42_269_fu_4228_p3  |    select|   0|  0|   2|           1|           1|
    |select_ln42_270_fu_4290_p3  |    select|   0|  0|  17|           1|          15|
    |select_ln42_271_fu_4304_p3  |    select|   0|  0|  16|           1|          16|
    |select_ln42_272_fu_4448_p3  |    select|   0|  0|   2|           1|           1|
    |select_ln42_273_fu_4476_p3  |    select|   0|  0|   2|           1|           1|
    |select_ln42_274_fu_4538_p3  |    select|   0|  0|  17|           1|          15|
    |select_ln42_275_fu_4552_p3  |    select|   0|  0|  16|           1|          16|
    |select_ln42_fu_2265_p3      |    select|   0|  0|   2|           1|           1|
    |select_ln58_141_fu_4646_p3  |    select|   0|  0|  17|           1|          17|
    |select_ln58_142_fu_4654_p3  |    select|   0|  0|  16|           1|          16|
    |select_ln58_143_fu_4740_p3  |    select|   0|  0|  16|           1|          15|
    |select_ln58_144_fu_4748_p3  |    select|   0|  0|  17|           1|          17|
    |select_ln58_145_fu_4756_p3  |    select|   0|  0|  16|           1|          16|
    |select_ln58_146_fu_4842_p3  |    select|   0|  0|  16|           1|          15|
    |select_ln58_147_fu_4850_p3  |    select|   0|  0|  17|           1|          17|
    |select_ln58_148_fu_4858_p3  |    select|   0|  0|  16|           1|          16|
    |select_ln58_149_fu_4944_p3  |    select|   0|  0|  16|           1|          15|
    |select_ln58_150_fu_4952_p3  |    select|   0|  0|  17|           1|          17|
    |select_ln58_151_fu_4960_p3  |    select|   0|  0|  16|           1|          16|
    |select_ln58_152_fu_5076_p3  |    select|   0|  0|  16|           1|          15|
    |select_ln58_153_fu_5083_p3  |    select|   0|  0|  17|           1|          17|
    |select_ln58_154_fu_5090_p3  |    select|   0|  0|  16|           1|          16|
    |select_ln58_155_fu_5134_p3  |    select|   0|  0|  16|           1|          15|
    |select_ln58_156_fu_5141_p3  |    select|   0|  0|  17|           1|          17|
    |select_ln58_157_fu_5148_p3  |    select|   0|  0|  16|           1|          16|
    |select_ln58_158_fu_5232_p3  |    select|   0|  0|  16|           1|          15|
    |select_ln58_159_fu_5240_p3  |    select|   0|  0|  17|           1|          17|
    |select_ln58_160_fu_5248_p3  |    select|   0|  0|  16|           1|          16|
    |select_ln58_161_fu_5332_p3  |    select|   0|  0|  16|           1|          15|
    |select_ln58_162_fu_5340_p3  |    select|   0|  0|  17|           1|          17|
    |select_ln58_163_fu_5348_p3  |    select|   0|  0|  16|           1|          16|
    |select_ln58_164_fu_5432_p3  |    select|   0|  0|  16|           1|          15|
    |select_ln58_165_fu_5440_p3  |    select|   0|  0|  17|           1|          17|
    |select_ln58_166_fu_5448_p3  |    select|   0|  0|  16|           1|          16|
    |select_ln58_167_fu_5532_p3  |    select|   0|  0|  16|           1|          15|
    |select_ln58_168_fu_5540_p3  |    select|   0|  0|  17|           1|          17|
    |select_ln58_169_fu_5548_p3  |    select|   0|  0|  16|           1|          16|
    |select_ln58_170_fu_5632_p3  |    select|   0|  0|  16|           1|          15|
    |select_ln58_171_fu_5640_p3  |    select|   0|  0|  17|           1|          17|
    |select_ln58_172_fu_5648_p3  |    select|   0|  0|  16|           1|          16|
    |select_ln58_173_fu_5732_p3  |    select|   0|  0|  16|           1|          15|
    |select_ln58_174_fu_5740_p3  |    select|   0|  0|  17|           1|          17|
    |select_ln58_175_fu_5748_p3  |    select|   0|  0|  16|           1|          16|
    |select_ln58_fu_4638_p3      |    select|   0|  0|  16|           1|          15|
    |xor_ln42_221_fu_2299_p2     |       xor|   0|  0|   2|           1|           2|
    |xor_ln42_222_fu_2310_p2     |       xor|   0|  0|   2|           1|           2|
    |xor_ln42_223_fu_2332_p2     |       xor|   0|  0|   2|           1|           2|
    |xor_ln42_224_fu_1135_p2     |       xor|   0|  0|   2|           1|           2|
    |xor_ln42_225_fu_2398_p2     |       xor|   0|  0|   2|           1|           2|
    |xor_ln42_226_fu_2409_p2     |       xor|   0|  0|   2|           1|           2|
    |xor_ln42_227_fu_2431_p2     |       xor|   0|  0|   2|           1|           2|
    |xor_ln42_228_fu_1318_p2     |       xor|   0|  0|   2|           1|           2|
    |xor_ln42_229_fu_2497_p2     |       xor|   0|  0|   2|           1|           2|
    |xor_ln42_230_fu_2508_p2     |       xor|   0|  0|   2|           1|           2|
    |xor_ln42_231_fu_2530_p2     |       xor|   0|  0|   2|           1|           2|
    |xor_ln42_232_fu_1455_p2     |       xor|   0|  0|   2|           1|           2|
    |xor_ln42_233_fu_2596_p2     |       xor|   0|  0|   2|           1|           2|
    |xor_ln42_234_fu_2607_p2     |       xor|   0|  0|   2|           1|           2|
    |xor_ln42_235_fu_2629_p2     |       xor|   0|  0|   2|           1|           2|
    |xor_ln42_236_fu_1638_p2     |       xor|   0|  0|   2|           1|           2|
    |xor_ln42_237_fu_2695_p2     |       xor|   0|  0|   2|           1|           2|
    |xor_ln42_238_fu_2706_p2     |       xor|   0|  0|   2|           1|           2|
    |xor_ln42_239_fu_2728_p2     |       xor|   0|  0|   2|           1|           2|
    |xor_ln42_240_fu_1775_p2     |       xor|   0|  0|   2|           1|           2|
    |xor_ln42_241_fu_2794_p2     |       xor|   0|  0|   2|           1|           2|
    |xor_ln42_242_fu_2805_p2     |       xor|   0|  0|   2|           1|           2|
    |xor_ln42_243_fu_2827_p2     |       xor|   0|  0|   2|           1|           2|
    |xor_ln42_244_fu_1958_p2     |       xor|   0|  0|   2|           1|           2|
    |xor_ln42_245_fu_2893_p2     |       xor|   0|  0|   2|           1|           2|
    |xor_ln42_246_fu_2904_p2     |       xor|   0|  0|   2|           1|           2|
    |xor_ln42_247_fu_2926_p2     |       xor|   0|  0|   2|           1|           2|
    |xor_ln42_248_fu_2095_p2     |       xor|   0|  0|   2|           1|           2|
    |xor_ln42_249_fu_2992_p2     |       xor|   0|  0|   2|           1|           2|
    |xor_ln42_250_fu_3003_p2     |       xor|   0|  0|   2|           1|           2|
    |xor_ln42_251_fu_3025_p2     |       xor|   0|  0|   2|           1|           2|
    |xor_ln42_252_fu_3148_p2     |       xor|   0|  0|   2|           1|           2|
    |xor_ln42_253_fu_3240_p2     |       xor|   0|  0|   2|           1|           2|
    |xor_ln42_254_fu_3252_p2     |       xor|   0|  0|   2|           1|           2|
    |xor_ln42_255_fu_3276_p2     |       xor|   0|  0|   2|           1|           2|
    |xor_ln42_256_fu_3396_p2     |       xor|   0|  0|   2|           1|           2|
    |xor_ln42_257_fu_3488_p2     |       xor|   0|  0|   2|           1|           2|
    |xor_ln42_258_fu_3500_p2     |       xor|   0|  0|   2|           1|           2|
    |xor_ln42_259_fu_3524_p2     |       xor|   0|  0|   2|           1|           2|
    |xor_ln42_260_fu_3649_p2     |       xor|   0|  0|   2|           1|           2|
    |xor_ln42_261_fu_3741_p2     |       xor|   0|  0|   2|           1|           2|
    |xor_ln42_262_fu_3753_p2     |       xor|   0|  0|   2|           1|           2|
    |xor_ln42_263_fu_3777_p2     |       xor|   0|  0|   2|           1|           2|
    |xor_ln42_264_fu_3897_p2     |       xor|   0|  0|   2|           1|           2|
    |xor_ln42_265_fu_3989_p2     |       xor|   0|  0|   2|           1|           2|
    |xor_ln42_266_fu_4001_p2     |       xor|   0|  0|   2|           1|           2|
    |xor_ln42_267_fu_4025_p2     |       xor|   0|  0|   2|           1|           2|
    |xor_ln42_268_fu_4150_p2     |       xor|   0|  0|   2|           1|           2|
    |xor_ln42_269_fu_4242_p2     |       xor|   0|  0|   2|           1|           2|
    |xor_ln42_270_fu_4254_p2     |       xor|   0|  0|   2|           1|           2|
    |xor_ln42_271_fu_4278_p2     |       xor|   0|  0|   2|           1|           2|
    |xor_ln42_272_fu_4398_p2     |       xor|   0|  0|   2|           1|           2|
    |xor_ln42_273_fu_4490_p2     |       xor|   0|  0|   2|           1|           2|
    |xor_ln42_274_fu_4502_p2     |       xor|   0|  0|   2|           1|           2|
    |xor_ln42_275_fu_4526_p2     |       xor|   0|  0|   2|           1|           2|
    |xor_ln42_290_fu_2278_p2     |       xor|   0|  0|   2|           1|           2|
    |xor_ln42_291_fu_2377_p2     |       xor|   0|  0|   2|           1|           2|
    |xor_ln42_292_fu_2476_p2     |       xor|   0|  0|   2|           1|           2|
    |xor_ln42_293_fu_2575_p2     |       xor|   0|  0|   2|           1|           2|
    |xor_ln42_294_fu_2674_p2     |       xor|   0|  0|   2|           1|           2|
    |xor_ln42_295_fu_2773_p2     |       xor|   0|  0|   2|           1|           2|
    |xor_ln42_296_fu_2872_p2     |       xor|   0|  0|   2|           1|           2|
    |xor_ln42_297_fu_2971_p2     |       xor|   0|  0|   2|           1|           2|
    |xor_ln42_298_fu_3214_p2     |       xor|   0|  0|   2|           1|           2|
    |xor_ln42_299_fu_3462_p2     |       xor|   0|  0|   2|           1|           2|
    |xor_ln42_300_fu_3715_p2     |       xor|   0|  0|   2|           1|           2|
    |xor_ln42_301_fu_3963_p2     |       xor|   0|  0|   2|           1|           2|
    |xor_ln42_302_fu_4216_p2     |       xor|   0|  0|   2|           1|           2|
    |xor_ln42_303_fu_4464_p2     |       xor|   0|  0|   2|           1|           2|
    |xor_ln42_fu_998_p2          |       xor|   0|  0|   2|           1|           2|
    |xor_ln58_189_fu_4608_p2     |       xor|   0|  0|   2|           1|           2|
    |xor_ln58_190_fu_4620_p2     |       xor|   0|  0|   2|           1|           1|
    |xor_ln58_191_fu_4626_p2     |       xor|   0|  0|   2|           1|           2|
    |xor_ln58_192_fu_4698_p2     |       xor|   0|  0|   2|           1|           2|
    |xor_ln58_193_fu_4710_p2     |       xor|   0|  0|   2|           1|           2|
    |xor_ln58_194_fu_4722_p2     |       xor|   0|  0|   2|           1|           1|
    |xor_ln58_195_fu_4728_p2     |       xor|   0|  0|   2|           1|           2|
    |xor_ln58_196_fu_4800_p2     |       xor|   0|  0|   2|           1|           2|
    |xor_ln58_197_fu_4812_p2     |       xor|   0|  0|   2|           1|           2|
    |xor_ln58_198_fu_4824_p2     |       xor|   0|  0|   2|           1|           1|
    |xor_ln58_199_fu_4830_p2     |       xor|   0|  0|   2|           1|           2|
    |xor_ln58_200_fu_4902_p2     |       xor|   0|  0|   2|           1|           2|
    |xor_ln58_201_fu_4914_p2     |       xor|   0|  0|   2|           1|           2|
    |xor_ln58_202_fu_4926_p2     |       xor|   0|  0|   2|           1|           1|
    |xor_ln58_203_fu_4932_p2     |       xor|   0|  0|   2|           1|           2|
    |xor_ln58_204_fu_5040_p2     |       xor|   0|  0|   2|           1|           2|
    |xor_ln58_205_fu_5050_p2     |       xor|   0|  0|   2|           1|           2|
    |xor_ln58_206_fu_5060_p2     |       xor|   0|  0|   2|           1|           1|
    |xor_ln58_207_fu_5064_p2     |       xor|   0|  0|   2|           1|           2|
    |xor_ln58_208_fu_5098_p2     |       xor|   0|  0|   2|           1|           2|
    |xor_ln58_209_fu_5108_p2     |       xor|   0|  0|   2|           1|           2|
    |xor_ln58_210_fu_5118_p2     |       xor|   0|  0|   2|           1|           1|
    |xor_ln58_211_fu_5122_p2     |       xor|   0|  0|   2|           1|           2|
    |xor_ln58_212_fu_5190_p2     |       xor|   0|  0|   2|           1|           2|
    |xor_ln58_213_fu_5202_p2     |       xor|   0|  0|   2|           1|           2|
    |xor_ln58_214_fu_5214_p2     |       xor|   0|  0|   2|           1|           1|
    |xor_ln58_215_fu_5220_p2     |       xor|   0|  0|   2|           1|           2|
    |xor_ln58_216_fu_5290_p2     |       xor|   0|  0|   2|           1|           2|
    |xor_ln58_217_fu_5302_p2     |       xor|   0|  0|   2|           1|           2|
    |xor_ln58_218_fu_5314_p2     |       xor|   0|  0|   2|           1|           1|
    |xor_ln58_219_fu_5320_p2     |       xor|   0|  0|   2|           1|           2|
    |xor_ln58_220_fu_5390_p2     |       xor|   0|  0|   2|           1|           2|
    |xor_ln58_221_fu_5402_p2     |       xor|   0|  0|   2|           1|           2|
    |xor_ln58_222_fu_5414_p2     |       xor|   0|  0|   2|           1|           1|
    |xor_ln58_223_fu_5420_p2     |       xor|   0|  0|   2|           1|           2|
    |xor_ln58_224_fu_5490_p2     |       xor|   0|  0|   2|           1|           2|
    |xor_ln58_225_fu_5502_p2     |       xor|   0|  0|   2|           1|           2|
    |xor_ln58_226_fu_5514_p2     |       xor|   0|  0|   2|           1|           1|
    |xor_ln58_227_fu_5520_p2     |       xor|   0|  0|   2|           1|           2|
    |xor_ln58_228_fu_5590_p2     |       xor|   0|  0|   2|           1|           2|
    |xor_ln58_229_fu_5602_p2     |       xor|   0|  0|   2|           1|           2|
    |xor_ln58_230_fu_5614_p2     |       xor|   0|  0|   2|           1|           1|
    |xor_ln58_231_fu_5620_p2     |       xor|   0|  0|   2|           1|           2|
    |xor_ln58_232_fu_5690_p2     |       xor|   0|  0|   2|           1|           2|
    |xor_ln58_233_fu_5702_p2     |       xor|   0|  0|   2|           1|           2|
    |xor_ln58_234_fu_5714_p2     |       xor|   0|  0|   2|           1|           1|
    |xor_ln58_235_fu_5720_p2     |       xor|   0|  0|   2|           1|           2|
    |xor_ln58_fu_4596_p2         |       xor|   0|  0|   2|           1|           2|
    +----------------------------+----------+----+---+----+------------+------------+
    |Total                       |          |   0|  0|3336|        1328|        2156|
    +----------------------------+----------+----+---+----+------------+------------+

    * Multiplexer: 
    N/A

    * Register: 
    +------------------------------+----+----+-----+-----------+
    |             Name             | FF | LUT| Bits| Const Bits|
    +------------------------------+----+----+-----+-----------+
    |a_34_reg_6126                 |  16|   0|   16|          0|
    |a_35_reg_6131                 |  16|   0|   16|          0|
    |a_36_reg_6136                 |  16|   0|   16|          0|
    |add_ln42_53_reg_5845          |  16|   0|   16|          0|
    |add_ln42_54_reg_5886          |  16|   0|   16|          0|
    |add_ln42_55_reg_5927          |  16|   0|   16|          0|
    |add_ln42_56_reg_5968          |  16|   0|   16|          0|
    |add_ln42_57_reg_6009          |  16|   0|   16|          0|
    |add_ln42_58_reg_6050          |  16|   0|   16|          0|
    |add_ln42_59_reg_6091          |  16|   0|   16|          0|
    |add_ln42_reg_5804             |  16|   0|   16|          0|
    |add_ln58_106_reg_6177         |  16|   0|   16|          0|
    |add_ln58_107_reg_6197         |  16|   0|   16|          0|
    |and_ln42_389_reg_5815         |   1|   0|    1|          0|
    |and_ln42_396_reg_5856         |   1|   0|    1|          0|
    |and_ln42_403_reg_5897         |   1|   0|    1|          0|
    |and_ln42_410_reg_5938         |   1|   0|    1|          0|
    |and_ln42_417_reg_5979         |   1|   0|    1|          0|
    |and_ln42_424_reg_6020         |   1|   0|    1|          0|
    |and_ln42_431_reg_6061         |   1|   0|    1|          0|
    |and_ln42_438_reg_6102         |   1|   0|    1|          0|
    |data_70_val_int_reg           |  16|   0|   16|          0|
    |data_71_val_int_reg           |  16|   0|   16|          0|
    |data_72_val_int_reg           |  16|   0|   16|          0|
    |data_73_val_int_reg           |  16|   0|   16|          0|
    |data_74_val_int_reg           |  16|   0|   16|          0|
    |data_75_val_int_reg           |  16|   0|   16|          0|
    |data_76_val_int_reg           |  16|   0|   16|          0|
    |data_77_val_int_reg           |  16|   0|   16|          0|
    |data_78_val_int_reg           |  16|   0|   16|          0|
    |data_79_val_int_reg           |  16|   0|   16|          0|
    |data_80_val_int_reg           |  16|   0|   16|          0|
    |data_81_val_int_reg           |  16|   0|   16|          0|
    |data_82_val_int_reg           |  16|   0|   16|          0|
    |data_83_val_int_reg           |  16|   0|   16|          0|
    |icmp_ln42_276_reg_5822        |   1|   0|    1|          0|
    |icmp_ln42_277_reg_5827        |   1|   0|    1|          0|
    |icmp_ln42_278_reg_5834        |   1|   0|    1|          0|
    |icmp_ln42_280_reg_5863        |   1|   0|    1|          0|
    |icmp_ln42_281_reg_5868        |   1|   0|    1|          0|
    |icmp_ln42_282_reg_5875        |   1|   0|    1|          0|
    |icmp_ln42_284_reg_5904        |   1|   0|    1|          0|
    |icmp_ln42_285_reg_5909        |   1|   0|    1|          0|
    |icmp_ln42_286_reg_5916        |   1|   0|    1|          0|
    |icmp_ln42_288_reg_5945        |   1|   0|    1|          0|
    |icmp_ln42_289_reg_5950        |   1|   0|    1|          0|
    |icmp_ln42_290_reg_5957        |   1|   0|    1|          0|
    |icmp_ln42_292_reg_5986        |   1|   0|    1|          0|
    |icmp_ln42_293_reg_5991        |   1|   0|    1|          0|
    |icmp_ln42_294_reg_5998        |   1|   0|    1|          0|
    |icmp_ln42_296_reg_6027        |   1|   0|    1|          0|
    |icmp_ln42_297_reg_6032        |   1|   0|    1|          0|
    |icmp_ln42_298_reg_6039        |   1|   0|    1|          0|
    |icmp_ln42_300_reg_6068        |   1|   0|    1|          0|
    |icmp_ln42_301_reg_6073        |   1|   0|    1|          0|
    |icmp_ln42_302_reg_6080        |   1|   0|    1|          0|
    |icmp_ln42_304_reg_6109        |   1|   0|    1|          0|
    |icmp_ln42_305_reg_6114        |   1|   0|    1|          0|
    |icmp_ln42_306_reg_6121        |   1|   0|    1|          0|
    |idx_int_reg                   |   7|   0|    7|          0|
    |mul_ln73_53_reg_692           |  32|   0|   32|          0|
    |mul_ln73_54_reg_696           |  32|   0|   32|          0|
    |mul_ln73_55_reg_700           |  32|   0|   32|          0|
    |mul_ln73_56_reg_704           |  32|   0|   32|          0|
    |mul_ln73_57_reg_708           |  32|   0|   32|          0|
    |mul_ln73_58_reg_712           |  32|   0|   32|          0|
    |mul_ln73_59_reg_716           |  32|   0|   32|          0|
    |mul_ln73_reg_688              |  32|   0|   32|          0|
    |select_ln42_255_reg_6141      |  16|   0|   16|          0|
    |select_ln42_259_reg_6147      |  16|   0|   16|          0|
    |select_ln42_263_reg_6153      |  16|   0|   16|          0|
    |select_ln42_267_reg_6159      |  16|   0|   16|          0|
    |select_ln42_271_reg_6165      |  16|   0|   16|          0|
    |select_ln42_275_reg_6171      |  16|   0|   16|          0|
    |tmp_2218_reg_5809             |   1|   0|    1|          0|
    |tmp_2220_reg_5839             |   1|   0|    1|          0|
    |tmp_2224_reg_5850             |   1|   0|    1|          0|
    |tmp_2226_reg_5880             |   1|   0|    1|          0|
    |tmp_2230_reg_5891             |   1|   0|    1|          0|
    |tmp_2232_reg_5921             |   1|   0|    1|          0|
    |tmp_2236_reg_5932             |   1|   0|    1|          0|
    |tmp_2238_reg_5962             |   1|   0|    1|          0|
    |tmp_2242_reg_5973             |   1|   0|    1|          0|
    |tmp_2244_reg_6003             |   1|   0|    1|          0|
    |tmp_2248_reg_6014             |   1|   0|    1|          0|
    |tmp_2250_reg_6044             |   1|   0|    1|          0|
    |tmp_2254_reg_6055             |   1|   0|    1|          0|
    |tmp_2256_reg_6085             |   1|   0|    1|          0|
    |tmp_2260_reg_6096             |   1|   0|    1|          0|
    |tmp_2306_reg_6183             |   1|   0|    1|          0|
    |tmp_2307_reg_6190             |   1|   0|    1|          0|
    |tmp_2308_reg_6203             |   1|   0|    1|          0|
    |tmp_2309_reg_6210             |   1|   0|    1|          0|
    |tmp_reg_5798                  |   1|   0|    1|          0|
    |weights_70_val_int_reg        |  16|   0|   16|          0|
    |weights_71_val_int_reg        |  16|   0|   16|          0|
    |weights_72_val_int_reg        |  16|   0|   16|          0|
    |weights_73_val_int_reg        |  16|   0|   16|          0|
    |weights_74_val_int_reg        |  16|   0|   16|          0|
    |weights_75_val_int_reg        |  16|   0|   16|          0|
    |weights_76_val_int_reg        |  16|   0|   16|          0|
    |weights_77_val_int_reg        |  16|   0|   16|          0|
    |weights_78_val_int_reg        |  16|   0|   16|          0|
    |weights_78_val_read_reg_5793  |  16|   0|   16|          0|
    |weights_79_val_int_reg        |  16|   0|   16|          0|
    |weights_79_val_read_reg_5788  |  16|   0|   16|          0|
    |weights_80_val_int_reg        |  16|   0|   16|          0|
    |weights_80_val_read_reg_5783  |  16|   0|   16|          0|
    |weights_81_val_int_reg        |  16|   0|   16|          0|
    |weights_81_val_read_reg_5778  |  16|   0|   16|          0|
    |weights_82_val_int_reg        |  16|   0|   16|          0|
    |weights_82_val_read_reg_5773  |  16|   0|   16|          0|
    |weights_83_val_int_reg        |  16|   0|   16|          0|
    |weights_83_val_read_reg_5768  |  16|   0|   16|          0|
    +------------------------------+----+----+-----+-----------+
    |Total                         |1163|   0| 1163|          0|
    +------------------------------+----+----+-----+-----------+



================================================================
== Interface
================================================================
* Summary: 
+----------------+-----+-----+------------+-----------------------------------------------------------------+--------------+
|    RTL Ports   | Dir | Bits|  Protocol  |                          Source Object                          |    C Type    |
+----------------+-----+-----+------------+-----------------------------------------------------------------+--------------+
|ap_clk          |   in|    1|  ap_ctrl_hs|  dense_latency<ap_fixed,ap_fixed<16,4,4,0,0>,config3_dense_qk>.4|  return value|
|ap_rst          |   in|    1|  ap_ctrl_hs|  dense_latency<ap_fixed,ap_fixed<16,4,4,0,0>,config3_dense_qk>.4|  return value|
|ap_return_0     |  out|   16|  ap_ctrl_hs|  dense_latency<ap_fixed,ap_fixed<16,4,4,0,0>,config3_dense_qk>.4|  return value|
|ap_return_1     |  out|   16|  ap_ctrl_hs|  dense_latency<ap_fixed,ap_fixed<16,4,4,0,0>,config3_dense_qk>.4|  return value|
|ap_ce           |   in|    1|  ap_ctrl_hs|  dense_latency<ap_fixed,ap_fixed<16,4,4,0,0>,config3_dense_qk>.4|  return value|
|data_70_val     |   in|   16|     ap_none|                                                      data_70_val|        scalar|
|data_71_val     |   in|   16|     ap_none|                                                      data_71_val|        scalar|
|data_72_val     |   in|   16|     ap_none|                                                      data_72_val|        scalar|
|data_73_val     |   in|   16|     ap_none|                                                      data_73_val|        scalar|
|data_74_val     |   in|   16|     ap_none|                                                      data_74_val|        scalar|
|data_75_val     |   in|   16|     ap_none|                                                      data_75_val|        scalar|
|data_76_val     |   in|   16|     ap_none|                                                      data_76_val|        scalar|
|data_77_val     |   in|   16|     ap_none|                                                      data_77_val|        scalar|
|data_78_val     |   in|   16|     ap_none|                                                      data_78_val|        scalar|
|data_79_val     |   in|   16|     ap_none|                                                      data_79_val|        scalar|
|data_80_val     |   in|   16|     ap_none|                                                      data_80_val|        scalar|
|data_81_val     |   in|   16|     ap_none|                                                      data_81_val|        scalar|
|data_82_val     |   in|   16|     ap_none|                                                      data_82_val|        scalar|
|data_83_val     |   in|   16|     ap_none|                                                      data_83_val|        scalar|
|weights_70_val  |   in|   16|     ap_none|                                                   weights_70_val|        scalar|
|weights_71_val  |   in|   16|     ap_none|                                                   weights_71_val|        scalar|
|weights_72_val  |   in|   16|     ap_none|                                                   weights_72_val|        scalar|
|weights_73_val  |   in|   16|     ap_none|                                                   weights_73_val|        scalar|
|weights_74_val  |   in|   16|     ap_none|                                                   weights_74_val|        scalar|
|weights_75_val  |   in|   16|     ap_none|                                                   weights_75_val|        scalar|
|weights_76_val  |   in|   16|     ap_none|                                                   weights_76_val|        scalar|
|weights_77_val  |   in|   16|     ap_none|                                                   weights_77_val|        scalar|
|weights_78_val  |   in|   16|     ap_none|                                                   weights_78_val|        scalar|
|weights_79_val  |   in|   16|     ap_none|                                                   weights_79_val|        scalar|
|weights_80_val  |   in|   16|     ap_none|                                                   weights_80_val|        scalar|
|weights_81_val  |   in|   16|     ap_none|                                                   weights_81_val|        scalar|
|weights_82_val  |   in|   16|     ap_none|                                                   weights_82_val|        scalar|
|weights_83_val  |   in|   16|     ap_none|                                                   weights_83_val|        scalar|
|idx             |   in|    7|     ap_none|                                                              idx|        scalar|
+----------------+-----+-----+------------+-----------------------------------------------------------------+--------------+

