

================================================================
== Vitis HLS Report for 'dense_latency_ap_fixed_ap_fixed_16_4_4_0_0_config3_dense_qk_13'
================================================================
* Date:           Tue Jan 28 17:11:57 2025

* Version:        2023.2 (Build 4023990 on Oct 11 2023)
* Project:        myproject_prj
* Solution:       solution1 (Vivado IP Flow Target)
* Product family: virtexuplus
* Target device:  xcvu13p-flga2577-2-e


================================================================
== Performance Estimates
================================================================
+ Timing: 
    * Summary: 
    +--------+---------+----------+------------+
    |  Clock |  Target | Estimated| Uncertainty|
    +--------+---------+----------+------------+
    |ap_clk  |  5.00 ns|  4.299 ns|     0.62 ns|
    +--------+---------+----------+------------+

+ Latency: 
    * Summary: 
    +---------+---------+-----------+-----------+-----+-----+---------+
    |  Latency (cycles) |   Latency (absolute)  |  Interval | Pipeline|
    |   min   |   max   |    min    |    max    | min | max |   Type  |
    +---------+---------+-----------+-----------+-----+-----+---------+
    |        2|        2|  10.000 ns|  10.000 ns|    1|    1|      yes|
    +---------+---------+-----------+-----------+-----+-----+---------+

    + Detail: 
        * Instance: 
        N/A

        * Loop: 
        N/A



================================================================
== Utilization Estimates
================================================================
* Summary: 
+---------------------+---------+-------+---------+---------+------+
|         Name        | BRAM_18K|  DSP  |    FF   |   LUT   | URAM |
+---------------------+---------+-------+---------+---------+------+
|DSP                  |        -|      -|        -|        -|     -|
|Expression           |        -|      -|        0|     3336|     -|
|FIFO                 |        -|      -|        -|        -|     -|
|Instance             |        -|     14|        0|      371|     -|
|Memory               |        -|      -|        -|        -|     -|
|Multiplexer          |        -|      -|        -|        -|     -|
|Register             |        -|      -|     1161|        -|     -|
+---------------------+---------+-------+---------+---------+------+
|Total                |        0|     14|     1161|     3707|     0|
+---------------------+---------+-------+---------+---------+------+
|Available SLR        |     1344|   3072|   864000|   432000|   320|
+---------------------+---------+-------+---------+---------+------+
|Utilization SLR (%)  |        0|     ~0|       ~0|       ~0|     0|
+---------------------+---------+-------+---------+---------+------+
|Available            |     5376|  12288|  3456000|  1728000|  1280|
+---------------------+---------+-------+---------+---------+------+
|Utilization (%)      |        0|     ~0|       ~0|       ~0|     0|
+---------------------+---------+-------+---------+---------+------+

+ Detail: 
    * Instance: 
    +----------------------------+-----------------------+---------+----+---+----+-----+
    |          Instance          |         Module        | BRAM_18K| DSP| FF| LUT| URAM|
    +----------------------------+-----------------------+---------+----+---+----+-----+
    |mul_16s_16s_32_1_0_U683     |mul_16s_16s_32_1_0     |        0|   1|  0|   5|    0|
    |mul_16s_16s_32_1_0_U684     |mul_16s_16s_32_1_0     |        0|   1|  0|   5|    0|
    |mul_16s_16s_32_1_0_U685     |mul_16s_16s_32_1_0     |        0|   1|  0|   5|    0|
    |mul_16s_16s_32_1_0_U686     |mul_16s_16s_32_1_0     |        0|   1|  0|   5|    0|
    |mul_16s_16s_32_1_0_U687     |mul_16s_16s_32_1_0     |        0|   1|  0|   5|    0|
    |mul_16s_16s_32_1_0_U688     |mul_16s_16s_32_1_0     |        0|   1|  0|   5|    0|
    |mul_16s_16s_32_1_0_U689     |mul_16s_16s_32_1_0     |        0|   1|  0|   5|    0|
    |mul_16s_16s_32_1_0_U690     |mul_16s_16s_32_1_0     |        0|   1|  0|   5|    0|
    |mul_16s_16s_32_1_0_U691     |mul_16s_16s_32_1_0     |        0|   1|  0|   5|    0|
    |mul_16s_16s_32_1_0_U692     |mul_16s_16s_32_1_0     |        0|   1|  0|   5|    0|
    |mul_16s_16s_32_1_0_U693     |mul_16s_16s_32_1_0     |        0|   1|  0|   5|    0|
    |mul_16s_16s_32_1_0_U694     |mul_16s_16s_32_1_0     |        0|   1|  0|   5|    0|
    |mul_16s_16s_32_1_0_U695     |mul_16s_16s_32_1_0     |        0|   1|  0|   5|    0|
    |mul_16s_16s_32_1_0_U696     |mul_16s_16s_32_1_0     |        0|   1|  0|   5|    0|
    |sparsemux_17_5_16_1_1_U697  |sparsemux_17_5_16_1_1  |        0|   0|  0|  43|    0|
    |sparsemux_17_5_16_1_1_U698  |sparsemux_17_5_16_1_1  |        0|   0|  0|  43|    0|
    |sparsemux_17_5_16_1_1_U699  |sparsemux_17_5_16_1_1  |        0|   0|  0|  43|    0|
    |sparsemux_17_5_16_1_1_U700  |sparsemux_17_5_16_1_1  |        0|   0|  0|  43|    0|
    |sparsemux_17_5_16_1_1_U701  |sparsemux_17_5_16_1_1  |        0|   0|  0|  43|    0|
    |sparsemux_17_5_16_1_1_U702  |sparsemux_17_5_16_1_1  |        0|   0|  0|  43|    0|
    |sparsemux_17_5_16_1_1_U703  |sparsemux_17_5_16_1_1  |        0|   0|  0|  43|    0|
    +----------------------------+-----------------------+---------+----+---+----+-----+
    |Total                       |                       |        0|  14|  0| 371|    0|
    +----------------------------+-----------------------+---------+----+---+----+-----+

    * DSP: 
    N/A

    * Memory: 
    N/A

    * FIFO: 
    N/A

    * Expression: 
    +----------------------------+----------+----+---+----+------------+------------+
    |        Variable Name       | Operation| DSP| FF| LUT| Bitwidth P0| Bitwidth P1|
    +----------------------------+----------+----+---+----+------------+------------+
    |add_ln42_79_fu_1121_p2      |         +|   0|  0|  23|          16|          16|
    |add_ln42_80_fu_1304_p2      |         +|   0|  0|  23|          16|          16|
    |add_ln42_81_fu_1441_p2      |         +|   0|  0|  23|          16|          16|
    |add_ln42_82_fu_1624_p2      |         +|   0|  0|  23|          16|          16|
    |add_ln42_83_fu_1761_p2      |         +|   0|  0|  23|          16|          16|
    |add_ln42_84_fu_1944_p2      |         +|   0|  0|  23|          16|          16|
    |add_ln42_85_fu_2081_p2      |         +|   0|  0|  23|          16|          16|
    |add_ln42_86_fu_3134_p2      |         +|   0|  0|  23|          16|          16|
    |add_ln42_87_fu_3382_p2      |         +|   0|  0|  23|          16|          16|
    |add_ln42_88_fu_3635_p2      |         +|   0|  0|  23|          16|          16|
    |add_ln42_89_fu_3883_p2      |         +|   0|  0|  23|          16|          16|
    |add_ln42_90_fu_4136_p2      |         +|   0|  0|  23|          16|          16|
    |add_ln42_91_fu_4384_p2      |         +|   0|  0|  23|          16|          16|
    |add_ln42_fu_984_p2          |         +|   0|  0|  23|          16|          16|
    |add_ln58_144_fu_4676_p2     |         +|   0|  0|  24|          17|          17|
    |add_ln58_145_fu_4778_p2     |         +|   0|  0|  24|          17|          17|
    |add_ln58_146_fu_4880_p2     |         +|   0|  0|  24|          17|          17|
    |add_ln58_147_fu_4982_p2     |         +|   0|  0|  24|          17|          17|
    |add_ln58_148_fu_5018_p2     |         +|   0|  0|  24|          17|          17|
    |add_ln58_149_fu_5168_p2     |         +|   0|  0|  24|          17|          17|
    |add_ln58_150_fu_5268_p2     |         +|   0|  0|  24|          17|          17|
    |add_ln58_151_fu_5368_p2     |         +|   0|  0|  24|          17|          17|
    |add_ln58_152_fu_5468_p2     |         +|   0|  0|  24|          17|          17|
    |add_ln58_153_fu_5568_p2     |         +|   0|  0|  24|          17|          17|
    |add_ln58_154_fu_5668_p2     |         +|   0|  0|  24|          17|          17|
    |add_ln58_161_fu_4568_p2     |         +|   0|  0|  23|          16|          16|
    |add_ln58_162_fu_4670_p2     |         +|   0|  0|  23|          16|          16|
    |add_ln58_163_fu_4772_p2     |         +|   0|  0|  23|          16|          16|
    |add_ln58_164_fu_4874_p2     |         +|   0|  0|  23|          16|          16|
    |add_ln58_165_fu_4976_p2     |         +|   0|  0|  23|          16|          16|
    |add_ln58_166_fu_5012_p2     |         +|   0|  0|  23|          16|          16|
    |add_ln58_167_fu_5163_p2     |         +|   0|  0|  23|          16|          16|
    |add_ln58_168_fu_5263_p2     |         +|   0|  0|  23|          16|          16|
    |add_ln58_169_fu_5363_p2     |         +|   0|  0|  23|          16|          16|
    |add_ln58_170_fu_5463_p2     |         +|   0|  0|  23|          16|          16|
    |add_ln58_171_fu_5563_p2     |         +|   0|  0|  23|          16|          16|
    |add_ln58_172_fu_5663_p2     |         +|   0|  0|  23|          16|          16|
    |add_ln58_fu_4574_p2         |         +|   0|  0|  24|          17|          17|
    |and_ln42_583_fu_1004_p2     |       and|   0|  0|   2|           1|           1|
    |and_ln42_584_fu_2284_p2     |       and|   0|  0|   2|           1|           1|
    |and_ln42_585_fu_2295_p2     |       and|   0|  0|   2|           1|           1|
    |and_ln42_586_fu_2315_p2     |       and|   0|  0|   2|           1|           1|
    |and_ln42_587_fu_2321_p2     |       and|   0|  0|   2|           1|           1|
    |and_ln42_588_fu_2338_p2     |       and|   0|  0|   2|           1|           1|
    |and_ln42_589_fu_1111_p2     |       and|   0|  0|   2|           1|           1|
    |and_ln42_590_fu_1141_p2     |       and|   0|  0|   2|           1|           1|
    |and_ln42_591_fu_2383_p2     |       and|   0|  0|   2|           1|           1|
    |and_ln42_592_fu_2394_p2     |       and|   0|  0|   2|           1|           1|
    |and_ln42_593_fu_2414_p2     |       and|   0|  0|   2|           1|           1|
    |and_ln42_594_fu_2420_p2     |       and|   0|  0|   2|           1|           1|
    |and_ln42_595_fu_2437_p2     |       and|   0|  0|   2|           1|           1|
    |and_ln42_596_fu_1294_p2     |       and|   0|  0|   2|           1|           1|
    |and_ln42_597_fu_1324_p2     |       and|   0|  0|   2|           1|           1|
    |and_ln42_598_fu_2482_p2     |       and|   0|  0|   2|           1|           1|
    |and_ln42_599_fu_2493_p2     |       and|   0|  0|   2|           1|           1|
    |and_ln42_600_fu_2513_p2     |       and|   0|  0|   2|           1|           1|
    |and_ln42_601_fu_2519_p2     |       and|   0|  0|   2|           1|           1|
    |and_ln42_602_fu_2536_p2     |       and|   0|  0|   2|           1|           1|
    |and_ln42_603_fu_1431_p2     |       and|   0|  0|   2|           1|           1|
    |and_ln42_604_fu_1461_p2     |       and|   0|  0|   2|           1|           1|
    |and_ln42_605_fu_2581_p2     |       and|   0|  0|   2|           1|           1|
    |and_ln42_606_fu_2592_p2     |       and|   0|  0|   2|           1|           1|
    |and_ln42_607_fu_2612_p2     |       and|   0|  0|   2|           1|           1|
    |and_ln42_608_fu_2618_p2     |       and|   0|  0|   2|           1|           1|
    |and_ln42_609_fu_2635_p2     |       and|   0|  0|   2|           1|           1|
    |and_ln42_610_fu_1614_p2     |       and|   0|  0|   2|           1|           1|
    |and_ln42_611_fu_1644_p2     |       and|   0|  0|   2|           1|           1|
    |and_ln42_612_fu_2680_p2     |       and|   0|  0|   2|           1|           1|
    |and_ln42_613_fu_2691_p2     |       and|   0|  0|   2|           1|           1|
    |and_ln42_614_fu_2711_p2     |       and|   0|  0|   2|           1|           1|
    |and_ln42_615_fu_2717_p2     |       and|   0|  0|   2|           1|           1|
    |and_ln42_616_fu_2734_p2     |       and|   0|  0|   2|           1|           1|
    |and_ln42_617_fu_1751_p2     |       and|   0|  0|   2|           1|           1|
    |and_ln42_618_fu_1781_p2     |       and|   0|  0|   2|           1|           1|
    |and_ln42_619_fu_2779_p2     |       and|   0|  0|   2|           1|           1|
    |and_ln42_620_fu_2790_p2     |       and|   0|  0|   2|           1|           1|
    |and_ln42_621_fu_2810_p2     |       and|   0|  0|   2|           1|           1|
    |and_ln42_622_fu_2816_p2     |       and|   0|  0|   2|           1|           1|
    |and_ln42_623_fu_2833_p2     |       and|   0|  0|   2|           1|           1|
    |and_ln42_624_fu_1934_p2     |       and|   0|  0|   2|           1|           1|
    |and_ln42_625_fu_1964_p2     |       and|   0|  0|   2|           1|           1|
    |and_ln42_626_fu_2878_p2     |       and|   0|  0|   2|           1|           1|
    |and_ln42_627_fu_2889_p2     |       and|   0|  0|   2|           1|           1|
    |and_ln42_628_fu_2909_p2     |       and|   0|  0|   2|           1|           1|
    |and_ln42_629_fu_2915_p2     |       and|   0|  0|   2|           1|           1|
    |and_ln42_630_fu_2932_p2     |       and|   0|  0|   2|           1|           1|
    |and_ln42_631_fu_2071_p2     |       and|   0|  0|   2|           1|           1|
    |and_ln42_632_fu_2101_p2     |       and|   0|  0|   2|           1|           1|
    |and_ln42_633_fu_2977_p2     |       and|   0|  0|   2|           1|           1|
    |and_ln42_634_fu_2988_p2     |       and|   0|  0|   2|           1|           1|
    |and_ln42_635_fu_3008_p2     |       and|   0|  0|   2|           1|           1|
    |and_ln42_636_fu_3014_p2     |       and|   0|  0|   2|           1|           1|
    |and_ln42_637_fu_3031_p2     |       and|   0|  0|   2|           1|           1|
    |and_ln42_638_fu_3124_p2     |       and|   0|  0|   2|           1|           1|
    |and_ln42_639_fu_3154_p2     |       and|   0|  0|   2|           1|           1|
    |and_ln42_640_fu_3220_p2     |       and|   0|  0|   2|           1|           1|
    |and_ln42_641_fu_3234_p2     |       and|   0|  0|   2|           1|           1|
    |and_ln42_642_fu_3258_p2     |       and|   0|  0|   2|           1|           1|
    |and_ln42_643_fu_3264_p2     |       and|   0|  0|   2|           1|           1|
    |and_ln42_644_fu_3282_p2     |       and|   0|  0|   2|           1|           1|
    |and_ln42_645_fu_3372_p2     |       and|   0|  0|   2|           1|           1|
    |and_ln42_646_fu_3402_p2     |       and|   0|  0|   2|           1|           1|
    |and_ln42_647_fu_3468_p2     |       and|   0|  0|   2|           1|           1|
    |and_ln42_648_fu_3482_p2     |       and|   0|  0|   2|           1|           1|
    |and_ln42_649_fu_3506_p2     |       and|   0|  0|   2|           1|           1|
    |and_ln42_650_fu_3512_p2     |       and|   0|  0|   2|           1|           1|
    |and_ln42_651_fu_3530_p2     |       and|   0|  0|   2|           1|           1|
    |and_ln42_652_fu_3625_p2     |       and|   0|  0|   2|           1|           1|
    |and_ln42_653_fu_3655_p2     |       and|   0|  0|   2|           1|           1|
    |and_ln42_654_fu_3721_p2     |       and|   0|  0|   2|           1|           1|
    |and_ln42_655_fu_3735_p2     |       and|   0|  0|   2|           1|           1|
    |and_ln42_656_fu_3759_p2     |       and|   0|  0|   2|           1|           1|
    |and_ln42_657_fu_3765_p2     |       and|   0|  0|   2|           1|           1|
    |and_ln42_658_fu_3783_p2     |       and|   0|  0|   2|           1|           1|
    |and_ln42_659_fu_3873_p2     |       and|   0|  0|   2|           1|           1|
    |and_ln42_660_fu_3903_p2     |       and|   0|  0|   2|           1|           1|
    |and_ln42_661_fu_3969_p2     |       and|   0|  0|   2|           1|           1|
    |and_ln42_662_fu_3983_p2     |       and|   0|  0|   2|           1|           1|
    |and_ln42_663_fu_4007_p2     |       and|   0|  0|   2|           1|           1|
    |and_ln42_664_fu_4013_p2     |       and|   0|  0|   2|           1|           1|
    |and_ln42_665_fu_4031_p2     |       and|   0|  0|   2|           1|           1|
    |and_ln42_666_fu_4126_p2     |       and|   0|  0|   2|           1|           1|
    |and_ln42_667_fu_4156_p2     |       and|   0|  0|   2|           1|           1|
    |and_ln42_668_fu_4222_p2     |       and|   0|  0|   2|           1|           1|
    |and_ln42_669_fu_4236_p2     |       and|   0|  0|   2|           1|           1|
    |and_ln42_670_fu_4260_p2     |       and|   0|  0|   2|           1|           1|
    |and_ln42_671_fu_4266_p2     |       and|   0|  0|   2|           1|           1|
    |and_ln42_672_fu_4284_p2     |       and|   0|  0|   2|           1|           1|
    |and_ln42_673_fu_4374_p2     |       and|   0|  0|   2|           1|           1|
    |and_ln42_674_fu_4404_p2     |       and|   0|  0|   2|           1|           1|
    |and_ln42_675_fu_4470_p2     |       and|   0|  0|   2|           1|           1|
    |and_ln42_676_fu_4484_p2     |       and|   0|  0|   2|           1|           1|
    |and_ln42_677_fu_4508_p2     |       and|   0|  0|   2|           1|           1|
    |and_ln42_678_fu_4514_p2     |       and|   0|  0|   2|           1|           1|
    |and_ln42_679_fu_4532_p2     |       and|   0|  0|   2|           1|           1|
    |and_ln42_fu_974_p2          |       and|   0|  0|   2|           1|           1|
    |and_ln58_139_fu_4614_p2     |       and|   0|  0|   2|           1|           1|
    |and_ln58_140_fu_4704_p2     |       and|   0|  0|   2|           1|           1|
    |and_ln58_141_fu_4716_p2     |       and|   0|  0|   2|           1|           1|
    |and_ln58_142_fu_4806_p2     |       and|   0|  0|   2|           1|           1|
    |and_ln58_143_fu_4818_p2     |       and|   0|  0|   2|           1|           1|
    |and_ln58_144_fu_4908_p2     |       and|   0|  0|   2|           1|           1|
    |and_ln58_145_fu_4920_p2     |       and|   0|  0|   2|           1|           1|
    |and_ln58_146_fu_5045_p2     |       and|   0|  0|   2|           1|           1|
    |and_ln58_147_fu_5055_p2     |       and|   0|  0|   2|           1|           1|
    |and_ln58_148_fu_5103_p2     |       and|   0|  0|   2|           1|           1|
    |and_ln58_149_fu_5113_p2     |       and|   0|  0|   2|           1|           1|
    |and_ln58_150_fu_5196_p2     |       and|   0|  0|   2|           1|           1|
    |and_ln58_151_fu_5208_p2     |       and|   0|  0|   2|           1|           1|
    |and_ln58_152_fu_5296_p2     |       and|   0|  0|   2|           1|           1|
    |and_ln58_153_fu_5308_p2     |       and|   0|  0|   2|           1|           1|
    |and_ln58_154_fu_5396_p2     |       and|   0|  0|   2|           1|           1|
    |and_ln58_155_fu_5408_p2     |       and|   0|  0|   2|           1|           1|
    |and_ln58_156_fu_5496_p2     |       and|   0|  0|   2|           1|           1|
    |and_ln58_157_fu_5508_p2     |       and|   0|  0|   2|           1|           1|
    |and_ln58_158_fu_5596_p2     |       and|   0|  0|   2|           1|           1|
    |and_ln58_159_fu_5608_p2     |       and|   0|  0|   2|           1|           1|
    |and_ln58_160_fu_5696_p2     |       and|   0|  0|   2|           1|           1|
    |and_ln58_161_fu_5708_p2     |       and|   0|  0|   2|           1|           1|
    |and_ln58_fu_4602_p2         |       and|   0|  0|   2|           1|           1|
    |icmp_ln42_441_fu_1020_p2    |      icmp|   0|  0|  10|           3|           2|
    |icmp_ln42_442_fu_1036_p2    |      icmp|   0|  0|  12|           4|           2|
    |icmp_ln42_443_fu_1042_p2    |      icmp|   0|  0|  12|           4|           1|
    |icmp_ln42_444_fu_1091_p2    |      icmp|   0|  0|  18|          11|           1|
    |icmp_ln42_445_fu_1157_p2    |      icmp|   0|  0|  10|           3|           2|
    |icmp_ln42_446_fu_1173_p2    |      icmp|   0|  0|  12|           4|           2|
    |icmp_ln42_447_fu_1179_p2    |      icmp|   0|  0|  12|           4|           1|
    |icmp_ln42_448_fu_1274_p2    |      icmp|   0|  0|  18|          11|           1|
    |icmp_ln42_449_fu_1340_p2    |      icmp|   0|  0|  10|           3|           2|
    |icmp_ln42_450_fu_1356_p2    |      icmp|   0|  0|  12|           4|           2|
    |icmp_ln42_451_fu_1362_p2    |      icmp|   0|  0|  12|           4|           1|
    |icmp_ln42_452_fu_1411_p2    |      icmp|   0|  0|  18|          11|           1|
    |icmp_ln42_453_fu_1477_p2    |      icmp|   0|  0|  10|           3|           2|
    |icmp_ln42_454_fu_1493_p2    |      icmp|   0|  0|  12|           4|           2|
    |icmp_ln42_455_fu_1499_p2    |      icmp|   0|  0|  12|           4|           1|
    |icmp_ln42_456_fu_1594_p2    |      icmp|   0|  0|  18|          11|           1|
    |icmp_ln42_457_fu_1660_p2    |      icmp|   0|  0|  10|           3|           2|
    |icmp_ln42_458_fu_1676_p2    |      icmp|   0|  0|  12|           4|           2|
    |icmp_ln42_459_fu_1682_p2    |      icmp|   0|  0|  12|           4|           1|
    |icmp_ln42_460_fu_1731_p2    |      icmp|   0|  0|  18|          11|           1|
    |icmp_ln42_461_fu_1797_p2    |      icmp|   0|  0|  10|           3|           2|
    |icmp_ln42_462_fu_1813_p2    |      icmp|   0|  0|  12|           4|           2|
    |icmp_ln42_463_fu_1819_p2    |      icmp|   0|  0|  12|           4|           1|
    |icmp_ln42_464_fu_1914_p2    |      icmp|   0|  0|  18|          11|           1|
    |icmp_ln42_465_fu_1980_p2    |      icmp|   0|  0|  10|           3|           2|
    |icmp_ln42_466_fu_1996_p2    |      icmp|   0|  0|  12|           4|           2|
    |icmp_ln42_467_fu_2002_p2    |      icmp|   0|  0|  12|           4|           1|
    |icmp_ln42_468_fu_2051_p2    |      icmp|   0|  0|  18|          11|           1|
    |icmp_ln42_469_fu_2117_p2    |      icmp|   0|  0|  10|           3|           2|
    |icmp_ln42_470_fu_2133_p2    |      icmp|   0|  0|  12|           4|           2|
    |icmp_ln42_471_fu_2139_p2    |      icmp|   0|  0|  12|           4|           1|
    |icmp_ln42_472_fu_3104_p2    |      icmp|   0|  0|  18|          11|           1|
    |icmp_ln42_473_fu_3170_p2    |      icmp|   0|  0|  10|           3|           2|
    |icmp_ln42_474_fu_3186_p2    |      icmp|   0|  0|  12|           4|           2|
    |icmp_ln42_475_fu_3192_p2    |      icmp|   0|  0|  12|           4|           1|
    |icmp_ln42_476_fu_3352_p2    |      icmp|   0|  0|  18|          11|           1|
    |icmp_ln42_477_fu_3418_p2    |      icmp|   0|  0|  10|           3|           2|
    |icmp_ln42_478_fu_3434_p2    |      icmp|   0|  0|  12|           4|           2|
    |icmp_ln42_479_fu_3440_p2    |      icmp|   0|  0|  12|           4|           1|
    |icmp_ln42_480_fu_3605_p2    |      icmp|   0|  0|  18|          11|           1|
    |icmp_ln42_481_fu_3671_p2    |      icmp|   0|  0|  10|           3|           2|
    |icmp_ln42_482_fu_3687_p2    |      icmp|   0|  0|  12|           4|           2|
    |icmp_ln42_483_fu_3693_p2    |      icmp|   0|  0|  12|           4|           1|
    |icmp_ln42_484_fu_3853_p2    |      icmp|   0|  0|  18|          11|           1|
    |icmp_ln42_485_fu_3919_p2    |      icmp|   0|  0|  10|           3|           2|
    |icmp_ln42_486_fu_3935_p2    |      icmp|   0|  0|  12|           4|           2|
    |icmp_ln42_487_fu_3941_p2    |      icmp|   0|  0|  12|           4|           1|
    |icmp_ln42_488_fu_4106_p2    |      icmp|   0|  0|  18|          11|           1|
    |icmp_ln42_489_fu_4172_p2    |      icmp|   0|  0|  10|           3|           2|
    |icmp_ln42_490_fu_4188_p2    |      icmp|   0|  0|  12|           4|           2|
    |icmp_ln42_491_fu_4194_p2    |      icmp|   0|  0|  12|           4|           1|
    |icmp_ln42_492_fu_4354_p2    |      icmp|   0|  0|  18|          11|           1|
    |icmp_ln42_493_fu_4420_p2    |      icmp|   0|  0|  10|           3|           2|
    |icmp_ln42_494_fu_4436_p2    |      icmp|   0|  0|  12|           4|           2|
    |icmp_ln42_495_fu_4442_p2    |      icmp|   0|  0|  12|           4|           1|
    |icmp_ln42_fu_954_p2         |      icmp|   0|  0|  18|          11|           1|
    |or_ln42_316_fu_2305_p2      |        or|   0|  0|   2|           1|           1|
    |or_ln42_317_fu_2326_p2      |        or|   0|  0|   2|           1|           1|
    |or_ln42_318_fu_2351_p2      |        or|   0|  0|   2|           1|           1|
    |or_ln42_319_fu_1105_p2      |        or|   0|  0|   2|           1|           1|
    |or_ln42_320_fu_2404_p2      |        or|   0|  0|   2|           1|           1|
    |or_ln42_321_fu_2425_p2      |        or|   0|  0|   2|           1|           1|
    |or_ln42_322_fu_2450_p2      |        or|   0|  0|   2|           1|           1|
    |or_ln42_323_fu_1288_p2      |        or|   0|  0|   2|           1|           1|
    |or_ln42_324_fu_2503_p2      |        or|   0|  0|   2|           1|           1|
    |or_ln42_325_fu_2524_p2      |        or|   0|  0|   2|           1|           1|
    |or_ln42_326_fu_2549_p2      |        or|   0|  0|   2|           1|           1|
    |or_ln42_327_fu_1425_p2      |        or|   0|  0|   2|           1|           1|
    |or_ln42_328_fu_2602_p2      |        or|   0|  0|   2|           1|           1|
    |or_ln42_329_fu_2623_p2      |        or|   0|  0|   2|           1|           1|
    |or_ln42_330_fu_2648_p2      |        or|   0|  0|   2|           1|           1|
    |or_ln42_331_fu_1608_p2      |        or|   0|  0|   2|           1|           1|
    |or_ln42_332_fu_2701_p2      |        or|   0|  0|   2|           1|           1|
    |or_ln42_333_fu_2722_p2      |        or|   0|  0|   2|           1|           1|
    |or_ln42_334_fu_2747_p2      |        or|   0|  0|   2|           1|           1|
    |or_ln42_335_fu_1745_p2      |        or|   0|  0|   2|           1|           1|
    |or_ln42_336_fu_2800_p2      |        or|   0|  0|   2|           1|           1|
    |or_ln42_337_fu_2821_p2      |        or|   0|  0|   2|           1|           1|
    |or_ln42_338_fu_2846_p2      |        or|   0|  0|   2|           1|           1|
    |or_ln42_339_fu_1928_p2      |        or|   0|  0|   2|           1|           1|
    |or_ln42_340_fu_2899_p2      |        or|   0|  0|   2|           1|           1|
    |or_ln42_341_fu_2920_p2      |        or|   0|  0|   2|           1|           1|
    |or_ln42_342_fu_2945_p2      |        or|   0|  0|   2|           1|           1|
    |or_ln42_343_fu_2065_p2      |        or|   0|  0|   2|           1|           1|
    |or_ln42_344_fu_2998_p2      |        or|   0|  0|   2|           1|           1|
    |or_ln42_345_fu_3019_p2      |        or|   0|  0|   2|           1|           1|
    |or_ln42_346_fu_3044_p2      |        or|   0|  0|   2|           1|           1|
    |or_ln42_347_fu_3118_p2      |        or|   0|  0|   2|           1|           1|
    |or_ln42_348_fu_3246_p2      |        or|   0|  0|   2|           1|           1|
    |or_ln42_349_fu_3270_p2      |        or|   0|  0|   2|           1|           1|
    |or_ln42_350_fu_3296_p2      |        or|   0|  0|   2|           1|           1|
    |or_ln42_351_fu_3366_p2      |        or|   0|  0|   2|           1|           1|
    |or_ln42_352_fu_3494_p2      |        or|   0|  0|   2|           1|           1|
    |or_ln42_353_fu_3518_p2      |        or|   0|  0|   2|           1|           1|
    |or_ln42_354_fu_3544_p2      |        or|   0|  0|   2|           1|           1|
    |or_ln42_355_fu_3619_p2      |        or|   0|  0|   2|           1|           1|
    |or_ln42_356_fu_3747_p2      |        or|   0|  0|   2|           1|           1|
    |or_ln42_357_fu_3771_p2      |        or|   0|  0|   2|           1|           1|
    |or_ln42_358_fu_3797_p2      |        or|   0|  0|   2|           1|           1|
    |or_ln42_359_fu_3867_p2      |        or|   0|  0|   2|           1|           1|
    |or_ln42_360_fu_3995_p2      |        or|   0|  0|   2|           1|           1|
    |or_ln42_361_fu_4019_p2      |        or|   0|  0|   2|           1|           1|
    |or_ln42_362_fu_4045_p2      |        or|   0|  0|   2|           1|           1|
    |or_ln42_363_fu_4120_p2      |        or|   0|  0|   2|           1|           1|
    |or_ln42_364_fu_4248_p2      |        or|   0|  0|   2|           1|           1|
    |or_ln42_365_fu_4272_p2      |        or|   0|  0|   2|           1|           1|
    |or_ln42_366_fu_4298_p2      |        or|   0|  0|   2|           1|           1|
    |or_ln42_367_fu_4368_p2      |        or|   0|  0|   2|           1|           1|
    |or_ln42_368_fu_4496_p2      |        or|   0|  0|   2|           1|           1|
    |or_ln42_369_fu_4520_p2      |        or|   0|  0|   2|           1|           1|
    |or_ln42_370_fu_4546_p2      |        or|   0|  0|   2|           1|           1|
    |or_ln42_fu_968_p2           |        or|   0|  0|   2|           1|           1|
    |or_ln58_67_fu_4734_p2       |        or|   0|  0|   2|           1|           1|
    |or_ln58_68_fu_4836_p2       |        or|   0|  0|   2|           1|           1|
    |or_ln58_69_fu_4938_p2       |        or|   0|  0|   2|           1|           1|
    |or_ln58_70_fu_5070_p2       |        or|   0|  0|   2|           1|           1|
    |or_ln58_71_fu_5128_p2       |        or|   0|  0|   2|           1|           1|
    |or_ln58_72_fu_5226_p2       |        or|   0|  0|   2|           1|           1|
    |or_ln58_73_fu_5326_p2       |        or|   0|  0|   2|           1|           1|
    |or_ln58_74_fu_5426_p2       |        or|   0|  0|   2|           1|           1|
    |or_ln58_75_fu_5526_p2       |        or|   0|  0|   2|           1|           1|
    |or_ln58_76_fu_5626_p2       |        or|   0|  0|   2|           1|           1|
    |or_ln58_77_fu_5726_p2       |        or|   0|  0|   2|           1|           1|
    |or_ln58_fu_4632_p2          |        or|   0|  0|   2|           1|           1|
    |select_ln42_331_fu_2289_p3  |    select|   0|  0|   2|           1|           1|
    |select_ln42_332_fu_2343_p3  |    select|   0|  0|  17|           1|          15|
    |select_ln42_333_fu_2357_p3  |    select|   0|  0|  16|           1|          16|
    |select_ln42_334_fu_2364_p3  |    select|   0|  0|   2|           1|           1|
    |select_ln42_335_fu_2388_p3  |    select|   0|  0|   2|           1|           1|
    |select_ln42_336_fu_2442_p3  |    select|   0|  0|  17|           1|          15|
    |select_ln42_337_fu_2456_p3  |    select|   0|  0|  16|           1|          16|
    |select_ln42_338_fu_2463_p3  |    select|   0|  0|   2|           1|           1|
    |select_ln42_339_fu_2487_p3  |    select|   0|  0|   2|           1|           1|
    |select_ln42_340_fu_2541_p3  |    select|   0|  0|  17|           1|          15|
    |select_ln42_341_fu_2555_p3  |    select|   0|  0|  16|           1|          16|
    |select_ln42_342_fu_2562_p3  |    select|   0|  0|   2|           1|           1|
    |select_ln42_343_fu_2586_p3  |    select|   0|  0|   2|           1|           1|
    |select_ln42_344_fu_2640_p3  |    select|   0|  0|  17|           1|          15|
    |select_ln42_345_fu_2654_p3  |    select|   0|  0|  16|           1|          16|
    |select_ln42_346_fu_2661_p3  |    select|   0|  0|   2|           1|           1|
    |select_ln42_347_fu_2685_p3  |    select|   0|  0|   2|           1|           1|
    |select_ln42_348_fu_2739_p3  |    select|   0|  0|  17|           1|          15|
    |select_ln42_349_fu_2753_p3  |    select|   0|  0|  16|           1|          16|
    |select_ln42_350_fu_2760_p3  |    select|   0|  0|   2|           1|           1|
    |select_ln42_351_fu_2784_p3  |    select|   0|  0|   2|           1|           1|
    |select_ln42_352_fu_2838_p3  |    select|   0|  0|  17|           1|          15|
    |select_ln42_353_fu_2852_p3  |    select|   0|  0|  16|           1|          16|
    |select_ln42_354_fu_2859_p3  |    select|   0|  0|   2|           1|           1|
    |select_ln42_355_fu_2883_p3  |    select|   0|  0|   2|           1|           1|
    |select_ln42_356_fu_2937_p3  |    select|   0|  0|  17|           1|          15|
    |select_ln42_357_fu_2951_p3  |    select|   0|  0|  16|           1|          16|
    |select_ln42_358_fu_2958_p3  |    select|   0|  0|   2|           1|           1|
    |select_ln42_359_fu_2982_p3  |    select|   0|  0|   2|           1|           1|
    |select_ln42_360_fu_3036_p3  |    select|   0|  0|  17|           1|          15|
    |select_ln42_361_fu_3050_p3  |    select|   0|  0|  16|           1|          16|
    |select_ln42_362_fu_3198_p3  |    select|   0|  0|   2|           1|           1|
    |select_ln42_363_fu_3226_p3  |    select|   0|  0|   2|           1|           1|
    |select_ln42_364_fu_3288_p3  |    select|   0|  0|  17|           1|          15|
    |select_ln42_365_fu_3302_p3  |    select|   0|  0|  16|           1|          16|
    |select_ln42_366_fu_3446_p3  |    select|   0|  0|   2|           1|           1|
    |select_ln42_367_fu_3474_p3  |    select|   0|  0|   2|           1|           1|
    |select_ln42_368_fu_3536_p3  |    select|   0|  0|  17|           1|          15|
    |select_ln42_369_fu_3550_p3  |    select|   0|  0|  16|           1|          16|
    |select_ln42_370_fu_3699_p3  |    select|   0|  0|   2|           1|           1|
    |select_ln42_371_fu_3727_p3  |    select|   0|  0|   2|           1|           1|
    |select_ln42_372_fu_3789_p3  |    select|   0|  0|  17|           1|          15|
    |select_ln42_373_fu_3803_p3  |    select|   0|  0|  16|           1|          16|
    |select_ln42_374_fu_3947_p3  |    select|   0|  0|   2|           1|           1|
    |select_ln42_375_fu_3975_p3  |    select|   0|  0|   2|           1|           1|
    |select_ln42_376_fu_4037_p3  |    select|   0|  0|  17|           1|          15|
    |select_ln42_377_fu_4051_p3  |    select|   0|  0|  16|           1|          16|
    |select_ln42_378_fu_4200_p3  |    select|   0|  0|   2|           1|           1|
    |select_ln42_379_fu_4228_p3  |    select|   0|  0|   2|           1|           1|
    |select_ln42_380_fu_4290_p3  |    select|   0|  0|  17|           1|          15|
    |select_ln42_381_fu_4304_p3  |    select|   0|  0|  16|           1|          16|
    |select_ln42_382_fu_4448_p3  |    select|   0|  0|   2|           1|           1|
    |select_ln42_383_fu_4476_p3  |    select|   0|  0|   2|           1|           1|
    |select_ln42_384_fu_4538_p3  |    select|   0|  0|  17|           1|          15|
    |select_ln42_385_fu_4552_p3  |    select|   0|  0|  16|           1|          16|
    |select_ln42_fu_2265_p3      |    select|   0|  0|   2|           1|           1|
    |select_ln58_211_fu_4646_p3  |    select|   0|  0|  17|           1|          17|
    |select_ln58_212_fu_4654_p3  |    select|   0|  0|  16|           1|          16|
    |select_ln58_213_fu_4740_p3  |    select|   0|  0|  16|           1|          15|
    |select_ln58_214_fu_4748_p3  |    select|   0|  0|  17|           1|          17|
    |select_ln58_215_fu_4756_p3  |    select|   0|  0|  16|           1|          16|
    |select_ln58_216_fu_4842_p3  |    select|   0|  0|  16|           1|          15|
    |select_ln58_217_fu_4850_p3  |    select|   0|  0|  17|           1|          17|
    |select_ln58_218_fu_4858_p3  |    select|   0|  0|  16|           1|          16|
    |select_ln58_219_fu_4944_p3  |    select|   0|  0|  16|           1|          15|
    |select_ln58_220_fu_4952_p3  |    select|   0|  0|  17|           1|          17|
    |select_ln58_221_fu_4960_p3  |    select|   0|  0|  16|           1|          16|
    |select_ln58_222_fu_5076_p3  |    select|   0|  0|  16|           1|          15|
    |select_ln58_223_fu_5083_p3  |    select|   0|  0|  17|           1|          17|
    |select_ln58_224_fu_5090_p3  |    select|   0|  0|  16|           1|          16|
    |select_ln58_225_fu_5134_p3  |    select|   0|  0|  16|           1|          15|
    |select_ln58_226_fu_5141_p3  |    select|   0|  0|  17|           1|          17|
    |select_ln58_227_fu_5148_p3  |    select|   0|  0|  16|           1|          16|
    |select_ln58_228_fu_5232_p3  |    select|   0|  0|  16|           1|          15|
    |select_ln58_229_fu_5240_p3  |    select|   0|  0|  17|           1|          17|
    |select_ln58_230_fu_5248_p3  |    select|   0|  0|  16|           1|          16|
    |select_ln58_231_fu_5332_p3  |    select|   0|  0|  16|           1|          15|
    |select_ln58_232_fu_5340_p3  |    select|   0|  0|  17|           1|          17|
    |select_ln58_233_fu_5348_p3  |    select|   0|  0|  16|           1|          16|
    |select_ln58_234_fu_5432_p3  |    select|   0|  0|  16|           1|          15|
    |select_ln58_235_fu_5440_p3  |    select|   0|  0|  17|           1|          17|
    |select_ln58_236_fu_5448_p3  |    select|   0|  0|  16|           1|          16|
    |select_ln58_237_fu_5532_p3  |    select|   0|  0|  16|           1|          15|
    |select_ln58_238_fu_5540_p3  |    select|   0|  0|  17|           1|          17|
    |select_ln58_239_fu_5548_p3  |    select|   0|  0|  16|           1|          16|
    |select_ln58_240_fu_5632_p3  |    select|   0|  0|  16|           1|          15|
    |select_ln58_241_fu_5640_p3  |    select|   0|  0|  17|           1|          17|
    |select_ln58_242_fu_5648_p3  |    select|   0|  0|  16|           1|          16|
    |select_ln58_243_fu_5732_p3  |    select|   0|  0|  16|           1|          15|
    |select_ln58_244_fu_5740_p3  |    select|   0|  0|  17|           1|          17|
    |select_ln58_245_fu_5748_p3  |    select|   0|  0|  16|           1|          16|
    |select_ln58_fu_4638_p3      |    select|   0|  0|  16|           1|          15|
    |xor_ln42_331_fu_2299_p2     |       xor|   0|  0|   2|           1|           2|
    |xor_ln42_332_fu_2310_p2     |       xor|   0|  0|   2|           1|           2|
    |xor_ln42_333_fu_2332_p2     |       xor|   0|  0|   2|           1|           2|
    |xor_ln42_334_fu_1135_p2     |       xor|   0|  0|   2|           1|           2|
    |xor_ln42_335_fu_2398_p2     |       xor|   0|  0|   2|           1|           2|
    |xor_ln42_336_fu_2409_p2     |       xor|   0|  0|   2|           1|           2|
    |xor_ln42_337_fu_2431_p2     |       xor|   0|  0|   2|           1|           2|
    |xor_ln42_338_fu_1318_p2     |       xor|   0|  0|   2|           1|           2|
    |xor_ln42_339_fu_2497_p2     |       xor|   0|  0|   2|           1|           2|
    |xor_ln42_340_fu_2508_p2     |       xor|   0|  0|   2|           1|           2|
    |xor_ln42_341_fu_2530_p2     |       xor|   0|  0|   2|           1|           2|
    |xor_ln42_342_fu_1455_p2     |       xor|   0|  0|   2|           1|           2|
    |xor_ln42_343_fu_2596_p2     |       xor|   0|  0|   2|           1|           2|
    |xor_ln42_344_fu_2607_p2     |       xor|   0|  0|   2|           1|           2|
    |xor_ln42_345_fu_2629_p2     |       xor|   0|  0|   2|           1|           2|
    |xor_ln42_346_fu_1638_p2     |       xor|   0|  0|   2|           1|           2|
    |xor_ln42_347_fu_2695_p2     |       xor|   0|  0|   2|           1|           2|
    |xor_ln42_348_fu_2706_p2     |       xor|   0|  0|   2|           1|           2|
    |xor_ln42_349_fu_2728_p2     |       xor|   0|  0|   2|           1|           2|
    |xor_ln42_350_fu_1775_p2     |       xor|   0|  0|   2|           1|           2|
    |xor_ln42_351_fu_2794_p2     |       xor|   0|  0|   2|           1|           2|
    |xor_ln42_352_fu_2805_p2     |       xor|   0|  0|   2|           1|           2|
    |xor_ln42_353_fu_2827_p2     |       xor|   0|  0|   2|           1|           2|
    |xor_ln42_354_fu_1958_p2     |       xor|   0|  0|   2|           1|           2|
    |xor_ln42_355_fu_2893_p2     |       xor|   0|  0|   2|           1|           2|
    |xor_ln42_356_fu_2904_p2     |       xor|   0|  0|   2|           1|           2|
    |xor_ln42_357_fu_2926_p2     |       xor|   0|  0|   2|           1|           2|
    |xor_ln42_358_fu_2095_p2     |       xor|   0|  0|   2|           1|           2|
    |xor_ln42_359_fu_2992_p2     |       xor|   0|  0|   2|           1|           2|
    |xor_ln42_360_fu_3003_p2     |       xor|   0|  0|   2|           1|           2|
    |xor_ln42_361_fu_3025_p2     |       xor|   0|  0|   2|           1|           2|
    |xor_ln42_362_fu_3148_p2     |       xor|   0|  0|   2|           1|           2|
    |xor_ln42_363_fu_3240_p2     |       xor|   0|  0|   2|           1|           2|
    |xor_ln42_364_fu_3252_p2     |       xor|   0|  0|   2|           1|           2|
    |xor_ln42_365_fu_3276_p2     |       xor|   0|  0|   2|           1|           2|
    |xor_ln42_366_fu_3396_p2     |       xor|   0|  0|   2|           1|           2|
    |xor_ln42_367_fu_3488_p2     |       xor|   0|  0|   2|           1|           2|
    |xor_ln42_368_fu_3500_p2     |       xor|   0|  0|   2|           1|           2|
    |xor_ln42_369_fu_3524_p2     |       xor|   0|  0|   2|           1|           2|
    |xor_ln42_370_fu_3649_p2     |       xor|   0|  0|   2|           1|           2|
    |xor_ln42_371_fu_3741_p2     |       xor|   0|  0|   2|           1|           2|
    |xor_ln42_372_fu_3753_p2     |       xor|   0|  0|   2|           1|           2|
    |xor_ln42_373_fu_3777_p2     |       xor|   0|  0|   2|           1|           2|
    |xor_ln42_374_fu_3897_p2     |       xor|   0|  0|   2|           1|           2|
    |xor_ln42_375_fu_3989_p2     |       xor|   0|  0|   2|           1|           2|
    |xor_ln42_376_fu_4001_p2     |       xor|   0|  0|   2|           1|           2|
    |xor_ln42_377_fu_4025_p2     |       xor|   0|  0|   2|           1|           2|
    |xor_ln42_378_fu_4150_p2     |       xor|   0|  0|   2|           1|           2|
    |xor_ln42_379_fu_4242_p2     |       xor|   0|  0|   2|           1|           2|
    |xor_ln42_380_fu_4254_p2     |       xor|   0|  0|   2|           1|           2|
    |xor_ln42_381_fu_4278_p2     |       xor|   0|  0|   2|           1|           2|
    |xor_ln42_382_fu_4398_p2     |       xor|   0|  0|   2|           1|           2|
    |xor_ln42_383_fu_4490_p2     |       xor|   0|  0|   2|           1|           2|
    |xor_ln42_384_fu_4502_p2     |       xor|   0|  0|   2|           1|           2|
    |xor_ln42_385_fu_4526_p2     |       xor|   0|  0|   2|           1|           2|
    |xor_ln42_386_fu_2278_p2     |       xor|   0|  0|   2|           1|           2|
    |xor_ln42_387_fu_2377_p2     |       xor|   0|  0|   2|           1|           2|
    |xor_ln42_388_fu_2476_p2     |       xor|   0|  0|   2|           1|           2|
    |xor_ln42_389_fu_2575_p2     |       xor|   0|  0|   2|           1|           2|
    |xor_ln42_390_fu_2674_p2     |       xor|   0|  0|   2|           1|           2|
    |xor_ln42_391_fu_2773_p2     |       xor|   0|  0|   2|           1|           2|
    |xor_ln42_392_fu_2872_p2     |       xor|   0|  0|   2|           1|           2|
    |xor_ln42_393_fu_2971_p2     |       xor|   0|  0|   2|           1|           2|
    |xor_ln42_394_fu_3214_p2     |       xor|   0|  0|   2|           1|           2|
    |xor_ln42_395_fu_3462_p2     |       xor|   0|  0|   2|           1|           2|
    |xor_ln42_396_fu_3715_p2     |       xor|   0|  0|   2|           1|           2|
    |xor_ln42_397_fu_3963_p2     |       xor|   0|  0|   2|           1|           2|
    |xor_ln42_398_fu_4216_p2     |       xor|   0|  0|   2|           1|           2|
    |xor_ln42_399_fu_4464_p2     |       xor|   0|  0|   2|           1|           2|
    |xor_ln42_fu_998_p2          |       xor|   0|  0|   2|           1|           2|
    |xor_ln58_283_fu_4608_p2     |       xor|   0|  0|   2|           1|           2|
    |xor_ln58_284_fu_4620_p2     |       xor|   0|  0|   2|           1|           1|
    |xor_ln58_285_fu_4626_p2     |       xor|   0|  0|   2|           1|           2|
    |xor_ln58_286_fu_4698_p2     |       xor|   0|  0|   2|           1|           2|
    |xor_ln58_287_fu_4710_p2     |       xor|   0|  0|   2|           1|           2|
    |xor_ln58_288_fu_4722_p2     |       xor|   0|  0|   2|           1|           1|
    |xor_ln58_289_fu_4728_p2     |       xor|   0|  0|   2|           1|           2|
    |xor_ln58_290_fu_4800_p2     |       xor|   0|  0|   2|           1|           2|
    |xor_ln58_291_fu_4812_p2     |       xor|   0|  0|   2|           1|           2|
    |xor_ln58_292_fu_4824_p2     |       xor|   0|  0|   2|           1|           1|
    |xor_ln58_293_fu_4830_p2     |       xor|   0|  0|   2|           1|           2|
    |xor_ln58_294_fu_4902_p2     |       xor|   0|  0|   2|           1|           2|
    |xor_ln58_295_fu_4914_p2     |       xor|   0|  0|   2|           1|           2|
    |xor_ln58_296_fu_4926_p2     |       xor|   0|  0|   2|           1|           1|
    |xor_ln58_297_fu_4932_p2     |       xor|   0|  0|   2|           1|           2|
    |xor_ln58_298_fu_5040_p2     |       xor|   0|  0|   2|           1|           2|
    |xor_ln58_299_fu_5050_p2     |       xor|   0|  0|   2|           1|           2|
    |xor_ln58_300_fu_5060_p2     |       xor|   0|  0|   2|           1|           1|
    |xor_ln58_301_fu_5064_p2     |       xor|   0|  0|   2|           1|           2|
    |xor_ln58_302_fu_5098_p2     |       xor|   0|  0|   2|           1|           2|
    |xor_ln58_303_fu_5108_p2     |       xor|   0|  0|   2|           1|           2|
    |xor_ln58_304_fu_5118_p2     |       xor|   0|  0|   2|           1|           1|
    |xor_ln58_305_fu_5122_p2     |       xor|   0|  0|   2|           1|           2|
    |xor_ln58_306_fu_5190_p2     |       xor|   0|  0|   2|           1|           2|
    |xor_ln58_307_fu_5202_p2     |       xor|   0|  0|   2|           1|           2|
    |xor_ln58_308_fu_5214_p2     |       xor|   0|  0|   2|           1|           1|
    |xor_ln58_309_fu_5220_p2     |       xor|   0|  0|   2|           1|           2|
    |xor_ln58_310_fu_5290_p2     |       xor|   0|  0|   2|           1|           2|
    |xor_ln58_311_fu_5302_p2     |       xor|   0|  0|   2|           1|           2|
    |xor_ln58_312_fu_5314_p2     |       xor|   0|  0|   2|           1|           1|
    |xor_ln58_313_fu_5320_p2     |       xor|   0|  0|   2|           1|           2|
    |xor_ln58_314_fu_5390_p2     |       xor|   0|  0|   2|           1|           2|
    |xor_ln58_315_fu_5402_p2     |       xor|   0|  0|   2|           1|           2|
    |xor_ln58_316_fu_5414_p2     |       xor|   0|  0|   2|           1|           1|
    |xor_ln58_317_fu_5420_p2     |       xor|   0|  0|   2|           1|           2|
    |xor_ln58_318_fu_5490_p2     |       xor|   0|  0|   2|           1|           2|
    |xor_ln58_319_fu_5502_p2     |       xor|   0|  0|   2|           1|           2|
    |xor_ln58_320_fu_5514_p2     |       xor|   0|  0|   2|           1|           1|
    |xor_ln58_321_fu_5520_p2     |       xor|   0|  0|   2|           1|           2|
    |xor_ln58_322_fu_5590_p2     |       xor|   0|  0|   2|           1|           2|
    |xor_ln58_323_fu_5602_p2     |       xor|   0|  0|   2|           1|           2|
    |xor_ln58_324_fu_5614_p2     |       xor|   0|  0|   2|           1|           1|
    |xor_ln58_325_fu_5620_p2     |       xor|   0|  0|   2|           1|           2|
    |xor_ln58_326_fu_5690_p2     |       xor|   0|  0|   2|           1|           2|
    |xor_ln58_327_fu_5702_p2     |       xor|   0|  0|   2|           1|           2|
    |xor_ln58_328_fu_5714_p2     |       xor|   0|  0|   2|           1|           1|
    |xor_ln58_329_fu_5720_p2     |       xor|   0|  0|   2|           1|           2|
    |xor_ln58_fu_4596_p2         |       xor|   0|  0|   2|           1|           2|
    +----------------------------+----------+----+---+----+------------+------------+
    |Total                       |          |   0|  0|3336|        1328|        2156|
    +----------------------------+----------+----+---+----+------------+------------+

    * Multiplexer: 
    N/A

    * Register: 
    +------------------------------+----+----+-----+-----------+
    |             Name             | FF | LUT| Bits| Const Bits|
    +------------------------------+----+----+-----+-----------+
    |a_58_reg_6126                 |  16|   0|   16|          0|
    |a_59_reg_6131                 |  16|   0|   16|          0|
    |a_60_reg_6136                 |  16|   0|   16|          0|
    |add_ln42_79_reg_5845          |  16|   0|   16|          0|
    |add_ln42_80_reg_5886          |  16|   0|   16|          0|
    |add_ln42_81_reg_5927          |  16|   0|   16|          0|
    |add_ln42_82_reg_5968          |  16|   0|   16|          0|
    |add_ln42_83_reg_6009          |  16|   0|   16|          0|
    |add_ln42_84_reg_6050          |  16|   0|   16|          0|
    |add_ln42_85_reg_6091          |  16|   0|   16|          0|
    |add_ln42_reg_5804             |  16|   0|   16|          0|
    |add_ln58_165_reg_6177         |  16|   0|   16|          0|
    |add_ln58_166_reg_6197         |  16|   0|   16|          0|
    |and_ln42_583_reg_5815         |   1|   0|    1|          0|
    |and_ln42_590_reg_5856         |   1|   0|    1|          0|
    |and_ln42_597_reg_5897         |   1|   0|    1|          0|
    |and_ln42_604_reg_5938         |   1|   0|    1|          0|
    |and_ln42_611_reg_5979         |   1|   0|    1|          0|
    |and_ln42_618_reg_6020         |   1|   0|    1|          0|
    |and_ln42_625_reg_6061         |   1|   0|    1|          0|
    |and_ln42_632_reg_6102         |   1|   0|    1|          0|
    |data_14_val_int_reg           |  16|   0|   16|          0|
    |data_15_val_int_reg           |  16|   0|   16|          0|
    |data_16_val_int_reg           |  16|   0|   16|          0|
    |data_17_val_int_reg           |  16|   0|   16|          0|
    |data_18_val_int_reg           |  16|   0|   16|          0|
    |data_19_val_int_reg           |  16|   0|   16|          0|
    |data_20_val_int_reg           |  16|   0|   16|          0|
    |data_21_val_int_reg           |  16|   0|   16|          0|
    |data_22_val_int_reg           |  16|   0|   16|          0|
    |data_23_val_int_reg           |  16|   0|   16|          0|
    |data_24_val_int_reg           |  16|   0|   16|          0|
    |data_25_val_int_reg           |  16|   0|   16|          0|
    |data_26_val_int_reg           |  16|   0|   16|          0|
    |data_27_val_int_reg           |  16|   0|   16|          0|
    |icmp_ln42_441_reg_5822        |   1|   0|    1|          0|
    |icmp_ln42_442_reg_5827        |   1|   0|    1|          0|
    |icmp_ln42_443_reg_5834        |   1|   0|    1|          0|
    |icmp_ln42_445_reg_5863        |   1|   0|    1|          0|
    |icmp_ln42_446_reg_5868        |   1|   0|    1|          0|
    |icmp_ln42_447_reg_5875        |   1|   0|    1|          0|
    |icmp_ln42_449_reg_5904        |   1|   0|    1|          0|
    |icmp_ln42_450_reg_5909        |   1|   0|    1|          0|
    |icmp_ln42_451_reg_5916        |   1|   0|    1|          0|
    |icmp_ln42_453_reg_5945        |   1|   0|    1|          0|
    |icmp_ln42_454_reg_5950        |   1|   0|    1|          0|
    |icmp_ln42_455_reg_5957        |   1|   0|    1|          0|
    |icmp_ln42_457_reg_5986        |   1|   0|    1|          0|
    |icmp_ln42_458_reg_5991        |   1|   0|    1|          0|
    |icmp_ln42_459_reg_5998        |   1|   0|    1|          0|
    |icmp_ln42_461_reg_6027        |   1|   0|    1|          0|
    |icmp_ln42_462_reg_6032        |   1|   0|    1|          0|
    |icmp_ln42_463_reg_6039        |   1|   0|    1|          0|
    |icmp_ln42_465_reg_6068        |   1|   0|    1|          0|
    |icmp_ln42_466_reg_6073        |   1|   0|    1|          0|
    |icmp_ln42_467_reg_6080        |   1|   0|    1|          0|
    |icmp_ln42_469_reg_6109        |   1|   0|    1|          0|
    |icmp_ln42_470_reg_6114        |   1|   0|    1|          0|
    |icmp_ln42_471_reg_6121        |   1|   0|    1|          0|
    |idx_int_reg                   |   5|   0|    5|          0|
    |mul_ln73_79_reg_692           |  32|   0|   32|          0|
    |mul_ln73_80_reg_696           |  32|   0|   32|          0|
    |mul_ln73_81_reg_700           |  32|   0|   32|          0|
    |mul_ln73_82_reg_704           |  32|   0|   32|          0|
    |mul_ln73_83_reg_708           |  32|   0|   32|          0|
    |mul_ln73_84_reg_712           |  32|   0|   32|          0|
    |mul_ln73_85_reg_716           |  32|   0|   32|          0|
    |mul_ln73_reg_688              |  32|   0|   32|          0|
    |select_ln42_365_reg_6141      |  16|   0|   16|          0|
    |select_ln42_369_reg_6147      |  16|   0|   16|          0|
    |select_ln42_373_reg_6153      |  16|   0|   16|          0|
    |select_ln42_377_reg_6159      |  16|   0|   16|          0|
    |select_ln42_381_reg_6165      |  16|   0|   16|          0|
    |select_ln42_385_reg_6171      |  16|   0|   16|          0|
    |tmp_2646_reg_5809             |   1|   0|    1|          0|
    |tmp_2648_reg_5839             |   1|   0|    1|          0|
    |tmp_2652_reg_5850             |   1|   0|    1|          0|
    |tmp_2654_reg_5880             |   1|   0|    1|          0|
    |tmp_2658_reg_5891             |   1|   0|    1|          0|
    |tmp_2660_reg_5921             |   1|   0|    1|          0|
    |tmp_2664_reg_5932             |   1|   0|    1|          0|
    |tmp_2666_reg_5962             |   1|   0|    1|          0|
    |tmp_2670_reg_5973             |   1|   0|    1|          0|
    |tmp_2672_reg_6003             |   1|   0|    1|          0|
    |tmp_2676_reg_6014             |   1|   0|    1|          0|
    |tmp_2678_reg_6044             |   1|   0|    1|          0|
    |tmp_2682_reg_6055             |   1|   0|    1|          0|
    |tmp_2684_reg_6085             |   1|   0|    1|          0|
    |tmp_2688_reg_6096             |   1|   0|    1|          0|
    |tmp_2734_reg_6183             |   1|   0|    1|          0|
    |tmp_2735_reg_6190             |   1|   0|    1|          0|
    |tmp_2736_reg_6203             |   1|   0|    1|          0|
    |tmp_2737_reg_6210             |   1|   0|    1|          0|
    |tmp_reg_5798                  |   1|   0|    1|          0|
    |weights_14_val_int_reg        |  16|   0|   16|          0|
    |weights_15_val_int_reg        |  16|   0|   16|          0|
    |weights_16_val_int_reg        |  16|   0|   16|          0|
    |weights_17_val_int_reg        |  16|   0|   16|          0|
    |weights_18_val_int_reg        |  16|   0|   16|          0|
    |weights_19_val_int_reg        |  16|   0|   16|          0|
    |weights_20_val_int_reg        |  16|   0|   16|          0|
    |weights_21_val_int_reg        |  16|   0|   16|          0|
    |weights_22_val_int_reg        |  16|   0|   16|          0|
    |weights_22_val_read_reg_5793  |  16|   0|   16|          0|
    |weights_23_val_int_reg        |  16|   0|   16|          0|
    |weights_23_val_read_reg_5788  |  16|   0|   16|          0|
    |weights_24_val_int_reg        |  16|   0|   16|          0|
    |weights_24_val_read_reg_5783  |  16|   0|   16|          0|
    |weights_25_val_int_reg        |  16|   0|   16|          0|
    |weights_25_val_read_reg_5778  |  16|   0|   16|          0|
    |weights_26_val_int_reg        |  16|   0|   16|          0|
    |weights_26_val_read_reg_5773  |  16|   0|   16|          0|
    |weights_27_val_int_reg        |  16|   0|   16|          0|
    |weights_27_val_read_reg_5768  |  16|   0|   16|          0|
    +------------------------------+----+----+-----+-----------+
    |Total                         |1161|   0| 1161|          0|
    +------------------------------+----+----+-----+-----------+



================================================================
== Interface
================================================================
* Summary: 
+----------------+-----+-----+------------+------------------------------------------------------------------+--------------+
|    RTL Ports   | Dir | Bits|  Protocol  |                           Source Object                          |    C Type    |
+----------------+-----+-----+------------+------------------------------------------------------------------+--------------+
|ap_clk          |   in|    1|  ap_ctrl_hs|  dense_latency<ap_fixed,ap_fixed<16,4,4,0,0>,config3_dense_qk>.13|  return value|
|ap_rst          |   in|    1|  ap_ctrl_hs|  dense_latency<ap_fixed,ap_fixed<16,4,4,0,0>,config3_dense_qk>.13|  return value|
|ap_return_0     |  out|   16|  ap_ctrl_hs|  dense_latency<ap_fixed,ap_fixed<16,4,4,0,0>,config3_dense_qk>.13|  return value|
|ap_return_1     |  out|   16|  ap_ctrl_hs|  dense_latency<ap_fixed,ap_fixed<16,4,4,0,0>,config3_dense_qk>.13|  return value|
|ap_ce           |   in|    1|  ap_ctrl_hs|  dense_latency<ap_fixed,ap_fixed<16,4,4,0,0>,config3_dense_qk>.13|  return value|
|data_14_val     |   in|   16|     ap_none|                                                       data_14_val|        scalar|
|data_15_val     |   in|   16|     ap_none|                                                       data_15_val|        scalar|
|data_16_val     |   in|   16|     ap_none|                                                       data_16_val|        scalar|
|data_17_val     |   in|   16|     ap_none|                                                       data_17_val|        scalar|
|data_18_val     |   in|   16|     ap_none|                                                       data_18_val|        scalar|
|data_19_val     |   in|   16|     ap_none|                                                       data_19_val|        scalar|
|data_20_val     |   in|   16|     ap_none|                                                       data_20_val|        scalar|
|data_21_val     |   in|   16|     ap_none|                                                       data_21_val|        scalar|
|data_22_val     |   in|   16|     ap_none|                                                       data_22_val|        scalar|
|data_23_val     |   in|   16|     ap_none|                                                       data_23_val|        scalar|
|data_24_val     |   in|   16|     ap_none|                                                       data_24_val|        scalar|
|data_25_val     |   in|   16|     ap_none|                                                       data_25_val|        scalar|
|data_26_val     |   in|   16|     ap_none|                                                       data_26_val|        scalar|
|data_27_val     |   in|   16|     ap_none|                                                       data_27_val|        scalar|
|weights_14_val  |   in|   16|     ap_none|                                                    weights_14_val|        scalar|
|weights_15_val  |   in|   16|     ap_none|                                                    weights_15_val|        scalar|
|weights_16_val  |   in|   16|     ap_none|                                                    weights_16_val|        scalar|
|weights_17_val  |   in|   16|     ap_none|                                                    weights_17_val|        scalar|
|weights_18_val  |   in|   16|     ap_none|                                                    weights_18_val|        scalar|
|weights_19_val  |   in|   16|     ap_none|                                                    weights_19_val|        scalar|
|weights_20_val  |   in|   16|     ap_none|                                                    weights_20_val|        scalar|
|weights_21_val  |   in|   16|     ap_none|                                                    weights_21_val|        scalar|
|weights_22_val  |   in|   16|     ap_none|                                                    weights_22_val|        scalar|
|weights_23_val  |   in|   16|     ap_none|                                                    weights_23_val|        scalar|
|weights_24_val  |   in|   16|     ap_none|                                                    weights_24_val|        scalar|
|weights_25_val  |   in|   16|     ap_none|                                                    weights_25_val|        scalar|
|weights_26_val  |   in|   16|     ap_none|                                                    weights_26_val|        scalar|
|weights_27_val  |   in|   16|     ap_none|                                                    weights_27_val|        scalar|
|idx             |   in|    5|     ap_none|                                                               idx|        scalar|
+----------------+-----+-----+------------+------------------------------------------------------------------+--------------+

