

================================================================
== Vitis HLS Report for 'dense_latency_ap_fixed_ap_fixed_16_4_4_0_0_config3_dense_qk_7'
================================================================
* Date:           Tue Jan 28 17:11:57 2025

* Version:        2023.2 (Build 4023990 on Oct 11 2023)
* Project:        myproject_prj
* Solution:       solution1 (Vivado IP Flow Target)
* Product family: virtexuplus
* Target device:  xcvu13p-flga2577-2-e


================================================================
== Performance Estimates
================================================================
+ Timing: 
    * Summary: 
    +--------+---------+----------+------------+
    |  Clock |  Target | Estimated| Uncertainty|
    +--------+---------+----------+------------+
    |ap_clk  |  5.00 ns|  4.299 ns|     0.62 ns|
    +--------+---------+----------+------------+

+ Latency: 
    * Summary: 
    +---------+---------+-----------+-----------+-----+-----+---------+
    |  Latency (cycles) |   Latency (absolute)  |  Interval | Pipeline|
    |   min   |   max   |    min    |    max    | min | max |   Type  |
    +---------+---------+-----------+-----------+-----+-----+---------+
    |        2|        2|  10.000 ns|  10.000 ns|    1|    1|      yes|
    +---------+---------+-----------+-----------+-----+-----+---------+

    + Detail: 
        * Instance: 
        N/A

        * Loop: 
        N/A



================================================================
== Utilization Estimates
================================================================
* Summary: 
+---------------------+---------+-------+---------+---------+------+
|         Name        | BRAM_18K|  DSP  |    FF   |   LUT   | URAM |
+---------------------+---------+-------+---------+---------+------+
|DSP                  |        -|      -|        -|        -|     -|
|Expression           |        -|      -|        0|     3336|     -|
|FIFO                 |        -|      -|        -|        -|     -|
|Instance             |        -|     14|        0|      371|     -|
|Memory               |        -|      -|        -|        -|     -|
|Multiplexer          |        -|      -|        -|        -|     -|
|Register             |        -|      -|     1162|        -|     -|
+---------------------+---------+-------+---------+---------+------+
|Total                |        0|     14|     1162|     3707|     0|
+---------------------+---------+-------+---------+---------+------+
|Available SLR        |     1344|   3072|   864000|   432000|   320|
+---------------------+---------+-------+---------+---------+------+
|Utilization SLR (%)  |        0|     ~0|       ~0|       ~0|     0|
+---------------------+---------+-------+---------+---------+------+
|Available            |     5376|  12288|  3456000|  1728000|  1280|
+---------------------+---------+-------+---------+---------+------+
|Utilization (%)      |        0|     ~0|       ~0|       ~0|     0|
+---------------------+---------+-------+---------+---------+------+

+ Detail: 
    * Instance: 
    +----------------------------+-----------------------+---------+----+---+----+-----+
    |          Instance          |         Module        | BRAM_18K| DSP| FF| LUT| URAM|
    +----------------------------+-----------------------+---------+----+---+----+-----+
    |mul_16s_16s_32_1_0_U734     |mul_16s_16s_32_1_0     |        0|   1|  0|   5|    0|
    |mul_16s_16s_32_1_0_U735     |mul_16s_16s_32_1_0     |        0|   1|  0|   5|    0|
    |mul_16s_16s_32_1_0_U736     |mul_16s_16s_32_1_0     |        0|   1|  0|   5|    0|
    |mul_16s_16s_32_1_0_U737     |mul_16s_16s_32_1_0     |        0|   1|  0|   5|    0|
    |mul_16s_16s_32_1_0_U738     |mul_16s_16s_32_1_0     |        0|   1|  0|   5|    0|
    |mul_16s_16s_32_1_0_U739     |mul_16s_16s_32_1_0     |        0|   1|  0|   5|    0|
    |mul_16s_16s_32_1_0_U740     |mul_16s_16s_32_1_0     |        0|   1|  0|   5|    0|
    |mul_16s_16s_32_1_0_U741     |mul_16s_16s_32_1_0     |        0|   1|  0|   5|    0|
    |mul_16s_16s_32_1_0_U742     |mul_16s_16s_32_1_0     |        0|   1|  0|   5|    0|
    |mul_16s_16s_32_1_0_U743     |mul_16s_16s_32_1_0     |        0|   1|  0|   5|    0|
    |mul_16s_16s_32_1_0_U744     |mul_16s_16s_32_1_0     |        0|   1|  0|   5|    0|
    |mul_16s_16s_32_1_0_U745     |mul_16s_16s_32_1_0     |        0|   1|  0|   5|    0|
    |mul_16s_16s_32_1_0_U746     |mul_16s_16s_32_1_0     |        0|   1|  0|   5|    0|
    |mul_16s_16s_32_1_0_U747     |mul_16s_16s_32_1_0     |        0|   1|  0|   5|    0|
    |sparsemux_17_6_16_1_1_U748  |sparsemux_17_6_16_1_1  |        0|   0|  0|  43|    0|
    |sparsemux_17_6_16_1_1_U749  |sparsemux_17_6_16_1_1  |        0|   0|  0|  43|    0|
    |sparsemux_17_6_16_1_1_U750  |sparsemux_17_6_16_1_1  |        0|   0|  0|  43|    0|
    |sparsemux_17_6_16_1_1_U751  |sparsemux_17_6_16_1_1  |        0|   0|  0|  43|    0|
    |sparsemux_17_6_16_1_1_U752  |sparsemux_17_6_16_1_1  |        0|   0|  0|  43|    0|
    |sparsemux_17_6_16_1_1_U753  |sparsemux_17_6_16_1_1  |        0|   0|  0|  43|    0|
    |sparsemux_17_6_16_1_1_U754  |sparsemux_17_6_16_1_1  |        0|   0|  0|  43|    0|
    +----------------------------+-----------------------+---------+----+---+----+-----+
    |Total                       |                       |        0|  14|  0| 371|    0|
    +----------------------------+-----------------------+---------+----+---+----+-----+

    * DSP: 
    N/A

    * Memory: 
    N/A

    * FIFO: 
    N/A

    * Expression: 
    +----------------------------+----------+----+---+----+------------+------------+
    |        Variable Name       | Operation| DSP| FF| LUT| Bitwidth P0| Bitwidth P1|
    +----------------------------+----------+----+---+----+------------+------------+
    |add_ln42_27_fu_1121_p2      |         +|   0|  0|  23|          16|          16|
    |add_ln42_28_fu_1304_p2      |         +|   0|  0|  23|          16|          16|
    |add_ln42_29_fu_1441_p2      |         +|   0|  0|  23|          16|          16|
    |add_ln42_30_fu_1624_p2      |         +|   0|  0|  23|          16|          16|
    |add_ln42_31_fu_1761_p2      |         +|   0|  0|  23|          16|          16|
    |add_ln42_32_fu_1944_p2      |         +|   0|  0|  23|          16|          16|
    |add_ln42_33_fu_2081_p2      |         +|   0|  0|  23|          16|          16|
    |add_ln42_34_fu_3134_p2      |         +|   0|  0|  23|          16|          16|
    |add_ln42_35_fu_3382_p2      |         +|   0|  0|  23|          16|          16|
    |add_ln42_36_fu_3635_p2      |         +|   0|  0|  23|          16|          16|
    |add_ln42_37_fu_3883_p2      |         +|   0|  0|  23|          16|          16|
    |add_ln42_38_fu_4136_p2      |         +|   0|  0|  23|          16|          16|
    |add_ln42_39_fu_4384_p2      |         +|   0|  0|  23|          16|          16|
    |add_ln42_fu_984_p2          |         +|   0|  0|  23|          16|          16|
    |add_ln58_47_fu_4568_p2      |         +|   0|  0|  23|          16|          16|
    |add_ln58_48_fu_4670_p2      |         +|   0|  0|  23|          16|          16|
    |add_ln58_49_fu_4676_p2      |         +|   0|  0|  24|          17|          17|
    |add_ln58_50_fu_4772_p2      |         +|   0|  0|  23|          16|          16|
    |add_ln58_51_fu_4778_p2      |         +|   0|  0|  24|          17|          17|
    |add_ln58_52_fu_4874_p2      |         +|   0|  0|  23|          16|          16|
    |add_ln58_53_fu_4880_p2      |         +|   0|  0|  24|          17|          17|
    |add_ln58_54_fu_4976_p2      |         +|   0|  0|  23|          16|          16|
    |add_ln58_55_fu_4982_p2      |         +|   0|  0|  24|          17|          17|
    |add_ln58_56_fu_5012_p2      |         +|   0|  0|  23|          16|          16|
    |add_ln58_57_fu_5018_p2      |         +|   0|  0|  24|          17|          17|
    |add_ln58_58_fu_5163_p2      |         +|   0|  0|  23|          16|          16|
    |add_ln58_59_fu_5168_p2      |         +|   0|  0|  24|          17|          17|
    |add_ln58_60_fu_5263_p2      |         +|   0|  0|  23|          16|          16|
    |add_ln58_61_fu_5268_p2      |         +|   0|  0|  24|          17|          17|
    |add_ln58_62_fu_5363_p2      |         +|   0|  0|  23|          16|          16|
    |add_ln58_63_fu_5368_p2      |         +|   0|  0|  24|          17|          17|
    |add_ln58_64_fu_5463_p2      |         +|   0|  0|  23|          16|          16|
    |add_ln58_65_fu_5468_p2      |         +|   0|  0|  24|          17|          17|
    |add_ln58_66_fu_5563_p2      |         +|   0|  0|  23|          16|          16|
    |add_ln58_67_fu_5568_p2      |         +|   0|  0|  24|          17|          17|
    |add_ln58_68_fu_5663_p2      |         +|   0|  0|  23|          16|          16|
    |add_ln58_69_fu_5668_p2      |         +|   0|  0|  24|          17|          17|
    |add_ln58_fu_4574_p2         |         +|   0|  0|  24|          17|          17|
    |and_ln42_195_fu_1004_p2     |       and|   0|  0|   2|           1|           1|
    |and_ln42_196_fu_2284_p2     |       and|   0|  0|   2|           1|           1|
    |and_ln42_197_fu_2295_p2     |       and|   0|  0|   2|           1|           1|
    |and_ln42_198_fu_2315_p2     |       and|   0|  0|   2|           1|           1|
    |and_ln42_199_fu_2321_p2     |       and|   0|  0|   2|           1|           1|
    |and_ln42_200_fu_2338_p2     |       and|   0|  0|   2|           1|           1|
    |and_ln42_201_fu_1111_p2     |       and|   0|  0|   2|           1|           1|
    |and_ln42_202_fu_1141_p2     |       and|   0|  0|   2|           1|           1|
    |and_ln42_203_fu_2383_p2     |       and|   0|  0|   2|           1|           1|
    |and_ln42_204_fu_2394_p2     |       and|   0|  0|   2|           1|           1|
    |and_ln42_205_fu_2414_p2     |       and|   0|  0|   2|           1|           1|
    |and_ln42_206_fu_2420_p2     |       and|   0|  0|   2|           1|           1|
    |and_ln42_207_fu_2437_p2     |       and|   0|  0|   2|           1|           1|
    |and_ln42_208_fu_1294_p2     |       and|   0|  0|   2|           1|           1|
    |and_ln42_209_fu_1324_p2     |       and|   0|  0|   2|           1|           1|
    |and_ln42_210_fu_2482_p2     |       and|   0|  0|   2|           1|           1|
    |and_ln42_211_fu_2493_p2     |       and|   0|  0|   2|           1|           1|
    |and_ln42_212_fu_2513_p2     |       and|   0|  0|   2|           1|           1|
    |and_ln42_213_fu_2519_p2     |       and|   0|  0|   2|           1|           1|
    |and_ln42_214_fu_2536_p2     |       and|   0|  0|   2|           1|           1|
    |and_ln42_215_fu_1431_p2     |       and|   0|  0|   2|           1|           1|
    |and_ln42_216_fu_1461_p2     |       and|   0|  0|   2|           1|           1|
    |and_ln42_217_fu_2581_p2     |       and|   0|  0|   2|           1|           1|
    |and_ln42_218_fu_2592_p2     |       and|   0|  0|   2|           1|           1|
    |and_ln42_219_fu_2612_p2     |       and|   0|  0|   2|           1|           1|
    |and_ln42_220_fu_2618_p2     |       and|   0|  0|   2|           1|           1|
    |and_ln42_221_fu_2635_p2     |       and|   0|  0|   2|           1|           1|
    |and_ln42_222_fu_1614_p2     |       and|   0|  0|   2|           1|           1|
    |and_ln42_223_fu_1644_p2     |       and|   0|  0|   2|           1|           1|
    |and_ln42_224_fu_2680_p2     |       and|   0|  0|   2|           1|           1|
    |and_ln42_225_fu_2691_p2     |       and|   0|  0|   2|           1|           1|
    |and_ln42_226_fu_2711_p2     |       and|   0|  0|   2|           1|           1|
    |and_ln42_227_fu_2717_p2     |       and|   0|  0|   2|           1|           1|
    |and_ln42_228_fu_2734_p2     |       and|   0|  0|   2|           1|           1|
    |and_ln42_229_fu_1751_p2     |       and|   0|  0|   2|           1|           1|
    |and_ln42_230_fu_1781_p2     |       and|   0|  0|   2|           1|           1|
    |and_ln42_231_fu_2779_p2     |       and|   0|  0|   2|           1|           1|
    |and_ln42_232_fu_2790_p2     |       and|   0|  0|   2|           1|           1|
    |and_ln42_233_fu_2810_p2     |       and|   0|  0|   2|           1|           1|
    |and_ln42_234_fu_2816_p2     |       and|   0|  0|   2|           1|           1|
    |and_ln42_235_fu_2833_p2     |       and|   0|  0|   2|           1|           1|
    |and_ln42_236_fu_1934_p2     |       and|   0|  0|   2|           1|           1|
    |and_ln42_237_fu_1964_p2     |       and|   0|  0|   2|           1|           1|
    |and_ln42_238_fu_2878_p2     |       and|   0|  0|   2|           1|           1|
    |and_ln42_239_fu_2889_p2     |       and|   0|  0|   2|           1|           1|
    |and_ln42_240_fu_2909_p2     |       and|   0|  0|   2|           1|           1|
    |and_ln42_241_fu_2915_p2     |       and|   0|  0|   2|           1|           1|
    |and_ln42_242_fu_2932_p2     |       and|   0|  0|   2|           1|           1|
    |and_ln42_243_fu_2071_p2     |       and|   0|  0|   2|           1|           1|
    |and_ln42_244_fu_2101_p2     |       and|   0|  0|   2|           1|           1|
    |and_ln42_245_fu_2977_p2     |       and|   0|  0|   2|           1|           1|
    |and_ln42_246_fu_2988_p2     |       and|   0|  0|   2|           1|           1|
    |and_ln42_247_fu_3008_p2     |       and|   0|  0|   2|           1|           1|
    |and_ln42_248_fu_3014_p2     |       and|   0|  0|   2|           1|           1|
    |and_ln42_249_fu_3031_p2     |       and|   0|  0|   2|           1|           1|
    |and_ln42_250_fu_3124_p2     |       and|   0|  0|   2|           1|           1|
    |and_ln42_251_fu_3154_p2     |       and|   0|  0|   2|           1|           1|
    |and_ln42_252_fu_3220_p2     |       and|   0|  0|   2|           1|           1|
    |and_ln42_253_fu_3234_p2     |       and|   0|  0|   2|           1|           1|
    |and_ln42_254_fu_3258_p2     |       and|   0|  0|   2|           1|           1|
    |and_ln42_255_fu_3264_p2     |       and|   0|  0|   2|           1|           1|
    |and_ln42_256_fu_3282_p2     |       and|   0|  0|   2|           1|           1|
    |and_ln42_257_fu_3372_p2     |       and|   0|  0|   2|           1|           1|
    |and_ln42_258_fu_3402_p2     |       and|   0|  0|   2|           1|           1|
    |and_ln42_259_fu_3468_p2     |       and|   0|  0|   2|           1|           1|
    |and_ln42_260_fu_3482_p2     |       and|   0|  0|   2|           1|           1|
    |and_ln42_261_fu_3506_p2     |       and|   0|  0|   2|           1|           1|
    |and_ln42_262_fu_3512_p2     |       and|   0|  0|   2|           1|           1|
    |and_ln42_263_fu_3530_p2     |       and|   0|  0|   2|           1|           1|
    |and_ln42_264_fu_3625_p2     |       and|   0|  0|   2|           1|           1|
    |and_ln42_265_fu_3655_p2     |       and|   0|  0|   2|           1|           1|
    |and_ln42_266_fu_3721_p2     |       and|   0|  0|   2|           1|           1|
    |and_ln42_267_fu_3735_p2     |       and|   0|  0|   2|           1|           1|
    |and_ln42_268_fu_3759_p2     |       and|   0|  0|   2|           1|           1|
    |and_ln42_269_fu_3765_p2     |       and|   0|  0|   2|           1|           1|
    |and_ln42_270_fu_3783_p2     |       and|   0|  0|   2|           1|           1|
    |and_ln42_271_fu_3873_p2     |       and|   0|  0|   2|           1|           1|
    |and_ln42_272_fu_3903_p2     |       and|   0|  0|   2|           1|           1|
    |and_ln42_273_fu_3969_p2     |       and|   0|  0|   2|           1|           1|
    |and_ln42_274_fu_3983_p2     |       and|   0|  0|   2|           1|           1|
    |and_ln42_275_fu_4007_p2     |       and|   0|  0|   2|           1|           1|
    |and_ln42_276_fu_4013_p2     |       and|   0|  0|   2|           1|           1|
    |and_ln42_277_fu_4031_p2     |       and|   0|  0|   2|           1|           1|
    |and_ln42_278_fu_4126_p2     |       and|   0|  0|   2|           1|           1|
    |and_ln42_279_fu_4156_p2     |       and|   0|  0|   2|           1|           1|
    |and_ln42_280_fu_4222_p2     |       and|   0|  0|   2|           1|           1|
    |and_ln42_281_fu_4236_p2     |       and|   0|  0|   2|           1|           1|
    |and_ln42_282_fu_4260_p2     |       and|   0|  0|   2|           1|           1|
    |and_ln42_283_fu_4266_p2     |       and|   0|  0|   2|           1|           1|
    |and_ln42_284_fu_4284_p2     |       and|   0|  0|   2|           1|           1|
    |and_ln42_285_fu_4374_p2     |       and|   0|  0|   2|           1|           1|
    |and_ln42_286_fu_4404_p2     |       and|   0|  0|   2|           1|           1|
    |and_ln42_287_fu_4470_p2     |       and|   0|  0|   2|           1|           1|
    |and_ln42_288_fu_4484_p2     |       and|   0|  0|   2|           1|           1|
    |and_ln42_289_fu_4508_p2     |       and|   0|  0|   2|           1|           1|
    |and_ln42_290_fu_4514_p2     |       and|   0|  0|   2|           1|           1|
    |and_ln42_291_fu_4532_p2     |       and|   0|  0|   2|           1|           1|
    |and_ln42_fu_974_p2          |       and|   0|  0|   2|           1|           1|
    |and_ln58_47_fu_4614_p2      |       and|   0|  0|   2|           1|           1|
    |and_ln58_48_fu_4704_p2      |       and|   0|  0|   2|           1|           1|
    |and_ln58_49_fu_4716_p2      |       and|   0|  0|   2|           1|           1|
    |and_ln58_50_fu_4806_p2      |       and|   0|  0|   2|           1|           1|
    |and_ln58_51_fu_4818_p2      |       and|   0|  0|   2|           1|           1|
    |and_ln58_52_fu_4908_p2      |       and|   0|  0|   2|           1|           1|
    |and_ln58_53_fu_4920_p2      |       and|   0|  0|   2|           1|           1|
    |and_ln58_54_fu_5045_p2      |       and|   0|  0|   2|           1|           1|
    |and_ln58_55_fu_5055_p2      |       and|   0|  0|   2|           1|           1|
    |and_ln58_56_fu_5103_p2      |       and|   0|  0|   2|           1|           1|
    |and_ln58_57_fu_5113_p2      |       and|   0|  0|   2|           1|           1|
    |and_ln58_58_fu_5196_p2      |       and|   0|  0|   2|           1|           1|
    |and_ln58_59_fu_5208_p2      |       and|   0|  0|   2|           1|           1|
    |and_ln58_60_fu_5296_p2      |       and|   0|  0|   2|           1|           1|
    |and_ln58_61_fu_5308_p2      |       and|   0|  0|   2|           1|           1|
    |and_ln58_62_fu_5396_p2      |       and|   0|  0|   2|           1|           1|
    |and_ln58_63_fu_5408_p2      |       and|   0|  0|   2|           1|           1|
    |and_ln58_64_fu_5496_p2      |       and|   0|  0|   2|           1|           1|
    |and_ln58_65_fu_5508_p2      |       and|   0|  0|   2|           1|           1|
    |and_ln58_66_fu_5596_p2      |       and|   0|  0|   2|           1|           1|
    |and_ln58_67_fu_5608_p2      |       and|   0|  0|   2|           1|           1|
    |and_ln58_68_fu_5696_p2      |       and|   0|  0|   2|           1|           1|
    |and_ln58_69_fu_5708_p2      |       and|   0|  0|   2|           1|           1|
    |and_ln58_fu_4602_p2         |       and|   0|  0|   2|           1|           1|
    |icmp_ln42_111_fu_1020_p2    |      icmp|   0|  0|  10|           3|           2|
    |icmp_ln42_112_fu_1036_p2    |      icmp|   0|  0|  12|           4|           2|
    |icmp_ln42_113_fu_1042_p2    |      icmp|   0|  0|  12|           4|           1|
    |icmp_ln42_114_fu_1091_p2    |      icmp|   0|  0|  18|          11|           1|
    |icmp_ln42_115_fu_1157_p2    |      icmp|   0|  0|  10|           3|           2|
    |icmp_ln42_116_fu_1173_p2    |      icmp|   0|  0|  12|           4|           2|
    |icmp_ln42_117_fu_1179_p2    |      icmp|   0|  0|  12|           4|           1|
    |icmp_ln42_118_fu_1274_p2    |      icmp|   0|  0|  18|          11|           1|
    |icmp_ln42_119_fu_1340_p2    |      icmp|   0|  0|  10|           3|           2|
    |icmp_ln42_120_fu_1356_p2    |      icmp|   0|  0|  12|           4|           2|
    |icmp_ln42_121_fu_1362_p2    |      icmp|   0|  0|  12|           4|           1|
    |icmp_ln42_122_fu_1411_p2    |      icmp|   0|  0|  18|          11|           1|
    |icmp_ln42_123_fu_1477_p2    |      icmp|   0|  0|  10|           3|           2|
    |icmp_ln42_124_fu_1493_p2    |      icmp|   0|  0|  12|           4|           2|
    |icmp_ln42_125_fu_1499_p2    |      icmp|   0|  0|  12|           4|           1|
    |icmp_ln42_126_fu_1594_p2    |      icmp|   0|  0|  18|          11|           1|
    |icmp_ln42_127_fu_1660_p2    |      icmp|   0|  0|  10|           3|           2|
    |icmp_ln42_128_fu_1676_p2    |      icmp|   0|  0|  12|           4|           2|
    |icmp_ln42_129_fu_1682_p2    |      icmp|   0|  0|  12|           4|           1|
    |icmp_ln42_130_fu_1731_p2    |      icmp|   0|  0|  18|          11|           1|
    |icmp_ln42_131_fu_1797_p2    |      icmp|   0|  0|  10|           3|           2|
    |icmp_ln42_132_fu_1813_p2    |      icmp|   0|  0|  12|           4|           2|
    |icmp_ln42_133_fu_1819_p2    |      icmp|   0|  0|  12|           4|           1|
    |icmp_ln42_134_fu_1914_p2    |      icmp|   0|  0|  18|          11|           1|
    |icmp_ln42_135_fu_1980_p2    |      icmp|   0|  0|  10|           3|           2|
    |icmp_ln42_136_fu_1996_p2    |      icmp|   0|  0|  12|           4|           2|
    |icmp_ln42_137_fu_2002_p2    |      icmp|   0|  0|  12|           4|           1|
    |icmp_ln42_138_fu_2051_p2    |      icmp|   0|  0|  18|          11|           1|
    |icmp_ln42_139_fu_2117_p2    |      icmp|   0|  0|  10|           3|           2|
    |icmp_ln42_140_fu_2133_p2    |      icmp|   0|  0|  12|           4|           2|
    |icmp_ln42_141_fu_2139_p2    |      icmp|   0|  0|  12|           4|           1|
    |icmp_ln42_142_fu_3104_p2    |      icmp|   0|  0|  18|          11|           1|
    |icmp_ln42_143_fu_3170_p2    |      icmp|   0|  0|  10|           3|           2|
    |icmp_ln42_144_fu_3186_p2    |      icmp|   0|  0|  12|           4|           2|
    |icmp_ln42_145_fu_3192_p2    |      icmp|   0|  0|  12|           4|           1|
    |icmp_ln42_146_fu_3352_p2    |      icmp|   0|  0|  18|          11|           1|
    |icmp_ln42_147_fu_3418_p2    |      icmp|   0|  0|  10|           3|           2|
    |icmp_ln42_148_fu_3434_p2    |      icmp|   0|  0|  12|           4|           2|
    |icmp_ln42_149_fu_3440_p2    |      icmp|   0|  0|  12|           4|           1|
    |icmp_ln42_150_fu_3605_p2    |      icmp|   0|  0|  18|          11|           1|
    |icmp_ln42_151_fu_3671_p2    |      icmp|   0|  0|  10|           3|           2|
    |icmp_ln42_152_fu_3687_p2    |      icmp|   0|  0|  12|           4|           2|
    |icmp_ln42_153_fu_3693_p2    |      icmp|   0|  0|  12|           4|           1|
    |icmp_ln42_154_fu_3853_p2    |      icmp|   0|  0|  18|          11|           1|
    |icmp_ln42_155_fu_3919_p2    |      icmp|   0|  0|  10|           3|           2|
    |icmp_ln42_156_fu_3935_p2    |      icmp|   0|  0|  12|           4|           2|
    |icmp_ln42_157_fu_3941_p2    |      icmp|   0|  0|  12|           4|           1|
    |icmp_ln42_158_fu_4106_p2    |      icmp|   0|  0|  18|          11|           1|
    |icmp_ln42_159_fu_4172_p2    |      icmp|   0|  0|  10|           3|           2|
    |icmp_ln42_160_fu_4188_p2    |      icmp|   0|  0|  12|           4|           2|
    |icmp_ln42_161_fu_4194_p2    |      icmp|   0|  0|  12|           4|           1|
    |icmp_ln42_162_fu_4354_p2    |      icmp|   0|  0|  18|          11|           1|
    |icmp_ln42_163_fu_4420_p2    |      icmp|   0|  0|  10|           3|           2|
    |icmp_ln42_164_fu_4436_p2    |      icmp|   0|  0|  12|           4|           2|
    |icmp_ln42_165_fu_4442_p2    |      icmp|   0|  0|  12|           4|           1|
    |icmp_ln42_fu_954_p2         |      icmp|   0|  0|  18|          11|           1|
    |or_ln42_111_fu_2305_p2      |        or|   0|  0|   2|           1|           1|
    |or_ln42_112_fu_2326_p2      |        or|   0|  0|   2|           1|           1|
    |or_ln42_113_fu_2351_p2      |        or|   0|  0|   2|           1|           1|
    |or_ln42_114_fu_1105_p2      |        or|   0|  0|   2|           1|           1|
    |or_ln42_115_fu_2404_p2      |        or|   0|  0|   2|           1|           1|
    |or_ln42_116_fu_2425_p2      |        or|   0|  0|   2|           1|           1|
    |or_ln42_117_fu_2450_p2      |        or|   0|  0|   2|           1|           1|
    |or_ln42_118_fu_1288_p2      |        or|   0|  0|   2|           1|           1|
    |or_ln42_119_fu_2503_p2      |        or|   0|  0|   2|           1|           1|
    |or_ln42_120_fu_2524_p2      |        or|   0|  0|   2|           1|           1|
    |or_ln42_121_fu_2549_p2      |        or|   0|  0|   2|           1|           1|
    |or_ln42_122_fu_1425_p2      |        or|   0|  0|   2|           1|           1|
    |or_ln42_123_fu_2602_p2      |        or|   0|  0|   2|           1|           1|
    |or_ln42_124_fu_2623_p2      |        or|   0|  0|   2|           1|           1|
    |or_ln42_125_fu_2648_p2      |        or|   0|  0|   2|           1|           1|
    |or_ln42_126_fu_1608_p2      |        or|   0|  0|   2|           1|           1|
    |or_ln42_127_fu_2701_p2      |        or|   0|  0|   2|           1|           1|
    |or_ln42_128_fu_2722_p2      |        or|   0|  0|   2|           1|           1|
    |or_ln42_129_fu_2747_p2      |        or|   0|  0|   2|           1|           1|
    |or_ln42_130_fu_1745_p2      |        or|   0|  0|   2|           1|           1|
    |or_ln42_131_fu_2800_p2      |        or|   0|  0|   2|           1|           1|
    |or_ln42_132_fu_2821_p2      |        or|   0|  0|   2|           1|           1|
    |or_ln42_133_fu_2846_p2      |        or|   0|  0|   2|           1|           1|
    |or_ln42_134_fu_1928_p2      |        or|   0|  0|   2|           1|           1|
    |or_ln42_135_fu_2899_p2      |        or|   0|  0|   2|           1|           1|
    |or_ln42_136_fu_2920_p2      |        or|   0|  0|   2|           1|           1|
    |or_ln42_137_fu_2945_p2      |        or|   0|  0|   2|           1|           1|
    |or_ln42_138_fu_2065_p2      |        or|   0|  0|   2|           1|           1|
    |or_ln42_139_fu_2998_p2      |        or|   0|  0|   2|           1|           1|
    |or_ln42_140_fu_3019_p2      |        or|   0|  0|   2|           1|           1|
    |or_ln42_141_fu_3044_p2      |        or|   0|  0|   2|           1|           1|
    |or_ln42_142_fu_3118_p2      |        or|   0|  0|   2|           1|           1|
    |or_ln42_143_fu_3246_p2      |        or|   0|  0|   2|           1|           1|
    |or_ln42_144_fu_3270_p2      |        or|   0|  0|   2|           1|           1|
    |or_ln42_145_fu_3296_p2      |        or|   0|  0|   2|           1|           1|
    |or_ln42_146_fu_3366_p2      |        or|   0|  0|   2|           1|           1|
    |or_ln42_147_fu_3494_p2      |        or|   0|  0|   2|           1|           1|
    |or_ln42_148_fu_3518_p2      |        or|   0|  0|   2|           1|           1|
    |or_ln42_149_fu_3544_p2      |        or|   0|  0|   2|           1|           1|
    |or_ln42_150_fu_3619_p2      |        or|   0|  0|   2|           1|           1|
    |or_ln42_151_fu_3747_p2      |        or|   0|  0|   2|           1|           1|
    |or_ln42_152_fu_3771_p2      |        or|   0|  0|   2|           1|           1|
    |or_ln42_153_fu_3797_p2      |        or|   0|  0|   2|           1|           1|
    |or_ln42_154_fu_3867_p2      |        or|   0|  0|   2|           1|           1|
    |or_ln42_155_fu_3995_p2      |        or|   0|  0|   2|           1|           1|
    |or_ln42_156_fu_4019_p2      |        or|   0|  0|   2|           1|           1|
    |or_ln42_157_fu_4045_p2      |        or|   0|  0|   2|           1|           1|
    |or_ln42_158_fu_4120_p2      |        or|   0|  0|   2|           1|           1|
    |or_ln42_159_fu_4248_p2      |        or|   0|  0|   2|           1|           1|
    |or_ln42_160_fu_4272_p2      |        or|   0|  0|   2|           1|           1|
    |or_ln42_161_fu_4298_p2      |        or|   0|  0|   2|           1|           1|
    |or_ln42_162_fu_4368_p2      |        or|   0|  0|   2|           1|           1|
    |or_ln42_163_fu_4496_p2      |        or|   0|  0|   2|           1|           1|
    |or_ln42_164_fu_4520_p2      |        or|   0|  0|   2|           1|           1|
    |or_ln42_165_fu_4546_p2      |        or|   0|  0|   2|           1|           1|
    |or_ln42_fu_968_p2           |        or|   0|  0|   2|           1|           1|
    |or_ln58_23_fu_4734_p2       |        or|   0|  0|   2|           1|           1|
    |or_ln58_24_fu_4836_p2       |        or|   0|  0|   2|           1|           1|
    |or_ln58_25_fu_4938_p2       |        or|   0|  0|   2|           1|           1|
    |or_ln58_26_fu_5070_p2       |        or|   0|  0|   2|           1|           1|
    |or_ln58_27_fu_5128_p2       |        or|   0|  0|   2|           1|           1|
    |or_ln58_28_fu_5226_p2       |        or|   0|  0|   2|           1|           1|
    |or_ln58_29_fu_5326_p2       |        or|   0|  0|   2|           1|           1|
    |or_ln58_30_fu_5426_p2       |        or|   0|  0|   2|           1|           1|
    |or_ln58_31_fu_5526_p2       |        or|   0|  0|   2|           1|           1|
    |or_ln58_32_fu_5626_p2       |        or|   0|  0|   2|           1|           1|
    |or_ln58_33_fu_5726_p2       |        or|   0|  0|   2|           1|           1|
    |or_ln58_fu_4632_p2          |        or|   0|  0|   2|           1|           1|
    |select_ln42_111_fu_2289_p3  |    select|   0|  0|   2|           1|           1|
    |select_ln42_112_fu_2343_p3  |    select|   0|  0|  17|           1|          15|
    |select_ln42_113_fu_2357_p3  |    select|   0|  0|  16|           1|          16|
    |select_ln42_114_fu_2364_p3  |    select|   0|  0|   2|           1|           1|
    |select_ln42_115_fu_2388_p3  |    select|   0|  0|   2|           1|           1|
    |select_ln42_116_fu_2442_p3  |    select|   0|  0|  17|           1|          15|
    |select_ln42_117_fu_2456_p3  |    select|   0|  0|  16|           1|          16|
    |select_ln42_118_fu_2463_p3  |    select|   0|  0|   2|           1|           1|
    |select_ln42_119_fu_2487_p3  |    select|   0|  0|   2|           1|           1|
    |select_ln42_120_fu_2541_p3  |    select|   0|  0|  17|           1|          15|
    |select_ln42_121_fu_2555_p3  |    select|   0|  0|  16|           1|          16|
    |select_ln42_122_fu_2562_p3  |    select|   0|  0|   2|           1|           1|
    |select_ln42_123_fu_2586_p3  |    select|   0|  0|   2|           1|           1|
    |select_ln42_124_fu_2640_p3  |    select|   0|  0|  17|           1|          15|
    |select_ln42_125_fu_2654_p3  |    select|   0|  0|  16|           1|          16|
    |select_ln42_126_fu_2661_p3  |    select|   0|  0|   2|           1|           1|
    |select_ln42_127_fu_2685_p3  |    select|   0|  0|   2|           1|           1|
    |select_ln42_128_fu_2739_p3  |    select|   0|  0|  17|           1|          15|
    |select_ln42_129_fu_2753_p3  |    select|   0|  0|  16|           1|          16|
    |select_ln42_130_fu_2760_p3  |    select|   0|  0|   2|           1|           1|
    |select_ln42_131_fu_2784_p3  |    select|   0|  0|   2|           1|           1|
    |select_ln42_132_fu_2838_p3  |    select|   0|  0|  17|           1|          15|
    |select_ln42_133_fu_2852_p3  |    select|   0|  0|  16|           1|          16|
    |select_ln42_134_fu_2859_p3  |    select|   0|  0|   2|           1|           1|
    |select_ln42_135_fu_2883_p3  |    select|   0|  0|   2|           1|           1|
    |select_ln42_136_fu_2937_p3  |    select|   0|  0|  17|           1|          15|
    |select_ln42_137_fu_2951_p3  |    select|   0|  0|  16|           1|          16|
    |select_ln42_138_fu_2958_p3  |    select|   0|  0|   2|           1|           1|
    |select_ln42_139_fu_2982_p3  |    select|   0|  0|   2|           1|           1|
    |select_ln42_140_fu_3036_p3  |    select|   0|  0|  17|           1|          15|
    |select_ln42_141_fu_3050_p3  |    select|   0|  0|  16|           1|          16|
    |select_ln42_142_fu_3198_p3  |    select|   0|  0|   2|           1|           1|
    |select_ln42_143_fu_3226_p3  |    select|   0|  0|   2|           1|           1|
    |select_ln42_144_fu_3288_p3  |    select|   0|  0|  17|           1|          15|
    |select_ln42_145_fu_3302_p3  |    select|   0|  0|  16|           1|          16|
    |select_ln42_146_fu_3446_p3  |    select|   0|  0|   2|           1|           1|
    |select_ln42_147_fu_3474_p3  |    select|   0|  0|   2|           1|           1|
    |select_ln42_148_fu_3536_p3  |    select|   0|  0|  17|           1|          15|
    |select_ln42_149_fu_3550_p3  |    select|   0|  0|  16|           1|          16|
    |select_ln42_150_fu_3699_p3  |    select|   0|  0|   2|           1|           1|
    |select_ln42_151_fu_3727_p3  |    select|   0|  0|   2|           1|           1|
    |select_ln42_152_fu_3789_p3  |    select|   0|  0|  17|           1|          15|
    |select_ln42_153_fu_3803_p3  |    select|   0|  0|  16|           1|          16|
    |select_ln42_154_fu_3947_p3  |    select|   0|  0|   2|           1|           1|
    |select_ln42_155_fu_3975_p3  |    select|   0|  0|   2|           1|           1|
    |select_ln42_156_fu_4037_p3  |    select|   0|  0|  17|           1|          15|
    |select_ln42_157_fu_4051_p3  |    select|   0|  0|  16|           1|          16|
    |select_ln42_158_fu_4200_p3  |    select|   0|  0|   2|           1|           1|
    |select_ln42_159_fu_4228_p3  |    select|   0|  0|   2|           1|           1|
    |select_ln42_160_fu_4290_p3  |    select|   0|  0|  17|           1|          15|
    |select_ln42_161_fu_4304_p3  |    select|   0|  0|  16|           1|          16|
    |select_ln42_162_fu_4448_p3  |    select|   0|  0|   2|           1|           1|
    |select_ln42_163_fu_4476_p3  |    select|   0|  0|   2|           1|           1|
    |select_ln42_164_fu_4538_p3  |    select|   0|  0|  17|           1|          15|
    |select_ln42_165_fu_4552_p3  |    select|   0|  0|  16|           1|          16|
    |select_ln42_fu_2265_p3      |    select|   0|  0|   2|           1|           1|
    |select_ln58_100_fu_5632_p3  |    select|   0|  0|  16|           1|          15|
    |select_ln58_101_fu_5640_p3  |    select|   0|  0|  17|           1|          17|
    |select_ln58_102_fu_5648_p3  |    select|   0|  0|  16|           1|          16|
    |select_ln58_103_fu_5732_p3  |    select|   0|  0|  16|           1|          15|
    |select_ln58_104_fu_5740_p3  |    select|   0|  0|  17|           1|          17|
    |select_ln58_105_fu_5748_p3  |    select|   0|  0|  16|           1|          16|
    |select_ln58_71_fu_4646_p3   |    select|   0|  0|  17|           1|          17|
    |select_ln58_72_fu_4654_p3   |    select|   0|  0|  16|           1|          16|
    |select_ln58_73_fu_4740_p3   |    select|   0|  0|  16|           1|          15|
    |select_ln58_74_fu_4748_p3   |    select|   0|  0|  17|           1|          17|
    |select_ln58_75_fu_4756_p3   |    select|   0|  0|  16|           1|          16|
    |select_ln58_76_fu_4842_p3   |    select|   0|  0|  16|           1|          15|
    |select_ln58_77_fu_4850_p3   |    select|   0|  0|  17|           1|          17|
    |select_ln58_78_fu_4858_p3   |    select|   0|  0|  16|           1|          16|
    |select_ln58_79_fu_4944_p3   |    select|   0|  0|  16|           1|          15|
    |select_ln58_80_fu_4952_p3   |    select|   0|  0|  17|           1|          17|
    |select_ln58_81_fu_4960_p3   |    select|   0|  0|  16|           1|          16|
    |select_ln58_82_fu_5076_p3   |    select|   0|  0|  16|           1|          15|
    |select_ln58_83_fu_5083_p3   |    select|   0|  0|  17|           1|          17|
    |select_ln58_84_fu_5090_p3   |    select|   0|  0|  16|           1|          16|
    |select_ln58_85_fu_5134_p3   |    select|   0|  0|  16|           1|          15|
    |select_ln58_86_fu_5141_p3   |    select|   0|  0|  17|           1|          17|
    |select_ln58_87_fu_5148_p3   |    select|   0|  0|  16|           1|          16|
    |select_ln58_88_fu_5232_p3   |    select|   0|  0|  16|           1|          15|
    |select_ln58_89_fu_5240_p3   |    select|   0|  0|  17|           1|          17|
    |select_ln58_90_fu_5248_p3   |    select|   0|  0|  16|           1|          16|
    |select_ln58_91_fu_5332_p3   |    select|   0|  0|  16|           1|          15|
    |select_ln58_92_fu_5340_p3   |    select|   0|  0|  17|           1|          17|
    |select_ln58_93_fu_5348_p3   |    select|   0|  0|  16|           1|          16|
    |select_ln58_94_fu_5432_p3   |    select|   0|  0|  16|           1|          15|
    |select_ln58_95_fu_5440_p3   |    select|   0|  0|  17|           1|          17|
    |select_ln58_96_fu_5448_p3   |    select|   0|  0|  16|           1|          16|
    |select_ln58_97_fu_5532_p3   |    select|   0|  0|  16|           1|          15|
    |select_ln58_98_fu_5540_p3   |    select|   0|  0|  17|           1|          17|
    |select_ln58_99_fu_5548_p3   |    select|   0|  0|  16|           1|          16|
    |select_ln58_fu_4638_p3      |    select|   0|  0|  16|           1|          15|
    |xor_ln42_111_fu_2299_p2     |       xor|   0|  0|   2|           1|           2|
    |xor_ln42_112_fu_2310_p2     |       xor|   0|  0|   2|           1|           2|
    |xor_ln42_113_fu_2332_p2     |       xor|   0|  0|   2|           1|           2|
    |xor_ln42_114_fu_1135_p2     |       xor|   0|  0|   2|           1|           2|
    |xor_ln42_115_fu_2398_p2     |       xor|   0|  0|   2|           1|           2|
    |xor_ln42_116_fu_2409_p2     |       xor|   0|  0|   2|           1|           2|
    |xor_ln42_117_fu_2431_p2     |       xor|   0|  0|   2|           1|           2|
    |xor_ln42_118_fu_1318_p2     |       xor|   0|  0|   2|           1|           2|
    |xor_ln42_119_fu_2497_p2     |       xor|   0|  0|   2|           1|           2|
    |xor_ln42_120_fu_2508_p2     |       xor|   0|  0|   2|           1|           2|
    |xor_ln42_121_fu_2530_p2     |       xor|   0|  0|   2|           1|           2|
    |xor_ln42_122_fu_1455_p2     |       xor|   0|  0|   2|           1|           2|
    |xor_ln42_123_fu_2596_p2     |       xor|   0|  0|   2|           1|           2|
    |xor_ln42_124_fu_2607_p2     |       xor|   0|  0|   2|           1|           2|
    |xor_ln42_125_fu_2629_p2     |       xor|   0|  0|   2|           1|           2|
    |xor_ln42_126_fu_1638_p2     |       xor|   0|  0|   2|           1|           2|
    |xor_ln42_127_fu_2695_p2     |       xor|   0|  0|   2|           1|           2|
    |xor_ln42_128_fu_2706_p2     |       xor|   0|  0|   2|           1|           2|
    |xor_ln42_129_fu_2728_p2     |       xor|   0|  0|   2|           1|           2|
    |xor_ln42_130_fu_1775_p2     |       xor|   0|  0|   2|           1|           2|
    |xor_ln42_131_fu_2794_p2     |       xor|   0|  0|   2|           1|           2|
    |xor_ln42_132_fu_2805_p2     |       xor|   0|  0|   2|           1|           2|
    |xor_ln42_133_fu_2827_p2     |       xor|   0|  0|   2|           1|           2|
    |xor_ln42_134_fu_1958_p2     |       xor|   0|  0|   2|           1|           2|
    |xor_ln42_135_fu_2893_p2     |       xor|   0|  0|   2|           1|           2|
    |xor_ln42_136_fu_2904_p2     |       xor|   0|  0|   2|           1|           2|
    |xor_ln42_137_fu_2926_p2     |       xor|   0|  0|   2|           1|           2|
    |xor_ln42_138_fu_2095_p2     |       xor|   0|  0|   2|           1|           2|
    |xor_ln42_139_fu_2992_p2     |       xor|   0|  0|   2|           1|           2|
    |xor_ln42_140_fu_3003_p2     |       xor|   0|  0|   2|           1|           2|
    |xor_ln42_141_fu_3025_p2     |       xor|   0|  0|   2|           1|           2|
    |xor_ln42_142_fu_3148_p2     |       xor|   0|  0|   2|           1|           2|
    |xor_ln42_143_fu_3240_p2     |       xor|   0|  0|   2|           1|           2|
    |xor_ln42_144_fu_3252_p2     |       xor|   0|  0|   2|           1|           2|
    |xor_ln42_145_fu_3276_p2     |       xor|   0|  0|   2|           1|           2|
    |xor_ln42_146_fu_3396_p2     |       xor|   0|  0|   2|           1|           2|
    |xor_ln42_147_fu_3488_p2     |       xor|   0|  0|   2|           1|           2|
    |xor_ln42_148_fu_3500_p2     |       xor|   0|  0|   2|           1|           2|
    |xor_ln42_149_fu_3524_p2     |       xor|   0|  0|   2|           1|           2|
    |xor_ln42_150_fu_3649_p2     |       xor|   0|  0|   2|           1|           2|
    |xor_ln42_151_fu_3741_p2     |       xor|   0|  0|   2|           1|           2|
    |xor_ln42_152_fu_3753_p2     |       xor|   0|  0|   2|           1|           2|
    |xor_ln42_153_fu_3777_p2     |       xor|   0|  0|   2|           1|           2|
    |xor_ln42_154_fu_3897_p2     |       xor|   0|  0|   2|           1|           2|
    |xor_ln42_155_fu_3989_p2     |       xor|   0|  0|   2|           1|           2|
    |xor_ln42_156_fu_4001_p2     |       xor|   0|  0|   2|           1|           2|
    |xor_ln42_157_fu_4025_p2     |       xor|   0|  0|   2|           1|           2|
    |xor_ln42_158_fu_4150_p2     |       xor|   0|  0|   2|           1|           2|
    |xor_ln42_159_fu_4242_p2     |       xor|   0|  0|   2|           1|           2|
    |xor_ln42_160_fu_4254_p2     |       xor|   0|  0|   2|           1|           2|
    |xor_ln42_161_fu_4278_p2     |       xor|   0|  0|   2|           1|           2|
    |xor_ln42_162_fu_4398_p2     |       xor|   0|  0|   2|           1|           2|
    |xor_ln42_163_fu_4490_p2     |       xor|   0|  0|   2|           1|           2|
    |xor_ln42_164_fu_4502_p2     |       xor|   0|  0|   2|           1|           2|
    |xor_ln42_165_fu_4526_p2     |       xor|   0|  0|   2|           1|           2|
    |xor_ln42_166_fu_2278_p2     |       xor|   0|  0|   2|           1|           2|
    |xor_ln42_167_fu_2377_p2     |       xor|   0|  0|   2|           1|           2|
    |xor_ln42_168_fu_2476_p2     |       xor|   0|  0|   2|           1|           2|
    |xor_ln42_169_fu_2575_p2     |       xor|   0|  0|   2|           1|           2|
    |xor_ln42_170_fu_2674_p2     |       xor|   0|  0|   2|           1|           2|
    |xor_ln42_171_fu_2773_p2     |       xor|   0|  0|   2|           1|           2|
    |xor_ln42_172_fu_2872_p2     |       xor|   0|  0|   2|           1|           2|
    |xor_ln42_173_fu_2971_p2     |       xor|   0|  0|   2|           1|           2|
    |xor_ln42_174_fu_3214_p2     |       xor|   0|  0|   2|           1|           2|
    |xor_ln42_175_fu_3462_p2     |       xor|   0|  0|   2|           1|           2|
    |xor_ln42_176_fu_3715_p2     |       xor|   0|  0|   2|           1|           2|
    |xor_ln42_177_fu_3963_p2     |       xor|   0|  0|   2|           1|           2|
    |xor_ln42_178_fu_4216_p2     |       xor|   0|  0|   2|           1|           2|
    |xor_ln42_179_fu_4464_p2     |       xor|   0|  0|   2|           1|           2|
    |xor_ln42_fu_998_p2          |       xor|   0|  0|   2|           1|           2|
    |xor_ln58_100_fu_4722_p2     |       xor|   0|  0|   2|           1|           1|
    |xor_ln58_101_fu_4728_p2     |       xor|   0|  0|   2|           1|           2|
    |xor_ln58_102_fu_4800_p2     |       xor|   0|  0|   2|           1|           2|
    |xor_ln58_103_fu_4812_p2     |       xor|   0|  0|   2|           1|           2|
    |xor_ln58_104_fu_4824_p2     |       xor|   0|  0|   2|           1|           1|
    |xor_ln58_105_fu_4830_p2     |       xor|   0|  0|   2|           1|           2|
    |xor_ln58_106_fu_4902_p2     |       xor|   0|  0|   2|           1|           2|
    |xor_ln58_107_fu_4914_p2     |       xor|   0|  0|   2|           1|           2|
    |xor_ln58_108_fu_4926_p2     |       xor|   0|  0|   2|           1|           1|
    |xor_ln58_109_fu_4932_p2     |       xor|   0|  0|   2|           1|           2|
    |xor_ln58_110_fu_5040_p2     |       xor|   0|  0|   2|           1|           2|
    |xor_ln58_111_fu_5050_p2     |       xor|   0|  0|   2|           1|           2|
    |xor_ln58_112_fu_5060_p2     |       xor|   0|  0|   2|           1|           1|
    |xor_ln58_113_fu_5064_p2     |       xor|   0|  0|   2|           1|           2|
    |xor_ln58_114_fu_5098_p2     |       xor|   0|  0|   2|           1|           2|
    |xor_ln58_115_fu_5108_p2     |       xor|   0|  0|   2|           1|           2|
    |xor_ln58_116_fu_5118_p2     |       xor|   0|  0|   2|           1|           1|
    |xor_ln58_117_fu_5122_p2     |       xor|   0|  0|   2|           1|           2|
    |xor_ln58_118_fu_5190_p2     |       xor|   0|  0|   2|           1|           2|
    |xor_ln58_119_fu_5202_p2     |       xor|   0|  0|   2|           1|           2|
    |xor_ln58_120_fu_5214_p2     |       xor|   0|  0|   2|           1|           1|
    |xor_ln58_121_fu_5220_p2     |       xor|   0|  0|   2|           1|           2|
    |xor_ln58_122_fu_5290_p2     |       xor|   0|  0|   2|           1|           2|
    |xor_ln58_123_fu_5302_p2     |       xor|   0|  0|   2|           1|           2|
    |xor_ln58_124_fu_5314_p2     |       xor|   0|  0|   2|           1|           1|
    |xor_ln58_125_fu_5320_p2     |       xor|   0|  0|   2|           1|           2|
    |xor_ln58_126_fu_5390_p2     |       xor|   0|  0|   2|           1|           2|
    |xor_ln58_127_fu_5402_p2     |       xor|   0|  0|   2|           1|           2|
    |xor_ln58_128_fu_5414_p2     |       xor|   0|  0|   2|           1|           1|
    |xor_ln58_129_fu_5420_p2     |       xor|   0|  0|   2|           1|           2|
    |xor_ln58_130_fu_5490_p2     |       xor|   0|  0|   2|           1|           2|
    |xor_ln58_131_fu_5502_p2     |       xor|   0|  0|   2|           1|           2|
    |xor_ln58_132_fu_5514_p2     |       xor|   0|  0|   2|           1|           1|
    |xor_ln58_133_fu_5520_p2     |       xor|   0|  0|   2|           1|           2|
    |xor_ln58_134_fu_5590_p2     |       xor|   0|  0|   2|           1|           2|
    |xor_ln58_135_fu_5602_p2     |       xor|   0|  0|   2|           1|           2|
    |xor_ln58_136_fu_5614_p2     |       xor|   0|  0|   2|           1|           1|
    |xor_ln58_137_fu_5620_p2     |       xor|   0|  0|   2|           1|           2|
    |xor_ln58_138_fu_5690_p2     |       xor|   0|  0|   2|           1|           2|
    |xor_ln58_139_fu_5702_p2     |       xor|   0|  0|   2|           1|           2|
    |xor_ln58_140_fu_5714_p2     |       xor|   0|  0|   2|           1|           1|
    |xor_ln58_141_fu_5720_p2     |       xor|   0|  0|   2|           1|           2|
    |xor_ln58_95_fu_4608_p2      |       xor|   0|  0|   2|           1|           2|
    |xor_ln58_96_fu_4620_p2      |       xor|   0|  0|   2|           1|           1|
    |xor_ln58_97_fu_4626_p2      |       xor|   0|  0|   2|           1|           2|
    |xor_ln58_98_fu_4698_p2      |       xor|   0|  0|   2|           1|           2|
    |xor_ln58_99_fu_4710_p2      |       xor|   0|  0|   2|           1|           2|
    |xor_ln58_fu_4596_p2         |       xor|   0|  0|   2|           1|           2|
    +----------------------------+----------+----+---+----+------------+------------+
    |Total                       |          |   0|  0|3336|        1328|        2156|
    +----------------------------+----------+----+---+----+------------+------------+

    * Multiplexer: 
    N/A

    * Register: 
    +------------------------------+----+----+-----+-----------+
    |             Name             | FF | LUT| Bits| Const Bits|
    +------------------------------+----+----+-----+-----------+
    |a_16_reg_6126                 |  16|   0|   16|          0|
    |a_17_reg_6131                 |  16|   0|   16|          0|
    |a_18_reg_6136                 |  16|   0|   16|          0|
    |add_ln42_27_reg_5845          |  16|   0|   16|          0|
    |add_ln42_28_reg_5886          |  16|   0|   16|          0|
    |add_ln42_29_reg_5927          |  16|   0|   16|          0|
    |add_ln42_30_reg_5968          |  16|   0|   16|          0|
    |add_ln42_31_reg_6009          |  16|   0|   16|          0|
    |add_ln42_32_reg_6050          |  16|   0|   16|          0|
    |add_ln42_33_reg_6091          |  16|   0|   16|          0|
    |add_ln42_reg_5804             |  16|   0|   16|          0|
    |add_ln58_54_reg_6177          |  16|   0|   16|          0|
    |add_ln58_56_reg_6197          |  16|   0|   16|          0|
    |and_ln42_195_reg_5815         |   1|   0|    1|          0|
    |and_ln42_202_reg_5856         |   1|   0|    1|          0|
    |and_ln42_209_reg_5897         |   1|   0|    1|          0|
    |and_ln42_216_reg_5938         |   1|   0|    1|          0|
    |and_ln42_223_reg_5979         |   1|   0|    1|          0|
    |and_ln42_230_reg_6020         |   1|   0|    1|          0|
    |and_ln42_237_reg_6061         |   1|   0|    1|          0|
    |and_ln42_244_reg_6102         |   1|   0|    1|          0|
    |data_28_val_int_reg           |  16|   0|   16|          0|
    |data_29_val_int_reg           |  16|   0|   16|          0|
    |data_30_val_int_reg           |  16|   0|   16|          0|
    |data_31_val_int_reg           |  16|   0|   16|          0|
    |data_32_val_int_reg           |  16|   0|   16|          0|
    |data_33_val_int_reg           |  16|   0|   16|          0|
    |data_34_val_int_reg           |  16|   0|   16|          0|
    |data_35_val_int_reg           |  16|   0|   16|          0|
    |data_36_val_int_reg           |  16|   0|   16|          0|
    |data_37_val_int_reg           |  16|   0|   16|          0|
    |data_38_val_int_reg           |  16|   0|   16|          0|
    |data_39_val_int_reg           |  16|   0|   16|          0|
    |data_40_val_int_reg           |  16|   0|   16|          0|
    |data_41_val_int_reg           |  16|   0|   16|          0|
    |icmp_ln42_111_reg_5822        |   1|   0|    1|          0|
    |icmp_ln42_112_reg_5827        |   1|   0|    1|          0|
    |icmp_ln42_113_reg_5834        |   1|   0|    1|          0|
    |icmp_ln42_115_reg_5863        |   1|   0|    1|          0|
    |icmp_ln42_116_reg_5868        |   1|   0|    1|          0|
    |icmp_ln42_117_reg_5875        |   1|   0|    1|          0|
    |icmp_ln42_119_reg_5904        |   1|   0|    1|          0|
    |icmp_ln42_120_reg_5909        |   1|   0|    1|          0|
    |icmp_ln42_121_reg_5916        |   1|   0|    1|          0|
    |icmp_ln42_123_reg_5945        |   1|   0|    1|          0|
    |icmp_ln42_124_reg_5950        |   1|   0|    1|          0|
    |icmp_ln42_125_reg_5957        |   1|   0|    1|          0|
    |icmp_ln42_127_reg_5986        |   1|   0|    1|          0|
    |icmp_ln42_128_reg_5991        |   1|   0|    1|          0|
    |icmp_ln42_129_reg_5998        |   1|   0|    1|          0|
    |icmp_ln42_131_reg_6027        |   1|   0|    1|          0|
    |icmp_ln42_132_reg_6032        |   1|   0|    1|          0|
    |icmp_ln42_133_reg_6039        |   1|   0|    1|          0|
    |icmp_ln42_135_reg_6068        |   1|   0|    1|          0|
    |icmp_ln42_136_reg_6073        |   1|   0|    1|          0|
    |icmp_ln42_137_reg_6080        |   1|   0|    1|          0|
    |icmp_ln42_139_reg_6109        |   1|   0|    1|          0|
    |icmp_ln42_140_reg_6114        |   1|   0|    1|          0|
    |icmp_ln42_141_reg_6121        |   1|   0|    1|          0|
    |idx_int_reg                   |   6|   0|    6|          0|
    |mul_ln73_27_reg_692           |  32|   0|   32|          0|
    |mul_ln73_28_reg_696           |  32|   0|   32|          0|
    |mul_ln73_29_reg_700           |  32|   0|   32|          0|
    |mul_ln73_30_reg_704           |  32|   0|   32|          0|
    |mul_ln73_31_reg_708           |  32|   0|   32|          0|
    |mul_ln73_32_reg_712           |  32|   0|   32|          0|
    |mul_ln73_33_reg_716           |  32|   0|   32|          0|
    |mul_ln73_reg_688              |  32|   0|   32|          0|
    |select_ln42_145_reg_6141      |  16|   0|   16|          0|
    |select_ln42_149_reg_6147      |  16|   0|   16|          0|
    |select_ln42_153_reg_6153      |  16|   0|   16|          0|
    |select_ln42_157_reg_6159      |  16|   0|   16|          0|
    |select_ln42_161_reg_6165      |  16|   0|   16|          0|
    |select_ln42_165_reg_6171      |  16|   0|   16|          0|
    |tmp_1897_reg_5809             |   1|   0|    1|          0|
    |tmp_1899_reg_5839             |   1|   0|    1|          0|
    |tmp_1903_reg_5850             |   1|   0|    1|          0|
    |tmp_1905_reg_5880             |   1|   0|    1|          0|
    |tmp_1909_reg_5891             |   1|   0|    1|          0|
    |tmp_1911_reg_5921             |   1|   0|    1|          0|
    |tmp_1915_reg_5932             |   1|   0|    1|          0|
    |tmp_1917_reg_5962             |   1|   0|    1|          0|
    |tmp_1921_reg_5973             |   1|   0|    1|          0|
    |tmp_1923_reg_6003             |   1|   0|    1|          0|
    |tmp_1927_reg_6014             |   1|   0|    1|          0|
    |tmp_1929_reg_6044             |   1|   0|    1|          0|
    |tmp_1933_reg_6055             |   1|   0|    1|          0|
    |tmp_1935_reg_6085             |   1|   0|    1|          0|
    |tmp_1939_reg_6096             |   1|   0|    1|          0|
    |tmp_1985_reg_6183             |   1|   0|    1|          0|
    |tmp_1986_reg_6190             |   1|   0|    1|          0|
    |tmp_1987_reg_6203             |   1|   0|    1|          0|
    |tmp_1988_reg_6210             |   1|   0|    1|          0|
    |tmp_reg_5798                  |   1|   0|    1|          0|
    |weights_28_val_int_reg        |  16|   0|   16|          0|
    |weights_29_val_int_reg        |  16|   0|   16|          0|
    |weights_30_val_int_reg        |  16|   0|   16|          0|
    |weights_31_val_int_reg        |  16|   0|   16|          0|
    |weights_32_val_int_reg        |  16|   0|   16|          0|
    |weights_33_val_int_reg        |  16|   0|   16|          0|
    |weights_34_val_int_reg        |  16|   0|   16|          0|
    |weights_35_val_int_reg        |  16|   0|   16|          0|
    |weights_36_val_int_reg        |  16|   0|   16|          0|
    |weights_36_val_read_reg_5793  |  16|   0|   16|          0|
    |weights_37_val_int_reg        |  16|   0|   16|          0|
    |weights_37_val_read_reg_5788  |  16|   0|   16|          0|
    |weights_38_val_int_reg        |  16|   0|   16|          0|
    |weights_38_val_read_reg_5783  |  16|   0|   16|          0|
    |weights_39_val_int_reg        |  16|   0|   16|          0|
    |weights_39_val_read_reg_5778  |  16|   0|   16|          0|
    |weights_40_val_int_reg        |  16|   0|   16|          0|
    |weights_40_val_read_reg_5773  |  16|   0|   16|          0|
    |weights_41_val_int_reg        |  16|   0|   16|          0|
    |weights_41_val_read_reg_5768  |  16|   0|   16|          0|
    +------------------------------+----+----+-----+-----------+
    |Total                         |1162|   0| 1162|          0|
    +------------------------------+----+----+-----+-----------+



================================================================
== Interface
================================================================
* Summary: 
+----------------+-----+-----+------------+-----------------------------------------------------------------+--------------+
|    RTL Ports   | Dir | Bits|  Protocol  |                          Source Object                          |    C Type    |
+----------------+-----+-----+------------+-----------------------------------------------------------------+--------------+
|ap_clk          |   in|    1|  ap_ctrl_hs|  dense_latency<ap_fixed,ap_fixed<16,4,4,0,0>,config3_dense_qk>.7|  return value|
|ap_rst          |   in|    1|  ap_ctrl_hs|  dense_latency<ap_fixed,ap_fixed<16,4,4,0,0>,config3_dense_qk>.7|  return value|
|ap_return_0     |  out|   16|  ap_ctrl_hs|  dense_latency<ap_fixed,ap_fixed<16,4,4,0,0>,config3_dense_qk>.7|  return value|
|ap_return_1     |  out|   16|  ap_ctrl_hs|  dense_latency<ap_fixed,ap_fixed<16,4,4,0,0>,config3_dense_qk>.7|  return value|
|ap_ce           |   in|    1|  ap_ctrl_hs|  dense_latency<ap_fixed,ap_fixed<16,4,4,0,0>,config3_dense_qk>.7|  return value|
|data_28_val     |   in|   16|     ap_none|                                                      data_28_val|        scalar|
|data_29_val     |   in|   16|     ap_none|                                                      data_29_val|        scalar|
|data_30_val     |   in|   16|     ap_none|                                                      data_30_val|        scalar|
|data_31_val     |   in|   16|     ap_none|                                                      data_31_val|        scalar|
|data_32_val     |   in|   16|     ap_none|                                                      data_32_val|        scalar|
|data_33_val     |   in|   16|     ap_none|                                                      data_33_val|        scalar|
|data_34_val     |   in|   16|     ap_none|                                                      data_34_val|        scalar|
|data_35_val     |   in|   16|     ap_none|                                                      data_35_val|        scalar|
|data_36_val     |   in|   16|     ap_none|                                                      data_36_val|        scalar|
|data_37_val     |   in|   16|     ap_none|                                                      data_37_val|        scalar|
|data_38_val     |   in|   16|     ap_none|                                                      data_38_val|        scalar|
|data_39_val     |   in|   16|     ap_none|                                                      data_39_val|        scalar|
|data_40_val     |   in|   16|     ap_none|                                                      data_40_val|        scalar|
|data_41_val     |   in|   16|     ap_none|                                                      data_41_val|        scalar|
|weights_28_val  |   in|   16|     ap_none|                                                   weights_28_val|        scalar|
|weights_29_val  |   in|   16|     ap_none|                                                   weights_29_val|        scalar|
|weights_30_val  |   in|   16|     ap_none|                                                   weights_30_val|        scalar|
|weights_31_val  |   in|   16|     ap_none|                                                   weights_31_val|        scalar|
|weights_32_val  |   in|   16|     ap_none|                                                   weights_32_val|        scalar|
|weights_33_val  |   in|   16|     ap_none|                                                   weights_33_val|        scalar|
|weights_34_val  |   in|   16|     ap_none|                                                   weights_34_val|        scalar|
|weights_35_val  |   in|   16|     ap_none|                                                   weights_35_val|        scalar|
|weights_36_val  |   in|   16|     ap_none|                                                   weights_36_val|        scalar|
|weights_37_val  |   in|   16|     ap_none|                                                   weights_37_val|        scalar|
|weights_38_val  |   in|   16|     ap_none|                                                   weights_38_val|        scalar|
|weights_39_val  |   in|   16|     ap_none|                                                   weights_39_val|        scalar|
|weights_40_val  |   in|   16|     ap_none|                                                   weights_40_val|        scalar|
|weights_41_val  |   in|   16|     ap_none|                                                   weights_41_val|        scalar|
|idx             |   in|    6|     ap_none|                                                              idx|        scalar|
+----------------+-----+-----+------------+-----------------------------------------------------------------+--------------+

