

================================================================
== Vitis HLS Report for 'dense_latency_ap_fixed_ap_fixed_16_4_4_0_0_config3_dense_qk_6'
================================================================
* Date:           Tue Jan 28 17:11:58 2025

* Version:        2023.2 (Build 4023990 on Oct 11 2023)
* Project:        myproject_prj
* Solution:       solution1 (Vivado IP Flow Target)
* Product family: virtexuplus
* Target device:  xcvu13p-flga2577-2-e


================================================================
== Performance Estimates
================================================================
+ Timing: 
    * Summary: 
    +--------+---------+----------+------------+
    |  Clock |  Target | Estimated| Uncertainty|
    +--------+---------+----------+------------+
    |ap_clk  |  5.00 ns|  4.299 ns|     0.62 ns|
    +--------+---------+----------+------------+

+ Latency: 
    * Summary: 
    +---------+---------+-----------+-----------+-----+-----+---------+
    |  Latency (cycles) |   Latency (absolute)  |  Interval | Pipeline|
    |   min   |   max   |    min    |    max    | min | max |   Type  |
    +---------+---------+-----------+-----------+-----+-----+---------+
    |        2|        2|  10.000 ns|  10.000 ns|    1|    1|      yes|
    +---------+---------+-----------+-----------+-----+-----+---------+

    + Detail: 
        * Instance: 
        N/A

        * Loop: 
        N/A



================================================================
== Utilization Estimates
================================================================
* Summary: 
+---------------------+---------+-------+---------+---------+------+
|         Name        | BRAM_18K|  DSP  |    FF   |   LUT   | URAM |
+---------------------+---------+-------+---------+---------+------+
|DSP                  |        -|      -|        -|        -|     -|
|Expression           |        -|      -|        0|     3336|     -|
|FIFO                 |        -|      -|        -|        -|     -|
|Instance             |        -|     14|        0|      371|     -|
|Memory               |        -|      -|        -|        -|     -|
|Multiplexer          |        -|      -|        -|        -|     -|
|Register             |        -|      -|     1162|        -|     -|
+---------------------+---------+-------+---------+---------+------+
|Total                |        0|     14|     1162|     3707|     0|
+---------------------+---------+-------+---------+---------+------+
|Available SLR        |     1344|   3072|   864000|   432000|   320|
+---------------------+---------+-------+---------+---------+------+
|Utilization SLR (%)  |        0|     ~0|       ~0|       ~0|     0|
+---------------------+---------+-------+---------+---------+------+
|Available            |     5376|  12288|  3456000|  1728000|  1280|
+---------------------+---------+-------+---------+---------+------+
|Utilization (%)      |        0|     ~0|       ~0|       ~0|     0|
+---------------------+---------+-------+---------+---------+------+

+ Detail: 
    * Instance: 
    +------------------------------+-------------------------+---------+----+---+----+-----+
    |           Instance           |          Module         | BRAM_18K| DSP| FF| LUT| URAM|
    +------------------------------+-------------------------+---------+----+---+----+-----+
    |mul_16s_16s_32_1_0_U785       |mul_16s_16s_32_1_0       |        0|   1|  0|   5|    0|
    |mul_16s_16s_32_1_0_U786       |mul_16s_16s_32_1_0       |        0|   1|  0|   5|    0|
    |mul_16s_16s_32_1_0_U787       |mul_16s_16s_32_1_0       |        0|   1|  0|   5|    0|
    |mul_16s_16s_32_1_0_U788       |mul_16s_16s_32_1_0       |        0|   1|  0|   5|    0|
    |mul_16s_16s_32_1_0_U789       |mul_16s_16s_32_1_0       |        0|   1|  0|   5|    0|
    |mul_16s_16s_32_1_0_U790       |mul_16s_16s_32_1_0       |        0|   1|  0|   5|    0|
    |mul_16s_16s_32_1_0_U791       |mul_16s_16s_32_1_0       |        0|   1|  0|   5|    0|
    |mul_16s_16s_32_1_0_U792       |mul_16s_16s_32_1_0       |        0|   1|  0|   5|    0|
    |mul_16s_16s_32_1_0_U793       |mul_16s_16s_32_1_0       |        0|   1|  0|   5|    0|
    |mul_16s_16s_32_1_0_U794       |mul_16s_16s_32_1_0       |        0|   1|  0|   5|    0|
    |mul_16s_16s_32_1_0_U795       |mul_16s_16s_32_1_0       |        0|   1|  0|   5|    0|
    |mul_16s_16s_32_1_0_U796       |mul_16s_16s_32_1_0       |        0|   1|  0|   5|    0|
    |mul_16s_16s_32_1_0_U797       |mul_16s_16s_32_1_0       |        0|   1|  0|   5|    0|
    |mul_16s_16s_32_1_0_U798       |mul_16s_16s_32_1_0       |        0|   1|  0|   5|    0|
    |sparsemux_17_6_16_1_1_x_U799  |sparsemux_17_6_16_1_1_x  |        0|   0|  0|  43|    0|
    |sparsemux_17_6_16_1_1_x_U800  |sparsemux_17_6_16_1_1_x  |        0|   0|  0|  43|    0|
    |sparsemux_17_6_16_1_1_x_U801  |sparsemux_17_6_16_1_1_x  |        0|   0|  0|  43|    0|
    |sparsemux_17_6_16_1_1_x_U802  |sparsemux_17_6_16_1_1_x  |        0|   0|  0|  43|    0|
    |sparsemux_17_6_16_1_1_x_U803  |sparsemux_17_6_16_1_1_x  |        0|   0|  0|  43|    0|
    |sparsemux_17_6_16_1_1_x_U804  |sparsemux_17_6_16_1_1_x  |        0|   0|  0|  43|    0|
    |sparsemux_17_6_16_1_1_x_U805  |sparsemux_17_6_16_1_1_x  |        0|   0|  0|  43|    0|
    +------------------------------+-------------------------+---------+----+---+----+-----+
    |Total                         |                         |        0|  14|  0| 371|    0|
    +------------------------------+-------------------------+---------+----+---+----+-----+

    * DSP: 
    N/A

    * Memory: 
    N/A

    * FIFO: 
    N/A

    * Expression: 
    +----------------------------+----------+----+---+----+------------+------------+
    |        Variable Name       | Operation| DSP| FF| LUT| Bitwidth P0| Bitwidth P1|
    +----------------------------+----------+----+---+----+------------+------------+
    |add_ln42_40_fu_1121_p2      |         +|   0|  0|  23|          16|          16|
    |add_ln42_41_fu_1304_p2      |         +|   0|  0|  23|          16|          16|
    |add_ln42_42_fu_1441_p2      |         +|   0|  0|  23|          16|          16|
    |add_ln42_43_fu_1624_p2      |         +|   0|  0|  23|          16|          16|
    |add_ln42_44_fu_1761_p2      |         +|   0|  0|  23|          16|          16|
    |add_ln42_45_fu_1944_p2      |         +|   0|  0|  23|          16|          16|
    |add_ln42_46_fu_2081_p2      |         +|   0|  0|  23|          16|          16|
    |add_ln42_47_fu_3134_p2      |         +|   0|  0|  23|          16|          16|
    |add_ln42_48_fu_3382_p2      |         +|   0|  0|  23|          16|          16|
    |add_ln42_49_fu_3635_p2      |         +|   0|  0|  23|          16|          16|
    |add_ln42_50_fu_3883_p2      |         +|   0|  0|  23|          16|          16|
    |add_ln42_51_fu_4136_p2      |         +|   0|  0|  23|          16|          16|
    |add_ln42_52_fu_4384_p2      |         +|   0|  0|  23|          16|          16|
    |add_ln42_fu_984_p2          |         +|   0|  0|  23|          16|          16|
    |add_ln58_67_fu_4676_p2      |         +|   0|  0|  24|          17|          17|
    |add_ln58_68_fu_4778_p2      |         +|   0|  0|  24|          17|          17|
    |add_ln58_69_fu_4880_p2      |         +|   0|  0|  24|          17|          17|
    |add_ln58_70_fu_4982_p2      |         +|   0|  0|  24|          17|          17|
    |add_ln58_71_fu_5018_p2      |         +|   0|  0|  24|          17|          17|
    |add_ln58_72_fu_5168_p2      |         +|   0|  0|  24|          17|          17|
    |add_ln58_73_fu_5268_p2      |         +|   0|  0|  24|          17|          17|
    |add_ln58_74_fu_5368_p2      |         +|   0|  0|  24|          17|          17|
    |add_ln58_75_fu_5468_p2      |         +|   0|  0|  24|          17|          17|
    |add_ln58_76_fu_5568_p2      |         +|   0|  0|  24|          17|          17|
    |add_ln58_77_fu_5668_p2      |         +|   0|  0|  24|          17|          17|
    |add_ln58_78_fu_4568_p2      |         +|   0|  0|  23|          16|          16|
    |add_ln58_79_fu_4670_p2      |         +|   0|  0|  23|          16|          16|
    |add_ln58_80_fu_4772_p2      |         +|   0|  0|  23|          16|          16|
    |add_ln58_81_fu_4874_p2      |         +|   0|  0|  23|          16|          16|
    |add_ln58_82_fu_4976_p2      |         +|   0|  0|  23|          16|          16|
    |add_ln58_83_fu_5012_p2      |         +|   0|  0|  23|          16|          16|
    |add_ln58_84_fu_5163_p2      |         +|   0|  0|  23|          16|          16|
    |add_ln58_85_fu_5263_p2      |         +|   0|  0|  23|          16|          16|
    |add_ln58_86_fu_5363_p2      |         +|   0|  0|  23|          16|          16|
    |add_ln58_87_fu_5463_p2      |         +|   0|  0|  23|          16|          16|
    |add_ln58_88_fu_5563_p2      |         +|   0|  0|  23|          16|          16|
    |add_ln58_89_fu_5663_p2      |         +|   0|  0|  23|          16|          16|
    |add_ln58_fu_4574_p2         |         +|   0|  0|  24|          17|          17|
    |and_ln42_292_fu_1004_p2     |       and|   0|  0|   2|           1|           1|
    |and_ln42_293_fu_2284_p2     |       and|   0|  0|   2|           1|           1|
    |and_ln42_294_fu_2295_p2     |       and|   0|  0|   2|           1|           1|
    |and_ln42_295_fu_2315_p2     |       and|   0|  0|   2|           1|           1|
    |and_ln42_296_fu_2321_p2     |       and|   0|  0|   2|           1|           1|
    |and_ln42_297_fu_2338_p2     |       and|   0|  0|   2|           1|           1|
    |and_ln42_298_fu_1111_p2     |       and|   0|  0|   2|           1|           1|
    |and_ln42_299_fu_1141_p2     |       and|   0|  0|   2|           1|           1|
    |and_ln42_300_fu_2383_p2     |       and|   0|  0|   2|           1|           1|
    |and_ln42_301_fu_2394_p2     |       and|   0|  0|   2|           1|           1|
    |and_ln42_302_fu_2414_p2     |       and|   0|  0|   2|           1|           1|
    |and_ln42_303_fu_2420_p2     |       and|   0|  0|   2|           1|           1|
    |and_ln42_304_fu_2437_p2     |       and|   0|  0|   2|           1|           1|
    |and_ln42_305_fu_1294_p2     |       and|   0|  0|   2|           1|           1|
    |and_ln42_306_fu_1324_p2     |       and|   0|  0|   2|           1|           1|
    |and_ln42_307_fu_2482_p2     |       and|   0|  0|   2|           1|           1|
    |and_ln42_308_fu_2493_p2     |       and|   0|  0|   2|           1|           1|
    |and_ln42_309_fu_2513_p2     |       and|   0|  0|   2|           1|           1|
    |and_ln42_310_fu_2519_p2     |       and|   0|  0|   2|           1|           1|
    |and_ln42_311_fu_2536_p2     |       and|   0|  0|   2|           1|           1|
    |and_ln42_312_fu_1431_p2     |       and|   0|  0|   2|           1|           1|
    |and_ln42_313_fu_1461_p2     |       and|   0|  0|   2|           1|           1|
    |and_ln42_314_fu_2581_p2     |       and|   0|  0|   2|           1|           1|
    |and_ln42_315_fu_2592_p2     |       and|   0|  0|   2|           1|           1|
    |and_ln42_316_fu_2612_p2     |       and|   0|  0|   2|           1|           1|
    |and_ln42_317_fu_2618_p2     |       and|   0|  0|   2|           1|           1|
    |and_ln42_318_fu_2635_p2     |       and|   0|  0|   2|           1|           1|
    |and_ln42_319_fu_1614_p2     |       and|   0|  0|   2|           1|           1|
    |and_ln42_320_fu_1644_p2     |       and|   0|  0|   2|           1|           1|
    |and_ln42_321_fu_2680_p2     |       and|   0|  0|   2|           1|           1|
    |and_ln42_322_fu_2691_p2     |       and|   0|  0|   2|           1|           1|
    |and_ln42_323_fu_2711_p2     |       and|   0|  0|   2|           1|           1|
    |and_ln42_324_fu_2717_p2     |       and|   0|  0|   2|           1|           1|
    |and_ln42_325_fu_2734_p2     |       and|   0|  0|   2|           1|           1|
    |and_ln42_326_fu_1751_p2     |       and|   0|  0|   2|           1|           1|
    |and_ln42_327_fu_1781_p2     |       and|   0|  0|   2|           1|           1|
    |and_ln42_328_fu_2779_p2     |       and|   0|  0|   2|           1|           1|
    |and_ln42_329_fu_2790_p2     |       and|   0|  0|   2|           1|           1|
    |and_ln42_330_fu_2810_p2     |       and|   0|  0|   2|           1|           1|
    |and_ln42_331_fu_2816_p2     |       and|   0|  0|   2|           1|           1|
    |and_ln42_332_fu_2833_p2     |       and|   0|  0|   2|           1|           1|
    |and_ln42_333_fu_1934_p2     |       and|   0|  0|   2|           1|           1|
    |and_ln42_334_fu_1964_p2     |       and|   0|  0|   2|           1|           1|
    |and_ln42_335_fu_2878_p2     |       and|   0|  0|   2|           1|           1|
    |and_ln42_336_fu_2889_p2     |       and|   0|  0|   2|           1|           1|
    |and_ln42_337_fu_2909_p2     |       and|   0|  0|   2|           1|           1|
    |and_ln42_338_fu_2915_p2     |       and|   0|  0|   2|           1|           1|
    |and_ln42_339_fu_2932_p2     |       and|   0|  0|   2|           1|           1|
    |and_ln42_340_fu_2071_p2     |       and|   0|  0|   2|           1|           1|
    |and_ln42_341_fu_2101_p2     |       and|   0|  0|   2|           1|           1|
    |and_ln42_342_fu_2977_p2     |       and|   0|  0|   2|           1|           1|
    |and_ln42_343_fu_2988_p2     |       and|   0|  0|   2|           1|           1|
    |and_ln42_344_fu_3008_p2     |       and|   0|  0|   2|           1|           1|
    |and_ln42_345_fu_3014_p2     |       and|   0|  0|   2|           1|           1|
    |and_ln42_346_fu_3031_p2     |       and|   0|  0|   2|           1|           1|
    |and_ln42_347_fu_3124_p2     |       and|   0|  0|   2|           1|           1|
    |and_ln42_348_fu_3154_p2     |       and|   0|  0|   2|           1|           1|
    |and_ln42_349_fu_3220_p2     |       and|   0|  0|   2|           1|           1|
    |and_ln42_350_fu_3234_p2     |       and|   0|  0|   2|           1|           1|
    |and_ln42_351_fu_3258_p2     |       and|   0|  0|   2|           1|           1|
    |and_ln42_352_fu_3264_p2     |       and|   0|  0|   2|           1|           1|
    |and_ln42_353_fu_3282_p2     |       and|   0|  0|   2|           1|           1|
    |and_ln42_354_fu_3372_p2     |       and|   0|  0|   2|           1|           1|
    |and_ln42_355_fu_3402_p2     |       and|   0|  0|   2|           1|           1|
    |and_ln42_356_fu_3468_p2     |       and|   0|  0|   2|           1|           1|
    |and_ln42_357_fu_3482_p2     |       and|   0|  0|   2|           1|           1|
    |and_ln42_358_fu_3506_p2     |       and|   0|  0|   2|           1|           1|
    |and_ln42_359_fu_3512_p2     |       and|   0|  0|   2|           1|           1|
    |and_ln42_360_fu_3530_p2     |       and|   0|  0|   2|           1|           1|
    |and_ln42_361_fu_3625_p2     |       and|   0|  0|   2|           1|           1|
    |and_ln42_362_fu_3655_p2     |       and|   0|  0|   2|           1|           1|
    |and_ln42_363_fu_3721_p2     |       and|   0|  0|   2|           1|           1|
    |and_ln42_364_fu_3735_p2     |       and|   0|  0|   2|           1|           1|
    |and_ln42_365_fu_3759_p2     |       and|   0|  0|   2|           1|           1|
    |and_ln42_366_fu_3765_p2     |       and|   0|  0|   2|           1|           1|
    |and_ln42_367_fu_3783_p2     |       and|   0|  0|   2|           1|           1|
    |and_ln42_368_fu_3873_p2     |       and|   0|  0|   2|           1|           1|
    |and_ln42_369_fu_3903_p2     |       and|   0|  0|   2|           1|           1|
    |and_ln42_370_fu_3969_p2     |       and|   0|  0|   2|           1|           1|
    |and_ln42_371_fu_3983_p2     |       and|   0|  0|   2|           1|           1|
    |and_ln42_372_fu_4007_p2     |       and|   0|  0|   2|           1|           1|
    |and_ln42_373_fu_4013_p2     |       and|   0|  0|   2|           1|           1|
    |and_ln42_374_fu_4031_p2     |       and|   0|  0|   2|           1|           1|
    |and_ln42_375_fu_4126_p2     |       and|   0|  0|   2|           1|           1|
    |and_ln42_376_fu_4156_p2     |       and|   0|  0|   2|           1|           1|
    |and_ln42_377_fu_4222_p2     |       and|   0|  0|   2|           1|           1|
    |and_ln42_378_fu_4236_p2     |       and|   0|  0|   2|           1|           1|
    |and_ln42_379_fu_4260_p2     |       and|   0|  0|   2|           1|           1|
    |and_ln42_380_fu_4266_p2     |       and|   0|  0|   2|           1|           1|
    |and_ln42_381_fu_4284_p2     |       and|   0|  0|   2|           1|           1|
    |and_ln42_382_fu_4374_p2     |       and|   0|  0|   2|           1|           1|
    |and_ln42_383_fu_4404_p2     |       and|   0|  0|   2|           1|           1|
    |and_ln42_384_fu_4470_p2     |       and|   0|  0|   2|           1|           1|
    |and_ln42_385_fu_4484_p2     |       and|   0|  0|   2|           1|           1|
    |and_ln42_386_fu_4508_p2     |       and|   0|  0|   2|           1|           1|
    |and_ln42_387_fu_4514_p2     |       and|   0|  0|   2|           1|           1|
    |and_ln42_388_fu_4532_p2     |       and|   0|  0|   2|           1|           1|
    |and_ln42_fu_974_p2          |       and|   0|  0|   2|           1|           1|
    |and_ln58_70_fu_4614_p2      |       and|   0|  0|   2|           1|           1|
    |and_ln58_71_fu_4704_p2      |       and|   0|  0|   2|           1|           1|
    |and_ln58_72_fu_4716_p2      |       and|   0|  0|   2|           1|           1|
    |and_ln58_73_fu_4806_p2      |       and|   0|  0|   2|           1|           1|
    |and_ln58_74_fu_4818_p2      |       and|   0|  0|   2|           1|           1|
    |and_ln58_75_fu_4908_p2      |       and|   0|  0|   2|           1|           1|
    |and_ln58_76_fu_4920_p2      |       and|   0|  0|   2|           1|           1|
    |and_ln58_77_fu_5045_p2      |       and|   0|  0|   2|           1|           1|
    |and_ln58_78_fu_5055_p2      |       and|   0|  0|   2|           1|           1|
    |and_ln58_79_fu_5103_p2      |       and|   0|  0|   2|           1|           1|
    |and_ln58_80_fu_5113_p2      |       and|   0|  0|   2|           1|           1|
    |and_ln58_81_fu_5196_p2      |       and|   0|  0|   2|           1|           1|
    |and_ln58_82_fu_5208_p2      |       and|   0|  0|   2|           1|           1|
    |and_ln58_83_fu_5296_p2      |       and|   0|  0|   2|           1|           1|
    |and_ln58_84_fu_5308_p2      |       and|   0|  0|   2|           1|           1|
    |and_ln58_85_fu_5396_p2      |       and|   0|  0|   2|           1|           1|
    |and_ln58_86_fu_5408_p2      |       and|   0|  0|   2|           1|           1|
    |and_ln58_87_fu_5496_p2      |       and|   0|  0|   2|           1|           1|
    |and_ln58_88_fu_5508_p2      |       and|   0|  0|   2|           1|           1|
    |and_ln58_89_fu_5596_p2      |       and|   0|  0|   2|           1|           1|
    |and_ln58_90_fu_5608_p2      |       and|   0|  0|   2|           1|           1|
    |and_ln58_91_fu_5696_p2      |       and|   0|  0|   2|           1|           1|
    |and_ln58_92_fu_5708_p2      |       and|   0|  0|   2|           1|           1|
    |and_ln58_fu_4602_p2         |       and|   0|  0|   2|           1|           1|
    |icmp_ln42_166_fu_1020_p2    |      icmp|   0|  0|  10|           3|           2|
    |icmp_ln42_167_fu_1036_p2    |      icmp|   0|  0|  12|           4|           2|
    |icmp_ln42_168_fu_1042_p2    |      icmp|   0|  0|  12|           4|           1|
    |icmp_ln42_169_fu_1091_p2    |      icmp|   0|  0|  18|          11|           1|
    |icmp_ln42_170_fu_1157_p2    |      icmp|   0|  0|  10|           3|           2|
    |icmp_ln42_171_fu_1173_p2    |      icmp|   0|  0|  12|           4|           2|
    |icmp_ln42_172_fu_1179_p2    |      icmp|   0|  0|  12|           4|           1|
    |icmp_ln42_173_fu_1274_p2    |      icmp|   0|  0|  18|          11|           1|
    |icmp_ln42_174_fu_1340_p2    |      icmp|   0|  0|  10|           3|           2|
    |icmp_ln42_175_fu_1356_p2    |      icmp|   0|  0|  12|           4|           2|
    |icmp_ln42_176_fu_1362_p2    |      icmp|   0|  0|  12|           4|           1|
    |icmp_ln42_177_fu_1411_p2    |      icmp|   0|  0|  18|          11|           1|
    |icmp_ln42_178_fu_1477_p2    |      icmp|   0|  0|  10|           3|           2|
    |icmp_ln42_179_fu_1493_p2    |      icmp|   0|  0|  12|           4|           2|
    |icmp_ln42_180_fu_1499_p2    |      icmp|   0|  0|  12|           4|           1|
    |icmp_ln42_181_fu_1594_p2    |      icmp|   0|  0|  18|          11|           1|
    |icmp_ln42_182_fu_1660_p2    |      icmp|   0|  0|  10|           3|           2|
    |icmp_ln42_183_fu_1676_p2    |      icmp|   0|  0|  12|           4|           2|
    |icmp_ln42_184_fu_1682_p2    |      icmp|   0|  0|  12|           4|           1|
    |icmp_ln42_185_fu_1731_p2    |      icmp|   0|  0|  18|          11|           1|
    |icmp_ln42_186_fu_1797_p2    |      icmp|   0|  0|  10|           3|           2|
    |icmp_ln42_187_fu_1813_p2    |      icmp|   0|  0|  12|           4|           2|
    |icmp_ln42_188_fu_1819_p2    |      icmp|   0|  0|  12|           4|           1|
    |icmp_ln42_189_fu_1914_p2    |      icmp|   0|  0|  18|          11|           1|
    |icmp_ln42_190_fu_1980_p2    |      icmp|   0|  0|  10|           3|           2|
    |icmp_ln42_191_fu_1996_p2    |      icmp|   0|  0|  12|           4|           2|
    |icmp_ln42_192_fu_2002_p2    |      icmp|   0|  0|  12|           4|           1|
    |icmp_ln42_193_fu_2051_p2    |      icmp|   0|  0|  18|          11|           1|
    |icmp_ln42_194_fu_2117_p2    |      icmp|   0|  0|  10|           3|           2|
    |icmp_ln42_195_fu_2133_p2    |      icmp|   0|  0|  12|           4|           2|
    |icmp_ln42_196_fu_2139_p2    |      icmp|   0|  0|  12|           4|           1|
    |icmp_ln42_197_fu_3104_p2    |      icmp|   0|  0|  18|          11|           1|
    |icmp_ln42_198_fu_3170_p2    |      icmp|   0|  0|  10|           3|           2|
    |icmp_ln42_199_fu_3186_p2    |      icmp|   0|  0|  12|           4|           2|
    |icmp_ln42_200_fu_3192_p2    |      icmp|   0|  0|  12|           4|           1|
    |icmp_ln42_201_fu_3352_p2    |      icmp|   0|  0|  18|          11|           1|
    |icmp_ln42_202_fu_3418_p2    |      icmp|   0|  0|  10|           3|           2|
    |icmp_ln42_203_fu_3434_p2    |      icmp|   0|  0|  12|           4|           2|
    |icmp_ln42_204_fu_3440_p2    |      icmp|   0|  0|  12|           4|           1|
    |icmp_ln42_205_fu_3605_p2    |      icmp|   0|  0|  18|          11|           1|
    |icmp_ln42_206_fu_3671_p2    |      icmp|   0|  0|  10|           3|           2|
    |icmp_ln42_207_fu_3687_p2    |      icmp|   0|  0|  12|           4|           2|
    |icmp_ln42_208_fu_3693_p2    |      icmp|   0|  0|  12|           4|           1|
    |icmp_ln42_209_fu_3853_p2    |      icmp|   0|  0|  18|          11|           1|
    |icmp_ln42_210_fu_3919_p2    |      icmp|   0|  0|  10|           3|           2|
    |icmp_ln42_211_fu_3935_p2    |      icmp|   0|  0|  12|           4|           2|
    |icmp_ln42_212_fu_3941_p2    |      icmp|   0|  0|  12|           4|           1|
    |icmp_ln42_213_fu_4106_p2    |      icmp|   0|  0|  18|          11|           1|
    |icmp_ln42_214_fu_4172_p2    |      icmp|   0|  0|  10|           3|           2|
    |icmp_ln42_215_fu_4188_p2    |      icmp|   0|  0|  12|           4|           2|
    |icmp_ln42_216_fu_4194_p2    |      icmp|   0|  0|  12|           4|           1|
    |icmp_ln42_217_fu_4354_p2    |      icmp|   0|  0|  18|          11|           1|
    |icmp_ln42_218_fu_4420_p2    |      icmp|   0|  0|  10|           3|           2|
    |icmp_ln42_219_fu_4436_p2    |      icmp|   0|  0|  12|           4|           2|
    |icmp_ln42_220_fu_4442_p2    |      icmp|   0|  0|  12|           4|           1|
    |icmp_ln42_fu_954_p2         |      icmp|   0|  0|  18|          11|           1|
    |or_ln42_166_fu_2305_p2      |        or|   0|  0|   2|           1|           1|
    |or_ln42_167_fu_2326_p2      |        or|   0|  0|   2|           1|           1|
    |or_ln42_168_fu_2351_p2      |        or|   0|  0|   2|           1|           1|
    |or_ln42_169_fu_1105_p2      |        or|   0|  0|   2|           1|           1|
    |or_ln42_170_fu_2404_p2      |        or|   0|  0|   2|           1|           1|
    |or_ln42_171_fu_2425_p2      |        or|   0|  0|   2|           1|           1|
    |or_ln42_172_fu_2450_p2      |        or|   0|  0|   2|           1|           1|
    |or_ln42_173_fu_1288_p2      |        or|   0|  0|   2|           1|           1|
    |or_ln42_174_fu_2503_p2      |        or|   0|  0|   2|           1|           1|
    |or_ln42_175_fu_2524_p2      |        or|   0|  0|   2|           1|           1|
    |or_ln42_176_fu_2549_p2      |        or|   0|  0|   2|           1|           1|
    |or_ln42_177_fu_1425_p2      |        or|   0|  0|   2|           1|           1|
    |or_ln42_178_fu_2602_p2      |        or|   0|  0|   2|           1|           1|
    |or_ln42_179_fu_2623_p2      |        or|   0|  0|   2|           1|           1|
    |or_ln42_180_fu_2648_p2      |        or|   0|  0|   2|           1|           1|
    |or_ln42_181_fu_1608_p2      |        or|   0|  0|   2|           1|           1|
    |or_ln42_182_fu_2701_p2      |        or|   0|  0|   2|           1|           1|
    |or_ln42_183_fu_2722_p2      |        or|   0|  0|   2|           1|           1|
    |or_ln42_184_fu_2747_p2      |        or|   0|  0|   2|           1|           1|
    |or_ln42_185_fu_1745_p2      |        or|   0|  0|   2|           1|           1|
    |or_ln42_186_fu_2800_p2      |        or|   0|  0|   2|           1|           1|
    |or_ln42_187_fu_2821_p2      |        or|   0|  0|   2|           1|           1|
    |or_ln42_188_fu_2846_p2      |        or|   0|  0|   2|           1|           1|
    |or_ln42_189_fu_1928_p2      |        or|   0|  0|   2|           1|           1|
    |or_ln42_190_fu_2899_p2      |        or|   0|  0|   2|           1|           1|
    |or_ln42_191_fu_2920_p2      |        or|   0|  0|   2|           1|           1|
    |or_ln42_192_fu_2945_p2      |        or|   0|  0|   2|           1|           1|
    |or_ln42_193_fu_2065_p2      |        or|   0|  0|   2|           1|           1|
    |or_ln42_194_fu_2998_p2      |        or|   0|  0|   2|           1|           1|
    |or_ln42_195_fu_3019_p2      |        or|   0|  0|   2|           1|           1|
    |or_ln42_196_fu_3044_p2      |        or|   0|  0|   2|           1|           1|
    |or_ln42_197_fu_3118_p2      |        or|   0|  0|   2|           1|           1|
    |or_ln42_198_fu_3246_p2      |        or|   0|  0|   2|           1|           1|
    |or_ln42_199_fu_3270_p2      |        or|   0|  0|   2|           1|           1|
    |or_ln42_200_fu_3296_p2      |        or|   0|  0|   2|           1|           1|
    |or_ln42_201_fu_3366_p2      |        or|   0|  0|   2|           1|           1|
    |or_ln42_202_fu_3494_p2      |        or|   0|  0|   2|           1|           1|
    |or_ln42_203_fu_3518_p2      |        or|   0|  0|   2|           1|           1|
    |or_ln42_204_fu_3544_p2      |        or|   0|  0|   2|           1|           1|
    |or_ln42_205_fu_3619_p2      |        or|   0|  0|   2|           1|           1|
    |or_ln42_206_fu_3747_p2      |        or|   0|  0|   2|           1|           1|
    |or_ln42_207_fu_3771_p2      |        or|   0|  0|   2|           1|           1|
    |or_ln42_208_fu_3797_p2      |        or|   0|  0|   2|           1|           1|
    |or_ln42_209_fu_3867_p2      |        or|   0|  0|   2|           1|           1|
    |or_ln42_210_fu_3995_p2      |        or|   0|  0|   2|           1|           1|
    |or_ln42_211_fu_4019_p2      |        or|   0|  0|   2|           1|           1|
    |or_ln42_212_fu_4045_p2      |        or|   0|  0|   2|           1|           1|
    |or_ln42_213_fu_4120_p2      |        or|   0|  0|   2|           1|           1|
    |or_ln42_214_fu_4248_p2      |        or|   0|  0|   2|           1|           1|
    |or_ln42_215_fu_4272_p2      |        or|   0|  0|   2|           1|           1|
    |or_ln42_216_fu_4298_p2      |        or|   0|  0|   2|           1|           1|
    |or_ln42_217_fu_4368_p2      |        or|   0|  0|   2|           1|           1|
    |or_ln42_218_fu_4496_p2      |        or|   0|  0|   2|           1|           1|
    |or_ln42_219_fu_4520_p2      |        or|   0|  0|   2|           1|           1|
    |or_ln42_220_fu_4546_p2      |        or|   0|  0|   2|           1|           1|
    |or_ln42_fu_968_p2           |        or|   0|  0|   2|           1|           1|
    |or_ln58_34_fu_4734_p2       |        or|   0|  0|   2|           1|           1|
    |or_ln58_35_fu_4836_p2       |        or|   0|  0|   2|           1|           1|
    |or_ln58_36_fu_4938_p2       |        or|   0|  0|   2|           1|           1|
    |or_ln58_37_fu_5070_p2       |        or|   0|  0|   2|           1|           1|
    |or_ln58_38_fu_5128_p2       |        or|   0|  0|   2|           1|           1|
    |or_ln58_39_fu_5226_p2       |        or|   0|  0|   2|           1|           1|
    |or_ln58_40_fu_5326_p2       |        or|   0|  0|   2|           1|           1|
    |or_ln58_41_fu_5426_p2       |        or|   0|  0|   2|           1|           1|
    |or_ln58_42_fu_5526_p2       |        or|   0|  0|   2|           1|           1|
    |or_ln58_43_fu_5626_p2       |        or|   0|  0|   2|           1|           1|
    |or_ln58_44_fu_5726_p2       |        or|   0|  0|   2|           1|           1|
    |or_ln58_fu_4632_p2          |        or|   0|  0|   2|           1|           1|
    |select_ln42_166_fu_2289_p3  |    select|   0|  0|   2|           1|           1|
    |select_ln42_167_fu_2343_p3  |    select|   0|  0|  17|           1|          15|
    |select_ln42_168_fu_2357_p3  |    select|   0|  0|  16|           1|          16|
    |select_ln42_169_fu_2364_p3  |    select|   0|  0|   2|           1|           1|
    |select_ln42_170_fu_2388_p3  |    select|   0|  0|   2|           1|           1|
    |select_ln42_171_fu_2442_p3  |    select|   0|  0|  17|           1|          15|
    |select_ln42_172_fu_2456_p3  |    select|   0|  0|  16|           1|          16|
    |select_ln42_173_fu_2463_p3  |    select|   0|  0|   2|           1|           1|
    |select_ln42_174_fu_2487_p3  |    select|   0|  0|   2|           1|           1|
    |select_ln42_175_fu_2541_p3  |    select|   0|  0|  17|           1|          15|
    |select_ln42_176_fu_2555_p3  |    select|   0|  0|  16|           1|          16|
    |select_ln42_177_fu_2562_p3  |    select|   0|  0|   2|           1|           1|
    |select_ln42_178_fu_2586_p3  |    select|   0|  0|   2|           1|           1|
    |select_ln42_179_fu_2640_p3  |    select|   0|  0|  17|           1|          15|
    |select_ln42_180_fu_2654_p3  |    select|   0|  0|  16|           1|          16|
    |select_ln42_181_fu_2661_p3  |    select|   0|  0|   2|           1|           1|
    |select_ln42_182_fu_2685_p3  |    select|   0|  0|   2|           1|           1|
    |select_ln42_183_fu_2739_p3  |    select|   0|  0|  17|           1|          15|
    |select_ln42_184_fu_2753_p3  |    select|   0|  0|  16|           1|          16|
    |select_ln42_185_fu_2760_p3  |    select|   0|  0|   2|           1|           1|
    |select_ln42_186_fu_2784_p3  |    select|   0|  0|   2|           1|           1|
    |select_ln42_187_fu_2838_p3  |    select|   0|  0|  17|           1|          15|
    |select_ln42_188_fu_2852_p3  |    select|   0|  0|  16|           1|          16|
    |select_ln42_189_fu_2859_p3  |    select|   0|  0|   2|           1|           1|
    |select_ln42_190_fu_2883_p3  |    select|   0|  0|   2|           1|           1|
    |select_ln42_191_fu_2937_p3  |    select|   0|  0|  17|           1|          15|
    |select_ln42_192_fu_2951_p3  |    select|   0|  0|  16|           1|          16|
    |select_ln42_193_fu_2958_p3  |    select|   0|  0|   2|           1|           1|
    |select_ln42_194_fu_2982_p3  |    select|   0|  0|   2|           1|           1|
    |select_ln42_195_fu_3036_p3  |    select|   0|  0|  17|           1|          15|
    |select_ln42_196_fu_3050_p3  |    select|   0|  0|  16|           1|          16|
    |select_ln42_197_fu_3198_p3  |    select|   0|  0|   2|           1|           1|
    |select_ln42_198_fu_3226_p3  |    select|   0|  0|   2|           1|           1|
    |select_ln42_199_fu_3288_p3  |    select|   0|  0|  17|           1|          15|
    |select_ln42_200_fu_3302_p3  |    select|   0|  0|  16|           1|          16|
    |select_ln42_201_fu_3446_p3  |    select|   0|  0|   2|           1|           1|
    |select_ln42_202_fu_3474_p3  |    select|   0|  0|   2|           1|           1|
    |select_ln42_203_fu_3536_p3  |    select|   0|  0|  17|           1|          15|
    |select_ln42_204_fu_3550_p3  |    select|   0|  0|  16|           1|          16|
    |select_ln42_205_fu_3699_p3  |    select|   0|  0|   2|           1|           1|
    |select_ln42_206_fu_3727_p3  |    select|   0|  0|   2|           1|           1|
    |select_ln42_207_fu_3789_p3  |    select|   0|  0|  17|           1|          15|
    |select_ln42_208_fu_3803_p3  |    select|   0|  0|  16|           1|          16|
    |select_ln42_209_fu_3947_p3  |    select|   0|  0|   2|           1|           1|
    |select_ln42_210_fu_3975_p3  |    select|   0|  0|   2|           1|           1|
    |select_ln42_211_fu_4037_p3  |    select|   0|  0|  17|           1|          15|
    |select_ln42_212_fu_4051_p3  |    select|   0|  0|  16|           1|          16|
    |select_ln42_213_fu_4200_p3  |    select|   0|  0|   2|           1|           1|
    |select_ln42_214_fu_4228_p3  |    select|   0|  0|   2|           1|           1|
    |select_ln42_215_fu_4290_p3  |    select|   0|  0|  17|           1|          15|
    |select_ln42_216_fu_4304_p3  |    select|   0|  0|  16|           1|          16|
    |select_ln42_217_fu_4448_p3  |    select|   0|  0|   2|           1|           1|
    |select_ln42_218_fu_4476_p3  |    select|   0|  0|   2|           1|           1|
    |select_ln42_219_fu_4538_p3  |    select|   0|  0|  17|           1|          15|
    |select_ln42_220_fu_4552_p3  |    select|   0|  0|  16|           1|          16|
    |select_ln42_fu_2265_p3      |    select|   0|  0|   2|           1|           1|
    |select_ln58_106_fu_4646_p3  |    select|   0|  0|  17|           1|          17|
    |select_ln58_107_fu_4654_p3  |    select|   0|  0|  16|           1|          16|
    |select_ln58_108_fu_4740_p3  |    select|   0|  0|  16|           1|          15|
    |select_ln58_109_fu_4748_p3  |    select|   0|  0|  17|           1|          17|
    |select_ln58_110_fu_4756_p3  |    select|   0|  0|  16|           1|          16|
    |select_ln58_111_fu_4842_p3  |    select|   0|  0|  16|           1|          15|
    |select_ln58_112_fu_4850_p3  |    select|   0|  0|  17|           1|          17|
    |select_ln58_113_fu_4858_p3  |    select|   0|  0|  16|           1|          16|
    |select_ln58_114_fu_4944_p3  |    select|   0|  0|  16|           1|          15|
    |select_ln58_115_fu_4952_p3  |    select|   0|  0|  17|           1|          17|
    |select_ln58_116_fu_4960_p3  |    select|   0|  0|  16|           1|          16|
    |select_ln58_117_fu_5076_p3  |    select|   0|  0|  16|           1|          15|
    |select_ln58_118_fu_5083_p3  |    select|   0|  0|  17|           1|          17|
    |select_ln58_119_fu_5090_p3  |    select|   0|  0|  16|           1|          16|
    |select_ln58_120_fu_5134_p3  |    select|   0|  0|  16|           1|          15|
    |select_ln58_121_fu_5141_p3  |    select|   0|  0|  17|           1|          17|
    |select_ln58_122_fu_5148_p3  |    select|   0|  0|  16|           1|          16|
    |select_ln58_123_fu_5232_p3  |    select|   0|  0|  16|           1|          15|
    |select_ln58_124_fu_5240_p3  |    select|   0|  0|  17|           1|          17|
    |select_ln58_125_fu_5248_p3  |    select|   0|  0|  16|           1|          16|
    |select_ln58_126_fu_5332_p3  |    select|   0|  0|  16|           1|          15|
    |select_ln58_127_fu_5340_p3  |    select|   0|  0|  17|           1|          17|
    |select_ln58_128_fu_5348_p3  |    select|   0|  0|  16|           1|          16|
    |select_ln58_129_fu_5432_p3  |    select|   0|  0|  16|           1|          15|
    |select_ln58_130_fu_5440_p3  |    select|   0|  0|  17|           1|          17|
    |select_ln58_131_fu_5448_p3  |    select|   0|  0|  16|           1|          16|
    |select_ln58_132_fu_5532_p3  |    select|   0|  0|  16|           1|          15|
    |select_ln58_133_fu_5540_p3  |    select|   0|  0|  17|           1|          17|
    |select_ln58_134_fu_5548_p3  |    select|   0|  0|  16|           1|          16|
    |select_ln58_135_fu_5632_p3  |    select|   0|  0|  16|           1|          15|
    |select_ln58_136_fu_5640_p3  |    select|   0|  0|  17|           1|          17|
    |select_ln58_137_fu_5648_p3  |    select|   0|  0|  16|           1|          16|
    |select_ln58_138_fu_5732_p3  |    select|   0|  0|  16|           1|          15|
    |select_ln58_139_fu_5740_p3  |    select|   0|  0|  17|           1|          17|
    |select_ln58_140_fu_5748_p3  |    select|   0|  0|  16|           1|          16|
    |select_ln58_fu_4638_p3      |    select|   0|  0|  16|           1|          15|
    |xor_ln42_166_fu_2299_p2     |       xor|   0|  0|   2|           1|           2|
    |xor_ln42_167_fu_2310_p2     |       xor|   0|  0|   2|           1|           2|
    |xor_ln42_168_fu_2332_p2     |       xor|   0|  0|   2|           1|           2|
    |xor_ln42_169_fu_1135_p2     |       xor|   0|  0|   2|           1|           2|
    |xor_ln42_170_fu_2398_p2     |       xor|   0|  0|   2|           1|           2|
    |xor_ln42_171_fu_2409_p2     |       xor|   0|  0|   2|           1|           2|
    |xor_ln42_172_fu_2431_p2     |       xor|   0|  0|   2|           1|           2|
    |xor_ln42_173_fu_1318_p2     |       xor|   0|  0|   2|           1|           2|
    |xor_ln42_174_fu_2497_p2     |       xor|   0|  0|   2|           1|           2|
    |xor_ln42_175_fu_2508_p2     |       xor|   0|  0|   2|           1|           2|
    |xor_ln42_176_fu_2530_p2     |       xor|   0|  0|   2|           1|           2|
    |xor_ln42_177_fu_1455_p2     |       xor|   0|  0|   2|           1|           2|
    |xor_ln42_178_fu_2596_p2     |       xor|   0|  0|   2|           1|           2|
    |xor_ln42_179_fu_2607_p2     |       xor|   0|  0|   2|           1|           2|
    |xor_ln42_180_fu_2629_p2     |       xor|   0|  0|   2|           1|           2|
    |xor_ln42_181_fu_1638_p2     |       xor|   0|  0|   2|           1|           2|
    |xor_ln42_182_fu_2695_p2     |       xor|   0|  0|   2|           1|           2|
    |xor_ln42_183_fu_2706_p2     |       xor|   0|  0|   2|           1|           2|
    |xor_ln42_184_fu_2728_p2     |       xor|   0|  0|   2|           1|           2|
    |xor_ln42_185_fu_1775_p2     |       xor|   0|  0|   2|           1|           2|
    |xor_ln42_186_fu_2794_p2     |       xor|   0|  0|   2|           1|           2|
    |xor_ln42_187_fu_2805_p2     |       xor|   0|  0|   2|           1|           2|
    |xor_ln42_188_fu_2827_p2     |       xor|   0|  0|   2|           1|           2|
    |xor_ln42_189_fu_1958_p2     |       xor|   0|  0|   2|           1|           2|
    |xor_ln42_190_fu_2893_p2     |       xor|   0|  0|   2|           1|           2|
    |xor_ln42_191_fu_2904_p2     |       xor|   0|  0|   2|           1|           2|
    |xor_ln42_192_fu_2926_p2     |       xor|   0|  0|   2|           1|           2|
    |xor_ln42_193_fu_2095_p2     |       xor|   0|  0|   2|           1|           2|
    |xor_ln42_194_fu_2992_p2     |       xor|   0|  0|   2|           1|           2|
    |xor_ln42_195_fu_3003_p2     |       xor|   0|  0|   2|           1|           2|
    |xor_ln42_196_fu_3025_p2     |       xor|   0|  0|   2|           1|           2|
    |xor_ln42_197_fu_3148_p2     |       xor|   0|  0|   2|           1|           2|
    |xor_ln42_198_fu_3240_p2     |       xor|   0|  0|   2|           1|           2|
    |xor_ln42_199_fu_3252_p2     |       xor|   0|  0|   2|           1|           2|
    |xor_ln42_200_fu_3276_p2     |       xor|   0|  0|   2|           1|           2|
    |xor_ln42_201_fu_3396_p2     |       xor|   0|  0|   2|           1|           2|
    |xor_ln42_202_fu_3488_p2     |       xor|   0|  0|   2|           1|           2|
    |xor_ln42_203_fu_3500_p2     |       xor|   0|  0|   2|           1|           2|
    |xor_ln42_204_fu_3524_p2     |       xor|   0|  0|   2|           1|           2|
    |xor_ln42_205_fu_3649_p2     |       xor|   0|  0|   2|           1|           2|
    |xor_ln42_206_fu_3741_p2     |       xor|   0|  0|   2|           1|           2|
    |xor_ln42_207_fu_3753_p2     |       xor|   0|  0|   2|           1|           2|
    |xor_ln42_208_fu_3777_p2     |       xor|   0|  0|   2|           1|           2|
    |xor_ln42_209_fu_3897_p2     |       xor|   0|  0|   2|           1|           2|
    |xor_ln42_210_fu_3989_p2     |       xor|   0|  0|   2|           1|           2|
    |xor_ln42_211_fu_4001_p2     |       xor|   0|  0|   2|           1|           2|
    |xor_ln42_212_fu_4025_p2     |       xor|   0|  0|   2|           1|           2|
    |xor_ln42_213_fu_4150_p2     |       xor|   0|  0|   2|           1|           2|
    |xor_ln42_214_fu_4242_p2     |       xor|   0|  0|   2|           1|           2|
    |xor_ln42_215_fu_4254_p2     |       xor|   0|  0|   2|           1|           2|
    |xor_ln42_216_fu_4278_p2     |       xor|   0|  0|   2|           1|           2|
    |xor_ln42_217_fu_4398_p2     |       xor|   0|  0|   2|           1|           2|
    |xor_ln42_218_fu_4490_p2     |       xor|   0|  0|   2|           1|           2|
    |xor_ln42_219_fu_4502_p2     |       xor|   0|  0|   2|           1|           2|
    |xor_ln42_220_fu_4526_p2     |       xor|   0|  0|   2|           1|           2|
    |xor_ln42_221_fu_2278_p2     |       xor|   0|  0|   2|           1|           2|
    |xor_ln42_222_fu_2377_p2     |       xor|   0|  0|   2|           1|           2|
    |xor_ln42_223_fu_2476_p2     |       xor|   0|  0|   2|           1|           2|
    |xor_ln42_224_fu_2575_p2     |       xor|   0|  0|   2|           1|           2|
    |xor_ln42_225_fu_2674_p2     |       xor|   0|  0|   2|           1|           2|
    |xor_ln42_226_fu_2773_p2     |       xor|   0|  0|   2|           1|           2|
    |xor_ln42_227_fu_2872_p2     |       xor|   0|  0|   2|           1|           2|
    |xor_ln42_228_fu_2971_p2     |       xor|   0|  0|   2|           1|           2|
    |xor_ln42_229_fu_3214_p2     |       xor|   0|  0|   2|           1|           2|
    |xor_ln42_230_fu_3462_p2     |       xor|   0|  0|   2|           1|           2|
    |xor_ln42_231_fu_3715_p2     |       xor|   0|  0|   2|           1|           2|
    |xor_ln42_232_fu_3963_p2     |       xor|   0|  0|   2|           1|           2|
    |xor_ln42_233_fu_4216_p2     |       xor|   0|  0|   2|           1|           2|
    |xor_ln42_234_fu_4464_p2     |       xor|   0|  0|   2|           1|           2|
    |xor_ln42_fu_998_p2          |       xor|   0|  0|   2|           1|           2|
    |xor_ln58_142_fu_4608_p2     |       xor|   0|  0|   2|           1|           2|
    |xor_ln58_143_fu_4620_p2     |       xor|   0|  0|   2|           1|           1|
    |xor_ln58_144_fu_4626_p2     |       xor|   0|  0|   2|           1|           2|
    |xor_ln58_145_fu_4698_p2     |       xor|   0|  0|   2|           1|           2|
    |xor_ln58_146_fu_4710_p2     |       xor|   0|  0|   2|           1|           2|
    |xor_ln58_147_fu_4722_p2     |       xor|   0|  0|   2|           1|           1|
    |xor_ln58_148_fu_4728_p2     |       xor|   0|  0|   2|           1|           2|
    |xor_ln58_149_fu_4800_p2     |       xor|   0|  0|   2|           1|           2|
    |xor_ln58_150_fu_4812_p2     |       xor|   0|  0|   2|           1|           2|
    |xor_ln58_151_fu_4824_p2     |       xor|   0|  0|   2|           1|           1|
    |xor_ln58_152_fu_4830_p2     |       xor|   0|  0|   2|           1|           2|
    |xor_ln58_153_fu_4902_p2     |       xor|   0|  0|   2|           1|           2|
    |xor_ln58_154_fu_4914_p2     |       xor|   0|  0|   2|           1|           2|
    |xor_ln58_155_fu_4926_p2     |       xor|   0|  0|   2|           1|           1|
    |xor_ln58_156_fu_4932_p2     |       xor|   0|  0|   2|           1|           2|
    |xor_ln58_157_fu_5040_p2     |       xor|   0|  0|   2|           1|           2|
    |xor_ln58_158_fu_5050_p2     |       xor|   0|  0|   2|           1|           2|
    |xor_ln58_159_fu_5060_p2     |       xor|   0|  0|   2|           1|           1|
    |xor_ln58_160_fu_5064_p2     |       xor|   0|  0|   2|           1|           2|
    |xor_ln58_161_fu_5098_p2     |       xor|   0|  0|   2|           1|           2|
    |xor_ln58_162_fu_5108_p2     |       xor|   0|  0|   2|           1|           2|
    |xor_ln58_163_fu_5118_p2     |       xor|   0|  0|   2|           1|           1|
    |xor_ln58_164_fu_5122_p2     |       xor|   0|  0|   2|           1|           2|
    |xor_ln58_165_fu_5190_p2     |       xor|   0|  0|   2|           1|           2|
    |xor_ln58_166_fu_5202_p2     |       xor|   0|  0|   2|           1|           2|
    |xor_ln58_167_fu_5214_p2     |       xor|   0|  0|   2|           1|           1|
    |xor_ln58_168_fu_5220_p2     |       xor|   0|  0|   2|           1|           2|
    |xor_ln58_169_fu_5290_p2     |       xor|   0|  0|   2|           1|           2|
    |xor_ln58_170_fu_5302_p2     |       xor|   0|  0|   2|           1|           2|
    |xor_ln58_171_fu_5314_p2     |       xor|   0|  0|   2|           1|           1|
    |xor_ln58_172_fu_5320_p2     |       xor|   0|  0|   2|           1|           2|
    |xor_ln58_173_fu_5390_p2     |       xor|   0|  0|   2|           1|           2|
    |xor_ln58_174_fu_5402_p2     |       xor|   0|  0|   2|           1|           2|
    |xor_ln58_175_fu_5414_p2     |       xor|   0|  0|   2|           1|           1|
    |xor_ln58_176_fu_5420_p2     |       xor|   0|  0|   2|           1|           2|
    |xor_ln58_177_fu_5490_p2     |       xor|   0|  0|   2|           1|           2|
    |xor_ln58_178_fu_5502_p2     |       xor|   0|  0|   2|           1|           2|
    |xor_ln58_179_fu_5514_p2     |       xor|   0|  0|   2|           1|           1|
    |xor_ln58_180_fu_5520_p2     |       xor|   0|  0|   2|           1|           2|
    |xor_ln58_181_fu_5590_p2     |       xor|   0|  0|   2|           1|           2|
    |xor_ln58_182_fu_5602_p2     |       xor|   0|  0|   2|           1|           2|
    |xor_ln58_183_fu_5614_p2     |       xor|   0|  0|   2|           1|           1|
    |xor_ln58_184_fu_5620_p2     |       xor|   0|  0|   2|           1|           2|
    |xor_ln58_185_fu_5690_p2     |       xor|   0|  0|   2|           1|           2|
    |xor_ln58_186_fu_5702_p2     |       xor|   0|  0|   2|           1|           2|
    |xor_ln58_187_fu_5714_p2     |       xor|   0|  0|   2|           1|           1|
    |xor_ln58_188_fu_5720_p2     |       xor|   0|  0|   2|           1|           2|
    |xor_ln58_fu_4596_p2         |       xor|   0|  0|   2|           1|           2|
    +----------------------------+----------+----+---+----+------------+------------+
    |Total                       |          |   0|  0|3336|        1328|        2156|
    +----------------------------+----------+----+---+----+------------+------------+

    * Multiplexer: 
    N/A

    * Register: 
    +------------------------------+----+----+-----+-----------+
    |             Name             | FF | LUT| Bits| Const Bits|
    +------------------------------+----+----+-----+-----------+
    |a_22_reg_6126                 |  16|   0|   16|          0|
    |a_23_reg_6131                 |  16|   0|   16|          0|
    |a_24_reg_6136                 |  16|   0|   16|          0|
    |add_ln42_40_reg_5845          |  16|   0|   16|          0|
    |add_ln42_41_reg_5886          |  16|   0|   16|          0|
    |add_ln42_42_reg_5927          |  16|   0|   16|          0|
    |add_ln42_43_reg_5968          |  16|   0|   16|          0|
    |add_ln42_44_reg_6009          |  16|   0|   16|          0|
    |add_ln42_45_reg_6050          |  16|   0|   16|          0|
    |add_ln42_46_reg_6091          |  16|   0|   16|          0|
    |add_ln42_reg_5804             |  16|   0|   16|          0|
    |add_ln58_82_reg_6177          |  16|   0|   16|          0|
    |add_ln58_83_reg_6197          |  16|   0|   16|          0|
    |and_ln42_292_reg_5815         |   1|   0|    1|          0|
    |and_ln42_299_reg_5856         |   1|   0|    1|          0|
    |and_ln42_306_reg_5897         |   1|   0|    1|          0|
    |and_ln42_313_reg_5938         |   1|   0|    1|          0|
    |and_ln42_320_reg_5979         |   1|   0|    1|          0|
    |and_ln42_327_reg_6020         |   1|   0|    1|          0|
    |and_ln42_334_reg_6061         |   1|   0|    1|          0|
    |and_ln42_341_reg_6102         |   1|   0|    1|          0|
    |data_42_val_int_reg           |  16|   0|   16|          0|
    |data_43_val_int_reg           |  16|   0|   16|          0|
    |data_44_val_int_reg           |  16|   0|   16|          0|
    |data_45_val_int_reg           |  16|   0|   16|          0|
    |data_46_val_int_reg           |  16|   0|   16|          0|
    |data_47_val_int_reg           |  16|   0|   16|          0|
    |data_48_val_int_reg           |  16|   0|   16|          0|
    |data_49_val_int_reg           |  16|   0|   16|          0|
    |data_50_val_int_reg           |  16|   0|   16|          0|
    |data_51_val_int_reg           |  16|   0|   16|          0|
    |data_52_val_int_reg           |  16|   0|   16|          0|
    |data_53_val_int_reg           |  16|   0|   16|          0|
    |data_54_val_int_reg           |  16|   0|   16|          0|
    |data_55_val_int_reg           |  16|   0|   16|          0|
    |icmp_ln42_166_reg_5822        |   1|   0|    1|          0|
    |icmp_ln42_167_reg_5827        |   1|   0|    1|          0|
    |icmp_ln42_168_reg_5834        |   1|   0|    1|          0|
    |icmp_ln42_170_reg_5863        |   1|   0|    1|          0|
    |icmp_ln42_171_reg_5868        |   1|   0|    1|          0|
    |icmp_ln42_172_reg_5875        |   1|   0|    1|          0|
    |icmp_ln42_174_reg_5904        |   1|   0|    1|          0|
    |icmp_ln42_175_reg_5909        |   1|   0|    1|          0|
    |icmp_ln42_176_reg_5916        |   1|   0|    1|          0|
    |icmp_ln42_178_reg_5945        |   1|   0|    1|          0|
    |icmp_ln42_179_reg_5950        |   1|   0|    1|          0|
    |icmp_ln42_180_reg_5957        |   1|   0|    1|          0|
    |icmp_ln42_182_reg_5986        |   1|   0|    1|          0|
    |icmp_ln42_183_reg_5991        |   1|   0|    1|          0|
    |icmp_ln42_184_reg_5998        |   1|   0|    1|          0|
    |icmp_ln42_186_reg_6027        |   1|   0|    1|          0|
    |icmp_ln42_187_reg_6032        |   1|   0|    1|          0|
    |icmp_ln42_188_reg_6039        |   1|   0|    1|          0|
    |icmp_ln42_190_reg_6068        |   1|   0|    1|          0|
    |icmp_ln42_191_reg_6073        |   1|   0|    1|          0|
    |icmp_ln42_192_reg_6080        |   1|   0|    1|          0|
    |icmp_ln42_194_reg_6109        |   1|   0|    1|          0|
    |icmp_ln42_195_reg_6114        |   1|   0|    1|          0|
    |icmp_ln42_196_reg_6121        |   1|   0|    1|          0|
    |idx_int_reg                   |   6|   0|    6|          0|
    |mul_ln73_40_reg_692           |  32|   0|   32|          0|
    |mul_ln73_41_reg_696           |  32|   0|   32|          0|
    |mul_ln73_42_reg_700           |  32|   0|   32|          0|
    |mul_ln73_43_reg_704           |  32|   0|   32|          0|
    |mul_ln73_44_reg_708           |  32|   0|   32|          0|
    |mul_ln73_45_reg_712           |  32|   0|   32|          0|
    |mul_ln73_46_reg_716           |  32|   0|   32|          0|
    |mul_ln73_reg_688              |  32|   0|   32|          0|
    |select_ln42_200_reg_6141      |  16|   0|   16|          0|
    |select_ln42_204_reg_6147      |  16|   0|   16|          0|
    |select_ln42_208_reg_6153      |  16|   0|   16|          0|
    |select_ln42_212_reg_6159      |  16|   0|   16|          0|
    |select_ln42_216_reg_6165      |  16|   0|   16|          0|
    |select_ln42_220_reg_6171      |  16|   0|   16|          0|
    |tmp_2004_reg_5809             |   1|   0|    1|          0|
    |tmp_2006_reg_5839             |   1|   0|    1|          0|
    |tmp_2010_reg_5850             |   1|   0|    1|          0|
    |tmp_2012_reg_5880             |   1|   0|    1|          0|
    |tmp_2016_reg_5891             |   1|   0|    1|          0|
    |tmp_2018_reg_5921             |   1|   0|    1|          0|
    |tmp_2022_reg_5932             |   1|   0|    1|          0|
    |tmp_2024_reg_5962             |   1|   0|    1|          0|
    |tmp_2028_reg_5973             |   1|   0|    1|          0|
    |tmp_2030_reg_6003             |   1|   0|    1|          0|
    |tmp_2034_reg_6014             |   1|   0|    1|          0|
    |tmp_2036_reg_6044             |   1|   0|    1|          0|
    |tmp_2040_reg_6055             |   1|   0|    1|          0|
    |tmp_2042_reg_6085             |   1|   0|    1|          0|
    |tmp_2046_reg_6096             |   1|   0|    1|          0|
    |tmp_2092_reg_6183             |   1|   0|    1|          0|
    |tmp_2093_reg_6190             |   1|   0|    1|          0|
    |tmp_2094_reg_6203             |   1|   0|    1|          0|
    |tmp_2095_reg_6210             |   1|   0|    1|          0|
    |tmp_reg_5798                  |   1|   0|    1|          0|
    |weights_42_val_int_reg        |  16|   0|   16|          0|
    |weights_43_val_int_reg        |  16|   0|   16|          0|
    |weights_44_val_int_reg        |  16|   0|   16|          0|
    |weights_45_val_int_reg        |  16|   0|   16|          0|
    |weights_46_val_int_reg        |  16|   0|   16|          0|
    |weights_47_val_int_reg        |  16|   0|   16|          0|
    |weights_48_val_int_reg        |  16|   0|   16|          0|
    |weights_49_val_int_reg        |  16|   0|   16|          0|
    |weights_50_val_int_reg        |  16|   0|   16|          0|
    |weights_50_val_read_reg_5793  |  16|   0|   16|          0|
    |weights_51_val_int_reg        |  16|   0|   16|          0|
    |weights_51_val_read_reg_5788  |  16|   0|   16|          0|
    |weights_52_val_int_reg        |  16|   0|   16|          0|
    |weights_52_val_read_reg_5783  |  16|   0|   16|          0|
    |weights_53_val_int_reg        |  16|   0|   16|          0|
    |weights_53_val_read_reg_5778  |  16|   0|   16|          0|
    |weights_54_val_int_reg        |  16|   0|   16|          0|
    |weights_54_val_read_reg_5773  |  16|   0|   16|          0|
    |weights_55_val_int_reg        |  16|   0|   16|          0|
    |weights_55_val_read_reg_5768  |  16|   0|   16|          0|
    +------------------------------+----+----+-----+-----------+
    |Total                         |1162|   0| 1162|          0|
    +------------------------------+----+----+-----+-----------+



================================================================
== Interface
================================================================
* Summary: 
+----------------+-----+-----+------------+-----------------------------------------------------------------+--------------+
|    RTL Ports   | Dir | Bits|  Protocol  |                          Source Object                          |    C Type    |
+----------------+-----+-----+------------+-----------------------------------------------------------------+--------------+
|ap_clk          |   in|    1|  ap_ctrl_hs|  dense_latency<ap_fixed,ap_fixed<16,4,4,0,0>,config3_dense_qk>.6|  return value|
|ap_rst          |   in|    1|  ap_ctrl_hs|  dense_latency<ap_fixed,ap_fixed<16,4,4,0,0>,config3_dense_qk>.6|  return value|
|ap_return_0     |  out|   16|  ap_ctrl_hs|  dense_latency<ap_fixed,ap_fixed<16,4,4,0,0>,config3_dense_qk>.6|  return value|
|ap_return_1     |  out|   16|  ap_ctrl_hs|  dense_latency<ap_fixed,ap_fixed<16,4,4,0,0>,config3_dense_qk>.6|  return value|
|ap_ce           |   in|    1|  ap_ctrl_hs|  dense_latency<ap_fixed,ap_fixed<16,4,4,0,0>,config3_dense_qk>.6|  return value|
|data_42_val     |   in|   16|     ap_none|                                                      data_42_val|        scalar|
|data_43_val     |   in|   16|     ap_none|                                                      data_43_val|        scalar|
|data_44_val     |   in|   16|     ap_none|                                                      data_44_val|        scalar|
|data_45_val     |   in|   16|     ap_none|                                                      data_45_val|        scalar|
|data_46_val     |   in|   16|     ap_none|                                                      data_46_val|        scalar|
|data_47_val     |   in|   16|     ap_none|                                                      data_47_val|        scalar|
|data_48_val     |   in|   16|     ap_none|                                                      data_48_val|        scalar|
|data_49_val     |   in|   16|     ap_none|                                                      data_49_val|        scalar|
|data_50_val     |   in|   16|     ap_none|                                                      data_50_val|        scalar|
|data_51_val     |   in|   16|     ap_none|                                                      data_51_val|        scalar|
|data_52_val     |   in|   16|     ap_none|                                                      data_52_val|        scalar|
|data_53_val     |   in|   16|     ap_none|                                                      data_53_val|        scalar|
|data_54_val     |   in|   16|     ap_none|                                                      data_54_val|        scalar|
|data_55_val     |   in|   16|     ap_none|                                                      data_55_val|        scalar|
|weights_42_val  |   in|   16|     ap_none|                                                   weights_42_val|        scalar|
|weights_43_val  |   in|   16|     ap_none|                                                   weights_43_val|        scalar|
|weights_44_val  |   in|   16|     ap_none|                                                   weights_44_val|        scalar|
|weights_45_val  |   in|   16|     ap_none|                                                   weights_45_val|        scalar|
|weights_46_val  |   in|   16|     ap_none|                                                   weights_46_val|        scalar|
|weights_47_val  |   in|   16|     ap_none|                                                   weights_47_val|        scalar|
|weights_48_val  |   in|   16|     ap_none|                                                   weights_48_val|        scalar|
|weights_49_val  |   in|   16|     ap_none|                                                   weights_49_val|        scalar|
|weights_50_val  |   in|   16|     ap_none|                                                   weights_50_val|        scalar|
|weights_51_val  |   in|   16|     ap_none|                                                   weights_51_val|        scalar|
|weights_52_val  |   in|   16|     ap_none|                                                   weights_52_val|        scalar|
|weights_53_val  |   in|   16|     ap_none|                                                   weights_53_val|        scalar|
|weights_54_val  |   in|   16|     ap_none|                                                   weights_54_val|        scalar|
|weights_55_val  |   in|   16|     ap_none|                                                   weights_55_val|        scalar|
|idx             |   in|    6|     ap_none|                                                              idx|        scalar|
+----------------+-----+-----+------------+-----------------------------------------------------------------+--------------+

