

================================================================
== Vitis HLS Report for 'hept_ap_fixed_13_4_4_0_0_ap_fixed_13_4_4_0_0_config5_s'
================================================================
* Date:           Sun Feb  9 18:47:21 2025

* Version:        2023.2 (Build 4023990 on Oct 11 2023)
* Project:        myproject_prj
* Solution:       solution1 (Vivado IP Flow Target)
* Product family: virtexuplus
* Target device:  xcvu13p-flga2577-2-e


================================================================
== Performance Estimates
================================================================
+ Timing: 
    * Summary: 
    +--------+---------+----------+------------+
    |  Clock |  Target | Estimated| Uncertainty|
    +--------+---------+----------+------------+
    |ap_clk  |  5.00 ns|  4.294 ns|     0.62 ns|
    +--------+---------+----------+------------+

+ Latency: 
    * Summary: 
    +---------+---------+-----------+-----------+-----+-----+---------+
    |  Latency (cycles) |   Latency (absolute)  |  Interval | Pipeline|
    |   min   |   max   |    min    |    max    | min | max |   Type  |
    +---------+---------+-----------+-----------+-----+-----+---------+
    |       15|       15|  75.000 ns|  75.000 ns|    1|    1|      yes|
    +---------+---------+-----------+-----------+-----+-----+---------+

    + Detail: 
        * Instance: 
        N/A

        * Loop: 
        N/A

============================================================
+ Verbose Summary: Synthesis Manager
============================================================
InlineROM: 1
ExposeGlobal: 0
============================================================
+ Verbose Summary: CDFG Model
============================================================
IsTopModel: 0
ResetActiveHigh: 1
IsCombinational: 0
IsDatapathOnly: 0
HasWiredReturn: 1
HasMFsm: 2
HasVarLatency: 0
IsPipeline: 1
IsRtlPipelined: 1
IsInstanceOverlapped: 0
IsDontTouch: 0
HasImplIP: 0
IsGatedGlobalClock: 0

+ Individual pipeline summary: 
  * Pipeline-0: initiation interval (II) = 1, depth = 16


============================================================
+ Verbose Summary: Schedule
============================================================
* Number of FSM states : 16
* Pipeline : 1
  Pipeline-0 : II = 1, D = 16, States = { 1 2 3 4 5 6 7 8 9 10 11 12 13 14 15 16 }
* Dataflow Pipeline: 0

* FSM state transitions: 
1 --> 2 
2 --> 3 
3 --> 4 
4 --> 5 
5 --> 6 
6 --> 7 
7 --> 8 
8 --> 9 
9 --> 10 
10 --> 11 
11 --> 12 
12 --> 13 
13 --> 14 
14 --> 15 
15 --> 16 
16 --> 

* FSM state operations: 

State 1 <SV = 0> <Delay = 3.24>
ST_1 : Operation 17 [1/1] (0.00ns)   --->   "%padding_mask_3_val84_read = read i13 @_ssdm_op_Read.ap_auto.i13, i13 %padding_mask_3_val84" [firmware/nnet_utils/nnet_hept.h:63->firmware/nnet_utils/nnet_hept.h:250]   --->   Operation 17 'read' 'padding_mask_3_val84_read' <Predicate = true> <Delay = 0.00>
ST_1 : Operation 18 [1/1] (0.00ns)   --->   "%padding_mask_2_val83_read = read i13 @_ssdm_op_Read.ap_auto.i13, i13 %padding_mask_2_val83" [firmware/nnet_utils/nnet_hept.h:63->firmware/nnet_utils/nnet_hept.h:250]   --->   Operation 18 'read' 'padding_mask_2_val83_read' <Predicate = true> <Delay = 0.00>
ST_1 : Operation 19 [1/1] (0.00ns)   --->   "%padding_mask_1_val82_read = read i13 @_ssdm_op_Read.ap_auto.i13, i13 %padding_mask_1_val82" [firmware/nnet_utils/nnet_hept.h:63->firmware/nnet_utils/nnet_hept.h:250]   --->   Operation 19 'read' 'padding_mask_1_val82_read' <Predicate = true> <Delay = 0.00>
ST_1 : Operation 20 [1/1] (0.00ns)   --->   "%padding_mask_0_val81_read = read i13 @_ssdm_op_Read.ap_auto.i13, i13 %padding_mask_0_val81" [firmware/nnet_utils/nnet_hept.h:63->firmware/nnet_utils/nnet_hept.h:250]   --->   Operation 20 'read' 'padding_mask_0_val81_read' <Predicate = true> <Delay = 0.00>
ST_1 : Operation 21 [1/1] (0.00ns)   --->   "%value_15_val_read = read i13 @_ssdm_op_Read.ap_auto.i13, i13 %value_15_val" [firmware/nnet_utils/nnet_hept.h:63->firmware/nnet_utils/nnet_hept.h:250]   --->   Operation 21 'read' 'value_15_val_read' <Predicate = true> <Delay = 0.00>
ST_1 : Operation 22 [1/1] (0.00ns)   --->   "%value_14_val_read = read i13 @_ssdm_op_Read.ap_auto.i13, i13 %value_14_val" [firmware/nnet_utils/nnet_hept.h:63->firmware/nnet_utils/nnet_hept.h:250]   --->   Operation 22 'read' 'value_14_val_read' <Predicate = true> <Delay = 0.00>
ST_1 : Operation 23 [1/1] (0.00ns)   --->   "%value_13_val_read = read i13 @_ssdm_op_Read.ap_auto.i13, i13 %value_13_val" [firmware/nnet_utils/nnet_hept.h:63->firmware/nnet_utils/nnet_hept.h:250]   --->   Operation 23 'read' 'value_13_val_read' <Predicate = true> <Delay = 0.00>
ST_1 : Operation 24 [1/1] (0.00ns)   --->   "%value_12_val_read = read i13 @_ssdm_op_Read.ap_auto.i13, i13 %value_12_val" [firmware/nnet_utils/nnet_hept.h:63->firmware/nnet_utils/nnet_hept.h:250]   --->   Operation 24 'read' 'value_12_val_read' <Predicate = true> <Delay = 0.00>
ST_1 : Operation 25 [1/1] (0.00ns)   --->   "%value_11_val_read = read i13 @_ssdm_op_Read.ap_auto.i13, i13 %value_11_val" [firmware/nnet_utils/nnet_hept.h:63->firmware/nnet_utils/nnet_hept.h:250]   --->   Operation 25 'read' 'value_11_val_read' <Predicate = true> <Delay = 0.00>
ST_1 : Operation 26 [1/1] (0.00ns)   --->   "%value_10_val_read = read i13 @_ssdm_op_Read.ap_auto.i13, i13 %value_10_val" [firmware/nnet_utils/nnet_hept.h:63->firmware/nnet_utils/nnet_hept.h:250]   --->   Operation 26 'read' 'value_10_val_read' <Predicate = true> <Delay = 0.00>
ST_1 : Operation 27 [1/1] (0.00ns)   --->   "%value_9_val_read = read i13 @_ssdm_op_Read.ap_auto.i13, i13 %value_9_val" [firmware/nnet_utils/nnet_hept.h:63->firmware/nnet_utils/nnet_hept.h:250]   --->   Operation 27 'read' 'value_9_val_read' <Predicate = true> <Delay = 0.00>
ST_1 : Operation 28 [1/1] (0.00ns)   --->   "%value_8_val_read = read i13 @_ssdm_op_Read.ap_auto.i13, i13 %value_8_val" [firmware/nnet_utils/nnet_hept.h:63->firmware/nnet_utils/nnet_hept.h:250]   --->   Operation 28 'read' 'value_8_val_read' <Predicate = true> <Delay = 0.00>
ST_1 : Operation 29 [1/1] (0.00ns)   --->   "%value_7_val_read = read i13 @_ssdm_op_Read.ap_auto.i13, i13 %value_7_val" [firmware/nnet_utils/nnet_hept.h:63->firmware/nnet_utils/nnet_hept.h:250]   --->   Operation 29 'read' 'value_7_val_read' <Predicate = true> <Delay = 0.00>
ST_1 : Operation 30 [1/1] (0.00ns)   --->   "%value_6_val_read = read i13 @_ssdm_op_Read.ap_auto.i13, i13 %value_6_val" [firmware/nnet_utils/nnet_hept.h:63->firmware/nnet_utils/nnet_hept.h:250]   --->   Operation 30 'read' 'value_6_val_read' <Predicate = true> <Delay = 0.00>
ST_1 : Operation 31 [1/1] (0.00ns)   --->   "%value_5_val_read = read i13 @_ssdm_op_Read.ap_auto.i13, i13 %value_5_val" [firmware/nnet_utils/nnet_hept.h:63->firmware/nnet_utils/nnet_hept.h:250]   --->   Operation 31 'read' 'value_5_val_read' <Predicate = true> <Delay = 0.00>
ST_1 : Operation 32 [1/1] (0.00ns)   --->   "%value_4_val_read = read i13 @_ssdm_op_Read.ap_auto.i13, i13 %value_4_val" [firmware/nnet_utils/nnet_hept.h:63->firmware/nnet_utils/nnet_hept.h:250]   --->   Operation 32 'read' 'value_4_val_read' <Predicate = true> <Delay = 0.00>
ST_1 : Operation 33 [1/1] (0.00ns)   --->   "%value_3_val_read = read i13 @_ssdm_op_Read.ap_auto.i13, i13 %value_3_val" [firmware/nnet_utils/nnet_hept.h:63->firmware/nnet_utils/nnet_hept.h:250]   --->   Operation 33 'read' 'value_3_val_read' <Predicate = true> <Delay = 0.00>
ST_1 : Operation 34 [1/1] (0.00ns)   --->   "%value_2_val_read = read i13 @_ssdm_op_Read.ap_auto.i13, i13 %value_2_val" [firmware/nnet_utils/nnet_hept.h:63->firmware/nnet_utils/nnet_hept.h:250]   --->   Operation 34 'read' 'value_2_val_read' <Predicate = true> <Delay = 0.00>
ST_1 : Operation 35 [1/1] (0.00ns)   --->   "%value_1_val_read = read i13 @_ssdm_op_Read.ap_auto.i13, i13 %value_1_val" [firmware/nnet_utils/nnet_hept.h:63->firmware/nnet_utils/nnet_hept.h:250]   --->   Operation 35 'read' 'value_1_val_read' <Predicate = true> <Delay = 0.00>
ST_1 : Operation 36 [1/1] (0.00ns)   --->   "%value_0_val_read = read i13 @_ssdm_op_Read.ap_auto.i13, i13 %value_0_val" [firmware/nnet_utils/nnet_hept.h:63->firmware/nnet_utils/nnet_hept.h:250]   --->   Operation 36 'read' 'value_0_val_read' <Predicate = true> <Delay = 0.00>
ST_1 : Operation 37 [1/1] (0.00ns)   --->   "%key_39_val80_read = read i13 @_ssdm_op_Read.ap_auto.i13, i13 %key_39_val80" [firmware/nnet_utils/nnet_hept.h:63->firmware/nnet_utils/nnet_hept.h:250]   --->   Operation 37 'read' 'key_39_val80_read' <Predicate = true> <Delay = 0.00>
ST_1 : Operation 38 [1/1] (0.00ns)   --->   "%key_38_val79_read = read i13 @_ssdm_op_Read.ap_auto.i13, i13 %key_38_val79" [firmware/nnet_utils/nnet_hept.h:63->firmware/nnet_utils/nnet_hept.h:250]   --->   Operation 38 'read' 'key_38_val79_read' <Predicate = true> <Delay = 0.00>
ST_1 : Operation 39 [1/1] (0.00ns)   --->   "%key_37_val78_read = read i13 @_ssdm_op_Read.ap_auto.i13, i13 %key_37_val78" [firmware/nnet_utils/nnet_hept.h:63->firmware/nnet_utils/nnet_hept.h:250]   --->   Operation 39 'read' 'key_37_val78_read' <Predicate = true> <Delay = 0.00>
ST_1 : Operation 40 [1/1] (0.00ns)   --->   "%key_36_val77_read = read i13 @_ssdm_op_Read.ap_auto.i13, i13 %key_36_val77" [firmware/nnet_utils/nnet_hept.h:63->firmware/nnet_utils/nnet_hept.h:250]   --->   Operation 40 'read' 'key_36_val77_read' <Predicate = true> <Delay = 0.00>
ST_1 : Operation 41 [1/1] (0.00ns)   --->   "%key_35_val76_read = read i13 @_ssdm_op_Read.ap_auto.i13, i13 %key_35_val76" [firmware/nnet_utils/nnet_hept.h:63->firmware/nnet_utils/nnet_hept.h:250]   --->   Operation 41 'read' 'key_35_val76_read' <Predicate = true> <Delay = 0.00>
ST_1 : Operation 42 [1/1] (0.00ns)   --->   "%key_34_val75_read = read i13 @_ssdm_op_Read.ap_auto.i13, i13 %key_34_val75" [firmware/nnet_utils/nnet_hept.h:63->firmware/nnet_utils/nnet_hept.h:250]   --->   Operation 42 'read' 'key_34_val75_read' <Predicate = true> <Delay = 0.00>
ST_1 : Operation 43 [1/1] (0.00ns)   --->   "%key_33_val74_read = read i13 @_ssdm_op_Read.ap_auto.i13, i13 %key_33_val74" [firmware/nnet_utils/nnet_hept.h:63->firmware/nnet_utils/nnet_hept.h:250]   --->   Operation 43 'read' 'key_33_val74_read' <Predicate = true> <Delay = 0.00>
ST_1 : Operation 44 [1/1] (0.00ns)   --->   "%key_32_val73_read = read i13 @_ssdm_op_Read.ap_auto.i13, i13 %key_32_val73" [firmware/nnet_utils/nnet_hept.h:63->firmware/nnet_utils/nnet_hept.h:250]   --->   Operation 44 'read' 'key_32_val73_read' <Predicate = true> <Delay = 0.00>
ST_1 : Operation 45 [1/1] (0.00ns)   --->   "%key_31_val72_read = read i13 @_ssdm_op_Read.ap_auto.i13, i13 %key_31_val72" [firmware/nnet_utils/nnet_hept.h:63->firmware/nnet_utils/nnet_hept.h:250]   --->   Operation 45 'read' 'key_31_val72_read' <Predicate = true> <Delay = 0.00>
ST_1 : Operation 46 [1/1] (0.00ns)   --->   "%key_30_val71_read = read i13 @_ssdm_op_Read.ap_auto.i13, i13 %key_30_val71" [firmware/nnet_utils/nnet_hept.h:63->firmware/nnet_utils/nnet_hept.h:250]   --->   Operation 46 'read' 'key_30_val71_read' <Predicate = true> <Delay = 0.00>
ST_1 : Operation 47 [1/1] (0.00ns)   --->   "%key_29_val70_read = read i13 @_ssdm_op_Read.ap_auto.i13, i13 %key_29_val70" [firmware/nnet_utils/nnet_hept.h:63->firmware/nnet_utils/nnet_hept.h:250]   --->   Operation 47 'read' 'key_29_val70_read' <Predicate = true> <Delay = 0.00>
ST_1 : Operation 48 [1/1] (0.00ns)   --->   "%key_28_val69_read = read i13 @_ssdm_op_Read.ap_auto.i13, i13 %key_28_val69" [firmware/nnet_utils/nnet_hept.h:63->firmware/nnet_utils/nnet_hept.h:250]   --->   Operation 48 'read' 'key_28_val69_read' <Predicate = true> <Delay = 0.00>
ST_1 : Operation 49 [1/1] (0.00ns)   --->   "%key_27_val68_read = read i13 @_ssdm_op_Read.ap_auto.i13, i13 %key_27_val68" [firmware/nnet_utils/nnet_hept.h:63->firmware/nnet_utils/nnet_hept.h:250]   --->   Operation 49 'read' 'key_27_val68_read' <Predicate = true> <Delay = 0.00>
ST_1 : Operation 50 [1/1] (0.00ns)   --->   "%key_26_val67_read = read i13 @_ssdm_op_Read.ap_auto.i13, i13 %key_26_val67" [firmware/nnet_utils/nnet_hept.h:63->firmware/nnet_utils/nnet_hept.h:250]   --->   Operation 50 'read' 'key_26_val67_read' <Predicate = true> <Delay = 0.00>
ST_1 : Operation 51 [1/1] (0.00ns)   --->   "%key_25_val66_read = read i13 @_ssdm_op_Read.ap_auto.i13, i13 %key_25_val66" [firmware/nnet_utils/nnet_hept.h:63->firmware/nnet_utils/nnet_hept.h:250]   --->   Operation 51 'read' 'key_25_val66_read' <Predicate = true> <Delay = 0.00>
ST_1 : Operation 52 [1/1] (0.00ns)   --->   "%key_24_val65_read = read i13 @_ssdm_op_Read.ap_auto.i13, i13 %key_24_val65" [firmware/nnet_utils/nnet_hept.h:63->firmware/nnet_utils/nnet_hept.h:250]   --->   Operation 52 'read' 'key_24_val65_read' <Predicate = true> <Delay = 0.00>
ST_1 : Operation 53 [1/1] (0.00ns)   --->   "%key_23_val64_read = read i13 @_ssdm_op_Read.ap_auto.i13, i13 %key_23_val64" [firmware/nnet_utils/nnet_hept.h:63->firmware/nnet_utils/nnet_hept.h:250]   --->   Operation 53 'read' 'key_23_val64_read' <Predicate = true> <Delay = 0.00>
ST_1 : Operation 54 [1/1] (0.00ns)   --->   "%key_22_val63_read = read i13 @_ssdm_op_Read.ap_auto.i13, i13 %key_22_val63" [firmware/nnet_utils/nnet_hept.h:63->firmware/nnet_utils/nnet_hept.h:250]   --->   Operation 54 'read' 'key_22_val63_read' <Predicate = true> <Delay = 0.00>
ST_1 : Operation 55 [1/1] (0.00ns)   --->   "%key_21_val62_read = read i13 @_ssdm_op_Read.ap_auto.i13, i13 %key_21_val62" [firmware/nnet_utils/nnet_hept.h:63->firmware/nnet_utils/nnet_hept.h:250]   --->   Operation 55 'read' 'key_21_val62_read' <Predicate = true> <Delay = 0.00>
ST_1 : Operation 56 [1/1] (0.00ns)   --->   "%key_20_val61_read = read i13 @_ssdm_op_Read.ap_auto.i13, i13 %key_20_val61" [firmware/nnet_utils/nnet_hept.h:63->firmware/nnet_utils/nnet_hept.h:250]   --->   Operation 56 'read' 'key_20_val61_read' <Predicate = true> <Delay = 0.00>
ST_1 : Operation 57 [1/1] (0.00ns)   --->   "%key_19_val60_read = read i13 @_ssdm_op_Read.ap_auto.i13, i13 %key_19_val60" [firmware/nnet_utils/nnet_hept.h:63->firmware/nnet_utils/nnet_hept.h:250]   --->   Operation 57 'read' 'key_19_val60_read' <Predicate = true> <Delay = 0.00>
ST_1 : Operation 58 [1/1] (0.00ns)   --->   "%key_18_val59_read = read i13 @_ssdm_op_Read.ap_auto.i13, i13 %key_18_val59" [firmware/nnet_utils/nnet_hept.h:63->firmware/nnet_utils/nnet_hept.h:250]   --->   Operation 58 'read' 'key_18_val59_read' <Predicate = true> <Delay = 0.00>
ST_1 : Operation 59 [1/1] (0.00ns)   --->   "%key_17_val58_read = read i13 @_ssdm_op_Read.ap_auto.i13, i13 %key_17_val58" [firmware/nnet_utils/nnet_hept.h:63->firmware/nnet_utils/nnet_hept.h:250]   --->   Operation 59 'read' 'key_17_val58_read' <Predicate = true> <Delay = 0.00>
ST_1 : Operation 60 [1/1] (0.00ns)   --->   "%key_16_val57_read = read i13 @_ssdm_op_Read.ap_auto.i13, i13 %key_16_val57" [firmware/nnet_utils/nnet_hept.h:63->firmware/nnet_utils/nnet_hept.h:250]   --->   Operation 60 'read' 'key_16_val57_read' <Predicate = true> <Delay = 0.00>
ST_1 : Operation 61 [1/1] (0.00ns)   --->   "%key_15_val56_read = read i13 @_ssdm_op_Read.ap_auto.i13, i13 %key_15_val56" [firmware/nnet_utils/nnet_hept.h:63->firmware/nnet_utils/nnet_hept.h:250]   --->   Operation 61 'read' 'key_15_val56_read' <Predicate = true> <Delay = 0.00>
ST_1 : Operation 62 [1/1] (0.00ns)   --->   "%key_14_val55_read = read i13 @_ssdm_op_Read.ap_auto.i13, i13 %key_14_val55" [firmware/nnet_utils/nnet_hept.h:63->firmware/nnet_utils/nnet_hept.h:250]   --->   Operation 62 'read' 'key_14_val55_read' <Predicate = true> <Delay = 0.00>
ST_1 : Operation 63 [1/1] (0.00ns)   --->   "%key_13_val54_read = read i13 @_ssdm_op_Read.ap_auto.i13, i13 %key_13_val54" [firmware/nnet_utils/nnet_hept.h:63->firmware/nnet_utils/nnet_hept.h:250]   --->   Operation 63 'read' 'key_13_val54_read' <Predicate = true> <Delay = 0.00>
ST_1 : Operation 64 [1/1] (0.00ns)   --->   "%key_12_val53_read = read i13 @_ssdm_op_Read.ap_auto.i13, i13 %key_12_val53" [firmware/nnet_utils/nnet_hept.h:63->firmware/nnet_utils/nnet_hept.h:250]   --->   Operation 64 'read' 'key_12_val53_read' <Predicate = true> <Delay = 0.00>
ST_1 : Operation 65 [1/1] (0.00ns)   --->   "%key_11_val52_read = read i13 @_ssdm_op_Read.ap_auto.i13, i13 %key_11_val52" [firmware/nnet_utils/nnet_hept.h:63->firmware/nnet_utils/nnet_hept.h:250]   --->   Operation 65 'read' 'key_11_val52_read' <Predicate = true> <Delay = 0.00>
ST_1 : Operation 66 [1/1] (0.00ns)   --->   "%key_10_val51_read = read i13 @_ssdm_op_Read.ap_auto.i13, i13 %key_10_val51" [firmware/nnet_utils/nnet_hept.h:63->firmware/nnet_utils/nnet_hept.h:250]   --->   Operation 66 'read' 'key_10_val51_read' <Predicate = true> <Delay = 0.00>
ST_1 : Operation 67 [1/1] (0.00ns)   --->   "%key_9_val50_read = read i13 @_ssdm_op_Read.ap_auto.i13, i13 %key_9_val50" [firmware/nnet_utils/nnet_hept.h:63->firmware/nnet_utils/nnet_hept.h:250]   --->   Operation 67 'read' 'key_9_val50_read' <Predicate = true> <Delay = 0.00>
ST_1 : Operation 68 [1/1] (0.00ns)   --->   "%key_8_val49_read = read i13 @_ssdm_op_Read.ap_auto.i13, i13 %key_8_val49" [firmware/nnet_utils/nnet_hept.h:63->firmware/nnet_utils/nnet_hept.h:250]   --->   Operation 68 'read' 'key_8_val49_read' <Predicate = true> <Delay = 0.00>
ST_1 : Operation 69 [1/1] (0.00ns)   --->   "%key_7_val48_read = read i13 @_ssdm_op_Read.ap_auto.i13, i13 %key_7_val48" [firmware/nnet_utils/nnet_hept.h:63->firmware/nnet_utils/nnet_hept.h:250]   --->   Operation 69 'read' 'key_7_val48_read' <Predicate = true> <Delay = 0.00>
ST_1 : Operation 70 [1/1] (0.00ns)   --->   "%key_6_val47_read = read i13 @_ssdm_op_Read.ap_auto.i13, i13 %key_6_val47" [firmware/nnet_utils/nnet_hept.h:63->firmware/nnet_utils/nnet_hept.h:250]   --->   Operation 70 'read' 'key_6_val47_read' <Predicate = true> <Delay = 0.00>
ST_1 : Operation 71 [1/1] (0.00ns)   --->   "%key_5_val46_read = read i13 @_ssdm_op_Read.ap_auto.i13, i13 %key_5_val46" [firmware/nnet_utils/nnet_hept.h:63->firmware/nnet_utils/nnet_hept.h:250]   --->   Operation 71 'read' 'key_5_val46_read' <Predicate = true> <Delay = 0.00>
ST_1 : Operation 72 [1/1] (0.00ns)   --->   "%key_4_val45_read = read i13 @_ssdm_op_Read.ap_auto.i13, i13 %key_4_val45" [firmware/nnet_utils/nnet_hept.h:63->firmware/nnet_utils/nnet_hept.h:250]   --->   Operation 72 'read' 'key_4_val45_read' <Predicate = true> <Delay = 0.00>
ST_1 : Operation 73 [1/1] (0.00ns)   --->   "%key_3_val44_read = read i13 @_ssdm_op_Read.ap_auto.i13, i13 %key_3_val44" [firmware/nnet_utils/nnet_hept.h:63->firmware/nnet_utils/nnet_hept.h:250]   --->   Operation 73 'read' 'key_3_val44_read' <Predicate = true> <Delay = 0.00>
ST_1 : Operation 74 [1/1] (0.00ns)   --->   "%key_2_val43_read = read i13 @_ssdm_op_Read.ap_auto.i13, i13 %key_2_val43" [firmware/nnet_utils/nnet_hept.h:63->firmware/nnet_utils/nnet_hept.h:250]   --->   Operation 74 'read' 'key_2_val43_read' <Predicate = true> <Delay = 0.00>
ST_1 : Operation 75 [1/1] (0.00ns)   --->   "%key_1_val42_read = read i13 @_ssdm_op_Read.ap_auto.i13, i13 %key_1_val42" [firmware/nnet_utils/nnet_hept.h:63->firmware/nnet_utils/nnet_hept.h:250]   --->   Operation 75 'read' 'key_1_val42_read' <Predicate = true> <Delay = 0.00>
ST_1 : Operation 76 [1/1] (0.00ns)   --->   "%key_0_val41_read = read i13 @_ssdm_op_Read.ap_auto.i13, i13 %key_0_val41" [firmware/nnet_utils/nnet_hept.h:63->firmware/nnet_utils/nnet_hept.h:250]   --->   Operation 76 'read' 'key_0_val41_read' <Predicate = true> <Delay = 0.00>
ST_1 : Operation 77 [1/1] (0.00ns)   --->   "%query_39_val40_read = read i13 @_ssdm_op_Read.ap_auto.i13, i13 %query_39_val40" [firmware/nnet_utils/nnet_hept.h:63->firmware/nnet_utils/nnet_hept.h:250]   --->   Operation 77 'read' 'query_39_val40_read' <Predicate = true> <Delay = 0.00>
ST_1 : Operation 78 [1/1] (0.00ns)   --->   "%query_38_val39_read = read i13 @_ssdm_op_Read.ap_auto.i13, i13 %query_38_val39" [firmware/nnet_utils/nnet_hept.h:63->firmware/nnet_utils/nnet_hept.h:250]   --->   Operation 78 'read' 'query_38_val39_read' <Predicate = true> <Delay = 0.00>
ST_1 : Operation 79 [1/1] (0.00ns)   --->   "%query_37_val38_read = read i13 @_ssdm_op_Read.ap_auto.i13, i13 %query_37_val38" [firmware/nnet_utils/nnet_hept.h:63->firmware/nnet_utils/nnet_hept.h:250]   --->   Operation 79 'read' 'query_37_val38_read' <Predicate = true> <Delay = 0.00>
ST_1 : Operation 80 [1/1] (0.00ns)   --->   "%query_36_val37_read = read i13 @_ssdm_op_Read.ap_auto.i13, i13 %query_36_val37" [firmware/nnet_utils/nnet_hept.h:63->firmware/nnet_utils/nnet_hept.h:250]   --->   Operation 80 'read' 'query_36_val37_read' <Predicate = true> <Delay = 0.00>
ST_1 : Operation 81 [1/1] (0.00ns)   --->   "%query_35_val36_read = read i13 @_ssdm_op_Read.ap_auto.i13, i13 %query_35_val36" [firmware/nnet_utils/nnet_hept.h:63->firmware/nnet_utils/nnet_hept.h:250]   --->   Operation 81 'read' 'query_35_val36_read' <Predicate = true> <Delay = 0.00>
ST_1 : Operation 82 [1/1] (0.00ns)   --->   "%query_34_val35_read = read i13 @_ssdm_op_Read.ap_auto.i13, i13 %query_34_val35" [firmware/nnet_utils/nnet_hept.h:63->firmware/nnet_utils/nnet_hept.h:250]   --->   Operation 82 'read' 'query_34_val35_read' <Predicate = true> <Delay = 0.00>
ST_1 : Operation 83 [1/1] (0.00ns)   --->   "%query_33_val34_read = read i13 @_ssdm_op_Read.ap_auto.i13, i13 %query_33_val34" [firmware/nnet_utils/nnet_hept.h:63->firmware/nnet_utils/nnet_hept.h:250]   --->   Operation 83 'read' 'query_33_val34_read' <Predicate = true> <Delay = 0.00>
ST_1 : Operation 84 [1/1] (0.00ns)   --->   "%query_32_val33_read = read i13 @_ssdm_op_Read.ap_auto.i13, i13 %query_32_val33" [firmware/nnet_utils/nnet_hept.h:63->firmware/nnet_utils/nnet_hept.h:250]   --->   Operation 84 'read' 'query_32_val33_read' <Predicate = true> <Delay = 0.00>
ST_1 : Operation 85 [1/1] (0.00ns)   --->   "%query_31_val32_read = read i13 @_ssdm_op_Read.ap_auto.i13, i13 %query_31_val32" [firmware/nnet_utils/nnet_hept.h:63->firmware/nnet_utils/nnet_hept.h:250]   --->   Operation 85 'read' 'query_31_val32_read' <Predicate = true> <Delay = 0.00>
ST_1 : Operation 86 [1/1] (0.00ns)   --->   "%query_30_val31_read = read i13 @_ssdm_op_Read.ap_auto.i13, i13 %query_30_val31" [firmware/nnet_utils/nnet_hept.h:63->firmware/nnet_utils/nnet_hept.h:250]   --->   Operation 86 'read' 'query_30_val31_read' <Predicate = true> <Delay = 0.00>
ST_1 : Operation 87 [1/1] (0.00ns)   --->   "%query_29_val30_read = read i13 @_ssdm_op_Read.ap_auto.i13, i13 %query_29_val30" [firmware/nnet_utils/nnet_hept.h:63->firmware/nnet_utils/nnet_hept.h:250]   --->   Operation 87 'read' 'query_29_val30_read' <Predicate = true> <Delay = 0.00>
ST_1 : Operation 88 [1/1] (0.00ns)   --->   "%query_28_val29_read = read i13 @_ssdm_op_Read.ap_auto.i13, i13 %query_28_val29" [firmware/nnet_utils/nnet_hept.h:63->firmware/nnet_utils/nnet_hept.h:250]   --->   Operation 88 'read' 'query_28_val29_read' <Predicate = true> <Delay = 0.00>
ST_1 : Operation 89 [1/1] (0.00ns)   --->   "%query_27_val28_read = read i13 @_ssdm_op_Read.ap_auto.i13, i13 %query_27_val28" [firmware/nnet_utils/nnet_hept.h:63->firmware/nnet_utils/nnet_hept.h:250]   --->   Operation 89 'read' 'query_27_val28_read' <Predicate = true> <Delay = 0.00>
ST_1 : Operation 90 [1/1] (0.00ns)   --->   "%query_26_val27_read = read i13 @_ssdm_op_Read.ap_auto.i13, i13 %query_26_val27" [firmware/nnet_utils/nnet_hept.h:63->firmware/nnet_utils/nnet_hept.h:250]   --->   Operation 90 'read' 'query_26_val27_read' <Predicate = true> <Delay = 0.00>
ST_1 : Operation 91 [1/1] (0.00ns)   --->   "%query_25_val26_read = read i13 @_ssdm_op_Read.ap_auto.i13, i13 %query_25_val26" [firmware/nnet_utils/nnet_hept.h:63->firmware/nnet_utils/nnet_hept.h:250]   --->   Operation 91 'read' 'query_25_val26_read' <Predicate = true> <Delay = 0.00>
ST_1 : Operation 92 [1/1] (0.00ns)   --->   "%query_24_val25_read = read i13 @_ssdm_op_Read.ap_auto.i13, i13 %query_24_val25" [firmware/nnet_utils/nnet_hept.h:63->firmware/nnet_utils/nnet_hept.h:250]   --->   Operation 92 'read' 'query_24_val25_read' <Predicate = true> <Delay = 0.00>
ST_1 : Operation 93 [1/1] (0.00ns)   --->   "%query_23_val24_read = read i13 @_ssdm_op_Read.ap_auto.i13, i13 %query_23_val24" [firmware/nnet_utils/nnet_hept.h:63->firmware/nnet_utils/nnet_hept.h:250]   --->   Operation 93 'read' 'query_23_val24_read' <Predicate = true> <Delay = 0.00>
ST_1 : Operation 94 [1/1] (0.00ns)   --->   "%query_22_val23_read = read i13 @_ssdm_op_Read.ap_auto.i13, i13 %query_22_val23" [firmware/nnet_utils/nnet_hept.h:63->firmware/nnet_utils/nnet_hept.h:250]   --->   Operation 94 'read' 'query_22_val23_read' <Predicate = true> <Delay = 0.00>
ST_1 : Operation 95 [1/1] (0.00ns)   --->   "%query_21_val22_read = read i13 @_ssdm_op_Read.ap_auto.i13, i13 %query_21_val22" [firmware/nnet_utils/nnet_hept.h:63->firmware/nnet_utils/nnet_hept.h:250]   --->   Operation 95 'read' 'query_21_val22_read' <Predicate = true> <Delay = 0.00>
ST_1 : Operation 96 [1/1] (0.00ns)   --->   "%query_20_val21_read = read i13 @_ssdm_op_Read.ap_auto.i13, i13 %query_20_val21" [firmware/nnet_utils/nnet_hept.h:63->firmware/nnet_utils/nnet_hept.h:250]   --->   Operation 96 'read' 'query_20_val21_read' <Predicate = true> <Delay = 0.00>
ST_1 : Operation 97 [1/1] (0.00ns)   --->   "%query_19_val20_read = read i13 @_ssdm_op_Read.ap_auto.i13, i13 %query_19_val20" [firmware/nnet_utils/nnet_hept.h:63->firmware/nnet_utils/nnet_hept.h:250]   --->   Operation 97 'read' 'query_19_val20_read' <Predicate = true> <Delay = 0.00>
ST_1 : Operation 98 [1/1] (0.00ns)   --->   "%query_18_val19_read = read i13 @_ssdm_op_Read.ap_auto.i13, i13 %query_18_val19" [firmware/nnet_utils/nnet_hept.h:63->firmware/nnet_utils/nnet_hept.h:250]   --->   Operation 98 'read' 'query_18_val19_read' <Predicate = true> <Delay = 0.00>
ST_1 : Operation 99 [1/1] (0.00ns)   --->   "%query_17_val18_read = read i13 @_ssdm_op_Read.ap_auto.i13, i13 %query_17_val18" [firmware/nnet_utils/nnet_hept.h:63->firmware/nnet_utils/nnet_hept.h:250]   --->   Operation 99 'read' 'query_17_val18_read' <Predicate = true> <Delay = 0.00>
ST_1 : Operation 100 [1/1] (0.00ns)   --->   "%query_16_val17_read = read i13 @_ssdm_op_Read.ap_auto.i13, i13 %query_16_val17" [firmware/nnet_utils/nnet_hept.h:63->firmware/nnet_utils/nnet_hept.h:250]   --->   Operation 100 'read' 'query_16_val17_read' <Predicate = true> <Delay = 0.00>
ST_1 : Operation 101 [1/1] (0.00ns)   --->   "%query_15_val16_read = read i13 @_ssdm_op_Read.ap_auto.i13, i13 %query_15_val16" [firmware/nnet_utils/nnet_hept.h:63->firmware/nnet_utils/nnet_hept.h:250]   --->   Operation 101 'read' 'query_15_val16_read' <Predicate = true> <Delay = 0.00>
ST_1 : Operation 102 [1/1] (0.00ns)   --->   "%query_14_val15_read = read i13 @_ssdm_op_Read.ap_auto.i13, i13 %query_14_val15" [firmware/nnet_utils/nnet_hept.h:63->firmware/nnet_utils/nnet_hept.h:250]   --->   Operation 102 'read' 'query_14_val15_read' <Predicate = true> <Delay = 0.00>
ST_1 : Operation 103 [1/1] (0.00ns)   --->   "%query_13_val14_read = read i13 @_ssdm_op_Read.ap_auto.i13, i13 %query_13_val14" [firmware/nnet_utils/nnet_hept.h:63->firmware/nnet_utils/nnet_hept.h:250]   --->   Operation 103 'read' 'query_13_val14_read' <Predicate = true> <Delay = 0.00>
ST_1 : Operation 104 [1/1] (0.00ns)   --->   "%query_12_val13_read = read i13 @_ssdm_op_Read.ap_auto.i13, i13 %query_12_val13" [firmware/nnet_utils/nnet_hept.h:63->firmware/nnet_utils/nnet_hept.h:250]   --->   Operation 104 'read' 'query_12_val13_read' <Predicate = true> <Delay = 0.00>
ST_1 : Operation 105 [1/1] (0.00ns)   --->   "%query_11_val12_read = read i13 @_ssdm_op_Read.ap_auto.i13, i13 %query_11_val12" [firmware/nnet_utils/nnet_hept.h:63->firmware/nnet_utils/nnet_hept.h:250]   --->   Operation 105 'read' 'query_11_val12_read' <Predicate = true> <Delay = 0.00>
ST_1 : Operation 106 [1/1] (0.00ns)   --->   "%query_10_val11_read = read i13 @_ssdm_op_Read.ap_auto.i13, i13 %query_10_val11" [firmware/nnet_utils/nnet_hept.h:63->firmware/nnet_utils/nnet_hept.h:250]   --->   Operation 106 'read' 'query_10_val11_read' <Predicate = true> <Delay = 0.00>
ST_1 : Operation 107 [1/1] (0.00ns)   --->   "%query_9_val10_read = read i13 @_ssdm_op_Read.ap_auto.i13, i13 %query_9_val10" [firmware/nnet_utils/nnet_hept.h:63->firmware/nnet_utils/nnet_hept.h:250]   --->   Operation 107 'read' 'query_9_val10_read' <Predicate = true> <Delay = 0.00>
ST_1 : Operation 108 [1/1] (0.00ns)   --->   "%query_8_val9_read = read i13 @_ssdm_op_Read.ap_auto.i13, i13 %query_8_val9" [firmware/nnet_utils/nnet_hept.h:63->firmware/nnet_utils/nnet_hept.h:250]   --->   Operation 108 'read' 'query_8_val9_read' <Predicate = true> <Delay = 0.00>
ST_1 : Operation 109 [1/1] (0.00ns)   --->   "%query_7_val8_read = read i13 @_ssdm_op_Read.ap_auto.i13, i13 %query_7_val8" [firmware/nnet_utils/nnet_hept.h:63->firmware/nnet_utils/nnet_hept.h:250]   --->   Operation 109 'read' 'query_7_val8_read' <Predicate = true> <Delay = 0.00>
ST_1 : Operation 110 [1/1] (0.00ns)   --->   "%query_6_val7_read = read i13 @_ssdm_op_Read.ap_auto.i13, i13 %query_6_val7" [firmware/nnet_utils/nnet_hept.h:63->firmware/nnet_utils/nnet_hept.h:250]   --->   Operation 110 'read' 'query_6_val7_read' <Predicate = true> <Delay = 0.00>
ST_1 : Operation 111 [1/1] (0.00ns)   --->   "%query_5_val6_read = read i13 @_ssdm_op_Read.ap_auto.i13, i13 %query_5_val6" [firmware/nnet_utils/nnet_hept.h:63->firmware/nnet_utils/nnet_hept.h:250]   --->   Operation 111 'read' 'query_5_val6_read' <Predicate = true> <Delay = 0.00>
ST_1 : Operation 112 [1/1] (0.00ns)   --->   "%query_4_val5_read = read i13 @_ssdm_op_Read.ap_auto.i13, i13 %query_4_val5" [firmware/nnet_utils/nnet_hept.h:63->firmware/nnet_utils/nnet_hept.h:250]   --->   Operation 112 'read' 'query_4_val5_read' <Predicate = true> <Delay = 0.00>
ST_1 : Operation 113 [1/1] (0.00ns)   --->   "%query_3_val4_read = read i13 @_ssdm_op_Read.ap_auto.i13, i13 %query_3_val4" [firmware/nnet_utils/nnet_hept.h:63->firmware/nnet_utils/nnet_hept.h:250]   --->   Operation 113 'read' 'query_3_val4_read' <Predicate = true> <Delay = 0.00>
ST_1 : Operation 114 [1/1] (0.00ns)   --->   "%query_2_val3_read = read i13 @_ssdm_op_Read.ap_auto.i13, i13 %query_2_val3" [firmware/nnet_utils/nnet_hept.h:63->firmware/nnet_utils/nnet_hept.h:250]   --->   Operation 114 'read' 'query_2_val3_read' <Predicate = true> <Delay = 0.00>
ST_1 : Operation 115 [1/1] (0.00ns)   --->   "%query_1_val2_read = read i13 @_ssdm_op_Read.ap_auto.i13, i13 %query_1_val2" [firmware/nnet_utils/nnet_hept.h:63->firmware/nnet_utils/nnet_hept.h:250]   --->   Operation 115 'read' 'query_1_val2_read' <Predicate = true> <Delay = 0.00>
ST_1 : Operation 116 [1/1] (0.00ns)   --->   "%query_0_val1_read = read i13 @_ssdm_op_Read.ap_auto.i13, i13 %query_0_val1" [firmware/nnet_utils/nnet_hept.h:63->firmware/nnet_utils/nnet_hept.h:250]   --->   Operation 116 'read' 'query_0_val1_read' <Predicate = true> <Delay = 0.00>
ST_1 : Operation 117 [1/1] (0.00ns)   --->   "%call_ret1 = call i520 @transpose<ap_fixed,ap_fixed<13,4,4,0,0>,config5_transpose_qk>, i13 %query_0_val1_read, i13 %query_1_val2_read, i13 %query_2_val3_read, i13 %query_3_val4_read, i13 %query_4_val5_read, i13 %query_5_val6_read, i13 %query_6_val7_read, i13 %query_7_val8_read, i13 %query_8_val9_read, i13 %query_9_val10_read, i13 %query_10_val11_read, i13 %query_11_val12_read, i13 %query_12_val13_read, i13 %query_13_val14_read, i13 %query_14_val15_read, i13 %query_15_val16_read, i13 %query_16_val17_read, i13 %query_17_val18_read, i13 %query_18_val19_read, i13 %query_19_val20_read, i13 %query_20_val21_read, i13 %query_21_val22_read, i13 %query_22_val23_read, i13 %query_23_val24_read, i13 %query_24_val25_read, i13 %query_25_val26_read, i13 %query_26_val27_read, i13 %query_27_val28_read, i13 %query_28_val29_read, i13 %query_29_val30_read, i13 %query_30_val31_read, i13 %query_31_val32_read, i13 %query_32_val33_read, i13 %query_33_val34_read, i13 %query_34_val35_read, i13 %query_35_val36_read, i13 %query_36_val37_read, i13 %query_37_val38_read, i13 %query_38_val39_read, i13 %query_39_val40_read" [firmware/nnet_utils/nnet_hept.h:63->firmware/nnet_utils/nnet_hept.h:250]   --->   Operation 117 'call' 'call_ret1' <Predicate = true> <Delay = 0.00> <CoreType = "Generic">   --->   Core 0 '' <Latency = 0> <II = 1> <Delay = 1.00> <Generic> <Opcode : >
ST_1 : Operation 118 [1/1] (0.00ns)   --->   "%q_perm = extractvalue i520 %call_ret1" [firmware/nnet_utils/nnet_hept.h:63->firmware/nnet_utils/nnet_hept.h:250]   --->   Operation 118 'extractvalue' 'q_perm' <Predicate = true> <Delay = 0.00>
ST_1 : Operation 119 [1/1] (0.00ns)   --->   "%q_perm_1 = extractvalue i520 %call_ret1" [firmware/nnet_utils/nnet_hept.h:63->firmware/nnet_utils/nnet_hept.h:250]   --->   Operation 119 'extractvalue' 'q_perm_1' <Predicate = true> <Delay = 0.00>
ST_1 : Operation 120 [1/1] (0.00ns)   --->   "%q_perm_2 = extractvalue i520 %call_ret1" [firmware/nnet_utils/nnet_hept.h:63->firmware/nnet_utils/nnet_hept.h:250]   --->   Operation 120 'extractvalue' 'q_perm_2' <Predicate = true> <Delay = 0.00>
ST_1 : Operation 121 [1/1] (0.00ns)   --->   "%q_perm_3 = extractvalue i520 %call_ret1" [firmware/nnet_utils/nnet_hept.h:63->firmware/nnet_utils/nnet_hept.h:250]   --->   Operation 121 'extractvalue' 'q_perm_3' <Predicate = true> <Delay = 0.00>
ST_1 : Operation 122 [1/1] (0.00ns)   --->   "%q_perm_4 = extractvalue i520 %call_ret1" [firmware/nnet_utils/nnet_hept.h:63->firmware/nnet_utils/nnet_hept.h:250]   --->   Operation 122 'extractvalue' 'q_perm_4' <Predicate = true> <Delay = 0.00>
ST_1 : Operation 123 [1/1] (0.00ns)   --->   "%q_perm_5 = extractvalue i520 %call_ret1" [firmware/nnet_utils/nnet_hept.h:63->firmware/nnet_utils/nnet_hept.h:250]   --->   Operation 123 'extractvalue' 'q_perm_5' <Predicate = true> <Delay = 0.00>
ST_1 : Operation 124 [1/1] (0.00ns)   --->   "%q_perm_6 = extractvalue i520 %call_ret1" [firmware/nnet_utils/nnet_hept.h:63->firmware/nnet_utils/nnet_hept.h:250]   --->   Operation 124 'extractvalue' 'q_perm_6' <Predicate = true> <Delay = 0.00>
ST_1 : Operation 125 [1/1] (0.00ns)   --->   "%q_perm_7 = extractvalue i520 %call_ret1" [firmware/nnet_utils/nnet_hept.h:63->firmware/nnet_utils/nnet_hept.h:250]   --->   Operation 125 'extractvalue' 'q_perm_7' <Predicate = true> <Delay = 0.00>
ST_1 : Operation 126 [1/1] (0.00ns)   --->   "%q_perm_8 = extractvalue i520 %call_ret1" [firmware/nnet_utils/nnet_hept.h:63->firmware/nnet_utils/nnet_hept.h:250]   --->   Operation 126 'extractvalue' 'q_perm_8' <Predicate = true> <Delay = 0.00>
ST_1 : Operation 127 [1/1] (0.00ns)   --->   "%q_perm_9 = extractvalue i520 %call_ret1" [firmware/nnet_utils/nnet_hept.h:63->firmware/nnet_utils/nnet_hept.h:250]   --->   Operation 127 'extractvalue' 'q_perm_9' <Predicate = true> <Delay = 0.00>
ST_1 : Operation 128 [1/1] (0.00ns)   --->   "%q_perm_10 = extractvalue i520 %call_ret1" [firmware/nnet_utils/nnet_hept.h:63->firmware/nnet_utils/nnet_hept.h:250]   --->   Operation 128 'extractvalue' 'q_perm_10' <Predicate = true> <Delay = 0.00>
ST_1 : Operation 129 [1/1] (0.00ns)   --->   "%q_perm_11 = extractvalue i520 %call_ret1" [firmware/nnet_utils/nnet_hept.h:63->firmware/nnet_utils/nnet_hept.h:250]   --->   Operation 129 'extractvalue' 'q_perm_11' <Predicate = true> <Delay = 0.00>
ST_1 : Operation 130 [1/1] (0.00ns)   --->   "%q_perm_12 = extractvalue i520 %call_ret1" [firmware/nnet_utils/nnet_hept.h:63->firmware/nnet_utils/nnet_hept.h:250]   --->   Operation 130 'extractvalue' 'q_perm_12' <Predicate = true> <Delay = 0.00>
ST_1 : Operation 131 [1/1] (0.00ns)   --->   "%q_perm_13 = extractvalue i520 %call_ret1" [firmware/nnet_utils/nnet_hept.h:63->firmware/nnet_utils/nnet_hept.h:250]   --->   Operation 131 'extractvalue' 'q_perm_13' <Predicate = true> <Delay = 0.00>
ST_1 : Operation 132 [1/1] (0.00ns)   --->   "%q_perm_14 = extractvalue i520 %call_ret1" [firmware/nnet_utils/nnet_hept.h:63->firmware/nnet_utils/nnet_hept.h:250]   --->   Operation 132 'extractvalue' 'q_perm_14' <Predicate = true> <Delay = 0.00>
ST_1 : Operation 133 [1/1] (0.00ns)   --->   "%q_perm_15 = extractvalue i520 %call_ret1" [firmware/nnet_utils/nnet_hept.h:63->firmware/nnet_utils/nnet_hept.h:250]   --->   Operation 133 'extractvalue' 'q_perm_15' <Predicate = true> <Delay = 0.00>
ST_1 : Operation 134 [1/1] (0.00ns)   --->   "%q_perm_16 = extractvalue i520 %call_ret1" [firmware/nnet_utils/nnet_hept.h:63->firmware/nnet_utils/nnet_hept.h:250]   --->   Operation 134 'extractvalue' 'q_perm_16' <Predicate = true> <Delay = 0.00>
ST_1 : Operation 135 [1/1] (0.00ns)   --->   "%q_perm_17 = extractvalue i520 %call_ret1" [firmware/nnet_utils/nnet_hept.h:63->firmware/nnet_utils/nnet_hept.h:250]   --->   Operation 135 'extractvalue' 'q_perm_17' <Predicate = true> <Delay = 0.00>
ST_1 : Operation 136 [1/1] (0.00ns)   --->   "%q_perm_18 = extractvalue i520 %call_ret1" [firmware/nnet_utils/nnet_hept.h:63->firmware/nnet_utils/nnet_hept.h:250]   --->   Operation 136 'extractvalue' 'q_perm_18' <Predicate = true> <Delay = 0.00>
ST_1 : Operation 137 [1/1] (0.00ns)   --->   "%q_perm_19 = extractvalue i520 %call_ret1" [firmware/nnet_utils/nnet_hept.h:63->firmware/nnet_utils/nnet_hept.h:250]   --->   Operation 137 'extractvalue' 'q_perm_19' <Predicate = true> <Delay = 0.00>
ST_1 : Operation 138 [1/1] (0.00ns)   --->   "%q_perm_20 = extractvalue i520 %call_ret1" [firmware/nnet_utils/nnet_hept.h:63->firmware/nnet_utils/nnet_hept.h:250]   --->   Operation 138 'extractvalue' 'q_perm_20' <Predicate = true> <Delay = 0.00>
ST_1 : Operation 139 [1/1] (0.00ns)   --->   "%q_perm_21 = extractvalue i520 %call_ret1" [firmware/nnet_utils/nnet_hept.h:63->firmware/nnet_utils/nnet_hept.h:250]   --->   Operation 139 'extractvalue' 'q_perm_21' <Predicate = true> <Delay = 0.00>
ST_1 : Operation 140 [1/1] (0.00ns)   --->   "%q_perm_22 = extractvalue i520 %call_ret1" [firmware/nnet_utils/nnet_hept.h:63->firmware/nnet_utils/nnet_hept.h:250]   --->   Operation 140 'extractvalue' 'q_perm_22' <Predicate = true> <Delay = 0.00>
ST_1 : Operation 141 [1/1] (0.00ns)   --->   "%q_perm_23 = extractvalue i520 %call_ret1" [firmware/nnet_utils/nnet_hept.h:63->firmware/nnet_utils/nnet_hept.h:250]   --->   Operation 141 'extractvalue' 'q_perm_23' <Predicate = true> <Delay = 0.00>
ST_1 : Operation 142 [1/1] (0.00ns)   --->   "%q_perm_24 = extractvalue i520 %call_ret1" [firmware/nnet_utils/nnet_hept.h:63->firmware/nnet_utils/nnet_hept.h:250]   --->   Operation 142 'extractvalue' 'q_perm_24' <Predicate = true> <Delay = 0.00>
ST_1 : Operation 143 [1/1] (0.00ns)   --->   "%q_perm_25 = extractvalue i520 %call_ret1" [firmware/nnet_utils/nnet_hept.h:63->firmware/nnet_utils/nnet_hept.h:250]   --->   Operation 143 'extractvalue' 'q_perm_25' <Predicate = true> <Delay = 0.00>
ST_1 : Operation 144 [1/1] (0.00ns)   --->   "%q_perm_26 = extractvalue i520 %call_ret1" [firmware/nnet_utils/nnet_hept.h:63->firmware/nnet_utils/nnet_hept.h:250]   --->   Operation 144 'extractvalue' 'q_perm_26' <Predicate = true> <Delay = 0.00>
ST_1 : Operation 145 [1/1] (0.00ns)   --->   "%q_perm_27 = extractvalue i520 %call_ret1" [firmware/nnet_utils/nnet_hept.h:63->firmware/nnet_utils/nnet_hept.h:250]   --->   Operation 145 'extractvalue' 'q_perm_27' <Predicate = true> <Delay = 0.00>
ST_1 : Operation 146 [1/1] (0.00ns)   --->   "%q_perm_28 = extractvalue i520 %call_ret1" [firmware/nnet_utils/nnet_hept.h:63->firmware/nnet_utils/nnet_hept.h:250]   --->   Operation 146 'extractvalue' 'q_perm_28' <Predicate = true> <Delay = 0.00>
ST_1 : Operation 147 [1/1] (0.00ns)   --->   "%q_perm_29 = extractvalue i520 %call_ret1" [firmware/nnet_utils/nnet_hept.h:63->firmware/nnet_utils/nnet_hept.h:250]   --->   Operation 147 'extractvalue' 'q_perm_29' <Predicate = true> <Delay = 0.00>
ST_1 : Operation 148 [1/1] (0.00ns)   --->   "%q_perm_30 = extractvalue i520 %call_ret1" [firmware/nnet_utils/nnet_hept.h:63->firmware/nnet_utils/nnet_hept.h:250]   --->   Operation 148 'extractvalue' 'q_perm_30' <Predicate = true> <Delay = 0.00>
ST_1 : Operation 149 [1/1] (0.00ns)   --->   "%q_perm_31 = extractvalue i520 %call_ret1" [firmware/nnet_utils/nnet_hept.h:63->firmware/nnet_utils/nnet_hept.h:250]   --->   Operation 149 'extractvalue' 'q_perm_31' <Predicate = true> <Delay = 0.00>
ST_1 : Operation 150 [1/1] (0.00ns)   --->   "%q_perm_32 = extractvalue i520 %call_ret1" [firmware/nnet_utils/nnet_hept.h:63->firmware/nnet_utils/nnet_hept.h:250]   --->   Operation 150 'extractvalue' 'q_perm_32' <Predicate = true> <Delay = 0.00>
ST_1 : Operation 151 [1/1] (0.00ns)   --->   "%q_perm_33 = extractvalue i520 %call_ret1" [firmware/nnet_utils/nnet_hept.h:63->firmware/nnet_utils/nnet_hept.h:250]   --->   Operation 151 'extractvalue' 'q_perm_33' <Predicate = true> <Delay = 0.00>
ST_1 : Operation 152 [1/1] (0.00ns)   --->   "%q_perm_34 = extractvalue i520 %call_ret1" [firmware/nnet_utils/nnet_hept.h:63->firmware/nnet_utils/nnet_hept.h:250]   --->   Operation 152 'extractvalue' 'q_perm_34' <Predicate = true> <Delay = 0.00>
ST_1 : Operation 153 [1/1] (0.00ns)   --->   "%q_perm_35 = extractvalue i520 %call_ret1" [firmware/nnet_utils/nnet_hept.h:63->firmware/nnet_utils/nnet_hept.h:250]   --->   Operation 153 'extractvalue' 'q_perm_35' <Predicate = true> <Delay = 0.00>
ST_1 : Operation 154 [1/1] (0.00ns)   --->   "%q_perm_36 = extractvalue i520 %call_ret1" [firmware/nnet_utils/nnet_hept.h:63->firmware/nnet_utils/nnet_hept.h:250]   --->   Operation 154 'extractvalue' 'q_perm_36' <Predicate = true> <Delay = 0.00>
ST_1 : Operation 155 [1/1] (0.00ns)   --->   "%q_perm_37 = extractvalue i520 %call_ret1" [firmware/nnet_utils/nnet_hept.h:63->firmware/nnet_utils/nnet_hept.h:250]   --->   Operation 155 'extractvalue' 'q_perm_37' <Predicate = true> <Delay = 0.00>
ST_1 : Operation 156 [1/1] (0.00ns)   --->   "%q_perm_38 = extractvalue i520 %call_ret1" [firmware/nnet_utils/nnet_hept.h:63->firmware/nnet_utils/nnet_hept.h:250]   --->   Operation 156 'extractvalue' 'q_perm_38' <Predicate = true> <Delay = 0.00>
ST_1 : Operation 157 [1/1] (0.00ns)   --->   "%q_perm_39 = extractvalue i520 %call_ret1" [firmware/nnet_utils/nnet_hept.h:63->firmware/nnet_utils/nnet_hept.h:250]   --->   Operation 157 'extractvalue' 'q_perm_39' <Predicate = true> <Delay = 0.00>
ST_1 : Operation 158 [1/1] (0.00ns)   --->   "%call_ret = call i520 @transpose<ap_fixed,ap_fixed<13,4,4,0,0>,config5_transpose_qk>, i13 %key_0_val41_read, i13 %key_1_val42_read, i13 %key_2_val43_read, i13 %key_3_val44_read, i13 %key_4_val45_read, i13 %key_5_val46_read, i13 %key_6_val47_read, i13 %key_7_val48_read, i13 %key_8_val49_read, i13 %key_9_val50_read, i13 %key_10_val51_read, i13 %key_11_val52_read, i13 %key_12_val53_read, i13 %key_13_val54_read, i13 %key_14_val55_read, i13 %key_15_val56_read, i13 %key_16_val57_read, i13 %key_17_val58_read, i13 %key_18_val59_read, i13 %key_19_val60_read, i13 %key_20_val61_read, i13 %key_21_val62_read, i13 %key_22_val63_read, i13 %key_23_val64_read, i13 %key_24_val65_read, i13 %key_25_val66_read, i13 %key_26_val67_read, i13 %key_27_val68_read, i13 %key_28_val69_read, i13 %key_29_val70_read, i13 %key_30_val71_read, i13 %key_31_val72_read, i13 %key_32_val73_read, i13 %key_33_val74_read, i13 %key_34_val75_read, i13 %key_35_val76_read, i13 %key_36_val77_read, i13 %key_37_val78_read, i13 %key_38_val79_read, i13 %key_39_val80_read" [firmware/nnet_utils/nnet_hept.h:63->firmware/nnet_utils/nnet_hept.h:251]   --->   Operation 158 'call' 'call_ret' <Predicate = true> <Delay = 0.00> <CoreType = "Generic">   --->   Core 0 '' <Latency = 0> <II = 1> <Delay = 1.00> <Generic> <Opcode : >
ST_1 : Operation 159 [1/1] (0.00ns)   --->   "%k_perm = extractvalue i520 %call_ret" [firmware/nnet_utils/nnet_hept.h:63->firmware/nnet_utils/nnet_hept.h:251]   --->   Operation 159 'extractvalue' 'k_perm' <Predicate = true> <Delay = 0.00>
ST_1 : Operation 160 [1/1] (0.00ns)   --->   "%k_perm_1 = extractvalue i520 %call_ret" [firmware/nnet_utils/nnet_hept.h:63->firmware/nnet_utils/nnet_hept.h:251]   --->   Operation 160 'extractvalue' 'k_perm_1' <Predicate = true> <Delay = 0.00>
ST_1 : Operation 161 [1/1] (0.00ns)   --->   "%k_perm_2 = extractvalue i520 %call_ret" [firmware/nnet_utils/nnet_hept.h:63->firmware/nnet_utils/nnet_hept.h:251]   --->   Operation 161 'extractvalue' 'k_perm_2' <Predicate = true> <Delay = 0.00>
ST_1 : Operation 162 [1/1] (0.00ns)   --->   "%k_perm_3 = extractvalue i520 %call_ret" [firmware/nnet_utils/nnet_hept.h:63->firmware/nnet_utils/nnet_hept.h:251]   --->   Operation 162 'extractvalue' 'k_perm_3' <Predicate = true> <Delay = 0.00>
ST_1 : Operation 163 [1/1] (0.00ns)   --->   "%k_perm_4 = extractvalue i520 %call_ret" [firmware/nnet_utils/nnet_hept.h:63->firmware/nnet_utils/nnet_hept.h:251]   --->   Operation 163 'extractvalue' 'k_perm_4' <Predicate = true> <Delay = 0.00>
ST_1 : Operation 164 [1/1] (0.00ns)   --->   "%k_perm_5 = extractvalue i520 %call_ret" [firmware/nnet_utils/nnet_hept.h:63->firmware/nnet_utils/nnet_hept.h:251]   --->   Operation 164 'extractvalue' 'k_perm_5' <Predicate = true> <Delay = 0.00>
ST_1 : Operation 165 [1/1] (0.00ns)   --->   "%k_perm_6 = extractvalue i520 %call_ret" [firmware/nnet_utils/nnet_hept.h:63->firmware/nnet_utils/nnet_hept.h:251]   --->   Operation 165 'extractvalue' 'k_perm_6' <Predicate = true> <Delay = 0.00>
ST_1 : Operation 166 [1/1] (0.00ns)   --->   "%k_perm_7 = extractvalue i520 %call_ret" [firmware/nnet_utils/nnet_hept.h:63->firmware/nnet_utils/nnet_hept.h:251]   --->   Operation 166 'extractvalue' 'k_perm_7' <Predicate = true> <Delay = 0.00>
ST_1 : Operation 167 [1/1] (0.00ns)   --->   "%k_perm_8 = extractvalue i520 %call_ret" [firmware/nnet_utils/nnet_hept.h:63->firmware/nnet_utils/nnet_hept.h:251]   --->   Operation 167 'extractvalue' 'k_perm_8' <Predicate = true> <Delay = 0.00>
ST_1 : Operation 168 [1/1] (0.00ns)   --->   "%k_perm_9 = extractvalue i520 %call_ret" [firmware/nnet_utils/nnet_hept.h:63->firmware/nnet_utils/nnet_hept.h:251]   --->   Operation 168 'extractvalue' 'k_perm_9' <Predicate = true> <Delay = 0.00>
ST_1 : Operation 169 [1/1] (0.00ns)   --->   "%k_perm_10 = extractvalue i520 %call_ret" [firmware/nnet_utils/nnet_hept.h:63->firmware/nnet_utils/nnet_hept.h:251]   --->   Operation 169 'extractvalue' 'k_perm_10' <Predicate = true> <Delay = 0.00>
ST_1 : Operation 170 [1/1] (0.00ns)   --->   "%k_perm_11 = extractvalue i520 %call_ret" [firmware/nnet_utils/nnet_hept.h:63->firmware/nnet_utils/nnet_hept.h:251]   --->   Operation 170 'extractvalue' 'k_perm_11' <Predicate = true> <Delay = 0.00>
ST_1 : Operation 171 [1/1] (0.00ns)   --->   "%k_perm_12 = extractvalue i520 %call_ret" [firmware/nnet_utils/nnet_hept.h:63->firmware/nnet_utils/nnet_hept.h:251]   --->   Operation 171 'extractvalue' 'k_perm_12' <Predicate = true> <Delay = 0.00>
ST_1 : Operation 172 [1/1] (0.00ns)   --->   "%k_perm_13 = extractvalue i520 %call_ret" [firmware/nnet_utils/nnet_hept.h:63->firmware/nnet_utils/nnet_hept.h:251]   --->   Operation 172 'extractvalue' 'k_perm_13' <Predicate = true> <Delay = 0.00>
ST_1 : Operation 173 [1/1] (0.00ns)   --->   "%k_perm_14 = extractvalue i520 %call_ret" [firmware/nnet_utils/nnet_hept.h:63->firmware/nnet_utils/nnet_hept.h:251]   --->   Operation 173 'extractvalue' 'k_perm_14' <Predicate = true> <Delay = 0.00>
ST_1 : Operation 174 [1/1] (0.00ns)   --->   "%k_perm_15 = extractvalue i520 %call_ret" [firmware/nnet_utils/nnet_hept.h:63->firmware/nnet_utils/nnet_hept.h:251]   --->   Operation 174 'extractvalue' 'k_perm_15' <Predicate = true> <Delay = 0.00>
ST_1 : Operation 175 [1/1] (0.00ns)   --->   "%k_perm_16 = extractvalue i520 %call_ret" [firmware/nnet_utils/nnet_hept.h:63->firmware/nnet_utils/nnet_hept.h:251]   --->   Operation 175 'extractvalue' 'k_perm_16' <Predicate = true> <Delay = 0.00>
ST_1 : Operation 176 [1/1] (0.00ns)   --->   "%k_perm_17 = extractvalue i520 %call_ret" [firmware/nnet_utils/nnet_hept.h:63->firmware/nnet_utils/nnet_hept.h:251]   --->   Operation 176 'extractvalue' 'k_perm_17' <Predicate = true> <Delay = 0.00>
ST_1 : Operation 177 [1/1] (0.00ns)   --->   "%k_perm_18 = extractvalue i520 %call_ret" [firmware/nnet_utils/nnet_hept.h:63->firmware/nnet_utils/nnet_hept.h:251]   --->   Operation 177 'extractvalue' 'k_perm_18' <Predicate = true> <Delay = 0.00>
ST_1 : Operation 178 [1/1] (0.00ns)   --->   "%k_perm_19 = extractvalue i520 %call_ret" [firmware/nnet_utils/nnet_hept.h:63->firmware/nnet_utils/nnet_hept.h:251]   --->   Operation 178 'extractvalue' 'k_perm_19' <Predicate = true> <Delay = 0.00>
ST_1 : Operation 179 [1/1] (0.00ns)   --->   "%k_perm_20 = extractvalue i520 %call_ret" [firmware/nnet_utils/nnet_hept.h:63->firmware/nnet_utils/nnet_hept.h:251]   --->   Operation 179 'extractvalue' 'k_perm_20' <Predicate = true> <Delay = 0.00>
ST_1 : Operation 180 [1/1] (0.00ns)   --->   "%k_perm_21 = extractvalue i520 %call_ret" [firmware/nnet_utils/nnet_hept.h:63->firmware/nnet_utils/nnet_hept.h:251]   --->   Operation 180 'extractvalue' 'k_perm_21' <Predicate = true> <Delay = 0.00>
ST_1 : Operation 181 [1/1] (0.00ns)   --->   "%k_perm_22 = extractvalue i520 %call_ret" [firmware/nnet_utils/nnet_hept.h:63->firmware/nnet_utils/nnet_hept.h:251]   --->   Operation 181 'extractvalue' 'k_perm_22' <Predicate = true> <Delay = 0.00>
ST_1 : Operation 182 [1/1] (0.00ns)   --->   "%k_perm_23 = extractvalue i520 %call_ret" [firmware/nnet_utils/nnet_hept.h:63->firmware/nnet_utils/nnet_hept.h:251]   --->   Operation 182 'extractvalue' 'k_perm_23' <Predicate = true> <Delay = 0.00>
ST_1 : Operation 183 [1/1] (0.00ns)   --->   "%k_perm_24 = extractvalue i520 %call_ret" [firmware/nnet_utils/nnet_hept.h:63->firmware/nnet_utils/nnet_hept.h:251]   --->   Operation 183 'extractvalue' 'k_perm_24' <Predicate = true> <Delay = 0.00>
ST_1 : Operation 184 [1/1] (0.00ns)   --->   "%k_perm_25 = extractvalue i520 %call_ret" [firmware/nnet_utils/nnet_hept.h:63->firmware/nnet_utils/nnet_hept.h:251]   --->   Operation 184 'extractvalue' 'k_perm_25' <Predicate = true> <Delay = 0.00>
ST_1 : Operation 185 [1/1] (0.00ns)   --->   "%k_perm_26 = extractvalue i520 %call_ret" [firmware/nnet_utils/nnet_hept.h:63->firmware/nnet_utils/nnet_hept.h:251]   --->   Operation 185 'extractvalue' 'k_perm_26' <Predicate = true> <Delay = 0.00>
ST_1 : Operation 186 [1/1] (0.00ns)   --->   "%k_perm_27 = extractvalue i520 %call_ret" [firmware/nnet_utils/nnet_hept.h:63->firmware/nnet_utils/nnet_hept.h:251]   --->   Operation 186 'extractvalue' 'k_perm_27' <Predicate = true> <Delay = 0.00>
ST_1 : Operation 187 [1/1] (0.00ns)   --->   "%k_perm_28 = extractvalue i520 %call_ret" [firmware/nnet_utils/nnet_hept.h:63->firmware/nnet_utils/nnet_hept.h:251]   --->   Operation 187 'extractvalue' 'k_perm_28' <Predicate = true> <Delay = 0.00>
ST_1 : Operation 188 [1/1] (0.00ns)   --->   "%k_perm_29 = extractvalue i520 %call_ret" [firmware/nnet_utils/nnet_hept.h:63->firmware/nnet_utils/nnet_hept.h:251]   --->   Operation 188 'extractvalue' 'k_perm_29' <Predicate = true> <Delay = 0.00>
ST_1 : Operation 189 [1/1] (0.00ns)   --->   "%k_perm_30 = extractvalue i520 %call_ret" [firmware/nnet_utils/nnet_hept.h:63->firmware/nnet_utils/nnet_hept.h:251]   --->   Operation 189 'extractvalue' 'k_perm_30' <Predicate = true> <Delay = 0.00>
ST_1 : Operation 190 [1/1] (0.00ns)   --->   "%k_perm_31 = extractvalue i520 %call_ret" [firmware/nnet_utils/nnet_hept.h:63->firmware/nnet_utils/nnet_hept.h:251]   --->   Operation 190 'extractvalue' 'k_perm_31' <Predicate = true> <Delay = 0.00>
ST_1 : Operation 191 [1/1] (0.00ns)   --->   "%k_perm_32 = extractvalue i520 %call_ret" [firmware/nnet_utils/nnet_hept.h:63->firmware/nnet_utils/nnet_hept.h:251]   --->   Operation 191 'extractvalue' 'k_perm_32' <Predicate = true> <Delay = 0.00>
ST_1 : Operation 192 [1/1] (0.00ns)   --->   "%k_perm_33 = extractvalue i520 %call_ret" [firmware/nnet_utils/nnet_hept.h:63->firmware/nnet_utils/nnet_hept.h:251]   --->   Operation 192 'extractvalue' 'k_perm_33' <Predicate = true> <Delay = 0.00>
ST_1 : Operation 193 [1/1] (0.00ns)   --->   "%k_perm_34 = extractvalue i520 %call_ret" [firmware/nnet_utils/nnet_hept.h:63->firmware/nnet_utils/nnet_hept.h:251]   --->   Operation 193 'extractvalue' 'k_perm_34' <Predicate = true> <Delay = 0.00>
ST_1 : Operation 194 [1/1] (0.00ns)   --->   "%k_perm_35 = extractvalue i520 %call_ret" [firmware/nnet_utils/nnet_hept.h:63->firmware/nnet_utils/nnet_hept.h:251]   --->   Operation 194 'extractvalue' 'k_perm_35' <Predicate = true> <Delay = 0.00>
ST_1 : Operation 195 [1/1] (0.00ns)   --->   "%k_perm_36 = extractvalue i520 %call_ret" [firmware/nnet_utils/nnet_hept.h:63->firmware/nnet_utils/nnet_hept.h:251]   --->   Operation 195 'extractvalue' 'k_perm_36' <Predicate = true> <Delay = 0.00>
ST_1 : Operation 196 [1/1] (0.00ns)   --->   "%k_perm_37 = extractvalue i520 %call_ret" [firmware/nnet_utils/nnet_hept.h:63->firmware/nnet_utils/nnet_hept.h:251]   --->   Operation 196 'extractvalue' 'k_perm_37' <Predicate = true> <Delay = 0.00>
ST_1 : Operation 197 [1/1] (0.00ns)   --->   "%k_perm_38 = extractvalue i520 %call_ret" [firmware/nnet_utils/nnet_hept.h:63->firmware/nnet_utils/nnet_hept.h:251]   --->   Operation 197 'extractvalue' 'k_perm_38' <Predicate = true> <Delay = 0.00>
ST_1 : Operation 198 [1/1] (0.00ns)   --->   "%k_perm_39 = extractvalue i520 %call_ret" [firmware/nnet_utils/nnet_hept.h:63->firmware/nnet_utils/nnet_hept.h:251]   --->   Operation 198 'extractvalue' 'k_perm_39' <Predicate = true> <Delay = 0.00>
ST_1 : Operation 199 [8/8] (3.24ns)   --->   "%call_ret2 = call i104 @pairwise_dist_sq_rbf<ap_fixed,ap_fixed<13,4,4,0,0>,config5>, i13 %q_perm, i13 %q_perm_1, i13 %q_perm_2, i13 %q_perm_3, i13 %q_perm_4, i13 %q_perm_5, i13 %q_perm_6, i13 %q_perm_7, i13 %q_perm_8, i13 %q_perm_9, i13 %q_perm_10, i13 %q_perm_11, i13 %q_perm_12, i13 %q_perm_13, i13 %q_perm_14, i13 %q_perm_15, i13 %q_perm_16, i13 %q_perm_17, i13 %q_perm_18, i13 %q_perm_19, i13 %q_perm_20, i13 %q_perm_21, i13 %q_perm_22, i13 %q_perm_23, i13 %q_perm_24, i13 %q_perm_25, i13 %q_perm_26, i13 %q_perm_27, i13 %q_perm_28, i13 %q_perm_29, i13 %q_perm_30, i13 %q_perm_31, i13 %q_perm_32, i13 %q_perm_33, i13 %q_perm_34, i13 %q_perm_35, i13 %q_perm_36, i13 %q_perm_37, i13 %q_perm_38, i13 %q_perm_39, i13 %k_perm, i13 %k_perm_1, i13 %k_perm_2, i13 %k_perm_3, i13 %k_perm_4, i13 %k_perm_5, i13 %k_perm_6, i13 %k_perm_7, i13 %k_perm_8, i13 %k_perm_9, i13 %k_perm_10, i13 %k_perm_11, i13 %k_perm_12, i13 %k_perm_13, i13 %k_perm_14, i13 %k_perm_15, i13 %k_perm_16, i13 %k_perm_17, i13 %k_perm_18, i13 %k_perm_19, i13 %k_perm_20, i13 %k_perm_21, i13 %k_perm_22, i13 %k_perm_23, i13 %k_perm_24, i13 %k_perm_25, i13 %k_perm_26, i13 %k_perm_27, i13 %k_perm_28, i13 %k_perm_29, i13 %k_perm_30, i13 %k_perm_31, i13 %k_perm_32, i13 %k_perm_33, i13 %k_perm_34, i13 %k_perm_35, i13 %k_perm_36, i13 %k_perm_37, i13 %k_perm_38, i13 %k_perm_39, i16 %exp_table" [firmware/nnet_utils/nnet_hept.h:253]   --->   Operation 199 'call' 'call_ret2' <Predicate = true> <Delay = 3.24> <CoreType = "Generic">   --->   Core 0 '' <Latency = 0> <II = 1> <Delay = 1.00> <Generic> <Opcode : >

State 2 <SV = 1> <Delay = 4.26>
ST_2 : Operation 200 [7/8] (4.26ns)   --->   "%call_ret2 = call i104 @pairwise_dist_sq_rbf<ap_fixed,ap_fixed<13,4,4,0,0>,config5>, i13 %q_perm, i13 %q_perm_1, i13 %q_perm_2, i13 %q_perm_3, i13 %q_perm_4, i13 %q_perm_5, i13 %q_perm_6, i13 %q_perm_7, i13 %q_perm_8, i13 %q_perm_9, i13 %q_perm_10, i13 %q_perm_11, i13 %q_perm_12, i13 %q_perm_13, i13 %q_perm_14, i13 %q_perm_15, i13 %q_perm_16, i13 %q_perm_17, i13 %q_perm_18, i13 %q_perm_19, i13 %q_perm_20, i13 %q_perm_21, i13 %q_perm_22, i13 %q_perm_23, i13 %q_perm_24, i13 %q_perm_25, i13 %q_perm_26, i13 %q_perm_27, i13 %q_perm_28, i13 %q_perm_29, i13 %q_perm_30, i13 %q_perm_31, i13 %q_perm_32, i13 %q_perm_33, i13 %q_perm_34, i13 %q_perm_35, i13 %q_perm_36, i13 %q_perm_37, i13 %q_perm_38, i13 %q_perm_39, i13 %k_perm, i13 %k_perm_1, i13 %k_perm_2, i13 %k_perm_3, i13 %k_perm_4, i13 %k_perm_5, i13 %k_perm_6, i13 %k_perm_7, i13 %k_perm_8, i13 %k_perm_9, i13 %k_perm_10, i13 %k_perm_11, i13 %k_perm_12, i13 %k_perm_13, i13 %k_perm_14, i13 %k_perm_15, i13 %k_perm_16, i13 %k_perm_17, i13 %k_perm_18, i13 %k_perm_19, i13 %k_perm_20, i13 %k_perm_21, i13 %k_perm_22, i13 %k_perm_23, i13 %k_perm_24, i13 %k_perm_25, i13 %k_perm_26, i13 %k_perm_27, i13 %k_perm_28, i13 %k_perm_29, i13 %k_perm_30, i13 %k_perm_31, i13 %k_perm_32, i13 %k_perm_33, i13 %k_perm_34, i13 %k_perm_35, i13 %k_perm_36, i13 %k_perm_37, i13 %k_perm_38, i13 %k_perm_39, i16 %exp_table" [firmware/nnet_utils/nnet_hept.h:253]   --->   Operation 200 'call' 'call_ret2' <Predicate = true> <Delay = 4.26> <CoreType = "Generic">   --->   Core 0 '' <Latency = 0> <II = 1> <Delay = 1.00> <Generic> <Opcode : >

State 3 <SV = 2> <Delay = 4.26>
ST_3 : Operation 201 [6/8] (4.26ns)   --->   "%call_ret2 = call i104 @pairwise_dist_sq_rbf<ap_fixed,ap_fixed<13,4,4,0,0>,config5>, i13 %q_perm, i13 %q_perm_1, i13 %q_perm_2, i13 %q_perm_3, i13 %q_perm_4, i13 %q_perm_5, i13 %q_perm_6, i13 %q_perm_7, i13 %q_perm_8, i13 %q_perm_9, i13 %q_perm_10, i13 %q_perm_11, i13 %q_perm_12, i13 %q_perm_13, i13 %q_perm_14, i13 %q_perm_15, i13 %q_perm_16, i13 %q_perm_17, i13 %q_perm_18, i13 %q_perm_19, i13 %q_perm_20, i13 %q_perm_21, i13 %q_perm_22, i13 %q_perm_23, i13 %q_perm_24, i13 %q_perm_25, i13 %q_perm_26, i13 %q_perm_27, i13 %q_perm_28, i13 %q_perm_29, i13 %q_perm_30, i13 %q_perm_31, i13 %q_perm_32, i13 %q_perm_33, i13 %q_perm_34, i13 %q_perm_35, i13 %q_perm_36, i13 %q_perm_37, i13 %q_perm_38, i13 %q_perm_39, i13 %k_perm, i13 %k_perm_1, i13 %k_perm_2, i13 %k_perm_3, i13 %k_perm_4, i13 %k_perm_5, i13 %k_perm_6, i13 %k_perm_7, i13 %k_perm_8, i13 %k_perm_9, i13 %k_perm_10, i13 %k_perm_11, i13 %k_perm_12, i13 %k_perm_13, i13 %k_perm_14, i13 %k_perm_15, i13 %k_perm_16, i13 %k_perm_17, i13 %k_perm_18, i13 %k_perm_19, i13 %k_perm_20, i13 %k_perm_21, i13 %k_perm_22, i13 %k_perm_23, i13 %k_perm_24, i13 %k_perm_25, i13 %k_perm_26, i13 %k_perm_27, i13 %k_perm_28, i13 %k_perm_29, i13 %k_perm_30, i13 %k_perm_31, i13 %k_perm_32, i13 %k_perm_33, i13 %k_perm_34, i13 %k_perm_35, i13 %k_perm_36, i13 %k_perm_37, i13 %k_perm_38, i13 %k_perm_39, i16 %exp_table" [firmware/nnet_utils/nnet_hept.h:253]   --->   Operation 201 'call' 'call_ret2' <Predicate = true> <Delay = 4.26> <CoreType = "Generic">   --->   Core 0 '' <Latency = 0> <II = 1> <Delay = 1.00> <Generic> <Opcode : >

State 4 <SV = 3> <Delay = 4.26>
ST_4 : Operation 202 [5/8] (4.26ns)   --->   "%call_ret2 = call i104 @pairwise_dist_sq_rbf<ap_fixed,ap_fixed<13,4,4,0,0>,config5>, i13 %q_perm, i13 %q_perm_1, i13 %q_perm_2, i13 %q_perm_3, i13 %q_perm_4, i13 %q_perm_5, i13 %q_perm_6, i13 %q_perm_7, i13 %q_perm_8, i13 %q_perm_9, i13 %q_perm_10, i13 %q_perm_11, i13 %q_perm_12, i13 %q_perm_13, i13 %q_perm_14, i13 %q_perm_15, i13 %q_perm_16, i13 %q_perm_17, i13 %q_perm_18, i13 %q_perm_19, i13 %q_perm_20, i13 %q_perm_21, i13 %q_perm_22, i13 %q_perm_23, i13 %q_perm_24, i13 %q_perm_25, i13 %q_perm_26, i13 %q_perm_27, i13 %q_perm_28, i13 %q_perm_29, i13 %q_perm_30, i13 %q_perm_31, i13 %q_perm_32, i13 %q_perm_33, i13 %q_perm_34, i13 %q_perm_35, i13 %q_perm_36, i13 %q_perm_37, i13 %q_perm_38, i13 %q_perm_39, i13 %k_perm, i13 %k_perm_1, i13 %k_perm_2, i13 %k_perm_3, i13 %k_perm_4, i13 %k_perm_5, i13 %k_perm_6, i13 %k_perm_7, i13 %k_perm_8, i13 %k_perm_9, i13 %k_perm_10, i13 %k_perm_11, i13 %k_perm_12, i13 %k_perm_13, i13 %k_perm_14, i13 %k_perm_15, i13 %k_perm_16, i13 %k_perm_17, i13 %k_perm_18, i13 %k_perm_19, i13 %k_perm_20, i13 %k_perm_21, i13 %k_perm_22, i13 %k_perm_23, i13 %k_perm_24, i13 %k_perm_25, i13 %k_perm_26, i13 %k_perm_27, i13 %k_perm_28, i13 %k_perm_29, i13 %k_perm_30, i13 %k_perm_31, i13 %k_perm_32, i13 %k_perm_33, i13 %k_perm_34, i13 %k_perm_35, i13 %k_perm_36, i13 %k_perm_37, i13 %k_perm_38, i13 %k_perm_39, i16 %exp_table" [firmware/nnet_utils/nnet_hept.h:253]   --->   Operation 202 'call' 'call_ret2' <Predicate = true> <Delay = 4.26> <CoreType = "Generic">   --->   Core 0 '' <Latency = 0> <II = 1> <Delay = 1.00> <Generic> <Opcode : >

State 5 <SV = 4> <Delay = 4.26>
ST_5 : Operation 203 [4/8] (4.26ns)   --->   "%call_ret2 = call i104 @pairwise_dist_sq_rbf<ap_fixed,ap_fixed<13,4,4,0,0>,config5>, i13 %q_perm, i13 %q_perm_1, i13 %q_perm_2, i13 %q_perm_3, i13 %q_perm_4, i13 %q_perm_5, i13 %q_perm_6, i13 %q_perm_7, i13 %q_perm_8, i13 %q_perm_9, i13 %q_perm_10, i13 %q_perm_11, i13 %q_perm_12, i13 %q_perm_13, i13 %q_perm_14, i13 %q_perm_15, i13 %q_perm_16, i13 %q_perm_17, i13 %q_perm_18, i13 %q_perm_19, i13 %q_perm_20, i13 %q_perm_21, i13 %q_perm_22, i13 %q_perm_23, i13 %q_perm_24, i13 %q_perm_25, i13 %q_perm_26, i13 %q_perm_27, i13 %q_perm_28, i13 %q_perm_29, i13 %q_perm_30, i13 %q_perm_31, i13 %q_perm_32, i13 %q_perm_33, i13 %q_perm_34, i13 %q_perm_35, i13 %q_perm_36, i13 %q_perm_37, i13 %q_perm_38, i13 %q_perm_39, i13 %k_perm, i13 %k_perm_1, i13 %k_perm_2, i13 %k_perm_3, i13 %k_perm_4, i13 %k_perm_5, i13 %k_perm_6, i13 %k_perm_7, i13 %k_perm_8, i13 %k_perm_9, i13 %k_perm_10, i13 %k_perm_11, i13 %k_perm_12, i13 %k_perm_13, i13 %k_perm_14, i13 %k_perm_15, i13 %k_perm_16, i13 %k_perm_17, i13 %k_perm_18, i13 %k_perm_19, i13 %k_perm_20, i13 %k_perm_21, i13 %k_perm_22, i13 %k_perm_23, i13 %k_perm_24, i13 %k_perm_25, i13 %k_perm_26, i13 %k_perm_27, i13 %k_perm_28, i13 %k_perm_29, i13 %k_perm_30, i13 %k_perm_31, i13 %k_perm_32, i13 %k_perm_33, i13 %k_perm_34, i13 %k_perm_35, i13 %k_perm_36, i13 %k_perm_37, i13 %k_perm_38, i13 %k_perm_39, i16 %exp_table" [firmware/nnet_utils/nnet_hept.h:253]   --->   Operation 203 'call' 'call_ret2' <Predicate = true> <Delay = 4.26> <CoreType = "Generic">   --->   Core 0 '' <Latency = 0> <II = 1> <Delay = 1.00> <Generic> <Opcode : >

State 6 <SV = 5> <Delay = 4.26>
ST_6 : Operation 204 [3/8] (4.26ns)   --->   "%call_ret2 = call i104 @pairwise_dist_sq_rbf<ap_fixed,ap_fixed<13,4,4,0,0>,config5>, i13 %q_perm, i13 %q_perm_1, i13 %q_perm_2, i13 %q_perm_3, i13 %q_perm_4, i13 %q_perm_5, i13 %q_perm_6, i13 %q_perm_7, i13 %q_perm_8, i13 %q_perm_9, i13 %q_perm_10, i13 %q_perm_11, i13 %q_perm_12, i13 %q_perm_13, i13 %q_perm_14, i13 %q_perm_15, i13 %q_perm_16, i13 %q_perm_17, i13 %q_perm_18, i13 %q_perm_19, i13 %q_perm_20, i13 %q_perm_21, i13 %q_perm_22, i13 %q_perm_23, i13 %q_perm_24, i13 %q_perm_25, i13 %q_perm_26, i13 %q_perm_27, i13 %q_perm_28, i13 %q_perm_29, i13 %q_perm_30, i13 %q_perm_31, i13 %q_perm_32, i13 %q_perm_33, i13 %q_perm_34, i13 %q_perm_35, i13 %q_perm_36, i13 %q_perm_37, i13 %q_perm_38, i13 %q_perm_39, i13 %k_perm, i13 %k_perm_1, i13 %k_perm_2, i13 %k_perm_3, i13 %k_perm_4, i13 %k_perm_5, i13 %k_perm_6, i13 %k_perm_7, i13 %k_perm_8, i13 %k_perm_9, i13 %k_perm_10, i13 %k_perm_11, i13 %k_perm_12, i13 %k_perm_13, i13 %k_perm_14, i13 %k_perm_15, i13 %k_perm_16, i13 %k_perm_17, i13 %k_perm_18, i13 %k_perm_19, i13 %k_perm_20, i13 %k_perm_21, i13 %k_perm_22, i13 %k_perm_23, i13 %k_perm_24, i13 %k_perm_25, i13 %k_perm_26, i13 %k_perm_27, i13 %k_perm_28, i13 %k_perm_29, i13 %k_perm_30, i13 %k_perm_31, i13 %k_perm_32, i13 %k_perm_33, i13 %k_perm_34, i13 %k_perm_35, i13 %k_perm_36, i13 %k_perm_37, i13 %k_perm_38, i13 %k_perm_39, i16 %exp_table" [firmware/nnet_utils/nnet_hept.h:253]   --->   Operation 204 'call' 'call_ret2' <Predicate = true> <Delay = 4.26> <CoreType = "Generic">   --->   Core 0 '' <Latency = 0> <II = 1> <Delay = 1.00> <Generic> <Opcode : >

State 7 <SV = 6> <Delay = 4.26>
ST_7 : Operation 205 [2/8] (4.26ns)   --->   "%call_ret2 = call i104 @pairwise_dist_sq_rbf<ap_fixed,ap_fixed<13,4,4,0,0>,config5>, i13 %q_perm, i13 %q_perm_1, i13 %q_perm_2, i13 %q_perm_3, i13 %q_perm_4, i13 %q_perm_5, i13 %q_perm_6, i13 %q_perm_7, i13 %q_perm_8, i13 %q_perm_9, i13 %q_perm_10, i13 %q_perm_11, i13 %q_perm_12, i13 %q_perm_13, i13 %q_perm_14, i13 %q_perm_15, i13 %q_perm_16, i13 %q_perm_17, i13 %q_perm_18, i13 %q_perm_19, i13 %q_perm_20, i13 %q_perm_21, i13 %q_perm_22, i13 %q_perm_23, i13 %q_perm_24, i13 %q_perm_25, i13 %q_perm_26, i13 %q_perm_27, i13 %q_perm_28, i13 %q_perm_29, i13 %q_perm_30, i13 %q_perm_31, i13 %q_perm_32, i13 %q_perm_33, i13 %q_perm_34, i13 %q_perm_35, i13 %q_perm_36, i13 %q_perm_37, i13 %q_perm_38, i13 %q_perm_39, i13 %k_perm, i13 %k_perm_1, i13 %k_perm_2, i13 %k_perm_3, i13 %k_perm_4, i13 %k_perm_5, i13 %k_perm_6, i13 %k_perm_7, i13 %k_perm_8, i13 %k_perm_9, i13 %k_perm_10, i13 %k_perm_11, i13 %k_perm_12, i13 %k_perm_13, i13 %k_perm_14, i13 %k_perm_15, i13 %k_perm_16, i13 %k_perm_17, i13 %k_perm_18, i13 %k_perm_19, i13 %k_perm_20, i13 %k_perm_21, i13 %k_perm_22, i13 %k_perm_23, i13 %k_perm_24, i13 %k_perm_25, i13 %k_perm_26, i13 %k_perm_27, i13 %k_perm_28, i13 %k_perm_29, i13 %k_perm_30, i13 %k_perm_31, i13 %k_perm_32, i13 %k_perm_33, i13 %k_perm_34, i13 %k_perm_35, i13 %k_perm_36, i13 %k_perm_37, i13 %k_perm_38, i13 %k_perm_39, i16 %exp_table" [firmware/nnet_utils/nnet_hept.h:253]   --->   Operation 205 'call' 'call_ret2' <Predicate = true> <Delay = 4.26> <CoreType = "Generic">   --->   Core 0 '' <Latency = 0> <II = 1> <Delay = 1.00> <Generic> <Opcode : >

State 8 <SV = 7> <Delay = 2.59>
ST_8 : Operation 206 [1/8] (2.59ns)   --->   "%call_ret2 = call i104 @pairwise_dist_sq_rbf<ap_fixed,ap_fixed<13,4,4,0,0>,config5>, i13 %q_perm, i13 %q_perm_1, i13 %q_perm_2, i13 %q_perm_3, i13 %q_perm_4, i13 %q_perm_5, i13 %q_perm_6, i13 %q_perm_7, i13 %q_perm_8, i13 %q_perm_9, i13 %q_perm_10, i13 %q_perm_11, i13 %q_perm_12, i13 %q_perm_13, i13 %q_perm_14, i13 %q_perm_15, i13 %q_perm_16, i13 %q_perm_17, i13 %q_perm_18, i13 %q_perm_19, i13 %q_perm_20, i13 %q_perm_21, i13 %q_perm_22, i13 %q_perm_23, i13 %q_perm_24, i13 %q_perm_25, i13 %q_perm_26, i13 %q_perm_27, i13 %q_perm_28, i13 %q_perm_29, i13 %q_perm_30, i13 %q_perm_31, i13 %q_perm_32, i13 %q_perm_33, i13 %q_perm_34, i13 %q_perm_35, i13 %q_perm_36, i13 %q_perm_37, i13 %q_perm_38, i13 %q_perm_39, i13 %k_perm, i13 %k_perm_1, i13 %k_perm_2, i13 %k_perm_3, i13 %k_perm_4, i13 %k_perm_5, i13 %k_perm_6, i13 %k_perm_7, i13 %k_perm_8, i13 %k_perm_9, i13 %k_perm_10, i13 %k_perm_11, i13 %k_perm_12, i13 %k_perm_13, i13 %k_perm_14, i13 %k_perm_15, i13 %k_perm_16, i13 %k_perm_17, i13 %k_perm_18, i13 %k_perm_19, i13 %k_perm_20, i13 %k_perm_21, i13 %k_perm_22, i13 %k_perm_23, i13 %k_perm_24, i13 %k_perm_25, i13 %k_perm_26, i13 %k_perm_27, i13 %k_perm_28, i13 %k_perm_29, i13 %k_perm_30, i13 %k_perm_31, i13 %k_perm_32, i13 %k_perm_33, i13 %k_perm_34, i13 %k_perm_35, i13 %k_perm_36, i13 %k_perm_37, i13 %k_perm_38, i13 %k_perm_39, i16 %exp_table" [firmware/nnet_utils/nnet_hept.h:253]   --->   Operation 206 'call' 'call_ret2' <Predicate = true> <Delay = 2.59> <CoreType = "Generic">   --->   Core 0 '' <Latency = 0> <II = 1> <Delay = 1.00> <Generic> <Opcode : >
ST_8 : Operation 207 [1/1] (0.00ns)   --->   "%qk = extractvalue i104 %call_ret2" [firmware/nnet_utils/nnet_hept.h:253]   --->   Operation 207 'extractvalue' 'qk' <Predicate = true> <Delay = 0.00>
ST_8 : Operation 208 [1/1] (0.00ns)   --->   "%qk_1 = extractvalue i104 %call_ret2" [firmware/nnet_utils/nnet_hept.h:253]   --->   Operation 208 'extractvalue' 'qk_1' <Predicate = true> <Delay = 0.00>
ST_8 : Operation 209 [1/1] (0.00ns)   --->   "%qk_2 = extractvalue i104 %call_ret2" [firmware/nnet_utils/nnet_hept.h:253]   --->   Operation 209 'extractvalue' 'qk_2' <Predicate = true> <Delay = 0.00>
ST_8 : Operation 210 [1/1] (0.00ns)   --->   "%qk_3 = extractvalue i104 %call_ret2" [firmware/nnet_utils/nnet_hept.h:253]   --->   Operation 210 'extractvalue' 'qk_3' <Predicate = true> <Delay = 0.00>
ST_8 : Operation 211 [1/1] (0.00ns)   --->   "%qk_4 = extractvalue i104 %call_ret2" [firmware/nnet_utils/nnet_hept.h:253]   --->   Operation 211 'extractvalue' 'qk_4' <Predicate = true> <Delay = 0.00>
ST_8 : Operation 212 [1/1] (0.00ns)   --->   "%qk_5 = extractvalue i104 %call_ret2" [firmware/nnet_utils/nnet_hept.h:253]   --->   Operation 212 'extractvalue' 'qk_5' <Predicate = true> <Delay = 0.00>
ST_8 : Operation 213 [1/1] (0.00ns)   --->   "%qk_6 = extractvalue i104 %call_ret2" [firmware/nnet_utils/nnet_hept.h:253]   --->   Operation 213 'extractvalue' 'qk_6' <Predicate = true> <Delay = 0.00>
ST_8 : Operation 214 [1/1] (0.00ns)   --->   "%qk_7 = extractvalue i104 %call_ret2" [firmware/nnet_utils/nnet_hept.h:253]   --->   Operation 214 'extractvalue' 'qk_7' <Predicate = true> <Delay = 0.00>

State 9 <SV = 8> <Delay = 1.89>
ST_9 : Operation 215 [6/6] (1.89ns)   --->   "%call_ret3 = call i104 @mask_and_normalize<ap_fixed<13, 4, 4, 0, 0>, ap_fixed<13, 4, 4, 0, 0>, config5>, i13 %qk, i13 %qk_1, i13 %qk_2, i13 %qk_3, i13 %qk_4, i13 %qk_5, i13 %qk_6, i13 %qk_7, i13 %padding_mask_0_val81_read, i13 %padding_mask_1_val82_read, i13 %padding_mask_2_val83_read, i13 %padding_mask_3_val84_read, i11 %inv_table" [firmware/nnet_utils/nnet_hept.h:254]   --->   Operation 215 'call' 'call_ret3' <Predicate = true> <Delay = 1.89> <CoreType = "Generic">   --->   Core 0 '' <Latency = 0> <II = 1> <Delay = 1.00> <Generic> <Opcode : >

State 10 <SV = 9> <Delay = 4.27>
ST_10 : Operation 216 [5/6] (4.27ns)   --->   "%call_ret3 = call i104 @mask_and_normalize<ap_fixed<13, 4, 4, 0, 0>, ap_fixed<13, 4, 4, 0, 0>, config5>, i13 %qk, i13 %qk_1, i13 %qk_2, i13 %qk_3, i13 %qk_4, i13 %qk_5, i13 %qk_6, i13 %qk_7, i13 %padding_mask_0_val81_read, i13 %padding_mask_1_val82_read, i13 %padding_mask_2_val83_read, i13 %padding_mask_3_val84_read, i11 %inv_table" [firmware/nnet_utils/nnet_hept.h:254]   --->   Operation 216 'call' 'call_ret3' <Predicate = true> <Delay = 4.27> <CoreType = "Generic">   --->   Core 0 '' <Latency = 0> <II = 1> <Delay = 1.00> <Generic> <Opcode : >

State 11 <SV = 10> <Delay = 4.27>
ST_11 : Operation 217 [4/6] (4.27ns)   --->   "%call_ret3 = call i104 @mask_and_normalize<ap_fixed<13, 4, 4, 0, 0>, ap_fixed<13, 4, 4, 0, 0>, config5>, i13 %qk, i13 %qk_1, i13 %qk_2, i13 %qk_3, i13 %qk_4, i13 %qk_5, i13 %qk_6, i13 %qk_7, i13 %padding_mask_0_val81_read, i13 %padding_mask_1_val82_read, i13 %padding_mask_2_val83_read, i13 %padding_mask_3_val84_read, i11 %inv_table" [firmware/nnet_utils/nnet_hept.h:254]   --->   Operation 217 'call' 'call_ret3' <Predicate = true> <Delay = 4.27> <CoreType = "Generic">   --->   Core 0 '' <Latency = 0> <II = 1> <Delay = 1.00> <Generic> <Opcode : >

State 12 <SV = 11> <Delay = 4.27>
ST_12 : Operation 218 [3/6] (4.27ns)   --->   "%call_ret3 = call i104 @mask_and_normalize<ap_fixed<13, 4, 4, 0, 0>, ap_fixed<13, 4, 4, 0, 0>, config5>, i13 %qk, i13 %qk_1, i13 %qk_2, i13 %qk_3, i13 %qk_4, i13 %qk_5, i13 %qk_6, i13 %qk_7, i13 %padding_mask_0_val81_read, i13 %padding_mask_1_val82_read, i13 %padding_mask_2_val83_read, i13 %padding_mask_3_val84_read, i11 %inv_table" [firmware/nnet_utils/nnet_hept.h:254]   --->   Operation 218 'call' 'call_ret3' <Predicate = true> <Delay = 4.27> <CoreType = "Generic">   --->   Core 0 '' <Latency = 0> <II = 1> <Delay = 1.00> <Generic> <Opcode : >

State 13 <SV = 12> <Delay = 4.27>
ST_13 : Operation 219 [2/6] (4.27ns)   --->   "%call_ret3 = call i104 @mask_and_normalize<ap_fixed<13, 4, 4, 0, 0>, ap_fixed<13, 4, 4, 0, 0>, config5>, i13 %qk, i13 %qk_1, i13 %qk_2, i13 %qk_3, i13 %qk_4, i13 %qk_5, i13 %qk_6, i13 %qk_7, i13 %padding_mask_0_val81_read, i13 %padding_mask_1_val82_read, i13 %padding_mask_2_val83_read, i13 %padding_mask_3_val84_read, i11 %inv_table" [firmware/nnet_utils/nnet_hept.h:254]   --->   Operation 219 'call' 'call_ret3' <Predicate = true> <Delay = 4.27> <CoreType = "Generic">   --->   Core 0 '' <Latency = 0> <II = 1> <Delay = 1.00> <Generic> <Opcode : >

State 14 <SV = 13> <Delay = 4.19>
ST_14 : Operation 220 [1/6] (4.19ns)   --->   "%call_ret3 = call i104 @mask_and_normalize<ap_fixed<13, 4, 4, 0, 0>, ap_fixed<13, 4, 4, 0, 0>, config5>, i13 %qk, i13 %qk_1, i13 %qk_2, i13 %qk_3, i13 %qk_4, i13 %qk_5, i13 %qk_6, i13 %qk_7, i13 %padding_mask_0_val81_read, i13 %padding_mask_1_val82_read, i13 %padding_mask_2_val83_read, i13 %padding_mask_3_val84_read, i11 %inv_table" [firmware/nnet_utils/nnet_hept.h:254]   --->   Operation 220 'call' 'call_ret3' <Predicate = true> <Delay = 4.19> <CoreType = "Generic">   --->   Core 0 '' <Latency = 0> <II = 1> <Delay = 1.00> <Generic> <Opcode : >
ST_14 : Operation 221 [1/1] (0.00ns)   --->   "%qk_norm = extractvalue i104 %call_ret3" [firmware/nnet_utils/nnet_hept.h:254]   --->   Operation 221 'extractvalue' 'qk_norm' <Predicate = true> <Delay = 0.00>
ST_14 : Operation 222 [1/1] (0.00ns)   --->   "%qk_norm_1 = extractvalue i104 %call_ret3" [firmware/nnet_utils/nnet_hept.h:254]   --->   Operation 222 'extractvalue' 'qk_norm_1' <Predicate = true> <Delay = 0.00>
ST_14 : Operation 223 [1/1] (0.00ns)   --->   "%qk_norm_2 = extractvalue i104 %call_ret3" [firmware/nnet_utils/nnet_hept.h:254]   --->   Operation 223 'extractvalue' 'qk_norm_2' <Predicate = true> <Delay = 0.00>
ST_14 : Operation 224 [1/1] (0.00ns)   --->   "%qk_norm_3 = extractvalue i104 %call_ret3" [firmware/nnet_utils/nnet_hept.h:254]   --->   Operation 224 'extractvalue' 'qk_norm_3' <Predicate = true> <Delay = 0.00>
ST_14 : Operation 225 [1/1] (0.00ns)   --->   "%qk_norm_4 = extractvalue i104 %call_ret3" [firmware/nnet_utils/nnet_hept.h:254]   --->   Operation 225 'extractvalue' 'qk_norm_4' <Predicate = true> <Delay = 0.00>
ST_14 : Operation 226 [1/1] (0.00ns)   --->   "%qk_norm_5 = extractvalue i104 %call_ret3" [firmware/nnet_utils/nnet_hept.h:254]   --->   Operation 226 'extractvalue' 'qk_norm_5' <Predicate = true> <Delay = 0.00>
ST_14 : Operation 227 [1/1] (0.00ns)   --->   "%qk_norm_6 = extractvalue i104 %call_ret3" [firmware/nnet_utils/nnet_hept.h:254]   --->   Operation 227 'extractvalue' 'qk_norm_6' <Predicate = true> <Delay = 0.00>
ST_14 : Operation 228 [1/1] (0.00ns)   --->   "%qk_norm_7 = extractvalue i104 %call_ret3" [firmware/nnet_utils/nnet_hept.h:254]   --->   Operation 228 'extractvalue' 'qk_norm_7' <Predicate = true> <Delay = 0.00>

State 15 <SV = 14> <Delay = 4.29>
ST_15 : Operation 229 [2/2] (4.29ns)   --->   "%call_ret4 = call i52 @dense_latency<ap_fixed<13, 4, 4, 0, 0>, ap_fixed<13, 4, 4, 0, 0>, config5_dense>, i13 %qk_norm, i13 %qk_norm_1, i13 %qk_norm_2, i13 %qk_norm_3, i13 %value_0_val_read, i13 %value_1_val_read, i13 %value_2_val_read, i13 %value_3_val_read, i13 %value_4_val_read, i13 %value_5_val_read, i13 %value_6_val_read, i13 %value_7_val_read, i2 0" [firmware/nnet_utils/nnet_dense.h:54->firmware/nnet_utils/nnet_dense.h:45->firmware/nnet_utils/nnet_hept.h:227->firmware/nnet_utils/nnet_hept.h:255]   --->   Operation 229 'call' 'call_ret4' <Predicate = true> <Delay = 4.29> <CoreType = "Generic">   --->   Core 0 '' <Latency = 0> <II = 1> <Delay = 1.00> <Generic> <Opcode : >
ST_15 : Operation 230 [2/2] (4.29ns)   --->   "%call_ret5 = call i52 @dense_latency<ap_fixed<13, 4, 4, 0, 0>, ap_fixed<13, 4, 4, 0, 0>, config5_dense>, i13 %qk_norm, i13 %qk_norm_1, i13 %qk_norm_2, i13 %qk_norm_3, i13 %value_0_val_read, i13 %value_1_val_read, i13 %value_2_val_read, i13 %value_3_val_read, i13 %value_4_val_read, i13 %value_5_val_read, i13 %value_6_val_read, i13 %value_7_val_read, i2 2" [firmware/nnet_utils/nnet_dense.h:54->firmware/nnet_utils/nnet_dense.h:45->firmware/nnet_utils/nnet_hept.h:227->firmware/nnet_utils/nnet_hept.h:255]   --->   Operation 230 'call' 'call_ret5' <Predicate = true> <Delay = 4.29> <CoreType = "Generic">   --->   Core 0 '' <Latency = 0> <II = 1> <Delay = 1.00> <Generic> <Opcode : >
ST_15 : Operation 231 [2/2] (4.29ns)   --->   "%call_ret6 = call i52 @dense_latency<ap_fixed<13, 4, 4, 0, 0>, ap_fixed<13, 4, 4, 0, 0>, config5_dense>.1, i13 %qk_norm_4, i13 %qk_norm_5, i13 %qk_norm_6, i13 %qk_norm_7, i13 %value_8_val_read, i13 %value_9_val_read, i13 %value_10_val_read, i13 %value_11_val_read, i13 %value_12_val_read, i13 %value_13_val_read, i13 %value_14_val_read, i13 %value_15_val_read, i3 4" [firmware/nnet_utils/nnet_dense.h:54->firmware/nnet_utils/nnet_dense.h:45->firmware/nnet_utils/nnet_hept.h:227->firmware/nnet_utils/nnet_hept.h:255]   --->   Operation 231 'call' 'call_ret6' <Predicate = true> <Delay = 4.29> <CoreType = "Generic">   --->   Core 0 '' <Latency = 0> <II = 1> <Delay = 1.00> <Generic> <Opcode : >
ST_15 : Operation 232 [2/2] (4.29ns)   --->   "%call_ret7 = call i52 @dense_latency<ap_fixed<13, 4, 4, 0, 0>, ap_fixed<13, 4, 4, 0, 0>, config5_dense>.1, i13 %qk_norm_4, i13 %qk_norm_5, i13 %qk_norm_6, i13 %qk_norm_7, i13 %value_8_val_read, i13 %value_9_val_read, i13 %value_10_val_read, i13 %value_11_val_read, i13 %value_12_val_read, i13 %value_13_val_read, i13 %value_14_val_read, i13 %value_15_val_read, i3 6" [firmware/nnet_utils/nnet_dense.h:54->firmware/nnet_utils/nnet_dense.h:45->firmware/nnet_utils/nnet_hept.h:227->firmware/nnet_utils/nnet_hept.h:255]   --->   Operation 232 'call' 'call_ret7' <Predicate = true> <Delay = 4.29> <CoreType = "Generic">   --->   Core 0 '' <Latency = 0> <II = 1> <Delay = 1.00> <Generic> <Opcode : >

State 16 <SV = 15> <Delay = 1.71>
ST_16 : Operation 233 [1/2] (1.71ns)   --->   "%call_ret4 = call i52 @dense_latency<ap_fixed<13, 4, 4, 0, 0>, ap_fixed<13, 4, 4, 0, 0>, config5_dense>, i13 %qk_norm, i13 %qk_norm_1, i13 %qk_norm_2, i13 %qk_norm_3, i13 %value_0_val_read, i13 %value_1_val_read, i13 %value_2_val_read, i13 %value_3_val_read, i13 %value_4_val_read, i13 %value_5_val_read, i13 %value_6_val_read, i13 %value_7_val_read, i2 0" [firmware/nnet_utils/nnet_dense.h:54->firmware/nnet_utils/nnet_dense.h:45->firmware/nnet_utils/nnet_hept.h:227->firmware/nnet_utils/nnet_hept.h:255]   --->   Operation 233 'call' 'call_ret4' <Predicate = true> <Delay = 1.71> <CoreType = "Generic">   --->   Core 0 '' <Latency = 0> <II = 1> <Delay = 1.00> <Generic> <Opcode : >
ST_16 : Operation 234 [1/1] (0.00ns)   --->   "%out_buffer_0 = extractvalue i52 %call_ret4" [firmware/nnet_utils/nnet_dense.h:54->firmware/nnet_utils/nnet_dense.h:45->firmware/nnet_utils/nnet_hept.h:227->firmware/nnet_utils/nnet_hept.h:255]   --->   Operation 234 'extractvalue' 'out_buffer_0' <Predicate = true> <Delay = 0.00>
ST_16 : Operation 235 [1/1] (0.00ns)   --->   "%out_buffer_1 = extractvalue i52 %call_ret4" [firmware/nnet_utils/nnet_dense.h:54->firmware/nnet_utils/nnet_dense.h:45->firmware/nnet_utils/nnet_hept.h:227->firmware/nnet_utils/nnet_hept.h:255]   --->   Operation 235 'extractvalue' 'out_buffer_1' <Predicate = true> <Delay = 0.00>
ST_16 : Operation 236 [1/1] (0.00ns)   --->   "%out_buffer_2 = extractvalue i52 %call_ret4" [firmware/nnet_utils/nnet_dense.h:54->firmware/nnet_utils/nnet_dense.h:45->firmware/nnet_utils/nnet_hept.h:227->firmware/nnet_utils/nnet_hept.h:255]   --->   Operation 236 'extractvalue' 'out_buffer_2' <Predicate = true> <Delay = 0.00>
ST_16 : Operation 237 [1/1] (0.00ns)   --->   "%out_buffer_3 = extractvalue i52 %call_ret4" [firmware/nnet_utils/nnet_dense.h:54->firmware/nnet_utils/nnet_dense.h:45->firmware/nnet_utils/nnet_hept.h:227->firmware/nnet_utils/nnet_hept.h:255]   --->   Operation 237 'extractvalue' 'out_buffer_3' <Predicate = true> <Delay = 0.00>
ST_16 : Operation 238 [1/2] (1.71ns)   --->   "%call_ret5 = call i52 @dense_latency<ap_fixed<13, 4, 4, 0, 0>, ap_fixed<13, 4, 4, 0, 0>, config5_dense>, i13 %qk_norm, i13 %qk_norm_1, i13 %qk_norm_2, i13 %qk_norm_3, i13 %value_0_val_read, i13 %value_1_val_read, i13 %value_2_val_read, i13 %value_3_val_read, i13 %value_4_val_read, i13 %value_5_val_read, i13 %value_6_val_read, i13 %value_7_val_read, i2 2" [firmware/nnet_utils/nnet_dense.h:54->firmware/nnet_utils/nnet_dense.h:45->firmware/nnet_utils/nnet_hept.h:227->firmware/nnet_utils/nnet_hept.h:255]   --->   Operation 238 'call' 'call_ret5' <Predicate = true> <Delay = 1.71> <CoreType = "Generic">   --->   Core 0 '' <Latency = 0> <II = 1> <Delay = 1.00> <Generic> <Opcode : >
ST_16 : Operation 239 [1/1] (0.00ns)   --->   "%out_buffer_0_4 = extractvalue i52 %call_ret5" [firmware/nnet_utils/nnet_dense.h:54->firmware/nnet_utils/nnet_dense.h:45->firmware/nnet_utils/nnet_hept.h:227->firmware/nnet_utils/nnet_hept.h:255]   --->   Operation 239 'extractvalue' 'out_buffer_0_4' <Predicate = true> <Delay = 0.00>
ST_16 : Operation 240 [1/1] (0.00ns)   --->   "%out_buffer_1_4 = extractvalue i52 %call_ret5" [firmware/nnet_utils/nnet_dense.h:54->firmware/nnet_utils/nnet_dense.h:45->firmware/nnet_utils/nnet_hept.h:227->firmware/nnet_utils/nnet_hept.h:255]   --->   Operation 240 'extractvalue' 'out_buffer_1_4' <Predicate = true> <Delay = 0.00>
ST_16 : Operation 241 [1/1] (0.00ns)   --->   "%out_buffer_2_4 = extractvalue i52 %call_ret5" [firmware/nnet_utils/nnet_dense.h:54->firmware/nnet_utils/nnet_dense.h:45->firmware/nnet_utils/nnet_hept.h:227->firmware/nnet_utils/nnet_hept.h:255]   --->   Operation 241 'extractvalue' 'out_buffer_2_4' <Predicate = true> <Delay = 0.00>
ST_16 : Operation 242 [1/1] (0.00ns)   --->   "%out_buffer_3_4 = extractvalue i52 %call_ret5" [firmware/nnet_utils/nnet_dense.h:54->firmware/nnet_utils/nnet_dense.h:45->firmware/nnet_utils/nnet_hept.h:227->firmware/nnet_utils/nnet_hept.h:255]   --->   Operation 242 'extractvalue' 'out_buffer_3_4' <Predicate = true> <Delay = 0.00>
ST_16 : Operation 243 [1/2] (1.71ns)   --->   "%call_ret6 = call i52 @dense_latency<ap_fixed<13, 4, 4, 0, 0>, ap_fixed<13, 4, 4, 0, 0>, config5_dense>.1, i13 %qk_norm_4, i13 %qk_norm_5, i13 %qk_norm_6, i13 %qk_norm_7, i13 %value_8_val_read, i13 %value_9_val_read, i13 %value_10_val_read, i13 %value_11_val_read, i13 %value_12_val_read, i13 %value_13_val_read, i13 %value_14_val_read, i13 %value_15_val_read, i3 4" [firmware/nnet_utils/nnet_dense.h:54->firmware/nnet_utils/nnet_dense.h:45->firmware/nnet_utils/nnet_hept.h:227->firmware/nnet_utils/nnet_hept.h:255]   --->   Operation 243 'call' 'call_ret6' <Predicate = true> <Delay = 1.71> <CoreType = "Generic">   --->   Core 0 '' <Latency = 0> <II = 1> <Delay = 1.00> <Generic> <Opcode : >
ST_16 : Operation 244 [1/1] (0.00ns)   --->   "%out_buffer_0_5 = extractvalue i52 %call_ret6" [firmware/nnet_utils/nnet_dense.h:54->firmware/nnet_utils/nnet_dense.h:45->firmware/nnet_utils/nnet_hept.h:227->firmware/nnet_utils/nnet_hept.h:255]   --->   Operation 244 'extractvalue' 'out_buffer_0_5' <Predicate = true> <Delay = 0.00>
ST_16 : Operation 245 [1/1] (0.00ns)   --->   "%out_buffer_1_5 = extractvalue i52 %call_ret6" [firmware/nnet_utils/nnet_dense.h:54->firmware/nnet_utils/nnet_dense.h:45->firmware/nnet_utils/nnet_hept.h:227->firmware/nnet_utils/nnet_hept.h:255]   --->   Operation 245 'extractvalue' 'out_buffer_1_5' <Predicate = true> <Delay = 0.00>
ST_16 : Operation 246 [1/1] (0.00ns)   --->   "%out_buffer_2_5 = extractvalue i52 %call_ret6" [firmware/nnet_utils/nnet_dense.h:54->firmware/nnet_utils/nnet_dense.h:45->firmware/nnet_utils/nnet_hept.h:227->firmware/nnet_utils/nnet_hept.h:255]   --->   Operation 246 'extractvalue' 'out_buffer_2_5' <Predicate = true> <Delay = 0.00>
ST_16 : Operation 247 [1/1] (0.00ns)   --->   "%out_buffer_3_5 = extractvalue i52 %call_ret6" [firmware/nnet_utils/nnet_dense.h:54->firmware/nnet_utils/nnet_dense.h:45->firmware/nnet_utils/nnet_hept.h:227->firmware/nnet_utils/nnet_hept.h:255]   --->   Operation 247 'extractvalue' 'out_buffer_3_5' <Predicate = true> <Delay = 0.00>
ST_16 : Operation 248 [1/2] (1.71ns)   --->   "%call_ret7 = call i52 @dense_latency<ap_fixed<13, 4, 4, 0, 0>, ap_fixed<13, 4, 4, 0, 0>, config5_dense>.1, i13 %qk_norm_4, i13 %qk_norm_5, i13 %qk_norm_6, i13 %qk_norm_7, i13 %value_8_val_read, i13 %value_9_val_read, i13 %value_10_val_read, i13 %value_11_val_read, i13 %value_12_val_read, i13 %value_13_val_read, i13 %value_14_val_read, i13 %value_15_val_read, i3 6" [firmware/nnet_utils/nnet_dense.h:54->firmware/nnet_utils/nnet_dense.h:45->firmware/nnet_utils/nnet_hept.h:227->firmware/nnet_utils/nnet_hept.h:255]   --->   Operation 248 'call' 'call_ret7' <Predicate = true> <Delay = 1.71> <CoreType = "Generic">   --->   Core 0 '' <Latency = 0> <II = 1> <Delay = 1.00> <Generic> <Opcode : >
ST_16 : Operation 249 [1/1] (0.00ns)   --->   "%out_buffer_0_6 = extractvalue i52 %call_ret7" [firmware/nnet_utils/nnet_dense.h:54->firmware/nnet_utils/nnet_dense.h:45->firmware/nnet_utils/nnet_hept.h:227->firmware/nnet_utils/nnet_hept.h:255]   --->   Operation 249 'extractvalue' 'out_buffer_0_6' <Predicate = true> <Delay = 0.00>
ST_16 : Operation 250 [1/1] (0.00ns)   --->   "%out_buffer_1_6 = extractvalue i52 %call_ret7" [firmware/nnet_utils/nnet_dense.h:54->firmware/nnet_utils/nnet_dense.h:45->firmware/nnet_utils/nnet_hept.h:227->firmware/nnet_utils/nnet_hept.h:255]   --->   Operation 250 'extractvalue' 'out_buffer_1_6' <Predicate = true> <Delay = 0.00>
ST_16 : Operation 251 [1/1] (0.00ns)   --->   "%out_buffer_2_6 = extractvalue i52 %call_ret7" [firmware/nnet_utils/nnet_dense.h:54->firmware/nnet_utils/nnet_dense.h:45->firmware/nnet_utils/nnet_hept.h:227->firmware/nnet_utils/nnet_hept.h:255]   --->   Operation 251 'extractvalue' 'out_buffer_2_6' <Predicate = true> <Delay = 0.00>
ST_16 : Operation 252 [1/1] (0.00ns)   --->   "%out_buffer_3_6 = extractvalue i52 %call_ret7" [firmware/nnet_utils/nnet_dense.h:54->firmware/nnet_utils/nnet_dense.h:45->firmware/nnet_utils/nnet_hept.h:227->firmware/nnet_utils/nnet_hept.h:255]   --->   Operation 252 'extractvalue' 'out_buffer_3_6' <Predicate = true> <Delay = 0.00>
ST_16 : Operation 253 [1/1] (0.00ns)   --->   "%mrv = insertvalue i208 <undef>, i13 %out_buffer_0" [firmware/nnet_utils/nnet_hept.h:257]   --->   Operation 253 'insertvalue' 'mrv' <Predicate = true> <Delay = 0.00>
ST_16 : Operation 254 [1/1] (0.00ns)   --->   "%mrv_1 = insertvalue i208 %mrv, i13 %out_buffer_1" [firmware/nnet_utils/nnet_hept.h:257]   --->   Operation 254 'insertvalue' 'mrv_1' <Predicate = true> <Delay = 0.00>
ST_16 : Operation 255 [1/1] (0.00ns)   --->   "%mrv_2 = insertvalue i208 %mrv_1, i13 %out_buffer_2" [firmware/nnet_utils/nnet_hept.h:257]   --->   Operation 255 'insertvalue' 'mrv_2' <Predicate = true> <Delay = 0.00>
ST_16 : Operation 256 [1/1] (0.00ns)   --->   "%mrv_3 = insertvalue i208 %mrv_2, i13 %out_buffer_3" [firmware/nnet_utils/nnet_hept.h:257]   --->   Operation 256 'insertvalue' 'mrv_3' <Predicate = true> <Delay = 0.00>
ST_16 : Operation 257 [1/1] (0.00ns)   --->   "%mrv_4 = insertvalue i208 %mrv_3, i13 %out_buffer_0_4" [firmware/nnet_utils/nnet_hept.h:257]   --->   Operation 257 'insertvalue' 'mrv_4' <Predicate = true> <Delay = 0.00>
ST_16 : Operation 258 [1/1] (0.00ns)   --->   "%mrv_5 = insertvalue i208 %mrv_4, i13 %out_buffer_1_4" [firmware/nnet_utils/nnet_hept.h:257]   --->   Operation 258 'insertvalue' 'mrv_5' <Predicate = true> <Delay = 0.00>
ST_16 : Operation 259 [1/1] (0.00ns)   --->   "%mrv_6 = insertvalue i208 %mrv_5, i13 %out_buffer_2_4" [firmware/nnet_utils/nnet_hept.h:257]   --->   Operation 259 'insertvalue' 'mrv_6' <Predicate = true> <Delay = 0.00>
ST_16 : Operation 260 [1/1] (0.00ns)   --->   "%mrv_7 = insertvalue i208 %mrv_6, i13 %out_buffer_3_4" [firmware/nnet_utils/nnet_hept.h:257]   --->   Operation 260 'insertvalue' 'mrv_7' <Predicate = true> <Delay = 0.00>
ST_16 : Operation 261 [1/1] (0.00ns)   --->   "%mrv_8 = insertvalue i208 %mrv_7, i13 %out_buffer_0_5" [firmware/nnet_utils/nnet_hept.h:257]   --->   Operation 261 'insertvalue' 'mrv_8' <Predicate = true> <Delay = 0.00>
ST_16 : Operation 262 [1/1] (0.00ns)   --->   "%mrv_9 = insertvalue i208 %mrv_8, i13 %out_buffer_1_5" [firmware/nnet_utils/nnet_hept.h:257]   --->   Operation 262 'insertvalue' 'mrv_9' <Predicate = true> <Delay = 0.00>
ST_16 : Operation 263 [1/1] (0.00ns)   --->   "%mrv_10 = insertvalue i208 %mrv_9, i13 %out_buffer_2_5" [firmware/nnet_utils/nnet_hept.h:257]   --->   Operation 263 'insertvalue' 'mrv_10' <Predicate = true> <Delay = 0.00>
ST_16 : Operation 264 [1/1] (0.00ns)   --->   "%mrv_11 = insertvalue i208 %mrv_10, i13 %out_buffer_3_5" [firmware/nnet_utils/nnet_hept.h:257]   --->   Operation 264 'insertvalue' 'mrv_11' <Predicate = true> <Delay = 0.00>
ST_16 : Operation 265 [1/1] (0.00ns)   --->   "%mrv_12 = insertvalue i208 %mrv_11, i13 %out_buffer_0_6" [firmware/nnet_utils/nnet_hept.h:257]   --->   Operation 265 'insertvalue' 'mrv_12' <Predicate = true> <Delay = 0.00>
ST_16 : Operation 266 [1/1] (0.00ns)   --->   "%mrv_13 = insertvalue i208 %mrv_12, i13 %out_buffer_1_6" [firmware/nnet_utils/nnet_hept.h:257]   --->   Operation 266 'insertvalue' 'mrv_13' <Predicate = true> <Delay = 0.00>
ST_16 : Operation 267 [1/1] (0.00ns)   --->   "%mrv_14 = insertvalue i208 %mrv_13, i13 %out_buffer_2_6" [firmware/nnet_utils/nnet_hept.h:257]   --->   Operation 267 'insertvalue' 'mrv_14' <Predicate = true> <Delay = 0.00>
ST_16 : Operation 268 [1/1] (0.00ns)   --->   "%mrv_15 = insertvalue i208 %mrv_14, i13 %out_buffer_3_6" [firmware/nnet_utils/nnet_hept.h:257]   --->   Operation 268 'insertvalue' 'mrv_15' <Predicate = true> <Delay = 0.00>
ST_16 : Operation 269 [1/1] (0.00ns)   --->   "%ret_ln257 = ret i208 %mrv_15" [firmware/nnet_utils/nnet_hept.h:257]   --->   Operation 269 'ret' 'ret_ln257' <Predicate = true> <Delay = 0.00>


============================================================
+ Verbose Summary: Timing violations
============================================================
Target clock period: 5.000ns, clock uncertainty: 0.625ns.

 <State 1>: 3.240ns
The critical path consists of the following:
	wire read operation ('key_39_val80_read', firmware/nnet_utils/nnet_hept.h:63->firmware/nnet_utils/nnet_hept.h:250) on port 'key_39_val80' (firmware/nnet_utils/nnet_hept.h:63->firmware/nnet_utils/nnet_hept.h:250) [123]  (0.000 ns)
	'call' operation 520 bit ('call_ret', firmware/nnet_utils/nnet_hept.h:63->firmware/nnet_utils/nnet_hept.h:251) to 'transpose<ap_fixed,ap_fixed<13,4,4,0,0>,config5_transpose_qk>' [244]  (0.000 ns)
	'call' operation 104 bit ('call_ret2', firmware/nnet_utils/nnet_hept.h:253) to 'pairwise_dist_sq_rbf<ap_fixed,ap_fixed<13,4,4,0,0>,config5>' [285]  (3.240 ns)

 <State 2>: 4.266ns
The critical path consists of the following:
	'call' operation 104 bit ('call_ret2', firmware/nnet_utils/nnet_hept.h:253) to 'pairwise_dist_sq_rbf<ap_fixed,ap_fixed<13,4,4,0,0>,config5>' [285]  (4.266 ns)

 <State 3>: 4.266ns
The critical path consists of the following:
	'call' operation 104 bit ('call_ret2', firmware/nnet_utils/nnet_hept.h:253) to 'pairwise_dist_sq_rbf<ap_fixed,ap_fixed<13,4,4,0,0>,config5>' [285]  (4.266 ns)

 <State 4>: 4.266ns
The critical path consists of the following:
	'call' operation 104 bit ('call_ret2', firmware/nnet_utils/nnet_hept.h:253) to 'pairwise_dist_sq_rbf<ap_fixed,ap_fixed<13,4,4,0,0>,config5>' [285]  (4.266 ns)

 <State 5>: 4.266ns
The critical path consists of the following:
	'call' operation 104 bit ('call_ret2', firmware/nnet_utils/nnet_hept.h:253) to 'pairwise_dist_sq_rbf<ap_fixed,ap_fixed<13,4,4,0,0>,config5>' [285]  (4.266 ns)

 <State 6>: 4.266ns
The critical path consists of the following:
	'call' operation 104 bit ('call_ret2', firmware/nnet_utils/nnet_hept.h:253) to 'pairwise_dist_sq_rbf<ap_fixed,ap_fixed<13,4,4,0,0>,config5>' [285]  (4.266 ns)

 <State 7>: 4.266ns
The critical path consists of the following:
	'call' operation 104 bit ('call_ret2', firmware/nnet_utils/nnet_hept.h:253) to 'pairwise_dist_sq_rbf<ap_fixed,ap_fixed<13,4,4,0,0>,config5>' [285]  (4.266 ns)

 <State 8>: 2.599ns
The critical path consists of the following:
	'call' operation 104 bit ('call_ret2', firmware/nnet_utils/nnet_hept.h:253) to 'pairwise_dist_sq_rbf<ap_fixed,ap_fixed<13,4,4,0,0>,config5>' [285]  (2.599 ns)

 <State 9>: 1.892ns
The critical path consists of the following:
	'call' operation 104 bit ('call_ret3', firmware/nnet_utils/nnet_hept.h:254) to 'mask_and_normalize<ap_fixed<13, 4, 4, 0, 0>, ap_fixed<13, 4, 4, 0, 0>, config5>' [294]  (1.892 ns)

 <State 10>: 4.279ns
The critical path consists of the following:
	'call' operation 104 bit ('call_ret3', firmware/nnet_utils/nnet_hept.h:254) to 'mask_and_normalize<ap_fixed<13, 4, 4, 0, 0>, ap_fixed<13, 4, 4, 0, 0>, config5>' [294]  (4.279 ns)

 <State 11>: 4.279ns
The critical path consists of the following:
	'call' operation 104 bit ('call_ret3', firmware/nnet_utils/nnet_hept.h:254) to 'mask_and_normalize<ap_fixed<13, 4, 4, 0, 0>, ap_fixed<13, 4, 4, 0, 0>, config5>' [294]  (4.279 ns)

 <State 12>: 4.279ns
The critical path consists of the following:
	'call' operation 104 bit ('call_ret3', firmware/nnet_utils/nnet_hept.h:254) to 'mask_and_normalize<ap_fixed<13, 4, 4, 0, 0>, ap_fixed<13, 4, 4, 0, 0>, config5>' [294]  (4.279 ns)

 <State 13>: 4.279ns
The critical path consists of the following:
	'call' operation 104 bit ('call_ret3', firmware/nnet_utils/nnet_hept.h:254) to 'mask_and_normalize<ap_fixed<13, 4, 4, 0, 0>, ap_fixed<13, 4, 4, 0, 0>, config5>' [294]  (4.279 ns)

 <State 14>: 4.197ns
The critical path consists of the following:
	'call' operation 104 bit ('call_ret3', firmware/nnet_utils/nnet_hept.h:254) to 'mask_and_normalize<ap_fixed<13, 4, 4, 0, 0>, ap_fixed<13, 4, 4, 0, 0>, config5>' [294]  (4.197 ns)

 <State 15>: 4.294ns
The critical path consists of the following:
	'call' operation 52 bit ('call_ret4', firmware/nnet_utils/nnet_dense.h:54->firmware/nnet_utils/nnet_dense.h:45->firmware/nnet_utils/nnet_hept.h:227->firmware/nnet_utils/nnet_hept.h:255) to 'dense_latency<ap_fixed<13, 4, 4, 0, 0>, ap_fixed<13, 4, 4, 0, 0>, config5_dense>' [303]  (4.294 ns)

 <State 16>: 1.716ns
The critical path consists of the following:
	'call' operation 52 bit ('call_ret4', firmware/nnet_utils/nnet_dense.h:54->firmware/nnet_utils/nnet_dense.h:45->firmware/nnet_utils/nnet_hept.h:227->firmware/nnet_utils/nnet_hept.h:255) to 'dense_latency<ap_fixed<13, 4, 4, 0, 0>, ap_fixed<13, 4, 4, 0, 0>, config5_dense>' [303]  (1.716 ns)


============================================================
+ Verbose Summary: Binding
============================================================
N/A
* FSMD analyzer results:
  - Output states:
 - Input state : 
  - Chain level:
	State 1
	State 2
	State 3
	State 4
	State 5
	State 6
	State 7
	State 8
	State 9
	State 10
	State 11
	State 12
	State 13
	State 14
	State 15
	State 16


============================================================
+ Verbose Summary: Datapath Resource usage 
============================================================
N/A
