

================================================================
== Vitis HLS Report for 'transpose_ap_fixed_ap_fixed_13_4_4_0_0_config5_transpose_qk_s'
================================================================
* Date:           Sun Feb  9 18:47:16 2025

* Version:        2023.2 (Build 4023990 on Oct 11 2023)
* Project:        myproject_prj
* Solution:       solution1 (Vivado IP Flow Target)
* Product family: virtexuplus
* Target device:  xcvu13p-flga2577-2-e


================================================================
== Performance Estimates
================================================================
+ Timing: 
    * Summary: 
    +--------+---------+----------+------------+
    |  Clock |  Target | Estimated| Uncertainty|
    +--------+---------+----------+------------+
    |ap_clk  |  5.00 ns|      0 ns|     0.62 ns|
    +--------+---------+----------+------------+

+ Latency: 
    * Summary: 
    +---------+---------+----------+----------+-----+-----+---------+
    |  Latency (cycles) |  Latency (absolute) |  Interval | Pipeline|
    |   min   |   max   |    min   |    max   | min | max |   Type  |
    +---------+---------+----------+----------+-----+-----+---------+
    |        0|        0|      0 ns|      0 ns|    1|    1|      yes|
    +---------+---------+----------+----------+-----+-----+---------+

    + Detail: 
        * Instance: 
        N/A

        * Loop: 
        N/A

============================================================
+ Verbose Summary: Synthesis Manager
============================================================
InlineROM: 1
ExposeGlobal: 0
============================================================
+ Verbose Summary: CDFG Model
============================================================
IsTopModel: 0
ResetActiveHigh: 1
IsCombinational: 0
IsDatapathOnly: 0
HasWiredReturn: 1
HasMFsm: 2
HasVarLatency: 0
IsPipeline: 1
IsRtlPipelined: 0
IsInstanceOverlapped: 0
IsDontTouch: 0
HasImplIP: 0
IsGatedGlobalClock: 0

+ Individual pipeline summary: 
  * Pipeline-0: initiation interval (II) = 1, depth = 1


============================================================
+ Verbose Summary: Schedule
============================================================
* Number of FSM states : 1
* Pipeline : 1
  Pipeline-0 : II = 1, D = 1, States = { 1 }
* Dataflow Pipeline: 0

* FSM state transitions: 
1 --> 

* FSM state operations: 

State 1 <SV = 0> <Delay = 0.00>
ST_1 : Operation 2 [1/1] (0.00ns)   --->   "%data_39_val_read = read i13 @_ssdm_op_Read.ap_auto.i13, i13 %data_39_val" [firmware/nnet_utils/nnet_transpose.h:35]   --->   Operation 2 'read' 'data_39_val_read' <Predicate = true> <Delay = 0.00>
ST_1 : Operation 3 [1/1] (0.00ns)   --->   "%data_38_val_read = read i13 @_ssdm_op_Read.ap_auto.i13, i13 %data_38_val" [firmware/nnet_utils/nnet_transpose.h:35]   --->   Operation 3 'read' 'data_38_val_read' <Predicate = true> <Delay = 0.00>
ST_1 : Operation 4 [1/1] (0.00ns)   --->   "%data_37_val_read = read i13 @_ssdm_op_Read.ap_auto.i13, i13 %data_37_val" [firmware/nnet_utils/nnet_transpose.h:35]   --->   Operation 4 'read' 'data_37_val_read' <Predicate = true> <Delay = 0.00>
ST_1 : Operation 5 [1/1] (0.00ns)   --->   "%data_36_val_read = read i13 @_ssdm_op_Read.ap_auto.i13, i13 %data_36_val" [firmware/nnet_utils/nnet_transpose.h:35]   --->   Operation 5 'read' 'data_36_val_read' <Predicate = true> <Delay = 0.00>
ST_1 : Operation 6 [1/1] (0.00ns)   --->   "%data_35_val_read = read i13 @_ssdm_op_Read.ap_auto.i13, i13 %data_35_val" [firmware/nnet_utils/nnet_transpose.h:35]   --->   Operation 6 'read' 'data_35_val_read' <Predicate = true> <Delay = 0.00>
ST_1 : Operation 7 [1/1] (0.00ns)   --->   "%data_34_val_read = read i13 @_ssdm_op_Read.ap_auto.i13, i13 %data_34_val" [firmware/nnet_utils/nnet_transpose.h:35]   --->   Operation 7 'read' 'data_34_val_read' <Predicate = true> <Delay = 0.00>
ST_1 : Operation 8 [1/1] (0.00ns)   --->   "%data_33_val_read = read i13 @_ssdm_op_Read.ap_auto.i13, i13 %data_33_val" [firmware/nnet_utils/nnet_transpose.h:35]   --->   Operation 8 'read' 'data_33_val_read' <Predicate = true> <Delay = 0.00>
ST_1 : Operation 9 [1/1] (0.00ns)   --->   "%data_32_val_read = read i13 @_ssdm_op_Read.ap_auto.i13, i13 %data_32_val" [firmware/nnet_utils/nnet_transpose.h:35]   --->   Operation 9 'read' 'data_32_val_read' <Predicate = true> <Delay = 0.00>
ST_1 : Operation 10 [1/1] (0.00ns)   --->   "%data_31_val_read = read i13 @_ssdm_op_Read.ap_auto.i13, i13 %data_31_val" [firmware/nnet_utils/nnet_transpose.h:35]   --->   Operation 10 'read' 'data_31_val_read' <Predicate = true> <Delay = 0.00>
ST_1 : Operation 11 [1/1] (0.00ns)   --->   "%data_30_val_read = read i13 @_ssdm_op_Read.ap_auto.i13, i13 %data_30_val" [firmware/nnet_utils/nnet_transpose.h:35]   --->   Operation 11 'read' 'data_30_val_read' <Predicate = true> <Delay = 0.00>
ST_1 : Operation 12 [1/1] (0.00ns)   --->   "%data_29_val_read = read i13 @_ssdm_op_Read.ap_auto.i13, i13 %data_29_val" [firmware/nnet_utils/nnet_transpose.h:35]   --->   Operation 12 'read' 'data_29_val_read' <Predicate = true> <Delay = 0.00>
ST_1 : Operation 13 [1/1] (0.00ns)   --->   "%data_28_val_read = read i13 @_ssdm_op_Read.ap_auto.i13, i13 %data_28_val" [firmware/nnet_utils/nnet_transpose.h:35]   --->   Operation 13 'read' 'data_28_val_read' <Predicate = true> <Delay = 0.00>
ST_1 : Operation 14 [1/1] (0.00ns)   --->   "%data_27_val_read = read i13 @_ssdm_op_Read.ap_auto.i13, i13 %data_27_val" [firmware/nnet_utils/nnet_transpose.h:35]   --->   Operation 14 'read' 'data_27_val_read' <Predicate = true> <Delay = 0.00>
ST_1 : Operation 15 [1/1] (0.00ns)   --->   "%data_26_val_read = read i13 @_ssdm_op_Read.ap_auto.i13, i13 %data_26_val" [firmware/nnet_utils/nnet_transpose.h:35]   --->   Operation 15 'read' 'data_26_val_read' <Predicate = true> <Delay = 0.00>
ST_1 : Operation 16 [1/1] (0.00ns)   --->   "%data_25_val_read = read i13 @_ssdm_op_Read.ap_auto.i13, i13 %data_25_val" [firmware/nnet_utils/nnet_transpose.h:35]   --->   Operation 16 'read' 'data_25_val_read' <Predicate = true> <Delay = 0.00>
ST_1 : Operation 17 [1/1] (0.00ns)   --->   "%data_24_val_read = read i13 @_ssdm_op_Read.ap_auto.i13, i13 %data_24_val" [firmware/nnet_utils/nnet_transpose.h:35]   --->   Operation 17 'read' 'data_24_val_read' <Predicate = true> <Delay = 0.00>
ST_1 : Operation 18 [1/1] (0.00ns)   --->   "%data_23_val_read = read i13 @_ssdm_op_Read.ap_auto.i13, i13 %data_23_val" [firmware/nnet_utils/nnet_transpose.h:35]   --->   Operation 18 'read' 'data_23_val_read' <Predicate = true> <Delay = 0.00>
ST_1 : Operation 19 [1/1] (0.00ns)   --->   "%data_22_val_read = read i13 @_ssdm_op_Read.ap_auto.i13, i13 %data_22_val" [firmware/nnet_utils/nnet_transpose.h:35]   --->   Operation 19 'read' 'data_22_val_read' <Predicate = true> <Delay = 0.00>
ST_1 : Operation 20 [1/1] (0.00ns)   --->   "%data_21_val_read = read i13 @_ssdm_op_Read.ap_auto.i13, i13 %data_21_val" [firmware/nnet_utils/nnet_transpose.h:35]   --->   Operation 20 'read' 'data_21_val_read' <Predicate = true> <Delay = 0.00>
ST_1 : Operation 21 [1/1] (0.00ns)   --->   "%data_20_val_read = read i13 @_ssdm_op_Read.ap_auto.i13, i13 %data_20_val" [firmware/nnet_utils/nnet_transpose.h:35]   --->   Operation 21 'read' 'data_20_val_read' <Predicate = true> <Delay = 0.00>
ST_1 : Operation 22 [1/1] (0.00ns)   --->   "%data_19_val_read = read i13 @_ssdm_op_Read.ap_auto.i13, i13 %data_19_val" [firmware/nnet_utils/nnet_transpose.h:35]   --->   Operation 22 'read' 'data_19_val_read' <Predicate = true> <Delay = 0.00>
ST_1 : Operation 23 [1/1] (0.00ns)   --->   "%data_18_val_read = read i13 @_ssdm_op_Read.ap_auto.i13, i13 %data_18_val" [firmware/nnet_utils/nnet_transpose.h:35]   --->   Operation 23 'read' 'data_18_val_read' <Predicate = true> <Delay = 0.00>
ST_1 : Operation 24 [1/1] (0.00ns)   --->   "%data_17_val_read = read i13 @_ssdm_op_Read.ap_auto.i13, i13 %data_17_val" [firmware/nnet_utils/nnet_transpose.h:35]   --->   Operation 24 'read' 'data_17_val_read' <Predicate = true> <Delay = 0.00>
ST_1 : Operation 25 [1/1] (0.00ns)   --->   "%data_16_val_read = read i13 @_ssdm_op_Read.ap_auto.i13, i13 %data_16_val" [firmware/nnet_utils/nnet_transpose.h:35]   --->   Operation 25 'read' 'data_16_val_read' <Predicate = true> <Delay = 0.00>
ST_1 : Operation 26 [1/1] (0.00ns)   --->   "%data_15_val_read = read i13 @_ssdm_op_Read.ap_auto.i13, i13 %data_15_val" [firmware/nnet_utils/nnet_transpose.h:35]   --->   Operation 26 'read' 'data_15_val_read' <Predicate = true> <Delay = 0.00>
ST_1 : Operation 27 [1/1] (0.00ns)   --->   "%data_14_val_read = read i13 @_ssdm_op_Read.ap_auto.i13, i13 %data_14_val" [firmware/nnet_utils/nnet_transpose.h:35]   --->   Operation 27 'read' 'data_14_val_read' <Predicate = true> <Delay = 0.00>
ST_1 : Operation 28 [1/1] (0.00ns)   --->   "%data_13_val_read = read i13 @_ssdm_op_Read.ap_auto.i13, i13 %data_13_val" [firmware/nnet_utils/nnet_transpose.h:35]   --->   Operation 28 'read' 'data_13_val_read' <Predicate = true> <Delay = 0.00>
ST_1 : Operation 29 [1/1] (0.00ns)   --->   "%data_12_val_read = read i13 @_ssdm_op_Read.ap_auto.i13, i13 %data_12_val" [firmware/nnet_utils/nnet_transpose.h:35]   --->   Operation 29 'read' 'data_12_val_read' <Predicate = true> <Delay = 0.00>
ST_1 : Operation 30 [1/1] (0.00ns)   --->   "%data_11_val_read = read i13 @_ssdm_op_Read.ap_auto.i13, i13 %data_11_val" [firmware/nnet_utils/nnet_transpose.h:35]   --->   Operation 30 'read' 'data_11_val_read' <Predicate = true> <Delay = 0.00>
ST_1 : Operation 31 [1/1] (0.00ns)   --->   "%data_10_val_read = read i13 @_ssdm_op_Read.ap_auto.i13, i13 %data_10_val" [firmware/nnet_utils/nnet_transpose.h:35]   --->   Operation 31 'read' 'data_10_val_read' <Predicate = true> <Delay = 0.00>
ST_1 : Operation 32 [1/1] (0.00ns)   --->   "%data_9_val_read = read i13 @_ssdm_op_Read.ap_auto.i13, i13 %data_9_val" [firmware/nnet_utils/nnet_transpose.h:35]   --->   Operation 32 'read' 'data_9_val_read' <Predicate = true> <Delay = 0.00>
ST_1 : Operation 33 [1/1] (0.00ns)   --->   "%data_8_val_read = read i13 @_ssdm_op_Read.ap_auto.i13, i13 %data_8_val" [firmware/nnet_utils/nnet_transpose.h:35]   --->   Operation 33 'read' 'data_8_val_read' <Predicate = true> <Delay = 0.00>
ST_1 : Operation 34 [1/1] (0.00ns)   --->   "%data_7_val_read = read i13 @_ssdm_op_Read.ap_auto.i13, i13 %data_7_val" [firmware/nnet_utils/nnet_transpose.h:35]   --->   Operation 34 'read' 'data_7_val_read' <Predicate = true> <Delay = 0.00>
ST_1 : Operation 35 [1/1] (0.00ns)   --->   "%data_6_val_read = read i13 @_ssdm_op_Read.ap_auto.i13, i13 %data_6_val" [firmware/nnet_utils/nnet_transpose.h:35]   --->   Operation 35 'read' 'data_6_val_read' <Predicate = true> <Delay = 0.00>
ST_1 : Operation 36 [1/1] (0.00ns)   --->   "%data_5_val_read = read i13 @_ssdm_op_Read.ap_auto.i13, i13 %data_5_val" [firmware/nnet_utils/nnet_transpose.h:35]   --->   Operation 36 'read' 'data_5_val_read' <Predicate = true> <Delay = 0.00>
ST_1 : Operation 37 [1/1] (0.00ns)   --->   "%data_4_val_read = read i13 @_ssdm_op_Read.ap_auto.i13, i13 %data_4_val" [firmware/nnet_utils/nnet_transpose.h:35]   --->   Operation 37 'read' 'data_4_val_read' <Predicate = true> <Delay = 0.00>
ST_1 : Operation 38 [1/1] (0.00ns)   --->   "%data_3_val_read = read i13 @_ssdm_op_Read.ap_auto.i13, i13 %data_3_val" [firmware/nnet_utils/nnet_transpose.h:35]   --->   Operation 38 'read' 'data_3_val_read' <Predicate = true> <Delay = 0.00>
ST_1 : Operation 39 [1/1] (0.00ns)   --->   "%data_2_val_read = read i13 @_ssdm_op_Read.ap_auto.i13, i13 %data_2_val" [firmware/nnet_utils/nnet_transpose.h:35]   --->   Operation 39 'read' 'data_2_val_read' <Predicate = true> <Delay = 0.00>
ST_1 : Operation 40 [1/1] (0.00ns)   --->   "%data_1_val_read = read i13 @_ssdm_op_Read.ap_auto.i13, i13 %data_1_val" [firmware/nnet_utils/nnet_transpose.h:35]   --->   Operation 40 'read' 'data_1_val_read' <Predicate = true> <Delay = 0.00>
ST_1 : Operation 41 [1/1] (0.00ns)   --->   "%data_0_val_read = read i13 @_ssdm_op_Read.ap_auto.i13, i13 %data_0_val" [firmware/nnet_utils/nnet_transpose.h:35]   --->   Operation 41 'read' 'data_0_val_read' <Predicate = true> <Delay = 0.00>
ST_1 : Operation 42 [1/1] (0.00ns)   --->   "%mrv = insertvalue i520 <undef>, i13 %data_0_val_read" [firmware/nnet_utils/nnet_transpose.h:35]   --->   Operation 42 'insertvalue' 'mrv' <Predicate = true> <Delay = 0.00>
ST_1 : Operation 43 [1/1] (0.00ns)   --->   "%mrv_1 = insertvalue i520 %mrv, i13 %data_1_val_read" [firmware/nnet_utils/nnet_transpose.h:35]   --->   Operation 43 'insertvalue' 'mrv_1' <Predicate = true> <Delay = 0.00>
ST_1 : Operation 44 [1/1] (0.00ns)   --->   "%mrv_2 = insertvalue i520 %mrv_1, i13 %data_2_val_read" [firmware/nnet_utils/nnet_transpose.h:35]   --->   Operation 44 'insertvalue' 'mrv_2' <Predicate = true> <Delay = 0.00>
ST_1 : Operation 45 [1/1] (0.00ns)   --->   "%mrv_3 = insertvalue i520 %mrv_2, i13 %data_3_val_read" [firmware/nnet_utils/nnet_transpose.h:35]   --->   Operation 45 'insertvalue' 'mrv_3' <Predicate = true> <Delay = 0.00>
ST_1 : Operation 46 [1/1] (0.00ns)   --->   "%mrv_4 = insertvalue i520 %mrv_3, i13 %data_4_val_read" [firmware/nnet_utils/nnet_transpose.h:35]   --->   Operation 46 'insertvalue' 'mrv_4' <Predicate = true> <Delay = 0.00>
ST_1 : Operation 47 [1/1] (0.00ns)   --->   "%mrv_5 = insertvalue i520 %mrv_4, i13 %data_5_val_read" [firmware/nnet_utils/nnet_transpose.h:35]   --->   Operation 47 'insertvalue' 'mrv_5' <Predicate = true> <Delay = 0.00>
ST_1 : Operation 48 [1/1] (0.00ns)   --->   "%mrv_6 = insertvalue i520 %mrv_5, i13 %data_6_val_read" [firmware/nnet_utils/nnet_transpose.h:35]   --->   Operation 48 'insertvalue' 'mrv_6' <Predicate = true> <Delay = 0.00>
ST_1 : Operation 49 [1/1] (0.00ns)   --->   "%mrv_7 = insertvalue i520 %mrv_6, i13 %data_7_val_read" [firmware/nnet_utils/nnet_transpose.h:35]   --->   Operation 49 'insertvalue' 'mrv_7' <Predicate = true> <Delay = 0.00>
ST_1 : Operation 50 [1/1] (0.00ns)   --->   "%mrv_8 = insertvalue i520 %mrv_7, i13 %data_8_val_read" [firmware/nnet_utils/nnet_transpose.h:35]   --->   Operation 50 'insertvalue' 'mrv_8' <Predicate = true> <Delay = 0.00>
ST_1 : Operation 51 [1/1] (0.00ns)   --->   "%mrv_9 = insertvalue i520 %mrv_8, i13 %data_9_val_read" [firmware/nnet_utils/nnet_transpose.h:35]   --->   Operation 51 'insertvalue' 'mrv_9' <Predicate = true> <Delay = 0.00>
ST_1 : Operation 52 [1/1] (0.00ns)   --->   "%mrv_s = insertvalue i520 %mrv_9, i13 %data_10_val_read" [firmware/nnet_utils/nnet_transpose.h:35]   --->   Operation 52 'insertvalue' 'mrv_s' <Predicate = true> <Delay = 0.00>
ST_1 : Operation 53 [1/1] (0.00ns)   --->   "%mrv_10 = insertvalue i520 %mrv_s, i13 %data_11_val_read" [firmware/nnet_utils/nnet_transpose.h:35]   --->   Operation 53 'insertvalue' 'mrv_10' <Predicate = true> <Delay = 0.00>
ST_1 : Operation 54 [1/1] (0.00ns)   --->   "%mrv_11 = insertvalue i520 %mrv_10, i13 %data_12_val_read" [firmware/nnet_utils/nnet_transpose.h:35]   --->   Operation 54 'insertvalue' 'mrv_11' <Predicate = true> <Delay = 0.00>
ST_1 : Operation 55 [1/1] (0.00ns)   --->   "%mrv_12 = insertvalue i520 %mrv_11, i13 %data_13_val_read" [firmware/nnet_utils/nnet_transpose.h:35]   --->   Operation 55 'insertvalue' 'mrv_12' <Predicate = true> <Delay = 0.00>
ST_1 : Operation 56 [1/1] (0.00ns)   --->   "%mrv_13 = insertvalue i520 %mrv_12, i13 %data_14_val_read" [firmware/nnet_utils/nnet_transpose.h:35]   --->   Operation 56 'insertvalue' 'mrv_13' <Predicate = true> <Delay = 0.00>
ST_1 : Operation 57 [1/1] (0.00ns)   --->   "%mrv_14 = insertvalue i520 %mrv_13, i13 %data_15_val_read" [firmware/nnet_utils/nnet_transpose.h:35]   --->   Operation 57 'insertvalue' 'mrv_14' <Predicate = true> <Delay = 0.00>
ST_1 : Operation 58 [1/1] (0.00ns)   --->   "%mrv_15 = insertvalue i520 %mrv_14, i13 %data_16_val_read" [firmware/nnet_utils/nnet_transpose.h:35]   --->   Operation 58 'insertvalue' 'mrv_15' <Predicate = true> <Delay = 0.00>
ST_1 : Operation 59 [1/1] (0.00ns)   --->   "%mrv_16 = insertvalue i520 %mrv_15, i13 %data_17_val_read" [firmware/nnet_utils/nnet_transpose.h:35]   --->   Operation 59 'insertvalue' 'mrv_16' <Predicate = true> <Delay = 0.00>
ST_1 : Operation 60 [1/1] (0.00ns)   --->   "%mrv_17 = insertvalue i520 %mrv_16, i13 %data_18_val_read" [firmware/nnet_utils/nnet_transpose.h:35]   --->   Operation 60 'insertvalue' 'mrv_17' <Predicate = true> <Delay = 0.00>
ST_1 : Operation 61 [1/1] (0.00ns)   --->   "%mrv_18 = insertvalue i520 %mrv_17, i13 %data_19_val_read" [firmware/nnet_utils/nnet_transpose.h:35]   --->   Operation 61 'insertvalue' 'mrv_18' <Predicate = true> <Delay = 0.00>
ST_1 : Operation 62 [1/1] (0.00ns)   --->   "%mrv_19 = insertvalue i520 %mrv_18, i13 %data_20_val_read" [firmware/nnet_utils/nnet_transpose.h:35]   --->   Operation 62 'insertvalue' 'mrv_19' <Predicate = true> <Delay = 0.00>
ST_1 : Operation 63 [1/1] (0.00ns)   --->   "%mrv_20 = insertvalue i520 %mrv_19, i13 %data_21_val_read" [firmware/nnet_utils/nnet_transpose.h:35]   --->   Operation 63 'insertvalue' 'mrv_20' <Predicate = true> <Delay = 0.00>
ST_1 : Operation 64 [1/1] (0.00ns)   --->   "%mrv_21 = insertvalue i520 %mrv_20, i13 %data_22_val_read" [firmware/nnet_utils/nnet_transpose.h:35]   --->   Operation 64 'insertvalue' 'mrv_21' <Predicate = true> <Delay = 0.00>
ST_1 : Operation 65 [1/1] (0.00ns)   --->   "%mrv_22 = insertvalue i520 %mrv_21, i13 %data_23_val_read" [firmware/nnet_utils/nnet_transpose.h:35]   --->   Operation 65 'insertvalue' 'mrv_22' <Predicate = true> <Delay = 0.00>
ST_1 : Operation 66 [1/1] (0.00ns)   --->   "%mrv_23 = insertvalue i520 %mrv_22, i13 %data_24_val_read" [firmware/nnet_utils/nnet_transpose.h:35]   --->   Operation 66 'insertvalue' 'mrv_23' <Predicate = true> <Delay = 0.00>
ST_1 : Operation 67 [1/1] (0.00ns)   --->   "%mrv_24 = insertvalue i520 %mrv_23, i13 %data_25_val_read" [firmware/nnet_utils/nnet_transpose.h:35]   --->   Operation 67 'insertvalue' 'mrv_24' <Predicate = true> <Delay = 0.00>
ST_1 : Operation 68 [1/1] (0.00ns)   --->   "%mrv_25 = insertvalue i520 %mrv_24, i13 %data_26_val_read" [firmware/nnet_utils/nnet_transpose.h:35]   --->   Operation 68 'insertvalue' 'mrv_25' <Predicate = true> <Delay = 0.00>
ST_1 : Operation 69 [1/1] (0.00ns)   --->   "%mrv_26 = insertvalue i520 %mrv_25, i13 %data_27_val_read" [firmware/nnet_utils/nnet_transpose.h:35]   --->   Operation 69 'insertvalue' 'mrv_26' <Predicate = true> <Delay = 0.00>
ST_1 : Operation 70 [1/1] (0.00ns)   --->   "%mrv_27 = insertvalue i520 %mrv_26, i13 %data_28_val_read" [firmware/nnet_utils/nnet_transpose.h:35]   --->   Operation 70 'insertvalue' 'mrv_27' <Predicate = true> <Delay = 0.00>
ST_1 : Operation 71 [1/1] (0.00ns)   --->   "%mrv_28 = insertvalue i520 %mrv_27, i13 %data_29_val_read" [firmware/nnet_utils/nnet_transpose.h:35]   --->   Operation 71 'insertvalue' 'mrv_28' <Predicate = true> <Delay = 0.00>
ST_1 : Operation 72 [1/1] (0.00ns)   --->   "%mrv_29 = insertvalue i520 %mrv_28, i13 %data_30_val_read" [firmware/nnet_utils/nnet_transpose.h:35]   --->   Operation 72 'insertvalue' 'mrv_29' <Predicate = true> <Delay = 0.00>
ST_1 : Operation 73 [1/1] (0.00ns)   --->   "%mrv_30 = insertvalue i520 %mrv_29, i13 %data_31_val_read" [firmware/nnet_utils/nnet_transpose.h:35]   --->   Operation 73 'insertvalue' 'mrv_30' <Predicate = true> <Delay = 0.00>
ST_1 : Operation 74 [1/1] (0.00ns)   --->   "%mrv_31 = insertvalue i520 %mrv_30, i13 %data_32_val_read" [firmware/nnet_utils/nnet_transpose.h:35]   --->   Operation 74 'insertvalue' 'mrv_31' <Predicate = true> <Delay = 0.00>
ST_1 : Operation 75 [1/1] (0.00ns)   --->   "%mrv_32 = insertvalue i520 %mrv_31, i13 %data_33_val_read" [firmware/nnet_utils/nnet_transpose.h:35]   --->   Operation 75 'insertvalue' 'mrv_32' <Predicate = true> <Delay = 0.00>
ST_1 : Operation 76 [1/1] (0.00ns)   --->   "%mrv_33 = insertvalue i520 %mrv_32, i13 %data_34_val_read" [firmware/nnet_utils/nnet_transpose.h:35]   --->   Operation 76 'insertvalue' 'mrv_33' <Predicate = true> <Delay = 0.00>
ST_1 : Operation 77 [1/1] (0.00ns)   --->   "%mrv_34 = insertvalue i520 %mrv_33, i13 %data_35_val_read" [firmware/nnet_utils/nnet_transpose.h:35]   --->   Operation 77 'insertvalue' 'mrv_34' <Predicate = true> <Delay = 0.00>
ST_1 : Operation 78 [1/1] (0.00ns)   --->   "%mrv_35 = insertvalue i520 %mrv_34, i13 %data_36_val_read" [firmware/nnet_utils/nnet_transpose.h:35]   --->   Operation 78 'insertvalue' 'mrv_35' <Predicate = true> <Delay = 0.00>
ST_1 : Operation 79 [1/1] (0.00ns)   --->   "%mrv_36 = insertvalue i520 %mrv_35, i13 %data_37_val_read" [firmware/nnet_utils/nnet_transpose.h:35]   --->   Operation 79 'insertvalue' 'mrv_36' <Predicate = true> <Delay = 0.00>
ST_1 : Operation 80 [1/1] (0.00ns)   --->   "%mrv_37 = insertvalue i520 %mrv_36, i13 %data_38_val_read" [firmware/nnet_utils/nnet_transpose.h:35]   --->   Operation 80 'insertvalue' 'mrv_37' <Predicate = true> <Delay = 0.00>
ST_1 : Operation 81 [1/1] (0.00ns)   --->   "%mrv_38 = insertvalue i520 %mrv_37, i13 %data_39_val_read" [firmware/nnet_utils/nnet_transpose.h:35]   --->   Operation 81 'insertvalue' 'mrv_38' <Predicate = true> <Delay = 0.00>
ST_1 : Operation 82 [1/1] (0.00ns)   --->   "%ret_ln35 = ret i520 %mrv_38" [firmware/nnet_utils/nnet_transpose.h:35]   --->   Operation 82 'ret' 'ret_ln35' <Predicate = true> <Delay = 0.00>


============================================================
+ Verbose Summary: Binding
============================================================
STG Binding: 
---------------- STG Properties BEGIN ----------------
- Is combinational: 1
- Is one-state seq: 0
- Is datapath-only: 0
- Is pipelined: 1
- Is top level: 0
Port [ Return ] is wired: 1; IO mode=ap_ctrl_hs:ce=0
Port [ data_0_val]:  wired=1; compound=0; hidden=0; nouse=0; global=0; static=0; extern=0; dir=0; type=0; pingpong=0; private_global=0; IO mode=ap_none:ce=0
Port [ data_1_val]:  wired=1; compound=0; hidden=0; nouse=0; global=0; static=0; extern=0; dir=0; type=0; pingpong=0; private_global=0; IO mode=ap_none:ce=0
Port [ data_2_val]:  wired=1; compound=0; hidden=0; nouse=0; global=0; static=0; extern=0; dir=0; type=0; pingpong=0; private_global=0; IO mode=ap_none:ce=0
Port [ data_3_val]:  wired=1; compound=0; hidden=0; nouse=0; global=0; static=0; extern=0; dir=0; type=0; pingpong=0; private_global=0; IO mode=ap_none:ce=0
Port [ data_4_val]:  wired=1; compound=0; hidden=0; nouse=0; global=0; static=0; extern=0; dir=0; type=0; pingpong=0; private_global=0; IO mode=ap_none:ce=0
Port [ data_5_val]:  wired=1; compound=0; hidden=0; nouse=0; global=0; static=0; extern=0; dir=0; type=0; pingpong=0; private_global=0; IO mode=ap_none:ce=0
Port [ data_6_val]:  wired=1; compound=0; hidden=0; nouse=0; global=0; static=0; extern=0; dir=0; type=0; pingpong=0; private_global=0; IO mode=ap_none:ce=0
Port [ data_7_val]:  wired=1; compound=0; hidden=0; nouse=0; global=0; static=0; extern=0; dir=0; type=0; pingpong=0; private_global=0; IO mode=ap_none:ce=0
Port [ data_8_val]:  wired=1; compound=0; hidden=0; nouse=0; global=0; static=0; extern=0; dir=0; type=0; pingpong=0; private_global=0; IO mode=ap_none:ce=0
Port [ data_9_val]:  wired=1; compound=0; hidden=0; nouse=0; global=0; static=0; extern=0; dir=0; type=0; pingpong=0; private_global=0; IO mode=ap_none:ce=0
Port [ data_10_val]:  wired=1; compound=0; hidden=0; nouse=0; global=0; static=0; extern=0; dir=0; type=0; pingpong=0; private_global=0; IO mode=ap_none:ce=0
Port [ data_11_val]:  wired=1; compound=0; hidden=0; nouse=0; global=0; static=0; extern=0; dir=0; type=0; pingpong=0; private_global=0; IO mode=ap_none:ce=0
Port [ data_12_val]:  wired=1; compound=0; hidden=0; nouse=0; global=0; static=0; extern=0; dir=0; type=0; pingpong=0; private_global=0; IO mode=ap_none:ce=0
Port [ data_13_val]:  wired=1; compound=0; hidden=0; nouse=0; global=0; static=0; extern=0; dir=0; type=0; pingpong=0; private_global=0; IO mode=ap_none:ce=0
Port [ data_14_val]:  wired=1; compound=0; hidden=0; nouse=0; global=0; static=0; extern=0; dir=0; type=0; pingpong=0; private_global=0; IO mode=ap_none:ce=0
Port [ data_15_val]:  wired=1; compound=0; hidden=0; nouse=0; global=0; static=0; extern=0; dir=0; type=0; pingpong=0; private_global=0; IO mode=ap_none:ce=0
Port [ data_16_val]:  wired=1; compound=0; hidden=0; nouse=0; global=0; static=0; extern=0; dir=0; type=0; pingpong=0; private_global=0; IO mode=ap_none:ce=0
Port [ data_17_val]:  wired=1; compound=0; hidden=0; nouse=0; global=0; static=0; extern=0; dir=0; type=0; pingpong=0; private_global=0; IO mode=ap_none:ce=0
Port [ data_18_val]:  wired=1; compound=0; hidden=0; nouse=0; global=0; static=0; extern=0; dir=0; type=0; pingpong=0; private_global=0; IO mode=ap_none:ce=0
Port [ data_19_val]:  wired=1; compound=0; hidden=0; nouse=0; global=0; static=0; extern=0; dir=0; type=0; pingpong=0; private_global=0; IO mode=ap_none:ce=0
Port [ data_20_val]:  wired=1; compound=0; hidden=0; nouse=0; global=0; static=0; extern=0; dir=0; type=0; pingpong=0; private_global=0; IO mode=ap_none:ce=0
Port [ data_21_val]:  wired=1; compound=0; hidden=0; nouse=0; global=0; static=0; extern=0; dir=0; type=0; pingpong=0; private_global=0; IO mode=ap_none:ce=0
Port [ data_22_val]:  wired=1; compound=0; hidden=0; nouse=0; global=0; static=0; extern=0; dir=0; type=0; pingpong=0; private_global=0; IO mode=ap_none:ce=0
Port [ data_23_val]:  wired=1; compound=0; hidden=0; nouse=0; global=0; static=0; extern=0; dir=0; type=0; pingpong=0; private_global=0; IO mode=ap_none:ce=0
Port [ data_24_val]:  wired=1; compound=0; hidden=0; nouse=0; global=0; static=0; extern=0; dir=0; type=0; pingpong=0; private_global=0; IO mode=ap_none:ce=0
Port [ data_25_val]:  wired=1; compound=0; hidden=0; nouse=0; global=0; static=0; extern=0; dir=0; type=0; pingpong=0; private_global=0; IO mode=ap_none:ce=0
Port [ data_26_val]:  wired=1; compound=0; hidden=0; nouse=0; global=0; static=0; extern=0; dir=0; type=0; pingpong=0; private_global=0; IO mode=ap_none:ce=0
Port [ data_27_val]:  wired=1; compound=0; hidden=0; nouse=0; global=0; static=0; extern=0; dir=0; type=0; pingpong=0; private_global=0; IO mode=ap_none:ce=0
Port [ data_28_val]:  wired=1; compound=0; hidden=0; nouse=0; global=0; static=0; extern=0; dir=0; type=0; pingpong=0; private_global=0; IO mode=ap_none:ce=0
Port [ data_29_val]:  wired=1; compound=0; hidden=0; nouse=0; global=0; static=0; extern=0; dir=0; type=0; pingpong=0; private_global=0; IO mode=ap_none:ce=0
Port [ data_30_val]:  wired=1; compound=0; hidden=0; nouse=0; global=0; static=0; extern=0; dir=0; type=0; pingpong=0; private_global=0; IO mode=ap_none:ce=0
Port [ data_31_val]:  wired=1; compound=0; hidden=0; nouse=0; global=0; static=0; extern=0; dir=0; type=0; pingpong=0; private_global=0; IO mode=ap_none:ce=0
Port [ data_32_val]:  wired=1; compound=0; hidden=0; nouse=0; global=0; static=0; extern=0; dir=0; type=0; pingpong=0; private_global=0; IO mode=ap_none:ce=0
Port [ data_33_val]:  wired=1; compound=0; hidden=0; nouse=0; global=0; static=0; extern=0; dir=0; type=0; pingpong=0; private_global=0; IO mode=ap_none:ce=0
Port [ data_34_val]:  wired=1; compound=0; hidden=0; nouse=0; global=0; static=0; extern=0; dir=0; type=0; pingpong=0; private_global=0; IO mode=ap_none:ce=0
Port [ data_35_val]:  wired=1; compound=0; hidden=0; nouse=0; global=0; static=0; extern=0; dir=0; type=0; pingpong=0; private_global=0; IO mode=ap_none:ce=0
Port [ data_36_val]:  wired=1; compound=0; hidden=0; nouse=0; global=0; static=0; extern=0; dir=0; type=0; pingpong=0; private_global=0; IO mode=ap_none:ce=0
Port [ data_37_val]:  wired=1; compound=0; hidden=0; nouse=0; global=0; static=0; extern=0; dir=0; type=0; pingpong=0; private_global=0; IO mode=ap_none:ce=0
Port [ data_38_val]:  wired=1; compound=0; hidden=0; nouse=0; global=0; static=0; extern=0; dir=0; type=0; pingpong=0; private_global=0; IO mode=ap_none:ce=0
Port [ data_39_val]:  wired=1; compound=0; hidden=0; nouse=0; global=0; static=0; extern=0; dir=0; type=0; pingpong=0; private_global=0; IO mode=ap_none:ce=0
---------------- STG Properties END ------------------

---------------- Datapath Model BEGIN ----------------

<LifeTime>
<method=bitvector/>
data_39_val_read (read       ) [ 00]
data_38_val_read (read       ) [ 00]
data_37_val_read (read       ) [ 00]
data_36_val_read (read       ) [ 00]
data_35_val_read (read       ) [ 00]
data_34_val_read (read       ) [ 00]
data_33_val_read (read       ) [ 00]
data_32_val_read (read       ) [ 00]
data_31_val_read (read       ) [ 00]
data_30_val_read (read       ) [ 00]
data_29_val_read (read       ) [ 00]
data_28_val_read (read       ) [ 00]
data_27_val_read (read       ) [ 00]
data_26_val_read (read       ) [ 00]
data_25_val_read (read       ) [ 00]
data_24_val_read (read       ) [ 00]
data_23_val_read (read       ) [ 00]
data_22_val_read (read       ) [ 00]
data_21_val_read (read       ) [ 00]
data_20_val_read (read       ) [ 00]
data_19_val_read (read       ) [ 00]
data_18_val_read (read       ) [ 00]
data_17_val_read (read       ) [ 00]
data_16_val_read (read       ) [ 00]
data_15_val_read (read       ) [ 00]
data_14_val_read (read       ) [ 00]
data_13_val_read (read       ) [ 00]
data_12_val_read (read       ) [ 00]
data_11_val_read (read       ) [ 00]
data_10_val_read (read       ) [ 00]
data_9_val_read  (read       ) [ 00]
data_8_val_read  (read       ) [ 00]
data_7_val_read  (read       ) [ 00]
data_6_val_read  (read       ) [ 00]
data_5_val_read  (read       ) [ 00]
data_4_val_read  (read       ) [ 00]
data_3_val_read  (read       ) [ 00]
data_2_val_read  (read       ) [ 00]
data_1_val_read  (read       ) [ 00]
data_0_val_read  (read       ) [ 00]
mrv              (insertvalue) [ 00]
mrv_1            (insertvalue) [ 00]
mrv_2            (insertvalue) [ 00]
mrv_3            (insertvalue) [ 00]
mrv_4            (insertvalue) [ 00]
mrv_5            (insertvalue) [ 00]
mrv_6            (insertvalue) [ 00]
mrv_7            (insertvalue) [ 00]
mrv_8            (insertvalue) [ 00]
mrv_9            (insertvalue) [ 00]
mrv_s            (insertvalue) [ 00]
mrv_10           (insertvalue) [ 00]
mrv_11           (insertvalue) [ 00]
mrv_12           (insertvalue) [ 00]
mrv_13           (insertvalue) [ 00]
mrv_14           (insertvalue) [ 00]
mrv_15           (insertvalue) [ 00]
mrv_16           (insertvalue) [ 00]
mrv_17           (insertvalue) [ 00]
mrv_18           (insertvalue) [ 00]
mrv_19           (insertvalue) [ 00]
mrv_20           (insertvalue) [ 00]
mrv_21           (insertvalue) [ 00]
mrv_22           (insertvalue) [ 00]
mrv_23           (insertvalue) [ 00]
mrv_24           (insertvalue) [ 00]
mrv_25           (insertvalue) [ 00]
mrv_26           (insertvalue) [ 00]
mrv_27           (insertvalue) [ 00]
mrv_28           (insertvalue) [ 00]
mrv_29           (insertvalue) [ 00]
mrv_30           (insertvalue) [ 00]
mrv_31           (insertvalue) [ 00]
mrv_32           (insertvalue) [ 00]
mrv_33           (insertvalue) [ 00]
mrv_34           (insertvalue) [ 00]
mrv_35           (insertvalue) [ 00]
mrv_36           (insertvalue) [ 00]
mrv_37           (insertvalue) [ 00]
mrv_38           (insertvalue) [ 00]
ret_ln35         (ret        ) [ 00]
</LifeTime>

<model>

<comp_list>
<comp id="0" class="1000" name="data_0_val">
<pin_list>
<pin id="1" dir="1" index="0" bw="1" slack="0"/>
</pin_list>
<bind>
<StgValue><ssdm name="data_0_val"/></StgValue>
</bind>
</comp>

<comp id="2" class="1000" name="data_1_val">
<pin_list>
<pin id="3" dir="1" index="0" bw="1" slack="0"/>
</pin_list>
<bind>
<StgValue><ssdm name="data_1_val"/></StgValue>
</bind>
</comp>

<comp id="4" class="1000" name="data_2_val">
<pin_list>
<pin id="5" dir="1" index="0" bw="1" slack="0"/>
</pin_list>
<bind>
<StgValue><ssdm name="data_2_val"/></StgValue>
</bind>
</comp>

<comp id="6" class="1000" name="data_3_val">
<pin_list>
<pin id="7" dir="1" index="0" bw="1" slack="0"/>
</pin_list>
<bind>
<StgValue><ssdm name="data_3_val"/></StgValue>
</bind>
</comp>

<comp id="8" class="1000" name="data_4_val">
<pin_list>
<pin id="9" dir="1" index="0" bw="1" slack="0"/>
</pin_list>
<bind>
<StgValue><ssdm name="data_4_val"/></StgValue>
</bind>
</comp>

<comp id="10" class="1000" name="data_5_val">
<pin_list>
<pin id="11" dir="1" index="0" bw="1" slack="0"/>
</pin_list>
<bind>
<StgValue><ssdm name="data_5_val"/></StgValue>
</bind>
</comp>

<comp id="12" class="1000" name="data_6_val">
<pin_list>
<pin id="13" dir="1" index="0" bw="1" slack="0"/>
</pin_list>
<bind>
<StgValue><ssdm name="data_6_val"/></StgValue>
</bind>
</comp>

<comp id="14" class="1000" name="data_7_val">
<pin_list>
<pin id="15" dir="1" index="0" bw="1" slack="0"/>
</pin_list>
<bind>
<StgValue><ssdm name="data_7_val"/></StgValue>
</bind>
</comp>

<comp id="16" class="1000" name="data_8_val">
<pin_list>
<pin id="17" dir="1" index="0" bw="1" slack="0"/>
</pin_list>
<bind>
<StgValue><ssdm name="data_8_val"/></StgValue>
</bind>
</comp>

<comp id="18" class="1000" name="data_9_val">
<pin_list>
<pin id="19" dir="1" index="0" bw="1" slack="0"/>
</pin_list>
<bind>
<StgValue><ssdm name="data_9_val"/></StgValue>
</bind>
</comp>

<comp id="20" class="1000" name="data_10_val">
<pin_list>
<pin id="21" dir="1" index="0" bw="1" slack="0"/>
</pin_list>
<bind>
<StgValue><ssdm name="data_10_val"/></StgValue>
</bind>
</comp>

<comp id="22" class="1000" name="data_11_val">
<pin_list>
<pin id="23" dir="1" index="0" bw="1" slack="0"/>
</pin_list>
<bind>
<StgValue><ssdm name="data_11_val"/></StgValue>
</bind>
</comp>

<comp id="24" class="1000" name="data_12_val">
<pin_list>
<pin id="25" dir="1" index="0" bw="1" slack="0"/>
</pin_list>
<bind>
<StgValue><ssdm name="data_12_val"/></StgValue>
</bind>
</comp>

<comp id="26" class="1000" name="data_13_val">
<pin_list>
<pin id="27" dir="1" index="0" bw="1" slack="0"/>
</pin_list>
<bind>
<StgValue><ssdm name="data_13_val"/></StgValue>
</bind>
</comp>

<comp id="28" class="1000" name="data_14_val">
<pin_list>
<pin id="29" dir="1" index="0" bw="1" slack="0"/>
</pin_list>
<bind>
<StgValue><ssdm name="data_14_val"/></StgValue>
</bind>
</comp>

<comp id="30" class="1000" name="data_15_val">
<pin_list>
<pin id="31" dir="1" index="0" bw="1" slack="0"/>
</pin_list>
<bind>
<StgValue><ssdm name="data_15_val"/></StgValue>
</bind>
</comp>

<comp id="32" class="1000" name="data_16_val">
<pin_list>
<pin id="33" dir="1" index="0" bw="1" slack="0"/>
</pin_list>
<bind>
<StgValue><ssdm name="data_16_val"/></StgValue>
</bind>
</comp>

<comp id="34" class="1000" name="data_17_val">
<pin_list>
<pin id="35" dir="1" index="0" bw="1" slack="0"/>
</pin_list>
<bind>
<StgValue><ssdm name="data_17_val"/></StgValue>
</bind>
</comp>

<comp id="36" class="1000" name="data_18_val">
<pin_list>
<pin id="37" dir="1" index="0" bw="1" slack="0"/>
</pin_list>
<bind>
<StgValue><ssdm name="data_18_val"/></StgValue>
</bind>
</comp>

<comp id="38" class="1000" name="data_19_val">
<pin_list>
<pin id="39" dir="1" index="0" bw="1" slack="0"/>
</pin_list>
<bind>
<StgValue><ssdm name="data_19_val"/></StgValue>
</bind>
</comp>

<comp id="40" class="1000" name="data_20_val">
<pin_list>
<pin id="41" dir="1" index="0" bw="1" slack="0"/>
</pin_list>
<bind>
<StgValue><ssdm name="data_20_val"/></StgValue>
</bind>
</comp>

<comp id="42" class="1000" name="data_21_val">
<pin_list>
<pin id="43" dir="1" index="0" bw="1" slack="0"/>
</pin_list>
<bind>
<StgValue><ssdm name="data_21_val"/></StgValue>
</bind>
</comp>

<comp id="44" class="1000" name="data_22_val">
<pin_list>
<pin id="45" dir="1" index="0" bw="1" slack="0"/>
</pin_list>
<bind>
<StgValue><ssdm name="data_22_val"/></StgValue>
</bind>
</comp>

<comp id="46" class="1000" name="data_23_val">
<pin_list>
<pin id="47" dir="1" index="0" bw="1" slack="0"/>
</pin_list>
<bind>
<StgValue><ssdm name="data_23_val"/></StgValue>
</bind>
</comp>

<comp id="48" class="1000" name="data_24_val">
<pin_list>
<pin id="49" dir="1" index="0" bw="1" slack="0"/>
</pin_list>
<bind>
<StgValue><ssdm name="data_24_val"/></StgValue>
</bind>
</comp>

<comp id="50" class="1000" name="data_25_val">
<pin_list>
<pin id="51" dir="1" index="0" bw="1" slack="0"/>
</pin_list>
<bind>
<StgValue><ssdm name="data_25_val"/></StgValue>
</bind>
</comp>

<comp id="52" class="1000" name="data_26_val">
<pin_list>
<pin id="53" dir="1" index="0" bw="1" slack="0"/>
</pin_list>
<bind>
<StgValue><ssdm name="data_26_val"/></StgValue>
</bind>
</comp>

<comp id="54" class="1000" name="data_27_val">
<pin_list>
<pin id="55" dir="1" index="0" bw="1" slack="0"/>
</pin_list>
<bind>
<StgValue><ssdm name="data_27_val"/></StgValue>
</bind>
</comp>

<comp id="56" class="1000" name="data_28_val">
<pin_list>
<pin id="57" dir="1" index="0" bw="1" slack="0"/>
</pin_list>
<bind>
<StgValue><ssdm name="data_28_val"/></StgValue>
</bind>
</comp>

<comp id="58" class="1000" name="data_29_val">
<pin_list>
<pin id="59" dir="1" index="0" bw="1" slack="0"/>
</pin_list>
<bind>
<StgValue><ssdm name="data_29_val"/></StgValue>
</bind>
</comp>

<comp id="60" class="1000" name="data_30_val">
<pin_list>
<pin id="61" dir="1" index="0" bw="1" slack="0"/>
</pin_list>
<bind>
<StgValue><ssdm name="data_30_val"/></StgValue>
</bind>
</comp>

<comp id="62" class="1000" name="data_31_val">
<pin_list>
<pin id="63" dir="1" index="0" bw="1" slack="0"/>
</pin_list>
<bind>
<StgValue><ssdm name="data_31_val"/></StgValue>
</bind>
</comp>

<comp id="64" class="1000" name="data_32_val">
<pin_list>
<pin id="65" dir="1" index="0" bw="1" slack="0"/>
</pin_list>
<bind>
<StgValue><ssdm name="data_32_val"/></StgValue>
</bind>
</comp>

<comp id="66" class="1000" name="data_33_val">
<pin_list>
<pin id="67" dir="1" index="0" bw="1" slack="0"/>
</pin_list>
<bind>
<StgValue><ssdm name="data_33_val"/></StgValue>
</bind>
</comp>

<comp id="68" class="1000" name="data_34_val">
<pin_list>
<pin id="69" dir="1" index="0" bw="1" slack="0"/>
</pin_list>
<bind>
<StgValue><ssdm name="data_34_val"/></StgValue>
</bind>
</comp>

<comp id="70" class="1000" name="data_35_val">
<pin_list>
<pin id="71" dir="1" index="0" bw="1" slack="0"/>
</pin_list>
<bind>
<StgValue><ssdm name="data_35_val"/></StgValue>
</bind>
</comp>

<comp id="72" class="1000" name="data_36_val">
<pin_list>
<pin id="73" dir="1" index="0" bw="1" slack="0"/>
</pin_list>
<bind>
<StgValue><ssdm name="data_36_val"/></StgValue>
</bind>
</comp>

<comp id="74" class="1000" name="data_37_val">
<pin_list>
<pin id="75" dir="1" index="0" bw="1" slack="0"/>
</pin_list>
<bind>
<StgValue><ssdm name="data_37_val"/></StgValue>
</bind>
</comp>

<comp id="76" class="1000" name="data_38_val">
<pin_list>
<pin id="77" dir="1" index="0" bw="1" slack="0"/>
</pin_list>
<bind>
<StgValue><ssdm name="data_38_val"/></StgValue>
</bind>
</comp>

<comp id="78" class="1000" name="data_39_val">
<pin_list>
<pin id="79" dir="1" index="0" bw="1" slack="0"/>
</pin_list>
<bind>
<StgValue><ssdm name="data_39_val"/></StgValue>
</bind>
</comp>

<comp id="80" class="1001" name="const_80">
<pin_list>
<pin id="81" dir="1" index="0" bw="1" slack="0"/>
</pin_list>
<bind>
<StgValue><ssdm name="_ssdm_op_Read.ap_auto.i13"/></StgValue>
</bind>
</comp>

<comp id="82" class="1001" name="const_82">
<pin_list>
<pin id="83" dir="1" index="0" bw="1" slack="0"/>
</pin_list>
<bind>
<StgValue><ssdm name=""/></StgValue>
</bind>
</comp>

<comp id="84" class="1004" name="data_39_val_read_read_fu_84">
<pin_list>
<pin id="85" dir="0" index="0" bw="13" slack="0"/>
<pin id="86" dir="0" index="1" bw="13" slack="0"/>
<pin id="87" dir="1" index="2" bw="13" slack="0"/>
</pin_list>
<bind>
<opcode="read(1150) " fcode="read"/>
<opset="data_39_val_read/1 "/>
</bind>
</comp>

<comp id="90" class="1004" name="data_38_val_read_read_fu_90">
<pin_list>
<pin id="91" dir="0" index="0" bw="13" slack="0"/>
<pin id="92" dir="0" index="1" bw="13" slack="0"/>
<pin id="93" dir="1" index="2" bw="13" slack="0"/>
</pin_list>
<bind>
<opcode="read(1150) " fcode="read"/>
<opset="data_38_val_read/1 "/>
</bind>
</comp>

<comp id="96" class="1004" name="data_37_val_read_read_fu_96">
<pin_list>
<pin id="97" dir="0" index="0" bw="13" slack="0"/>
<pin id="98" dir="0" index="1" bw="13" slack="0"/>
<pin id="99" dir="1" index="2" bw="13" slack="0"/>
</pin_list>
<bind>
<opcode="read(1150) " fcode="read"/>
<opset="data_37_val_read/1 "/>
</bind>
</comp>

<comp id="102" class="1004" name="data_36_val_read_read_fu_102">
<pin_list>
<pin id="103" dir="0" index="0" bw="13" slack="0"/>
<pin id="104" dir="0" index="1" bw="13" slack="0"/>
<pin id="105" dir="1" index="2" bw="13" slack="0"/>
</pin_list>
<bind>
<opcode="read(1150) " fcode="read"/>
<opset="data_36_val_read/1 "/>
</bind>
</comp>

<comp id="108" class="1004" name="data_35_val_read_read_fu_108">
<pin_list>
<pin id="109" dir="0" index="0" bw="13" slack="0"/>
<pin id="110" dir="0" index="1" bw="13" slack="0"/>
<pin id="111" dir="1" index="2" bw="13" slack="0"/>
</pin_list>
<bind>
<opcode="read(1150) " fcode="read"/>
<opset="data_35_val_read/1 "/>
</bind>
</comp>

<comp id="114" class="1004" name="data_34_val_read_read_fu_114">
<pin_list>
<pin id="115" dir="0" index="0" bw="13" slack="0"/>
<pin id="116" dir="0" index="1" bw="13" slack="0"/>
<pin id="117" dir="1" index="2" bw="13" slack="0"/>
</pin_list>
<bind>
<opcode="read(1150) " fcode="read"/>
<opset="data_34_val_read/1 "/>
</bind>
</comp>

<comp id="120" class="1004" name="data_33_val_read_read_fu_120">
<pin_list>
<pin id="121" dir="0" index="0" bw="13" slack="0"/>
<pin id="122" dir="0" index="1" bw="13" slack="0"/>
<pin id="123" dir="1" index="2" bw="13" slack="0"/>
</pin_list>
<bind>
<opcode="read(1150) " fcode="read"/>
<opset="data_33_val_read/1 "/>
</bind>
</comp>

<comp id="126" class="1004" name="data_32_val_read_read_fu_126">
<pin_list>
<pin id="127" dir="0" index="0" bw="13" slack="0"/>
<pin id="128" dir="0" index="1" bw="13" slack="0"/>
<pin id="129" dir="1" index="2" bw="13" slack="0"/>
</pin_list>
<bind>
<opcode="read(1150) " fcode="read"/>
<opset="data_32_val_read/1 "/>
</bind>
</comp>

<comp id="132" class="1004" name="data_31_val_read_read_fu_132">
<pin_list>
<pin id="133" dir="0" index="0" bw="13" slack="0"/>
<pin id="134" dir="0" index="1" bw="13" slack="0"/>
<pin id="135" dir="1" index="2" bw="13" slack="0"/>
</pin_list>
<bind>
<opcode="read(1150) " fcode="read"/>
<opset="data_31_val_read/1 "/>
</bind>
</comp>

<comp id="138" class="1004" name="data_30_val_read_read_fu_138">
<pin_list>
<pin id="139" dir="0" index="0" bw="13" slack="0"/>
<pin id="140" dir="0" index="1" bw="13" slack="0"/>
<pin id="141" dir="1" index="2" bw="13" slack="0"/>
</pin_list>
<bind>
<opcode="read(1150) " fcode="read"/>
<opset="data_30_val_read/1 "/>
</bind>
</comp>

<comp id="144" class="1004" name="data_29_val_read_read_fu_144">
<pin_list>
<pin id="145" dir="0" index="0" bw="13" slack="0"/>
<pin id="146" dir="0" index="1" bw="13" slack="0"/>
<pin id="147" dir="1" index="2" bw="13" slack="0"/>
</pin_list>
<bind>
<opcode="read(1150) " fcode="read"/>
<opset="data_29_val_read/1 "/>
</bind>
</comp>

<comp id="150" class="1004" name="data_28_val_read_read_fu_150">
<pin_list>
<pin id="151" dir="0" index="0" bw="13" slack="0"/>
<pin id="152" dir="0" index="1" bw="13" slack="0"/>
<pin id="153" dir="1" index="2" bw="13" slack="0"/>
</pin_list>
<bind>
<opcode="read(1150) " fcode="read"/>
<opset="data_28_val_read/1 "/>
</bind>
</comp>

<comp id="156" class="1004" name="data_27_val_read_read_fu_156">
<pin_list>
<pin id="157" dir="0" index="0" bw="13" slack="0"/>
<pin id="158" dir="0" index="1" bw="13" slack="0"/>
<pin id="159" dir="1" index="2" bw="13" slack="0"/>
</pin_list>
<bind>
<opcode="read(1150) " fcode="read"/>
<opset="data_27_val_read/1 "/>
</bind>
</comp>

<comp id="162" class="1004" name="data_26_val_read_read_fu_162">
<pin_list>
<pin id="163" dir="0" index="0" bw="13" slack="0"/>
<pin id="164" dir="0" index="1" bw="13" slack="0"/>
<pin id="165" dir="1" index="2" bw="13" slack="0"/>
</pin_list>
<bind>
<opcode="read(1150) " fcode="read"/>
<opset="data_26_val_read/1 "/>
</bind>
</comp>

<comp id="168" class="1004" name="data_25_val_read_read_fu_168">
<pin_list>
<pin id="169" dir="0" index="0" bw="13" slack="0"/>
<pin id="170" dir="0" index="1" bw="13" slack="0"/>
<pin id="171" dir="1" index="2" bw="13" slack="0"/>
</pin_list>
<bind>
<opcode="read(1150) " fcode="read"/>
<opset="data_25_val_read/1 "/>
</bind>
</comp>

<comp id="174" class="1004" name="data_24_val_read_read_fu_174">
<pin_list>
<pin id="175" dir="0" index="0" bw="13" slack="0"/>
<pin id="176" dir="0" index="1" bw="13" slack="0"/>
<pin id="177" dir="1" index="2" bw="13" slack="0"/>
</pin_list>
<bind>
<opcode="read(1150) " fcode="read"/>
<opset="data_24_val_read/1 "/>
</bind>
</comp>

<comp id="180" class="1004" name="data_23_val_read_read_fu_180">
<pin_list>
<pin id="181" dir="0" index="0" bw="13" slack="0"/>
<pin id="182" dir="0" index="1" bw="13" slack="0"/>
<pin id="183" dir="1" index="2" bw="13" slack="0"/>
</pin_list>
<bind>
<opcode="read(1150) " fcode="read"/>
<opset="data_23_val_read/1 "/>
</bind>
</comp>

<comp id="186" class="1004" name="data_22_val_read_read_fu_186">
<pin_list>
<pin id="187" dir="0" index="0" bw="13" slack="0"/>
<pin id="188" dir="0" index="1" bw="13" slack="0"/>
<pin id="189" dir="1" index="2" bw="13" slack="0"/>
</pin_list>
<bind>
<opcode="read(1150) " fcode="read"/>
<opset="data_22_val_read/1 "/>
</bind>
</comp>

<comp id="192" class="1004" name="data_21_val_read_read_fu_192">
<pin_list>
<pin id="193" dir="0" index="0" bw="13" slack="0"/>
<pin id="194" dir="0" index="1" bw="13" slack="0"/>
<pin id="195" dir="1" index="2" bw="13" slack="0"/>
</pin_list>
<bind>
<opcode="read(1150) " fcode="read"/>
<opset="data_21_val_read/1 "/>
</bind>
</comp>

<comp id="198" class="1004" name="data_20_val_read_read_fu_198">
<pin_list>
<pin id="199" dir="0" index="0" bw="13" slack="0"/>
<pin id="200" dir="0" index="1" bw="13" slack="0"/>
<pin id="201" dir="1" index="2" bw="13" slack="0"/>
</pin_list>
<bind>
<opcode="read(1150) " fcode="read"/>
<opset="data_20_val_read/1 "/>
</bind>
</comp>

<comp id="204" class="1004" name="data_19_val_read_read_fu_204">
<pin_list>
<pin id="205" dir="0" index="0" bw="13" slack="0"/>
<pin id="206" dir="0" index="1" bw="13" slack="0"/>
<pin id="207" dir="1" index="2" bw="13" slack="0"/>
</pin_list>
<bind>
<opcode="read(1150) " fcode="read"/>
<opset="data_19_val_read/1 "/>
</bind>
</comp>

<comp id="210" class="1004" name="data_18_val_read_read_fu_210">
<pin_list>
<pin id="211" dir="0" index="0" bw="13" slack="0"/>
<pin id="212" dir="0" index="1" bw="13" slack="0"/>
<pin id="213" dir="1" index="2" bw="13" slack="0"/>
</pin_list>
<bind>
<opcode="read(1150) " fcode="read"/>
<opset="data_18_val_read/1 "/>
</bind>
</comp>

<comp id="216" class="1004" name="data_17_val_read_read_fu_216">
<pin_list>
<pin id="217" dir="0" index="0" bw="13" slack="0"/>
<pin id="218" dir="0" index="1" bw="13" slack="0"/>
<pin id="219" dir="1" index="2" bw="13" slack="0"/>
</pin_list>
<bind>
<opcode="read(1150) " fcode="read"/>
<opset="data_17_val_read/1 "/>
</bind>
</comp>

<comp id="222" class="1004" name="data_16_val_read_read_fu_222">
<pin_list>
<pin id="223" dir="0" index="0" bw="13" slack="0"/>
<pin id="224" dir="0" index="1" bw="13" slack="0"/>
<pin id="225" dir="1" index="2" bw="13" slack="0"/>
</pin_list>
<bind>
<opcode="read(1150) " fcode="read"/>
<opset="data_16_val_read/1 "/>
</bind>
</comp>

<comp id="228" class="1004" name="data_15_val_read_read_fu_228">
<pin_list>
<pin id="229" dir="0" index="0" bw="13" slack="0"/>
<pin id="230" dir="0" index="1" bw="13" slack="0"/>
<pin id="231" dir="1" index="2" bw="13" slack="0"/>
</pin_list>
<bind>
<opcode="read(1150) " fcode="read"/>
<opset="data_15_val_read/1 "/>
</bind>
</comp>

<comp id="234" class="1004" name="data_14_val_read_read_fu_234">
<pin_list>
<pin id="235" dir="0" index="0" bw="13" slack="0"/>
<pin id="236" dir="0" index="1" bw="13" slack="0"/>
<pin id="237" dir="1" index="2" bw="13" slack="0"/>
</pin_list>
<bind>
<opcode="read(1150) " fcode="read"/>
<opset="data_14_val_read/1 "/>
</bind>
</comp>

<comp id="240" class="1004" name="data_13_val_read_read_fu_240">
<pin_list>
<pin id="241" dir="0" index="0" bw="13" slack="0"/>
<pin id="242" dir="0" index="1" bw="13" slack="0"/>
<pin id="243" dir="1" index="2" bw="13" slack="0"/>
</pin_list>
<bind>
<opcode="read(1150) " fcode="read"/>
<opset="data_13_val_read/1 "/>
</bind>
</comp>

<comp id="246" class="1004" name="data_12_val_read_read_fu_246">
<pin_list>
<pin id="247" dir="0" index="0" bw="13" slack="0"/>
<pin id="248" dir="0" index="1" bw="13" slack="0"/>
<pin id="249" dir="1" index="2" bw="13" slack="0"/>
</pin_list>
<bind>
<opcode="read(1150) " fcode="read"/>
<opset="data_12_val_read/1 "/>
</bind>
</comp>

<comp id="252" class="1004" name="data_11_val_read_read_fu_252">
<pin_list>
<pin id="253" dir="0" index="0" bw="13" slack="0"/>
<pin id="254" dir="0" index="1" bw="13" slack="0"/>
<pin id="255" dir="1" index="2" bw="13" slack="0"/>
</pin_list>
<bind>
<opcode="read(1150) " fcode="read"/>
<opset="data_11_val_read/1 "/>
</bind>
</comp>

<comp id="258" class="1004" name="data_10_val_read_read_fu_258">
<pin_list>
<pin id="259" dir="0" index="0" bw="13" slack="0"/>
<pin id="260" dir="0" index="1" bw="13" slack="0"/>
<pin id="261" dir="1" index="2" bw="13" slack="0"/>
</pin_list>
<bind>
<opcode="read(1150) " fcode="read"/>
<opset="data_10_val_read/1 "/>
</bind>
</comp>

<comp id="264" class="1004" name="data_9_val_read_read_fu_264">
<pin_list>
<pin id="265" dir="0" index="0" bw="13" slack="0"/>
<pin id="266" dir="0" index="1" bw="13" slack="0"/>
<pin id="267" dir="1" index="2" bw="13" slack="0"/>
</pin_list>
<bind>
<opcode="read(1150) " fcode="read"/>
<opset="data_9_val_read/1 "/>
</bind>
</comp>

<comp id="270" class="1004" name="data_8_val_read_read_fu_270">
<pin_list>
<pin id="271" dir="0" index="0" bw="13" slack="0"/>
<pin id="272" dir="0" index="1" bw="13" slack="0"/>
<pin id="273" dir="1" index="2" bw="13" slack="0"/>
</pin_list>
<bind>
<opcode="read(1150) " fcode="read"/>
<opset="data_8_val_read/1 "/>
</bind>
</comp>

<comp id="276" class="1004" name="data_7_val_read_read_fu_276">
<pin_list>
<pin id="277" dir="0" index="0" bw="13" slack="0"/>
<pin id="278" dir="0" index="1" bw="13" slack="0"/>
<pin id="279" dir="1" index="2" bw="13" slack="0"/>
</pin_list>
<bind>
<opcode="read(1150) " fcode="read"/>
<opset="data_7_val_read/1 "/>
</bind>
</comp>

<comp id="282" class="1004" name="data_6_val_read_read_fu_282">
<pin_list>
<pin id="283" dir="0" index="0" bw="13" slack="0"/>
<pin id="284" dir="0" index="1" bw="13" slack="0"/>
<pin id="285" dir="1" index="2" bw="13" slack="0"/>
</pin_list>
<bind>
<opcode="read(1150) " fcode="read"/>
<opset="data_6_val_read/1 "/>
</bind>
</comp>

<comp id="288" class="1004" name="data_5_val_read_read_fu_288">
<pin_list>
<pin id="289" dir="0" index="0" bw="13" slack="0"/>
<pin id="290" dir="0" index="1" bw="13" slack="0"/>
<pin id="291" dir="1" index="2" bw="13" slack="0"/>
</pin_list>
<bind>
<opcode="read(1150) " fcode="read"/>
<opset="data_5_val_read/1 "/>
</bind>
</comp>

<comp id="294" class="1004" name="data_4_val_read_read_fu_294">
<pin_list>
<pin id="295" dir="0" index="0" bw="13" slack="0"/>
<pin id="296" dir="0" index="1" bw="13" slack="0"/>
<pin id="297" dir="1" index="2" bw="13" slack="0"/>
</pin_list>
<bind>
<opcode="read(1150) " fcode="read"/>
<opset="data_4_val_read/1 "/>
</bind>
</comp>

<comp id="300" class="1004" name="data_3_val_read_read_fu_300">
<pin_list>
<pin id="301" dir="0" index="0" bw="13" slack="0"/>
<pin id="302" dir="0" index="1" bw="13" slack="0"/>
<pin id="303" dir="1" index="2" bw="13" slack="0"/>
</pin_list>
<bind>
<opcode="read(1150) " fcode="read"/>
<opset="data_3_val_read/1 "/>
</bind>
</comp>

<comp id="306" class="1004" name="data_2_val_read_read_fu_306">
<pin_list>
<pin id="307" dir="0" index="0" bw="13" slack="0"/>
<pin id="308" dir="0" index="1" bw="13" slack="0"/>
<pin id="309" dir="1" index="2" bw="13" slack="0"/>
</pin_list>
<bind>
<opcode="read(1150) " fcode="read"/>
<opset="data_2_val_read/1 "/>
</bind>
</comp>

<comp id="312" class="1004" name="data_1_val_read_read_fu_312">
<pin_list>
<pin id="313" dir="0" index="0" bw="13" slack="0"/>
<pin id="314" dir="0" index="1" bw="13" slack="0"/>
<pin id="315" dir="1" index="2" bw="13" slack="0"/>
</pin_list>
<bind>
<opcode="read(1150) " fcode="read"/>
<opset="data_1_val_read/1 "/>
</bind>
</comp>

<comp id="318" class="1004" name="data_0_val_read_read_fu_318">
<pin_list>
<pin id="319" dir="0" index="0" bw="13" slack="0"/>
<pin id="320" dir="0" index="1" bw="13" slack="0"/>
<pin id="321" dir="1" index="2" bw="13" slack="0"/>
</pin_list>
<bind>
<opcode="read(1150) " fcode="read"/>
<opset="data_0_val_read/1 "/>
</bind>
</comp>

<comp id="324" class="1004" name="mrv_fu_324">
<pin_list>
<pin id="325" dir="0" index="0" bw="520" slack="0"/>
<pin id="326" dir="0" index="1" bw="13" slack="0"/>
<pin id="327" dir="1" index="2" bw="520" slack="0"/>
</pin_list>
<bind>
<opcode="insertvalue(57) " fcode="insertvalue"/>
<opset="mrv/1 "/>
</bind>
</comp>

<comp id="330" class="1004" name="mrv_1_fu_330">
<pin_list>
<pin id="331" dir="0" index="0" bw="520" slack="0"/>
<pin id="332" dir="0" index="1" bw="13" slack="0"/>
<pin id="333" dir="1" index="2" bw="520" slack="0"/>
</pin_list>
<bind>
<opcode="insertvalue(57) " fcode="insertvalue"/>
<opset="mrv_1/1 "/>
</bind>
</comp>

<comp id="336" class="1004" name="mrv_2_fu_336">
<pin_list>
<pin id="337" dir="0" index="0" bw="520" slack="0"/>
<pin id="338" dir="0" index="1" bw="13" slack="0"/>
<pin id="339" dir="1" index="2" bw="520" slack="0"/>
</pin_list>
<bind>
<opcode="insertvalue(57) " fcode="insertvalue"/>
<opset="mrv_2/1 "/>
</bind>
</comp>

<comp id="342" class="1004" name="mrv_3_fu_342">
<pin_list>
<pin id="343" dir="0" index="0" bw="520" slack="0"/>
<pin id="344" dir="0" index="1" bw="13" slack="0"/>
<pin id="345" dir="1" index="2" bw="520" slack="0"/>
</pin_list>
<bind>
<opcode="insertvalue(57) " fcode="insertvalue"/>
<opset="mrv_3/1 "/>
</bind>
</comp>

<comp id="348" class="1004" name="mrv_4_fu_348">
<pin_list>
<pin id="349" dir="0" index="0" bw="520" slack="0"/>
<pin id="350" dir="0" index="1" bw="13" slack="0"/>
<pin id="351" dir="1" index="2" bw="520" slack="0"/>
</pin_list>
<bind>
<opcode="insertvalue(57) " fcode="insertvalue"/>
<opset="mrv_4/1 "/>
</bind>
</comp>

<comp id="354" class="1004" name="mrv_5_fu_354">
<pin_list>
<pin id="355" dir="0" index="0" bw="520" slack="0"/>
<pin id="356" dir="0" index="1" bw="13" slack="0"/>
<pin id="357" dir="1" index="2" bw="520" slack="0"/>
</pin_list>
<bind>
<opcode="insertvalue(57) " fcode="insertvalue"/>
<opset="mrv_5/1 "/>
</bind>
</comp>

<comp id="360" class="1004" name="mrv_6_fu_360">
<pin_list>
<pin id="361" dir="0" index="0" bw="520" slack="0"/>
<pin id="362" dir="0" index="1" bw="13" slack="0"/>
<pin id="363" dir="1" index="2" bw="520" slack="0"/>
</pin_list>
<bind>
<opcode="insertvalue(57) " fcode="insertvalue"/>
<opset="mrv_6/1 "/>
</bind>
</comp>

<comp id="366" class="1004" name="mrv_7_fu_366">
<pin_list>
<pin id="367" dir="0" index="0" bw="520" slack="0"/>
<pin id="368" dir="0" index="1" bw="13" slack="0"/>
<pin id="369" dir="1" index="2" bw="520" slack="0"/>
</pin_list>
<bind>
<opcode="insertvalue(57) " fcode="insertvalue"/>
<opset="mrv_7/1 "/>
</bind>
</comp>

<comp id="372" class="1004" name="mrv_8_fu_372">
<pin_list>
<pin id="373" dir="0" index="0" bw="520" slack="0"/>
<pin id="374" dir="0" index="1" bw="13" slack="0"/>
<pin id="375" dir="1" index="2" bw="520" slack="0"/>
</pin_list>
<bind>
<opcode="insertvalue(57) " fcode="insertvalue"/>
<opset="mrv_8/1 "/>
</bind>
</comp>

<comp id="378" class="1004" name="mrv_9_fu_378">
<pin_list>
<pin id="379" dir="0" index="0" bw="520" slack="0"/>
<pin id="380" dir="0" index="1" bw="13" slack="0"/>
<pin id="381" dir="1" index="2" bw="520" slack="0"/>
</pin_list>
<bind>
<opcode="insertvalue(57) " fcode="insertvalue"/>
<opset="mrv_9/1 "/>
</bind>
</comp>

<comp id="384" class="1004" name="mrv_s_fu_384">
<pin_list>
<pin id="385" dir="0" index="0" bw="520" slack="0"/>
<pin id="386" dir="0" index="1" bw="13" slack="0"/>
<pin id="387" dir="1" index="2" bw="520" slack="0"/>
</pin_list>
<bind>
<opcode="insertvalue(57) " fcode="insertvalue"/>
<opset="mrv_s/1 "/>
</bind>
</comp>

<comp id="390" class="1004" name="mrv_10_fu_390">
<pin_list>
<pin id="391" dir="0" index="0" bw="520" slack="0"/>
<pin id="392" dir="0" index="1" bw="13" slack="0"/>
<pin id="393" dir="1" index="2" bw="520" slack="0"/>
</pin_list>
<bind>
<opcode="insertvalue(57) " fcode="insertvalue"/>
<opset="mrv_10/1 "/>
</bind>
</comp>

<comp id="396" class="1004" name="mrv_11_fu_396">
<pin_list>
<pin id="397" dir="0" index="0" bw="520" slack="0"/>
<pin id="398" dir="0" index="1" bw="13" slack="0"/>
<pin id="399" dir="1" index="2" bw="520" slack="0"/>
</pin_list>
<bind>
<opcode="insertvalue(57) " fcode="insertvalue"/>
<opset="mrv_11/1 "/>
</bind>
</comp>

<comp id="402" class="1004" name="mrv_12_fu_402">
<pin_list>
<pin id="403" dir="0" index="0" bw="520" slack="0"/>
<pin id="404" dir="0" index="1" bw="13" slack="0"/>
<pin id="405" dir="1" index="2" bw="520" slack="0"/>
</pin_list>
<bind>
<opcode="insertvalue(57) " fcode="insertvalue"/>
<opset="mrv_12/1 "/>
</bind>
</comp>

<comp id="408" class="1004" name="mrv_13_fu_408">
<pin_list>
<pin id="409" dir="0" index="0" bw="520" slack="0"/>
<pin id="410" dir="0" index="1" bw="13" slack="0"/>
<pin id="411" dir="1" index="2" bw="520" slack="0"/>
</pin_list>
<bind>
<opcode="insertvalue(57) " fcode="insertvalue"/>
<opset="mrv_13/1 "/>
</bind>
</comp>

<comp id="414" class="1004" name="mrv_14_fu_414">
<pin_list>
<pin id="415" dir="0" index="0" bw="520" slack="0"/>
<pin id="416" dir="0" index="1" bw="13" slack="0"/>
<pin id="417" dir="1" index="2" bw="520" slack="0"/>
</pin_list>
<bind>
<opcode="insertvalue(57) " fcode="insertvalue"/>
<opset="mrv_14/1 "/>
</bind>
</comp>

<comp id="420" class="1004" name="mrv_15_fu_420">
<pin_list>
<pin id="421" dir="0" index="0" bw="520" slack="0"/>
<pin id="422" dir="0" index="1" bw="13" slack="0"/>
<pin id="423" dir="1" index="2" bw="520" slack="0"/>
</pin_list>
<bind>
<opcode="insertvalue(57) " fcode="insertvalue"/>
<opset="mrv_15/1 "/>
</bind>
</comp>

<comp id="426" class="1004" name="mrv_16_fu_426">
<pin_list>
<pin id="427" dir="0" index="0" bw="520" slack="0"/>
<pin id="428" dir="0" index="1" bw="13" slack="0"/>
<pin id="429" dir="1" index="2" bw="520" slack="0"/>
</pin_list>
<bind>
<opcode="insertvalue(57) " fcode="insertvalue"/>
<opset="mrv_16/1 "/>
</bind>
</comp>

<comp id="432" class="1004" name="mrv_17_fu_432">
<pin_list>
<pin id="433" dir="0" index="0" bw="520" slack="0"/>
<pin id="434" dir="0" index="1" bw="13" slack="0"/>
<pin id="435" dir="1" index="2" bw="520" slack="0"/>
</pin_list>
<bind>
<opcode="insertvalue(57) " fcode="insertvalue"/>
<opset="mrv_17/1 "/>
</bind>
</comp>

<comp id="438" class="1004" name="mrv_18_fu_438">
<pin_list>
<pin id="439" dir="0" index="0" bw="520" slack="0"/>
<pin id="440" dir="0" index="1" bw="13" slack="0"/>
<pin id="441" dir="1" index="2" bw="520" slack="0"/>
</pin_list>
<bind>
<opcode="insertvalue(57) " fcode="insertvalue"/>
<opset="mrv_18/1 "/>
</bind>
</comp>

<comp id="444" class="1004" name="mrv_19_fu_444">
<pin_list>
<pin id="445" dir="0" index="0" bw="520" slack="0"/>
<pin id="446" dir="0" index="1" bw="13" slack="0"/>
<pin id="447" dir="1" index="2" bw="520" slack="0"/>
</pin_list>
<bind>
<opcode="insertvalue(57) " fcode="insertvalue"/>
<opset="mrv_19/1 "/>
</bind>
</comp>

<comp id="450" class="1004" name="mrv_20_fu_450">
<pin_list>
<pin id="451" dir="0" index="0" bw="520" slack="0"/>
<pin id="452" dir="0" index="1" bw="13" slack="0"/>
<pin id="453" dir="1" index="2" bw="520" slack="0"/>
</pin_list>
<bind>
<opcode="insertvalue(57) " fcode="insertvalue"/>
<opset="mrv_20/1 "/>
</bind>
</comp>

<comp id="456" class="1004" name="mrv_21_fu_456">
<pin_list>
<pin id="457" dir="0" index="0" bw="520" slack="0"/>
<pin id="458" dir="0" index="1" bw="13" slack="0"/>
<pin id="459" dir="1" index="2" bw="520" slack="0"/>
</pin_list>
<bind>
<opcode="insertvalue(57) " fcode="insertvalue"/>
<opset="mrv_21/1 "/>
</bind>
</comp>

<comp id="462" class="1004" name="mrv_22_fu_462">
<pin_list>
<pin id="463" dir="0" index="0" bw="520" slack="0"/>
<pin id="464" dir="0" index="1" bw="13" slack="0"/>
<pin id="465" dir="1" index="2" bw="520" slack="0"/>
</pin_list>
<bind>
<opcode="insertvalue(57) " fcode="insertvalue"/>
<opset="mrv_22/1 "/>
</bind>
</comp>

<comp id="468" class="1004" name="mrv_23_fu_468">
<pin_list>
<pin id="469" dir="0" index="0" bw="520" slack="0"/>
<pin id="470" dir="0" index="1" bw="13" slack="0"/>
<pin id="471" dir="1" index="2" bw="520" slack="0"/>
</pin_list>
<bind>
<opcode="insertvalue(57) " fcode="insertvalue"/>
<opset="mrv_23/1 "/>
</bind>
</comp>

<comp id="474" class="1004" name="mrv_24_fu_474">
<pin_list>
<pin id="475" dir="0" index="0" bw="520" slack="0"/>
<pin id="476" dir="0" index="1" bw="13" slack="0"/>
<pin id="477" dir="1" index="2" bw="520" slack="0"/>
</pin_list>
<bind>
<opcode="insertvalue(57) " fcode="insertvalue"/>
<opset="mrv_24/1 "/>
</bind>
</comp>

<comp id="480" class="1004" name="mrv_25_fu_480">
<pin_list>
<pin id="481" dir="0" index="0" bw="520" slack="0"/>
<pin id="482" dir="0" index="1" bw="13" slack="0"/>
<pin id="483" dir="1" index="2" bw="520" slack="0"/>
</pin_list>
<bind>
<opcode="insertvalue(57) " fcode="insertvalue"/>
<opset="mrv_25/1 "/>
</bind>
</comp>

<comp id="486" class="1004" name="mrv_26_fu_486">
<pin_list>
<pin id="487" dir="0" index="0" bw="520" slack="0"/>
<pin id="488" dir="0" index="1" bw="13" slack="0"/>
<pin id="489" dir="1" index="2" bw="520" slack="0"/>
</pin_list>
<bind>
<opcode="insertvalue(57) " fcode="insertvalue"/>
<opset="mrv_26/1 "/>
</bind>
</comp>

<comp id="492" class="1004" name="mrv_27_fu_492">
<pin_list>
<pin id="493" dir="0" index="0" bw="520" slack="0"/>
<pin id="494" dir="0" index="1" bw="13" slack="0"/>
<pin id="495" dir="1" index="2" bw="520" slack="0"/>
</pin_list>
<bind>
<opcode="insertvalue(57) " fcode="insertvalue"/>
<opset="mrv_27/1 "/>
</bind>
</comp>

<comp id="498" class="1004" name="mrv_28_fu_498">
<pin_list>
<pin id="499" dir="0" index="0" bw="520" slack="0"/>
<pin id="500" dir="0" index="1" bw="13" slack="0"/>
<pin id="501" dir="1" index="2" bw="520" slack="0"/>
</pin_list>
<bind>
<opcode="insertvalue(57) " fcode="insertvalue"/>
<opset="mrv_28/1 "/>
</bind>
</comp>

<comp id="504" class="1004" name="mrv_29_fu_504">
<pin_list>
<pin id="505" dir="0" index="0" bw="520" slack="0"/>
<pin id="506" dir="0" index="1" bw="13" slack="0"/>
<pin id="507" dir="1" index="2" bw="520" slack="0"/>
</pin_list>
<bind>
<opcode="insertvalue(57) " fcode="insertvalue"/>
<opset="mrv_29/1 "/>
</bind>
</comp>

<comp id="510" class="1004" name="mrv_30_fu_510">
<pin_list>
<pin id="511" dir="0" index="0" bw="520" slack="0"/>
<pin id="512" dir="0" index="1" bw="13" slack="0"/>
<pin id="513" dir="1" index="2" bw="520" slack="0"/>
</pin_list>
<bind>
<opcode="insertvalue(57) " fcode="insertvalue"/>
<opset="mrv_30/1 "/>
</bind>
</comp>

<comp id="516" class="1004" name="mrv_31_fu_516">
<pin_list>
<pin id="517" dir="0" index="0" bw="520" slack="0"/>
<pin id="518" dir="0" index="1" bw="13" slack="0"/>
<pin id="519" dir="1" index="2" bw="520" slack="0"/>
</pin_list>
<bind>
<opcode="insertvalue(57) " fcode="insertvalue"/>
<opset="mrv_31/1 "/>
</bind>
</comp>

<comp id="522" class="1004" name="mrv_32_fu_522">
<pin_list>
<pin id="523" dir="0" index="0" bw="520" slack="0"/>
<pin id="524" dir="0" index="1" bw="13" slack="0"/>
<pin id="525" dir="1" index="2" bw="520" slack="0"/>
</pin_list>
<bind>
<opcode="insertvalue(57) " fcode="insertvalue"/>
<opset="mrv_32/1 "/>
</bind>
</comp>

<comp id="528" class="1004" name="mrv_33_fu_528">
<pin_list>
<pin id="529" dir="0" index="0" bw="520" slack="0"/>
<pin id="530" dir="0" index="1" bw="13" slack="0"/>
<pin id="531" dir="1" index="2" bw="520" slack="0"/>
</pin_list>
<bind>
<opcode="insertvalue(57) " fcode="insertvalue"/>
<opset="mrv_33/1 "/>
</bind>
</comp>

<comp id="534" class="1004" name="mrv_34_fu_534">
<pin_list>
<pin id="535" dir="0" index="0" bw="520" slack="0"/>
<pin id="536" dir="0" index="1" bw="13" slack="0"/>
<pin id="537" dir="1" index="2" bw="520" slack="0"/>
</pin_list>
<bind>
<opcode="insertvalue(57) " fcode="insertvalue"/>
<opset="mrv_34/1 "/>
</bind>
</comp>

<comp id="540" class="1004" name="mrv_35_fu_540">
<pin_list>
<pin id="541" dir="0" index="0" bw="520" slack="0"/>
<pin id="542" dir="0" index="1" bw="13" slack="0"/>
<pin id="543" dir="1" index="2" bw="520" slack="0"/>
</pin_list>
<bind>
<opcode="insertvalue(57) " fcode="insertvalue"/>
<opset="mrv_35/1 "/>
</bind>
</comp>

<comp id="546" class="1004" name="mrv_36_fu_546">
<pin_list>
<pin id="547" dir="0" index="0" bw="520" slack="0"/>
<pin id="548" dir="0" index="1" bw="13" slack="0"/>
<pin id="549" dir="1" index="2" bw="520" slack="0"/>
</pin_list>
<bind>
<opcode="insertvalue(57) " fcode="insertvalue"/>
<opset="mrv_36/1 "/>
</bind>
</comp>

<comp id="552" class="1004" name="mrv_37_fu_552">
<pin_list>
<pin id="553" dir="0" index="0" bw="520" slack="0"/>
<pin id="554" dir="0" index="1" bw="13" slack="0"/>
<pin id="555" dir="1" index="2" bw="520" slack="0"/>
</pin_list>
<bind>
<opcode="insertvalue(57) " fcode="insertvalue"/>
<opset="mrv_37/1 "/>
</bind>
</comp>

<comp id="558" class="1004" name="mrv_38_fu_558">
<pin_list>
<pin id="559" dir="0" index="0" bw="520" slack="0"/>
<pin id="560" dir="0" index="1" bw="13" slack="0"/>
<pin id="561" dir="1" index="2" bw="520" slack="2147483647"/>
</pin_list>
<bind>
<opcode="insertvalue(57) " fcode="insertvalue"/>
<opset="mrv_38/1 "/>
</bind>
</comp>

</comp_list>

<net_list>
<net id="88"><net_src comp="80" pin="0"/><net_sink comp="84" pin=0"/></net>

<net id="89"><net_src comp="78" pin="0"/><net_sink comp="84" pin=1"/></net>

<net id="94"><net_src comp="80" pin="0"/><net_sink comp="90" pin=0"/></net>

<net id="95"><net_src comp="76" pin="0"/><net_sink comp="90" pin=1"/></net>

<net id="100"><net_src comp="80" pin="0"/><net_sink comp="96" pin=0"/></net>

<net id="101"><net_src comp="74" pin="0"/><net_sink comp="96" pin=1"/></net>

<net id="106"><net_src comp="80" pin="0"/><net_sink comp="102" pin=0"/></net>

<net id="107"><net_src comp="72" pin="0"/><net_sink comp="102" pin=1"/></net>

<net id="112"><net_src comp="80" pin="0"/><net_sink comp="108" pin=0"/></net>

<net id="113"><net_src comp="70" pin="0"/><net_sink comp="108" pin=1"/></net>

<net id="118"><net_src comp="80" pin="0"/><net_sink comp="114" pin=0"/></net>

<net id="119"><net_src comp="68" pin="0"/><net_sink comp="114" pin=1"/></net>

<net id="124"><net_src comp="80" pin="0"/><net_sink comp="120" pin=0"/></net>

<net id="125"><net_src comp="66" pin="0"/><net_sink comp="120" pin=1"/></net>

<net id="130"><net_src comp="80" pin="0"/><net_sink comp="126" pin=0"/></net>

<net id="131"><net_src comp="64" pin="0"/><net_sink comp="126" pin=1"/></net>

<net id="136"><net_src comp="80" pin="0"/><net_sink comp="132" pin=0"/></net>

<net id="137"><net_src comp="62" pin="0"/><net_sink comp="132" pin=1"/></net>

<net id="142"><net_src comp="80" pin="0"/><net_sink comp="138" pin=0"/></net>

<net id="143"><net_src comp="60" pin="0"/><net_sink comp="138" pin=1"/></net>

<net id="148"><net_src comp="80" pin="0"/><net_sink comp="144" pin=0"/></net>

<net id="149"><net_src comp="58" pin="0"/><net_sink comp="144" pin=1"/></net>

<net id="154"><net_src comp="80" pin="0"/><net_sink comp="150" pin=0"/></net>

<net id="155"><net_src comp="56" pin="0"/><net_sink comp="150" pin=1"/></net>

<net id="160"><net_src comp="80" pin="0"/><net_sink comp="156" pin=0"/></net>

<net id="161"><net_src comp="54" pin="0"/><net_sink comp="156" pin=1"/></net>

<net id="166"><net_src comp="80" pin="0"/><net_sink comp="162" pin=0"/></net>

<net id="167"><net_src comp="52" pin="0"/><net_sink comp="162" pin=1"/></net>

<net id="172"><net_src comp="80" pin="0"/><net_sink comp="168" pin=0"/></net>

<net id="173"><net_src comp="50" pin="0"/><net_sink comp="168" pin=1"/></net>

<net id="178"><net_src comp="80" pin="0"/><net_sink comp="174" pin=0"/></net>

<net id="179"><net_src comp="48" pin="0"/><net_sink comp="174" pin=1"/></net>

<net id="184"><net_src comp="80" pin="0"/><net_sink comp="180" pin=0"/></net>

<net id="185"><net_src comp="46" pin="0"/><net_sink comp="180" pin=1"/></net>

<net id="190"><net_src comp="80" pin="0"/><net_sink comp="186" pin=0"/></net>

<net id="191"><net_src comp="44" pin="0"/><net_sink comp="186" pin=1"/></net>

<net id="196"><net_src comp="80" pin="0"/><net_sink comp="192" pin=0"/></net>

<net id="197"><net_src comp="42" pin="0"/><net_sink comp="192" pin=1"/></net>

<net id="202"><net_src comp="80" pin="0"/><net_sink comp="198" pin=0"/></net>

<net id="203"><net_src comp="40" pin="0"/><net_sink comp="198" pin=1"/></net>

<net id="208"><net_src comp="80" pin="0"/><net_sink comp="204" pin=0"/></net>

<net id="209"><net_src comp="38" pin="0"/><net_sink comp="204" pin=1"/></net>

<net id="214"><net_src comp="80" pin="0"/><net_sink comp="210" pin=0"/></net>

<net id="215"><net_src comp="36" pin="0"/><net_sink comp="210" pin=1"/></net>

<net id="220"><net_src comp="80" pin="0"/><net_sink comp="216" pin=0"/></net>

<net id="221"><net_src comp="34" pin="0"/><net_sink comp="216" pin=1"/></net>

<net id="226"><net_src comp="80" pin="0"/><net_sink comp="222" pin=0"/></net>

<net id="227"><net_src comp="32" pin="0"/><net_sink comp="222" pin=1"/></net>

<net id="232"><net_src comp="80" pin="0"/><net_sink comp="228" pin=0"/></net>

<net id="233"><net_src comp="30" pin="0"/><net_sink comp="228" pin=1"/></net>

<net id="238"><net_src comp="80" pin="0"/><net_sink comp="234" pin=0"/></net>

<net id="239"><net_src comp="28" pin="0"/><net_sink comp="234" pin=1"/></net>

<net id="244"><net_src comp="80" pin="0"/><net_sink comp="240" pin=0"/></net>

<net id="245"><net_src comp="26" pin="0"/><net_sink comp="240" pin=1"/></net>

<net id="250"><net_src comp="80" pin="0"/><net_sink comp="246" pin=0"/></net>

<net id="251"><net_src comp="24" pin="0"/><net_sink comp="246" pin=1"/></net>

<net id="256"><net_src comp="80" pin="0"/><net_sink comp="252" pin=0"/></net>

<net id="257"><net_src comp="22" pin="0"/><net_sink comp="252" pin=1"/></net>

<net id="262"><net_src comp="80" pin="0"/><net_sink comp="258" pin=0"/></net>

<net id="263"><net_src comp="20" pin="0"/><net_sink comp="258" pin=1"/></net>

<net id="268"><net_src comp="80" pin="0"/><net_sink comp="264" pin=0"/></net>

<net id="269"><net_src comp="18" pin="0"/><net_sink comp="264" pin=1"/></net>

<net id="274"><net_src comp="80" pin="0"/><net_sink comp="270" pin=0"/></net>

<net id="275"><net_src comp="16" pin="0"/><net_sink comp="270" pin=1"/></net>

<net id="280"><net_src comp="80" pin="0"/><net_sink comp="276" pin=0"/></net>

<net id="281"><net_src comp="14" pin="0"/><net_sink comp="276" pin=1"/></net>

<net id="286"><net_src comp="80" pin="0"/><net_sink comp="282" pin=0"/></net>

<net id="287"><net_src comp="12" pin="0"/><net_sink comp="282" pin=1"/></net>

<net id="292"><net_src comp="80" pin="0"/><net_sink comp="288" pin=0"/></net>

<net id="293"><net_src comp="10" pin="0"/><net_sink comp="288" pin=1"/></net>

<net id="298"><net_src comp="80" pin="0"/><net_sink comp="294" pin=0"/></net>

<net id="299"><net_src comp="8" pin="0"/><net_sink comp="294" pin=1"/></net>

<net id="304"><net_src comp="80" pin="0"/><net_sink comp="300" pin=0"/></net>

<net id="305"><net_src comp="6" pin="0"/><net_sink comp="300" pin=1"/></net>

<net id="310"><net_src comp="80" pin="0"/><net_sink comp="306" pin=0"/></net>

<net id="311"><net_src comp="4" pin="0"/><net_sink comp="306" pin=1"/></net>

<net id="316"><net_src comp="80" pin="0"/><net_sink comp="312" pin=0"/></net>

<net id="317"><net_src comp="2" pin="0"/><net_sink comp="312" pin=1"/></net>

<net id="322"><net_src comp="80" pin="0"/><net_sink comp="318" pin=0"/></net>

<net id="323"><net_src comp="0" pin="0"/><net_sink comp="318" pin=1"/></net>

<net id="328"><net_src comp="82" pin="0"/><net_sink comp="324" pin=0"/></net>

<net id="329"><net_src comp="318" pin="2"/><net_sink comp="324" pin=1"/></net>

<net id="334"><net_src comp="324" pin="2"/><net_sink comp="330" pin=0"/></net>

<net id="335"><net_src comp="312" pin="2"/><net_sink comp="330" pin=1"/></net>

<net id="340"><net_src comp="330" pin="2"/><net_sink comp="336" pin=0"/></net>

<net id="341"><net_src comp="306" pin="2"/><net_sink comp="336" pin=1"/></net>

<net id="346"><net_src comp="336" pin="2"/><net_sink comp="342" pin=0"/></net>

<net id="347"><net_src comp="300" pin="2"/><net_sink comp="342" pin=1"/></net>

<net id="352"><net_src comp="342" pin="2"/><net_sink comp="348" pin=0"/></net>

<net id="353"><net_src comp="294" pin="2"/><net_sink comp="348" pin=1"/></net>

<net id="358"><net_src comp="348" pin="2"/><net_sink comp="354" pin=0"/></net>

<net id="359"><net_src comp="288" pin="2"/><net_sink comp="354" pin=1"/></net>

<net id="364"><net_src comp="354" pin="2"/><net_sink comp="360" pin=0"/></net>

<net id="365"><net_src comp="282" pin="2"/><net_sink comp="360" pin=1"/></net>

<net id="370"><net_src comp="360" pin="2"/><net_sink comp="366" pin=0"/></net>

<net id="371"><net_src comp="276" pin="2"/><net_sink comp="366" pin=1"/></net>

<net id="376"><net_src comp="366" pin="2"/><net_sink comp="372" pin=0"/></net>

<net id="377"><net_src comp="270" pin="2"/><net_sink comp="372" pin=1"/></net>

<net id="382"><net_src comp="372" pin="2"/><net_sink comp="378" pin=0"/></net>

<net id="383"><net_src comp="264" pin="2"/><net_sink comp="378" pin=1"/></net>

<net id="388"><net_src comp="378" pin="2"/><net_sink comp="384" pin=0"/></net>

<net id="389"><net_src comp="258" pin="2"/><net_sink comp="384" pin=1"/></net>

<net id="394"><net_src comp="384" pin="2"/><net_sink comp="390" pin=0"/></net>

<net id="395"><net_src comp="252" pin="2"/><net_sink comp="390" pin=1"/></net>

<net id="400"><net_src comp="390" pin="2"/><net_sink comp="396" pin=0"/></net>

<net id="401"><net_src comp="246" pin="2"/><net_sink comp="396" pin=1"/></net>

<net id="406"><net_src comp="396" pin="2"/><net_sink comp="402" pin=0"/></net>

<net id="407"><net_src comp="240" pin="2"/><net_sink comp="402" pin=1"/></net>

<net id="412"><net_src comp="402" pin="2"/><net_sink comp="408" pin=0"/></net>

<net id="413"><net_src comp="234" pin="2"/><net_sink comp="408" pin=1"/></net>

<net id="418"><net_src comp="408" pin="2"/><net_sink comp="414" pin=0"/></net>

<net id="419"><net_src comp="228" pin="2"/><net_sink comp="414" pin=1"/></net>

<net id="424"><net_src comp="414" pin="2"/><net_sink comp="420" pin=0"/></net>

<net id="425"><net_src comp="222" pin="2"/><net_sink comp="420" pin=1"/></net>

<net id="430"><net_src comp="420" pin="2"/><net_sink comp="426" pin=0"/></net>

<net id="431"><net_src comp="216" pin="2"/><net_sink comp="426" pin=1"/></net>

<net id="436"><net_src comp="426" pin="2"/><net_sink comp="432" pin=0"/></net>

<net id="437"><net_src comp="210" pin="2"/><net_sink comp="432" pin=1"/></net>

<net id="442"><net_src comp="432" pin="2"/><net_sink comp="438" pin=0"/></net>

<net id="443"><net_src comp="204" pin="2"/><net_sink comp="438" pin=1"/></net>

<net id="448"><net_src comp="438" pin="2"/><net_sink comp="444" pin=0"/></net>

<net id="449"><net_src comp="198" pin="2"/><net_sink comp="444" pin=1"/></net>

<net id="454"><net_src comp="444" pin="2"/><net_sink comp="450" pin=0"/></net>

<net id="455"><net_src comp="192" pin="2"/><net_sink comp="450" pin=1"/></net>

<net id="460"><net_src comp="450" pin="2"/><net_sink comp="456" pin=0"/></net>

<net id="461"><net_src comp="186" pin="2"/><net_sink comp="456" pin=1"/></net>

<net id="466"><net_src comp="456" pin="2"/><net_sink comp="462" pin=0"/></net>

<net id="467"><net_src comp="180" pin="2"/><net_sink comp="462" pin=1"/></net>

<net id="472"><net_src comp="462" pin="2"/><net_sink comp="468" pin=0"/></net>

<net id="473"><net_src comp="174" pin="2"/><net_sink comp="468" pin=1"/></net>

<net id="478"><net_src comp="468" pin="2"/><net_sink comp="474" pin=0"/></net>

<net id="479"><net_src comp="168" pin="2"/><net_sink comp="474" pin=1"/></net>

<net id="484"><net_src comp="474" pin="2"/><net_sink comp="480" pin=0"/></net>

<net id="485"><net_src comp="162" pin="2"/><net_sink comp="480" pin=1"/></net>

<net id="490"><net_src comp="480" pin="2"/><net_sink comp="486" pin=0"/></net>

<net id="491"><net_src comp="156" pin="2"/><net_sink comp="486" pin=1"/></net>

<net id="496"><net_src comp="486" pin="2"/><net_sink comp="492" pin=0"/></net>

<net id="497"><net_src comp="150" pin="2"/><net_sink comp="492" pin=1"/></net>

<net id="502"><net_src comp="492" pin="2"/><net_sink comp="498" pin=0"/></net>

<net id="503"><net_src comp="144" pin="2"/><net_sink comp="498" pin=1"/></net>

<net id="508"><net_src comp="498" pin="2"/><net_sink comp="504" pin=0"/></net>

<net id="509"><net_src comp="138" pin="2"/><net_sink comp="504" pin=1"/></net>

<net id="514"><net_src comp="504" pin="2"/><net_sink comp="510" pin=0"/></net>

<net id="515"><net_src comp="132" pin="2"/><net_sink comp="510" pin=1"/></net>

<net id="520"><net_src comp="510" pin="2"/><net_sink comp="516" pin=0"/></net>

<net id="521"><net_src comp="126" pin="2"/><net_sink comp="516" pin=1"/></net>

<net id="526"><net_src comp="516" pin="2"/><net_sink comp="522" pin=0"/></net>

<net id="527"><net_src comp="120" pin="2"/><net_sink comp="522" pin=1"/></net>

<net id="532"><net_src comp="522" pin="2"/><net_sink comp="528" pin=0"/></net>

<net id="533"><net_src comp="114" pin="2"/><net_sink comp="528" pin=1"/></net>

<net id="538"><net_src comp="528" pin="2"/><net_sink comp="534" pin=0"/></net>

<net id="539"><net_src comp="108" pin="2"/><net_sink comp="534" pin=1"/></net>

<net id="544"><net_src comp="534" pin="2"/><net_sink comp="540" pin=0"/></net>

<net id="545"><net_src comp="102" pin="2"/><net_sink comp="540" pin=1"/></net>

<net id="550"><net_src comp="540" pin="2"/><net_sink comp="546" pin=0"/></net>

<net id="551"><net_src comp="96" pin="2"/><net_sink comp="546" pin=1"/></net>

<net id="556"><net_src comp="546" pin="2"/><net_sink comp="552" pin=0"/></net>

<net id="557"><net_src comp="90" pin="2"/><net_sink comp="552" pin=1"/></net>

<net id="562"><net_src comp="552" pin="2"/><net_sink comp="558" pin=0"/></net>

<net id="563"><net_src comp="84" pin="2"/><net_sink comp="558" pin=1"/></net>

</net_list>

</model> 
---------------- Datapath Model END ------------------

* FSMD analyzer results:
  - Output states:
 - Input state : 
	Port: transpose<ap_fixed,ap_fixed<13,4,4,0,0>,config5_transpose_qk> : data_0_val | {1 }
	Port: transpose<ap_fixed,ap_fixed<13,4,4,0,0>,config5_transpose_qk> : data_1_val | {1 }
	Port: transpose<ap_fixed,ap_fixed<13,4,4,0,0>,config5_transpose_qk> : data_2_val | {1 }
	Port: transpose<ap_fixed,ap_fixed<13,4,4,0,0>,config5_transpose_qk> : data_3_val | {1 }
	Port: transpose<ap_fixed,ap_fixed<13,4,4,0,0>,config5_transpose_qk> : data_4_val | {1 }
	Port: transpose<ap_fixed,ap_fixed<13,4,4,0,0>,config5_transpose_qk> : data_5_val | {1 }
	Port: transpose<ap_fixed,ap_fixed<13,4,4,0,0>,config5_transpose_qk> : data_6_val | {1 }
	Port: transpose<ap_fixed,ap_fixed<13,4,4,0,0>,config5_transpose_qk> : data_7_val | {1 }
	Port: transpose<ap_fixed,ap_fixed<13,4,4,0,0>,config5_transpose_qk> : data_8_val | {1 }
	Port: transpose<ap_fixed,ap_fixed<13,4,4,0,0>,config5_transpose_qk> : data_9_val | {1 }
	Port: transpose<ap_fixed,ap_fixed<13,4,4,0,0>,config5_transpose_qk> : data_10_val | {1 }
	Port: transpose<ap_fixed,ap_fixed<13,4,4,0,0>,config5_transpose_qk> : data_11_val | {1 }
	Port: transpose<ap_fixed,ap_fixed<13,4,4,0,0>,config5_transpose_qk> : data_12_val | {1 }
	Port: transpose<ap_fixed,ap_fixed<13,4,4,0,0>,config5_transpose_qk> : data_13_val | {1 }
	Port: transpose<ap_fixed,ap_fixed<13,4,4,0,0>,config5_transpose_qk> : data_14_val | {1 }
	Port: transpose<ap_fixed,ap_fixed<13,4,4,0,0>,config5_transpose_qk> : data_15_val | {1 }
	Port: transpose<ap_fixed,ap_fixed<13,4,4,0,0>,config5_transpose_qk> : data_16_val | {1 }
	Port: transpose<ap_fixed,ap_fixed<13,4,4,0,0>,config5_transpose_qk> : data_17_val | {1 }
	Port: transpose<ap_fixed,ap_fixed<13,4,4,0,0>,config5_transpose_qk> : data_18_val | {1 }
	Port: transpose<ap_fixed,ap_fixed<13,4,4,0,0>,config5_transpose_qk> : data_19_val | {1 }
	Port: transpose<ap_fixed,ap_fixed<13,4,4,0,0>,config5_transpose_qk> : data_20_val | {1 }
	Port: transpose<ap_fixed,ap_fixed<13,4,4,0,0>,config5_transpose_qk> : data_21_val | {1 }
	Port: transpose<ap_fixed,ap_fixed<13,4,4,0,0>,config5_transpose_qk> : data_22_val | {1 }
	Port: transpose<ap_fixed,ap_fixed<13,4,4,0,0>,config5_transpose_qk> : data_23_val | {1 }
	Port: transpose<ap_fixed,ap_fixed<13,4,4,0,0>,config5_transpose_qk> : data_24_val | {1 }
	Port: transpose<ap_fixed,ap_fixed<13,4,4,0,0>,config5_transpose_qk> : data_25_val | {1 }
	Port: transpose<ap_fixed,ap_fixed<13,4,4,0,0>,config5_transpose_qk> : data_26_val | {1 }
	Port: transpose<ap_fixed,ap_fixed<13,4,4,0,0>,config5_transpose_qk> : data_27_val | {1 }
	Port: transpose<ap_fixed,ap_fixed<13,4,4,0,0>,config5_transpose_qk> : data_28_val | {1 }
	Port: transpose<ap_fixed,ap_fixed<13,4,4,0,0>,config5_transpose_qk> : data_29_val | {1 }
	Port: transpose<ap_fixed,ap_fixed<13,4,4,0,0>,config5_transpose_qk> : data_30_val | {1 }
	Port: transpose<ap_fixed,ap_fixed<13,4,4,0,0>,config5_transpose_qk> : data_31_val | {1 }
	Port: transpose<ap_fixed,ap_fixed<13,4,4,0,0>,config5_transpose_qk> : data_32_val | {1 }
	Port: transpose<ap_fixed,ap_fixed<13,4,4,0,0>,config5_transpose_qk> : data_33_val | {1 }
	Port: transpose<ap_fixed,ap_fixed<13,4,4,0,0>,config5_transpose_qk> : data_34_val | {1 }
	Port: transpose<ap_fixed,ap_fixed<13,4,4,0,0>,config5_transpose_qk> : data_35_val | {1 }
	Port: transpose<ap_fixed,ap_fixed<13,4,4,0,0>,config5_transpose_qk> : data_36_val | {1 }
	Port: transpose<ap_fixed,ap_fixed<13,4,4,0,0>,config5_transpose_qk> : data_37_val | {1 }
	Port: transpose<ap_fixed,ap_fixed<13,4,4,0,0>,config5_transpose_qk> : data_38_val | {1 }
	Port: transpose<ap_fixed,ap_fixed<13,4,4,0,0>,config5_transpose_qk> : data_39_val | {1 }
  - Chain level:
	State 1
		mrv_1 : 1
		mrv_2 : 2
		mrv_3 : 3
		mrv_4 : 4
		mrv_5 : 5
		mrv_6 : 6
		mrv_7 : 7
		mrv_8 : 8
		mrv_9 : 9
		mrv_s : 10
		mrv_10 : 11
		mrv_11 : 12
		mrv_12 : 13
		mrv_13 : 14
		mrv_14 : 15
		mrv_15 : 16
		mrv_16 : 17
		mrv_17 : 18
		mrv_18 : 19
		mrv_19 : 20
		mrv_20 : 21
		mrv_21 : 22
		mrv_22 : 23
		mrv_23 : 24
		mrv_24 : 25
		mrv_25 : 26
		mrv_26 : 27
		mrv_27 : 28
		mrv_28 : 29
		mrv_29 : 30
		mrv_30 : 31
		mrv_31 : 32
		mrv_32 : 33
		mrv_33 : 34
		mrv_34 : 35
		mrv_35 : 36
		mrv_36 : 37
		mrv_37 : 38
		mrv_38 : 39
		ret_ln35 : 40


============================================================
+ Verbose Summary: Datapath Resource usage 
============================================================

* Functional unit list:
|----------|------------------------------|
| Operation|        Functional Unit       |
|----------|------------------------------|
|          |  data_39_val_read_read_fu_84 |
|          |  data_38_val_read_read_fu_90 |
|          |  data_37_val_read_read_fu_96 |
|          | data_36_val_read_read_fu_102 |
|          | data_35_val_read_read_fu_108 |
|          | data_34_val_read_read_fu_114 |
|          | data_33_val_read_read_fu_120 |
|          | data_32_val_read_read_fu_126 |
|          | data_31_val_read_read_fu_132 |
|          | data_30_val_read_read_fu_138 |
|          | data_29_val_read_read_fu_144 |
|          | data_28_val_read_read_fu_150 |
|          | data_27_val_read_read_fu_156 |
|          | data_26_val_read_read_fu_162 |
|          | data_25_val_read_read_fu_168 |
|          | data_24_val_read_read_fu_174 |
|          | data_23_val_read_read_fu_180 |
|          | data_22_val_read_read_fu_186 |
|          | data_21_val_read_read_fu_192 |
|   read   | data_20_val_read_read_fu_198 |
|          | data_19_val_read_read_fu_204 |
|          | data_18_val_read_read_fu_210 |
|          | data_17_val_read_read_fu_216 |
|          | data_16_val_read_read_fu_222 |
|          | data_15_val_read_read_fu_228 |
|          | data_14_val_read_read_fu_234 |
|          | data_13_val_read_read_fu_240 |
|          | data_12_val_read_read_fu_246 |
|          | data_11_val_read_read_fu_252 |
|          | data_10_val_read_read_fu_258 |
|          |  data_9_val_read_read_fu_264 |
|          |  data_8_val_read_read_fu_270 |
|          |  data_7_val_read_read_fu_276 |
|          |  data_6_val_read_read_fu_282 |
|          |  data_5_val_read_read_fu_288 |
|          |  data_4_val_read_read_fu_294 |
|          |  data_3_val_read_read_fu_300 |
|          |  data_2_val_read_read_fu_306 |
|          |  data_1_val_read_read_fu_312 |
|          |  data_0_val_read_read_fu_318 |
|----------|------------------------------|
|          |          mrv_fu_324          |
|          |         mrv_1_fu_330         |
|          |         mrv_2_fu_336         |
|          |         mrv_3_fu_342         |
|          |         mrv_4_fu_348         |
|          |         mrv_5_fu_354         |
|          |         mrv_6_fu_360         |
|          |         mrv_7_fu_366         |
|          |         mrv_8_fu_372         |
|          |         mrv_9_fu_378         |
|          |         mrv_s_fu_384         |
|          |         mrv_10_fu_390        |
|          |         mrv_11_fu_396        |
|          |         mrv_12_fu_402        |
|          |         mrv_13_fu_408        |
|          |         mrv_14_fu_414        |
|          |         mrv_15_fu_420        |
|          |         mrv_16_fu_426        |
|          |         mrv_17_fu_432        |
|insertvalue|         mrv_18_fu_438        |
|          |         mrv_19_fu_444        |
|          |         mrv_20_fu_450        |
|          |         mrv_21_fu_456        |
|          |         mrv_22_fu_462        |
|          |         mrv_23_fu_468        |
|          |         mrv_24_fu_474        |
|          |         mrv_25_fu_480        |
|          |         mrv_26_fu_486        |
|          |         mrv_27_fu_492        |
|          |         mrv_28_fu_498        |
|          |         mrv_29_fu_504        |
|          |         mrv_30_fu_510        |
|          |         mrv_31_fu_516        |
|          |         mrv_32_fu_522        |
|          |         mrv_33_fu_528        |
|          |         mrv_34_fu_534        |
|          |         mrv_35_fu_540        |
|          |         mrv_36_fu_546        |
|          |         mrv_37_fu_552        |
|          |         mrv_38_fu_558        |
|----------|------------------------------|
|   Total  |                              |
|----------|------------------------------|

Memories:
N/A

* Register list:
N/A

* Multiplexer (MUX) list: 
|--------|------|------|------|--------|
|  Comp  |  Pin | Size |  BW  | S x BW |
|--------|------|------|------|--------|
|  Total |      |      |      |    0   |
|--------|------|------|------|--------|



* Summary:
+-----------+
|           |
+-----------+
|  Function |
|   Memory  |
|Multiplexer|
|  Register |
+-----------+
|   Total   |
+-----------+
