

================================================================
== Vitis HLS Report for 'dense_latency_ap_fixed_13_4_4_0_0_ap_fixed_13_4_4_0_0_config5_dense_s'
================================================================
* Date:           Sun Feb  9 18:41:34 2025

* Version:        2023.2 (Build 4023990 on Oct 11 2023)
* Project:        myproject_prj
* Solution:       solution1 (Vivado IP Flow Target)
* Product family: virtexuplus
* Target device:  xcvu13p-flga2577-2-e


================================================================
== Performance Estimates
================================================================
+ Timing: 
    * Summary: 
    +--------+---------+----------+------------+
    |  Clock |  Target | Estimated| Uncertainty|
    +--------+---------+----------+------------+
    |ap_clk  |  5.00 ns|  4.294 ns|     0.62 ns|
    +--------+---------+----------+------------+

+ Latency: 
    * Summary: 
    +---------+---------+----------+----------+-----+-----+---------+
    |  Latency (cycles) |  Latency (absolute) |  Interval | Pipeline|
    |   min   |   max   |    min   |    max   | min | max |   Type  |
    +---------+---------+----------+----------+-----+-----+---------+
    |        1|        1|  5.000 ns|  5.000 ns|    1|    1|      yes|
    +---------+---------+----------+----------+-----+-----+---------+

    + Detail: 
        * Instance: 
        N/A

        * Loop: 
        N/A

============================================================
+ Verbose Summary: Synthesis Manager
============================================================
InlineROM: 1
ExposeGlobal: 0
============================================================
+ Verbose Summary: CDFG Model
============================================================
IsTopModel: 0
ResetActiveHigh: 1
IsCombinational: 0
IsDatapathOnly: 0
HasWiredReturn: 1
HasMFsm: 2
HasVarLatency: 0
IsPipeline: 1
IsRtlPipelined: 1
IsInstanceOverlapped: 0
IsDontTouch: 0
HasImplIP: 0
IsGatedGlobalClock: 0

+ Individual pipeline summary: 
  * Pipeline-0: initiation interval (II) = 1, depth = 2


============================================================
+ Verbose Summary: Schedule
============================================================
* Number of FSM states : 2
* Pipeline : 1
  Pipeline-0 : II = 1, D = 2, States = { 1 2 }
* Dataflow Pipeline: 0

* FSM state transitions: 
1 --> 2 
2 --> 

* FSM state operations: 

State 1 <SV = 0> <Delay = 4.29>
ST_1 : Operation 3 [1/1] (0.00ns)   --->   "%idx_read = read i2 @_ssdm_op_Read.ap_auto.i2, i2 %idx"   --->   Operation 3 'read' 'idx_read' <Predicate = true> <Delay = 0.00>
ST_1 : Operation 4 [1/1] (0.00ns)   --->   "%weights_3_val_read = read i13 @_ssdm_op_Read.ap_auto.i13, i13 %weights_3_val"   --->   Operation 4 'read' 'weights_3_val_read' <Predicate = true> <Delay = 0.00>
ST_1 : Operation 5 [1/1] (0.00ns)   --->   "%weights_2_val_read = read i13 @_ssdm_op_Read.ap_auto.i13, i13 %weights_2_val"   --->   Operation 5 'read' 'weights_2_val_read' <Predicate = true> <Delay = 0.00>
ST_1 : Operation 6 [1/1] (0.00ns)   --->   "%weights_1_val_read = read i13 @_ssdm_op_Read.ap_auto.i13, i13 %weights_1_val"   --->   Operation 6 'read' 'weights_1_val_read' <Predicate = true> <Delay = 0.00>
ST_1 : Operation 7 [1/1] (0.00ns)   --->   "%weights_0_val_read = read i13 @_ssdm_op_Read.ap_auto.i13, i13 %weights_0_val"   --->   Operation 7 'read' 'weights_0_val_read' <Predicate = true> <Delay = 0.00>
ST_1 : Operation 8 [1/1] (0.00ns)   --->   "%data_3_val_read = read i13 @_ssdm_op_Read.ap_auto.i13, i13 %data_3_val"   --->   Operation 8 'read' 'data_3_val_read' <Predicate = true> <Delay = 0.00>
ST_1 : Operation 9 [1/1] (0.00ns)   --->   "%data_2_val_read = read i13 @_ssdm_op_Read.ap_auto.i13, i13 %data_2_val"   --->   Operation 9 'read' 'data_2_val_read' <Predicate = true> <Delay = 0.00>
ST_1 : Operation 10 [1/1] (0.00ns)   --->   "%data_1_val_read = read i13 @_ssdm_op_Read.ap_auto.i13, i13 %data_1_val"   --->   Operation 10 'read' 'data_1_val_read' <Predicate = true> <Delay = 0.00>
ST_1 : Operation 11 [1/1] (0.00ns)   --->   "%data_0_val_read = read i13 @_ssdm_op_Read.ap_auto.i13, i13 %data_0_val"   --->   Operation 11 'read' 'data_0_val_read' <Predicate = true> <Delay = 0.00>
ST_1 : Operation 12 [1/1] (0.41ns)   --->   "%a = sparsemux i13 @_ssdm_op_SparseMux.ap_auto.3i13.i13.i2, i2 0, i13 %data_0_val_read, i2 1, i13 %data_1_val_read, i2 2, i13 %data_2_val_read, i13 0, i2 %idx_read"   --->   Operation 12 'sparsemux' 'a' <Predicate = true> <Delay = 0.41> <CoreInst = "SparseMux">   --->   Core 147 'SparseMux' <Latency = 0> <II = 1> <Delay = 0.41> <FuncUnit> <Opcode : 'sparsemux'> <InPorts = 2> <OutPorts = 1>
ST_1 : Operation 13 [1/1] (0.00ns)   --->   "%sext_ln73 = sext i13 %a" [firmware/nnet_utils/nnet_mult.h:73->firmware/nnet_utils/nnet_dense_latency.h:42]   --->   Operation 13 'sext' 'sext_ln73' <Predicate = true> <Delay = 0.00>
ST_1 : Operation 14 [1/1] (0.00ns)   --->   "%sext_ln73_6 = sext i13 %weights_0_val_read" [firmware/nnet_utils/nnet_mult.h:73->firmware/nnet_utils/nnet_dense_latency.h:42]   --->   Operation 14 'sext' 'sext_ln73_6' <Predicate = true> <Delay = 0.00>
ST_1 : Operation 15 [1/1] (1.89ns)   --->   "%mul_ln73 = mul i26 %sext_ln73, i26 %sext_ln73_6" [firmware/nnet_utils/nnet_mult.h:73->firmware/nnet_utils/nnet_dense_latency.h:42]   --->   Operation 15 'mul' 'mul_ln73' <Predicate = true> <Delay = 1.89> <CoreInst = "Multiplier">   --->   Core 3 'Multiplier' <Latency = 0> <II = 1> <Delay = 1.89> <FuncUnit> <Opcode : 'mul'> <InPorts = 2> <OutPorts = 1>
ST_1 : Operation 16 [1/1] (0.00ns)   --->   "%tmp = bitselect i1 @_ssdm_op_BitSelect.i1.i26.i32, i26 %mul_ln73, i32 25" [firmware/nnet_utils/nnet_dense_latency.h:42]   --->   Operation 16 'bitselect' 'tmp' <Predicate = true> <Delay = 0.00>
ST_1 : Operation 17 [1/1] (0.00ns) (grouped into LUT with out node add_ln42)   --->   "%trunc_ln = partselect i13 @_ssdm_op_PartSelect.i13.i26.i32.i32, i26 %mul_ln73, i32 9, i32 21" [firmware/nnet_utils/nnet_dense_latency.h:42]   --->   Operation 17 'partselect' 'trunc_ln' <Predicate = true> <Delay = 0.00>
ST_1 : Operation 18 [1/1] (0.00ns) (grouped into LUT with out node add_ln42)   --->   "%tmp_710 = bitselect i1 @_ssdm_op_BitSelect.i1.i26.i32, i26 %mul_ln73, i32 9" [firmware/nnet_utils/nnet_dense_latency.h:42]   --->   Operation 18 'bitselect' 'tmp_710' <Predicate = true> <Delay = 0.00>
ST_1 : Operation 19 [1/1] (0.00ns) (grouped into LUT with out node add_ln42)   --->   "%tmp_711 = bitselect i1 @_ssdm_op_BitSelect.i1.i26.i32, i26 %mul_ln73, i32 8" [firmware/nnet_utils/nnet_dense_latency.h:42]   --->   Operation 19 'bitselect' 'tmp_711' <Predicate = true> <Delay = 0.00>
ST_1 : Operation 20 [1/1] (0.00ns)   --->   "%trunc_ln42 = trunc i26 %mul_ln73" [firmware/nnet_utils/nnet_dense_latency.h:42]   --->   Operation 20 'trunc' 'trunc_ln42' <Predicate = true> <Delay = 0.00>
ST_1 : Operation 21 [1/1] (0.70ns)   --->   "%icmp_ln42 = icmp_ne  i8 %trunc_ln42, i8 0" [firmware/nnet_utils/nnet_dense_latency.h:42]   --->   Operation 21 'icmp' 'icmp_ln42' <Predicate = true> <Delay = 0.70> <CoreInst = "Cmp">   --->   Core 9 'Cmp' <Latency = 0> <II = 1> <Delay = 0.70> <FuncUnit> <Opcode : 'icmp'> <InPorts = 2> <OutPorts = 1>
ST_1 : Operation 22 [1/1] (0.00ns) (grouped into LUT with out node and_ln42_28)   --->   "%tmp_712 = bitselect i1 @_ssdm_op_BitSelect.i1.i26.i32, i26 %mul_ln73, i32 21" [firmware/nnet_utils/nnet_dense_latency.h:42]   --->   Operation 22 'bitselect' 'tmp_712' <Predicate = true> <Delay = 0.00>
ST_1 : Operation 23 [1/1] (0.00ns) (grouped into LUT with out node add_ln42)   --->   "%or_ln42 = or i1 %tmp_710, i1 %icmp_ln42" [firmware/nnet_utils/nnet_dense_latency.h:42]   --->   Operation 23 'or' 'or_ln42' <Predicate = true> <Delay = 0.00> <CoreInst = "LogicGate">   --->   Core 74 'LogicGate' <Latency = 0> <II = 1> <Delay = 0.12> <FuncUnit> <Opcode : 'and' 'or' 'xor'> <InPorts = 2> <OutPorts = 1>
ST_1 : Operation 24 [1/1] (0.00ns) (grouped into LUT with out node add_ln42)   --->   "%and_ln42 = and i1 %or_ln42, i1 %tmp_711" [firmware/nnet_utils/nnet_dense_latency.h:42]   --->   Operation 24 'and' 'and_ln42' <Predicate = true> <Delay = 0.00> <CoreInst = "LogicGate">   --->   Core 74 'LogicGate' <Latency = 0> <II = 1> <Delay = 0.12> <FuncUnit> <Opcode : 'and' 'or' 'xor'> <InPorts = 2> <OutPorts = 1>
ST_1 : Operation 25 [1/1] (0.00ns) (grouped into LUT with out node add_ln42)   --->   "%zext_ln42 = zext i1 %and_ln42" [firmware/nnet_utils/nnet_dense_latency.h:42]   --->   Operation 25 'zext' 'zext_ln42' <Predicate = true> <Delay = 0.00>
ST_1 : Operation 26 [1/1] (0.75ns) (out node of the LUT)   --->   "%add_ln42 = add i13 %trunc_ln, i13 %zext_ln42" [firmware/nnet_utils/nnet_dense_latency.h:42]   --->   Operation 26 'add' 'add_ln42' <Predicate = true> <Delay = 0.75> <CoreInst = "Adder">   --->   Core 1 'Adder' <Latency = 0> <II = 1> <Delay = 0.75> <FuncUnit> <Opcode : 'add' 'sub'> <InPorts = 2> <OutPorts = 1>
ST_1 : Operation 27 [1/1] (0.00ns)   --->   "%tmp_713 = bitselect i1 @_ssdm_op_BitSelect.i1.i13.i32, i13 %add_ln42, i32 12" [firmware/nnet_utils/nnet_dense_latency.h:42]   --->   Operation 27 'bitselect' 'tmp_713' <Predicate = true> <Delay = 0.00>
ST_1 : Operation 28 [1/1] (0.00ns) (grouped into LUT with out node and_ln42_28)   --->   "%xor_ln42 = xor i1 %tmp_713, i1 1" [firmware/nnet_utils/nnet_dense_latency.h:42]   --->   Operation 28 'xor' 'xor_ln42' <Predicate = true> <Delay = 0.00> <CoreInst = "LogicGate">   --->   Core 74 'LogicGate' <Latency = 0> <II = 1> <Delay = 0.12> <FuncUnit> <Opcode : 'and' 'or' 'xor'> <InPorts = 2> <OutPorts = 1>
ST_1 : Operation 29 [1/1] (0.12ns) (out node of the LUT)   --->   "%and_ln42_28 = and i1 %tmp_712, i1 %xor_ln42" [firmware/nnet_utils/nnet_dense_latency.h:42]   --->   Operation 29 'and' 'and_ln42_28' <Predicate = true> <Delay = 0.12> <CoreInst = "LogicGate">   --->   Core 74 'LogicGate' <Latency = 0> <II = 1> <Delay = 0.12> <FuncUnit> <Opcode : 'and' 'or' 'xor'> <InPorts = 2> <OutPorts = 1>
ST_1 : Operation 30 [1/1] (0.00ns)   --->   "%tmp_8 = partselect i3 @_ssdm_op_PartSelect.i3.i26.i32.i32, i26 %mul_ln73, i32 23, i32 25" [firmware/nnet_utils/nnet_dense_latency.h:42]   --->   Operation 30 'partselect' 'tmp_8' <Predicate = true> <Delay = 0.00>
ST_1 : Operation 31 [1/1] (0.57ns)   --->   "%icmp_ln42_16 = icmp_eq  i3 %tmp_8, i3 7" [firmware/nnet_utils/nnet_dense_latency.h:42]   --->   Operation 31 'icmp' 'icmp_ln42_16' <Predicate = true> <Delay = 0.57> <CoreInst = "Cmp">   --->   Core 9 'Cmp' <Latency = 0> <II = 1> <Delay = 0.57> <FuncUnit> <Opcode : 'icmp'> <InPorts = 2> <OutPorts = 1>
ST_1 : Operation 32 [1/1] (0.00ns)   --->   "%tmp_s = partselect i4 @_ssdm_op_PartSelect.i4.i26.i32.i32, i26 %mul_ln73, i32 22, i32 25" [firmware/nnet_utils/nnet_dense_latency.h:42]   --->   Operation 32 'partselect' 'tmp_s' <Predicate = true> <Delay = 0.00>
ST_1 : Operation 33 [1/1] (0.70ns)   --->   "%icmp_ln42_17 = icmp_eq  i4 %tmp_s, i4 15" [firmware/nnet_utils/nnet_dense_latency.h:42]   --->   Operation 33 'icmp' 'icmp_ln42_17' <Predicate = true> <Delay = 0.70> <CoreInst = "Cmp">   --->   Core 9 'Cmp' <Latency = 0> <II = 1> <Delay = 0.70> <FuncUnit> <Opcode : 'icmp'> <InPorts = 2> <OutPorts = 1>
ST_1 : Operation 34 [1/1] (0.70ns)   --->   "%icmp_ln42_18 = icmp_eq  i4 %tmp_s, i4 0" [firmware/nnet_utils/nnet_dense_latency.h:42]   --->   Operation 34 'icmp' 'icmp_ln42_18' <Predicate = true> <Delay = 0.70> <CoreInst = "Cmp">   --->   Core 9 'Cmp' <Latency = 0> <II = 1> <Delay = 0.70> <FuncUnit> <Opcode : 'icmp'> <InPorts = 2> <OutPorts = 1>
ST_1 : Operation 35 [1/1] (0.00ns) (grouped into LUT with out node and_ln42_31)   --->   "%select_ln42 = select i1 %and_ln42_28, i1 %icmp_ln42_17, i1 %icmp_ln42_18" [firmware/nnet_utils/nnet_dense_latency.h:42]   --->   Operation 35 'select' 'select_ln42' <Predicate = true> <Delay = 0.00> <CoreInst = "Sel">   --->   Core 73 'Sel' <Latency = 0> <II = 1> <Delay = 0.27> <FuncUnit> <Opcode : 'select'> <InPorts = 3> <OutPorts = 1>
ST_1 : Operation 36 [1/1] (0.00ns) (grouped into LUT with out node and_ln42_32)   --->   "%tmp_714 = bitselect i1 @_ssdm_op_BitSelect.i1.i26.i32, i26 %mul_ln73, i32 22" [firmware/nnet_utils/nnet_dense_latency.h:42]   --->   Operation 36 'bitselect' 'tmp_714' <Predicate = true> <Delay = 0.00>
ST_1 : Operation 37 [1/1] (0.00ns) (grouped into LUT with out node and_ln42_32)   --->   "%xor_ln42_31 = xor i1 %tmp_714, i1 1" [firmware/nnet_utils/nnet_dense_latency.h:42]   --->   Operation 37 'xor' 'xor_ln42_31' <Predicate = true> <Delay = 0.00> <CoreInst = "LogicGate">   --->   Core 74 'LogicGate' <Latency = 0> <II = 1> <Delay = 0.12> <FuncUnit> <Opcode : 'and' 'or' 'xor'> <InPorts = 2> <OutPorts = 1>
ST_1 : Operation 38 [1/1] (0.00ns) (grouped into LUT with out node and_ln42_32)   --->   "%and_ln42_29 = and i1 %icmp_ln42_16, i1 %xor_ln42_31" [firmware/nnet_utils/nnet_dense_latency.h:42]   --->   Operation 38 'and' 'and_ln42_29' <Predicate = true> <Delay = 0.00> <CoreInst = "LogicGate">   --->   Core 74 'LogicGate' <Latency = 0> <II = 1> <Delay = 0.12> <FuncUnit> <Opcode : 'and' 'or' 'xor'> <InPorts = 2> <OutPorts = 1>
ST_1 : Operation 39 [1/1] (0.00ns) (grouped into LUT with out node and_ln42_32)   --->   "%select_ln42_16 = select i1 %and_ln42_28, i1 %and_ln42_29, i1 %icmp_ln42_17" [firmware/nnet_utils/nnet_dense_latency.h:42]   --->   Operation 39 'select' 'select_ln42_16' <Predicate = true> <Delay = 0.00> <CoreInst = "Sel">   --->   Core 73 'Sel' <Latency = 0> <II = 1> <Delay = 0.27> <FuncUnit> <Opcode : 'select'> <InPorts = 3> <OutPorts = 1>
ST_1 : Operation 40 [1/1] (0.00ns) (grouped into LUT with out node or_ln42_13)   --->   "%and_ln42_30 = and i1 %and_ln42_28, i1 %icmp_ln42_17" [firmware/nnet_utils/nnet_dense_latency.h:42]   --->   Operation 40 'and' 'and_ln42_30' <Predicate = true> <Delay = 0.00> <CoreInst = "LogicGate">   --->   Core 74 'LogicGate' <Latency = 0> <II = 1> <Delay = 0.12> <FuncUnit> <Opcode : 'and' 'or' 'xor'> <InPorts = 2> <OutPorts = 1>
ST_1 : Operation 41 [1/1] (0.00ns) (grouped into LUT with out node and_ln42_31)   --->   "%xor_ln42_16 = xor i1 %select_ln42, i1 1" [firmware/nnet_utils/nnet_dense_latency.h:42]   --->   Operation 41 'xor' 'xor_ln42_16' <Predicate = true> <Delay = 0.00> <CoreInst = "LogicGate">   --->   Core 74 'LogicGate' <Latency = 0> <II = 1> <Delay = 0.12> <FuncUnit> <Opcode : 'and' 'or' 'xor'> <InPorts = 2> <OutPorts = 1>
ST_1 : Operation 42 [1/1] (0.00ns) (grouped into LUT with out node and_ln42_31)   --->   "%or_ln42_12 = or i1 %tmp_713, i1 %xor_ln42_16" [firmware/nnet_utils/nnet_dense_latency.h:42]   --->   Operation 42 'or' 'or_ln42_12' <Predicate = true> <Delay = 0.00> <CoreInst = "LogicGate">   --->   Core 74 'LogicGate' <Latency = 0> <II = 1> <Delay = 0.12> <FuncUnit> <Opcode : 'and' 'or' 'xor'> <InPorts = 2> <OutPorts = 1>
ST_1 : Operation 43 [1/1] (0.00ns) (grouped into LUT with out node and_ln42_31)   --->   "%xor_ln42_17 = xor i1 %tmp, i1 1" [firmware/nnet_utils/nnet_dense_latency.h:42]   --->   Operation 43 'xor' 'xor_ln42_17' <Predicate = true> <Delay = 0.00> <CoreInst = "LogicGate">   --->   Core 74 'LogicGate' <Latency = 0> <II = 1> <Delay = 0.12> <FuncUnit> <Opcode : 'and' 'or' 'xor'> <InPorts = 2> <OutPorts = 1>
ST_1 : Operation 44 [1/1] (0.27ns) (out node of the LUT)   --->   "%and_ln42_31 = and i1 %or_ln42_12, i1 %xor_ln42_17" [firmware/nnet_utils/nnet_dense_latency.h:42]   --->   Operation 44 'and' 'and_ln42_31' <Predicate = true> <Delay = 0.27> <CoreInst = "LogicGate">   --->   Core 74 'LogicGate' <Latency = 0> <II = 1> <Delay = 0.12> <FuncUnit> <Opcode : 'and' 'or' 'xor'> <InPorts = 2> <OutPorts = 1>
ST_1 : Operation 45 [1/1] (0.27ns) (out node of the LUT)   --->   "%and_ln42_32 = and i1 %tmp_713, i1 %select_ln42_16" [firmware/nnet_utils/nnet_dense_latency.h:42]   --->   Operation 45 'and' 'and_ln42_32' <Predicate = true> <Delay = 0.27> <CoreInst = "LogicGate">   --->   Core 74 'LogicGate' <Latency = 0> <II = 1> <Delay = 0.12> <FuncUnit> <Opcode : 'and' 'or' 'xor'> <InPorts = 2> <OutPorts = 1>
ST_1 : Operation 46 [1/1] (0.00ns) (grouped into LUT with out node or_ln42_13)   --->   "%or_ln42_23 = or i1 %and_ln42_30, i1 %and_ln42_32" [firmware/nnet_utils/nnet_dense_latency.h:42]   --->   Operation 46 'or' 'or_ln42_23' <Predicate = true> <Delay = 0.00> <CoreInst = "LogicGate">   --->   Core 74 'LogicGate' <Latency = 0> <II = 1> <Delay = 0.12> <FuncUnit> <Opcode : 'and' 'or' 'xor'> <InPorts = 2> <OutPorts = 1>
ST_1 : Operation 47 [1/1] (0.00ns) (grouped into LUT with out node or_ln42_13)   --->   "%xor_ln42_18 = xor i1 %or_ln42_23, i1 1" [firmware/nnet_utils/nnet_dense_latency.h:42]   --->   Operation 47 'xor' 'xor_ln42_18' <Predicate = true> <Delay = 0.00> <CoreInst = "LogicGate">   --->   Core 74 'LogicGate' <Latency = 0> <II = 1> <Delay = 0.12> <FuncUnit> <Opcode : 'and' 'or' 'xor'> <InPorts = 2> <OutPorts = 1>
ST_1 : Operation 48 [1/1] (0.00ns) (grouped into LUT with out node or_ln42_13)   --->   "%and_ln42_33 = and i1 %tmp, i1 %xor_ln42_18" [firmware/nnet_utils/nnet_dense_latency.h:42]   --->   Operation 48 'and' 'and_ln42_33' <Predicate = true> <Delay = 0.00> <CoreInst = "LogicGate">   --->   Core 74 'LogicGate' <Latency = 0> <II = 1> <Delay = 0.12> <FuncUnit> <Opcode : 'and' 'or' 'xor'> <InPorts = 2> <OutPorts = 1>
ST_1 : Operation 49 [1/1] (0.12ns) (out node of the LUT)   --->   "%or_ln42_13 = or i1 %and_ln42_31, i1 %and_ln42_33" [firmware/nnet_utils/nnet_dense_latency.h:42]   --->   Operation 49 'or' 'or_ln42_13' <Predicate = true> <Delay = 0.12> <CoreInst = "LogicGate">   --->   Core 74 'LogicGate' <Latency = 0> <II = 1> <Delay = 0.12> <FuncUnit> <Opcode : 'and' 'or' 'xor'> <InPorts = 2> <OutPorts = 1>
ST_1 : Operation 50 [1/1] (0.00ns)   --->   "%sext_ln73_7 = sext i13 %weights_1_val_read" [firmware/nnet_utils/nnet_mult.h:73->firmware/nnet_utils/nnet_dense_latency.h:42]   --->   Operation 50 'sext' 'sext_ln73_7' <Predicate = true> <Delay = 0.00>
ST_1 : Operation 51 [1/1] (1.89ns)   --->   "%mul_ln73_4 = mul i26 %sext_ln73, i26 %sext_ln73_7" [firmware/nnet_utils/nnet_mult.h:73->firmware/nnet_utils/nnet_dense_latency.h:42]   --->   Operation 51 'mul' 'mul_ln73_4' <Predicate = true> <Delay = 1.89> <CoreInst = "Multiplier">   --->   Core 3 'Multiplier' <Latency = 0> <II = 1> <Delay = 1.89> <FuncUnit> <Opcode : 'mul'> <InPorts = 2> <OutPorts = 1>
ST_1 : Operation 52 [1/1] (0.00ns)   --->   "%tmp_715 = bitselect i1 @_ssdm_op_BitSelect.i1.i26.i32, i26 %mul_ln73_4, i32 25" [firmware/nnet_utils/nnet_dense_latency.h:42]   --->   Operation 52 'bitselect' 'tmp_715' <Predicate = true> <Delay = 0.00>
ST_1 : Operation 53 [1/1] (0.00ns) (grouped into LUT with out node add_ln42_4)   --->   "%trunc_ln42_4 = partselect i13 @_ssdm_op_PartSelect.i13.i26.i32.i32, i26 %mul_ln73_4, i32 9, i32 21" [firmware/nnet_utils/nnet_dense_latency.h:42]   --->   Operation 53 'partselect' 'trunc_ln42_4' <Predicate = true> <Delay = 0.00>
ST_1 : Operation 54 [1/1] (0.00ns) (grouped into LUT with out node add_ln42_4)   --->   "%tmp_716 = bitselect i1 @_ssdm_op_BitSelect.i1.i26.i32, i26 %mul_ln73_4, i32 9" [firmware/nnet_utils/nnet_dense_latency.h:42]   --->   Operation 54 'bitselect' 'tmp_716' <Predicate = true> <Delay = 0.00>
ST_1 : Operation 55 [1/1] (0.00ns) (grouped into LUT with out node add_ln42_4)   --->   "%tmp_717 = bitselect i1 @_ssdm_op_BitSelect.i1.i26.i32, i26 %mul_ln73_4, i32 8" [firmware/nnet_utils/nnet_dense_latency.h:42]   --->   Operation 55 'bitselect' 'tmp_717' <Predicate = true> <Delay = 0.00>
ST_1 : Operation 56 [1/1] (0.00ns)   --->   "%trunc_ln42_7 = trunc i26 %mul_ln73_4" [firmware/nnet_utils/nnet_dense_latency.h:42]   --->   Operation 56 'trunc' 'trunc_ln42_7' <Predicate = true> <Delay = 0.00>
ST_1 : Operation 57 [1/1] (0.70ns)   --->   "%icmp_ln42_19 = icmp_ne  i8 %trunc_ln42_7, i8 0" [firmware/nnet_utils/nnet_dense_latency.h:42]   --->   Operation 57 'icmp' 'icmp_ln42_19' <Predicate = true> <Delay = 0.70> <CoreInst = "Cmp">   --->   Core 9 'Cmp' <Latency = 0> <II = 1> <Delay = 0.70> <FuncUnit> <Opcode : 'icmp'> <InPorts = 2> <OutPorts = 1>
ST_1 : Operation 58 [1/1] (0.00ns) (grouped into LUT with out node and_ln42_35)   --->   "%tmp_718 = bitselect i1 @_ssdm_op_BitSelect.i1.i26.i32, i26 %mul_ln73_4, i32 21" [firmware/nnet_utils/nnet_dense_latency.h:42]   --->   Operation 58 'bitselect' 'tmp_718' <Predicate = true> <Delay = 0.00>
ST_1 : Operation 59 [1/1] (0.00ns) (grouped into LUT with out node add_ln42_4)   --->   "%or_ln42_14 = or i1 %tmp_716, i1 %icmp_ln42_19" [firmware/nnet_utils/nnet_dense_latency.h:42]   --->   Operation 59 'or' 'or_ln42_14' <Predicate = true> <Delay = 0.00> <CoreInst = "LogicGate">   --->   Core 74 'LogicGate' <Latency = 0> <II = 1> <Delay = 0.12> <FuncUnit> <Opcode : 'and' 'or' 'xor'> <InPorts = 2> <OutPorts = 1>
ST_1 : Operation 60 [1/1] (0.00ns) (grouped into LUT with out node add_ln42_4)   --->   "%and_ln42_34 = and i1 %or_ln42_14, i1 %tmp_717" [firmware/nnet_utils/nnet_dense_latency.h:42]   --->   Operation 60 'and' 'and_ln42_34' <Predicate = true> <Delay = 0.00> <CoreInst = "LogicGate">   --->   Core 74 'LogicGate' <Latency = 0> <II = 1> <Delay = 0.12> <FuncUnit> <Opcode : 'and' 'or' 'xor'> <InPorts = 2> <OutPorts = 1>
ST_1 : Operation 61 [1/1] (0.00ns) (grouped into LUT with out node add_ln42_4)   --->   "%zext_ln42_4 = zext i1 %and_ln42_34" [firmware/nnet_utils/nnet_dense_latency.h:42]   --->   Operation 61 'zext' 'zext_ln42_4' <Predicate = true> <Delay = 0.00>
ST_1 : Operation 62 [1/1] (0.75ns) (out node of the LUT)   --->   "%add_ln42_4 = add i13 %trunc_ln42_4, i13 %zext_ln42_4" [firmware/nnet_utils/nnet_dense_latency.h:42]   --->   Operation 62 'add' 'add_ln42_4' <Predicate = true> <Delay = 0.75> <CoreInst = "Adder">   --->   Core 1 'Adder' <Latency = 0> <II = 1> <Delay = 0.75> <FuncUnit> <Opcode : 'add' 'sub'> <InPorts = 2> <OutPorts = 1>
ST_1 : Operation 63 [1/1] (0.00ns)   --->   "%tmp_719 = bitselect i1 @_ssdm_op_BitSelect.i1.i13.i32, i13 %add_ln42_4, i32 12" [firmware/nnet_utils/nnet_dense_latency.h:42]   --->   Operation 63 'bitselect' 'tmp_719' <Predicate = true> <Delay = 0.00>
ST_1 : Operation 64 [1/1] (0.00ns) (grouped into LUT with out node and_ln42_35)   --->   "%xor_ln42_19 = xor i1 %tmp_719, i1 1" [firmware/nnet_utils/nnet_dense_latency.h:42]   --->   Operation 64 'xor' 'xor_ln42_19' <Predicate = true> <Delay = 0.00> <CoreInst = "LogicGate">   --->   Core 74 'LogicGate' <Latency = 0> <II = 1> <Delay = 0.12> <FuncUnit> <Opcode : 'and' 'or' 'xor'> <InPorts = 2> <OutPorts = 1>
ST_1 : Operation 65 [1/1] (0.12ns) (out node of the LUT)   --->   "%and_ln42_35 = and i1 %tmp_718, i1 %xor_ln42_19" [firmware/nnet_utils/nnet_dense_latency.h:42]   --->   Operation 65 'and' 'and_ln42_35' <Predicate = true> <Delay = 0.12> <CoreInst = "LogicGate">   --->   Core 74 'LogicGate' <Latency = 0> <II = 1> <Delay = 0.12> <FuncUnit> <Opcode : 'and' 'or' 'xor'> <InPorts = 2> <OutPorts = 1>
ST_1 : Operation 66 [1/1] (0.00ns)   --->   "%tmp_259 = partselect i3 @_ssdm_op_PartSelect.i3.i26.i32.i32, i26 %mul_ln73_4, i32 23, i32 25" [firmware/nnet_utils/nnet_dense_latency.h:42]   --->   Operation 66 'partselect' 'tmp_259' <Predicate = true> <Delay = 0.00>
ST_1 : Operation 67 [1/1] (0.57ns)   --->   "%icmp_ln42_20 = icmp_eq  i3 %tmp_259, i3 7" [firmware/nnet_utils/nnet_dense_latency.h:42]   --->   Operation 67 'icmp' 'icmp_ln42_20' <Predicate = true> <Delay = 0.57> <CoreInst = "Cmp">   --->   Core 9 'Cmp' <Latency = 0> <II = 1> <Delay = 0.57> <FuncUnit> <Opcode : 'icmp'> <InPorts = 2> <OutPorts = 1>
ST_1 : Operation 68 [1/1] (0.00ns)   --->   "%tmp_260 = partselect i4 @_ssdm_op_PartSelect.i4.i26.i32.i32, i26 %mul_ln73_4, i32 22, i32 25" [firmware/nnet_utils/nnet_dense_latency.h:42]   --->   Operation 68 'partselect' 'tmp_260' <Predicate = true> <Delay = 0.00>
ST_1 : Operation 69 [1/1] (0.70ns)   --->   "%icmp_ln42_21 = icmp_eq  i4 %tmp_260, i4 15" [firmware/nnet_utils/nnet_dense_latency.h:42]   --->   Operation 69 'icmp' 'icmp_ln42_21' <Predicate = true> <Delay = 0.70> <CoreInst = "Cmp">   --->   Core 9 'Cmp' <Latency = 0> <II = 1> <Delay = 0.70> <FuncUnit> <Opcode : 'icmp'> <InPorts = 2> <OutPorts = 1>
ST_1 : Operation 70 [1/1] (0.70ns)   --->   "%icmp_ln42_22 = icmp_eq  i4 %tmp_260, i4 0" [firmware/nnet_utils/nnet_dense_latency.h:42]   --->   Operation 70 'icmp' 'icmp_ln42_22' <Predicate = true> <Delay = 0.70> <CoreInst = "Cmp">   --->   Core 9 'Cmp' <Latency = 0> <II = 1> <Delay = 0.70> <FuncUnit> <Opcode : 'icmp'> <InPorts = 2> <OutPorts = 1>
ST_1 : Operation 71 [1/1] (0.00ns) (grouped into LUT with out node and_ln42_38)   --->   "%select_ln42_19 = select i1 %and_ln42_35, i1 %icmp_ln42_21, i1 %icmp_ln42_22" [firmware/nnet_utils/nnet_dense_latency.h:42]   --->   Operation 71 'select' 'select_ln42_19' <Predicate = true> <Delay = 0.00> <CoreInst = "Sel">   --->   Core 73 'Sel' <Latency = 0> <II = 1> <Delay = 0.27> <FuncUnit> <Opcode : 'select'> <InPorts = 3> <OutPorts = 1>
ST_1 : Operation 72 [1/1] (0.00ns) (grouped into LUT with out node and_ln42_39)   --->   "%tmp_720 = bitselect i1 @_ssdm_op_BitSelect.i1.i26.i32, i26 %mul_ln73_4, i32 22" [firmware/nnet_utils/nnet_dense_latency.h:42]   --->   Operation 72 'bitselect' 'tmp_720' <Predicate = true> <Delay = 0.00>
ST_1 : Operation 73 [1/1] (0.00ns) (grouped into LUT with out node and_ln42_39)   --->   "%xor_ln42_32 = xor i1 %tmp_720, i1 1" [firmware/nnet_utils/nnet_dense_latency.h:42]   --->   Operation 73 'xor' 'xor_ln42_32' <Predicate = true> <Delay = 0.00> <CoreInst = "LogicGate">   --->   Core 74 'LogicGate' <Latency = 0> <II = 1> <Delay = 0.12> <FuncUnit> <Opcode : 'and' 'or' 'xor'> <InPorts = 2> <OutPorts = 1>
ST_1 : Operation 74 [1/1] (0.00ns) (grouped into LUT with out node and_ln42_39)   --->   "%and_ln42_36 = and i1 %icmp_ln42_20, i1 %xor_ln42_32" [firmware/nnet_utils/nnet_dense_latency.h:42]   --->   Operation 74 'and' 'and_ln42_36' <Predicate = true> <Delay = 0.00> <CoreInst = "LogicGate">   --->   Core 74 'LogicGate' <Latency = 0> <II = 1> <Delay = 0.12> <FuncUnit> <Opcode : 'and' 'or' 'xor'> <InPorts = 2> <OutPorts = 1>
ST_1 : Operation 75 [1/1] (0.00ns) (grouped into LUT with out node and_ln42_39)   --->   "%select_ln42_20 = select i1 %and_ln42_35, i1 %and_ln42_36, i1 %icmp_ln42_21" [firmware/nnet_utils/nnet_dense_latency.h:42]   --->   Operation 75 'select' 'select_ln42_20' <Predicate = true> <Delay = 0.00> <CoreInst = "Sel">   --->   Core 73 'Sel' <Latency = 0> <II = 1> <Delay = 0.27> <FuncUnit> <Opcode : 'select'> <InPorts = 3> <OutPorts = 1>
ST_1 : Operation 76 [1/1] (0.00ns) (grouped into LUT with out node or_ln42_16)   --->   "%and_ln42_37 = and i1 %and_ln42_35, i1 %icmp_ln42_21" [firmware/nnet_utils/nnet_dense_latency.h:42]   --->   Operation 76 'and' 'and_ln42_37' <Predicate = true> <Delay = 0.00> <CoreInst = "LogicGate">   --->   Core 74 'LogicGate' <Latency = 0> <II = 1> <Delay = 0.12> <FuncUnit> <Opcode : 'and' 'or' 'xor'> <InPorts = 2> <OutPorts = 1>
ST_1 : Operation 77 [1/1] (0.00ns) (grouped into LUT with out node and_ln42_38)   --->   "%xor_ln42_20 = xor i1 %select_ln42_19, i1 1" [firmware/nnet_utils/nnet_dense_latency.h:42]   --->   Operation 77 'xor' 'xor_ln42_20' <Predicate = true> <Delay = 0.00> <CoreInst = "LogicGate">   --->   Core 74 'LogicGate' <Latency = 0> <II = 1> <Delay = 0.12> <FuncUnit> <Opcode : 'and' 'or' 'xor'> <InPorts = 2> <OutPorts = 1>
ST_1 : Operation 78 [1/1] (0.00ns) (grouped into LUT with out node and_ln42_38)   --->   "%or_ln42_15 = or i1 %tmp_719, i1 %xor_ln42_20" [firmware/nnet_utils/nnet_dense_latency.h:42]   --->   Operation 78 'or' 'or_ln42_15' <Predicate = true> <Delay = 0.00> <CoreInst = "LogicGate">   --->   Core 74 'LogicGate' <Latency = 0> <II = 1> <Delay = 0.12> <FuncUnit> <Opcode : 'and' 'or' 'xor'> <InPorts = 2> <OutPorts = 1>
ST_1 : Operation 79 [1/1] (0.00ns) (grouped into LUT with out node and_ln42_38)   --->   "%xor_ln42_21 = xor i1 %tmp_715, i1 1" [firmware/nnet_utils/nnet_dense_latency.h:42]   --->   Operation 79 'xor' 'xor_ln42_21' <Predicate = true> <Delay = 0.00> <CoreInst = "LogicGate">   --->   Core 74 'LogicGate' <Latency = 0> <II = 1> <Delay = 0.12> <FuncUnit> <Opcode : 'and' 'or' 'xor'> <InPorts = 2> <OutPorts = 1>
ST_1 : Operation 80 [1/1] (0.27ns) (out node of the LUT)   --->   "%and_ln42_38 = and i1 %or_ln42_15, i1 %xor_ln42_21" [firmware/nnet_utils/nnet_dense_latency.h:42]   --->   Operation 80 'and' 'and_ln42_38' <Predicate = true> <Delay = 0.27> <CoreInst = "LogicGate">   --->   Core 74 'LogicGate' <Latency = 0> <II = 1> <Delay = 0.12> <FuncUnit> <Opcode : 'and' 'or' 'xor'> <InPorts = 2> <OutPorts = 1>
ST_1 : Operation 81 [1/1] (0.27ns) (out node of the LUT)   --->   "%and_ln42_39 = and i1 %tmp_719, i1 %select_ln42_20" [firmware/nnet_utils/nnet_dense_latency.h:42]   --->   Operation 81 'and' 'and_ln42_39' <Predicate = true> <Delay = 0.27> <CoreInst = "LogicGate">   --->   Core 74 'LogicGate' <Latency = 0> <II = 1> <Delay = 0.12> <FuncUnit> <Opcode : 'and' 'or' 'xor'> <InPorts = 2> <OutPorts = 1>
ST_1 : Operation 82 [1/1] (0.00ns) (grouped into LUT with out node or_ln42_16)   --->   "%or_ln42_24 = or i1 %and_ln42_37, i1 %and_ln42_39" [firmware/nnet_utils/nnet_dense_latency.h:42]   --->   Operation 82 'or' 'or_ln42_24' <Predicate = true> <Delay = 0.00> <CoreInst = "LogicGate">   --->   Core 74 'LogicGate' <Latency = 0> <II = 1> <Delay = 0.12> <FuncUnit> <Opcode : 'and' 'or' 'xor'> <InPorts = 2> <OutPorts = 1>
ST_1 : Operation 83 [1/1] (0.00ns) (grouped into LUT with out node or_ln42_16)   --->   "%xor_ln42_22 = xor i1 %or_ln42_24, i1 1" [firmware/nnet_utils/nnet_dense_latency.h:42]   --->   Operation 83 'xor' 'xor_ln42_22' <Predicate = true> <Delay = 0.00> <CoreInst = "LogicGate">   --->   Core 74 'LogicGate' <Latency = 0> <II = 1> <Delay = 0.12> <FuncUnit> <Opcode : 'and' 'or' 'xor'> <InPorts = 2> <OutPorts = 1>
ST_1 : Operation 84 [1/1] (0.00ns) (grouped into LUT with out node or_ln42_16)   --->   "%and_ln42_40 = and i1 %tmp_715, i1 %xor_ln42_22" [firmware/nnet_utils/nnet_dense_latency.h:42]   --->   Operation 84 'and' 'and_ln42_40' <Predicate = true> <Delay = 0.00> <CoreInst = "LogicGate">   --->   Core 74 'LogicGate' <Latency = 0> <II = 1> <Delay = 0.12> <FuncUnit> <Opcode : 'and' 'or' 'xor'> <InPorts = 2> <OutPorts = 1>
ST_1 : Operation 85 [1/1] (0.12ns) (out node of the LUT)   --->   "%or_ln42_16 = or i1 %and_ln42_38, i1 %and_ln42_40" [firmware/nnet_utils/nnet_dense_latency.h:42]   --->   Operation 85 'or' 'or_ln42_16' <Predicate = true> <Delay = 0.12> <CoreInst = "LogicGate">   --->   Core 74 'LogicGate' <Latency = 0> <II = 1> <Delay = 0.12> <FuncUnit> <Opcode : 'and' 'or' 'xor'> <InPorts = 2> <OutPorts = 1>
ST_1 : Operation 86 [1/1] (0.41ns)   --->   "%a_2 = sparsemux i13 @_ssdm_op_SparseMux.ap_auto.3i13.i13.i2, i2 0, i13 %data_1_val_read, i2 1, i13 %data_2_val_read, i2 2, i13 %data_3_val_read, i13 0, i2 %idx_read"   --->   Operation 86 'sparsemux' 'a_2' <Predicate = true> <Delay = 0.41> <CoreInst = "SparseMux">   --->   Core 147 'SparseMux' <Latency = 0> <II = 1> <Delay = 0.41> <FuncUnit> <Opcode : 'sparsemux'> <InPorts = 2> <OutPorts = 1>
ST_1 : Operation 87 [1/1] (0.00ns)   --->   "%sext_ln73_8 = sext i13 %a_2" [firmware/nnet_utils/nnet_mult.h:73->firmware/nnet_utils/nnet_dense_latency.h:42]   --->   Operation 87 'sext' 'sext_ln73_8' <Predicate = true> <Delay = 0.00>
ST_1 : Operation 88 [1/1] (0.00ns)   --->   "%sext_ln73_9 = sext i13 %weights_2_val_read" [firmware/nnet_utils/nnet_mult.h:73->firmware/nnet_utils/nnet_dense_latency.h:42]   --->   Operation 88 'sext' 'sext_ln73_9' <Predicate = true> <Delay = 0.00>
ST_1 : Operation 89 [1/1] (1.89ns)   --->   "%mul_ln73_5 = mul i26 %sext_ln73_8, i26 %sext_ln73_9" [firmware/nnet_utils/nnet_mult.h:73->firmware/nnet_utils/nnet_dense_latency.h:42]   --->   Operation 89 'mul' 'mul_ln73_5' <Predicate = true> <Delay = 1.89> <CoreInst = "Multiplier">   --->   Core 3 'Multiplier' <Latency = 0> <II = 1> <Delay = 1.89> <FuncUnit> <Opcode : 'mul'> <InPorts = 2> <OutPorts = 1>
ST_1 : Operation 90 [1/1] (0.00ns)   --->   "%tmp_721 = bitselect i1 @_ssdm_op_BitSelect.i1.i26.i32, i26 %mul_ln73_5, i32 25" [firmware/nnet_utils/nnet_dense_latency.h:42]   --->   Operation 90 'bitselect' 'tmp_721' <Predicate = true> <Delay = 0.00>
ST_1 : Operation 91 [1/1] (0.00ns) (grouped into LUT with out node add_ln42_5)   --->   "%trunc_ln42_5 = partselect i13 @_ssdm_op_PartSelect.i13.i26.i32.i32, i26 %mul_ln73_5, i32 9, i32 21" [firmware/nnet_utils/nnet_dense_latency.h:42]   --->   Operation 91 'partselect' 'trunc_ln42_5' <Predicate = true> <Delay = 0.00>
ST_1 : Operation 92 [1/1] (0.00ns) (grouped into LUT with out node add_ln42_5)   --->   "%tmp_722 = bitselect i1 @_ssdm_op_BitSelect.i1.i26.i32, i26 %mul_ln73_5, i32 9" [firmware/nnet_utils/nnet_dense_latency.h:42]   --->   Operation 92 'bitselect' 'tmp_722' <Predicate = true> <Delay = 0.00>
ST_1 : Operation 93 [1/1] (0.00ns) (grouped into LUT with out node add_ln42_5)   --->   "%tmp_723 = bitselect i1 @_ssdm_op_BitSelect.i1.i26.i32, i26 %mul_ln73_5, i32 8" [firmware/nnet_utils/nnet_dense_latency.h:42]   --->   Operation 93 'bitselect' 'tmp_723' <Predicate = true> <Delay = 0.00>
ST_1 : Operation 94 [1/1] (0.00ns)   --->   "%trunc_ln42_8 = trunc i26 %mul_ln73_5" [firmware/nnet_utils/nnet_dense_latency.h:42]   --->   Operation 94 'trunc' 'trunc_ln42_8' <Predicate = true> <Delay = 0.00>
ST_1 : Operation 95 [1/1] (0.70ns)   --->   "%icmp_ln42_23 = icmp_ne  i8 %trunc_ln42_8, i8 0" [firmware/nnet_utils/nnet_dense_latency.h:42]   --->   Operation 95 'icmp' 'icmp_ln42_23' <Predicate = true> <Delay = 0.70> <CoreInst = "Cmp">   --->   Core 9 'Cmp' <Latency = 0> <II = 1> <Delay = 0.70> <FuncUnit> <Opcode : 'icmp'> <InPorts = 2> <OutPorts = 1>
ST_1 : Operation 96 [1/1] (0.00ns) (grouped into LUT with out node and_ln42_42)   --->   "%tmp_724 = bitselect i1 @_ssdm_op_BitSelect.i1.i26.i32, i26 %mul_ln73_5, i32 21" [firmware/nnet_utils/nnet_dense_latency.h:42]   --->   Operation 96 'bitselect' 'tmp_724' <Predicate = true> <Delay = 0.00>
ST_1 : Operation 97 [1/1] (0.00ns) (grouped into LUT with out node add_ln42_5)   --->   "%or_ln42_17 = or i1 %tmp_722, i1 %icmp_ln42_23" [firmware/nnet_utils/nnet_dense_latency.h:42]   --->   Operation 97 'or' 'or_ln42_17' <Predicate = true> <Delay = 0.00> <CoreInst = "LogicGate">   --->   Core 74 'LogicGate' <Latency = 0> <II = 1> <Delay = 0.12> <FuncUnit> <Opcode : 'and' 'or' 'xor'> <InPorts = 2> <OutPorts = 1>
ST_1 : Operation 98 [1/1] (0.00ns) (grouped into LUT with out node add_ln42_5)   --->   "%and_ln42_41 = and i1 %or_ln42_17, i1 %tmp_723" [firmware/nnet_utils/nnet_dense_latency.h:42]   --->   Operation 98 'and' 'and_ln42_41' <Predicate = true> <Delay = 0.00> <CoreInst = "LogicGate">   --->   Core 74 'LogicGate' <Latency = 0> <II = 1> <Delay = 0.12> <FuncUnit> <Opcode : 'and' 'or' 'xor'> <InPorts = 2> <OutPorts = 1>
ST_1 : Operation 99 [1/1] (0.00ns) (grouped into LUT with out node add_ln42_5)   --->   "%zext_ln42_5 = zext i1 %and_ln42_41" [firmware/nnet_utils/nnet_dense_latency.h:42]   --->   Operation 99 'zext' 'zext_ln42_5' <Predicate = true> <Delay = 0.00>
ST_1 : Operation 100 [1/1] (0.75ns) (out node of the LUT)   --->   "%add_ln42_5 = add i13 %trunc_ln42_5, i13 %zext_ln42_5" [firmware/nnet_utils/nnet_dense_latency.h:42]   --->   Operation 100 'add' 'add_ln42_5' <Predicate = true> <Delay = 0.75> <CoreInst = "Adder">   --->   Core 1 'Adder' <Latency = 0> <II = 1> <Delay = 0.75> <FuncUnit> <Opcode : 'add' 'sub'> <InPorts = 2> <OutPorts = 1>
ST_1 : Operation 101 [1/1] (0.00ns)   --->   "%tmp_725 = bitselect i1 @_ssdm_op_BitSelect.i1.i13.i32, i13 %add_ln42_5, i32 12" [firmware/nnet_utils/nnet_dense_latency.h:42]   --->   Operation 101 'bitselect' 'tmp_725' <Predicate = true> <Delay = 0.00>
ST_1 : Operation 102 [1/1] (0.00ns) (grouped into LUT with out node and_ln42_42)   --->   "%xor_ln42_23 = xor i1 %tmp_725, i1 1" [firmware/nnet_utils/nnet_dense_latency.h:42]   --->   Operation 102 'xor' 'xor_ln42_23' <Predicate = true> <Delay = 0.00> <CoreInst = "LogicGate">   --->   Core 74 'LogicGate' <Latency = 0> <II = 1> <Delay = 0.12> <FuncUnit> <Opcode : 'and' 'or' 'xor'> <InPorts = 2> <OutPorts = 1>
ST_1 : Operation 103 [1/1] (0.12ns) (out node of the LUT)   --->   "%and_ln42_42 = and i1 %tmp_724, i1 %xor_ln42_23" [firmware/nnet_utils/nnet_dense_latency.h:42]   --->   Operation 103 'and' 'and_ln42_42' <Predicate = true> <Delay = 0.12> <CoreInst = "LogicGate">   --->   Core 74 'LogicGate' <Latency = 0> <II = 1> <Delay = 0.12> <FuncUnit> <Opcode : 'and' 'or' 'xor'> <InPorts = 2> <OutPorts = 1>
ST_1 : Operation 104 [1/1] (0.00ns)   --->   "%tmp_261 = partselect i3 @_ssdm_op_PartSelect.i3.i26.i32.i32, i26 %mul_ln73_5, i32 23, i32 25" [firmware/nnet_utils/nnet_dense_latency.h:42]   --->   Operation 104 'partselect' 'tmp_261' <Predicate = true> <Delay = 0.00>
ST_1 : Operation 105 [1/1] (0.57ns)   --->   "%icmp_ln42_24 = icmp_eq  i3 %tmp_261, i3 7" [firmware/nnet_utils/nnet_dense_latency.h:42]   --->   Operation 105 'icmp' 'icmp_ln42_24' <Predicate = true> <Delay = 0.57> <CoreInst = "Cmp">   --->   Core 9 'Cmp' <Latency = 0> <II = 1> <Delay = 0.57> <FuncUnit> <Opcode : 'icmp'> <InPorts = 2> <OutPorts = 1>
ST_1 : Operation 106 [1/1] (0.00ns)   --->   "%tmp_262 = partselect i4 @_ssdm_op_PartSelect.i4.i26.i32.i32, i26 %mul_ln73_5, i32 22, i32 25" [firmware/nnet_utils/nnet_dense_latency.h:42]   --->   Operation 106 'partselect' 'tmp_262' <Predicate = true> <Delay = 0.00>
ST_1 : Operation 107 [1/1] (0.70ns)   --->   "%icmp_ln42_25 = icmp_eq  i4 %tmp_262, i4 15" [firmware/nnet_utils/nnet_dense_latency.h:42]   --->   Operation 107 'icmp' 'icmp_ln42_25' <Predicate = true> <Delay = 0.70> <CoreInst = "Cmp">   --->   Core 9 'Cmp' <Latency = 0> <II = 1> <Delay = 0.70> <FuncUnit> <Opcode : 'icmp'> <InPorts = 2> <OutPorts = 1>
ST_1 : Operation 108 [1/1] (0.70ns)   --->   "%icmp_ln42_26 = icmp_eq  i4 %tmp_262, i4 0" [firmware/nnet_utils/nnet_dense_latency.h:42]   --->   Operation 108 'icmp' 'icmp_ln42_26' <Predicate = true> <Delay = 0.70> <CoreInst = "Cmp">   --->   Core 9 'Cmp' <Latency = 0> <II = 1> <Delay = 0.70> <FuncUnit> <Opcode : 'icmp'> <InPorts = 2> <OutPorts = 1>
ST_1 : Operation 109 [1/1] (0.00ns) (grouped into LUT with out node and_ln42_45)   --->   "%select_ln42_23 = select i1 %and_ln42_42, i1 %icmp_ln42_25, i1 %icmp_ln42_26" [firmware/nnet_utils/nnet_dense_latency.h:42]   --->   Operation 109 'select' 'select_ln42_23' <Predicate = true> <Delay = 0.00> <CoreInst = "Sel">   --->   Core 73 'Sel' <Latency = 0> <II = 1> <Delay = 0.27> <FuncUnit> <Opcode : 'select'> <InPorts = 3> <OutPorts = 1>
ST_1 : Operation 110 [1/1] (0.00ns) (grouped into LUT with out node and_ln42_46)   --->   "%tmp_726 = bitselect i1 @_ssdm_op_BitSelect.i1.i26.i32, i26 %mul_ln73_5, i32 22" [firmware/nnet_utils/nnet_dense_latency.h:42]   --->   Operation 110 'bitselect' 'tmp_726' <Predicate = true> <Delay = 0.00>
ST_1 : Operation 111 [1/1] (0.00ns) (grouped into LUT with out node and_ln42_46)   --->   "%xor_ln42_33 = xor i1 %tmp_726, i1 1" [firmware/nnet_utils/nnet_dense_latency.h:42]   --->   Operation 111 'xor' 'xor_ln42_33' <Predicate = true> <Delay = 0.00> <CoreInst = "LogicGate">   --->   Core 74 'LogicGate' <Latency = 0> <II = 1> <Delay = 0.12> <FuncUnit> <Opcode : 'and' 'or' 'xor'> <InPorts = 2> <OutPorts = 1>
ST_1 : Operation 112 [1/1] (0.00ns) (grouped into LUT with out node and_ln42_46)   --->   "%and_ln42_43 = and i1 %icmp_ln42_24, i1 %xor_ln42_33" [firmware/nnet_utils/nnet_dense_latency.h:42]   --->   Operation 112 'and' 'and_ln42_43' <Predicate = true> <Delay = 0.00> <CoreInst = "LogicGate">   --->   Core 74 'LogicGate' <Latency = 0> <II = 1> <Delay = 0.12> <FuncUnit> <Opcode : 'and' 'or' 'xor'> <InPorts = 2> <OutPorts = 1>
ST_1 : Operation 113 [1/1] (0.00ns) (grouped into LUT with out node and_ln42_46)   --->   "%select_ln42_24 = select i1 %and_ln42_42, i1 %and_ln42_43, i1 %icmp_ln42_25" [firmware/nnet_utils/nnet_dense_latency.h:42]   --->   Operation 113 'select' 'select_ln42_24' <Predicate = true> <Delay = 0.00> <CoreInst = "Sel">   --->   Core 73 'Sel' <Latency = 0> <II = 1> <Delay = 0.27> <FuncUnit> <Opcode : 'select'> <InPorts = 3> <OutPorts = 1>
ST_1 : Operation 114 [1/1] (0.00ns) (grouped into LUT with out node or_ln42_19)   --->   "%and_ln42_44 = and i1 %and_ln42_42, i1 %icmp_ln42_25" [firmware/nnet_utils/nnet_dense_latency.h:42]   --->   Operation 114 'and' 'and_ln42_44' <Predicate = true> <Delay = 0.00> <CoreInst = "LogicGate">   --->   Core 74 'LogicGate' <Latency = 0> <II = 1> <Delay = 0.12> <FuncUnit> <Opcode : 'and' 'or' 'xor'> <InPorts = 2> <OutPorts = 1>
ST_1 : Operation 115 [1/1] (0.00ns) (grouped into LUT with out node and_ln42_45)   --->   "%xor_ln42_24 = xor i1 %select_ln42_23, i1 1" [firmware/nnet_utils/nnet_dense_latency.h:42]   --->   Operation 115 'xor' 'xor_ln42_24' <Predicate = true> <Delay = 0.00> <CoreInst = "LogicGate">   --->   Core 74 'LogicGate' <Latency = 0> <II = 1> <Delay = 0.12> <FuncUnit> <Opcode : 'and' 'or' 'xor'> <InPorts = 2> <OutPorts = 1>
ST_1 : Operation 116 [1/1] (0.00ns) (grouped into LUT with out node and_ln42_45)   --->   "%or_ln42_18 = or i1 %tmp_725, i1 %xor_ln42_24" [firmware/nnet_utils/nnet_dense_latency.h:42]   --->   Operation 116 'or' 'or_ln42_18' <Predicate = true> <Delay = 0.00> <CoreInst = "LogicGate">   --->   Core 74 'LogicGate' <Latency = 0> <II = 1> <Delay = 0.12> <FuncUnit> <Opcode : 'and' 'or' 'xor'> <InPorts = 2> <OutPorts = 1>
ST_1 : Operation 117 [1/1] (0.00ns) (grouped into LUT with out node and_ln42_45)   --->   "%xor_ln42_25 = xor i1 %tmp_721, i1 1" [firmware/nnet_utils/nnet_dense_latency.h:42]   --->   Operation 117 'xor' 'xor_ln42_25' <Predicate = true> <Delay = 0.00> <CoreInst = "LogicGate">   --->   Core 74 'LogicGate' <Latency = 0> <II = 1> <Delay = 0.12> <FuncUnit> <Opcode : 'and' 'or' 'xor'> <InPorts = 2> <OutPorts = 1>
ST_1 : Operation 118 [1/1] (0.27ns) (out node of the LUT)   --->   "%and_ln42_45 = and i1 %or_ln42_18, i1 %xor_ln42_25" [firmware/nnet_utils/nnet_dense_latency.h:42]   --->   Operation 118 'and' 'and_ln42_45' <Predicate = true> <Delay = 0.27> <CoreInst = "LogicGate">   --->   Core 74 'LogicGate' <Latency = 0> <II = 1> <Delay = 0.12> <FuncUnit> <Opcode : 'and' 'or' 'xor'> <InPorts = 2> <OutPorts = 1>
ST_1 : Operation 119 [1/1] (0.27ns) (out node of the LUT)   --->   "%and_ln42_46 = and i1 %tmp_725, i1 %select_ln42_24" [firmware/nnet_utils/nnet_dense_latency.h:42]   --->   Operation 119 'and' 'and_ln42_46' <Predicate = true> <Delay = 0.27> <CoreInst = "LogicGate">   --->   Core 74 'LogicGate' <Latency = 0> <II = 1> <Delay = 0.12> <FuncUnit> <Opcode : 'and' 'or' 'xor'> <InPorts = 2> <OutPorts = 1>
ST_1 : Operation 120 [1/1] (0.00ns) (grouped into LUT with out node or_ln42_19)   --->   "%or_ln42_25 = or i1 %and_ln42_44, i1 %and_ln42_46" [firmware/nnet_utils/nnet_dense_latency.h:42]   --->   Operation 120 'or' 'or_ln42_25' <Predicate = true> <Delay = 0.00> <CoreInst = "LogicGate">   --->   Core 74 'LogicGate' <Latency = 0> <II = 1> <Delay = 0.12> <FuncUnit> <Opcode : 'and' 'or' 'xor'> <InPorts = 2> <OutPorts = 1>
ST_1 : Operation 121 [1/1] (0.00ns) (grouped into LUT with out node or_ln42_19)   --->   "%xor_ln42_26 = xor i1 %or_ln42_25, i1 1" [firmware/nnet_utils/nnet_dense_latency.h:42]   --->   Operation 121 'xor' 'xor_ln42_26' <Predicate = true> <Delay = 0.00> <CoreInst = "LogicGate">   --->   Core 74 'LogicGate' <Latency = 0> <II = 1> <Delay = 0.12> <FuncUnit> <Opcode : 'and' 'or' 'xor'> <InPorts = 2> <OutPorts = 1>
ST_1 : Operation 122 [1/1] (0.00ns) (grouped into LUT with out node or_ln42_19)   --->   "%and_ln42_47 = and i1 %tmp_721, i1 %xor_ln42_26" [firmware/nnet_utils/nnet_dense_latency.h:42]   --->   Operation 122 'and' 'and_ln42_47' <Predicate = true> <Delay = 0.00> <CoreInst = "LogicGate">   --->   Core 74 'LogicGate' <Latency = 0> <II = 1> <Delay = 0.12> <FuncUnit> <Opcode : 'and' 'or' 'xor'> <InPorts = 2> <OutPorts = 1>
ST_1 : Operation 123 [1/1] (0.12ns) (out node of the LUT)   --->   "%or_ln42_19 = or i1 %and_ln42_45, i1 %and_ln42_47" [firmware/nnet_utils/nnet_dense_latency.h:42]   --->   Operation 123 'or' 'or_ln42_19' <Predicate = true> <Delay = 0.12> <CoreInst = "LogicGate">   --->   Core 74 'LogicGate' <Latency = 0> <II = 1> <Delay = 0.12> <FuncUnit> <Opcode : 'and' 'or' 'xor'> <InPorts = 2> <OutPorts = 1>
ST_1 : Operation 124 [1/1] (0.00ns)   --->   "%sext_ln73_10 = sext i13 %weights_3_val_read" [firmware/nnet_utils/nnet_mult.h:73->firmware/nnet_utils/nnet_dense_latency.h:42]   --->   Operation 124 'sext' 'sext_ln73_10' <Predicate = true> <Delay = 0.00>
ST_1 : Operation 125 [1/1] (1.89ns)   --->   "%mul_ln73_6 = mul i26 %sext_ln73_8, i26 %sext_ln73_10" [firmware/nnet_utils/nnet_mult.h:73->firmware/nnet_utils/nnet_dense_latency.h:42]   --->   Operation 125 'mul' 'mul_ln73_6' <Predicate = true> <Delay = 1.89> <CoreInst = "Multiplier">   --->   Core 3 'Multiplier' <Latency = 0> <II = 1> <Delay = 1.89> <FuncUnit> <Opcode : 'mul'> <InPorts = 2> <OutPorts = 1>
ST_1 : Operation 126 [1/1] (0.00ns)   --->   "%tmp_727 = bitselect i1 @_ssdm_op_BitSelect.i1.i26.i32, i26 %mul_ln73_6, i32 25" [firmware/nnet_utils/nnet_dense_latency.h:42]   --->   Operation 126 'bitselect' 'tmp_727' <Predicate = true> <Delay = 0.00>
ST_1 : Operation 127 [1/1] (0.00ns) (grouped into LUT with out node add_ln42_6)   --->   "%trunc_ln42_6 = partselect i13 @_ssdm_op_PartSelect.i13.i26.i32.i32, i26 %mul_ln73_6, i32 9, i32 21" [firmware/nnet_utils/nnet_dense_latency.h:42]   --->   Operation 127 'partselect' 'trunc_ln42_6' <Predicate = true> <Delay = 0.00>
ST_1 : Operation 128 [1/1] (0.00ns) (grouped into LUT with out node add_ln42_6)   --->   "%tmp_728 = bitselect i1 @_ssdm_op_BitSelect.i1.i26.i32, i26 %mul_ln73_6, i32 9" [firmware/nnet_utils/nnet_dense_latency.h:42]   --->   Operation 128 'bitselect' 'tmp_728' <Predicate = true> <Delay = 0.00>
ST_1 : Operation 129 [1/1] (0.00ns) (grouped into LUT with out node add_ln42_6)   --->   "%tmp_729 = bitselect i1 @_ssdm_op_BitSelect.i1.i26.i32, i26 %mul_ln73_6, i32 8" [firmware/nnet_utils/nnet_dense_latency.h:42]   --->   Operation 129 'bitselect' 'tmp_729' <Predicate = true> <Delay = 0.00>
ST_1 : Operation 130 [1/1] (0.00ns)   --->   "%trunc_ln42_9 = trunc i26 %mul_ln73_6" [firmware/nnet_utils/nnet_dense_latency.h:42]   --->   Operation 130 'trunc' 'trunc_ln42_9' <Predicate = true> <Delay = 0.00>
ST_1 : Operation 131 [1/1] (0.70ns)   --->   "%icmp_ln42_27 = icmp_ne  i8 %trunc_ln42_9, i8 0" [firmware/nnet_utils/nnet_dense_latency.h:42]   --->   Operation 131 'icmp' 'icmp_ln42_27' <Predicate = true> <Delay = 0.70> <CoreInst = "Cmp">   --->   Core 9 'Cmp' <Latency = 0> <II = 1> <Delay = 0.70> <FuncUnit> <Opcode : 'icmp'> <InPorts = 2> <OutPorts = 1>
ST_1 : Operation 132 [1/1] (0.00ns) (grouped into LUT with out node and_ln42_49)   --->   "%tmp_730 = bitselect i1 @_ssdm_op_BitSelect.i1.i26.i32, i26 %mul_ln73_6, i32 21" [firmware/nnet_utils/nnet_dense_latency.h:42]   --->   Operation 132 'bitselect' 'tmp_730' <Predicate = true> <Delay = 0.00>
ST_1 : Operation 133 [1/1] (0.00ns) (grouped into LUT with out node add_ln42_6)   --->   "%or_ln42_20 = or i1 %tmp_728, i1 %icmp_ln42_27" [firmware/nnet_utils/nnet_dense_latency.h:42]   --->   Operation 133 'or' 'or_ln42_20' <Predicate = true> <Delay = 0.00> <CoreInst = "LogicGate">   --->   Core 74 'LogicGate' <Latency = 0> <II = 1> <Delay = 0.12> <FuncUnit> <Opcode : 'and' 'or' 'xor'> <InPorts = 2> <OutPorts = 1>
ST_1 : Operation 134 [1/1] (0.00ns) (grouped into LUT with out node add_ln42_6)   --->   "%and_ln42_48 = and i1 %or_ln42_20, i1 %tmp_729" [firmware/nnet_utils/nnet_dense_latency.h:42]   --->   Operation 134 'and' 'and_ln42_48' <Predicate = true> <Delay = 0.00> <CoreInst = "LogicGate">   --->   Core 74 'LogicGate' <Latency = 0> <II = 1> <Delay = 0.12> <FuncUnit> <Opcode : 'and' 'or' 'xor'> <InPorts = 2> <OutPorts = 1>
ST_1 : Operation 135 [1/1] (0.00ns) (grouped into LUT with out node add_ln42_6)   --->   "%zext_ln42_6 = zext i1 %and_ln42_48" [firmware/nnet_utils/nnet_dense_latency.h:42]   --->   Operation 135 'zext' 'zext_ln42_6' <Predicate = true> <Delay = 0.00>
ST_1 : Operation 136 [1/1] (0.75ns) (out node of the LUT)   --->   "%add_ln42_6 = add i13 %trunc_ln42_6, i13 %zext_ln42_6" [firmware/nnet_utils/nnet_dense_latency.h:42]   --->   Operation 136 'add' 'add_ln42_6' <Predicate = true> <Delay = 0.75> <CoreInst = "Adder">   --->   Core 1 'Adder' <Latency = 0> <II = 1> <Delay = 0.75> <FuncUnit> <Opcode : 'add' 'sub'> <InPorts = 2> <OutPorts = 1>
ST_1 : Operation 137 [1/1] (0.00ns)   --->   "%tmp_731 = bitselect i1 @_ssdm_op_BitSelect.i1.i13.i32, i13 %add_ln42_6, i32 12" [firmware/nnet_utils/nnet_dense_latency.h:42]   --->   Operation 137 'bitselect' 'tmp_731' <Predicate = true> <Delay = 0.00>
ST_1 : Operation 138 [1/1] (0.00ns) (grouped into LUT with out node and_ln42_49)   --->   "%xor_ln42_27 = xor i1 %tmp_731, i1 1" [firmware/nnet_utils/nnet_dense_latency.h:42]   --->   Operation 138 'xor' 'xor_ln42_27' <Predicate = true> <Delay = 0.00> <CoreInst = "LogicGate">   --->   Core 74 'LogicGate' <Latency = 0> <II = 1> <Delay = 0.12> <FuncUnit> <Opcode : 'and' 'or' 'xor'> <InPorts = 2> <OutPorts = 1>
ST_1 : Operation 139 [1/1] (0.12ns) (out node of the LUT)   --->   "%and_ln42_49 = and i1 %tmp_730, i1 %xor_ln42_27" [firmware/nnet_utils/nnet_dense_latency.h:42]   --->   Operation 139 'and' 'and_ln42_49' <Predicate = true> <Delay = 0.12> <CoreInst = "LogicGate">   --->   Core 74 'LogicGate' <Latency = 0> <II = 1> <Delay = 0.12> <FuncUnit> <Opcode : 'and' 'or' 'xor'> <InPorts = 2> <OutPorts = 1>
ST_1 : Operation 140 [1/1] (0.00ns)   --->   "%tmp_263 = partselect i3 @_ssdm_op_PartSelect.i3.i26.i32.i32, i26 %mul_ln73_6, i32 23, i32 25" [firmware/nnet_utils/nnet_dense_latency.h:42]   --->   Operation 140 'partselect' 'tmp_263' <Predicate = true> <Delay = 0.00>
ST_1 : Operation 141 [1/1] (0.57ns)   --->   "%icmp_ln42_28 = icmp_eq  i3 %tmp_263, i3 7" [firmware/nnet_utils/nnet_dense_latency.h:42]   --->   Operation 141 'icmp' 'icmp_ln42_28' <Predicate = true> <Delay = 0.57> <CoreInst = "Cmp">   --->   Core 9 'Cmp' <Latency = 0> <II = 1> <Delay = 0.57> <FuncUnit> <Opcode : 'icmp'> <InPorts = 2> <OutPorts = 1>
ST_1 : Operation 142 [1/1] (0.00ns)   --->   "%tmp_264 = partselect i4 @_ssdm_op_PartSelect.i4.i26.i32.i32, i26 %mul_ln73_6, i32 22, i32 25" [firmware/nnet_utils/nnet_dense_latency.h:42]   --->   Operation 142 'partselect' 'tmp_264' <Predicate = true> <Delay = 0.00>
ST_1 : Operation 143 [1/1] (0.70ns)   --->   "%icmp_ln42_29 = icmp_eq  i4 %tmp_264, i4 15" [firmware/nnet_utils/nnet_dense_latency.h:42]   --->   Operation 143 'icmp' 'icmp_ln42_29' <Predicate = true> <Delay = 0.70> <CoreInst = "Cmp">   --->   Core 9 'Cmp' <Latency = 0> <II = 1> <Delay = 0.70> <FuncUnit> <Opcode : 'icmp'> <InPorts = 2> <OutPorts = 1>
ST_1 : Operation 144 [1/1] (0.70ns)   --->   "%icmp_ln42_30 = icmp_eq  i4 %tmp_264, i4 0" [firmware/nnet_utils/nnet_dense_latency.h:42]   --->   Operation 144 'icmp' 'icmp_ln42_30' <Predicate = true> <Delay = 0.70> <CoreInst = "Cmp">   --->   Core 9 'Cmp' <Latency = 0> <II = 1> <Delay = 0.70> <FuncUnit> <Opcode : 'icmp'> <InPorts = 2> <OutPorts = 1>
ST_1 : Operation 145 [1/1] (0.00ns) (grouped into LUT with out node and_ln42_52)   --->   "%select_ln42_27 = select i1 %and_ln42_49, i1 %icmp_ln42_29, i1 %icmp_ln42_30" [firmware/nnet_utils/nnet_dense_latency.h:42]   --->   Operation 145 'select' 'select_ln42_27' <Predicate = true> <Delay = 0.00> <CoreInst = "Sel">   --->   Core 73 'Sel' <Latency = 0> <II = 1> <Delay = 0.27> <FuncUnit> <Opcode : 'select'> <InPorts = 3> <OutPorts = 1>
ST_1 : Operation 146 [1/1] (0.00ns) (grouped into LUT with out node and_ln42_53)   --->   "%tmp_732 = bitselect i1 @_ssdm_op_BitSelect.i1.i26.i32, i26 %mul_ln73_6, i32 22" [firmware/nnet_utils/nnet_dense_latency.h:42]   --->   Operation 146 'bitselect' 'tmp_732' <Predicate = true> <Delay = 0.00>
ST_1 : Operation 147 [1/1] (0.00ns) (grouped into LUT with out node and_ln42_53)   --->   "%xor_ln42_34 = xor i1 %tmp_732, i1 1" [firmware/nnet_utils/nnet_dense_latency.h:42]   --->   Operation 147 'xor' 'xor_ln42_34' <Predicate = true> <Delay = 0.00> <CoreInst = "LogicGate">   --->   Core 74 'LogicGate' <Latency = 0> <II = 1> <Delay = 0.12> <FuncUnit> <Opcode : 'and' 'or' 'xor'> <InPorts = 2> <OutPorts = 1>
ST_1 : Operation 148 [1/1] (0.00ns) (grouped into LUT with out node and_ln42_53)   --->   "%and_ln42_50 = and i1 %icmp_ln42_28, i1 %xor_ln42_34" [firmware/nnet_utils/nnet_dense_latency.h:42]   --->   Operation 148 'and' 'and_ln42_50' <Predicate = true> <Delay = 0.00> <CoreInst = "LogicGate">   --->   Core 74 'LogicGate' <Latency = 0> <II = 1> <Delay = 0.12> <FuncUnit> <Opcode : 'and' 'or' 'xor'> <InPorts = 2> <OutPorts = 1>
ST_1 : Operation 149 [1/1] (0.00ns) (grouped into LUT with out node and_ln42_53)   --->   "%select_ln42_28 = select i1 %and_ln42_49, i1 %and_ln42_50, i1 %icmp_ln42_29" [firmware/nnet_utils/nnet_dense_latency.h:42]   --->   Operation 149 'select' 'select_ln42_28' <Predicate = true> <Delay = 0.00> <CoreInst = "Sel">   --->   Core 73 'Sel' <Latency = 0> <II = 1> <Delay = 0.27> <FuncUnit> <Opcode : 'select'> <InPorts = 3> <OutPorts = 1>
ST_1 : Operation 150 [1/1] (0.00ns) (grouped into LUT with out node or_ln42_22)   --->   "%and_ln42_51 = and i1 %and_ln42_49, i1 %icmp_ln42_29" [firmware/nnet_utils/nnet_dense_latency.h:42]   --->   Operation 150 'and' 'and_ln42_51' <Predicate = true> <Delay = 0.00> <CoreInst = "LogicGate">   --->   Core 74 'LogicGate' <Latency = 0> <II = 1> <Delay = 0.12> <FuncUnit> <Opcode : 'and' 'or' 'xor'> <InPorts = 2> <OutPorts = 1>
ST_1 : Operation 151 [1/1] (0.00ns) (grouped into LUT with out node and_ln42_52)   --->   "%xor_ln42_28 = xor i1 %select_ln42_27, i1 1" [firmware/nnet_utils/nnet_dense_latency.h:42]   --->   Operation 151 'xor' 'xor_ln42_28' <Predicate = true> <Delay = 0.00> <CoreInst = "LogicGate">   --->   Core 74 'LogicGate' <Latency = 0> <II = 1> <Delay = 0.12> <FuncUnit> <Opcode : 'and' 'or' 'xor'> <InPorts = 2> <OutPorts = 1>
ST_1 : Operation 152 [1/1] (0.00ns) (grouped into LUT with out node and_ln42_52)   --->   "%or_ln42_21 = or i1 %tmp_731, i1 %xor_ln42_28" [firmware/nnet_utils/nnet_dense_latency.h:42]   --->   Operation 152 'or' 'or_ln42_21' <Predicate = true> <Delay = 0.00> <CoreInst = "LogicGate">   --->   Core 74 'LogicGate' <Latency = 0> <II = 1> <Delay = 0.12> <FuncUnit> <Opcode : 'and' 'or' 'xor'> <InPorts = 2> <OutPorts = 1>
ST_1 : Operation 153 [1/1] (0.00ns) (grouped into LUT with out node and_ln42_52)   --->   "%xor_ln42_29 = xor i1 %tmp_727, i1 1" [firmware/nnet_utils/nnet_dense_latency.h:42]   --->   Operation 153 'xor' 'xor_ln42_29' <Predicate = true> <Delay = 0.00> <CoreInst = "LogicGate">   --->   Core 74 'LogicGate' <Latency = 0> <II = 1> <Delay = 0.12> <FuncUnit> <Opcode : 'and' 'or' 'xor'> <InPorts = 2> <OutPorts = 1>
ST_1 : Operation 154 [1/1] (0.27ns) (out node of the LUT)   --->   "%and_ln42_52 = and i1 %or_ln42_21, i1 %xor_ln42_29" [firmware/nnet_utils/nnet_dense_latency.h:42]   --->   Operation 154 'and' 'and_ln42_52' <Predicate = true> <Delay = 0.27> <CoreInst = "LogicGate">   --->   Core 74 'LogicGate' <Latency = 0> <II = 1> <Delay = 0.12> <FuncUnit> <Opcode : 'and' 'or' 'xor'> <InPorts = 2> <OutPorts = 1>
ST_1 : Operation 155 [1/1] (0.27ns) (out node of the LUT)   --->   "%and_ln42_53 = and i1 %tmp_731, i1 %select_ln42_28" [firmware/nnet_utils/nnet_dense_latency.h:42]   --->   Operation 155 'and' 'and_ln42_53' <Predicate = true> <Delay = 0.27> <CoreInst = "LogicGate">   --->   Core 74 'LogicGate' <Latency = 0> <II = 1> <Delay = 0.12> <FuncUnit> <Opcode : 'and' 'or' 'xor'> <InPorts = 2> <OutPorts = 1>
ST_1 : Operation 156 [1/1] (0.00ns) (grouped into LUT with out node or_ln42_22)   --->   "%or_ln42_26 = or i1 %and_ln42_51, i1 %and_ln42_53" [firmware/nnet_utils/nnet_dense_latency.h:42]   --->   Operation 156 'or' 'or_ln42_26' <Predicate = true> <Delay = 0.00> <CoreInst = "LogicGate">   --->   Core 74 'LogicGate' <Latency = 0> <II = 1> <Delay = 0.12> <FuncUnit> <Opcode : 'and' 'or' 'xor'> <InPorts = 2> <OutPorts = 1>
ST_1 : Operation 157 [1/1] (0.00ns) (grouped into LUT with out node or_ln42_22)   --->   "%xor_ln42_30 = xor i1 %or_ln42_26, i1 1" [firmware/nnet_utils/nnet_dense_latency.h:42]   --->   Operation 157 'xor' 'xor_ln42_30' <Predicate = true> <Delay = 0.00> <CoreInst = "LogicGate">   --->   Core 74 'LogicGate' <Latency = 0> <II = 1> <Delay = 0.12> <FuncUnit> <Opcode : 'and' 'or' 'xor'> <InPorts = 2> <OutPorts = 1>
ST_1 : Operation 158 [1/1] (0.00ns) (grouped into LUT with out node or_ln42_22)   --->   "%and_ln42_54 = and i1 %tmp_727, i1 %xor_ln42_30" [firmware/nnet_utils/nnet_dense_latency.h:42]   --->   Operation 158 'and' 'and_ln42_54' <Predicate = true> <Delay = 0.00> <CoreInst = "LogicGate">   --->   Core 74 'LogicGate' <Latency = 0> <II = 1> <Delay = 0.12> <FuncUnit> <Opcode : 'and' 'or' 'xor'> <InPorts = 2> <OutPorts = 1>
ST_1 : Operation 159 [1/1] (0.12ns) (out node of the LUT)   --->   "%or_ln42_22 = or i1 %and_ln42_52, i1 %and_ln42_54" [firmware/nnet_utils/nnet_dense_latency.h:42]   --->   Operation 159 'or' 'or_ln42_22' <Predicate = true> <Delay = 0.12> <CoreInst = "LogicGate">   --->   Core 74 'LogicGate' <Latency = 0> <II = 1> <Delay = 0.12> <FuncUnit> <Opcode : 'and' 'or' 'xor'> <InPorts = 2> <OutPorts = 1>

State 2 <SV = 1> <Delay = 1.71>
ST_2 : Operation 160 [1/1] (0.00ns)   --->   "%specpipeline_ln13 = specpipeline void @_ssdm_op_SpecPipeline, i32 1, i32 0, i32 0, i32 0, void @empty_0" [firmware/nnet_utils/nnet_dense_latency.h:13]   --->   Operation 160 'specpipeline' 'specpipeline_ln13' <Predicate = true> <Delay = 0.00>
ST_2 : Operation 161 [1/1] (0.00ns)   --->   "%specresourcelimit_ln33 = specresourcelimit void @_ssdm_op_SpecResourceLimit, i64 4, void @empty_1, void @empty_0, void @empty_0, void @empty_0" [firmware/nnet_utils/nnet_dense_latency.h:33]   --->   Operation 161 'specresourcelimit' 'specresourcelimit_ln33' <Predicate = true> <Delay = 0.00>
ST_2 : Operation 162 [1/1] (0.00ns) (grouped into LUT with out node select_ln42_18)   --->   "%select_ln42_17 = select i1 %and_ln42_31, i13 4095, i13 4096" [firmware/nnet_utils/nnet_dense_latency.h:42]   --->   Operation 162 'select' 'select_ln42_17' <Predicate = (or_ln42_13)> <Delay = 0.00> <CoreInst = "Sel">   --->   Core 73 'Sel' <Latency = 0> <II = 1> <Delay = 0.32> <FuncUnit> <Opcode : 'select'> <InPorts = 3> <OutPorts = 1>
ST_2 : Operation 163 [1/1] (0.32ns) (out node of the LUT)   --->   "%select_ln42_18 = select i1 %or_ln42_13, i13 %select_ln42_17, i13 %add_ln42" [firmware/nnet_utils/nnet_dense_latency.h:42]   --->   Operation 163 'select' 'select_ln42_18' <Predicate = true> <Delay = 0.32> <CoreInst = "Sel">   --->   Core 73 'Sel' <Latency = 0> <II = 1> <Delay = 0.32> <FuncUnit> <Opcode : 'select'> <InPorts = 3> <OutPorts = 1>
ST_2 : Operation 164 [1/1] (0.00ns) (grouped into LUT with out node select_ln42_22)   --->   "%select_ln42_21 = select i1 %and_ln42_38, i13 4095, i13 4096" [firmware/nnet_utils/nnet_dense_latency.h:42]   --->   Operation 164 'select' 'select_ln42_21' <Predicate = (or_ln42_16)> <Delay = 0.00> <CoreInst = "Sel">   --->   Core 73 'Sel' <Latency = 0> <II = 1> <Delay = 0.32> <FuncUnit> <Opcode : 'select'> <InPorts = 3> <OutPorts = 1>
ST_2 : Operation 165 [1/1] (0.32ns) (out node of the LUT)   --->   "%select_ln42_22 = select i1 %or_ln42_16, i13 %select_ln42_21, i13 %add_ln42_4" [firmware/nnet_utils/nnet_dense_latency.h:42]   --->   Operation 165 'select' 'select_ln42_22' <Predicate = true> <Delay = 0.32> <CoreInst = "Sel">   --->   Core 73 'Sel' <Latency = 0> <II = 1> <Delay = 0.32> <FuncUnit> <Opcode : 'select'> <InPorts = 3> <OutPorts = 1>
ST_2 : Operation 166 [1/1] (0.00ns) (grouped into LUT with out node select_ln42_26)   --->   "%select_ln42_25 = select i1 %and_ln42_45, i13 4095, i13 4096" [firmware/nnet_utils/nnet_dense_latency.h:42]   --->   Operation 166 'select' 'select_ln42_25' <Predicate = (or_ln42_19)> <Delay = 0.00> <CoreInst = "Sel">   --->   Core 73 'Sel' <Latency = 0> <II = 1> <Delay = 0.32> <FuncUnit> <Opcode : 'select'> <InPorts = 3> <OutPorts = 1>
ST_2 : Operation 167 [1/1] (0.32ns) (out node of the LUT)   --->   "%select_ln42_26 = select i1 %or_ln42_19, i13 %select_ln42_25, i13 %add_ln42_5" [firmware/nnet_utils/nnet_dense_latency.h:42]   --->   Operation 167 'select' 'select_ln42_26' <Predicate = true> <Delay = 0.32> <CoreInst = "Sel">   --->   Core 73 'Sel' <Latency = 0> <II = 1> <Delay = 0.32> <FuncUnit> <Opcode : 'select'> <InPorts = 3> <OutPorts = 1>
ST_2 : Operation 168 [1/1] (0.00ns) (grouped into LUT with out node select_ln42_30)   --->   "%select_ln42_29 = select i1 %and_ln42_52, i13 4095, i13 4096" [firmware/nnet_utils/nnet_dense_latency.h:42]   --->   Operation 168 'select' 'select_ln42_29' <Predicate = (or_ln42_22)> <Delay = 0.00> <CoreInst = "Sel">   --->   Core 73 'Sel' <Latency = 0> <II = 1> <Delay = 0.32> <FuncUnit> <Opcode : 'select'> <InPorts = 3> <OutPorts = 1>
ST_2 : Operation 169 [1/1] (0.32ns) (out node of the LUT)   --->   "%select_ln42_30 = select i1 %or_ln42_22, i13 %select_ln42_29, i13 %add_ln42_6" [firmware/nnet_utils/nnet_dense_latency.h:42]   --->   Operation 169 'select' 'select_ln42_30' <Predicate = true> <Delay = 0.32> <CoreInst = "Sel">   --->   Core 73 'Sel' <Latency = 0> <II = 1> <Delay = 0.32> <FuncUnit> <Opcode : 'select'> <InPorts = 3> <OutPorts = 1>
ST_2 : Operation 170 [1/1] (0.00ns)   --->   "%sext_ln58 = sext i13 %select_ln42_18" [firmware/nnet_utils/nnet_dense_latency.h:58]   --->   Operation 170 'sext' 'sext_ln58' <Predicate = true> <Delay = 0.00>
ST_2 : Operation 171 [1/1] (0.00ns)   --->   "%sext_ln58_4 = sext i13 %select_ln42_26" [firmware/nnet_utils/nnet_dense_latency.h:58]   --->   Operation 171 'sext' 'sext_ln58_4' <Predicate = true> <Delay = 0.00>
ST_2 : Operation 172 [1/1] (0.75ns)   --->   "%add_ln58_4 = add i13 %select_ln42_26, i13 %select_ln42_18" [firmware/nnet_utils/nnet_dense_latency.h:58]   --->   Operation 172 'add' 'add_ln58_4' <Predicate = true> <Delay = 0.75> <CoreInst = "Adder">   --->   Core 1 'Adder' <Latency = 0> <II = 1> <Delay = 0.75> <FuncUnit> <Opcode : 'add' 'sub'> <InPorts = 2> <OutPorts = 1>
ST_2 : Operation 173 [1/1] (0.75ns)   --->   "%add_ln58 = add i14 %sext_ln58_4, i14 %sext_ln58" [firmware/nnet_utils/nnet_dense_latency.h:58]   --->   Operation 173 'add' 'add_ln58' <Predicate = true> <Delay = 0.75> <CoreInst = "Adder">   --->   Core 1 'Adder' <Latency = 0> <II = 1> <Delay = 0.75> <FuncUnit> <Opcode : 'add' 'sub'> <InPorts = 2> <OutPorts = 1>
ST_2 : Operation 174 [1/1] (0.00ns)   --->   "%tmp_733 = bitselect i1 @_ssdm_op_BitSelect.i1.i14.i32, i14 %add_ln58, i32 13" [firmware/nnet_utils/nnet_dense_latency.h:58]   --->   Operation 174 'bitselect' 'tmp_733' <Predicate = true> <Delay = 0.00>
ST_2 : Operation 175 [1/1] (0.00ns)   --->   "%tmp_734 = bitselect i1 @_ssdm_op_BitSelect.i1.i13.i32, i13 %add_ln58_4, i32 12" [firmware/nnet_utils/nnet_dense_latency.h:58]   --->   Operation 175 'bitselect' 'tmp_734' <Predicate = true> <Delay = 0.00>
ST_2 : Operation 176 [1/1] (0.00ns) (grouped into LUT with out node select_ln58_7)   --->   "%xor_ln58 = xor i1 %tmp_733, i1 1" [firmware/nnet_utils/nnet_dense_latency.h:58]   --->   Operation 176 'xor' 'xor_ln58' <Predicate = true> <Delay = 0.00> <CoreInst = "LogicGate">   --->   Core 74 'LogicGate' <Latency = 0> <II = 1> <Delay = 0.12> <FuncUnit> <Opcode : 'and' 'or' 'xor'> <InPorts = 2> <OutPorts = 1>
ST_2 : Operation 177 [1/1] (0.00ns) (grouped into LUT with out node select_ln58_7)   --->   "%and_ln58 = and i1 %tmp_734, i1 %xor_ln58" [firmware/nnet_utils/nnet_dense_latency.h:58]   --->   Operation 177 'and' 'and_ln58' <Predicate = true> <Delay = 0.00> <CoreInst = "LogicGate">   --->   Core 74 'LogicGate' <Latency = 0> <II = 1> <Delay = 0.12> <FuncUnit> <Opcode : 'and' 'or' 'xor'> <InPorts = 2> <OutPorts = 1>
ST_2 : Operation 178 [1/1] (0.00ns) (grouped into LUT with out node select_ln58_6)   --->   "%xor_ln58_8 = xor i1 %tmp_734, i1 1" [firmware/nnet_utils/nnet_dense_latency.h:58]   --->   Operation 178 'xor' 'xor_ln58_8' <Predicate = true> <Delay = 0.00> <CoreInst = "LogicGate">   --->   Core 74 'LogicGate' <Latency = 0> <II = 1> <Delay = 0.12> <FuncUnit> <Opcode : 'and' 'or' 'xor'> <InPorts = 2> <OutPorts = 1>
ST_2 : Operation 179 [1/1] (0.00ns) (grouped into LUT with out node select_ln58_6)   --->   "%and_ln58_4 = and i1 %tmp_733, i1 %xor_ln58_8" [firmware/nnet_utils/nnet_dense_latency.h:58]   --->   Operation 179 'and' 'and_ln58_4' <Predicate = true> <Delay = 0.00> <CoreInst = "LogicGate">   --->   Core 74 'LogicGate' <Latency = 0> <II = 1> <Delay = 0.12> <FuncUnit> <Opcode : 'and' 'or' 'xor'> <InPorts = 2> <OutPorts = 1>
ST_2 : Operation 180 [1/1] (0.12ns)   --->   "%xor_ln58_9 = xor i1 %tmp_733, i1 %tmp_734" [firmware/nnet_utils/nnet_dense_latency.h:58]   --->   Operation 180 'xor' 'xor_ln58_9' <Predicate = true> <Delay = 0.12> <CoreInst = "LogicGate">   --->   Core 74 'LogicGate' <Latency = 0> <II = 1> <Delay = 0.12> <FuncUnit> <Opcode : 'and' 'or' 'xor'> <InPorts = 2> <OutPorts = 1>
ST_2 : Operation 181 [1/1] (0.00ns) (grouped into LUT with out node select_ln58_7)   --->   "%xor_ln58_10 = xor i1 %xor_ln58_9, i1 1" [firmware/nnet_utils/nnet_dense_latency.h:58]   --->   Operation 181 'xor' 'xor_ln58_10' <Predicate = true> <Delay = 0.00> <CoreInst = "LogicGate">   --->   Core 74 'LogicGate' <Latency = 0> <II = 1> <Delay = 0.12> <FuncUnit> <Opcode : 'and' 'or' 'xor'> <InPorts = 2> <OutPorts = 1>
ST_2 : Operation 182 [1/1] (0.00ns) (grouped into LUT with out node select_ln58_7)   --->   "%or_ln58 = or i1 %and_ln58, i1 %xor_ln58_10" [firmware/nnet_utils/nnet_dense_latency.h:58]   --->   Operation 182 'or' 'or_ln58' <Predicate = true> <Delay = 0.00> <CoreInst = "LogicGate">   --->   Core 74 'LogicGate' <Latency = 0> <II = 1> <Delay = 0.12> <FuncUnit> <Opcode : 'and' 'or' 'xor'> <InPorts = 2> <OutPorts = 1>
ST_2 : Operation 183 [1/1] (0.00ns) (grouped into LUT with out node select_ln58_7)   --->   "%select_ln58 = select i1 %xor_ln58_9, i13 4095, i13 %add_ln58_4" [firmware/nnet_utils/nnet_dense_latency.h:58]   --->   Operation 183 'select' 'select_ln58' <Predicate = true> <Delay = 0.00> <CoreInst = "Sel">   --->   Core 73 'Sel' <Latency = 0> <II = 1> <Delay = 0.32> <FuncUnit> <Opcode : 'select'> <InPorts = 3> <OutPorts = 1>
ST_2 : Operation 184 [1/1] (0.32ns) (out node of the LUT)   --->   "%select_ln58_6 = select i1 %and_ln58_4, i13 4096, i13 %add_ln58_4" [firmware/nnet_utils/nnet_dense_latency.h:58]   --->   Operation 184 'select' 'select_ln58_6' <Predicate = true> <Delay = 0.32> <CoreInst = "Sel">   --->   Core 73 'Sel' <Latency = 0> <II = 1> <Delay = 0.32> <FuncUnit> <Opcode : 'select'> <InPorts = 3> <OutPorts = 1>
ST_2 : Operation 185 [1/1] (0.32ns) (out node of the LUT)   --->   "%select_ln58_7 = select i1 %or_ln58, i13 %select_ln58, i13 %select_ln58_6" [firmware/nnet_utils/nnet_dense_latency.h:58]   --->   Operation 185 'select' 'select_ln58_7' <Predicate = true> <Delay = 0.32> <CoreInst = "Sel">   --->   Core 73 'Sel' <Latency = 0> <II = 1> <Delay = 0.32> <FuncUnit> <Opcode : 'select'> <InPorts = 3> <OutPorts = 1>
ST_2 : Operation 186 [1/1] (0.00ns)   --->   "%sext_ln58_5 = sext i13 %select_ln42_22" [firmware/nnet_utils/nnet_dense_latency.h:58]   --->   Operation 186 'sext' 'sext_ln58_5' <Predicate = true> <Delay = 0.00>
ST_2 : Operation 187 [1/1] (0.00ns)   --->   "%sext_ln58_6 = sext i13 %select_ln42_30" [firmware/nnet_utils/nnet_dense_latency.h:58]   --->   Operation 187 'sext' 'sext_ln58_6' <Predicate = true> <Delay = 0.00>
ST_2 : Operation 188 [1/1] (0.75ns)   --->   "%add_ln58_5 = add i13 %select_ln42_30, i13 %select_ln42_22" [firmware/nnet_utils/nnet_dense_latency.h:58]   --->   Operation 188 'add' 'add_ln58_5' <Predicate = true> <Delay = 0.75> <CoreInst = "Adder">   --->   Core 1 'Adder' <Latency = 0> <II = 1> <Delay = 0.75> <FuncUnit> <Opcode : 'add' 'sub'> <InPorts = 2> <OutPorts = 1>
ST_2 : Operation 189 [1/1] (0.75ns)   --->   "%add_ln58_2 = add i14 %sext_ln58_6, i14 %sext_ln58_5" [firmware/nnet_utils/nnet_dense_latency.h:58]   --->   Operation 189 'add' 'add_ln58_2' <Predicate = true> <Delay = 0.75> <CoreInst = "Adder">   --->   Core 1 'Adder' <Latency = 0> <II = 1> <Delay = 0.75> <FuncUnit> <Opcode : 'add' 'sub'> <InPorts = 2> <OutPorts = 1>
ST_2 : Operation 190 [1/1] (0.00ns)   --->   "%tmp_735 = bitselect i1 @_ssdm_op_BitSelect.i1.i14.i32, i14 %add_ln58_2, i32 13" [firmware/nnet_utils/nnet_dense_latency.h:58]   --->   Operation 190 'bitselect' 'tmp_735' <Predicate = true> <Delay = 0.00>
ST_2 : Operation 191 [1/1] (0.00ns)   --->   "%tmp_736 = bitselect i1 @_ssdm_op_BitSelect.i1.i13.i32, i13 %add_ln58_5, i32 12" [firmware/nnet_utils/nnet_dense_latency.h:58]   --->   Operation 191 'bitselect' 'tmp_736' <Predicate = true> <Delay = 0.00>
ST_2 : Operation 192 [1/1] (0.00ns) (grouped into LUT with out node select_ln58_10)   --->   "%xor_ln58_11 = xor i1 %tmp_735, i1 1" [firmware/nnet_utils/nnet_dense_latency.h:58]   --->   Operation 192 'xor' 'xor_ln58_11' <Predicate = true> <Delay = 0.00> <CoreInst = "LogicGate">   --->   Core 74 'LogicGate' <Latency = 0> <II = 1> <Delay = 0.12> <FuncUnit> <Opcode : 'and' 'or' 'xor'> <InPorts = 2> <OutPorts = 1>
ST_2 : Operation 193 [1/1] (0.00ns) (grouped into LUT with out node select_ln58_10)   --->   "%and_ln58_5 = and i1 %tmp_736, i1 %xor_ln58_11" [firmware/nnet_utils/nnet_dense_latency.h:58]   --->   Operation 193 'and' 'and_ln58_5' <Predicate = true> <Delay = 0.00> <CoreInst = "LogicGate">   --->   Core 74 'LogicGate' <Latency = 0> <II = 1> <Delay = 0.12> <FuncUnit> <Opcode : 'and' 'or' 'xor'> <InPorts = 2> <OutPorts = 1>
ST_2 : Operation 194 [1/1] (0.00ns) (grouped into LUT with out node select_ln58_9)   --->   "%xor_ln58_12 = xor i1 %tmp_736, i1 1" [firmware/nnet_utils/nnet_dense_latency.h:58]   --->   Operation 194 'xor' 'xor_ln58_12' <Predicate = true> <Delay = 0.00> <CoreInst = "LogicGate">   --->   Core 74 'LogicGate' <Latency = 0> <II = 1> <Delay = 0.12> <FuncUnit> <Opcode : 'and' 'or' 'xor'> <InPorts = 2> <OutPorts = 1>
ST_2 : Operation 195 [1/1] (0.00ns) (grouped into LUT with out node select_ln58_9)   --->   "%and_ln58_6 = and i1 %tmp_735, i1 %xor_ln58_12" [firmware/nnet_utils/nnet_dense_latency.h:58]   --->   Operation 195 'and' 'and_ln58_6' <Predicate = true> <Delay = 0.00> <CoreInst = "LogicGate">   --->   Core 74 'LogicGate' <Latency = 0> <II = 1> <Delay = 0.12> <FuncUnit> <Opcode : 'and' 'or' 'xor'> <InPorts = 2> <OutPorts = 1>
ST_2 : Operation 196 [1/1] (0.12ns)   --->   "%xor_ln58_13 = xor i1 %tmp_735, i1 %tmp_736" [firmware/nnet_utils/nnet_dense_latency.h:58]   --->   Operation 196 'xor' 'xor_ln58_13' <Predicate = true> <Delay = 0.12> <CoreInst = "LogicGate">   --->   Core 74 'LogicGate' <Latency = 0> <II = 1> <Delay = 0.12> <FuncUnit> <Opcode : 'and' 'or' 'xor'> <InPorts = 2> <OutPorts = 1>
ST_2 : Operation 197 [1/1] (0.00ns) (grouped into LUT with out node select_ln58_10)   --->   "%xor_ln58_14 = xor i1 %xor_ln58_13, i1 1" [firmware/nnet_utils/nnet_dense_latency.h:58]   --->   Operation 197 'xor' 'xor_ln58_14' <Predicate = true> <Delay = 0.00> <CoreInst = "LogicGate">   --->   Core 74 'LogicGate' <Latency = 0> <II = 1> <Delay = 0.12> <FuncUnit> <Opcode : 'and' 'or' 'xor'> <InPorts = 2> <OutPorts = 1>
ST_2 : Operation 198 [1/1] (0.00ns) (grouped into LUT with out node select_ln58_10)   --->   "%or_ln58_2 = or i1 %and_ln58_5, i1 %xor_ln58_14" [firmware/nnet_utils/nnet_dense_latency.h:58]   --->   Operation 198 'or' 'or_ln58_2' <Predicate = true> <Delay = 0.00> <CoreInst = "LogicGate">   --->   Core 74 'LogicGate' <Latency = 0> <II = 1> <Delay = 0.12> <FuncUnit> <Opcode : 'and' 'or' 'xor'> <InPorts = 2> <OutPorts = 1>
ST_2 : Operation 199 [1/1] (0.00ns) (grouped into LUT with out node select_ln58_10)   --->   "%select_ln58_8 = select i1 %xor_ln58_13, i13 4095, i13 %add_ln58_5" [firmware/nnet_utils/nnet_dense_latency.h:58]   --->   Operation 199 'select' 'select_ln58_8' <Predicate = true> <Delay = 0.00> <CoreInst = "Sel">   --->   Core 73 'Sel' <Latency = 0> <II = 1> <Delay = 0.32> <FuncUnit> <Opcode : 'select'> <InPorts = 3> <OutPorts = 1>
ST_2 : Operation 200 [1/1] (0.32ns) (out node of the LUT)   --->   "%select_ln58_9 = select i1 %and_ln58_6, i13 4096, i13 %add_ln58_5" [firmware/nnet_utils/nnet_dense_latency.h:58]   --->   Operation 200 'select' 'select_ln58_9' <Predicate = true> <Delay = 0.32> <CoreInst = "Sel">   --->   Core 73 'Sel' <Latency = 0> <II = 1> <Delay = 0.32> <FuncUnit> <Opcode : 'select'> <InPorts = 3> <OutPorts = 1>
ST_2 : Operation 201 [1/1] (0.32ns) (out node of the LUT)   --->   "%select_ln58_10 = select i1 %or_ln58_2, i13 %select_ln58_8, i13 %select_ln58_9" [firmware/nnet_utils/nnet_dense_latency.h:58]   --->   Operation 201 'select' 'select_ln58_10' <Predicate = true> <Delay = 0.32> <CoreInst = "Sel">   --->   Core 73 'Sel' <Latency = 0> <II = 1> <Delay = 0.32> <FuncUnit> <Opcode : 'select'> <InPorts = 3> <OutPorts = 1>
ST_2 : Operation 202 [1/1] (0.00ns)   --->   "%mrv = insertvalue i26 <undef>, i13 %select_ln58_7" [firmware/nnet_utils/nnet_dense_latency.h:68]   --->   Operation 202 'insertvalue' 'mrv' <Predicate = true> <Delay = 0.00>
ST_2 : Operation 203 [1/1] (0.00ns)   --->   "%mrv_1 = insertvalue i26 %mrv, i13 %select_ln58_10" [firmware/nnet_utils/nnet_dense_latency.h:68]   --->   Operation 203 'insertvalue' 'mrv_1' <Predicate = true> <Delay = 0.00>
ST_2 : Operation 204 [1/1] (0.00ns)   --->   "%ret_ln68 = ret i26 %mrv_1" [firmware/nnet_utils/nnet_dense_latency.h:68]   --->   Operation 204 'ret' 'ret_ln68' <Predicate = true> <Delay = 0.00>


============================================================
+ Verbose Summary: Timing violations
============================================================
Target clock period: 5.000ns, clock uncertainty: 0.625ns.

 <State 1>: 4.294ns
The critical path consists of the following:
	wire read operation ('idx_read') on port 'idx' [12]  (0.000 ns)
	'sparsemux' operation 13 bit ('a') [21]  (0.420 ns)
	'mul' operation 26 bit ('mul_ln73', firmware/nnet_utils/nnet_mult.h:73->firmware/nnet_utils/nnet_dense_latency.h:42) [24]  (1.892 ns)
	'icmp' operation 1 bit ('icmp_ln42', firmware/nnet_utils/nnet_dense_latency.h:42) [30]  (0.705 ns)
	'or' operation 1 bit ('or_ln42', firmware/nnet_utils/nnet_dense_latency.h:42) [32]  (0.000 ns)
	'and' operation 1 bit ('and_ln42', firmware/nnet_utils/nnet_dense_latency.h:42) [33]  (0.000 ns)
	'add' operation 13 bit ('add_ln42', firmware/nnet_utils/nnet_dense_latency.h:42) [35]  (0.755 ns)
	'xor' operation 1 bit ('xor_ln42', firmware/nnet_utils/nnet_dense_latency.h:42) [37]  (0.000 ns)
	'and' operation 1 bit ('and_ln42_28', firmware/nnet_utils/nnet_dense_latency.h:42) [38]  (0.122 ns)
	'select' operation 1 bit ('select_ln42', firmware/nnet_utils/nnet_dense_latency.h:42) [44]  (0.000 ns)
	'xor' operation 1 bit ('xor_ln42_16', firmware/nnet_utils/nnet_dense_latency.h:42) [50]  (0.000 ns)
	'or' operation 1 bit ('or_ln42_12', firmware/nnet_utils/nnet_dense_latency.h:42) [51]  (0.000 ns)
	'and' operation 1 bit ('and_ln42_31', firmware/nnet_utils/nnet_dense_latency.h:42) [53]  (0.278 ns)
	'or' operation 1 bit ('or_ln42_13', firmware/nnet_utils/nnet_dense_latency.h:42) [59]  (0.122 ns)

 <State 2>: 1.716ns
The critical path consists of the following:
	'select' operation 13 bit ('select_ln42_17', firmware/nnet_utils/nnet_dense_latency.h:42) [58]  (0.000 ns)
	'select' operation 13 bit ('select_ln42_18', firmware/nnet_utils/nnet_dense_latency.h:42) [60]  (0.321 ns)
	'add' operation 13 bit ('add_ln58_4', firmware/nnet_utils/nnet_dense_latency.h:58) [179]  (0.755 ns)
	'select' operation 13 bit ('select_ln58_6', firmware/nnet_utils/nnet_dense_latency.h:58) [191]  (0.321 ns)
	'select' operation 13 bit ('select_ln58_7', firmware/nnet_utils/nnet_dense_latency.h:58) [192]  (0.321 ns)


============================================================
+ Verbose Summary: Binding
============================================================
N/A
* FSMD analyzer results:
  - Output states:
 - Input state : 
  - Chain level:
	State 1
	State 2


============================================================
+ Verbose Summary: Datapath Resource usage 
============================================================
N/A
