

================================================================
== Vitis HLS Report for 'hept_ap_fixed_13_4_4_0_0_ap_fixed_13_4_4_0_0_config5_s'
================================================================
* Date:           Sun Feb  9 18:41:34 2025

* Version:        2023.2 (Build 4023990 on Oct 11 2023)
* Project:        myproject_prj
* Solution:       solution1 (Vivado IP Flow Target)
* Product family: virtexuplus
* Target device:  xcvu13p-flga2577-2-e


================================================================
== Performance Estimates
================================================================
+ Timing: 
    * Summary: 
    +--------+---------+----------+------------+
    |  Clock |  Target | Estimated| Uncertainty|
    +--------+---------+----------+------------+
    |ap_clk  |  5.00 ns|  4.294 ns|     0.62 ns|
    +--------+---------+----------+------------+

+ Latency: 
    * Summary: 
    +---------+---------+-----------+-----------+-----+-----+---------+
    |  Latency (cycles) |   Latency (absolute)  |  Interval | Pipeline|
    |   min   |   max   |    min    |    max    | min | max |   Type  |
    +---------+---------+-----------+-----------+-----+-----+---------+
    |       14|       14|  70.000 ns|  70.000 ns|    1|    1|      yes|
    +---------+---------+-----------+-----------+-----+-----+---------+

    + Detail: 
        * Instance: 
        N/A

        * Loop: 
        N/A

============================================================
+ Verbose Summary: Synthesis Manager
============================================================
InlineROM: 1
ExposeGlobal: 0
============================================================
+ Verbose Summary: CDFG Model
============================================================
IsTopModel: 0
ResetActiveHigh: 1
IsCombinational: 0
IsDatapathOnly: 0
HasWiredReturn: 1
HasMFsm: 2
HasVarLatency: 0
IsPipeline: 1
IsRtlPipelined: 1
IsInstanceOverlapped: 0
IsDontTouch: 0
HasImplIP: 0
IsGatedGlobalClock: 0

+ Individual pipeline summary: 
  * Pipeline-0: initiation interval (II) = 1, depth = 15


============================================================
+ Verbose Summary: Schedule
============================================================
* Number of FSM states : 15
* Pipeline : 1
  Pipeline-0 : II = 1, D = 15, States = { 1 2 3 4 5 6 7 8 9 10 11 12 13 14 15 }
* Dataflow Pipeline: 0

* FSM state transitions: 
1 --> 2 
2 --> 3 
3 --> 4 
4 --> 5 
5 --> 6 
6 --> 7 
7 --> 8 
8 --> 9 
9 --> 10 
10 --> 11 
11 --> 12 
12 --> 13 
13 --> 14 
14 --> 15 
15 --> 

* FSM state operations: 

State 1 <SV = 0> <Delay = 3.24>
ST_1 : Operation 16 [1/1] (0.00ns)   --->   "%padding_mask_3_val68_read = read i13 @_ssdm_op_Read.ap_auto.i13, i13 %padding_mask_3_val68" [firmware/nnet_utils/nnet_hept.h:63->firmware/nnet_utils/nnet_hept.h:250]   --->   Operation 16 'read' 'padding_mask_3_val68_read' <Predicate = true> <Delay = 0.00>
ST_1 : Operation 17 [1/1] (0.00ns)   --->   "%padding_mask_2_val67_read = read i13 @_ssdm_op_Read.ap_auto.i13, i13 %padding_mask_2_val67" [firmware/nnet_utils/nnet_hept.h:63->firmware/nnet_utils/nnet_hept.h:250]   --->   Operation 17 'read' 'padding_mask_2_val67_read' <Predicate = true> <Delay = 0.00>
ST_1 : Operation 18 [1/1] (0.00ns)   --->   "%padding_mask_1_val66_read = read i13 @_ssdm_op_Read.ap_auto.i13, i13 %padding_mask_1_val66" [firmware/nnet_utils/nnet_hept.h:63->firmware/nnet_utils/nnet_hept.h:250]   --->   Operation 18 'read' 'padding_mask_1_val66_read' <Predicate = true> <Delay = 0.00>
ST_1 : Operation 19 [1/1] (0.00ns)   --->   "%padding_mask_0_val65_read = read i13 @_ssdm_op_Read.ap_auto.i13, i13 %padding_mask_0_val65" [firmware/nnet_utils/nnet_hept.h:63->firmware/nnet_utils/nnet_hept.h:250]   --->   Operation 19 'read' 'padding_mask_0_val65_read' <Predicate = true> <Delay = 0.00>
ST_1 : Operation 20 [1/1] (0.00ns)   --->   "%value_7_val_read = read i13 @_ssdm_op_Read.ap_auto.i13, i13 %value_7_val" [firmware/nnet_utils/nnet_hept.h:63->firmware/nnet_utils/nnet_hept.h:250]   --->   Operation 20 'read' 'value_7_val_read' <Predicate = true> <Delay = 0.00>
ST_1 : Operation 21 [1/1] (0.00ns)   --->   "%value_6_val_read = read i13 @_ssdm_op_Read.ap_auto.i13, i13 %value_6_val" [firmware/nnet_utils/nnet_hept.h:63->firmware/nnet_utils/nnet_hept.h:250]   --->   Operation 21 'read' 'value_6_val_read' <Predicate = true> <Delay = 0.00>
ST_1 : Operation 22 [1/1] (0.00ns)   --->   "%value_5_val_read = read i13 @_ssdm_op_Read.ap_auto.i13, i13 %value_5_val" [firmware/nnet_utils/nnet_hept.h:63->firmware/nnet_utils/nnet_hept.h:250]   --->   Operation 22 'read' 'value_5_val_read' <Predicate = true> <Delay = 0.00>
ST_1 : Operation 23 [1/1] (0.00ns)   --->   "%value_4_val_read = read i13 @_ssdm_op_Read.ap_auto.i13, i13 %value_4_val" [firmware/nnet_utils/nnet_hept.h:63->firmware/nnet_utils/nnet_hept.h:250]   --->   Operation 23 'read' 'value_4_val_read' <Predicate = true> <Delay = 0.00>
ST_1 : Operation 24 [1/1] (0.00ns)   --->   "%value_3_val_read = read i13 @_ssdm_op_Read.ap_auto.i13, i13 %value_3_val" [firmware/nnet_utils/nnet_hept.h:63->firmware/nnet_utils/nnet_hept.h:250]   --->   Operation 24 'read' 'value_3_val_read' <Predicate = true> <Delay = 0.00>
ST_1 : Operation 25 [1/1] (0.00ns)   --->   "%value_2_val_read = read i13 @_ssdm_op_Read.ap_auto.i13, i13 %value_2_val" [firmware/nnet_utils/nnet_hept.h:63->firmware/nnet_utils/nnet_hept.h:250]   --->   Operation 25 'read' 'value_2_val_read' <Predicate = true> <Delay = 0.00>
ST_1 : Operation 26 [1/1] (0.00ns)   --->   "%value_1_val_read = read i13 @_ssdm_op_Read.ap_auto.i13, i13 %value_1_val" [firmware/nnet_utils/nnet_hept.h:63->firmware/nnet_utils/nnet_hept.h:250]   --->   Operation 26 'read' 'value_1_val_read' <Predicate = true> <Delay = 0.00>
ST_1 : Operation 27 [1/1] (0.00ns)   --->   "%value_0_val_read = read i13 @_ssdm_op_Read.ap_auto.i13, i13 %value_0_val" [firmware/nnet_utils/nnet_hept.h:63->firmware/nnet_utils/nnet_hept.h:250]   --->   Operation 27 'read' 'value_0_val_read' <Predicate = true> <Delay = 0.00>
ST_1 : Operation 28 [1/1] (0.00ns)   --->   "%key_31_val64_read = read i13 @_ssdm_op_Read.ap_auto.i13, i13 %key_31_val64" [firmware/nnet_utils/nnet_hept.h:63->firmware/nnet_utils/nnet_hept.h:250]   --->   Operation 28 'read' 'key_31_val64_read' <Predicate = true> <Delay = 0.00>
ST_1 : Operation 29 [1/1] (0.00ns)   --->   "%key_30_val63_read = read i13 @_ssdm_op_Read.ap_auto.i13, i13 %key_30_val63" [firmware/nnet_utils/nnet_hept.h:63->firmware/nnet_utils/nnet_hept.h:250]   --->   Operation 29 'read' 'key_30_val63_read' <Predicate = true> <Delay = 0.00>
ST_1 : Operation 30 [1/1] (0.00ns)   --->   "%key_29_val62_read = read i13 @_ssdm_op_Read.ap_auto.i13, i13 %key_29_val62" [firmware/nnet_utils/nnet_hept.h:63->firmware/nnet_utils/nnet_hept.h:250]   --->   Operation 30 'read' 'key_29_val62_read' <Predicate = true> <Delay = 0.00>
ST_1 : Operation 31 [1/1] (0.00ns)   --->   "%key_28_val61_read = read i13 @_ssdm_op_Read.ap_auto.i13, i13 %key_28_val61" [firmware/nnet_utils/nnet_hept.h:63->firmware/nnet_utils/nnet_hept.h:250]   --->   Operation 31 'read' 'key_28_val61_read' <Predicate = true> <Delay = 0.00>
ST_1 : Operation 32 [1/1] (0.00ns)   --->   "%key_27_val60_read = read i13 @_ssdm_op_Read.ap_auto.i13, i13 %key_27_val60" [firmware/nnet_utils/nnet_hept.h:63->firmware/nnet_utils/nnet_hept.h:250]   --->   Operation 32 'read' 'key_27_val60_read' <Predicate = true> <Delay = 0.00>
ST_1 : Operation 33 [1/1] (0.00ns)   --->   "%key_26_val59_read = read i13 @_ssdm_op_Read.ap_auto.i13, i13 %key_26_val59" [firmware/nnet_utils/nnet_hept.h:63->firmware/nnet_utils/nnet_hept.h:250]   --->   Operation 33 'read' 'key_26_val59_read' <Predicate = true> <Delay = 0.00>
ST_1 : Operation 34 [1/1] (0.00ns)   --->   "%key_25_val58_read = read i13 @_ssdm_op_Read.ap_auto.i13, i13 %key_25_val58" [firmware/nnet_utils/nnet_hept.h:63->firmware/nnet_utils/nnet_hept.h:250]   --->   Operation 34 'read' 'key_25_val58_read' <Predicate = true> <Delay = 0.00>
ST_1 : Operation 35 [1/1] (0.00ns)   --->   "%key_24_val57_read = read i13 @_ssdm_op_Read.ap_auto.i13, i13 %key_24_val57" [firmware/nnet_utils/nnet_hept.h:63->firmware/nnet_utils/nnet_hept.h:250]   --->   Operation 35 'read' 'key_24_val57_read' <Predicate = true> <Delay = 0.00>
ST_1 : Operation 36 [1/1] (0.00ns)   --->   "%key_23_val56_read = read i13 @_ssdm_op_Read.ap_auto.i13, i13 %key_23_val56" [firmware/nnet_utils/nnet_hept.h:63->firmware/nnet_utils/nnet_hept.h:250]   --->   Operation 36 'read' 'key_23_val56_read' <Predicate = true> <Delay = 0.00>
ST_1 : Operation 37 [1/1] (0.00ns)   --->   "%key_22_val55_read = read i13 @_ssdm_op_Read.ap_auto.i13, i13 %key_22_val55" [firmware/nnet_utils/nnet_hept.h:63->firmware/nnet_utils/nnet_hept.h:250]   --->   Operation 37 'read' 'key_22_val55_read' <Predicate = true> <Delay = 0.00>
ST_1 : Operation 38 [1/1] (0.00ns)   --->   "%key_21_val54_read = read i13 @_ssdm_op_Read.ap_auto.i13, i13 %key_21_val54" [firmware/nnet_utils/nnet_hept.h:63->firmware/nnet_utils/nnet_hept.h:250]   --->   Operation 38 'read' 'key_21_val54_read' <Predicate = true> <Delay = 0.00>
ST_1 : Operation 39 [1/1] (0.00ns)   --->   "%key_20_val53_read = read i13 @_ssdm_op_Read.ap_auto.i13, i13 %key_20_val53" [firmware/nnet_utils/nnet_hept.h:63->firmware/nnet_utils/nnet_hept.h:250]   --->   Operation 39 'read' 'key_20_val53_read' <Predicate = true> <Delay = 0.00>
ST_1 : Operation 40 [1/1] (0.00ns)   --->   "%key_19_val52_read = read i13 @_ssdm_op_Read.ap_auto.i13, i13 %key_19_val52" [firmware/nnet_utils/nnet_hept.h:63->firmware/nnet_utils/nnet_hept.h:250]   --->   Operation 40 'read' 'key_19_val52_read' <Predicate = true> <Delay = 0.00>
ST_1 : Operation 41 [1/1] (0.00ns)   --->   "%key_18_val51_read = read i13 @_ssdm_op_Read.ap_auto.i13, i13 %key_18_val51" [firmware/nnet_utils/nnet_hept.h:63->firmware/nnet_utils/nnet_hept.h:250]   --->   Operation 41 'read' 'key_18_val51_read' <Predicate = true> <Delay = 0.00>
ST_1 : Operation 42 [1/1] (0.00ns)   --->   "%key_17_val50_read = read i13 @_ssdm_op_Read.ap_auto.i13, i13 %key_17_val50" [firmware/nnet_utils/nnet_hept.h:63->firmware/nnet_utils/nnet_hept.h:250]   --->   Operation 42 'read' 'key_17_val50_read' <Predicate = true> <Delay = 0.00>
ST_1 : Operation 43 [1/1] (0.00ns)   --->   "%key_16_val49_read = read i13 @_ssdm_op_Read.ap_auto.i13, i13 %key_16_val49" [firmware/nnet_utils/nnet_hept.h:63->firmware/nnet_utils/nnet_hept.h:250]   --->   Operation 43 'read' 'key_16_val49_read' <Predicate = true> <Delay = 0.00>
ST_1 : Operation 44 [1/1] (0.00ns)   --->   "%key_15_val48_read = read i13 @_ssdm_op_Read.ap_auto.i13, i13 %key_15_val48" [firmware/nnet_utils/nnet_hept.h:63->firmware/nnet_utils/nnet_hept.h:250]   --->   Operation 44 'read' 'key_15_val48_read' <Predicate = true> <Delay = 0.00>
ST_1 : Operation 45 [1/1] (0.00ns)   --->   "%key_14_val47_read = read i13 @_ssdm_op_Read.ap_auto.i13, i13 %key_14_val47" [firmware/nnet_utils/nnet_hept.h:63->firmware/nnet_utils/nnet_hept.h:250]   --->   Operation 45 'read' 'key_14_val47_read' <Predicate = true> <Delay = 0.00>
ST_1 : Operation 46 [1/1] (0.00ns)   --->   "%key_13_val46_read = read i13 @_ssdm_op_Read.ap_auto.i13, i13 %key_13_val46" [firmware/nnet_utils/nnet_hept.h:63->firmware/nnet_utils/nnet_hept.h:250]   --->   Operation 46 'read' 'key_13_val46_read' <Predicate = true> <Delay = 0.00>
ST_1 : Operation 47 [1/1] (0.00ns)   --->   "%key_12_val45_read = read i13 @_ssdm_op_Read.ap_auto.i13, i13 %key_12_val45" [firmware/nnet_utils/nnet_hept.h:63->firmware/nnet_utils/nnet_hept.h:250]   --->   Operation 47 'read' 'key_12_val45_read' <Predicate = true> <Delay = 0.00>
ST_1 : Operation 48 [1/1] (0.00ns)   --->   "%key_11_val44_read = read i13 @_ssdm_op_Read.ap_auto.i13, i13 %key_11_val44" [firmware/nnet_utils/nnet_hept.h:63->firmware/nnet_utils/nnet_hept.h:250]   --->   Operation 48 'read' 'key_11_val44_read' <Predicate = true> <Delay = 0.00>
ST_1 : Operation 49 [1/1] (0.00ns)   --->   "%key_10_val43_read = read i13 @_ssdm_op_Read.ap_auto.i13, i13 %key_10_val43" [firmware/nnet_utils/nnet_hept.h:63->firmware/nnet_utils/nnet_hept.h:250]   --->   Operation 49 'read' 'key_10_val43_read' <Predicate = true> <Delay = 0.00>
ST_1 : Operation 50 [1/1] (0.00ns)   --->   "%key_9_val42_read = read i13 @_ssdm_op_Read.ap_auto.i13, i13 %key_9_val42" [firmware/nnet_utils/nnet_hept.h:63->firmware/nnet_utils/nnet_hept.h:250]   --->   Operation 50 'read' 'key_9_val42_read' <Predicate = true> <Delay = 0.00>
ST_1 : Operation 51 [1/1] (0.00ns)   --->   "%key_8_val41_read = read i13 @_ssdm_op_Read.ap_auto.i13, i13 %key_8_val41" [firmware/nnet_utils/nnet_hept.h:63->firmware/nnet_utils/nnet_hept.h:250]   --->   Operation 51 'read' 'key_8_val41_read' <Predicate = true> <Delay = 0.00>
ST_1 : Operation 52 [1/1] (0.00ns)   --->   "%key_7_val40_read = read i13 @_ssdm_op_Read.ap_auto.i13, i13 %key_7_val40" [firmware/nnet_utils/nnet_hept.h:63->firmware/nnet_utils/nnet_hept.h:250]   --->   Operation 52 'read' 'key_7_val40_read' <Predicate = true> <Delay = 0.00>
ST_1 : Operation 53 [1/1] (0.00ns)   --->   "%key_6_val39_read = read i13 @_ssdm_op_Read.ap_auto.i13, i13 %key_6_val39" [firmware/nnet_utils/nnet_hept.h:63->firmware/nnet_utils/nnet_hept.h:250]   --->   Operation 53 'read' 'key_6_val39_read' <Predicate = true> <Delay = 0.00>
ST_1 : Operation 54 [1/1] (0.00ns)   --->   "%key_5_val38_read = read i13 @_ssdm_op_Read.ap_auto.i13, i13 %key_5_val38" [firmware/nnet_utils/nnet_hept.h:63->firmware/nnet_utils/nnet_hept.h:250]   --->   Operation 54 'read' 'key_5_val38_read' <Predicate = true> <Delay = 0.00>
ST_1 : Operation 55 [1/1] (0.00ns)   --->   "%key_4_val37_read = read i13 @_ssdm_op_Read.ap_auto.i13, i13 %key_4_val37" [firmware/nnet_utils/nnet_hept.h:63->firmware/nnet_utils/nnet_hept.h:250]   --->   Operation 55 'read' 'key_4_val37_read' <Predicate = true> <Delay = 0.00>
ST_1 : Operation 56 [1/1] (0.00ns)   --->   "%key_3_val36_read = read i13 @_ssdm_op_Read.ap_auto.i13, i13 %key_3_val36" [firmware/nnet_utils/nnet_hept.h:63->firmware/nnet_utils/nnet_hept.h:250]   --->   Operation 56 'read' 'key_3_val36_read' <Predicate = true> <Delay = 0.00>
ST_1 : Operation 57 [1/1] (0.00ns)   --->   "%key_2_val35_read = read i13 @_ssdm_op_Read.ap_auto.i13, i13 %key_2_val35" [firmware/nnet_utils/nnet_hept.h:63->firmware/nnet_utils/nnet_hept.h:250]   --->   Operation 57 'read' 'key_2_val35_read' <Predicate = true> <Delay = 0.00>
ST_1 : Operation 58 [1/1] (0.00ns)   --->   "%key_1_val34_read = read i13 @_ssdm_op_Read.ap_auto.i13, i13 %key_1_val34" [firmware/nnet_utils/nnet_hept.h:63->firmware/nnet_utils/nnet_hept.h:250]   --->   Operation 58 'read' 'key_1_val34_read' <Predicate = true> <Delay = 0.00>
ST_1 : Operation 59 [1/1] (0.00ns)   --->   "%key_0_val33_read = read i13 @_ssdm_op_Read.ap_auto.i13, i13 %key_0_val33" [firmware/nnet_utils/nnet_hept.h:63->firmware/nnet_utils/nnet_hept.h:250]   --->   Operation 59 'read' 'key_0_val33_read' <Predicate = true> <Delay = 0.00>
ST_1 : Operation 60 [1/1] (0.00ns)   --->   "%query_31_val32_read = read i13 @_ssdm_op_Read.ap_auto.i13, i13 %query_31_val32" [firmware/nnet_utils/nnet_hept.h:63->firmware/nnet_utils/nnet_hept.h:250]   --->   Operation 60 'read' 'query_31_val32_read' <Predicate = true> <Delay = 0.00>
ST_1 : Operation 61 [1/1] (0.00ns)   --->   "%query_30_val31_read = read i13 @_ssdm_op_Read.ap_auto.i13, i13 %query_30_val31" [firmware/nnet_utils/nnet_hept.h:63->firmware/nnet_utils/nnet_hept.h:250]   --->   Operation 61 'read' 'query_30_val31_read' <Predicate = true> <Delay = 0.00>
ST_1 : Operation 62 [1/1] (0.00ns)   --->   "%query_29_val30_read = read i13 @_ssdm_op_Read.ap_auto.i13, i13 %query_29_val30" [firmware/nnet_utils/nnet_hept.h:63->firmware/nnet_utils/nnet_hept.h:250]   --->   Operation 62 'read' 'query_29_val30_read' <Predicate = true> <Delay = 0.00>
ST_1 : Operation 63 [1/1] (0.00ns)   --->   "%query_28_val29_read = read i13 @_ssdm_op_Read.ap_auto.i13, i13 %query_28_val29" [firmware/nnet_utils/nnet_hept.h:63->firmware/nnet_utils/nnet_hept.h:250]   --->   Operation 63 'read' 'query_28_val29_read' <Predicate = true> <Delay = 0.00>
ST_1 : Operation 64 [1/1] (0.00ns)   --->   "%query_27_val28_read = read i13 @_ssdm_op_Read.ap_auto.i13, i13 %query_27_val28" [firmware/nnet_utils/nnet_hept.h:63->firmware/nnet_utils/nnet_hept.h:250]   --->   Operation 64 'read' 'query_27_val28_read' <Predicate = true> <Delay = 0.00>
ST_1 : Operation 65 [1/1] (0.00ns)   --->   "%query_26_val27_read = read i13 @_ssdm_op_Read.ap_auto.i13, i13 %query_26_val27" [firmware/nnet_utils/nnet_hept.h:63->firmware/nnet_utils/nnet_hept.h:250]   --->   Operation 65 'read' 'query_26_val27_read' <Predicate = true> <Delay = 0.00>
ST_1 : Operation 66 [1/1] (0.00ns)   --->   "%query_25_val26_read = read i13 @_ssdm_op_Read.ap_auto.i13, i13 %query_25_val26" [firmware/nnet_utils/nnet_hept.h:63->firmware/nnet_utils/nnet_hept.h:250]   --->   Operation 66 'read' 'query_25_val26_read' <Predicate = true> <Delay = 0.00>
ST_1 : Operation 67 [1/1] (0.00ns)   --->   "%query_24_val25_read = read i13 @_ssdm_op_Read.ap_auto.i13, i13 %query_24_val25" [firmware/nnet_utils/nnet_hept.h:63->firmware/nnet_utils/nnet_hept.h:250]   --->   Operation 67 'read' 'query_24_val25_read' <Predicate = true> <Delay = 0.00>
ST_1 : Operation 68 [1/1] (0.00ns)   --->   "%query_23_val24_read = read i13 @_ssdm_op_Read.ap_auto.i13, i13 %query_23_val24" [firmware/nnet_utils/nnet_hept.h:63->firmware/nnet_utils/nnet_hept.h:250]   --->   Operation 68 'read' 'query_23_val24_read' <Predicate = true> <Delay = 0.00>
ST_1 : Operation 69 [1/1] (0.00ns)   --->   "%query_22_val23_read = read i13 @_ssdm_op_Read.ap_auto.i13, i13 %query_22_val23" [firmware/nnet_utils/nnet_hept.h:63->firmware/nnet_utils/nnet_hept.h:250]   --->   Operation 69 'read' 'query_22_val23_read' <Predicate = true> <Delay = 0.00>
ST_1 : Operation 70 [1/1] (0.00ns)   --->   "%query_21_val22_read = read i13 @_ssdm_op_Read.ap_auto.i13, i13 %query_21_val22" [firmware/nnet_utils/nnet_hept.h:63->firmware/nnet_utils/nnet_hept.h:250]   --->   Operation 70 'read' 'query_21_val22_read' <Predicate = true> <Delay = 0.00>
ST_1 : Operation 71 [1/1] (0.00ns)   --->   "%query_20_val21_read = read i13 @_ssdm_op_Read.ap_auto.i13, i13 %query_20_val21" [firmware/nnet_utils/nnet_hept.h:63->firmware/nnet_utils/nnet_hept.h:250]   --->   Operation 71 'read' 'query_20_val21_read' <Predicate = true> <Delay = 0.00>
ST_1 : Operation 72 [1/1] (0.00ns)   --->   "%query_19_val20_read = read i13 @_ssdm_op_Read.ap_auto.i13, i13 %query_19_val20" [firmware/nnet_utils/nnet_hept.h:63->firmware/nnet_utils/nnet_hept.h:250]   --->   Operation 72 'read' 'query_19_val20_read' <Predicate = true> <Delay = 0.00>
ST_1 : Operation 73 [1/1] (0.00ns)   --->   "%query_18_val19_read = read i13 @_ssdm_op_Read.ap_auto.i13, i13 %query_18_val19" [firmware/nnet_utils/nnet_hept.h:63->firmware/nnet_utils/nnet_hept.h:250]   --->   Operation 73 'read' 'query_18_val19_read' <Predicate = true> <Delay = 0.00>
ST_1 : Operation 74 [1/1] (0.00ns)   --->   "%query_17_val18_read = read i13 @_ssdm_op_Read.ap_auto.i13, i13 %query_17_val18" [firmware/nnet_utils/nnet_hept.h:63->firmware/nnet_utils/nnet_hept.h:250]   --->   Operation 74 'read' 'query_17_val18_read' <Predicate = true> <Delay = 0.00>
ST_1 : Operation 75 [1/1] (0.00ns)   --->   "%query_16_val17_read = read i13 @_ssdm_op_Read.ap_auto.i13, i13 %query_16_val17" [firmware/nnet_utils/nnet_hept.h:63->firmware/nnet_utils/nnet_hept.h:250]   --->   Operation 75 'read' 'query_16_val17_read' <Predicate = true> <Delay = 0.00>
ST_1 : Operation 76 [1/1] (0.00ns)   --->   "%query_15_val16_read = read i13 @_ssdm_op_Read.ap_auto.i13, i13 %query_15_val16" [firmware/nnet_utils/nnet_hept.h:63->firmware/nnet_utils/nnet_hept.h:250]   --->   Operation 76 'read' 'query_15_val16_read' <Predicate = true> <Delay = 0.00>
ST_1 : Operation 77 [1/1] (0.00ns)   --->   "%query_14_val15_read = read i13 @_ssdm_op_Read.ap_auto.i13, i13 %query_14_val15" [firmware/nnet_utils/nnet_hept.h:63->firmware/nnet_utils/nnet_hept.h:250]   --->   Operation 77 'read' 'query_14_val15_read' <Predicate = true> <Delay = 0.00>
ST_1 : Operation 78 [1/1] (0.00ns)   --->   "%query_13_val14_read = read i13 @_ssdm_op_Read.ap_auto.i13, i13 %query_13_val14" [firmware/nnet_utils/nnet_hept.h:63->firmware/nnet_utils/nnet_hept.h:250]   --->   Operation 78 'read' 'query_13_val14_read' <Predicate = true> <Delay = 0.00>
ST_1 : Operation 79 [1/1] (0.00ns)   --->   "%query_12_val13_read = read i13 @_ssdm_op_Read.ap_auto.i13, i13 %query_12_val13" [firmware/nnet_utils/nnet_hept.h:63->firmware/nnet_utils/nnet_hept.h:250]   --->   Operation 79 'read' 'query_12_val13_read' <Predicate = true> <Delay = 0.00>
ST_1 : Operation 80 [1/1] (0.00ns)   --->   "%query_11_val12_read = read i13 @_ssdm_op_Read.ap_auto.i13, i13 %query_11_val12" [firmware/nnet_utils/nnet_hept.h:63->firmware/nnet_utils/nnet_hept.h:250]   --->   Operation 80 'read' 'query_11_val12_read' <Predicate = true> <Delay = 0.00>
ST_1 : Operation 81 [1/1] (0.00ns)   --->   "%query_10_val11_read = read i13 @_ssdm_op_Read.ap_auto.i13, i13 %query_10_val11" [firmware/nnet_utils/nnet_hept.h:63->firmware/nnet_utils/nnet_hept.h:250]   --->   Operation 81 'read' 'query_10_val11_read' <Predicate = true> <Delay = 0.00>
ST_1 : Operation 82 [1/1] (0.00ns)   --->   "%query_9_val10_read = read i13 @_ssdm_op_Read.ap_auto.i13, i13 %query_9_val10" [firmware/nnet_utils/nnet_hept.h:63->firmware/nnet_utils/nnet_hept.h:250]   --->   Operation 82 'read' 'query_9_val10_read' <Predicate = true> <Delay = 0.00>
ST_1 : Operation 83 [1/1] (0.00ns)   --->   "%query_8_val9_read = read i13 @_ssdm_op_Read.ap_auto.i13, i13 %query_8_val9" [firmware/nnet_utils/nnet_hept.h:63->firmware/nnet_utils/nnet_hept.h:250]   --->   Operation 83 'read' 'query_8_val9_read' <Predicate = true> <Delay = 0.00>
ST_1 : Operation 84 [1/1] (0.00ns)   --->   "%query_7_val8_read = read i13 @_ssdm_op_Read.ap_auto.i13, i13 %query_7_val8" [firmware/nnet_utils/nnet_hept.h:63->firmware/nnet_utils/nnet_hept.h:250]   --->   Operation 84 'read' 'query_7_val8_read' <Predicate = true> <Delay = 0.00>
ST_1 : Operation 85 [1/1] (0.00ns)   --->   "%query_6_val7_read = read i13 @_ssdm_op_Read.ap_auto.i13, i13 %query_6_val7" [firmware/nnet_utils/nnet_hept.h:63->firmware/nnet_utils/nnet_hept.h:250]   --->   Operation 85 'read' 'query_6_val7_read' <Predicate = true> <Delay = 0.00>
ST_1 : Operation 86 [1/1] (0.00ns)   --->   "%query_5_val6_read = read i13 @_ssdm_op_Read.ap_auto.i13, i13 %query_5_val6" [firmware/nnet_utils/nnet_hept.h:63->firmware/nnet_utils/nnet_hept.h:250]   --->   Operation 86 'read' 'query_5_val6_read' <Predicate = true> <Delay = 0.00>
ST_1 : Operation 87 [1/1] (0.00ns)   --->   "%query_4_val5_read = read i13 @_ssdm_op_Read.ap_auto.i13, i13 %query_4_val5" [firmware/nnet_utils/nnet_hept.h:63->firmware/nnet_utils/nnet_hept.h:250]   --->   Operation 87 'read' 'query_4_val5_read' <Predicate = true> <Delay = 0.00>
ST_1 : Operation 88 [1/1] (0.00ns)   --->   "%query_3_val4_read = read i13 @_ssdm_op_Read.ap_auto.i13, i13 %query_3_val4" [firmware/nnet_utils/nnet_hept.h:63->firmware/nnet_utils/nnet_hept.h:250]   --->   Operation 88 'read' 'query_3_val4_read' <Predicate = true> <Delay = 0.00>
ST_1 : Operation 89 [1/1] (0.00ns)   --->   "%query_2_val3_read = read i13 @_ssdm_op_Read.ap_auto.i13, i13 %query_2_val3" [firmware/nnet_utils/nnet_hept.h:63->firmware/nnet_utils/nnet_hept.h:250]   --->   Operation 89 'read' 'query_2_val3_read' <Predicate = true> <Delay = 0.00>
ST_1 : Operation 90 [1/1] (0.00ns)   --->   "%query_1_val2_read = read i13 @_ssdm_op_Read.ap_auto.i13, i13 %query_1_val2" [firmware/nnet_utils/nnet_hept.h:63->firmware/nnet_utils/nnet_hept.h:250]   --->   Operation 90 'read' 'query_1_val2_read' <Predicate = true> <Delay = 0.00>
ST_1 : Operation 91 [1/1] (0.00ns)   --->   "%query_0_val1_read = read i13 @_ssdm_op_Read.ap_auto.i13, i13 %query_0_val1" [firmware/nnet_utils/nnet_hept.h:63->firmware/nnet_utils/nnet_hept.h:250]   --->   Operation 91 'read' 'query_0_val1_read' <Predicate = true> <Delay = 0.00>
ST_1 : Operation 92 [7/7] (3.24ns)   --->   "%call_ret2 = call i104 @pairwise_dist_sq_rbf<ap_fixed,ap_fixed<13,4,4,0,0>,config5>, i13 %query_0_val1_read, i13 %query_1_val2_read, i13 %query_2_val3_read, i13 %query_3_val4_read, i13 %query_4_val5_read, i13 %query_5_val6_read, i13 %query_6_val7_read, i13 %query_7_val8_read, i13 %query_8_val9_read, i13 %query_9_val10_read, i13 %query_10_val11_read, i13 %query_11_val12_read, i13 %query_12_val13_read, i13 %query_13_val14_read, i13 %query_14_val15_read, i13 %query_15_val16_read, i13 %query_16_val17_read, i13 %query_17_val18_read, i13 %query_18_val19_read, i13 %query_19_val20_read, i13 %query_20_val21_read, i13 %query_21_val22_read, i13 %query_22_val23_read, i13 %query_23_val24_read, i13 %query_24_val25_read, i13 %query_25_val26_read, i13 %query_26_val27_read, i13 %query_27_val28_read, i13 %query_28_val29_read, i13 %query_29_val30_read, i13 %query_30_val31_read, i13 %query_31_val32_read, i13 %key_0_val33_read, i13 %key_1_val34_read, i13 %key_2_val35_read, i13 %key_3_val36_read, i13 %key_4_val37_read, i13 %key_5_val38_read, i13 %key_6_val39_read, i13 %key_7_val40_read, i13 %key_8_val41_read, i13 %key_9_val42_read, i13 %key_10_val43_read, i13 %key_11_val44_read, i13 %key_12_val45_read, i13 %key_13_val46_read, i13 %key_14_val47_read, i13 %key_15_val48_read, i13 %key_16_val49_read, i13 %key_17_val50_read, i13 %key_18_val51_read, i13 %key_19_val52_read, i13 %key_20_val53_read, i13 %key_21_val54_read, i13 %key_22_val55_read, i13 %key_23_val56_read, i13 %key_24_val57_read, i13 %key_25_val58_read, i13 %key_26_val59_read, i13 %key_27_val60_read, i13 %key_28_val61_read, i13 %key_29_val62_read, i13 %key_30_val63_read, i13 %key_31_val64_read, i16 %exp_table" [firmware/nnet_utils/nnet_hept.h:253]   --->   Operation 92 'call' 'call_ret2' <Predicate = true> <Delay = 3.24> <CoreType = "Generic">   --->   Core 0 '' <Latency = 0> <II = 1> <Delay = 1.00> <Generic> <Opcode : >

State 2 <SV = 1> <Delay = 4.26>
ST_2 : Operation 93 [6/7] (4.26ns)   --->   "%call_ret2 = call i104 @pairwise_dist_sq_rbf<ap_fixed,ap_fixed<13,4,4,0,0>,config5>, i13 %query_0_val1_read, i13 %query_1_val2_read, i13 %query_2_val3_read, i13 %query_3_val4_read, i13 %query_4_val5_read, i13 %query_5_val6_read, i13 %query_6_val7_read, i13 %query_7_val8_read, i13 %query_8_val9_read, i13 %query_9_val10_read, i13 %query_10_val11_read, i13 %query_11_val12_read, i13 %query_12_val13_read, i13 %query_13_val14_read, i13 %query_14_val15_read, i13 %query_15_val16_read, i13 %query_16_val17_read, i13 %query_17_val18_read, i13 %query_18_val19_read, i13 %query_19_val20_read, i13 %query_20_val21_read, i13 %query_21_val22_read, i13 %query_22_val23_read, i13 %query_23_val24_read, i13 %query_24_val25_read, i13 %query_25_val26_read, i13 %query_26_val27_read, i13 %query_27_val28_read, i13 %query_28_val29_read, i13 %query_29_val30_read, i13 %query_30_val31_read, i13 %query_31_val32_read, i13 %key_0_val33_read, i13 %key_1_val34_read, i13 %key_2_val35_read, i13 %key_3_val36_read, i13 %key_4_val37_read, i13 %key_5_val38_read, i13 %key_6_val39_read, i13 %key_7_val40_read, i13 %key_8_val41_read, i13 %key_9_val42_read, i13 %key_10_val43_read, i13 %key_11_val44_read, i13 %key_12_val45_read, i13 %key_13_val46_read, i13 %key_14_val47_read, i13 %key_15_val48_read, i13 %key_16_val49_read, i13 %key_17_val50_read, i13 %key_18_val51_read, i13 %key_19_val52_read, i13 %key_20_val53_read, i13 %key_21_val54_read, i13 %key_22_val55_read, i13 %key_23_val56_read, i13 %key_24_val57_read, i13 %key_25_val58_read, i13 %key_26_val59_read, i13 %key_27_val60_read, i13 %key_28_val61_read, i13 %key_29_val62_read, i13 %key_30_val63_read, i13 %key_31_val64_read, i16 %exp_table" [firmware/nnet_utils/nnet_hept.h:253]   --->   Operation 93 'call' 'call_ret2' <Predicate = true> <Delay = 4.26> <CoreType = "Generic">   --->   Core 0 '' <Latency = 0> <II = 1> <Delay = 1.00> <Generic> <Opcode : >

State 3 <SV = 2> <Delay = 4.26>
ST_3 : Operation 94 [5/7] (4.26ns)   --->   "%call_ret2 = call i104 @pairwise_dist_sq_rbf<ap_fixed,ap_fixed<13,4,4,0,0>,config5>, i13 %query_0_val1_read, i13 %query_1_val2_read, i13 %query_2_val3_read, i13 %query_3_val4_read, i13 %query_4_val5_read, i13 %query_5_val6_read, i13 %query_6_val7_read, i13 %query_7_val8_read, i13 %query_8_val9_read, i13 %query_9_val10_read, i13 %query_10_val11_read, i13 %query_11_val12_read, i13 %query_12_val13_read, i13 %query_13_val14_read, i13 %query_14_val15_read, i13 %query_15_val16_read, i13 %query_16_val17_read, i13 %query_17_val18_read, i13 %query_18_val19_read, i13 %query_19_val20_read, i13 %query_20_val21_read, i13 %query_21_val22_read, i13 %query_22_val23_read, i13 %query_23_val24_read, i13 %query_24_val25_read, i13 %query_25_val26_read, i13 %query_26_val27_read, i13 %query_27_val28_read, i13 %query_28_val29_read, i13 %query_29_val30_read, i13 %query_30_val31_read, i13 %query_31_val32_read, i13 %key_0_val33_read, i13 %key_1_val34_read, i13 %key_2_val35_read, i13 %key_3_val36_read, i13 %key_4_val37_read, i13 %key_5_val38_read, i13 %key_6_val39_read, i13 %key_7_val40_read, i13 %key_8_val41_read, i13 %key_9_val42_read, i13 %key_10_val43_read, i13 %key_11_val44_read, i13 %key_12_val45_read, i13 %key_13_val46_read, i13 %key_14_val47_read, i13 %key_15_val48_read, i13 %key_16_val49_read, i13 %key_17_val50_read, i13 %key_18_val51_read, i13 %key_19_val52_read, i13 %key_20_val53_read, i13 %key_21_val54_read, i13 %key_22_val55_read, i13 %key_23_val56_read, i13 %key_24_val57_read, i13 %key_25_val58_read, i13 %key_26_val59_read, i13 %key_27_val60_read, i13 %key_28_val61_read, i13 %key_29_val62_read, i13 %key_30_val63_read, i13 %key_31_val64_read, i16 %exp_table" [firmware/nnet_utils/nnet_hept.h:253]   --->   Operation 94 'call' 'call_ret2' <Predicate = true> <Delay = 4.26> <CoreType = "Generic">   --->   Core 0 '' <Latency = 0> <II = 1> <Delay = 1.00> <Generic> <Opcode : >

State 4 <SV = 3> <Delay = 4.26>
ST_4 : Operation 95 [4/7] (4.26ns)   --->   "%call_ret2 = call i104 @pairwise_dist_sq_rbf<ap_fixed,ap_fixed<13,4,4,0,0>,config5>, i13 %query_0_val1_read, i13 %query_1_val2_read, i13 %query_2_val3_read, i13 %query_3_val4_read, i13 %query_4_val5_read, i13 %query_5_val6_read, i13 %query_6_val7_read, i13 %query_7_val8_read, i13 %query_8_val9_read, i13 %query_9_val10_read, i13 %query_10_val11_read, i13 %query_11_val12_read, i13 %query_12_val13_read, i13 %query_13_val14_read, i13 %query_14_val15_read, i13 %query_15_val16_read, i13 %query_16_val17_read, i13 %query_17_val18_read, i13 %query_18_val19_read, i13 %query_19_val20_read, i13 %query_20_val21_read, i13 %query_21_val22_read, i13 %query_22_val23_read, i13 %query_23_val24_read, i13 %query_24_val25_read, i13 %query_25_val26_read, i13 %query_26_val27_read, i13 %query_27_val28_read, i13 %query_28_val29_read, i13 %query_29_val30_read, i13 %query_30_val31_read, i13 %query_31_val32_read, i13 %key_0_val33_read, i13 %key_1_val34_read, i13 %key_2_val35_read, i13 %key_3_val36_read, i13 %key_4_val37_read, i13 %key_5_val38_read, i13 %key_6_val39_read, i13 %key_7_val40_read, i13 %key_8_val41_read, i13 %key_9_val42_read, i13 %key_10_val43_read, i13 %key_11_val44_read, i13 %key_12_val45_read, i13 %key_13_val46_read, i13 %key_14_val47_read, i13 %key_15_val48_read, i13 %key_16_val49_read, i13 %key_17_val50_read, i13 %key_18_val51_read, i13 %key_19_val52_read, i13 %key_20_val53_read, i13 %key_21_val54_read, i13 %key_22_val55_read, i13 %key_23_val56_read, i13 %key_24_val57_read, i13 %key_25_val58_read, i13 %key_26_val59_read, i13 %key_27_val60_read, i13 %key_28_val61_read, i13 %key_29_val62_read, i13 %key_30_val63_read, i13 %key_31_val64_read, i16 %exp_table" [firmware/nnet_utils/nnet_hept.h:253]   --->   Operation 95 'call' 'call_ret2' <Predicate = true> <Delay = 4.26> <CoreType = "Generic">   --->   Core 0 '' <Latency = 0> <II = 1> <Delay = 1.00> <Generic> <Opcode : >

State 5 <SV = 4> <Delay = 4.26>
ST_5 : Operation 96 [3/7] (4.26ns)   --->   "%call_ret2 = call i104 @pairwise_dist_sq_rbf<ap_fixed,ap_fixed<13,4,4,0,0>,config5>, i13 %query_0_val1_read, i13 %query_1_val2_read, i13 %query_2_val3_read, i13 %query_3_val4_read, i13 %query_4_val5_read, i13 %query_5_val6_read, i13 %query_6_val7_read, i13 %query_7_val8_read, i13 %query_8_val9_read, i13 %query_9_val10_read, i13 %query_10_val11_read, i13 %query_11_val12_read, i13 %query_12_val13_read, i13 %query_13_val14_read, i13 %query_14_val15_read, i13 %query_15_val16_read, i13 %query_16_val17_read, i13 %query_17_val18_read, i13 %query_18_val19_read, i13 %query_19_val20_read, i13 %query_20_val21_read, i13 %query_21_val22_read, i13 %query_22_val23_read, i13 %query_23_val24_read, i13 %query_24_val25_read, i13 %query_25_val26_read, i13 %query_26_val27_read, i13 %query_27_val28_read, i13 %query_28_val29_read, i13 %query_29_val30_read, i13 %query_30_val31_read, i13 %query_31_val32_read, i13 %key_0_val33_read, i13 %key_1_val34_read, i13 %key_2_val35_read, i13 %key_3_val36_read, i13 %key_4_val37_read, i13 %key_5_val38_read, i13 %key_6_val39_read, i13 %key_7_val40_read, i13 %key_8_val41_read, i13 %key_9_val42_read, i13 %key_10_val43_read, i13 %key_11_val44_read, i13 %key_12_val45_read, i13 %key_13_val46_read, i13 %key_14_val47_read, i13 %key_15_val48_read, i13 %key_16_val49_read, i13 %key_17_val50_read, i13 %key_18_val51_read, i13 %key_19_val52_read, i13 %key_20_val53_read, i13 %key_21_val54_read, i13 %key_22_val55_read, i13 %key_23_val56_read, i13 %key_24_val57_read, i13 %key_25_val58_read, i13 %key_26_val59_read, i13 %key_27_val60_read, i13 %key_28_val61_read, i13 %key_29_val62_read, i13 %key_30_val63_read, i13 %key_31_val64_read, i16 %exp_table" [firmware/nnet_utils/nnet_hept.h:253]   --->   Operation 96 'call' 'call_ret2' <Predicate = true> <Delay = 4.26> <CoreType = "Generic">   --->   Core 0 '' <Latency = 0> <II = 1> <Delay = 1.00> <Generic> <Opcode : >

State 6 <SV = 5> <Delay = 4.26>
ST_6 : Operation 97 [2/7] (4.26ns)   --->   "%call_ret2 = call i104 @pairwise_dist_sq_rbf<ap_fixed,ap_fixed<13,4,4,0,0>,config5>, i13 %query_0_val1_read, i13 %query_1_val2_read, i13 %query_2_val3_read, i13 %query_3_val4_read, i13 %query_4_val5_read, i13 %query_5_val6_read, i13 %query_6_val7_read, i13 %query_7_val8_read, i13 %query_8_val9_read, i13 %query_9_val10_read, i13 %query_10_val11_read, i13 %query_11_val12_read, i13 %query_12_val13_read, i13 %query_13_val14_read, i13 %query_14_val15_read, i13 %query_15_val16_read, i13 %query_16_val17_read, i13 %query_17_val18_read, i13 %query_18_val19_read, i13 %query_19_val20_read, i13 %query_20_val21_read, i13 %query_21_val22_read, i13 %query_22_val23_read, i13 %query_23_val24_read, i13 %query_24_val25_read, i13 %query_25_val26_read, i13 %query_26_val27_read, i13 %query_27_val28_read, i13 %query_28_val29_read, i13 %query_29_val30_read, i13 %query_30_val31_read, i13 %query_31_val32_read, i13 %key_0_val33_read, i13 %key_1_val34_read, i13 %key_2_val35_read, i13 %key_3_val36_read, i13 %key_4_val37_read, i13 %key_5_val38_read, i13 %key_6_val39_read, i13 %key_7_val40_read, i13 %key_8_val41_read, i13 %key_9_val42_read, i13 %key_10_val43_read, i13 %key_11_val44_read, i13 %key_12_val45_read, i13 %key_13_val46_read, i13 %key_14_val47_read, i13 %key_15_val48_read, i13 %key_16_val49_read, i13 %key_17_val50_read, i13 %key_18_val51_read, i13 %key_19_val52_read, i13 %key_20_val53_read, i13 %key_21_val54_read, i13 %key_22_val55_read, i13 %key_23_val56_read, i13 %key_24_val57_read, i13 %key_25_val58_read, i13 %key_26_val59_read, i13 %key_27_val60_read, i13 %key_28_val61_read, i13 %key_29_val62_read, i13 %key_30_val63_read, i13 %key_31_val64_read, i16 %exp_table" [firmware/nnet_utils/nnet_hept.h:253]   --->   Operation 97 'call' 'call_ret2' <Predicate = true> <Delay = 4.26> <CoreType = "Generic">   --->   Core 0 '' <Latency = 0> <II = 1> <Delay = 1.00> <Generic> <Opcode : >

State 7 <SV = 6> <Delay = 2.59>
ST_7 : Operation 98 [1/7] (2.59ns)   --->   "%call_ret2 = call i104 @pairwise_dist_sq_rbf<ap_fixed,ap_fixed<13,4,4,0,0>,config5>, i13 %query_0_val1_read, i13 %query_1_val2_read, i13 %query_2_val3_read, i13 %query_3_val4_read, i13 %query_4_val5_read, i13 %query_5_val6_read, i13 %query_6_val7_read, i13 %query_7_val8_read, i13 %query_8_val9_read, i13 %query_9_val10_read, i13 %query_10_val11_read, i13 %query_11_val12_read, i13 %query_12_val13_read, i13 %query_13_val14_read, i13 %query_14_val15_read, i13 %query_15_val16_read, i13 %query_16_val17_read, i13 %query_17_val18_read, i13 %query_18_val19_read, i13 %query_19_val20_read, i13 %query_20_val21_read, i13 %query_21_val22_read, i13 %query_22_val23_read, i13 %query_23_val24_read, i13 %query_24_val25_read, i13 %query_25_val26_read, i13 %query_26_val27_read, i13 %query_27_val28_read, i13 %query_28_val29_read, i13 %query_29_val30_read, i13 %query_30_val31_read, i13 %query_31_val32_read, i13 %key_0_val33_read, i13 %key_1_val34_read, i13 %key_2_val35_read, i13 %key_3_val36_read, i13 %key_4_val37_read, i13 %key_5_val38_read, i13 %key_6_val39_read, i13 %key_7_val40_read, i13 %key_8_val41_read, i13 %key_9_val42_read, i13 %key_10_val43_read, i13 %key_11_val44_read, i13 %key_12_val45_read, i13 %key_13_val46_read, i13 %key_14_val47_read, i13 %key_15_val48_read, i13 %key_16_val49_read, i13 %key_17_val50_read, i13 %key_18_val51_read, i13 %key_19_val52_read, i13 %key_20_val53_read, i13 %key_21_val54_read, i13 %key_22_val55_read, i13 %key_23_val56_read, i13 %key_24_val57_read, i13 %key_25_val58_read, i13 %key_26_val59_read, i13 %key_27_val60_read, i13 %key_28_val61_read, i13 %key_29_val62_read, i13 %key_30_val63_read, i13 %key_31_val64_read, i16 %exp_table" [firmware/nnet_utils/nnet_hept.h:253]   --->   Operation 98 'call' 'call_ret2' <Predicate = true> <Delay = 2.59> <CoreType = "Generic">   --->   Core 0 '' <Latency = 0> <II = 1> <Delay = 1.00> <Generic> <Opcode : >
ST_7 : Operation 99 [1/1] (0.00ns)   --->   "%qk = extractvalue i104 %call_ret2" [firmware/nnet_utils/nnet_hept.h:253]   --->   Operation 99 'extractvalue' 'qk' <Predicate = true> <Delay = 0.00>
ST_7 : Operation 100 [1/1] (0.00ns)   --->   "%qk_1 = extractvalue i104 %call_ret2" [firmware/nnet_utils/nnet_hept.h:253]   --->   Operation 100 'extractvalue' 'qk_1' <Predicate = true> <Delay = 0.00>
ST_7 : Operation 101 [1/1] (0.00ns)   --->   "%qk_2 = extractvalue i104 %call_ret2" [firmware/nnet_utils/nnet_hept.h:253]   --->   Operation 101 'extractvalue' 'qk_2' <Predicate = true> <Delay = 0.00>
ST_7 : Operation 102 [1/1] (0.00ns)   --->   "%qk_3 = extractvalue i104 %call_ret2" [firmware/nnet_utils/nnet_hept.h:253]   --->   Operation 102 'extractvalue' 'qk_3' <Predicate = true> <Delay = 0.00>
ST_7 : Operation 103 [1/1] (0.00ns)   --->   "%qk_4 = extractvalue i104 %call_ret2" [firmware/nnet_utils/nnet_hept.h:253]   --->   Operation 103 'extractvalue' 'qk_4' <Predicate = true> <Delay = 0.00>
ST_7 : Operation 104 [1/1] (0.00ns)   --->   "%qk_5 = extractvalue i104 %call_ret2" [firmware/nnet_utils/nnet_hept.h:253]   --->   Operation 104 'extractvalue' 'qk_5' <Predicate = true> <Delay = 0.00>
ST_7 : Operation 105 [1/1] (0.00ns)   --->   "%qk_6 = extractvalue i104 %call_ret2" [firmware/nnet_utils/nnet_hept.h:253]   --->   Operation 105 'extractvalue' 'qk_6' <Predicate = true> <Delay = 0.00>
ST_7 : Operation 106 [1/1] (0.00ns)   --->   "%qk_7 = extractvalue i104 %call_ret2" [firmware/nnet_utils/nnet_hept.h:253]   --->   Operation 106 'extractvalue' 'qk_7' <Predicate = true> <Delay = 0.00>

State 8 <SV = 7> <Delay = 1.89>
ST_8 : Operation 107 [6/6] (1.89ns)   --->   "%call_ret3 = call i104 @mask_and_normalize<ap_fixed<13, 4, 4, 0, 0>, ap_fixed<13, 4, 4, 0, 0>, config5>, i13 %qk, i13 %qk_1, i13 %qk_2, i13 %qk_3, i13 %qk_4, i13 %qk_5, i13 %qk_6, i13 %qk_7, i13 %padding_mask_0_val65_read, i13 %padding_mask_1_val66_read, i13 %padding_mask_2_val67_read, i13 %padding_mask_3_val68_read, i11 %inv_table" [firmware/nnet_utils/nnet_hept.h:254]   --->   Operation 107 'call' 'call_ret3' <Predicate = true> <Delay = 1.89> <CoreType = "Generic">   --->   Core 0 '' <Latency = 0> <II = 1> <Delay = 1.00> <Generic> <Opcode : >

State 9 <SV = 8> <Delay = 4.27>
ST_9 : Operation 108 [5/6] (4.27ns)   --->   "%call_ret3 = call i104 @mask_and_normalize<ap_fixed<13, 4, 4, 0, 0>, ap_fixed<13, 4, 4, 0, 0>, config5>, i13 %qk, i13 %qk_1, i13 %qk_2, i13 %qk_3, i13 %qk_4, i13 %qk_5, i13 %qk_6, i13 %qk_7, i13 %padding_mask_0_val65_read, i13 %padding_mask_1_val66_read, i13 %padding_mask_2_val67_read, i13 %padding_mask_3_val68_read, i11 %inv_table" [firmware/nnet_utils/nnet_hept.h:254]   --->   Operation 108 'call' 'call_ret3' <Predicate = true> <Delay = 4.27> <CoreType = "Generic">   --->   Core 0 '' <Latency = 0> <II = 1> <Delay = 1.00> <Generic> <Opcode : >

State 10 <SV = 9> <Delay = 4.27>
ST_10 : Operation 109 [4/6] (4.27ns)   --->   "%call_ret3 = call i104 @mask_and_normalize<ap_fixed<13, 4, 4, 0, 0>, ap_fixed<13, 4, 4, 0, 0>, config5>, i13 %qk, i13 %qk_1, i13 %qk_2, i13 %qk_3, i13 %qk_4, i13 %qk_5, i13 %qk_6, i13 %qk_7, i13 %padding_mask_0_val65_read, i13 %padding_mask_1_val66_read, i13 %padding_mask_2_val67_read, i13 %padding_mask_3_val68_read, i11 %inv_table" [firmware/nnet_utils/nnet_hept.h:254]   --->   Operation 109 'call' 'call_ret3' <Predicate = true> <Delay = 4.27> <CoreType = "Generic">   --->   Core 0 '' <Latency = 0> <II = 1> <Delay = 1.00> <Generic> <Opcode : >

State 11 <SV = 10> <Delay = 4.27>
ST_11 : Operation 110 [3/6] (4.27ns)   --->   "%call_ret3 = call i104 @mask_and_normalize<ap_fixed<13, 4, 4, 0, 0>, ap_fixed<13, 4, 4, 0, 0>, config5>, i13 %qk, i13 %qk_1, i13 %qk_2, i13 %qk_3, i13 %qk_4, i13 %qk_5, i13 %qk_6, i13 %qk_7, i13 %padding_mask_0_val65_read, i13 %padding_mask_1_val66_read, i13 %padding_mask_2_val67_read, i13 %padding_mask_3_val68_read, i11 %inv_table" [firmware/nnet_utils/nnet_hept.h:254]   --->   Operation 110 'call' 'call_ret3' <Predicate = true> <Delay = 4.27> <CoreType = "Generic">   --->   Core 0 '' <Latency = 0> <II = 1> <Delay = 1.00> <Generic> <Opcode : >

State 12 <SV = 11> <Delay = 4.27>
ST_12 : Operation 111 [2/6] (4.27ns)   --->   "%call_ret3 = call i104 @mask_and_normalize<ap_fixed<13, 4, 4, 0, 0>, ap_fixed<13, 4, 4, 0, 0>, config5>, i13 %qk, i13 %qk_1, i13 %qk_2, i13 %qk_3, i13 %qk_4, i13 %qk_5, i13 %qk_6, i13 %qk_7, i13 %padding_mask_0_val65_read, i13 %padding_mask_1_val66_read, i13 %padding_mask_2_val67_read, i13 %padding_mask_3_val68_read, i11 %inv_table" [firmware/nnet_utils/nnet_hept.h:254]   --->   Operation 111 'call' 'call_ret3' <Predicate = true> <Delay = 4.27> <CoreType = "Generic">   --->   Core 0 '' <Latency = 0> <II = 1> <Delay = 1.00> <Generic> <Opcode : >

State 13 <SV = 12> <Delay = 4.19>
ST_13 : Operation 112 [1/6] (4.19ns)   --->   "%call_ret3 = call i104 @mask_and_normalize<ap_fixed<13, 4, 4, 0, 0>, ap_fixed<13, 4, 4, 0, 0>, config5>, i13 %qk, i13 %qk_1, i13 %qk_2, i13 %qk_3, i13 %qk_4, i13 %qk_5, i13 %qk_6, i13 %qk_7, i13 %padding_mask_0_val65_read, i13 %padding_mask_1_val66_read, i13 %padding_mask_2_val67_read, i13 %padding_mask_3_val68_read, i11 %inv_table" [firmware/nnet_utils/nnet_hept.h:254]   --->   Operation 112 'call' 'call_ret3' <Predicate = true> <Delay = 4.19> <CoreType = "Generic">   --->   Core 0 '' <Latency = 0> <II = 1> <Delay = 1.00> <Generic> <Opcode : >
ST_13 : Operation 113 [1/1] (0.00ns)   --->   "%qk_norm = extractvalue i104 %call_ret3" [firmware/nnet_utils/nnet_hept.h:254]   --->   Operation 113 'extractvalue' 'qk_norm' <Predicate = true> <Delay = 0.00>
ST_13 : Operation 114 [1/1] (0.00ns)   --->   "%qk_norm_1 = extractvalue i104 %call_ret3" [firmware/nnet_utils/nnet_hept.h:254]   --->   Operation 114 'extractvalue' 'qk_norm_1' <Predicate = true> <Delay = 0.00>
ST_13 : Operation 115 [1/1] (0.00ns)   --->   "%qk_norm_2 = extractvalue i104 %call_ret3" [firmware/nnet_utils/nnet_hept.h:254]   --->   Operation 115 'extractvalue' 'qk_norm_2' <Predicate = true> <Delay = 0.00>
ST_13 : Operation 116 [1/1] (0.00ns)   --->   "%qk_norm_3 = extractvalue i104 %call_ret3" [firmware/nnet_utils/nnet_hept.h:254]   --->   Operation 116 'extractvalue' 'qk_norm_3' <Predicate = true> <Delay = 0.00>
ST_13 : Operation 117 [1/1] (0.00ns)   --->   "%qk_norm_4 = extractvalue i104 %call_ret3" [firmware/nnet_utils/nnet_hept.h:254]   --->   Operation 117 'extractvalue' 'qk_norm_4' <Predicate = true> <Delay = 0.00>
ST_13 : Operation 118 [1/1] (0.00ns)   --->   "%qk_norm_5 = extractvalue i104 %call_ret3" [firmware/nnet_utils/nnet_hept.h:254]   --->   Operation 118 'extractvalue' 'qk_norm_5' <Predicate = true> <Delay = 0.00>
ST_13 : Operation 119 [1/1] (0.00ns)   --->   "%qk_norm_6 = extractvalue i104 %call_ret3" [firmware/nnet_utils/nnet_hept.h:254]   --->   Operation 119 'extractvalue' 'qk_norm_6' <Predicate = true> <Delay = 0.00>
ST_13 : Operation 120 [1/1] (0.00ns)   --->   "%qk_norm_7 = extractvalue i104 %call_ret3" [firmware/nnet_utils/nnet_hept.h:254]   --->   Operation 120 'extractvalue' 'qk_norm_7' <Predicate = true> <Delay = 0.00>

State 14 <SV = 13> <Delay = 4.29>
ST_14 : Operation 121 [2/2] (4.29ns)   --->   "%call_ret4 = call i26 @dense_latency<ap_fixed<13, 4, 4, 0, 0>, ap_fixed<13, 4, 4, 0, 0>, config5_dense>, i13 %qk_norm, i13 %qk_norm_1, i13 %qk_norm_2, i13 %qk_norm_3, i13 %value_0_val_read, i13 %value_1_val_read, i13 %value_2_val_read, i13 %value_3_val_read, i2 0" [firmware/nnet_utils/nnet_dense.h:54->firmware/nnet_utils/nnet_dense.h:45->firmware/nnet_utils/nnet_hept.h:227->firmware/nnet_utils/nnet_hept.h:255]   --->   Operation 121 'call' 'call_ret4' <Predicate = true> <Delay = 4.29> <CoreType = "Generic">   --->   Core 0 '' <Latency = 0> <II = 1> <Delay = 1.00> <Generic> <Opcode : >
ST_14 : Operation 122 [2/2] (4.29ns)   --->   "%call_ret5 = call i26 @dense_latency<ap_fixed<13, 4, 4, 0, 0>, ap_fixed<13, 4, 4, 0, 0>, config5_dense>, i13 %qk_norm, i13 %qk_norm_1, i13 %qk_norm_2, i13 %qk_norm_3, i13 %value_0_val_read, i13 %value_1_val_read, i13 %value_2_val_read, i13 %value_3_val_read, i2 2" [firmware/nnet_utils/nnet_dense.h:54->firmware/nnet_utils/nnet_dense.h:45->firmware/nnet_utils/nnet_hept.h:227->firmware/nnet_utils/nnet_hept.h:255]   --->   Operation 122 'call' 'call_ret5' <Predicate = true> <Delay = 4.29> <CoreType = "Generic">   --->   Core 0 '' <Latency = 0> <II = 1> <Delay = 1.00> <Generic> <Opcode : >
ST_14 : Operation 123 [2/2] (4.29ns)   --->   "%call_ret6 = call i26 @dense_latency<ap_fixed<13, 4, 4, 0, 0>, ap_fixed<13, 4, 4, 0, 0>, config5_dense>.1, i13 %qk_norm_4, i13 %qk_norm_5, i13 %qk_norm_6, i13 %qk_norm_7, i13 %value_4_val_read, i13 %value_5_val_read, i13 %value_6_val_read, i13 %value_7_val_read, i3 4" [firmware/nnet_utils/nnet_dense.h:54->firmware/nnet_utils/nnet_dense.h:45->firmware/nnet_utils/nnet_hept.h:227->firmware/nnet_utils/nnet_hept.h:255]   --->   Operation 123 'call' 'call_ret6' <Predicate = true> <Delay = 4.29> <CoreType = "Generic">   --->   Core 0 '' <Latency = 0> <II = 1> <Delay = 1.00> <Generic> <Opcode : >
ST_14 : Operation 124 [2/2] (4.29ns)   --->   "%call_ret7 = call i26 @dense_latency<ap_fixed<13, 4, 4, 0, 0>, ap_fixed<13, 4, 4, 0, 0>, config5_dense>.1, i13 %qk_norm_4, i13 %qk_norm_5, i13 %qk_norm_6, i13 %qk_norm_7, i13 %value_4_val_read, i13 %value_5_val_read, i13 %value_6_val_read, i13 %value_7_val_read, i3 6" [firmware/nnet_utils/nnet_dense.h:54->firmware/nnet_utils/nnet_dense.h:45->firmware/nnet_utils/nnet_hept.h:227->firmware/nnet_utils/nnet_hept.h:255]   --->   Operation 124 'call' 'call_ret7' <Predicate = true> <Delay = 4.29> <CoreType = "Generic">   --->   Core 0 '' <Latency = 0> <II = 1> <Delay = 1.00> <Generic> <Opcode : >

State 15 <SV = 14> <Delay = 1.71>
ST_15 : Operation 125 [1/2] (1.71ns)   --->   "%call_ret4 = call i26 @dense_latency<ap_fixed<13, 4, 4, 0, 0>, ap_fixed<13, 4, 4, 0, 0>, config5_dense>, i13 %qk_norm, i13 %qk_norm_1, i13 %qk_norm_2, i13 %qk_norm_3, i13 %value_0_val_read, i13 %value_1_val_read, i13 %value_2_val_read, i13 %value_3_val_read, i2 0" [firmware/nnet_utils/nnet_dense.h:54->firmware/nnet_utils/nnet_dense.h:45->firmware/nnet_utils/nnet_hept.h:227->firmware/nnet_utils/nnet_hept.h:255]   --->   Operation 125 'call' 'call_ret4' <Predicate = true> <Delay = 1.71> <CoreType = "Generic">   --->   Core 0 '' <Latency = 0> <II = 1> <Delay = 1.00> <Generic> <Opcode : >
ST_15 : Operation 126 [1/1] (0.00ns)   --->   "%out_buffer_0 = extractvalue i26 %call_ret4" [firmware/nnet_utils/nnet_dense.h:54->firmware/nnet_utils/nnet_dense.h:45->firmware/nnet_utils/nnet_hept.h:227->firmware/nnet_utils/nnet_hept.h:255]   --->   Operation 126 'extractvalue' 'out_buffer_0' <Predicate = true> <Delay = 0.00>
ST_15 : Operation 127 [1/1] (0.00ns)   --->   "%out_buffer_1 = extractvalue i26 %call_ret4" [firmware/nnet_utils/nnet_dense.h:54->firmware/nnet_utils/nnet_dense.h:45->firmware/nnet_utils/nnet_hept.h:227->firmware/nnet_utils/nnet_hept.h:255]   --->   Operation 127 'extractvalue' 'out_buffer_1' <Predicate = true> <Delay = 0.00>
ST_15 : Operation 128 [1/2] (1.71ns)   --->   "%call_ret5 = call i26 @dense_latency<ap_fixed<13, 4, 4, 0, 0>, ap_fixed<13, 4, 4, 0, 0>, config5_dense>, i13 %qk_norm, i13 %qk_norm_1, i13 %qk_norm_2, i13 %qk_norm_3, i13 %value_0_val_read, i13 %value_1_val_read, i13 %value_2_val_read, i13 %value_3_val_read, i2 2" [firmware/nnet_utils/nnet_dense.h:54->firmware/nnet_utils/nnet_dense.h:45->firmware/nnet_utils/nnet_hept.h:227->firmware/nnet_utils/nnet_hept.h:255]   --->   Operation 128 'call' 'call_ret5' <Predicate = true> <Delay = 1.71> <CoreType = "Generic">   --->   Core 0 '' <Latency = 0> <II = 1> <Delay = 1.00> <Generic> <Opcode : >
ST_15 : Operation 129 [1/1] (0.00ns)   --->   "%out_buffer_0_1 = extractvalue i26 %call_ret5" [firmware/nnet_utils/nnet_dense.h:54->firmware/nnet_utils/nnet_dense.h:45->firmware/nnet_utils/nnet_hept.h:227->firmware/nnet_utils/nnet_hept.h:255]   --->   Operation 129 'extractvalue' 'out_buffer_0_1' <Predicate = true> <Delay = 0.00>
ST_15 : Operation 130 [1/1] (0.00ns)   --->   "%out_buffer_1_1 = extractvalue i26 %call_ret5" [firmware/nnet_utils/nnet_dense.h:54->firmware/nnet_utils/nnet_dense.h:45->firmware/nnet_utils/nnet_hept.h:227->firmware/nnet_utils/nnet_hept.h:255]   --->   Operation 130 'extractvalue' 'out_buffer_1_1' <Predicate = true> <Delay = 0.00>
ST_15 : Operation 131 [1/2] (1.71ns)   --->   "%call_ret6 = call i26 @dense_latency<ap_fixed<13, 4, 4, 0, 0>, ap_fixed<13, 4, 4, 0, 0>, config5_dense>.1, i13 %qk_norm_4, i13 %qk_norm_5, i13 %qk_norm_6, i13 %qk_norm_7, i13 %value_4_val_read, i13 %value_5_val_read, i13 %value_6_val_read, i13 %value_7_val_read, i3 4" [firmware/nnet_utils/nnet_dense.h:54->firmware/nnet_utils/nnet_dense.h:45->firmware/nnet_utils/nnet_hept.h:227->firmware/nnet_utils/nnet_hept.h:255]   --->   Operation 131 'call' 'call_ret6' <Predicate = true> <Delay = 1.71> <CoreType = "Generic">   --->   Core 0 '' <Latency = 0> <II = 1> <Delay = 1.00> <Generic> <Opcode : >
ST_15 : Operation 132 [1/1] (0.00ns)   --->   "%out_buffer_0_2 = extractvalue i26 %call_ret6" [firmware/nnet_utils/nnet_dense.h:54->firmware/nnet_utils/nnet_dense.h:45->firmware/nnet_utils/nnet_hept.h:227->firmware/nnet_utils/nnet_hept.h:255]   --->   Operation 132 'extractvalue' 'out_buffer_0_2' <Predicate = true> <Delay = 0.00>
ST_15 : Operation 133 [1/1] (0.00ns)   --->   "%out_buffer_1_2 = extractvalue i26 %call_ret6" [firmware/nnet_utils/nnet_dense.h:54->firmware/nnet_utils/nnet_dense.h:45->firmware/nnet_utils/nnet_hept.h:227->firmware/nnet_utils/nnet_hept.h:255]   --->   Operation 133 'extractvalue' 'out_buffer_1_2' <Predicate = true> <Delay = 0.00>
ST_15 : Operation 134 [1/2] (1.71ns)   --->   "%call_ret7 = call i26 @dense_latency<ap_fixed<13, 4, 4, 0, 0>, ap_fixed<13, 4, 4, 0, 0>, config5_dense>.1, i13 %qk_norm_4, i13 %qk_norm_5, i13 %qk_norm_6, i13 %qk_norm_7, i13 %value_4_val_read, i13 %value_5_val_read, i13 %value_6_val_read, i13 %value_7_val_read, i3 6" [firmware/nnet_utils/nnet_dense.h:54->firmware/nnet_utils/nnet_dense.h:45->firmware/nnet_utils/nnet_hept.h:227->firmware/nnet_utils/nnet_hept.h:255]   --->   Operation 134 'call' 'call_ret7' <Predicate = true> <Delay = 1.71> <CoreType = "Generic">   --->   Core 0 '' <Latency = 0> <II = 1> <Delay = 1.00> <Generic> <Opcode : >
ST_15 : Operation 135 [1/1] (0.00ns)   --->   "%out_buffer_0_3 = extractvalue i26 %call_ret7" [firmware/nnet_utils/nnet_dense.h:54->firmware/nnet_utils/nnet_dense.h:45->firmware/nnet_utils/nnet_hept.h:227->firmware/nnet_utils/nnet_hept.h:255]   --->   Operation 135 'extractvalue' 'out_buffer_0_3' <Predicate = true> <Delay = 0.00>
ST_15 : Operation 136 [1/1] (0.00ns)   --->   "%out_buffer_1_3 = extractvalue i26 %call_ret7" [firmware/nnet_utils/nnet_dense.h:54->firmware/nnet_utils/nnet_dense.h:45->firmware/nnet_utils/nnet_hept.h:227->firmware/nnet_utils/nnet_hept.h:255]   --->   Operation 136 'extractvalue' 'out_buffer_1_3' <Predicate = true> <Delay = 0.00>
ST_15 : Operation 137 [1/1] (0.00ns)   --->   "%mrv = insertvalue i104 <undef>, i13 %out_buffer_0" [firmware/nnet_utils/nnet_hept.h:257]   --->   Operation 137 'insertvalue' 'mrv' <Predicate = true> <Delay = 0.00>
ST_15 : Operation 138 [1/1] (0.00ns)   --->   "%mrv_1 = insertvalue i104 %mrv, i13 %out_buffer_1" [firmware/nnet_utils/nnet_hept.h:257]   --->   Operation 138 'insertvalue' 'mrv_1' <Predicate = true> <Delay = 0.00>
ST_15 : Operation 139 [1/1] (0.00ns)   --->   "%mrv_2 = insertvalue i104 %mrv_1, i13 %out_buffer_0_1" [firmware/nnet_utils/nnet_hept.h:257]   --->   Operation 139 'insertvalue' 'mrv_2' <Predicate = true> <Delay = 0.00>
ST_15 : Operation 140 [1/1] (0.00ns)   --->   "%mrv_3 = insertvalue i104 %mrv_2, i13 %out_buffer_1_1" [firmware/nnet_utils/nnet_hept.h:257]   --->   Operation 140 'insertvalue' 'mrv_3' <Predicate = true> <Delay = 0.00>
ST_15 : Operation 141 [1/1] (0.00ns)   --->   "%mrv_4 = insertvalue i104 %mrv_3, i13 %out_buffer_0_2" [firmware/nnet_utils/nnet_hept.h:257]   --->   Operation 141 'insertvalue' 'mrv_4' <Predicate = true> <Delay = 0.00>
ST_15 : Operation 142 [1/1] (0.00ns)   --->   "%mrv_5 = insertvalue i104 %mrv_4, i13 %out_buffer_1_2" [firmware/nnet_utils/nnet_hept.h:257]   --->   Operation 142 'insertvalue' 'mrv_5' <Predicate = true> <Delay = 0.00>
ST_15 : Operation 143 [1/1] (0.00ns)   --->   "%mrv_6 = insertvalue i104 %mrv_5, i13 %out_buffer_0_3" [firmware/nnet_utils/nnet_hept.h:257]   --->   Operation 143 'insertvalue' 'mrv_6' <Predicate = true> <Delay = 0.00>
ST_15 : Operation 144 [1/1] (0.00ns)   --->   "%mrv_7 = insertvalue i104 %mrv_6, i13 %out_buffer_1_3" [firmware/nnet_utils/nnet_hept.h:257]   --->   Operation 144 'insertvalue' 'mrv_7' <Predicate = true> <Delay = 0.00>
ST_15 : Operation 145 [1/1] (0.00ns)   --->   "%ret_ln257 = ret i104 %mrv_7" [firmware/nnet_utils/nnet_hept.h:257]   --->   Operation 145 'ret' 'ret_ln257' <Predicate = true> <Delay = 0.00>


============================================================
+ Verbose Summary: Timing violations
============================================================
Target clock period: 5.000ns, clock uncertainty: 0.625ns.

 <State 1>: 3.240ns
The critical path consists of the following:
	wire read operation ('key_31_val64_read', firmware/nnet_utils/nnet_hept.h:63->firmware/nnet_utils/nnet_hept.h:250) on port 'key_31_val64' (firmware/nnet_utils/nnet_hept.h:63->firmware/nnet_utils/nnet_hept.h:250) [91]  (0.000 ns)
	'call' operation 104 bit ('call_ret2', firmware/nnet_utils/nnet_hept.h:253) to 'pairwise_dist_sq_rbf<ap_fixed,ap_fixed<13,4,4,0,0>,config5>' [155]  (3.240 ns)

 <State 2>: 4.266ns
The critical path consists of the following:
	'call' operation 104 bit ('call_ret2', firmware/nnet_utils/nnet_hept.h:253) to 'pairwise_dist_sq_rbf<ap_fixed,ap_fixed<13,4,4,0,0>,config5>' [155]  (4.266 ns)

 <State 3>: 4.266ns
The critical path consists of the following:
	'call' operation 104 bit ('call_ret2', firmware/nnet_utils/nnet_hept.h:253) to 'pairwise_dist_sq_rbf<ap_fixed,ap_fixed<13,4,4,0,0>,config5>' [155]  (4.266 ns)

 <State 4>: 4.266ns
The critical path consists of the following:
	'call' operation 104 bit ('call_ret2', firmware/nnet_utils/nnet_hept.h:253) to 'pairwise_dist_sq_rbf<ap_fixed,ap_fixed<13,4,4,0,0>,config5>' [155]  (4.266 ns)

 <State 5>: 4.266ns
The critical path consists of the following:
	'call' operation 104 bit ('call_ret2', firmware/nnet_utils/nnet_hept.h:253) to 'pairwise_dist_sq_rbf<ap_fixed,ap_fixed<13,4,4,0,0>,config5>' [155]  (4.266 ns)

 <State 6>: 4.266ns
The critical path consists of the following:
	'call' operation 104 bit ('call_ret2', firmware/nnet_utils/nnet_hept.h:253) to 'pairwise_dist_sq_rbf<ap_fixed,ap_fixed<13,4,4,0,0>,config5>' [155]  (4.266 ns)

 <State 7>: 2.599ns
The critical path consists of the following:
	'call' operation 104 bit ('call_ret2', firmware/nnet_utils/nnet_hept.h:253) to 'pairwise_dist_sq_rbf<ap_fixed,ap_fixed<13,4,4,0,0>,config5>' [155]  (2.599 ns)

 <State 8>: 1.892ns
The critical path consists of the following:
	'call' operation 104 bit ('call_ret3', firmware/nnet_utils/nnet_hept.h:254) to 'mask_and_normalize<ap_fixed<13, 4, 4, 0, 0>, ap_fixed<13, 4, 4, 0, 0>, config5>' [164]  (1.892 ns)

 <State 9>: 4.279ns
The critical path consists of the following:
	'call' operation 104 bit ('call_ret3', firmware/nnet_utils/nnet_hept.h:254) to 'mask_and_normalize<ap_fixed<13, 4, 4, 0, 0>, ap_fixed<13, 4, 4, 0, 0>, config5>' [164]  (4.279 ns)

 <State 10>: 4.279ns
The critical path consists of the following:
	'call' operation 104 bit ('call_ret3', firmware/nnet_utils/nnet_hept.h:254) to 'mask_and_normalize<ap_fixed<13, 4, 4, 0, 0>, ap_fixed<13, 4, 4, 0, 0>, config5>' [164]  (4.279 ns)

 <State 11>: 4.279ns
The critical path consists of the following:
	'call' operation 104 bit ('call_ret3', firmware/nnet_utils/nnet_hept.h:254) to 'mask_and_normalize<ap_fixed<13, 4, 4, 0, 0>, ap_fixed<13, 4, 4, 0, 0>, config5>' [164]  (4.279 ns)

 <State 12>: 4.279ns
The critical path consists of the following:
	'call' operation 104 bit ('call_ret3', firmware/nnet_utils/nnet_hept.h:254) to 'mask_and_normalize<ap_fixed<13, 4, 4, 0, 0>, ap_fixed<13, 4, 4, 0, 0>, config5>' [164]  (4.279 ns)

 <State 13>: 4.197ns
The critical path consists of the following:
	'call' operation 104 bit ('call_ret3', firmware/nnet_utils/nnet_hept.h:254) to 'mask_and_normalize<ap_fixed<13, 4, 4, 0, 0>, ap_fixed<13, 4, 4, 0, 0>, config5>' [164]  (4.197 ns)

 <State 14>: 4.294ns
The critical path consists of the following:
	'call' operation 26 bit ('call_ret4', firmware/nnet_utils/nnet_dense.h:54->firmware/nnet_utils/nnet_dense.h:45->firmware/nnet_utils/nnet_hept.h:227->firmware/nnet_utils/nnet_hept.h:255) to 'dense_latency<ap_fixed<13, 4, 4, 0, 0>, ap_fixed<13, 4, 4, 0, 0>, config5_dense>' [173]  (4.294 ns)

 <State 15>: 1.716ns
The critical path consists of the following:
	'call' operation 26 bit ('call_ret4', firmware/nnet_utils/nnet_dense.h:54->firmware/nnet_utils/nnet_dense.h:45->firmware/nnet_utils/nnet_hept.h:227->firmware/nnet_utils/nnet_hept.h:255) to 'dense_latency<ap_fixed<13, 4, 4, 0, 0>, ap_fixed<13, 4, 4, 0, 0>, config5_dense>' [173]  (1.716 ns)


============================================================
+ Verbose Summary: Binding
============================================================
N/A
* FSMD analyzer results:
  - Output states:
 - Input state : 
  - Chain level:
	State 1
	State 2
	State 3
	State 4
	State 5
	State 6
	State 7
	State 8
	State 9
	State 10
	State 11
	State 12
	State 13
	State 14
	State 15


============================================================
+ Verbose Summary: Datapath Resource usage 
============================================================
N/A
