

================================================================
== Vitis HLS Report for 'dense_latency_ap_fixed_ap_fixed_16_6_5_3_0_config5_dense_alpha_s'
================================================================
* Date:           Tue Mar  4 14:23:36 2025

* Version:        2023.2 (Build 4023990 on Oct 11 2023)
* Project:        myproject_prj
* Solution:       solution1 (Vivado IP Flow Target)
* Product family: virtexuplus
* Target device:  xcvu13p-flga2577-2-e


================================================================
== Performance Estimates
================================================================
+ Timing: 
    * Summary: 
    +--------+---------+----------+------------+
    |  Clock |  Target | Estimated| Uncertainty|
    +--------+---------+----------+------------+
    |ap_clk  |  5.00 ns|  4.238 ns|     0.62 ns|
    +--------+---------+----------+------------+

+ Latency: 
    * Summary: 
    +---------+---------+----------+----------+-----+-----+---------+
    |  Latency (cycles) |  Latency (absolute) |  Interval | Pipeline|
    |   min   |   max   |    min   |    max   | min | max |   Type  |
    +---------+---------+----------+----------+-----+-----+---------+
    |        1|        1|  5.000 ns|  5.000 ns|    1|    1|      yes|
    +---------+---------+----------+----------+-----+-----+---------+

    + Detail: 
        * Instance: 
        N/A

        * Loop: 
        N/A

============================================================
+ Verbose Summary: Synthesis Manager
============================================================
InlineROM: 1
ExposeGlobal: 0
============================================================
+ Verbose Summary: CDFG Model
============================================================
IsTopModel: 0
ResetActiveHigh: 1
IsCombinational: 0
IsDatapathOnly: 0
HasWiredReturn: 1
HasMFsm: 2
HasVarLatency: 0
IsPipeline: 1
IsRtlPipelined: 1
IsInstanceOverlapped: 0
IsDontTouch: 0
HasImplIP: 0
IsGatedGlobalClock: 0

+ Individual pipeline summary: 
  * Pipeline-0: initiation interval (II) = 1, depth = 2


============================================================
+ Verbose Summary: Schedule
============================================================
* Number of FSM states : 2
* Pipeline : 1
  Pipeline-0 : II = 1, D = 2, States = { 1 2 }
* Dataflow Pipeline: 0

* FSM state transitions: 
1 --> 2 
2 --> 

* FSM state operations: 

State 1 <SV = 0> <Delay = 4.23>
ST_1 : Operation 3 [1/1] (0.00ns)   --->   "%idx_read = read i8 @_ssdm_op_Read.ap_auto.i8, i8 %idx"   --->   Operation 3 'read' 'idx_read' <Predicate = true> <Delay = 0.00>
ST_1 : Operation 4 [1/1] (0.00ns)   --->   "%data_143_val_read = read i16 @_ssdm_op_Read.ap_auto.i16, i16 %data_143_val"   --->   Operation 4 'read' 'data_143_val_read' <Predicate = true> <Delay = 0.00>
ST_1 : Operation 5 [1/1] (0.00ns)   --->   "%data_142_val_read = read i16 @_ssdm_op_Read.ap_auto.i16, i16 %data_142_val"   --->   Operation 5 'read' 'data_142_val_read' <Predicate = true> <Delay = 0.00>
ST_1 : Operation 6 [1/1] (0.00ns)   --->   "%data_141_val_read = read i16 @_ssdm_op_Read.ap_auto.i16, i16 %data_141_val"   --->   Operation 6 'read' 'data_141_val_read' <Predicate = true> <Delay = 0.00>
ST_1 : Operation 7 [1/1] (0.00ns)   --->   "%data_140_val_read = read i16 @_ssdm_op_Read.ap_auto.i16, i16 %data_140_val"   --->   Operation 7 'read' 'data_140_val_read' <Predicate = true> <Delay = 0.00>
ST_1 : Operation 8 [1/1] (0.00ns)   --->   "%data_139_val_read = read i16 @_ssdm_op_Read.ap_auto.i16, i16 %data_139_val"   --->   Operation 8 'read' 'data_139_val_read' <Predicate = true> <Delay = 0.00>
ST_1 : Operation 9 [1/1] (0.00ns)   --->   "%data_138_val_read = read i16 @_ssdm_op_Read.ap_auto.i16, i16 %data_138_val"   --->   Operation 9 'read' 'data_138_val_read' <Predicate = true> <Delay = 0.00>
ST_1 : Operation 10 [1/1] (0.00ns)   --->   "%data_137_val_read = read i16 @_ssdm_op_Read.ap_auto.i16, i16 %data_137_val"   --->   Operation 10 'read' 'data_137_val_read' <Predicate = true> <Delay = 0.00>
ST_1 : Operation 11 [1/1] (0.00ns)   --->   "%data_136_val_read = read i16 @_ssdm_op_Read.ap_auto.i16, i16 %data_136_val"   --->   Operation 11 'read' 'data_136_val_read' <Predicate = true> <Delay = 0.00>
ST_1 : Operation 12 [1/1] (0.00ns)   --->   "%data_135_val_read = read i16 @_ssdm_op_Read.ap_auto.i16, i16 %data_135_val"   --->   Operation 12 'read' 'data_135_val_read' <Predicate = true> <Delay = 0.00>
ST_1 : Operation 13 [1/1] (0.00ns)   --->   "%data_134_val_read = read i16 @_ssdm_op_Read.ap_auto.i16, i16 %data_134_val"   --->   Operation 13 'read' 'data_134_val_read' <Predicate = true> <Delay = 0.00>
ST_1 : Operation 14 [1/1] (0.00ns)   --->   "%data_133_val_read = read i16 @_ssdm_op_Read.ap_auto.i16, i16 %data_133_val"   --->   Operation 14 'read' 'data_133_val_read' <Predicate = true> <Delay = 0.00>
ST_1 : Operation 15 [1/1] (0.00ns)   --->   "%data_132_val_read = read i16 @_ssdm_op_Read.ap_auto.i16, i16 %data_132_val"   --->   Operation 15 'read' 'data_132_val_read' <Predicate = true> <Delay = 0.00>
ST_1 : Operation 16 [1/1] (0.00ns)   --->   "%data_131_val_read = read i16 @_ssdm_op_Read.ap_auto.i16, i16 %data_131_val"   --->   Operation 16 'read' 'data_131_val_read' <Predicate = true> <Delay = 0.00>
ST_1 : Operation 17 [1/1] (0.00ns)   --->   "%data_130_val_read = read i16 @_ssdm_op_Read.ap_auto.i16, i16 %data_130_val"   --->   Operation 17 'read' 'data_130_val_read' <Predicate = true> <Delay = 0.00>
ST_1 : Operation 18 [1/1] (0.00ns)   --->   "%data_129_val_read = read i16 @_ssdm_op_Read.ap_auto.i16, i16 %data_129_val"   --->   Operation 18 'read' 'data_129_val_read' <Predicate = true> <Delay = 0.00>
ST_1 : Operation 19 [1/1] (0.00ns)   --->   "%data_128_val_read = read i16 @_ssdm_op_Read.ap_auto.i16, i16 %data_128_val"   --->   Operation 19 'read' 'data_128_val_read' <Predicate = true> <Delay = 0.00>
ST_1 : Operation 20 [1/1] (0.00ns)   --->   "%data_127_val_read = read i16 @_ssdm_op_Read.ap_auto.i16, i16 %data_127_val"   --->   Operation 20 'read' 'data_127_val_read' <Predicate = true> <Delay = 0.00>
ST_1 : Operation 21 [1/1] (0.00ns)   --->   "%data_126_val_read = read i16 @_ssdm_op_Read.ap_auto.i16, i16 %data_126_val"   --->   Operation 21 'read' 'data_126_val_read' <Predicate = true> <Delay = 0.00>
ST_1 : Operation 22 [1/1] (0.00ns)   --->   "%data_125_val_read = read i16 @_ssdm_op_Read.ap_auto.i16, i16 %data_125_val"   --->   Operation 22 'read' 'data_125_val_read' <Predicate = true> <Delay = 0.00>
ST_1 : Operation 23 [1/1] (0.00ns)   --->   "%data_124_val_read = read i16 @_ssdm_op_Read.ap_auto.i16, i16 %data_124_val"   --->   Operation 23 'read' 'data_124_val_read' <Predicate = true> <Delay = 0.00>
ST_1 : Operation 24 [1/1] (0.00ns)   --->   "%data_123_val_read = read i16 @_ssdm_op_Read.ap_auto.i16, i16 %data_123_val"   --->   Operation 24 'read' 'data_123_val_read' <Predicate = true> <Delay = 0.00>
ST_1 : Operation 25 [1/1] (0.00ns)   --->   "%data_122_val_read = read i16 @_ssdm_op_Read.ap_auto.i16, i16 %data_122_val"   --->   Operation 25 'read' 'data_122_val_read' <Predicate = true> <Delay = 0.00>
ST_1 : Operation 26 [1/1] (0.00ns)   --->   "%data_121_val_read = read i16 @_ssdm_op_Read.ap_auto.i16, i16 %data_121_val"   --->   Operation 26 'read' 'data_121_val_read' <Predicate = true> <Delay = 0.00>
ST_1 : Operation 27 [1/1] (0.00ns)   --->   "%data_120_val_read = read i16 @_ssdm_op_Read.ap_auto.i16, i16 %data_120_val"   --->   Operation 27 'read' 'data_120_val_read' <Predicate = true> <Delay = 0.00>
ST_1 : Operation 28 [1/1] (0.00ns)   --->   "%data_119_val_read = read i16 @_ssdm_op_Read.ap_auto.i16, i16 %data_119_val"   --->   Operation 28 'read' 'data_119_val_read' <Predicate = true> <Delay = 0.00>
ST_1 : Operation 29 [1/1] (0.00ns)   --->   "%data_118_val_read = read i16 @_ssdm_op_Read.ap_auto.i16, i16 %data_118_val"   --->   Operation 29 'read' 'data_118_val_read' <Predicate = true> <Delay = 0.00>
ST_1 : Operation 30 [1/1] (0.00ns)   --->   "%data_117_val_read = read i16 @_ssdm_op_Read.ap_auto.i16, i16 %data_117_val"   --->   Operation 30 'read' 'data_117_val_read' <Predicate = true> <Delay = 0.00>
ST_1 : Operation 31 [1/1] (0.00ns)   --->   "%data_116_val_read = read i16 @_ssdm_op_Read.ap_auto.i16, i16 %data_116_val"   --->   Operation 31 'read' 'data_116_val_read' <Predicate = true> <Delay = 0.00>
ST_1 : Operation 32 [1/1] (0.00ns)   --->   "%data_115_val_read = read i16 @_ssdm_op_Read.ap_auto.i16, i16 %data_115_val"   --->   Operation 32 'read' 'data_115_val_read' <Predicate = true> <Delay = 0.00>
ST_1 : Operation 33 [1/1] (0.00ns)   --->   "%data_114_val_read = read i16 @_ssdm_op_Read.ap_auto.i16, i16 %data_114_val"   --->   Operation 33 'read' 'data_114_val_read' <Predicate = true> <Delay = 0.00>
ST_1 : Operation 34 [1/1] (0.00ns)   --->   "%data_113_val_read = read i16 @_ssdm_op_Read.ap_auto.i16, i16 %data_113_val"   --->   Operation 34 'read' 'data_113_val_read' <Predicate = true> <Delay = 0.00>
ST_1 : Operation 35 [1/1] (0.00ns)   --->   "%data_112_val_read = read i16 @_ssdm_op_Read.ap_auto.i16, i16 %data_112_val"   --->   Operation 35 'read' 'data_112_val_read' <Predicate = true> <Delay = 0.00>
ST_1 : Operation 36 [1/1] (0.00ns)   --->   "%data_111_val_read = read i16 @_ssdm_op_Read.ap_auto.i16, i16 %data_111_val"   --->   Operation 36 'read' 'data_111_val_read' <Predicate = true> <Delay = 0.00>
ST_1 : Operation 37 [1/1] (0.00ns)   --->   "%data_110_val_read = read i16 @_ssdm_op_Read.ap_auto.i16, i16 %data_110_val"   --->   Operation 37 'read' 'data_110_val_read' <Predicate = true> <Delay = 0.00>
ST_1 : Operation 38 [1/1] (0.00ns)   --->   "%data_109_val_read = read i16 @_ssdm_op_Read.ap_auto.i16, i16 %data_109_val"   --->   Operation 38 'read' 'data_109_val_read' <Predicate = true> <Delay = 0.00>
ST_1 : Operation 39 [1/1] (0.00ns)   --->   "%data_108_val_read = read i16 @_ssdm_op_Read.ap_auto.i16, i16 %data_108_val"   --->   Operation 39 'read' 'data_108_val_read' <Predicate = true> <Delay = 0.00>
ST_1 : Operation 40 [1/1] (0.00ns)   --->   "%data_107_val_read = read i16 @_ssdm_op_Read.ap_auto.i16, i16 %data_107_val"   --->   Operation 40 'read' 'data_107_val_read' <Predicate = true> <Delay = 0.00>
ST_1 : Operation 41 [1/1] (0.00ns)   --->   "%data_106_val_read = read i16 @_ssdm_op_Read.ap_auto.i16, i16 %data_106_val"   --->   Operation 41 'read' 'data_106_val_read' <Predicate = true> <Delay = 0.00>
ST_1 : Operation 42 [1/1] (0.00ns)   --->   "%data_105_val_read = read i16 @_ssdm_op_Read.ap_auto.i16, i16 %data_105_val"   --->   Operation 42 'read' 'data_105_val_read' <Predicate = true> <Delay = 0.00>
ST_1 : Operation 43 [1/1] (0.00ns)   --->   "%data_104_val_read = read i16 @_ssdm_op_Read.ap_auto.i16, i16 %data_104_val"   --->   Operation 43 'read' 'data_104_val_read' <Predicate = true> <Delay = 0.00>
ST_1 : Operation 44 [1/1] (0.00ns)   --->   "%data_103_val_read = read i16 @_ssdm_op_Read.ap_auto.i16, i16 %data_103_val"   --->   Operation 44 'read' 'data_103_val_read' <Predicate = true> <Delay = 0.00>
ST_1 : Operation 45 [1/1] (0.00ns)   --->   "%data_102_val_read = read i16 @_ssdm_op_Read.ap_auto.i16, i16 %data_102_val"   --->   Operation 45 'read' 'data_102_val_read' <Predicate = true> <Delay = 0.00>
ST_1 : Operation 46 [1/1] (0.00ns)   --->   "%data_101_val_read = read i16 @_ssdm_op_Read.ap_auto.i16, i16 %data_101_val"   --->   Operation 46 'read' 'data_101_val_read' <Predicate = true> <Delay = 0.00>
ST_1 : Operation 47 [1/1] (0.00ns)   --->   "%data_100_val_read = read i16 @_ssdm_op_Read.ap_auto.i16, i16 %data_100_val"   --->   Operation 47 'read' 'data_100_val_read' <Predicate = true> <Delay = 0.00>
ST_1 : Operation 48 [1/1] (0.00ns)   --->   "%data_99_val_read = read i16 @_ssdm_op_Read.ap_auto.i16, i16 %data_99_val"   --->   Operation 48 'read' 'data_99_val_read' <Predicate = true> <Delay = 0.00>
ST_1 : Operation 49 [1/1] (0.00ns)   --->   "%data_98_val_read = read i16 @_ssdm_op_Read.ap_auto.i16, i16 %data_98_val"   --->   Operation 49 'read' 'data_98_val_read' <Predicate = true> <Delay = 0.00>
ST_1 : Operation 50 [1/1] (0.00ns)   --->   "%data_97_val_read = read i16 @_ssdm_op_Read.ap_auto.i16, i16 %data_97_val"   --->   Operation 50 'read' 'data_97_val_read' <Predicate = true> <Delay = 0.00>
ST_1 : Operation 51 [1/1] (0.00ns)   --->   "%data_96_val_read = read i16 @_ssdm_op_Read.ap_auto.i16, i16 %data_96_val"   --->   Operation 51 'read' 'data_96_val_read' <Predicate = true> <Delay = 0.00>
ST_1 : Operation 52 [1/1] (0.74ns)   --->   "%a = sparsemux i16 @_ssdm_op_SparseMux.ap_auto.43i16.i16.i8, i8 96, i16 %data_96_val_read, i8 97, i16 %data_97_val_read, i8 98, i16 %data_98_val_read, i8 99, i16 %data_99_val_read, i8 100, i16 %data_100_val_read, i8 101, i16 %data_101_val_read, i8 102, i16 %data_102_val_read, i8 103, i16 %data_103_val_read, i8 104, i16 %data_104_val_read, i8 105, i16 %data_105_val_read, i8 106, i16 %data_106_val_read, i8 107, i16 %data_107_val_read, i8 108, i16 %data_108_val_read, i8 109, i16 %data_109_val_read, i8 110, i16 %data_110_val_read, i8 111, i16 %data_111_val_read, i8 112, i16 %data_112_val_read, i8 113, i16 %data_113_val_read, i8 114, i16 %data_114_val_read, i8 115, i16 %data_115_val_read, i8 116, i16 %data_116_val_read, i8 117, i16 %data_117_val_read, i8 118, i16 %data_118_val_read, i8 119, i16 %data_119_val_read, i8 120, i16 %data_120_val_read, i8 121, i16 %data_121_val_read, i8 122, i16 %data_122_val_read, i8 123, i16 %data_123_val_read, i8 124, i16 %data_124_val_read, i8 125, i16 %data_125_val_read, i8 126, i16 %data_126_val_read, i8 127, i16 %data_127_val_read, i8 128, i16 %data_128_val_read, i8 129, i16 %data_129_val_read, i8 130, i16 %data_130_val_read, i8 131, i16 %data_131_val_read, i8 132, i16 %data_132_val_read, i8 133, i16 %data_133_val_read, i8 134, i16 %data_134_val_read, i8 135, i16 %data_135_val_read, i8 136, i16 %data_136_val_read, i8 137, i16 %data_137_val_read, i8 138, i16 %data_138_val_read, i16 0, i8 %idx_read"   --->   Operation 52 'sparsemux' 'a' <Predicate = true> <Delay = 0.74> <CoreInst = "SparseMux">   --->   Core 147 'SparseMux' <Latency = 0> <II = 1> <Delay = 0.74> <FuncUnit> <Opcode : 'sparsemux'> <InPorts = 2> <OutPorts = 1>
ST_1 : Operation 53 [1/1] (0.00ns)   --->   "%sext_ln42 = sext i16 %a" [firmware/nnet_utils/nnet_dense_latency.h:42]   --->   Operation 53 'sext' 'sext_ln42' <Predicate = true> <Delay = 0.00>
ST_1 : Operation 54 [1/1] (0.00ns)   --->   "%sext_ln70 = sext i16 %a" [firmware/nnet_utils/nnet_mult.h:70->firmware/nnet_utils/nnet_dense_latency.h:42]   --->   Operation 54 'sext' 'sext_ln70' <Predicate = true> <Delay = 0.00>
ST_1 : Operation 55 [1/1] (1.94ns)   --->   "%mul_ln73 = mul i25 %sext_ln70, i25 33554210" [firmware/nnet_utils/nnet_mult.h:73->firmware/nnet_utils/nnet_dense_latency.h:42]   --->   Operation 55 'mul' 'mul_ln73' <Predicate = true> <Delay = 1.94> <CoreInst = "Multiplier">   --->   Core 3 'Multiplier' <Latency = 0> <II = 1> <Delay = 1.94> <FuncUnit> <Opcode : 'mul'> <InPorts = 2> <OutPorts = 1>
ST_1 : Operation 56 [1/1] (0.00ns)   --->   "%trunc_ln = partselect i15 @_ssdm_op_PartSelect.i15.i25.i32.i32, i25 %mul_ln73, i32 10, i32 24" [firmware/nnet_utils/nnet_dense_latency.h:42]   --->   Operation 56 'partselect' 'trunc_ln' <Predicate = true> <Delay = 0.00>
ST_1 : Operation 57 [1/1] (0.00ns)   --->   "%sext_ln42_1 = sext i15 %trunc_ln" [firmware/nnet_utils/nnet_dense_latency.h:42]   --->   Operation 57 'sext' 'sext_ln42_1' <Predicate = true> <Delay = 0.00>
ST_1 : Operation 58 [1/1] (1.94ns)   --->   "%mul_ln42 = mul i26 %sext_ln42, i26 67108103" [firmware/nnet_utils/nnet_dense_latency.h:42]   --->   Operation 58 'mul' 'mul_ln42' <Predicate = true> <Delay = 1.94> <CoreInst = "Multiplier">   --->   Core 3 'Multiplier' <Latency = 0> <II = 1> <Delay = 1.94> <FuncUnit> <Opcode : 'mul'> <InPorts = 2> <OutPorts = 1>
ST_1 : Operation 59 [1/1] (0.00ns)   --->   "%trunc_ln42_s = partselect i16 @_ssdm_op_PartSelect.i16.i26.i32.i32, i26 %mul_ln42, i32 10, i32 25" [firmware/nnet_utils/nnet_dense_latency.h:42]   --->   Operation 59 'partselect' 'trunc_ln42_s' <Predicate = true> <Delay = 0.00>
ST_1 : Operation 60 [1/1] (0.74ns)   --->   "%a_38 = sparsemux i16 @_ssdm_op_SparseMux.ap_auto.43i16.i16.i8, i8 96, i16 %data_97_val_read, i8 97, i16 %data_98_val_read, i8 98, i16 %data_99_val_read, i8 99, i16 %data_100_val_read, i8 100, i16 %data_101_val_read, i8 101, i16 %data_102_val_read, i8 102, i16 %data_103_val_read, i8 103, i16 %data_104_val_read, i8 104, i16 %data_105_val_read, i8 105, i16 %data_106_val_read, i8 106, i16 %data_107_val_read, i8 107, i16 %data_108_val_read, i8 108, i16 %data_109_val_read, i8 109, i16 %data_110_val_read, i8 110, i16 %data_111_val_read, i8 111, i16 %data_112_val_read, i8 112, i16 %data_113_val_read, i8 113, i16 %data_114_val_read, i8 114, i16 %data_115_val_read, i8 115, i16 %data_116_val_read, i8 116, i16 %data_117_val_read, i8 117, i16 %data_118_val_read, i8 118, i16 %data_119_val_read, i8 119, i16 %data_120_val_read, i8 120, i16 %data_121_val_read, i8 121, i16 %data_122_val_read, i8 122, i16 %data_123_val_read, i8 123, i16 %data_124_val_read, i8 124, i16 %data_125_val_read, i8 125, i16 %data_126_val_read, i8 126, i16 %data_127_val_read, i8 127, i16 %data_128_val_read, i8 128, i16 %data_129_val_read, i8 129, i16 %data_130_val_read, i8 130, i16 %data_131_val_read, i8 131, i16 %data_132_val_read, i8 132, i16 %data_133_val_read, i8 133, i16 %data_134_val_read, i8 134, i16 %data_135_val_read, i8 135, i16 %data_136_val_read, i8 136, i16 %data_137_val_read, i8 137, i16 %data_138_val_read, i8 138, i16 %data_139_val_read, i16 0, i8 %idx_read"   --->   Operation 60 'sparsemux' 'a_38' <Predicate = true> <Delay = 0.74> <CoreInst = "SparseMux">   --->   Core 147 'SparseMux' <Latency = 0> <II = 1> <Delay = 0.74> <FuncUnit> <Opcode : 'sparsemux'> <InPorts = 2> <OutPorts = 1>
ST_1 : Operation 61 [1/1] (0.00ns)   --->   "%shl_ln = bitconcatenate i25 @_ssdm_op_BitConcatenate.i25.i16.i9, i16 %a_38, i9 0" [firmware/nnet_utils/nnet_mult.h:73->firmware/nnet_utils/nnet_dense_latency.h:42]   --->   Operation 61 'bitconcatenate' 'shl_ln' <Predicate = true> <Delay = 0.00>
ST_1 : Operation 62 [1/1] (0.00ns)   --->   "%sext_ln73 = sext i25 %shl_ln" [firmware/nnet_utils/nnet_mult.h:73->firmware/nnet_utils/nnet_dense_latency.h:42]   --->   Operation 62 'sext' 'sext_ln73' <Predicate = true> <Delay = 0.00>
ST_1 : Operation 63 [1/1] (0.00ns)   --->   "%shl_ln73_1 = bitconcatenate i22 @_ssdm_op_BitConcatenate.i22.i16.i6, i16 %a_38, i6 0" [firmware/nnet_utils/nnet_mult.h:73->firmware/nnet_utils/nnet_dense_latency.h:42]   --->   Operation 63 'bitconcatenate' 'shl_ln73_1' <Predicate = true> <Delay = 0.00>
ST_1 : Operation 64 [1/1] (0.00ns)   --->   "%sext_ln73_164 = sext i22 %shl_ln73_1" [firmware/nnet_utils/nnet_mult.h:73->firmware/nnet_utils/nnet_dense_latency.h:42]   --->   Operation 64 'sext' 'sext_ln73_164' <Predicate = true> <Delay = 0.00>
ST_1 : Operation 65 [1/1] (0.83ns)   --->   "%add_ln73 = add i26 %sext_ln73, i26 %sext_ln73_164" [firmware/nnet_utils/nnet_mult.h:73->firmware/nnet_utils/nnet_dense_latency.h:42]   --->   Operation 65 'add' 'add_ln73' <Predicate = true> <Delay = 0.83> <CoreInst = "Adder">   --->   Core 1 'Adder' <Latency = 0> <II = 1> <Delay = 0.83> <FuncUnit> <Opcode : 'add' 'sub'> <InPorts = 2> <OutPorts = 1>
ST_1 : Operation 66 [1/1] (0.00ns)   --->   "%trunc_ln42_123 = partselect i16 @_ssdm_op_PartSelect.i16.i26.i32.i32, i26 %add_ln73, i32 10, i32 25" [firmware/nnet_utils/nnet_dense_latency.h:42]   --->   Operation 66 'partselect' 'trunc_ln42_123' <Predicate = true> <Delay = 0.00>
ST_1 : Operation 67 [1/1] (0.74ns)   --->   "%a_39 = sparsemux i16 @_ssdm_op_SparseMux.ap_auto.43i16.i16.i8, i8 96, i16 %data_98_val_read, i8 97, i16 %data_99_val_read, i8 98, i16 %data_100_val_read, i8 99, i16 %data_101_val_read, i8 100, i16 %data_102_val_read, i8 101, i16 %data_103_val_read, i8 102, i16 %data_104_val_read, i8 103, i16 %data_105_val_read, i8 104, i16 %data_106_val_read, i8 105, i16 %data_107_val_read, i8 106, i16 %data_108_val_read, i8 107, i16 %data_109_val_read, i8 108, i16 %data_110_val_read, i8 109, i16 %data_111_val_read, i8 110, i16 %data_112_val_read, i8 111, i16 %data_113_val_read, i8 112, i16 %data_114_val_read, i8 113, i16 %data_115_val_read, i8 114, i16 %data_116_val_read, i8 115, i16 %data_117_val_read, i8 116, i16 %data_118_val_read, i8 117, i16 %data_119_val_read, i8 118, i16 %data_120_val_read, i8 119, i16 %data_121_val_read, i8 120, i16 %data_122_val_read, i8 121, i16 %data_123_val_read, i8 122, i16 %data_124_val_read, i8 123, i16 %data_125_val_read, i8 124, i16 %data_126_val_read, i8 125, i16 %data_127_val_read, i8 126, i16 %data_128_val_read, i8 127, i16 %data_129_val_read, i8 128, i16 %data_130_val_read, i8 129, i16 %data_131_val_read, i8 130, i16 %data_132_val_read, i8 131, i16 %data_133_val_read, i8 132, i16 %data_134_val_read, i8 133, i16 %data_135_val_read, i8 134, i16 %data_136_val_read, i8 135, i16 %data_137_val_read, i8 136, i16 %data_138_val_read, i8 137, i16 %data_139_val_read, i8 138, i16 %data_140_val_read, i16 0, i8 %idx_read"   --->   Operation 67 'sparsemux' 'a_39' <Predicate = true> <Delay = 0.74> <CoreInst = "SparseMux">   --->   Core 147 'SparseMux' <Latency = 0> <II = 1> <Delay = 0.74> <FuncUnit> <Opcode : 'sparsemux'> <InPorts = 2> <OutPorts = 1>
ST_1 : Operation 68 [1/1] (0.00ns)   --->   "%sext_ln42_2 = sext i16 %a_39" [firmware/nnet_utils/nnet_dense_latency.h:42]   --->   Operation 68 'sext' 'sext_ln42_2' <Predicate = true> <Delay = 0.00>
ST_1 : Operation 69 [1/1] (1.94ns)   --->   "%mul_ln42_117 = mul i26 %sext_ln42_2, i26 535" [firmware/nnet_utils/nnet_dense_latency.h:42]   --->   Operation 69 'mul' 'mul_ln42_117' <Predicate = true> <Delay = 1.94> <CoreInst = "Multiplier">   --->   Core 3 'Multiplier' <Latency = 0> <II = 1> <Delay = 1.94> <FuncUnit> <Opcode : 'mul'> <InPorts = 2> <OutPorts = 1>
ST_1 : Operation 70 [1/1] (0.00ns)   --->   "%trunc_ln42_125 = partselect i16 @_ssdm_op_PartSelect.i16.i26.i32.i32, i26 %mul_ln42_117, i32 10, i32 25" [firmware/nnet_utils/nnet_dense_latency.h:42]   --->   Operation 70 'partselect' 'trunc_ln42_125' <Predicate = true> <Delay = 0.00>
ST_1 : Operation 71 [1/1] (1.94ns)   --->   "%mul_ln42_118 = mul i26 %sext_ln42_2, i26 2357" [firmware/nnet_utils/nnet_dense_latency.h:42]   --->   Operation 71 'mul' 'mul_ln42_118' <Predicate = true> <Delay = 1.94> <CoreInst = "Multiplier">   --->   Core 3 'Multiplier' <Latency = 0> <II = 1> <Delay = 1.94> <FuncUnit> <Opcode : 'mul'> <InPorts = 2> <OutPorts = 1>
ST_1 : Operation 72 [1/1] (0.00ns)   --->   "%trunc_ln42_126 = partselect i16 @_ssdm_op_PartSelect.i16.i26.i32.i32, i26 %mul_ln42_118, i32 10, i32 25" [firmware/nnet_utils/nnet_dense_latency.h:42]   --->   Operation 72 'partselect' 'trunc_ln42_126' <Predicate = true> <Delay = 0.00>
ST_1 : Operation 73 [1/1] (0.74ns)   --->   "%a_40 = sparsemux i16 @_ssdm_op_SparseMux.ap_auto.43i16.i16.i8, i8 96, i16 %data_99_val_read, i8 97, i16 %data_100_val_read, i8 98, i16 %data_101_val_read, i8 99, i16 %data_102_val_read, i8 100, i16 %data_103_val_read, i8 101, i16 %data_104_val_read, i8 102, i16 %data_105_val_read, i8 103, i16 %data_106_val_read, i8 104, i16 %data_107_val_read, i8 105, i16 %data_108_val_read, i8 106, i16 %data_109_val_read, i8 107, i16 %data_110_val_read, i8 108, i16 %data_111_val_read, i8 109, i16 %data_112_val_read, i8 110, i16 %data_113_val_read, i8 111, i16 %data_114_val_read, i8 112, i16 %data_115_val_read, i8 113, i16 %data_116_val_read, i8 114, i16 %data_117_val_read, i8 115, i16 %data_118_val_read, i8 116, i16 %data_119_val_read, i8 117, i16 %data_120_val_read, i8 118, i16 %data_121_val_read, i8 119, i16 %data_122_val_read, i8 120, i16 %data_123_val_read, i8 121, i16 %data_124_val_read, i8 122, i16 %data_125_val_read, i8 123, i16 %data_126_val_read, i8 124, i16 %data_127_val_read, i8 125, i16 %data_128_val_read, i8 126, i16 %data_129_val_read, i8 127, i16 %data_130_val_read, i8 128, i16 %data_131_val_read, i8 129, i16 %data_132_val_read, i8 130, i16 %data_133_val_read, i8 131, i16 %data_134_val_read, i8 132, i16 %data_135_val_read, i8 133, i16 %data_136_val_read, i8 134, i16 %data_137_val_read, i8 135, i16 %data_138_val_read, i8 136, i16 %data_139_val_read, i8 137, i16 %data_140_val_read, i8 138, i16 %data_141_val_read, i16 0, i8 %idx_read"   --->   Operation 73 'sparsemux' 'a_40' <Predicate = true> <Delay = 0.74> <CoreInst = "SparseMux">   --->   Core 147 'SparseMux' <Latency = 0> <II = 1> <Delay = 0.74> <FuncUnit> <Opcode : 'sparsemux'> <InPorts = 2> <OutPorts = 1>
ST_1 : Operation 74 [1/1] (0.00ns)   --->   "%sext_ln73_165 = sext i16 %a_40" [firmware/nnet_utils/nnet_mult.h:73->firmware/nnet_utils/nnet_dense_latency.h:42]   --->   Operation 74 'sext' 'sext_ln73_165' <Predicate = true> <Delay = 0.00>
ST_1 : Operation 75 [1/1] (1.94ns)   --->   "%mul_ln42_119 = mul i26 %sext_ln73_165, i26 67107359" [firmware/nnet_utils/nnet_dense_latency.h:42]   --->   Operation 75 'mul' 'mul_ln42_119' <Predicate = true> <Delay = 1.94> <CoreInst = "Multiplier">   --->   Core 3 'Multiplier' <Latency = 0> <II = 1> <Delay = 1.94> <FuncUnit> <Opcode : 'mul'> <InPorts = 2> <OutPorts = 1>
ST_1 : Operation 76 [1/1] (0.00ns)   --->   "%trunc_ln42_127 = partselect i16 @_ssdm_op_PartSelect.i16.i26.i32.i32, i26 %mul_ln42_119, i32 10, i32 25" [firmware/nnet_utils/nnet_dense_latency.h:42]   --->   Operation 76 'partselect' 'trunc_ln42_127' <Predicate = true> <Delay = 0.00>
ST_1 : Operation 77 [1/1] (1.94ns)   --->   "%mul_ln42_120 = mul i26 %sext_ln73_165, i26 67107239" [firmware/nnet_utils/nnet_dense_latency.h:42]   --->   Operation 77 'mul' 'mul_ln42_120' <Predicate = true> <Delay = 1.94> <CoreInst = "Multiplier">   --->   Core 3 'Multiplier' <Latency = 0> <II = 1> <Delay = 1.94> <FuncUnit> <Opcode : 'mul'> <InPorts = 2> <OutPorts = 1>
ST_1 : Operation 78 [1/1] (0.00ns)   --->   "%trunc_ln42_128 = partselect i16 @_ssdm_op_PartSelect.i16.i26.i32.i32, i26 %mul_ln42_120, i32 10, i32 25" [firmware/nnet_utils/nnet_dense_latency.h:42]   --->   Operation 78 'partselect' 'trunc_ln42_128' <Predicate = true> <Delay = 0.00>
ST_1 : Operation 79 [1/1] (0.74ns)   --->   "%a_41 = sparsemux i16 @_ssdm_op_SparseMux.ap_auto.43i16.i16.i8, i8 96, i16 %data_100_val_read, i8 97, i16 %data_101_val_read, i8 98, i16 %data_102_val_read, i8 99, i16 %data_103_val_read, i8 100, i16 %data_104_val_read, i8 101, i16 %data_105_val_read, i8 102, i16 %data_106_val_read, i8 103, i16 %data_107_val_read, i8 104, i16 %data_108_val_read, i8 105, i16 %data_109_val_read, i8 106, i16 %data_110_val_read, i8 107, i16 %data_111_val_read, i8 108, i16 %data_112_val_read, i8 109, i16 %data_113_val_read, i8 110, i16 %data_114_val_read, i8 111, i16 %data_115_val_read, i8 112, i16 %data_116_val_read, i8 113, i16 %data_117_val_read, i8 114, i16 %data_118_val_read, i8 115, i16 %data_119_val_read, i8 116, i16 %data_120_val_read, i8 117, i16 %data_121_val_read, i8 118, i16 %data_122_val_read, i8 119, i16 %data_123_val_read, i8 120, i16 %data_124_val_read, i8 121, i16 %data_125_val_read, i8 122, i16 %data_126_val_read, i8 123, i16 %data_127_val_read, i8 124, i16 %data_128_val_read, i8 125, i16 %data_129_val_read, i8 126, i16 %data_130_val_read, i8 127, i16 %data_131_val_read, i8 128, i16 %data_132_val_read, i8 129, i16 %data_133_val_read, i8 130, i16 %data_134_val_read, i8 131, i16 %data_135_val_read, i8 132, i16 %data_136_val_read, i8 133, i16 %data_137_val_read, i8 134, i16 %data_138_val_read, i8 135, i16 %data_139_val_read, i8 136, i16 %data_140_val_read, i8 137, i16 %data_141_val_read, i8 138, i16 %data_142_val_read, i16 0, i8 %idx_read"   --->   Operation 79 'sparsemux' 'a_41' <Predicate = true> <Delay = 0.74> <CoreInst = "SparseMux">   --->   Core 147 'SparseMux' <Latency = 0> <II = 1> <Delay = 0.74> <FuncUnit> <Opcode : 'sparsemux'> <InPorts = 2> <OutPorts = 1>
ST_1 : Operation 80 [1/1] (0.00ns)   --->   "%sext_ln70_2 = sext i16 %a_41" [firmware/nnet_utils/nnet_mult.h:70->firmware/nnet_utils/nnet_dense_latency.h:42]   --->   Operation 80 'sext' 'sext_ln70_2' <Predicate = true> <Delay = 0.00>
ST_1 : Operation 81 [1/1] (0.00ns)   --->   "%sext_ln42_4 = sext i16 %a_41" [firmware/nnet_utils/nnet_dense_latency.h:42]   --->   Operation 81 'sext' 'sext_ln42_4' <Predicate = true> <Delay = 0.00>
ST_1 : Operation 82 [1/1] (1.94ns)   --->   "%mul_ln42_121 = mul i26 %sext_ln42_4, i26 1232" [firmware/nnet_utils/nnet_dense_latency.h:42]   --->   Operation 82 'mul' 'mul_ln42_121' <Predicate = true> <Delay = 1.94> <CoreInst = "Multiplier">   --->   Core 3 'Multiplier' <Latency = 0> <II = 1> <Delay = 1.94> <FuncUnit> <Opcode : 'mul'> <InPorts = 2> <OutPorts = 1>
ST_1 : Operation 83 [1/1] (0.00ns)   --->   "%trunc_ln42_129 = partselect i16 @_ssdm_op_PartSelect.i16.i26.i32.i32, i26 %mul_ln42_121, i32 10, i32 25" [firmware/nnet_utils/nnet_dense_latency.h:42]   --->   Operation 83 'partselect' 'trunc_ln42_129' <Predicate = true> <Delay = 0.00>
ST_1 : Operation 84 [1/1] (1.94ns)   --->   "%mul_ln73_2 = mul i24 %sext_ln70_2, i24 86" [firmware/nnet_utils/nnet_mult.h:73->firmware/nnet_utils/nnet_dense_latency.h:42]   --->   Operation 84 'mul' 'mul_ln73_2' <Predicate = true> <Delay = 1.94> <CoreInst = "Multiplier">   --->   Core 3 'Multiplier' <Latency = 0> <II = 1> <Delay = 1.94> <FuncUnit> <Opcode : 'mul'> <InPorts = 2> <OutPorts = 1>
ST_1 : Operation 85 [1/1] (0.00ns)   --->   "%trunc_ln42_130 = partselect i14 @_ssdm_op_PartSelect.i14.i24.i32.i32, i24 %mul_ln73_2, i32 10, i32 23" [firmware/nnet_utils/nnet_dense_latency.h:42]   --->   Operation 85 'partselect' 'trunc_ln42_130' <Predicate = true> <Delay = 0.00>
ST_1 : Operation 86 [1/1] (0.00ns)   --->   "%trunc_ln42_130_cast = sext i14 %trunc_ln42_130" [firmware/nnet_utils/nnet_dense_latency.h:42]   --->   Operation 86 'sext' 'trunc_ln42_130_cast' <Predicate = true> <Delay = 0.00>
ST_1 : Operation 87 [1/1] (0.74ns)   --->   "%a_42 = sparsemux i16 @_ssdm_op_SparseMux.ap_auto.43i16.i16.i8, i8 96, i16 %data_101_val_read, i8 97, i16 %data_102_val_read, i8 98, i16 %data_103_val_read, i8 99, i16 %data_104_val_read, i8 100, i16 %data_105_val_read, i8 101, i16 %data_106_val_read, i8 102, i16 %data_107_val_read, i8 103, i16 %data_108_val_read, i8 104, i16 %data_109_val_read, i8 105, i16 %data_110_val_read, i8 106, i16 %data_111_val_read, i8 107, i16 %data_112_val_read, i8 108, i16 %data_113_val_read, i8 109, i16 %data_114_val_read, i8 110, i16 %data_115_val_read, i8 111, i16 %data_116_val_read, i8 112, i16 %data_117_val_read, i8 113, i16 %data_118_val_read, i8 114, i16 %data_119_val_read, i8 115, i16 %data_120_val_read, i8 116, i16 %data_121_val_read, i8 117, i16 %data_122_val_read, i8 118, i16 %data_123_val_read, i8 119, i16 %data_124_val_read, i8 120, i16 %data_125_val_read, i8 121, i16 %data_126_val_read, i8 122, i16 %data_127_val_read, i8 123, i16 %data_128_val_read, i8 124, i16 %data_129_val_read, i8 125, i16 %data_130_val_read, i8 126, i16 %data_131_val_read, i8 127, i16 %data_132_val_read, i8 128, i16 %data_133_val_read, i8 129, i16 %data_134_val_read, i8 130, i16 %data_135_val_read, i8 131, i16 %data_136_val_read, i8 132, i16 %data_137_val_read, i8 133, i16 %data_138_val_read, i8 134, i16 %data_139_val_read, i8 135, i16 %data_140_val_read, i8 136, i16 %data_141_val_read, i8 137, i16 %data_142_val_read, i8 138, i16 %data_143_val_read, i16 0, i8 %idx_read"   --->   Operation 87 'sparsemux' 'a_42' <Predicate = true> <Delay = 0.74> <CoreInst = "SparseMux">   --->   Core 147 'SparseMux' <Latency = 0> <II = 1> <Delay = 0.74> <FuncUnit> <Opcode : 'sparsemux'> <InPorts = 2> <OutPorts = 1>
ST_1 : Operation 88 [1/1] (0.00ns)   --->   "%sext_ln70_3 = sext i16 %a_42" [firmware/nnet_utils/nnet_mult.h:70->firmware/nnet_utils/nnet_dense_latency.h:42]   --->   Operation 88 'sext' 'sext_ln70_3' <Predicate = true> <Delay = 0.00>
ST_1 : Operation 89 [1/1] (0.00ns)   --->   "%sext_ln42_6 = sext i16 %a_42" [firmware/nnet_utils/nnet_dense_latency.h:42]   --->   Operation 89 'sext' 'sext_ln42_6' <Predicate = true> <Delay = 0.00>
ST_1 : Operation 90 [1/1] (1.94ns)   --->   "%mul_ln42_122 = mul i26 %sext_ln42_6, i26 67107635" [firmware/nnet_utils/nnet_dense_latency.h:42]   --->   Operation 90 'mul' 'mul_ln42_122' <Predicate = true> <Delay = 1.94> <CoreInst = "Multiplier">   --->   Core 3 'Multiplier' <Latency = 0> <II = 1> <Delay = 1.94> <FuncUnit> <Opcode : 'mul'> <InPorts = 2> <OutPorts = 1>
ST_1 : Operation 91 [1/1] (0.00ns)   --->   "%trunc_ln42_131 = partselect i16 @_ssdm_op_PartSelect.i16.i26.i32.i32, i26 %mul_ln42_122, i32 10, i32 25" [firmware/nnet_utils/nnet_dense_latency.h:42]   --->   Operation 91 'partselect' 'trunc_ln42_131' <Predicate = true> <Delay = 0.00>
ST_1 : Operation 92 [1/1] (0.00ns)   --->   "%shl_ln73_2 = bitconcatenate i18 @_ssdm_op_BitConcatenate.i18.i16.i2, i16 %a_42, i2 0" [firmware/nnet_utils/nnet_mult.h:73->firmware/nnet_utils/nnet_dense_latency.h:42]   --->   Operation 92 'bitconcatenate' 'shl_ln73_2' <Predicate = true> <Delay = 0.00>
ST_1 : Operation 93 [1/1] (0.00ns)   --->   "%sext_ln73_166 = sext i18 %shl_ln73_2" [firmware/nnet_utils/nnet_mult.h:73->firmware/nnet_utils/nnet_dense_latency.h:42]   --->   Operation 93 'sext' 'sext_ln73_166' <Predicate = true> <Delay = 0.00>
ST_1 : Operation 94 [1/1] (0.00ns) (grouped into TernaryAdder)   --->   "%sub_ln73 = sub i19 0, i19 %sext_ln73_166" [firmware/nnet_utils/nnet_mult.h:73->firmware/nnet_utils/nnet_dense_latency.h:42]   --->   Operation 94 'sub' 'sub_ln73' <Predicate = true> <Delay = 0.00> <CoreInst = "TAddSub">   --->   Core 10 'TAddSub' <Latency = 0> <II = 1> <Delay = 0.33> <IPBlock> <Opcode : '' 'add' 'sub'> <InPorts = 3> <OutPorts = 1> <Sync> <CReg>
ST_1 : Operation 95 [1/1] (0.68ns) (root node of TernaryAdder)   --->   "%sub_ln73_1 = sub i19 %sub_ln73, i19 %sext_ln70_3" [firmware/nnet_utils/nnet_mult.h:73->firmware/nnet_utils/nnet_dense_latency.h:42]   --->   Operation 95 'sub' 'sub_ln73_1' <Predicate = true> <Delay = 0.68> <CoreInst = "TAddSub">   --->   Core 10 'TAddSub' <Latency = 0> <II = 1> <Delay = 0.33> <IPBlock> <Opcode : '' 'add' 'sub'> <InPorts = 3> <OutPorts = 1> <Sync> <CReg>
ST_1 : Operation 96 [1/1] (0.00ns)   --->   "%trunc_ln42_132 = partselect i9 @_ssdm_op_PartSelect.i9.i19.i32.i32, i19 %sub_ln73_1, i32 10, i32 18" [firmware/nnet_utils/nnet_dense_latency.h:42]   --->   Operation 96 'partselect' 'trunc_ln42_132' <Predicate = true> <Delay = 0.00>
ST_1 : Operation 97 [1/1] (0.00ns)   --->   "%sext_ln58 = sext i9 %trunc_ln42_132" [firmware/nnet_utils/nnet_dense_latency.h:58]   --->   Operation 97 'sext' 'sext_ln58' <Predicate = true> <Delay = 0.00>
ST_1 : Operation 98 [1/1] (0.78ns)   --->   "%add_ln58 = add i16 %sext_ln42_1, i16 %trunc_ln42_125" [firmware/nnet_utils/nnet_dense_latency.h:58]   --->   Operation 98 'add' 'add_ln58' <Predicate = true> <Delay = 0.78> <CoreInst = "Adder">   --->   Core 1 'Adder' <Latency = 0> <II = 1> <Delay = 0.78> <FuncUnit> <Opcode : 'add' 'sub'> <InPorts = 2> <OutPorts = 1>
ST_1 : Operation 99 [1/1] (0.00ns) (grouped into TernaryAdder)   --->   "%add_ln58_96 = add i16 %add_ln58, i16 %trunc_ln42_123" [firmware/nnet_utils/nnet_dense_latency.h:58]   --->   Operation 99 'add' 'add_ln58_96' <Predicate = true> <Delay = 0.00> <CoreInst = "TAddSub">   --->   Core 10 'TAddSub' <Latency = 0> <II = 1> <Delay = 0.33> <IPBlock> <Opcode : '' 'add' 'sub'> <InPorts = 3> <OutPorts = 1> <Sync> <CReg>
ST_1 : Operation 100 [1/1] (0.00ns) (grouped into TernaryAdder)   --->   "%add_ln58_97 = add i16 %trunc_ln42_129, i16 %trunc_ln42_131" [firmware/nnet_utils/nnet_dense_latency.h:58]   --->   Operation 100 'add' 'add_ln58_97' <Predicate = true> <Delay = 0.00> <CoreInst = "TAddSub">   --->   Core 10 'TAddSub' <Latency = 0> <II = 1> <Delay = 0.33> <IPBlock> <Opcode : '' 'add' 'sub'> <InPorts = 3> <OutPorts = 1> <Sync> <CReg>
ST_1 : Operation 101 [1/1] (0.67ns) (root node of TernaryAdder)   --->   "%add_ln58_98 = add i16 %add_ln58_97, i16 %trunc_ln42_127" [firmware/nnet_utils/nnet_dense_latency.h:58]   --->   Operation 101 'add' 'add_ln58_98' <Predicate = true> <Delay = 0.67> <CoreInst = "TAddSub">   --->   Core 10 'TAddSub' <Latency = 0> <II = 1> <Delay = 0.33> <IPBlock> <Opcode : '' 'add' 'sub'> <InPorts = 3> <OutPorts = 1> <Sync> <CReg>
ST_1 : Operation 102 [1/1] (0.67ns) (root node of TernaryAdder)   --->   "%add_ln58_99 = add i16 %add_ln58_98, i16 %add_ln58_96" [firmware/nnet_utils/nnet_dense_latency.h:58]   --->   Operation 102 'add' 'add_ln58_99' <Predicate = true> <Delay = 0.67> <CoreInst = "TAddSub">   --->   Core 10 'TAddSub' <Latency = 0> <II = 1> <Delay = 0.33> <IPBlock> <Opcode : '' 'add' 'sub'> <InPorts = 3> <OutPorts = 1> <Sync> <CReg>
ST_1 : Operation 103 [1/1] (0.78ns)   --->   "%add_ln58_100 = add i16 %trunc_ln42_s, i16 %trunc_ln42_126" [firmware/nnet_utils/nnet_dense_latency.h:58]   --->   Operation 103 'add' 'add_ln58_100' <Predicate = true> <Delay = 0.78> <CoreInst = "Adder">   --->   Core 1 'Adder' <Latency = 0> <II = 1> <Delay = 0.78> <FuncUnit> <Opcode : 'add' 'sub'> <InPorts = 2> <OutPorts = 1>
ST_1 : Operation 104 [1/1] (0.76ns)   --->   "%add_ln58_102 = add i15 %trunc_ln42_130_cast, i15 %sext_ln58" [firmware/nnet_utils/nnet_dense_latency.h:58]   --->   Operation 104 'add' 'add_ln58_102' <Predicate = true> <Delay = 0.76> <CoreInst = "Adder">   --->   Core 1 'Adder' <Latency = 0> <II = 1> <Delay = 0.76> <FuncUnit> <Opcode : 'add' 'sub'> <InPorts = 2> <OutPorts = 1>
ST_1 : Operation 105 [1/1] (0.00ns)   --->   "%sext_ln58_1 = sext i15 %add_ln58_102" [firmware/nnet_utils/nnet_dense_latency.h:58]   --->   Operation 105 'sext' 'sext_ln58_1' <Predicate = true> <Delay = 0.00>
ST_1 : Operation 106 [1/1] (0.78ns)   --->   "%add_ln58_103 = add i16 %sext_ln58_1, i16 %trunc_ln42_128" [firmware/nnet_utils/nnet_dense_latency.h:58]   --->   Operation 106 'add' 'add_ln58_103' <Predicate = true> <Delay = 0.78> <CoreInst = "Adder">   --->   Core 1 'Adder' <Latency = 0> <II = 1> <Delay = 0.78> <FuncUnit> <Opcode : 'add' 'sub'> <InPorts = 2> <OutPorts = 1>

State 2 <SV = 1> <Delay = 2.61>
ST_2 : Operation 107 [1/1] (0.00ns)   --->   "%specpipeline_ln13 = specpipeline void @_ssdm_op_SpecPipeline, i32 1, i32 0, i32 0, i32 0, void @empty_0" [firmware/nnet_utils/nnet_dense_latency.h:13]   --->   Operation 107 'specpipeline' 'specpipeline_ln13' <Predicate = true> <Delay = 0.00>
ST_2 : Operation 108 [1/1] (0.00ns)   --->   "%specresourcelimit_ln33 = specresourcelimit void @_ssdm_op_SpecResourceLimit, i64 12, void @empty_1, void @empty_0, void @empty_0, void @empty_0" [firmware/nnet_utils/nnet_dense_latency.h:33]   --->   Operation 108 'specresourcelimit' 'specresourcelimit_ln33' <Predicate = true> <Delay = 0.00>
ST_2 : Operation 109 [1/1] (0.00ns)   --->   "%sext_ln70_1 = sext i16 %a_38" [firmware/nnet_utils/nnet_mult.h:70->firmware/nnet_utils/nnet_dense_latency.h:42]   --->   Operation 109 'sext' 'sext_ln70_1' <Predicate = true> <Delay = 0.00>
ST_2 : Operation 110 [1/1] (1.94ns)   --->   "%mul_ln73_1 = mul i26 %sext_ln70_1, i26 265" [firmware/nnet_utils/nnet_mult.h:73->firmware/nnet_utils/nnet_dense_latency.h:42]   --->   Operation 110 'mul' 'mul_ln73_1' <Predicate = true> <Delay = 1.94> <CoreInst = "Multiplier">   --->   Core 3 'Multiplier' <Latency = 0> <II = 1> <Delay = 1.94> <FuncUnit> <Opcode : 'mul'> <InPorts = 2> <OutPorts = 1>
ST_2 : Operation 111 [1/1] (0.00ns)   --->   "%trunc_ln42_124 = partselect i16 @_ssdm_op_PartSelect.i16.i26.i32.i32, i26 %mul_ln73_1, i32 10, i32 25" [firmware/nnet_utils/nnet_dense_latency.h:42]   --->   Operation 111 'partselect' 'trunc_ln42_124' <Predicate = true> <Delay = 0.00>
ST_2 : Operation 112 [1/1] (0.00ns) (grouped into TernaryAdder)   --->   "%add_ln58_101 = add i16 %add_ln58_100, i16 %trunc_ln42_124" [firmware/nnet_utils/nnet_dense_latency.h:58]   --->   Operation 112 'add' 'add_ln58_101' <Predicate = true> <Delay = 0.00> <CoreInst = "TAddSub">   --->   Core 10 'TAddSub' <Latency = 0> <II = 1> <Delay = 0.33> <IPBlock> <Opcode : '' 'add' 'sub'> <InPorts = 3> <OutPorts = 1> <Sync> <CReg>
ST_2 : Operation 113 [1/1] (0.67ns) (root node of TernaryAdder)   --->   "%add_ln58_104 = add i16 %add_ln58_103, i16 %add_ln58_101" [firmware/nnet_utils/nnet_dense_latency.h:58]   --->   Operation 113 'add' 'add_ln58_104' <Predicate = true> <Delay = 0.67> <CoreInst = "TAddSub">   --->   Core 10 'TAddSub' <Latency = 0> <II = 1> <Delay = 0.33> <IPBlock> <Opcode : '' 'add' 'sub'> <InPorts = 3> <OutPorts = 1> <Sync> <CReg>
ST_2 : Operation 114 [1/1] (0.00ns)   --->   "%mrv = insertvalue i32 <undef>, i16 %add_ln58_99" [firmware/nnet_utils/nnet_dense_latency.h:68]   --->   Operation 114 'insertvalue' 'mrv' <Predicate = true> <Delay = 0.00>
ST_2 : Operation 115 [1/1] (0.00ns)   --->   "%mrv_1 = insertvalue i32 %mrv, i16 %add_ln58_104" [firmware/nnet_utils/nnet_dense_latency.h:68]   --->   Operation 115 'insertvalue' 'mrv_1' <Predicate = true> <Delay = 0.00>
ST_2 : Operation 116 [1/1] (0.00ns)   --->   "%ret_ln68 = ret i32 %mrv_1" [firmware/nnet_utils/nnet_dense_latency.h:68]   --->   Operation 116 'ret' 'ret_ln68' <Predicate = true> <Delay = 0.00>


============================================================
+ Verbose Summary: Timing violations
============================================================
Target clock period: 5.000ns, clock uncertainty: 0.625ns.

 <State 1>: 4.238ns
The critical path consists of the following:
	wire read operation ('idx_read') on port 'idx' [52]  (0.000 ns)
	'sparsemux' operation 16 bit ('a') [131]  (0.748 ns)
	'mul' operation 24 bit ('mul_ln73_2', firmware/nnet_utils/nnet_mult.h:73->firmware/nnet_utils/nnet_dense_latency.h:42) [136]  (1.940 ns)
	'add' operation 15 bit ('add_ln58_102', firmware/nnet_utils/nnet_dense_latency.h:58) [157]  (0.765 ns)
	'add' operation 16 bit ('add_ln58_103', firmware/nnet_utils/nnet_dense_latency.h:58) [159]  (0.785 ns)

 <State 2>: 2.615ns
The critical path consists of the following:
	'mul' operation 26 bit ('mul_ln73_1', firmware/nnet_utils/nnet_mult.h:73->firmware/nnet_utils/nnet_dense_latency.h:42) [117]  (1.940 ns)
	'add' operation 16 bit ('add_ln58_101', firmware/nnet_utils/nnet_dense_latency.h:58) [156]  (0.000 ns)
	'add' operation 16 bit ('add_ln58_104', firmware/nnet_utils/nnet_dense_latency.h:58) [160]  (0.675 ns)


============================================================
+ Verbose Summary: Binding
============================================================
N/A
* FSMD analyzer results:
  - Output states:
 - Input state : 
  - Chain level:
	State 1
	State 2


============================================================
+ Verbose Summary: Datapath Resource usage 
============================================================
N/A
