

================================================================
== Vitis HLS Report for 'merge_sort_ap_fixed_16_6_5_3_0_config5_Pipeline_VITIS_LOOP_157_410'
================================================================
* Date:           Tue Mar  4 14:23:39 2025

* Version:        2023.2 (Build 4023990 on Oct 11 2023)
* Project:        myproject_prj
* Solution:       solution1 (Vivado IP Flow Target)
* Product family: virtexuplus
* Target device:  xcvu13p-flga2577-2-e


================================================================
== Performance Estimates
================================================================
+ Timing: 
    * Summary: 
    +--------+---------+----------+------------+
    |  Clock |  Target | Estimated| Uncertainty|
    +--------+---------+----------+------------+
    |ap_clk  |  5.00 ns|  1.754 ns|     0.62 ns|
    +--------+---------+----------+------------+

+ Latency: 
    * Summary: 
    +---------+---------+----------+----------+-----+-----+---------+
    |  Latency (cycles) |  Latency (absolute) |  Interval | Pipeline|
    |   min   |   max   |    min   |    max   | min | max |   Type  |
    +---------+---------+----------+----------+-----+-----+---------+
    |        ?|        ?|         ?|         ?|    ?|    ?|       no|
    +---------+---------+----------+----------+-----+-----+---------+

    + Detail: 
        * Instance: 
        N/A

        * Loop: 
        +--------------------+---------+---------+----------+-----------+-----------+------+----------+
        |                    |  Latency (cycles) | Iteration|  Initiation Interval  | Trip |          |
        |      Loop Name     |   min   |   max   |  Latency |  achieved |   target  | Count| Pipelined|
        +--------------------+---------+---------+----------+-----------+-----------+------+----------+
        |- VITIS_LOOP_157_4  |        ?|        ?|         1|          1|          1|     ?|       yes|
        +--------------------+---------+---------+----------+-----------+-----------+------+----------+

============================================================
+ Verbose Summary: Synthesis Manager
============================================================
InlineROM: 1
ExposeGlobal: 0
============================================================
+ Verbose Summary: CDFG Model
============================================================
IsTopModel: 0
ResetActiveHigh: 1
IsCombinational: 0
IsDatapathOnly: 0
HasWiredReturn: 1
HasMFsm: 2
HasVarLatency: 1
IsPipeline: 0
IsRtlPipelined: 0
IsInstanceOverlapped: 0
IsDontTouch: 0
HasImplIP: 0
IsGatedGlobalClock: 0

+ Individual pipeline summary: 
  * Pipeline-0: initiation interval (II) = 1, depth = 2


============================================================
+ Verbose Summary: Schedule
============================================================
* Number of FSM states : 2
* Pipeline : 1
  Pipeline-0 : II = 1, D = 2, States = { 1 2 }
* Dataflow Pipeline: 0

* FSM state transitions: 
1 --> 2 
2 --> 

* FSM state operations: 

State 1 <SV = 0> <Delay = 0.38>
ST_1 : Operation 4 [1/1] (0.00ns)   --->   "%i = alloca i32 1" [firmware/nnet_utils/nnet_hept.h:147]   --->   Operation 4 'alloca' 'i' <Predicate = true> <Delay = 0.00>
ST_1 : Operation 5 [1/1] (0.00ns)   --->   "%k = alloca i32 1" [firmware/nnet_utils/nnet_hept.h:147]   --->   Operation 5 'alloca' 'k' <Predicate = true> <Delay = 0.00>
ST_1 : Operation 6 [1/1] (0.00ns)   --->   "%temp = alloca i32 1" [firmware/nnet_utils/nnet_hept.h:136]   --->   Operation 6 'alloca' 'temp' <Predicate = true> <Delay = 0.00>
ST_1 : Operation 7 [1/1] (0.00ns)   --->   "%temp_97 = alloca i32 1" [firmware/nnet_utils/nnet_hept.h:136]   --->   Operation 7 'alloca' 'temp_97' <Predicate = true> <Delay = 0.00>
ST_1 : Operation 8 [1/1] (0.00ns)   --->   "%temp_98 = alloca i32 1" [firmware/nnet_utils/nnet_hept.h:136]   --->   Operation 8 'alloca' 'temp_98' <Predicate = true> <Delay = 0.00>
ST_1 : Operation 9 [1/1] (0.00ns)   --->   "%temp_99 = alloca i32 1" [firmware/nnet_utils/nnet_hept.h:136]   --->   Operation 9 'alloca' 'temp_99' <Predicate = true> <Delay = 0.00>
ST_1 : Operation 10 [1/1] (0.00ns)   --->   "%temp_100 = alloca i32 1" [firmware/nnet_utils/nnet_hept.h:136]   --->   Operation 10 'alloca' 'temp_100' <Predicate = true> <Delay = 0.00>
ST_1 : Operation 11 [1/1] (0.00ns)   --->   "%temp_101 = alloca i32 1" [firmware/nnet_utils/nnet_hept.h:136]   --->   Operation 11 'alloca' 'temp_101' <Predicate = true> <Delay = 0.00>
ST_1 : Operation 12 [1/1] (0.00ns)   --->   "%temp_102 = alloca i32 1" [firmware/nnet_utils/nnet_hept.h:136]   --->   Operation 12 'alloca' 'temp_102' <Predicate = true> <Delay = 0.00>
ST_1 : Operation 13 [1/1] (0.00ns)   --->   "%temp_103 = alloca i32 1" [firmware/nnet_utils/nnet_hept.h:136]   --->   Operation 13 'alloca' 'temp_103' <Predicate = true> <Delay = 0.00>
ST_1 : Operation 14 [1/1] (0.00ns)   --->   "%mux_case_7420327_read = read i32 @_ssdm_op_Read.ap_auto.i32, i32 %mux_case_7420327"   --->   Operation 14 'read' 'mux_case_7420327_read' <Predicate = true> <Delay = 0.00>
ST_1 : Operation 15 [1/1] (0.00ns)   --->   "%mux_case_6419323_read = read i32 @_ssdm_op_Read.ap_auto.i32, i32 %mux_case_6419323"   --->   Operation 15 'read' 'mux_case_6419323_read' <Predicate = true> <Delay = 0.00>
ST_1 : Operation 16 [1/1] (0.00ns)   --->   "%mux_case_5418319_read = read i32 @_ssdm_op_Read.ap_auto.i32, i32 %mux_case_5418319"   --->   Operation 16 'read' 'mux_case_5418319_read' <Predicate = true> <Delay = 0.00>
ST_1 : Operation 17 [1/1] (0.00ns)   --->   "%mux_case_4417315_read = read i32 @_ssdm_op_Read.ap_auto.i32, i32 %mux_case_4417315"   --->   Operation 17 'read' 'mux_case_4417315_read' <Predicate = true> <Delay = 0.00>
ST_1 : Operation 18 [1/1] (0.00ns)   --->   "%mux_case_3416311_read = read i32 @_ssdm_op_Read.ap_auto.i32, i32 %mux_case_3416311"   --->   Operation 18 'read' 'mux_case_3416311_read' <Predicate = true> <Delay = 0.00>
ST_1 : Operation 19 [1/1] (0.00ns)   --->   "%mux_case_2415307_read = read i32 @_ssdm_op_Read.ap_auto.i32, i32 %mux_case_2415307"   --->   Operation 19 'read' 'mux_case_2415307_read' <Predicate = true> <Delay = 0.00>
ST_1 : Operation 20 [1/1] (0.00ns)   --->   "%mux_case_1414303_read = read i32 @_ssdm_op_Read.ap_auto.i32, i32 %mux_case_1414303"   --->   Operation 20 'read' 'mux_case_1414303_read' <Predicate = true> <Delay = 0.00>
ST_1 : Operation 21 [1/1] (0.00ns)   --->   "%mux_case_0413299_read = read i32 @_ssdm_op_Read.ap_auto.i32, i32 %mux_case_0413299"   --->   Operation 21 'read' 'mux_case_0413299_read' <Predicate = true> <Delay = 0.00>
ST_1 : Operation 22 [1/1] (0.00ns)   --->   "%i_21_reload_read = read i32 @_ssdm_op_Read.ap_auto.i32, i32 %i_21_reload"   --->   Operation 22 'read' 'i_21_reload_read' <Predicate = true> <Delay = 0.00>
ST_1 : Operation 23 [1/1] (0.00ns)   --->   "%k_33_reload_read = read i32 @_ssdm_op_Read.ap_auto.i32, i32 %k_33_reload"   --->   Operation 23 'read' 'k_33_reload_read' <Predicate = true> <Delay = 0.00>
ST_1 : Operation 24 [1/1] (0.00ns)   --->   "%temp_266_reload_read = read i32 @_ssdm_op_Read.ap_auto.i32, i32 %temp_266_reload"   --->   Operation 24 'read' 'temp_266_reload_read' <Predicate = true> <Delay = 0.00>
ST_1 : Operation 25 [1/1] (0.00ns)   --->   "%temp_267_reload_read = read i32 @_ssdm_op_Read.ap_auto.i32, i32 %temp_267_reload"   --->   Operation 25 'read' 'temp_267_reload_read' <Predicate = true> <Delay = 0.00>
ST_1 : Operation 26 [1/1] (0.00ns)   --->   "%temp_268_reload_read = read i32 @_ssdm_op_Read.ap_auto.i32, i32 %temp_268_reload"   --->   Operation 26 'read' 'temp_268_reload_read' <Predicate = true> <Delay = 0.00>
ST_1 : Operation 27 [1/1] (0.00ns)   --->   "%temp_269_reload_read = read i32 @_ssdm_op_Read.ap_auto.i32, i32 %temp_269_reload"   --->   Operation 27 'read' 'temp_269_reload_read' <Predicate = true> <Delay = 0.00>
ST_1 : Operation 28 [1/1] (0.00ns)   --->   "%temp_270_reload_read = read i32 @_ssdm_op_Read.ap_auto.i32, i32 %temp_270_reload"   --->   Operation 28 'read' 'temp_270_reload_read' <Predicate = true> <Delay = 0.00>
ST_1 : Operation 29 [1/1] (0.00ns)   --->   "%temp_271_reload_read = read i32 @_ssdm_op_Read.ap_auto.i32, i32 %temp_271_reload"   --->   Operation 29 'read' 'temp_271_reload_read' <Predicate = true> <Delay = 0.00>
ST_1 : Operation 30 [1/1] (0.00ns)   --->   "%temp_272_reload_read = read i32 @_ssdm_op_Read.ap_auto.i32, i32 %temp_272_reload"   --->   Operation 30 'read' 'temp_272_reload_read' <Predicate = true> <Delay = 0.00>
ST_1 : Operation 31 [1/1] (0.00ns)   --->   "%temp_273_reload_read = read i32 @_ssdm_op_Read.ap_auto.i32, i32 %temp_273_reload"   --->   Operation 31 'read' 'temp_273_reload_read' <Predicate = true> <Delay = 0.00>
ST_1 : Operation 32 [1/1] (0.38ns)   --->   "%store_ln136 = store i32 %temp_273_reload_read, i32 %temp_103" [firmware/nnet_utils/nnet_hept.h:136]   --->   Operation 32 'store' 'store_ln136' <Predicate = true> <Delay = 0.38>
ST_1 : Operation 33 [1/1] (0.38ns)   --->   "%store_ln136 = store i32 %temp_272_reload_read, i32 %temp_102" [firmware/nnet_utils/nnet_hept.h:136]   --->   Operation 33 'store' 'store_ln136' <Predicate = true> <Delay = 0.38>
ST_1 : Operation 34 [1/1] (0.38ns)   --->   "%store_ln136 = store i32 %temp_271_reload_read, i32 %temp_101" [firmware/nnet_utils/nnet_hept.h:136]   --->   Operation 34 'store' 'store_ln136' <Predicate = true> <Delay = 0.38>
ST_1 : Operation 35 [1/1] (0.38ns)   --->   "%store_ln136 = store i32 %temp_270_reload_read, i32 %temp_100" [firmware/nnet_utils/nnet_hept.h:136]   --->   Operation 35 'store' 'store_ln136' <Predicate = true> <Delay = 0.38>
ST_1 : Operation 36 [1/1] (0.38ns)   --->   "%store_ln136 = store i32 %temp_269_reload_read, i32 %temp_99" [firmware/nnet_utils/nnet_hept.h:136]   --->   Operation 36 'store' 'store_ln136' <Predicate = true> <Delay = 0.38>
ST_1 : Operation 37 [1/1] (0.38ns)   --->   "%store_ln136 = store i32 %temp_268_reload_read, i32 %temp_98" [firmware/nnet_utils/nnet_hept.h:136]   --->   Operation 37 'store' 'store_ln136' <Predicate = true> <Delay = 0.38>
ST_1 : Operation 38 [1/1] (0.38ns)   --->   "%store_ln136 = store i32 %temp_267_reload_read, i32 %temp_97" [firmware/nnet_utils/nnet_hept.h:136]   --->   Operation 38 'store' 'store_ln136' <Predicate = true> <Delay = 0.38>
ST_1 : Operation 39 [1/1] (0.38ns)   --->   "%store_ln136 = store i32 %temp_266_reload_read, i32 %temp" [firmware/nnet_utils/nnet_hept.h:136]   --->   Operation 39 'store' 'store_ln136' <Predicate = true> <Delay = 0.38>
ST_1 : Operation 40 [1/1] (0.38ns)   --->   "%store_ln147 = store i32 %k_33_reload_read, i32 %k" [firmware/nnet_utils/nnet_hept.h:147]   --->   Operation 40 'store' 'store_ln147' <Predicate = true> <Delay = 0.38>
ST_1 : Operation 41 [1/1] (0.38ns)   --->   "%store_ln147 = store i32 %i_21_reload_read, i32 %i" [firmware/nnet_utils/nnet_hept.h:147]   --->   Operation 41 'store' 'store_ln147' <Predicate = true> <Delay = 0.38>
ST_1 : Operation 42 [1/1] (0.00ns)   --->   "%br_ln0 = br void %while.body45.1_ifconv"   --->   Operation 42 'br' 'br_ln0' <Predicate = true> <Delay = 0.00>

State 2 <SV = 1> <Delay = 1.75>
ST_2 : Operation 43 [1/1] (0.00ns)   --->   "%i_5 = load i32 %i" [firmware/nnet_utils/nnet_hept.h:147]   --->   Operation 43 'load' 'i_5' <Predicate = true> <Delay = 0.00>
ST_2 : Operation 44 [1/1] (0.00ns)   --->   "%k_12 = load i32 %k" [firmware/nnet_utils/nnet_hept.h:147]   --->   Operation 44 'load' 'k_12' <Predicate = true> <Delay = 0.00>
ST_2 : Operation 45 [1/1] (0.00ns)   --->   "%temp_104 = load i32 %temp" [firmware/nnet_utils/nnet_hept.h:159]   --->   Operation 45 'load' 'temp_104' <Predicate = true> <Delay = 0.00>
ST_2 : Operation 46 [1/1] (0.00ns)   --->   "%temp_105 = load i32 %temp_97" [firmware/nnet_utils/nnet_hept.h:159]   --->   Operation 46 'load' 'temp_105' <Predicate = true> <Delay = 0.00>
ST_2 : Operation 47 [1/1] (0.00ns)   --->   "%temp_106 = load i32 %temp_98" [firmware/nnet_utils/nnet_hept.h:159]   --->   Operation 47 'load' 'temp_106' <Predicate = true> <Delay = 0.00>
ST_2 : Operation 48 [1/1] (0.00ns)   --->   "%temp_107 = load i32 %temp_99" [firmware/nnet_utils/nnet_hept.h:159]   --->   Operation 48 'load' 'temp_107' <Predicate = true> <Delay = 0.00>
ST_2 : Operation 49 [1/1] (0.00ns)   --->   "%temp_108 = load i32 %temp_100" [firmware/nnet_utils/nnet_hept.h:159]   --->   Operation 49 'load' 'temp_108' <Predicate = true> <Delay = 0.00>
ST_2 : Operation 50 [1/1] (0.00ns)   --->   "%temp_109 = load i32 %temp_101" [firmware/nnet_utils/nnet_hept.h:159]   --->   Operation 50 'load' 'temp_109' <Predicate = true> <Delay = 0.00>
ST_2 : Operation 51 [1/1] (0.00ns)   --->   "%temp_110 = load i32 %temp_102" [firmware/nnet_utils/nnet_hept.h:159]   --->   Operation 51 'load' 'temp_110' <Predicate = true> <Delay = 0.00>
ST_2 : Operation 52 [1/1] (0.00ns)   --->   "%temp_111 = load i32 %temp_103" [firmware/nnet_utils/nnet_hept.h:159]   --->   Operation 52 'load' 'temp_111' <Predicate = true> <Delay = 0.00>
ST_2 : Operation 53 [1/1] (0.00ns)   --->   "%specpipeline_ln158 = specpipeline void @_ssdm_op_SpecPipeline, i32 4294967295, i32 0, i32 0, i32 0, void @empty_0" [firmware/nnet_utils/nnet_hept.h:158]   --->   Operation 53 'specpipeline' 'specpipeline_ln158' <Predicate = true> <Delay = 0.00>
ST_2 : Operation 54 [1/1] (0.00ns)   --->   "%specloopname_ln157 = specloopname void @_ssdm_op_SpecLoopName, void @empty_4" [firmware/nnet_utils/nnet_hept.h:157]   --->   Operation 54 'specloopname' 'specloopname_ln157' <Predicate = true> <Delay = 0.00>
ST_2 : Operation 55 [1/1] (0.00ns)   --->   "%trunc_ln147 = trunc i32 %i_5" [firmware/nnet_utils/nnet_hept.h:147]   --->   Operation 55 'trunc' 'trunc_ln147' <Predicate = true> <Delay = 0.00>
ST_2 : Operation 56 [1/1] (0.00ns)   --->   "%trunc_ln147_8 = trunc i32 %k_12" [firmware/nnet_utils/nnet_hept.h:147]   --->   Operation 56 'trunc' 'trunc_ln147_8' <Predicate = true> <Delay = 0.00>
ST_2 : Operation 57 [1/1] (0.88ns)   --->   "%i_6 = add i32 %i_5, i32 1" [firmware/nnet_utils/nnet_hept.h:159]   --->   Operation 57 'add' 'i_6' <Predicate = true> <Delay = 0.88> <CoreInst = "Adder">   --->   Core 1 'Adder' <Latency = 0> <II = 1> <Delay = 0.88> <FuncUnit> <Opcode : 'add' 'sub'> <InPorts = 2> <OutPorts = 1>
ST_2 : Operation 58 [1/1] (0.58ns)   --->   "%temp_112 = sparsemux i32 @_ssdm_op_SparseMux.ap_auto.8i32.i32.i3, i3 0, i32 %mux_case_0413299_read, i3 1, i32 %mux_case_1414303_read, i3 2, i32 %mux_case_2415307_read, i3 3, i32 %mux_case_3416311_read, i3 4, i32 %mux_case_4417315_read, i3 5, i32 %mux_case_5418319_read, i3 6, i32 %mux_case_6419323_read, i3 7, i32 %mux_case_7420327_read, i32 0, i3 %trunc_ln147" [firmware/nnet_utils/nnet_hept.h:159]   --->   Operation 58 'sparsemux' 'temp_112' <Predicate = true> <Delay = 0.58> <CoreInst = "SparseMux">   --->   Core 147 'SparseMux' <Latency = 0> <II = 1> <Delay = 0.58> <FuncUnit> <Opcode : 'sparsemux'> <InPorts = 2> <OutPorts = 1>
ST_2 : Operation 59 [1/1] (0.88ns)   --->   "%k_13 = add i32 %k_12, i32 1" [firmware/nnet_utils/nnet_hept.h:159]   --->   Operation 59 'add' 'k_13' <Predicate = true> <Delay = 0.88> <CoreInst = "Adder">   --->   Core 1 'Adder' <Latency = 0> <II = 1> <Delay = 0.88> <FuncUnit> <Opcode : 'add' 'sub'> <InPorts = 2> <OutPorts = 1>
ST_2 : Operation 60 [1/1] (0.57ns)   --->   "%icmp_ln159 = icmp_eq  i3 %trunc_ln147_8, i3 0" [firmware/nnet_utils/nnet_hept.h:159]   --->   Operation 60 'icmp' 'icmp_ln159' <Predicate = true> <Delay = 0.57> <CoreInst = "Cmp">   --->   Core 9 'Cmp' <Latency = 0> <II = 1> <Delay = 0.57> <FuncUnit> <Opcode : 'icmp'> <InPorts = 2> <OutPorts = 1>
ST_2 : Operation 61 [1/1] (0.57ns)   --->   "%icmp_ln159_1 = icmp_eq  i3 %trunc_ln147_8, i3 1" [firmware/nnet_utils/nnet_hept.h:159]   --->   Operation 61 'icmp' 'icmp_ln159_1' <Predicate = true> <Delay = 0.57> <CoreInst = "Cmp">   --->   Core 9 'Cmp' <Latency = 0> <II = 1> <Delay = 0.57> <FuncUnit> <Opcode : 'icmp'> <InPorts = 2> <OutPorts = 1>
ST_2 : Operation 62 [1/1] (0.57ns)   --->   "%icmp_ln159_2 = icmp_eq  i3 %trunc_ln147_8, i3 2" [firmware/nnet_utils/nnet_hept.h:159]   --->   Operation 62 'icmp' 'icmp_ln159_2' <Predicate = true> <Delay = 0.57> <CoreInst = "Cmp">   --->   Core 9 'Cmp' <Latency = 0> <II = 1> <Delay = 0.57> <FuncUnit> <Opcode : 'icmp'> <InPorts = 2> <OutPorts = 1>
ST_2 : Operation 63 [1/1] (0.57ns)   --->   "%icmp_ln159_3 = icmp_eq  i3 %trunc_ln147_8, i3 3" [firmware/nnet_utils/nnet_hept.h:159]   --->   Operation 63 'icmp' 'icmp_ln159_3' <Predicate = true> <Delay = 0.57> <CoreInst = "Cmp">   --->   Core 9 'Cmp' <Latency = 0> <II = 1> <Delay = 0.57> <FuncUnit> <Opcode : 'icmp'> <InPorts = 2> <OutPorts = 1>
ST_2 : Operation 64 [1/1] (0.57ns)   --->   "%icmp_ln159_4 = icmp_eq  i3 %trunc_ln147_8, i3 4" [firmware/nnet_utils/nnet_hept.h:159]   --->   Operation 64 'icmp' 'icmp_ln159_4' <Predicate = true> <Delay = 0.57> <CoreInst = "Cmp">   --->   Core 9 'Cmp' <Latency = 0> <II = 1> <Delay = 0.57> <FuncUnit> <Opcode : 'icmp'> <InPorts = 2> <OutPorts = 1>
ST_2 : Operation 65 [1/1] (0.57ns)   --->   "%icmp_ln159_5 = icmp_eq  i3 %trunc_ln147_8, i3 5" [firmware/nnet_utils/nnet_hept.h:159]   --->   Operation 65 'icmp' 'icmp_ln159_5' <Predicate = true> <Delay = 0.57> <CoreInst = "Cmp">   --->   Core 9 'Cmp' <Latency = 0> <II = 1> <Delay = 0.57> <FuncUnit> <Opcode : 'icmp'> <InPorts = 2> <OutPorts = 1>
ST_2 : Operation 66 [1/1] (0.57ns)   --->   "%icmp_ln159_6 = icmp_eq  i3 %trunc_ln147_8, i3 6" [firmware/nnet_utils/nnet_hept.h:159]   --->   Operation 66 'icmp' 'icmp_ln159_6' <Predicate = true> <Delay = 0.57> <CoreInst = "Cmp">   --->   Core 9 'Cmp' <Latency = 0> <II = 1> <Delay = 0.57> <FuncUnit> <Opcode : 'icmp'> <InPorts = 2> <OutPorts = 1>
ST_2 : Operation 67 [1/1] (0.00ns) (grouped into LUT with out node or_ln159_4)   --->   "%or_ln159 = or i1 %icmp_ln159_2, i1 %icmp_ln159_1" [firmware/nnet_utils/nnet_hept.h:159]   --->   Operation 67 'or' 'or_ln159' <Predicate = true> <Delay = 0.00> <CoreInst = "LogicGate">   --->   Core 74 'LogicGate' <Latency = 0> <II = 1> <Delay = 0.12> <FuncUnit> <Opcode : 'and' 'or' 'xor'> <InPorts = 2> <OutPorts = 1>
ST_2 : Operation 68 [1/1] (0.00ns) (grouped into LUT with out node or_ln159_4)   --->   "%or_ln159_1 = or i1 %or_ln159, i1 %icmp_ln159" [firmware/nnet_utils/nnet_hept.h:159]   --->   Operation 68 'or' 'or_ln159_1' <Predicate = true> <Delay = 0.00> <CoreInst = "LogicGate">   --->   Core 74 'LogicGate' <Latency = 0> <II = 1> <Delay = 0.12> <FuncUnit> <Opcode : 'and' 'or' 'xor'> <InPorts = 2> <OutPorts = 1>
ST_2 : Operation 69 [1/1] (0.00ns) (grouped into LUT with out node or_ln159_4)   --->   "%or_ln159_2 = or i1 %icmp_ln159_4, i1 %icmp_ln159_3" [firmware/nnet_utils/nnet_hept.h:159]   --->   Operation 69 'or' 'or_ln159_2' <Predicate = true> <Delay = 0.00> <CoreInst = "LogicGate">   --->   Core 74 'LogicGate' <Latency = 0> <II = 1> <Delay = 0.12> <FuncUnit> <Opcode : 'and' 'or' 'xor'> <InPorts = 2> <OutPorts = 1>
ST_2 : Operation 70 [1/1] (0.00ns) (grouped into LUT with out node or_ln159_4)   --->   "%or_ln159_3 = or i1 %or_ln159_1, i1 %icmp_ln159_5" [firmware/nnet_utils/nnet_hept.h:159]   --->   Operation 70 'or' 'or_ln159_3' <Predicate = true> <Delay = 0.00> <CoreInst = "LogicGate">   --->   Core 74 'LogicGate' <Latency = 0> <II = 1> <Delay = 0.12> <FuncUnit> <Opcode : 'and' 'or' 'xor'> <InPorts = 2> <OutPorts = 1>
ST_2 : Operation 71 [1/1] (0.12ns) (out node of the LUT)   --->   "%or_ln159_4 = or i1 %or_ln159_3, i1 %or_ln159_2" [firmware/nnet_utils/nnet_hept.h:159]   --->   Operation 71 'or' 'or_ln159_4' <Predicate = true> <Delay = 0.12> <CoreInst = "LogicGate">   --->   Core 74 'LogicGate' <Latency = 0> <II = 1> <Delay = 0.12> <FuncUnit> <Opcode : 'and' 'or' 'xor'> <InPorts = 2> <OutPorts = 1>
ST_2 : Operation 72 [1/1] (0.00ns) (grouped into LUT with out node temp_113)   --->   "%or_ln159_5 = or i1 %or_ln159_4, i1 %icmp_ln159_6" [firmware/nnet_utils/nnet_hept.h:159]   --->   Operation 72 'or' 'or_ln159_5' <Predicate = true> <Delay = 0.00> <CoreInst = "LogicGate">   --->   Core 74 'LogicGate' <Latency = 0> <II = 1> <Delay = 0.12> <FuncUnit> <Opcode : 'and' 'or' 'xor'> <InPorts = 2> <OutPorts = 1>
ST_2 : Operation 73 [1/1] (0.22ns) (out node of the LUT)   --->   "%temp_113 = select i1 %or_ln159_5, i32 %temp_111, i32 %temp_112" [firmware/nnet_utils/nnet_hept.h:159]   --->   Operation 73 'select' 'temp_113' <Predicate = true> <Delay = 0.22> <CoreInst = "Sel">   --->   Core 73 'Sel' <Latency = 0> <II = 1> <Delay = 0.22> <FuncUnit> <Opcode : 'select'> <InPorts = 3> <OutPorts = 1>
ST_2 : Operation 74 [1/1] (0.22ns)   --->   "%temp_114 = select i1 %icmp_ln159_6, i32 %temp_112, i32 %temp_110" [firmware/nnet_utils/nnet_hept.h:159]   --->   Operation 74 'select' 'temp_114' <Predicate = true> <Delay = 0.22> <CoreInst = "Sel">   --->   Core 73 'Sel' <Latency = 0> <II = 1> <Delay = 0.22> <FuncUnit> <Opcode : 'select'> <InPorts = 3> <OutPorts = 1>
ST_2 : Operation 75 [1/1] (0.22ns)   --->   "%temp_115 = select i1 %icmp_ln159_5, i32 %temp_112, i32 %temp_109" [firmware/nnet_utils/nnet_hept.h:159]   --->   Operation 75 'select' 'temp_115' <Predicate = true> <Delay = 0.22> <CoreInst = "Sel">   --->   Core 73 'Sel' <Latency = 0> <II = 1> <Delay = 0.22> <FuncUnit> <Opcode : 'select'> <InPorts = 3> <OutPorts = 1>
ST_2 : Operation 76 [1/1] (0.22ns)   --->   "%temp_116 = select i1 %icmp_ln159_4, i32 %temp_112, i32 %temp_108" [firmware/nnet_utils/nnet_hept.h:159]   --->   Operation 76 'select' 'temp_116' <Predicate = true> <Delay = 0.22> <CoreInst = "Sel">   --->   Core 73 'Sel' <Latency = 0> <II = 1> <Delay = 0.22> <FuncUnit> <Opcode : 'select'> <InPorts = 3> <OutPorts = 1>
ST_2 : Operation 77 [1/1] (0.22ns)   --->   "%temp_117 = select i1 %icmp_ln159_3, i32 %temp_112, i32 %temp_107" [firmware/nnet_utils/nnet_hept.h:159]   --->   Operation 77 'select' 'temp_117' <Predicate = true> <Delay = 0.22> <CoreInst = "Sel">   --->   Core 73 'Sel' <Latency = 0> <II = 1> <Delay = 0.22> <FuncUnit> <Opcode : 'select'> <InPorts = 3> <OutPorts = 1>
ST_2 : Operation 78 [1/1] (0.22ns)   --->   "%temp_118 = select i1 %icmp_ln159_2, i32 %temp_112, i32 %temp_106" [firmware/nnet_utils/nnet_hept.h:159]   --->   Operation 78 'select' 'temp_118' <Predicate = true> <Delay = 0.22> <CoreInst = "Sel">   --->   Core 73 'Sel' <Latency = 0> <II = 1> <Delay = 0.22> <FuncUnit> <Opcode : 'select'> <InPorts = 3> <OutPorts = 1>
ST_2 : Operation 79 [1/1] (0.22ns)   --->   "%temp_119 = select i1 %icmp_ln159_1, i32 %temp_112, i32 %temp_105" [firmware/nnet_utils/nnet_hept.h:159]   --->   Operation 79 'select' 'temp_119' <Predicate = true> <Delay = 0.22> <CoreInst = "Sel">   --->   Core 73 'Sel' <Latency = 0> <II = 1> <Delay = 0.22> <FuncUnit> <Opcode : 'select'> <InPorts = 3> <OutPorts = 1>
ST_2 : Operation 80 [1/1] (0.22ns)   --->   "%temp_120 = select i1 %icmp_ln159, i32 %temp_112, i32 %temp_104" [firmware/nnet_utils/nnet_hept.h:159]   --->   Operation 80 'select' 'temp_120' <Predicate = true> <Delay = 0.22> <CoreInst = "Sel">   --->   Core 73 'Sel' <Latency = 0> <II = 1> <Delay = 0.22> <FuncUnit> <Opcode : 'select'> <InPorts = 3> <OutPorts = 1>
ST_2 : Operation 81 [1/1] (0.00ns)   --->   "%tmp = partselect i31 @_ssdm_op_PartSelect.i31.i32.i32.i32, i32 %i_6, i32 1, i32 31" [firmware/nnet_utils/nnet_hept.h:157]   --->   Operation 81 'partselect' 'tmp' <Predicate = true> <Delay = 0.00>
ST_2 : Operation 82 [1/1] (0.87ns)   --->   "%icmp_ln157 = icmp_eq  i31 %tmp, i31 0" [firmware/nnet_utils/nnet_hept.h:157]   --->   Operation 82 'icmp' 'icmp_ln157' <Predicate = true> <Delay = 0.87> <CoreInst = "Cmp">   --->   Core 9 'Cmp' <Latency = 0> <II = 1> <Delay = 0.87> <FuncUnit> <Opcode : 'icmp'> <InPorts = 2> <OutPorts = 1>
ST_2 : Operation 83 [1/1] (0.38ns)   --->   "%store_ln136 = store i32 %temp_113, i32 %temp_103" [firmware/nnet_utils/nnet_hept.h:136]   --->   Operation 83 'store' 'store_ln136' <Predicate = true> <Delay = 0.38>
ST_2 : Operation 84 [1/1] (0.38ns)   --->   "%store_ln136 = store i32 %temp_114, i32 %temp_102" [firmware/nnet_utils/nnet_hept.h:136]   --->   Operation 84 'store' 'store_ln136' <Predicate = true> <Delay = 0.38>
ST_2 : Operation 85 [1/1] (0.38ns)   --->   "%store_ln136 = store i32 %temp_115, i32 %temp_101" [firmware/nnet_utils/nnet_hept.h:136]   --->   Operation 85 'store' 'store_ln136' <Predicate = true> <Delay = 0.38>
ST_2 : Operation 86 [1/1] (0.38ns)   --->   "%store_ln136 = store i32 %temp_116, i32 %temp_100" [firmware/nnet_utils/nnet_hept.h:136]   --->   Operation 86 'store' 'store_ln136' <Predicate = true> <Delay = 0.38>
ST_2 : Operation 87 [1/1] (0.38ns)   --->   "%store_ln136 = store i32 %temp_117, i32 %temp_99" [firmware/nnet_utils/nnet_hept.h:136]   --->   Operation 87 'store' 'store_ln136' <Predicate = true> <Delay = 0.38>
ST_2 : Operation 88 [1/1] (0.38ns)   --->   "%store_ln136 = store i32 %temp_118, i32 %temp_98" [firmware/nnet_utils/nnet_hept.h:136]   --->   Operation 88 'store' 'store_ln136' <Predicate = true> <Delay = 0.38>
ST_2 : Operation 89 [1/1] (0.38ns)   --->   "%store_ln136 = store i32 %temp_119, i32 %temp_97" [firmware/nnet_utils/nnet_hept.h:136]   --->   Operation 89 'store' 'store_ln136' <Predicate = true> <Delay = 0.38>
ST_2 : Operation 90 [1/1] (0.38ns)   --->   "%store_ln136 = store i32 %temp_120, i32 %temp" [firmware/nnet_utils/nnet_hept.h:136]   --->   Operation 90 'store' 'store_ln136' <Predicate = true> <Delay = 0.38>
ST_2 : Operation 91 [1/1] (0.38ns)   --->   "%store_ln147 = store i32 %k_13, i32 %k" [firmware/nnet_utils/nnet_hept.h:147]   --->   Operation 91 'store' 'store_ln147' <Predicate = true> <Delay = 0.38>
ST_2 : Operation 92 [1/1] (0.38ns)   --->   "%store_ln147 = store i32 1, i32 %i" [firmware/nnet_utils/nnet_hept.h:147]   --->   Operation 92 'store' 'store_ln147' <Predicate = true> <Delay = 0.38>
ST_2 : Operation 93 [1/1] (0.00ns)   --->   "%br_ln157 = br i1 %icmp_ln157, void %VITIS_LOOP_161_5.1.loopexit.exitStub, void %while.body45.1_ifconv" [firmware/nnet_utils/nnet_hept.h:157]   --->   Operation 93 'br' 'br_ln157' <Predicate = true> <Delay = 0.00>
ST_2 : Operation 94 [1/1] (0.00ns)   --->   "%write_ln159 = write void @_ssdm_op_Write.ap_auto.i32P0A, i32 %k_35_out, i32 %k_13" [firmware/nnet_utils/nnet_hept.h:159]   --->   Operation 94 'write' 'write_ln159' <Predicate = (!icmp_ln157)> <Delay = 0.00>
ST_2 : Operation 95 [1/1] (0.00ns)   --->   "%write_ln159 = write void @_ssdm_op_Write.ap_auto.i32P0A, i32 %temp_285_out, i32 %temp_113" [firmware/nnet_utils/nnet_hept.h:159]   --->   Operation 95 'write' 'write_ln159' <Predicate = (!icmp_ln157)> <Delay = 0.00>
ST_2 : Operation 96 [1/1] (0.00ns)   --->   "%write_ln159 = write void @_ssdm_op_Write.ap_auto.i32P0A, i32 %temp_286_out, i32 %temp_114" [firmware/nnet_utils/nnet_hept.h:159]   --->   Operation 96 'write' 'write_ln159' <Predicate = (!icmp_ln157)> <Delay = 0.00>
ST_2 : Operation 97 [1/1] (0.00ns)   --->   "%write_ln159 = write void @_ssdm_op_Write.ap_auto.i32P0A, i32 %temp_287_out, i32 %temp_115" [firmware/nnet_utils/nnet_hept.h:159]   --->   Operation 97 'write' 'write_ln159' <Predicate = (!icmp_ln157)> <Delay = 0.00>
ST_2 : Operation 98 [1/1] (0.00ns)   --->   "%write_ln159 = write void @_ssdm_op_Write.ap_auto.i32P0A, i32 %temp_288_out, i32 %temp_116" [firmware/nnet_utils/nnet_hept.h:159]   --->   Operation 98 'write' 'write_ln159' <Predicate = (!icmp_ln157)> <Delay = 0.00>
ST_2 : Operation 99 [1/1] (0.00ns)   --->   "%write_ln159 = write void @_ssdm_op_Write.ap_auto.i32P0A, i32 %temp_289_out, i32 %temp_117" [firmware/nnet_utils/nnet_hept.h:159]   --->   Operation 99 'write' 'write_ln159' <Predicate = (!icmp_ln157)> <Delay = 0.00>
ST_2 : Operation 100 [1/1] (0.00ns)   --->   "%write_ln159 = write void @_ssdm_op_Write.ap_auto.i32P0A, i32 %temp_290_out, i32 %temp_118" [firmware/nnet_utils/nnet_hept.h:159]   --->   Operation 100 'write' 'write_ln159' <Predicate = (!icmp_ln157)> <Delay = 0.00>
ST_2 : Operation 101 [1/1] (0.00ns)   --->   "%write_ln159 = write void @_ssdm_op_Write.ap_auto.i32P0A, i32 %temp_315_out, i32 %temp_119" [firmware/nnet_utils/nnet_hept.h:159]   --->   Operation 101 'write' 'write_ln159' <Predicate = (!icmp_ln157)> <Delay = 0.00>
ST_2 : Operation 102 [1/1] (0.00ns)   --->   "%write_ln159 = write void @_ssdm_op_Write.ap_auto.i32P0A, i32 %temp_332_out, i32 %temp_120" [firmware/nnet_utils/nnet_hept.h:159]   --->   Operation 102 'write' 'write_ln159' <Predicate = (!icmp_ln157)> <Delay = 0.00>
ST_2 : Operation 103 [1/1] (0.00ns)   --->   "%ret_ln0 = ret"   --->   Operation 103 'ret' 'ret_ln0' <Predicate = (!icmp_ln157)> <Delay = 0.00>


============================================================
+ Verbose Summary: Timing violations
============================================================
Target clock period: 5.000ns, clock uncertainty: 0.625ns.

 <State 1>: 0.387ns
The critical path consists of the following:
	'alloca' operation 32 bit ('temp', firmware/nnet_utils/nnet_hept.h:136) [37]  (0.000 ns)
	'store' operation 0 bit ('store_ln136', firmware/nnet_utils/nnet_hept.h:136) of variable 'temp_273_reload_read' on local variable 'temp', firmware/nnet_utils/nnet_hept.h:136 [56]  (0.387 ns)

 <State 2>: 1.754ns
The critical path consists of the following:
	'load' operation 32 bit ('i', firmware/nnet_utils/nnet_hept.h:147) on local variable 'i', firmware/nnet_utils/nnet_hept.h:147 [68]  (0.000 ns)
	'add' operation 32 bit ('i', firmware/nnet_utils/nnet_hept.h:159) [82]  (0.880 ns)
	'icmp' operation 1 bit ('icmp_ln157', firmware/nnet_utils/nnet_hept.h:157) [107]  (0.874 ns)


============================================================
+ Verbose Summary: Binding
============================================================
N/A
* FSMD analyzer results:
  - Output states:
 - Input state : 
  - Chain level:
	State 1
	State 2


============================================================
+ Verbose Summary: Datapath Resource usage 
============================================================
N/A
