

================================================================
== Vitis HLS Report for 'merge_sort_ap_fixed_16_6_5_3_0_config5_Pipeline_VITIS_LOOP_161_55'
================================================================
* Date:           Tue Mar  4 14:23:38 2025

* Version:        2023.2 (Build 4023990 on Oct 11 2023)
* Project:        myproject_prj
* Solution:       solution1 (Vivado IP Flow Target)
* Product family: virtexuplus
* Target device:  xcvu13p-flga2577-2-e


================================================================
== Performance Estimates
================================================================
+ Timing: 
    * Summary: 
    +--------+---------+----------+------------+
    |  Clock |  Target | Estimated| Uncertainty|
    +--------+---------+----------+------------+
    |ap_clk  |  5.00 ns|  1.267 ns|     0.62 ns|
    +--------+---------+----------+------------+

+ Latency: 
    * Summary: 
    +---------+---------+----------+----------+-----+-----+---------+
    |  Latency (cycles) |  Latency (absolute) |  Interval | Pipeline|
    |   min   |   max   |    min   |    max   | min | max |   Type  |
    +---------+---------+----------+----------+-----+-----+---------+
    |        ?|        ?|         ?|         ?|    ?|    ?|       no|
    +---------+---------+----------+----------+-----+-----+---------+

    + Detail: 
        * Instance: 
        N/A

        * Loop: 
        +--------------------+---------+---------+----------+-----------+-----------+------+----------+
        |                    |  Latency (cycles) | Iteration|  Initiation Interval  | Trip |          |
        |      Loop Name     |   min   |   max   |  Latency |  achieved |   target  | Count| Pipelined|
        +--------------------+---------+---------+----------+-----------+-----------+------+----------+
        |- VITIS_LOOP_161_5  |        ?|        ?|         1|          1|          1|     ?|       yes|
        +--------------------+---------+---------+----------+-----------+-----------+------+----------+

============================================================
+ Verbose Summary: Synthesis Manager
============================================================
InlineROM: 1
ExposeGlobal: 0
============================================================
+ Verbose Summary: CDFG Model
============================================================
IsTopModel: 0
ResetActiveHigh: 1
IsCombinational: 0
IsDatapathOnly: 0
HasWiredReturn: 1
HasMFsm: 2
HasVarLatency: 1
IsPipeline: 0
IsRtlPipelined: 0
IsInstanceOverlapped: 0
IsDontTouch: 0
HasImplIP: 0
IsGatedGlobalClock: 0

+ Individual pipeline summary: 
  * Pipeline-0: initiation interval (II) = 1, depth = 2


============================================================
+ Verbose Summary: Schedule
============================================================
* Number of FSM states : 2
* Pipeline : 1
  Pipeline-0 : II = 1, D = 2, States = { 1 2 }
* Dataflow Pipeline: 0

* FSM state transitions: 
1 --> 2 
2 --> 

* FSM state operations: 

State 1 <SV = 0> <Delay = 0.38>
ST_1 : Operation 4 [1/1] (0.00ns)   --->   "%k = alloca i32 1" [firmware/nnet_utils/nnet_hept.h:147]   --->   Operation 4 'alloca' 'k' <Predicate = true> <Delay = 0.00>
ST_1 : Operation 5 [1/1] (0.00ns)   --->   "%j = alloca i32 1" [firmware/nnet_utils/nnet_hept.h:147]   --->   Operation 5 'alloca' 'j' <Predicate = true> <Delay = 0.00>
ST_1 : Operation 6 [1/1] (0.00ns)   --->   "%temp = alloca i32 1" [firmware/nnet_utils/nnet_hept.h:136]   --->   Operation 6 'alloca' 'temp' <Predicate = true> <Delay = 0.00>
ST_1 : Operation 7 [1/1] (0.00ns)   --->   "%temp_9 = alloca i32 1" [firmware/nnet_utils/nnet_hept.h:136]   --->   Operation 7 'alloca' 'temp_9' <Predicate = true> <Delay = 0.00>
ST_1 : Operation 8 [1/1] (0.00ns)   --->   "%temp_10 = alloca i32 1" [firmware/nnet_utils/nnet_hept.h:136]   --->   Operation 8 'alloca' 'temp_10' <Predicate = true> <Delay = 0.00>
ST_1 : Operation 9 [1/1] (0.00ns)   --->   "%temp_11 = alloca i32 1" [firmware/nnet_utils/nnet_hept.h:136]   --->   Operation 9 'alloca' 'temp_11' <Predicate = true> <Delay = 0.00>
ST_1 : Operation 10 [1/1] (0.00ns)   --->   "%temp_12 = alloca i32 1" [firmware/nnet_utils/nnet_hept.h:136]   --->   Operation 10 'alloca' 'temp_12' <Predicate = true> <Delay = 0.00>
ST_1 : Operation 11 [1/1] (0.00ns)   --->   "%temp_13 = alloca i32 1" [firmware/nnet_utils/nnet_hept.h:136]   --->   Operation 11 'alloca' 'temp_13' <Predicate = true> <Delay = 0.00>
ST_1 : Operation 12 [1/1] (0.00ns)   --->   "%temp_14 = alloca i32 1" [firmware/nnet_utils/nnet_hept.h:136]   --->   Operation 12 'alloca' 'temp_14' <Predicate = true> <Delay = 0.00>
ST_1 : Operation 13 [1/1] (0.00ns)   --->   "%temp_15 = alloca i32 1" [firmware/nnet_utils/nnet_hept.h:136]   --->   Operation 13 'alloca' 'temp_15' <Predicate = true> <Delay = 0.00>
ST_1 : Operation 14 [1/1] (0.00ns)   --->   "%mux_case_5194127_read = read i32 @_ssdm_op_Read.ap_auto.i32, i32 %mux_case_5194127"   --->   Operation 14 'read' 'mux_case_5194127_read' <Predicate = true> <Delay = 0.00>
ST_1 : Operation 15 [1/1] (0.00ns)   --->   "%mux_case_4193123_read = read i32 @_ssdm_op_Read.ap_auto.i32, i32 %mux_case_4193123"   --->   Operation 15 'read' 'mux_case_4193123_read' <Predicate = true> <Delay = 0.00>
ST_1 : Operation 16 [1/1] (0.00ns)   --->   "%mux_case_3192119_read = read i32 @_ssdm_op_Read.ap_auto.i32, i32 %mux_case_3192119"   --->   Operation 16 'read' 'mux_case_3192119_read' <Predicate = true> <Delay = 0.00>
ST_1 : Operation 17 [1/1] (0.00ns)   --->   "%mux_case_2191115_read = read i32 @_ssdm_op_Read.ap_auto.i32, i32 %mux_case_2191115"   --->   Operation 17 'read' 'mux_case_2191115_read' <Predicate = true> <Delay = 0.00>
ST_1 : Operation 18 [1/1] (0.00ns)   --->   "%mux_case_1190111_read = read i32 @_ssdm_op_Read.ap_auto.i32, i32 %mux_case_1190111"   --->   Operation 18 'read' 'mux_case_1190111_read' <Predicate = true> <Delay = 0.00>
ST_1 : Operation 19 [1/1] (0.00ns)   --->   "%mux_case_0189107_read = read i32 @_ssdm_op_Read.ap_auto.i32, i32 %mux_case_0189107"   --->   Operation 19 'read' 'mux_case_0189107_read' <Predicate = true> <Delay = 0.00>
ST_1 : Operation 20 [1/1] (0.00ns)   --->   "%k_18_read = read i32 @_ssdm_op_Read.ap_auto.i32, i32 %k_18"   --->   Operation 20 'read' 'k_18_read' <Predicate = true> <Delay = 0.00>
ST_1 : Operation 21 [1/1] (0.00ns)   --->   "%tmp = read i3 @_ssdm_op_Read.ap_auto.i3, i3 %empty"   --->   Operation 21 'read' 'tmp' <Predicate = true> <Delay = 0.00>
ST_1 : Operation 22 [1/1] (0.00ns)   --->   "%temp_146_read = read i32 @_ssdm_op_Read.ap_auto.i32, i32 %temp_146"   --->   Operation 22 'read' 'temp_146_read' <Predicate = true> <Delay = 0.00>
ST_1 : Operation 23 [1/1] (0.00ns)   --->   "%temp_147_read = read i32 @_ssdm_op_Read.ap_auto.i32, i32 %temp_147"   --->   Operation 23 'read' 'temp_147_read' <Predicate = true> <Delay = 0.00>
ST_1 : Operation 24 [1/1] (0.00ns)   --->   "%temp_148_read = read i32 @_ssdm_op_Read.ap_auto.i32, i32 %temp_148"   --->   Operation 24 'read' 'temp_148_read' <Predicate = true> <Delay = 0.00>
ST_1 : Operation 25 [1/1] (0.00ns)   --->   "%temp_149_read = read i32 @_ssdm_op_Read.ap_auto.i32, i32 %temp_149"   --->   Operation 25 'read' 'temp_149_read' <Predicate = true> <Delay = 0.00>
ST_1 : Operation 26 [1/1] (0.00ns)   --->   "%temp_150_read = read i32 @_ssdm_op_Read.ap_auto.i32, i32 %temp_150"   --->   Operation 26 'read' 'temp_150_read' <Predicate = true> <Delay = 0.00>
ST_1 : Operation 27 [1/1] (0.00ns)   --->   "%temp_151_read = read i32 @_ssdm_op_Read.ap_auto.i32, i32 %temp_151"   --->   Operation 27 'read' 'temp_151_read' <Predicate = true> <Delay = 0.00>
ST_1 : Operation 28 [1/1] (0.00ns)   --->   "%temp_152_read = read i32 @_ssdm_op_Read.ap_auto.i32, i32 %temp_152"   --->   Operation 28 'read' 'temp_152_read' <Predicate = true> <Delay = 0.00>
ST_1 : Operation 29 [1/1] (0.00ns)   --->   "%temp_153_read = read i32 @_ssdm_op_Read.ap_auto.i32, i32 %temp_153"   --->   Operation 29 'read' 'temp_153_read' <Predicate = true> <Delay = 0.00>
ST_1 : Operation 30 [1/1] (0.38ns)   --->   "%store_ln136 = store i32 %temp_153_read, i32 %temp_15" [firmware/nnet_utils/nnet_hept.h:136]   --->   Operation 30 'store' 'store_ln136' <Predicate = true> <Delay = 0.38>
ST_1 : Operation 31 [1/1] (0.38ns)   --->   "%store_ln136 = store i32 %temp_152_read, i32 %temp_14" [firmware/nnet_utils/nnet_hept.h:136]   --->   Operation 31 'store' 'store_ln136' <Predicate = true> <Delay = 0.38>
ST_1 : Operation 32 [1/1] (0.38ns)   --->   "%store_ln136 = store i32 %temp_151_read, i32 %temp_13" [firmware/nnet_utils/nnet_hept.h:136]   --->   Operation 32 'store' 'store_ln136' <Predicate = true> <Delay = 0.38>
ST_1 : Operation 33 [1/1] (0.38ns)   --->   "%store_ln136 = store i32 %temp_150_read, i32 %temp_12" [firmware/nnet_utils/nnet_hept.h:136]   --->   Operation 33 'store' 'store_ln136' <Predicate = true> <Delay = 0.38>
ST_1 : Operation 34 [1/1] (0.38ns)   --->   "%store_ln136 = store i32 %temp_149_read, i32 %temp_11" [firmware/nnet_utils/nnet_hept.h:136]   --->   Operation 34 'store' 'store_ln136' <Predicate = true> <Delay = 0.38>
ST_1 : Operation 35 [1/1] (0.38ns)   --->   "%store_ln136 = store i32 %temp_148_read, i32 %temp_10" [firmware/nnet_utils/nnet_hept.h:136]   --->   Operation 35 'store' 'store_ln136' <Predicate = true> <Delay = 0.38>
ST_1 : Operation 36 [1/1] (0.38ns)   --->   "%store_ln136 = store i32 %temp_147_read, i32 %temp_9" [firmware/nnet_utils/nnet_hept.h:136]   --->   Operation 36 'store' 'store_ln136' <Predicate = true> <Delay = 0.38>
ST_1 : Operation 37 [1/1] (0.38ns)   --->   "%store_ln136 = store i32 %temp_146_read, i32 %temp" [firmware/nnet_utils/nnet_hept.h:136]   --->   Operation 37 'store' 'store_ln136' <Predicate = true> <Delay = 0.38>
ST_1 : Operation 38 [1/1] (0.38ns)   --->   "%store_ln147 = store i3 %tmp, i3 %j" [firmware/nnet_utils/nnet_hept.h:147]   --->   Operation 38 'store' 'store_ln147' <Predicate = true> <Delay = 0.38>
ST_1 : Operation 39 [1/1] (0.38ns)   --->   "%store_ln147 = store i32 %k_18_read, i32 %k" [firmware/nnet_utils/nnet_hept.h:147]   --->   Operation 39 'store' 'store_ln147' <Predicate = true> <Delay = 0.38>
ST_1 : Operation 40 [1/1] (0.00ns)   --->   "%br_ln0 = br void %while.body55.2154"   --->   Operation 40 'br' 'br_ln0' <Predicate = true> <Delay = 0.00>

State 2 <SV = 1> <Delay = 1.26>
ST_2 : Operation 41 [1/1] (0.00ns)   --->   "%j_2 = load i3 %j" [firmware/nnet_utils/nnet_hept.h:163]   --->   Operation 41 'load' 'j_2' <Predicate = true> <Delay = 0.00>
ST_2 : Operation 42 [1/1] (0.57ns)   --->   "%icmp_ln161 = icmp_ugt  i3 %j_2, i3 5" [firmware/nnet_utils/nnet_hept.h:161]   --->   Operation 42 'icmp' 'icmp_ln161' <Predicate = true> <Delay = 0.57> <CoreInst = "Cmp">   --->   Core 9 'Cmp' <Latency = 0> <II = 1> <Delay = 0.57> <FuncUnit> <Opcode : 'icmp'> <InPorts = 2> <OutPorts = 1>
ST_2 : Operation 43 [1/1] (0.00ns)   --->   "%br_ln161 = br i1 %icmp_ln161, void %while.body55.2154.split, void %VITIS_LOOP_167_62.loopexit.exitStub" [firmware/nnet_utils/nnet_hept.h:161]   --->   Operation 43 'br' 'br_ln161' <Predicate = true> <Delay = 0.00>
ST_2 : Operation 44 [1/1] (0.00ns)   --->   "%k_load = load i32 %k" [firmware/nnet_utils/nnet_hept.h:147]   --->   Operation 44 'load' 'k_load' <Predicate = (!icmp_ln161)> <Delay = 0.00>
ST_2 : Operation 45 [1/1] (0.00ns)   --->   "%specpipeline_ln162 = specpipeline void @_ssdm_op_SpecPipeline, i32 4294967295, i32 0, i32 0, i32 0, void @empty_0" [firmware/nnet_utils/nnet_hept.h:162]   --->   Operation 45 'specpipeline' 'specpipeline_ln162' <Predicate = (!icmp_ln161)> <Delay = 0.00>
ST_2 : Operation 46 [1/1] (0.00ns)   --->   "%specloopname_ln161 = specloopname void @_ssdm_op_SpecLoopName, void @empty_3" [firmware/nnet_utils/nnet_hept.h:161]   --->   Operation 46 'specloopname' 'specloopname_ln161' <Predicate = (!icmp_ln161)> <Delay = 0.00>
ST_2 : Operation 47 [1/1] (0.00ns)   --->   "%trunc_ln147 = trunc i32 %k_load" [firmware/nnet_utils/nnet_hept.h:147]   --->   Operation 47 'trunc' 'trunc_ln147' <Predicate = (!icmp_ln161)> <Delay = 0.00>
ST_2 : Operation 48 [1/1] (0.57ns)   --->   "%add_ln163 = add i3 %j_2, i3 1" [firmware/nnet_utils/nnet_hept.h:163]   --->   Operation 48 'add' 'add_ln163' <Predicate = (!icmp_ln161)> <Delay = 0.57> <CoreInst = "Adder">   --->   Core 1 'Adder' <Latency = 0> <II = 1> <Delay = 0.57> <FuncUnit> <Opcode : 'add' 'sub'> <InPorts = 2> <OutPorts = 1>
ST_2 : Operation 49 [1/1] (0.51ns)   --->   "%temp_16 = sparsemux i32 @_ssdm_op_SparseMux.ap_auto.6i32.i32.i3, i3 0, i32 %mux_case_0189107_read, i3 1, i32 %mux_case_1190111_read, i3 2, i32 %mux_case_2191115_read, i3 3, i32 %mux_case_3192119_read, i3 4, i32 %mux_case_4193123_read, i3 5, i32 %mux_case_5194127_read, i32 0, i3 %j_2" [firmware/nnet_utils/nnet_hept.h:163]   --->   Operation 49 'sparsemux' 'temp_16' <Predicate = (!icmp_ln161)> <Delay = 0.51> <CoreInst = "SparseMux">   --->   Core 147 'SparseMux' <Latency = 0> <II = 1> <Delay = 0.51> <FuncUnit> <Opcode : 'sparsemux'> <InPorts = 2> <OutPorts = 1>
ST_2 : Operation 50 [1/1] (0.88ns)   --->   "%k_2 = add i32 %k_load, i32 1" [firmware/nnet_utils/nnet_hept.h:163]   --->   Operation 50 'add' 'k_2' <Predicate = (!icmp_ln161)> <Delay = 0.88> <CoreInst = "Adder">   --->   Core 1 'Adder' <Latency = 0> <II = 1> <Delay = 0.88> <FuncUnit> <Opcode : 'add' 'sub'> <InPorts = 2> <OutPorts = 1>
ST_2 : Operation 51 [1/1] (0.67ns)   --->   "%switch_ln163 = switch i3 %trunc_ln147, void %arrayidx61.2152.case.7, i3 0, void %while.body55.2154.split.arrayidx61.2152.exit_crit_edge17, i3 1, void %arrayidx61.2152.case.1, i3 2, void %arrayidx61.2152.case.2, i3 3, void %arrayidx61.2152.case.3, i3 4, void %arrayidx61.2152.case.4, i3 5, void %arrayidx61.2152.case.5, i3 6, void %while.body55.2154.split.arrayidx61.2152.exit_crit_edge" [firmware/nnet_utils/nnet_hept.h:163]   --->   Operation 51 'switch' 'switch_ln163' <Predicate = (!icmp_ln161)> <Delay = 0.67>
ST_2 : Operation 52 [1/1] (0.38ns)   --->   "%store_ln136 = store i32 %temp_16, i32 %temp_14" [firmware/nnet_utils/nnet_hept.h:136]   --->   Operation 52 'store' 'store_ln136' <Predicate = (!icmp_ln161 & trunc_ln147 == 6)> <Delay = 0.38>
ST_2 : Operation 53 [1/1] (0.00ns)   --->   "%br_ln163 = br void %arrayidx61.2152.exit" [firmware/nnet_utils/nnet_hept.h:163]   --->   Operation 53 'br' 'br_ln163' <Predicate = (!icmp_ln161 & trunc_ln147 == 6)> <Delay = 0.00>
ST_2 : Operation 54 [1/1] (0.38ns)   --->   "%store_ln136 = store i32 %temp_16, i32 %temp_13" [firmware/nnet_utils/nnet_hept.h:136]   --->   Operation 54 'store' 'store_ln136' <Predicate = (!icmp_ln161 & trunc_ln147 == 5)> <Delay = 0.38>
ST_2 : Operation 55 [1/1] (0.00ns)   --->   "%br_ln163 = br void %arrayidx61.2152.exit" [firmware/nnet_utils/nnet_hept.h:163]   --->   Operation 55 'br' 'br_ln163' <Predicate = (!icmp_ln161 & trunc_ln147 == 5)> <Delay = 0.00>
ST_2 : Operation 56 [1/1] (0.38ns)   --->   "%store_ln136 = store i32 %temp_16, i32 %temp_12" [firmware/nnet_utils/nnet_hept.h:136]   --->   Operation 56 'store' 'store_ln136' <Predicate = (!icmp_ln161 & trunc_ln147 == 4)> <Delay = 0.38>
ST_2 : Operation 57 [1/1] (0.00ns)   --->   "%br_ln163 = br void %arrayidx61.2152.exit" [firmware/nnet_utils/nnet_hept.h:163]   --->   Operation 57 'br' 'br_ln163' <Predicate = (!icmp_ln161 & trunc_ln147 == 4)> <Delay = 0.00>
ST_2 : Operation 58 [1/1] (0.38ns)   --->   "%store_ln136 = store i32 %temp_16, i32 %temp_11" [firmware/nnet_utils/nnet_hept.h:136]   --->   Operation 58 'store' 'store_ln136' <Predicate = (!icmp_ln161 & trunc_ln147 == 3)> <Delay = 0.38>
ST_2 : Operation 59 [1/1] (0.00ns)   --->   "%br_ln163 = br void %arrayidx61.2152.exit" [firmware/nnet_utils/nnet_hept.h:163]   --->   Operation 59 'br' 'br_ln163' <Predicate = (!icmp_ln161 & trunc_ln147 == 3)> <Delay = 0.00>
ST_2 : Operation 60 [1/1] (0.38ns)   --->   "%store_ln136 = store i32 %temp_16, i32 %temp_10" [firmware/nnet_utils/nnet_hept.h:136]   --->   Operation 60 'store' 'store_ln136' <Predicate = (!icmp_ln161 & trunc_ln147 == 2)> <Delay = 0.38>
ST_2 : Operation 61 [1/1] (0.00ns)   --->   "%br_ln163 = br void %arrayidx61.2152.exit" [firmware/nnet_utils/nnet_hept.h:163]   --->   Operation 61 'br' 'br_ln163' <Predicate = (!icmp_ln161 & trunc_ln147 == 2)> <Delay = 0.00>
ST_2 : Operation 62 [1/1] (0.38ns)   --->   "%store_ln136 = store i32 %temp_16, i32 %temp_9" [firmware/nnet_utils/nnet_hept.h:136]   --->   Operation 62 'store' 'store_ln136' <Predicate = (!icmp_ln161 & trunc_ln147 == 1)> <Delay = 0.38>
ST_2 : Operation 63 [1/1] (0.00ns)   --->   "%br_ln163 = br void %arrayidx61.2152.exit" [firmware/nnet_utils/nnet_hept.h:163]   --->   Operation 63 'br' 'br_ln163' <Predicate = (!icmp_ln161 & trunc_ln147 == 1)> <Delay = 0.00>
ST_2 : Operation 64 [1/1] (0.38ns)   --->   "%store_ln136 = store i32 %temp_16, i32 %temp" [firmware/nnet_utils/nnet_hept.h:136]   --->   Operation 64 'store' 'store_ln136' <Predicate = (!icmp_ln161 & trunc_ln147 == 0)> <Delay = 0.38>
ST_2 : Operation 65 [1/1] (0.00ns)   --->   "%br_ln163 = br void %arrayidx61.2152.exit" [firmware/nnet_utils/nnet_hept.h:163]   --->   Operation 65 'br' 'br_ln163' <Predicate = (!icmp_ln161 & trunc_ln147 == 0)> <Delay = 0.00>
ST_2 : Operation 66 [1/1] (0.38ns)   --->   "%store_ln136 = store i32 %temp_16, i32 %temp_15" [firmware/nnet_utils/nnet_hept.h:136]   --->   Operation 66 'store' 'store_ln136' <Predicate = (!icmp_ln161 & trunc_ln147 == 7)> <Delay = 0.38>
ST_2 : Operation 67 [1/1] (0.00ns)   --->   "%br_ln163 = br void %arrayidx61.2152.exit" [firmware/nnet_utils/nnet_hept.h:163]   --->   Operation 67 'br' 'br_ln163' <Predicate = (!icmp_ln161 & trunc_ln147 == 7)> <Delay = 0.00>
ST_2 : Operation 68 [1/1] (0.38ns)   --->   "%store_ln147 = store i3 %add_ln163, i3 %j" [firmware/nnet_utils/nnet_hept.h:147]   --->   Operation 68 'store' 'store_ln147' <Predicate = (!icmp_ln161)> <Delay = 0.38>
ST_2 : Operation 69 [1/1] (0.38ns)   --->   "%store_ln147 = store i32 %k_2, i32 %k" [firmware/nnet_utils/nnet_hept.h:147]   --->   Operation 69 'store' 'store_ln147' <Predicate = (!icmp_ln161)> <Delay = 0.38>
ST_2 : Operation 70 [1/1] (0.00ns)   --->   "%br_ln161 = br void %while.body55.2154" [firmware/nnet_utils/nnet_hept.h:161]   --->   Operation 70 'br' 'br_ln161' <Predicate = (!icmp_ln161)> <Delay = 0.00>
ST_2 : Operation 71 [1/1] (0.00ns)   --->   "%temp_load = load i32 %temp"   --->   Operation 71 'load' 'temp_load' <Predicate = (icmp_ln161)> <Delay = 0.00>
ST_2 : Operation 72 [1/1] (0.00ns)   --->   "%temp_9_load = load i32 %temp_9"   --->   Operation 72 'load' 'temp_9_load' <Predicate = (icmp_ln161)> <Delay = 0.00>
ST_2 : Operation 73 [1/1] (0.00ns)   --->   "%temp_10_load = load i32 %temp_10"   --->   Operation 73 'load' 'temp_10_load' <Predicate = (icmp_ln161)> <Delay = 0.00>
ST_2 : Operation 74 [1/1] (0.00ns)   --->   "%temp_11_load = load i32 %temp_11"   --->   Operation 74 'load' 'temp_11_load' <Predicate = (icmp_ln161)> <Delay = 0.00>
ST_2 : Operation 75 [1/1] (0.00ns)   --->   "%temp_12_load = load i32 %temp_12"   --->   Operation 75 'load' 'temp_12_load' <Predicate = (icmp_ln161)> <Delay = 0.00>
ST_2 : Operation 76 [1/1] (0.00ns)   --->   "%temp_13_load = load i32 %temp_13"   --->   Operation 76 'load' 'temp_13_load' <Predicate = (icmp_ln161)> <Delay = 0.00>
ST_2 : Operation 77 [1/1] (0.00ns)   --->   "%temp_14_load = load i32 %temp_14"   --->   Operation 77 'load' 'temp_14_load' <Predicate = (icmp_ln161)> <Delay = 0.00>
ST_2 : Operation 78 [1/1] (0.00ns)   --->   "%temp_15_load = load i32 %temp_15"   --->   Operation 78 'load' 'temp_15_load' <Predicate = (icmp_ln161)> <Delay = 0.00>
ST_2 : Operation 79 [1/1] (0.00ns)   --->   "%write_ln0 = write void @_ssdm_op_Write.ap_auto.i32P0A, i32 %temp_170_out, i32 %temp_15_load"   --->   Operation 79 'write' 'write_ln0' <Predicate = (icmp_ln161)> <Delay = 0.00>
ST_2 : Operation 80 [1/1] (0.00ns)   --->   "%write_ln0 = write void @_ssdm_op_Write.ap_auto.i32P0A, i32 %temp_169_out, i32 %temp_14_load"   --->   Operation 80 'write' 'write_ln0' <Predicate = (icmp_ln161)> <Delay = 0.00>
ST_2 : Operation 81 [1/1] (0.00ns)   --->   "%write_ln0 = write void @_ssdm_op_Write.ap_auto.i32P0A, i32 %temp_168_out, i32 %temp_13_load"   --->   Operation 81 'write' 'write_ln0' <Predicate = (icmp_ln161)> <Delay = 0.00>
ST_2 : Operation 82 [1/1] (0.00ns)   --->   "%write_ln0 = write void @_ssdm_op_Write.ap_auto.i32P0A, i32 %temp_167_out, i32 %temp_12_load"   --->   Operation 82 'write' 'write_ln0' <Predicate = (icmp_ln161)> <Delay = 0.00>
ST_2 : Operation 83 [1/1] (0.00ns)   --->   "%write_ln0 = write void @_ssdm_op_Write.ap_auto.i32P0A, i32 %temp_166_out, i32 %temp_11_load"   --->   Operation 83 'write' 'write_ln0' <Predicate = (icmp_ln161)> <Delay = 0.00>
ST_2 : Operation 84 [1/1] (0.00ns)   --->   "%write_ln0 = write void @_ssdm_op_Write.ap_auto.i32P0A, i32 %temp_165_out, i32 %temp_10_load"   --->   Operation 84 'write' 'write_ln0' <Predicate = (icmp_ln161)> <Delay = 0.00>
ST_2 : Operation 85 [1/1] (0.00ns)   --->   "%write_ln0 = write void @_ssdm_op_Write.ap_auto.i32P0A, i32 %temp_164_out, i32 %temp_9_load"   --->   Operation 85 'write' 'write_ln0' <Predicate = (icmp_ln161)> <Delay = 0.00>
ST_2 : Operation 86 [1/1] (0.00ns)   --->   "%write_ln0 = write void @_ssdm_op_Write.ap_auto.i32P0A, i32 %temp_163_out, i32 %temp_load"   --->   Operation 86 'write' 'write_ln0' <Predicate = (icmp_ln161)> <Delay = 0.00>
ST_2 : Operation 87 [1/1] (0.00ns)   --->   "%ret_ln0 = ret"   --->   Operation 87 'ret' 'ret_ln0' <Predicate = (icmp_ln161)> <Delay = 0.00>


============================================================
+ Verbose Summary: Binding
============================================================
STG Binding: 
---------------- STG Properties BEGIN ----------------
- Is combinational: 0
- Is one-state seq: 0
- Is datapath-only: 0
- Is pipelined: 0
- Is top level: 0
Port [ Return ] is wired: 1; IO mode=ap_ctrl_hs:ce=0
Port [ temp_153]:  wired=1; compound=0; hidden=0; nouse=0; global=0; static=0; extern=0; dir=0; type=0; pingpong=0; private_global=0; IO mode=ap_none:ce=0
Port [ temp_152]:  wired=1; compound=0; hidden=0; nouse=0; global=0; static=0; extern=0; dir=0; type=0; pingpong=0; private_global=0; IO mode=ap_none:ce=0
Port [ temp_151]:  wired=1; compound=0; hidden=0; nouse=0; global=0; static=0; extern=0; dir=0; type=0; pingpong=0; private_global=0; IO mode=ap_none:ce=0
Port [ temp_150]:  wired=1; compound=0; hidden=0; nouse=0; global=0; static=0; extern=0; dir=0; type=0; pingpong=0; private_global=0; IO mode=ap_none:ce=0
Port [ temp_149]:  wired=1; compound=0; hidden=0; nouse=0; global=0; static=0; extern=0; dir=0; type=0; pingpong=0; private_global=0; IO mode=ap_none:ce=0
Port [ temp_148]:  wired=1; compound=0; hidden=0; nouse=0; global=0; static=0; extern=0; dir=0; type=0; pingpong=0; private_global=0; IO mode=ap_none:ce=0
Port [ temp_147]:  wired=1; compound=0; hidden=0; nouse=0; global=0; static=0; extern=0; dir=0; type=0; pingpong=0; private_global=0; IO mode=ap_none:ce=0
Port [ temp_146]:  wired=1; compound=0; hidden=0; nouse=0; global=0; static=0; extern=0; dir=0; type=0; pingpong=0; private_global=0; IO mode=ap_none:ce=0
Port [ empty]:  wired=1; compound=0; hidden=0; nouse=0; global=0; static=0; extern=0; dir=0; type=0; pingpong=0; private_global=0; IO mode=ap_none:ce=0
Port [ k_18]:  wired=1; compound=0; hidden=0; nouse=0; global=0; static=0; extern=0; dir=0; type=0; pingpong=0; private_global=0; IO mode=ap_none:ce=0
Port [ mux_case_0189107]:  wired=1; compound=0; hidden=0; nouse=0; global=0; static=0; extern=0; dir=0; type=0; pingpong=0; private_global=0; IO mode=ap_none:ce=0
Port [ mux_case_1190111]:  wired=1; compound=0; hidden=0; nouse=0; global=0; static=0; extern=0; dir=0; type=0; pingpong=0; private_global=0; IO mode=ap_none:ce=0
Port [ mux_case_2191115]:  wired=1; compound=0; hidden=0; nouse=0; global=0; static=0; extern=0; dir=0; type=0; pingpong=0; private_global=0; IO mode=ap_none:ce=0
Port [ mux_case_3192119]:  wired=1; compound=0; hidden=0; nouse=0; global=0; static=0; extern=0; dir=0; type=0; pingpong=0; private_global=0; IO mode=ap_none:ce=0
Port [ mux_case_4193123]:  wired=1; compound=0; hidden=0; nouse=0; global=0; static=0; extern=0; dir=0; type=0; pingpong=0; private_global=0; IO mode=ap_none:ce=0
Port [ mux_case_5194127]:  wired=1; compound=0; hidden=0; nouse=0; global=0; static=0; extern=0; dir=0; type=0; pingpong=0; private_global=0; IO mode=ap_none:ce=0
Port [ temp_170_out]:  wired=1; compound=0; hidden=0; nouse=0; global=0; static=0; extern=0; dir=1; type=0; pingpong=0; private_global=0; IO mode=ap_vld:ce=0
Port [ temp_169_out]:  wired=1; compound=0; hidden=0; nouse=0; global=0; static=0; extern=0; dir=1; type=0; pingpong=0; private_global=0; IO mode=ap_vld:ce=0
Port [ temp_168_out]:  wired=1; compound=0; hidden=0; nouse=0; global=0; static=0; extern=0; dir=1; type=0; pingpong=0; private_global=0; IO mode=ap_vld:ce=0
Port [ temp_167_out]:  wired=1; compound=0; hidden=0; nouse=0; global=0; static=0; extern=0; dir=1; type=0; pingpong=0; private_global=0; IO mode=ap_vld:ce=0
Port [ temp_166_out]:  wired=1; compound=0; hidden=0; nouse=0; global=0; static=0; extern=0; dir=1; type=0; pingpong=0; private_global=0; IO mode=ap_vld:ce=0
Port [ temp_165_out]:  wired=1; compound=0; hidden=0; nouse=0; global=0; static=0; extern=0; dir=1; type=0; pingpong=0; private_global=0; IO mode=ap_vld:ce=0
Port [ temp_164_out]:  wired=1; compound=0; hidden=0; nouse=0; global=0; static=0; extern=0; dir=1; type=0; pingpong=0; private_global=0; IO mode=ap_vld:ce=0
Port [ temp_163_out]:  wired=1; compound=0; hidden=0; nouse=0; global=0; static=0; extern=0; dir=1; type=0; pingpong=0; private_global=0; IO mode=ap_vld:ce=0
---------------- STG Properties END ------------------

---------------- Datapath Model BEGIN ----------------

<LifeTime>
<method=bitvector/>
k                     (alloca      ) [ 011]
j                     (alloca      ) [ 011]
temp                  (alloca      ) [ 011]
temp_9                (alloca      ) [ 011]
temp_10               (alloca      ) [ 011]
temp_11               (alloca      ) [ 011]
temp_12               (alloca      ) [ 011]
temp_13               (alloca      ) [ 011]
temp_14               (alloca      ) [ 011]
temp_15               (alloca      ) [ 011]
mux_case_5194127_read (read        ) [ 011]
mux_case_4193123_read (read        ) [ 011]
mux_case_3192119_read (read        ) [ 011]
mux_case_2191115_read (read        ) [ 011]
mux_case_1190111_read (read        ) [ 011]
mux_case_0189107_read (read        ) [ 011]
k_18_read             (read        ) [ 000]
tmp                   (read        ) [ 000]
temp_146_read         (read        ) [ 000]
temp_147_read         (read        ) [ 000]
temp_148_read         (read        ) [ 000]
temp_149_read         (read        ) [ 000]
temp_150_read         (read        ) [ 000]
temp_151_read         (read        ) [ 000]
temp_152_read         (read        ) [ 000]
temp_153_read         (read        ) [ 000]
store_ln136           (store       ) [ 000]
store_ln136           (store       ) [ 000]
store_ln136           (store       ) [ 000]
store_ln136           (store       ) [ 000]
store_ln136           (store       ) [ 000]
store_ln136           (store       ) [ 000]
store_ln136           (store       ) [ 000]
store_ln136           (store       ) [ 000]
store_ln147           (store       ) [ 000]
store_ln147           (store       ) [ 000]
br_ln0                (br          ) [ 000]
j_2                   (load        ) [ 000]
icmp_ln161            (icmp        ) [ 011]
br_ln161              (br          ) [ 000]
k_load                (load        ) [ 000]
specpipeline_ln162    (specpipeline) [ 000]
specloopname_ln161    (specloopname) [ 000]
trunc_ln147           (trunc       ) [ 011]
add_ln163             (add         ) [ 000]
temp_16               (sparsemux   ) [ 000]
k_2                   (add         ) [ 000]
switch_ln163          (switch      ) [ 000]
store_ln136           (store       ) [ 000]
br_ln163              (br          ) [ 000]
store_ln136           (store       ) [ 000]
br_ln163              (br          ) [ 000]
store_ln136           (store       ) [ 000]
br_ln163              (br          ) [ 000]
store_ln136           (store       ) [ 000]
br_ln163              (br          ) [ 000]
store_ln136           (store       ) [ 000]
br_ln163              (br          ) [ 000]
store_ln136           (store       ) [ 000]
br_ln163              (br          ) [ 000]
store_ln136           (store       ) [ 000]
br_ln163              (br          ) [ 000]
store_ln136           (store       ) [ 000]
br_ln163              (br          ) [ 000]
store_ln147           (store       ) [ 000]
store_ln147           (store       ) [ 000]
br_ln161              (br          ) [ 000]
temp_load             (load        ) [ 000]
temp_9_load           (load        ) [ 000]
temp_10_load          (load        ) [ 000]
temp_11_load          (load        ) [ 000]
temp_12_load          (load        ) [ 000]
temp_13_load          (load        ) [ 000]
temp_14_load          (load        ) [ 000]
temp_15_load          (load        ) [ 000]
write_ln0             (write       ) [ 000]
write_ln0             (write       ) [ 000]
write_ln0             (write       ) [ 000]
write_ln0             (write       ) [ 000]
write_ln0             (write       ) [ 000]
write_ln0             (write       ) [ 000]
write_ln0             (write       ) [ 000]
write_ln0             (write       ) [ 000]
ret_ln0               (ret         ) [ 000]
</LifeTime>

<model>

<comp_list>
<comp id="0" class="1000" name="temp_153">
<pin_list>
<pin id="1" dir="1" index="0" bw="1" slack="0"/>
</pin_list>
<bind>
<StgValue><ssdm name="temp_153"/></StgValue>
</bind>
</comp>

<comp id="2" class="1000" name="temp_152">
<pin_list>
<pin id="3" dir="1" index="0" bw="1" slack="0"/>
</pin_list>
<bind>
<StgValue><ssdm name="temp_152"/></StgValue>
</bind>
</comp>

<comp id="4" class="1000" name="temp_151">
<pin_list>
<pin id="5" dir="1" index="0" bw="1" slack="0"/>
</pin_list>
<bind>
<StgValue><ssdm name="temp_151"/></StgValue>
</bind>
</comp>

<comp id="6" class="1000" name="temp_150">
<pin_list>
<pin id="7" dir="1" index="0" bw="1" slack="0"/>
</pin_list>
<bind>
<StgValue><ssdm name="temp_150"/></StgValue>
</bind>
</comp>

<comp id="8" class="1000" name="temp_149">
<pin_list>
<pin id="9" dir="1" index="0" bw="1" slack="0"/>
</pin_list>
<bind>
<StgValue><ssdm name="temp_149"/></StgValue>
</bind>
</comp>

<comp id="10" class="1000" name="temp_148">
<pin_list>
<pin id="11" dir="1" index="0" bw="1" slack="0"/>
</pin_list>
<bind>
<StgValue><ssdm name="temp_148"/></StgValue>
</bind>
</comp>

<comp id="12" class="1000" name="temp_147">
<pin_list>
<pin id="13" dir="1" index="0" bw="1" slack="0"/>
</pin_list>
<bind>
<StgValue><ssdm name="temp_147"/></StgValue>
</bind>
</comp>

<comp id="14" class="1000" name="temp_146">
<pin_list>
<pin id="15" dir="1" index="0" bw="1" slack="0"/>
</pin_list>
<bind>
<StgValue><ssdm name="temp_146"/></StgValue>
</bind>
</comp>

<comp id="16" class="1000" name="empty">
<pin_list>
<pin id="17" dir="1" index="0" bw="1" slack="0"/>
</pin_list>
<bind>
<StgValue><ssdm name="empty"/></StgValue>
</bind>
</comp>

<comp id="18" class="1000" name="k_18">
<pin_list>
<pin id="19" dir="1" index="0" bw="1" slack="0"/>
</pin_list>
<bind>
<StgValue><ssdm name="k_18"/></StgValue>
</bind>
</comp>

<comp id="20" class="1000" name="mux_case_0189107">
<pin_list>
<pin id="21" dir="1" index="0" bw="1" slack="0"/>
</pin_list>
<bind>
<StgValue><ssdm name="mux_case_0189107"/></StgValue>
</bind>
</comp>

<comp id="22" class="1000" name="mux_case_1190111">
<pin_list>
<pin id="23" dir="1" index="0" bw="1" slack="0"/>
</pin_list>
<bind>
<StgValue><ssdm name="mux_case_1190111"/></StgValue>
</bind>
</comp>

<comp id="24" class="1000" name="mux_case_2191115">
<pin_list>
<pin id="25" dir="1" index="0" bw="1" slack="0"/>
</pin_list>
<bind>
<StgValue><ssdm name="mux_case_2191115"/></StgValue>
</bind>
</comp>

<comp id="26" class="1000" name="mux_case_3192119">
<pin_list>
<pin id="27" dir="1" index="0" bw="1" slack="0"/>
</pin_list>
<bind>
<StgValue><ssdm name="mux_case_3192119"/></StgValue>
</bind>
</comp>

<comp id="28" class="1000" name="mux_case_4193123">
<pin_list>
<pin id="29" dir="1" index="0" bw="1" slack="0"/>
</pin_list>
<bind>
<StgValue><ssdm name="mux_case_4193123"/></StgValue>
</bind>
</comp>

<comp id="30" class="1000" name="mux_case_5194127">
<pin_list>
<pin id="31" dir="1" index="0" bw="1" slack="0"/>
</pin_list>
<bind>
<StgValue><ssdm name="mux_case_5194127"/></StgValue>
</bind>
</comp>

<comp id="32" class="1000" name="temp_170_out">
<pin_list>
<pin id="33" dir="1" index="0" bw="1" slack="0"/>
</pin_list>
<bind>
<StgValue><ssdm name="temp_170_out"/></StgValue>
</bind>
</comp>

<comp id="34" class="1000" name="temp_169_out">
<pin_list>
<pin id="35" dir="1" index="0" bw="1" slack="0"/>
</pin_list>
<bind>
<StgValue><ssdm name="temp_169_out"/></StgValue>
</bind>
</comp>

<comp id="36" class="1000" name="temp_168_out">
<pin_list>
<pin id="37" dir="1" index="0" bw="1" slack="0"/>
</pin_list>
<bind>
<StgValue><ssdm name="temp_168_out"/></StgValue>
</bind>
</comp>

<comp id="38" class="1000" name="temp_167_out">
<pin_list>
<pin id="39" dir="1" index="0" bw="1" slack="0"/>
</pin_list>
<bind>
<StgValue><ssdm name="temp_167_out"/></StgValue>
</bind>
</comp>

<comp id="40" class="1000" name="temp_166_out">
<pin_list>
<pin id="41" dir="1" index="0" bw="1" slack="0"/>
</pin_list>
<bind>
<StgValue><ssdm name="temp_166_out"/></StgValue>
</bind>
</comp>

<comp id="42" class="1000" name="temp_165_out">
<pin_list>
<pin id="43" dir="1" index="0" bw="1" slack="0"/>
</pin_list>
<bind>
<StgValue><ssdm name="temp_165_out"/></StgValue>
</bind>
</comp>

<comp id="44" class="1000" name="temp_164_out">
<pin_list>
<pin id="45" dir="1" index="0" bw="1" slack="0"/>
</pin_list>
<bind>
<StgValue><ssdm name="temp_164_out"/></StgValue>
</bind>
</comp>

<comp id="46" class="1000" name="temp_163_out">
<pin_list>
<pin id="47" dir="1" index="0" bw="1" slack="0"/>
</pin_list>
<bind>
<StgValue><ssdm name="temp_163_out"/></StgValue>
</bind>
</comp>

<comp id="48" class="1001" name="const_48">
<pin_list>
<pin id="49" dir="1" index="0" bw="1" slack="0"/>
</pin_list>
<bind>
<StgValue><ssdm name=""/></StgValue>
</bind>
</comp>

<comp id="50" class="1001" name="const_50">
<pin_list>
<pin id="51" dir="1" index="0" bw="1" slack="0"/>
</pin_list>
<bind>
<StgValue><ssdm name="_ssdm_op_Read.ap_auto.i32"/></StgValue>
</bind>
</comp>

<comp id="52" class="1001" name="const_52">
<pin_list>
<pin id="53" dir="1" index="0" bw="1" slack="0"/>
</pin_list>
<bind>
<StgValue><ssdm name="_ssdm_op_Read.ap_auto.i3"/></StgValue>
</bind>
</comp>

<comp id="54" class="1001" name="const_54">
<pin_list>
<pin id="55" dir="1" index="0" bw="1" slack="0"/>
</pin_list>
<bind>
<StgValue><ssdm name=""/></StgValue>
</bind>
</comp>

<comp id="56" class="1001" name="const_56">
<pin_list>
<pin id="57" dir="1" index="0" bw="1" slack="2147483647"/>
</pin_list>
<bind>
<StgValue><ssdm name="_ssdm_op_SpecPipeline"/></StgValue>
</bind>
</comp>

<comp id="58" class="1001" name="const_58">
<pin_list>
<pin id="59" dir="1" index="0" bw="1" slack="2147483647"/>
</pin_list>
<bind>
<StgValue><ssdm name=""/></StgValue>
</bind>
</comp>

<comp id="60" class="1001" name="const_60">
<pin_list>
<pin id="61" dir="1" index="0" bw="1" slack="2147483647"/>
</pin_list>
<bind>
<StgValue><ssdm name=""/></StgValue>
</bind>
</comp>

<comp id="62" class="1001" name="const_62">
<pin_list>
<pin id="63" dir="1" index="0" bw="1" slack="2147483647"/>
</pin_list>
<bind>
<StgValue><ssdm name="empty_0"/></StgValue>
</bind>
</comp>

<comp id="64" class="1001" name="const_64">
<pin_list>
<pin id="65" dir="1" index="0" bw="1" slack="2147483647"/>
</pin_list>
<bind>
<StgValue><ssdm name="_ssdm_op_SpecLoopName"/></StgValue>
</bind>
</comp>

<comp id="66" class="1001" name="const_66">
<pin_list>
<pin id="67" dir="1" index="0" bw="1" slack="2147483647"/>
</pin_list>
<bind>
<StgValue><ssdm name="empty_3"/></StgValue>
</bind>
</comp>

<comp id="68" class="1001" name="const_68">
<pin_list>
<pin id="69" dir="1" index="0" bw="1" slack="0"/>
</pin_list>
<bind>
<StgValue><ssdm name=""/></StgValue>
</bind>
</comp>

<comp id="70" class="1001" name="const_70">
<pin_list>
<pin id="71" dir="1" index="0" bw="1" slack="0"/>
</pin_list>
<bind>
<StgValue><ssdm name="_ssdm_op_SparseMux.ap_auto.6i32.i32.i3"/></StgValue>
</bind>
</comp>

<comp id="72" class="1001" name="const_72">
<pin_list>
<pin id="73" dir="1" index="0" bw="1" slack="0"/>
</pin_list>
<bind>
<StgValue><ssdm name=""/></StgValue>
</bind>
</comp>

<comp id="74" class="1001" name="const_74">
<pin_list>
<pin id="75" dir="1" index="0" bw="1" slack="0"/>
</pin_list>
<bind>
<StgValue><ssdm name=""/></StgValue>
</bind>
</comp>

<comp id="76" class="1001" name="const_76">
<pin_list>
<pin id="77" dir="1" index="0" bw="1" slack="0"/>
</pin_list>
<bind>
<StgValue><ssdm name=""/></StgValue>
</bind>
</comp>

<comp id="78" class="1001" name="const_78">
<pin_list>
<pin id="79" dir="1" index="0" bw="1" slack="0"/>
</pin_list>
<bind>
<StgValue><ssdm name=""/></StgValue>
</bind>
</comp>

<comp id="80" class="1001" name="const_80">
<pin_list>
<pin id="81" dir="1" index="0" bw="1" slack="0"/>
</pin_list>
<bind>
<StgValue><ssdm name=""/></StgValue>
</bind>
</comp>

<comp id="82" class="1001" name="const_82">
<pin_list>
<pin id="83" dir="1" index="0" bw="1" slack="2147483647"/>
</pin_list>
<bind>
<StgValue><ssdm name=""/></StgValue>
</bind>
</comp>

<comp id="84" class="1001" name="const_84">
<pin_list>
<pin id="85" dir="1" index="0" bw="1" slack="0"/>
</pin_list>
<bind>
<StgValue><ssdm name="_ssdm_op_Write.ap_auto.i32P0A"/></StgValue>
</bind>
</comp>

<comp id="86" class="1004" name="k_fu_86">
<pin_list>
<pin id="87" dir="0" index="0" bw="1" slack="0"/>
<pin id="88" dir="1" index="1" bw="32" slack="0"/>
</pin_list>
<bind>
<opcode="alloca(26) " fcode="alloca"/>
<opset="k/1 "/>
</bind>
</comp>

<comp id="90" class="1004" name="j_fu_90">
<pin_list>
<pin id="91" dir="0" index="0" bw="1" slack="0"/>
<pin id="92" dir="1" index="1" bw="3" slack="0"/>
</pin_list>
<bind>
<opcode="alloca(26) " fcode="alloca"/>
<opset="j/1 "/>
</bind>
</comp>

<comp id="94" class="1004" name="temp_fu_94">
<pin_list>
<pin id="95" dir="0" index="0" bw="1" slack="0"/>
<pin id="96" dir="1" index="1" bw="32" slack="0"/>
</pin_list>
<bind>
<opcode="alloca(26) " fcode="alloca"/>
<opset="temp/1 "/>
</bind>
</comp>

<comp id="98" class="1004" name="temp_9_fu_98">
<pin_list>
<pin id="99" dir="0" index="0" bw="1" slack="0"/>
<pin id="100" dir="1" index="1" bw="32" slack="0"/>
</pin_list>
<bind>
<opcode="alloca(26) " fcode="alloca"/>
<opset="temp_9/1 "/>
</bind>
</comp>

<comp id="102" class="1004" name="temp_10_fu_102">
<pin_list>
<pin id="103" dir="0" index="0" bw="1" slack="0"/>
<pin id="104" dir="1" index="1" bw="32" slack="0"/>
</pin_list>
<bind>
<opcode="alloca(26) " fcode="alloca"/>
<opset="temp_10/1 "/>
</bind>
</comp>

<comp id="106" class="1004" name="temp_11_fu_106">
<pin_list>
<pin id="107" dir="0" index="0" bw="1" slack="0"/>
<pin id="108" dir="1" index="1" bw="32" slack="0"/>
</pin_list>
<bind>
<opcode="alloca(26) " fcode="alloca"/>
<opset="temp_11/1 "/>
</bind>
</comp>

<comp id="110" class="1004" name="temp_12_fu_110">
<pin_list>
<pin id="111" dir="0" index="0" bw="1" slack="0"/>
<pin id="112" dir="1" index="1" bw="32" slack="0"/>
</pin_list>
<bind>
<opcode="alloca(26) " fcode="alloca"/>
<opset="temp_12/1 "/>
</bind>
</comp>

<comp id="114" class="1004" name="temp_13_fu_114">
<pin_list>
<pin id="115" dir="0" index="0" bw="1" slack="0"/>
<pin id="116" dir="1" index="1" bw="32" slack="0"/>
</pin_list>
<bind>
<opcode="alloca(26) " fcode="alloca"/>
<opset="temp_13/1 "/>
</bind>
</comp>

<comp id="118" class="1004" name="temp_14_fu_118">
<pin_list>
<pin id="119" dir="0" index="0" bw="1" slack="0"/>
<pin id="120" dir="1" index="1" bw="32" slack="0"/>
</pin_list>
<bind>
<opcode="alloca(26) " fcode="alloca"/>
<opset="temp_14/1 "/>
</bind>
</comp>

<comp id="122" class="1004" name="temp_15_fu_122">
<pin_list>
<pin id="123" dir="0" index="0" bw="1" slack="0"/>
<pin id="124" dir="1" index="1" bw="32" slack="0"/>
</pin_list>
<bind>
<opcode="alloca(26) " fcode="alloca"/>
<opset="temp_15/1 "/>
</bind>
</comp>

<comp id="126" class="1004" name="mux_case_5194127_read_read_fu_126">
<pin_list>
<pin id="127" dir="0" index="0" bw="32" slack="0"/>
<pin id="128" dir="0" index="1" bw="32" slack="0"/>
<pin id="129" dir="1" index="2" bw="32" slack="1"/>
</pin_list>
<bind>
<opcode="read(1150) " fcode="read"/>
<opset="mux_case_5194127_read/1 "/>
</bind>
</comp>

<comp id="132" class="1004" name="mux_case_4193123_read_read_fu_132">
<pin_list>
<pin id="133" dir="0" index="0" bw="32" slack="0"/>
<pin id="134" dir="0" index="1" bw="32" slack="0"/>
<pin id="135" dir="1" index="2" bw="32" slack="1"/>
</pin_list>
<bind>
<opcode="read(1150) " fcode="read"/>
<opset="mux_case_4193123_read/1 "/>
</bind>
</comp>

<comp id="138" class="1004" name="mux_case_3192119_read_read_fu_138">
<pin_list>
<pin id="139" dir="0" index="0" bw="32" slack="0"/>
<pin id="140" dir="0" index="1" bw="32" slack="0"/>
<pin id="141" dir="1" index="2" bw="32" slack="1"/>
</pin_list>
<bind>
<opcode="read(1150) " fcode="read"/>
<opset="mux_case_3192119_read/1 "/>
</bind>
</comp>

<comp id="144" class="1004" name="mux_case_2191115_read_read_fu_144">
<pin_list>
<pin id="145" dir="0" index="0" bw="32" slack="0"/>
<pin id="146" dir="0" index="1" bw="32" slack="0"/>
<pin id="147" dir="1" index="2" bw="32" slack="1"/>
</pin_list>
<bind>
<opcode="read(1150) " fcode="read"/>
<opset="mux_case_2191115_read/1 "/>
</bind>
</comp>

<comp id="150" class="1004" name="mux_case_1190111_read_read_fu_150">
<pin_list>
<pin id="151" dir="0" index="0" bw="32" slack="0"/>
<pin id="152" dir="0" index="1" bw="32" slack="0"/>
<pin id="153" dir="1" index="2" bw="32" slack="1"/>
</pin_list>
<bind>
<opcode="read(1150) " fcode="read"/>
<opset="mux_case_1190111_read/1 "/>
</bind>
</comp>

<comp id="156" class="1004" name="mux_case_0189107_read_read_fu_156">
<pin_list>
<pin id="157" dir="0" index="0" bw="32" slack="0"/>
<pin id="158" dir="0" index="1" bw="32" slack="0"/>
<pin id="159" dir="1" index="2" bw="32" slack="1"/>
</pin_list>
<bind>
<opcode="read(1150) " fcode="read"/>
<opset="mux_case_0189107_read/1 "/>
</bind>
</comp>

<comp id="162" class="1004" name="k_18_read_read_fu_162">
<pin_list>
<pin id="163" dir="0" index="0" bw="32" slack="0"/>
<pin id="164" dir="0" index="1" bw="32" slack="0"/>
<pin id="165" dir="1" index="2" bw="32" slack="0"/>
</pin_list>
<bind>
<opcode="read(1150) " fcode="read"/>
<opset="k_18_read/1 "/>
</bind>
</comp>

<comp id="168" class="1004" name="tmp_read_fu_168">
<pin_list>
<pin id="169" dir="0" index="0" bw="3" slack="0"/>
<pin id="170" dir="0" index="1" bw="3" slack="0"/>
<pin id="171" dir="1" index="2" bw="3" slack="0"/>
</pin_list>
<bind>
<opcode="read(1150) " fcode="read"/>
<opset="tmp/1 "/>
</bind>
</comp>

<comp id="174" class="1004" name="temp_146_read_read_fu_174">
<pin_list>
<pin id="175" dir="0" index="0" bw="32" slack="0"/>
<pin id="176" dir="0" index="1" bw="32" slack="0"/>
<pin id="177" dir="1" index="2" bw="32" slack="0"/>
</pin_list>
<bind>
<opcode="read(1150) " fcode="read"/>
<opset="temp_146_read/1 "/>
</bind>
</comp>

<comp id="180" class="1004" name="temp_147_read_read_fu_180">
<pin_list>
<pin id="181" dir="0" index="0" bw="32" slack="0"/>
<pin id="182" dir="0" index="1" bw="32" slack="0"/>
<pin id="183" dir="1" index="2" bw="32" slack="0"/>
</pin_list>
<bind>
<opcode="read(1150) " fcode="read"/>
<opset="temp_147_read/1 "/>
</bind>
</comp>

<comp id="186" class="1004" name="temp_148_read_read_fu_186">
<pin_list>
<pin id="187" dir="0" index="0" bw="32" slack="0"/>
<pin id="188" dir="0" index="1" bw="32" slack="0"/>
<pin id="189" dir="1" index="2" bw="32" slack="0"/>
</pin_list>
<bind>
<opcode="read(1150) " fcode="read"/>
<opset="temp_148_read/1 "/>
</bind>
</comp>

<comp id="192" class="1004" name="temp_149_read_read_fu_192">
<pin_list>
<pin id="193" dir="0" index="0" bw="32" slack="0"/>
<pin id="194" dir="0" index="1" bw="32" slack="0"/>
<pin id="195" dir="1" index="2" bw="32" slack="0"/>
</pin_list>
<bind>
<opcode="read(1150) " fcode="read"/>
<opset="temp_149_read/1 "/>
</bind>
</comp>

<comp id="198" class="1004" name="temp_150_read_read_fu_198">
<pin_list>
<pin id="199" dir="0" index="0" bw="32" slack="0"/>
<pin id="200" dir="0" index="1" bw="32" slack="0"/>
<pin id="201" dir="1" index="2" bw="32" slack="0"/>
</pin_list>
<bind>
<opcode="read(1150) " fcode="read"/>
<opset="temp_150_read/1 "/>
</bind>
</comp>

<comp id="204" class="1004" name="temp_151_read_read_fu_204">
<pin_list>
<pin id="205" dir="0" index="0" bw="32" slack="0"/>
<pin id="206" dir="0" index="1" bw="32" slack="0"/>
<pin id="207" dir="1" index="2" bw="32" slack="0"/>
</pin_list>
<bind>
<opcode="read(1150) " fcode="read"/>
<opset="temp_151_read/1 "/>
</bind>
</comp>

<comp id="210" class="1004" name="temp_152_read_read_fu_210">
<pin_list>
<pin id="211" dir="0" index="0" bw="32" slack="0"/>
<pin id="212" dir="0" index="1" bw="32" slack="0"/>
<pin id="213" dir="1" index="2" bw="32" slack="0"/>
</pin_list>
<bind>
<opcode="read(1150) " fcode="read"/>
<opset="temp_152_read/1 "/>
</bind>
</comp>

<comp id="216" class="1004" name="temp_153_read_read_fu_216">
<pin_list>
<pin id="217" dir="0" index="0" bw="32" slack="0"/>
<pin id="218" dir="0" index="1" bw="32" slack="0"/>
<pin id="219" dir="1" index="2" bw="32" slack="0"/>
</pin_list>
<bind>
<opcode="read(1150) " fcode="read"/>
<opset="temp_153_read/1 "/>
</bind>
</comp>

<comp id="222" class="1004" name="write_ln0_write_fu_222">
<pin_list>
<pin id="223" dir="0" index="0" bw="0" slack="0"/>
<pin id="224" dir="0" index="1" bw="32" slack="0"/>
<pin id="225" dir="0" index="2" bw="32" slack="0"/>
<pin id="226" dir="1" index="3" bw="0" slack="2147483647"/>
</pin_list>
<bind>
<opcode="write(1151) " fcode="write"/>
<opset="write_ln0/2 "/>
</bind>
</comp>

<comp id="229" class="1004" name="write_ln0_write_fu_229">
<pin_list>
<pin id="230" dir="0" index="0" bw="0" slack="0"/>
<pin id="231" dir="0" index="1" bw="32" slack="0"/>
<pin id="232" dir="0" index="2" bw="32" slack="0"/>
<pin id="233" dir="1" index="3" bw="0" slack="2147483647"/>
</pin_list>
<bind>
<opcode="write(1151) " fcode="write"/>
<opset="write_ln0/2 "/>
</bind>
</comp>

<comp id="236" class="1004" name="write_ln0_write_fu_236">
<pin_list>
<pin id="237" dir="0" index="0" bw="0" slack="0"/>
<pin id="238" dir="0" index="1" bw="32" slack="0"/>
<pin id="239" dir="0" index="2" bw="32" slack="0"/>
<pin id="240" dir="1" index="3" bw="0" slack="2147483647"/>
</pin_list>
<bind>
<opcode="write(1151) " fcode="write"/>
<opset="write_ln0/2 "/>
</bind>
</comp>

<comp id="243" class="1004" name="write_ln0_write_fu_243">
<pin_list>
<pin id="244" dir="0" index="0" bw="0" slack="0"/>
<pin id="245" dir="0" index="1" bw="32" slack="0"/>
<pin id="246" dir="0" index="2" bw="32" slack="0"/>
<pin id="247" dir="1" index="3" bw="0" slack="2147483647"/>
</pin_list>
<bind>
<opcode="write(1151) " fcode="write"/>
<opset="write_ln0/2 "/>
</bind>
</comp>

<comp id="250" class="1004" name="write_ln0_write_fu_250">
<pin_list>
<pin id="251" dir="0" index="0" bw="0" slack="0"/>
<pin id="252" dir="0" index="1" bw="32" slack="0"/>
<pin id="253" dir="0" index="2" bw="32" slack="0"/>
<pin id="254" dir="1" index="3" bw="0" slack="2147483647"/>
</pin_list>
<bind>
<opcode="write(1151) " fcode="write"/>
<opset="write_ln0/2 "/>
</bind>
</comp>

<comp id="257" class="1004" name="write_ln0_write_fu_257">
<pin_list>
<pin id="258" dir="0" index="0" bw="0" slack="0"/>
<pin id="259" dir="0" index="1" bw="32" slack="0"/>
<pin id="260" dir="0" index="2" bw="32" slack="0"/>
<pin id="261" dir="1" index="3" bw="0" slack="2147483647"/>
</pin_list>
<bind>
<opcode="write(1151) " fcode="write"/>
<opset="write_ln0/2 "/>
</bind>
</comp>

<comp id="264" class="1004" name="write_ln0_write_fu_264">
<pin_list>
<pin id="265" dir="0" index="0" bw="0" slack="0"/>
<pin id="266" dir="0" index="1" bw="32" slack="0"/>
<pin id="267" dir="0" index="2" bw="32" slack="0"/>
<pin id="268" dir="1" index="3" bw="0" slack="2147483647"/>
</pin_list>
<bind>
<opcode="write(1151) " fcode="write"/>
<opset="write_ln0/2 "/>
</bind>
</comp>

<comp id="271" class="1004" name="write_ln0_write_fu_271">
<pin_list>
<pin id="272" dir="0" index="0" bw="0" slack="0"/>
<pin id="273" dir="0" index="1" bw="32" slack="0"/>
<pin id="274" dir="0" index="2" bw="32" slack="0"/>
<pin id="275" dir="1" index="3" bw="0" slack="2147483647"/>
</pin_list>
<bind>
<opcode="write(1151) " fcode="write"/>
<opset="write_ln0/2 "/>
</bind>
</comp>

<comp id="278" class="1004" name="store_ln136_store_fu_278">
<pin_list>
<pin id="279" dir="0" index="0" bw="32" slack="0"/>
<pin id="280" dir="0" index="1" bw="32" slack="0"/>
<pin id="281" dir="1" index="2" bw="0" slack="2147483647"/>
</pin_list>
<bind>
<opcode="store(28) " fcode="store"/>
<opset="store_ln136/1 "/>
</bind>
</comp>

<comp id="283" class="1004" name="store_ln136_store_fu_283">
<pin_list>
<pin id="284" dir="0" index="0" bw="32" slack="0"/>
<pin id="285" dir="0" index="1" bw="32" slack="0"/>
<pin id="286" dir="1" index="2" bw="0" slack="2147483647"/>
</pin_list>
<bind>
<opcode="store(28) " fcode="store"/>
<opset="store_ln136/1 "/>
</bind>
</comp>

<comp id="288" class="1004" name="store_ln136_store_fu_288">
<pin_list>
<pin id="289" dir="0" index="0" bw="32" slack="0"/>
<pin id="290" dir="0" index="1" bw="32" slack="0"/>
<pin id="291" dir="1" index="2" bw="0" slack="2147483647"/>
</pin_list>
<bind>
<opcode="store(28) " fcode="store"/>
<opset="store_ln136/1 "/>
</bind>
</comp>

<comp id="293" class="1004" name="store_ln136_store_fu_293">
<pin_list>
<pin id="294" dir="0" index="0" bw="32" slack="0"/>
<pin id="295" dir="0" index="1" bw="32" slack="0"/>
<pin id="296" dir="1" index="2" bw="0" slack="2147483647"/>
</pin_list>
<bind>
<opcode="store(28) " fcode="store"/>
<opset="store_ln136/1 "/>
</bind>
</comp>

<comp id="298" class="1004" name="store_ln136_store_fu_298">
<pin_list>
<pin id="299" dir="0" index="0" bw="32" slack="0"/>
<pin id="300" dir="0" index="1" bw="32" slack="0"/>
<pin id="301" dir="1" index="2" bw="0" slack="2147483647"/>
</pin_list>
<bind>
<opcode="store(28) " fcode="store"/>
<opset="store_ln136/1 "/>
</bind>
</comp>

<comp id="303" class="1004" name="store_ln136_store_fu_303">
<pin_list>
<pin id="304" dir="0" index="0" bw="32" slack="0"/>
<pin id="305" dir="0" index="1" bw="32" slack="0"/>
<pin id="306" dir="1" index="2" bw="0" slack="2147483647"/>
</pin_list>
<bind>
<opcode="store(28) " fcode="store"/>
<opset="store_ln136/1 "/>
</bind>
</comp>

<comp id="308" class="1004" name="store_ln136_store_fu_308">
<pin_list>
<pin id="309" dir="0" index="0" bw="32" slack="0"/>
<pin id="310" dir="0" index="1" bw="32" slack="0"/>
<pin id="311" dir="1" index="2" bw="0" slack="2147483647"/>
</pin_list>
<bind>
<opcode="store(28) " fcode="store"/>
<opset="store_ln136/1 "/>
</bind>
</comp>

<comp id="313" class="1004" name="store_ln136_store_fu_313">
<pin_list>
<pin id="314" dir="0" index="0" bw="32" slack="0"/>
<pin id="315" dir="0" index="1" bw="32" slack="0"/>
<pin id="316" dir="1" index="2" bw="0" slack="2147483647"/>
</pin_list>
<bind>
<opcode="store(28) " fcode="store"/>
<opset="store_ln136/1 "/>
</bind>
</comp>

<comp id="318" class="1004" name="store_ln147_store_fu_318">
<pin_list>
<pin id="319" dir="0" index="0" bw="3" slack="0"/>
<pin id="320" dir="0" index="1" bw="3" slack="0"/>
<pin id="321" dir="1" index="2" bw="0" slack="2147483647"/>
</pin_list>
<bind>
<opcode="store(28) " fcode="store"/>
<opset="store_ln147/1 "/>
</bind>
</comp>

<comp id="323" class="1004" name="store_ln147_store_fu_323">
<pin_list>
<pin id="324" dir="0" index="0" bw="32" slack="0"/>
<pin id="325" dir="0" index="1" bw="32" slack="0"/>
<pin id="326" dir="1" index="2" bw="0" slack="2147483647"/>
</pin_list>
<bind>
<opcode="store(28) " fcode="store"/>
<opset="store_ln147/1 "/>
</bind>
</comp>

<comp id="328" class="1004" name="j_2_load_fu_328">
<pin_list>
<pin id="329" dir="0" index="0" bw="3" slack="1"/>
<pin id="330" dir="1" index="1" bw="3" slack="0"/>
</pin_list>
<bind>
<opcode="load(27) " fcode="load"/>
<opset="j_2/2 "/>
</bind>
</comp>

<comp id="331" class="1004" name="icmp_ln161_fu_331">
<pin_list>
<pin id="332" dir="0" index="0" bw="3" slack="0"/>
<pin id="333" dir="0" index="1" bw="3" slack="0"/>
<pin id="334" dir="1" index="2" bw="1" slack="2147483647"/>
</pin_list>
<bind>
<opcode="icmp(45) " fcode="icmp"/>
<opset="icmp_ln161/2 "/>
</bind>
</comp>

<comp id="337" class="1004" name="k_load_load_fu_337">
<pin_list>
<pin id="338" dir="0" index="0" bw="32" slack="1"/>
<pin id="339" dir="1" index="1" bw="32" slack="0"/>
</pin_list>
<bind>
<opcode="load(27) " fcode="load"/>
<opset="k_load/2 "/>
</bind>
</comp>

<comp id="340" class="1004" name="trunc_ln147_fu_340">
<pin_list>
<pin id="341" dir="0" index="0" bw="32" slack="0"/>
<pin id="342" dir="1" index="1" bw="3" slack="2147483647"/>
</pin_list>
<bind>
<opcode="trunc(33) " fcode="trunc"/>
<opset="trunc_ln147/2 "/>
</bind>
</comp>

<comp id="344" class="1004" name="add_ln163_fu_344">
<pin_list>
<pin id="345" dir="0" index="0" bw="3" slack="0"/>
<pin id="346" dir="0" index="1" bw="1" slack="0"/>
<pin id="347" dir="1" index="2" bw="3" slack="0"/>
</pin_list>
<bind>
<opcode="add(8) " fcode="add"/>
<opset="add_ln163/2 "/>
</bind>
</comp>

<comp id="350" class="1004" name="temp_16_fu_350">
<pin_list>
<pin id="351" dir="0" index="0" bw="32" slack="0"/>
<pin id="352" dir="0" index="1" bw="1" slack="0"/>
<pin id="353" dir="0" index="2" bw="32" slack="1"/>
<pin id="354" dir="0" index="3" bw="1" slack="0"/>
<pin id="355" dir="0" index="4" bw="32" slack="1"/>
<pin id="356" dir="0" index="5" bw="3" slack="0"/>
<pin id="357" dir="0" index="6" bw="32" slack="1"/>
<pin id="358" dir="0" index="7" bw="3" slack="0"/>
<pin id="359" dir="0" index="8" bw="32" slack="1"/>
<pin id="360" dir="0" index="9" bw="3" slack="0"/>
<pin id="361" dir="0" index="10" bw="32" slack="1"/>
<pin id="362" dir="0" index="11" bw="3" slack="0"/>
<pin id="363" dir="0" index="12" bw="32" slack="1"/>
<pin id="364" dir="0" index="13" bw="1" slack="0"/>
<pin id="365" dir="0" index="14" bw="3" slack="0"/>
<pin id="366" dir="1" index="15" bw="32" slack="0"/>
</pin_list>
<bind>
<opcode="sparsemux(1197) " fcode="sparsemux"/>
<opset="temp_16/2 "/>
</bind>
</comp>

<comp id="376" class="1004" name="k_2_fu_376">
<pin_list>
<pin id="377" dir="0" index="0" bw="32" slack="0"/>
<pin id="378" dir="0" index="1" bw="1" slack="0"/>
<pin id="379" dir="1" index="2" bw="32" slack="0"/>
</pin_list>
<bind>
<opcode="add(8) " fcode="add"/>
<opset="k_2/2 "/>
</bind>
</comp>

<comp id="382" class="1004" name="store_ln136_store_fu_382">
<pin_list>
<pin id="383" dir="0" index="0" bw="32" slack="0"/>
<pin id="384" dir="0" index="1" bw="32" slack="1"/>
<pin id="385" dir="1" index="2" bw="0" slack="2147483647"/>
</pin_list>
<bind>
<opcode="store(28) " fcode="store"/>
<opset="store_ln136/2 "/>
</bind>
</comp>

<comp id="387" class="1004" name="store_ln136_store_fu_387">
<pin_list>
<pin id="388" dir="0" index="0" bw="32" slack="0"/>
<pin id="389" dir="0" index="1" bw="32" slack="1"/>
<pin id="390" dir="1" index="2" bw="0" slack="2147483647"/>
</pin_list>
<bind>
<opcode="store(28) " fcode="store"/>
<opset="store_ln136/2 "/>
</bind>
</comp>

<comp id="392" class="1004" name="store_ln136_store_fu_392">
<pin_list>
<pin id="393" dir="0" index="0" bw="32" slack="0"/>
<pin id="394" dir="0" index="1" bw="32" slack="1"/>
<pin id="395" dir="1" index="2" bw="0" slack="2147483647"/>
</pin_list>
<bind>
<opcode="store(28) " fcode="store"/>
<opset="store_ln136/2 "/>
</bind>
</comp>

<comp id="397" class="1004" name="store_ln136_store_fu_397">
<pin_list>
<pin id="398" dir="0" index="0" bw="32" slack="0"/>
<pin id="399" dir="0" index="1" bw="32" slack="1"/>
<pin id="400" dir="1" index="2" bw="0" slack="2147483647"/>
</pin_list>
<bind>
<opcode="store(28) " fcode="store"/>
<opset="store_ln136/2 "/>
</bind>
</comp>

<comp id="402" class="1004" name="store_ln136_store_fu_402">
<pin_list>
<pin id="403" dir="0" index="0" bw="32" slack="0"/>
<pin id="404" dir="0" index="1" bw="32" slack="1"/>
<pin id="405" dir="1" index="2" bw="0" slack="2147483647"/>
</pin_list>
<bind>
<opcode="store(28) " fcode="store"/>
<opset="store_ln136/2 "/>
</bind>
</comp>

<comp id="407" class="1004" name="store_ln136_store_fu_407">
<pin_list>
<pin id="408" dir="0" index="0" bw="32" slack="0"/>
<pin id="409" dir="0" index="1" bw="32" slack="1"/>
<pin id="410" dir="1" index="2" bw="0" slack="2147483647"/>
</pin_list>
<bind>
<opcode="store(28) " fcode="store"/>
<opset="store_ln136/2 "/>
</bind>
</comp>

<comp id="412" class="1004" name="store_ln136_store_fu_412">
<pin_list>
<pin id="413" dir="0" index="0" bw="32" slack="0"/>
<pin id="414" dir="0" index="1" bw="32" slack="1"/>
<pin id="415" dir="1" index="2" bw="0" slack="2147483647"/>
</pin_list>
<bind>
<opcode="store(28) " fcode="store"/>
<opset="store_ln136/2 "/>
</bind>
</comp>

<comp id="417" class="1004" name="store_ln136_store_fu_417">
<pin_list>
<pin id="418" dir="0" index="0" bw="32" slack="0"/>
<pin id="419" dir="0" index="1" bw="32" slack="1"/>
<pin id="420" dir="1" index="2" bw="0" slack="2147483647"/>
</pin_list>
<bind>
<opcode="store(28) " fcode="store"/>
<opset="store_ln136/2 "/>
</bind>
</comp>

<comp id="422" class="1004" name="store_ln147_store_fu_422">
<pin_list>
<pin id="423" dir="0" index="0" bw="3" slack="0"/>
<pin id="424" dir="0" index="1" bw="3" slack="1"/>
<pin id="425" dir="1" index="2" bw="0" slack="2147483647"/>
</pin_list>
<bind>
<opcode="store(28) " fcode="store"/>
<opset="store_ln147/2 "/>
</bind>
</comp>

<comp id="427" class="1004" name="store_ln147_store_fu_427">
<pin_list>
<pin id="428" dir="0" index="0" bw="32" slack="0"/>
<pin id="429" dir="0" index="1" bw="32" slack="1"/>
<pin id="430" dir="1" index="2" bw="0" slack="2147483647"/>
</pin_list>
<bind>
<opcode="store(28) " fcode="store"/>
<opset="store_ln147/2 "/>
</bind>
</comp>

<comp id="432" class="1004" name="temp_load_load_fu_432">
<pin_list>
<pin id="433" dir="0" index="0" bw="32" slack="1"/>
<pin id="434" dir="1" index="1" bw="32" slack="0"/>
</pin_list>
<bind>
<opcode="load(27) " fcode="load"/>
<opset="temp_load/2 "/>
</bind>
</comp>

<comp id="436" class="1004" name="temp_9_load_load_fu_436">
<pin_list>
<pin id="437" dir="0" index="0" bw="32" slack="1"/>
<pin id="438" dir="1" index="1" bw="32" slack="0"/>
</pin_list>
<bind>
<opcode="load(27) " fcode="load"/>
<opset="temp_9_load/2 "/>
</bind>
</comp>

<comp id="440" class="1004" name="temp_10_load_load_fu_440">
<pin_list>
<pin id="441" dir="0" index="0" bw="32" slack="1"/>
<pin id="442" dir="1" index="1" bw="32" slack="0"/>
</pin_list>
<bind>
<opcode="load(27) " fcode="load"/>
<opset="temp_10_load/2 "/>
</bind>
</comp>

<comp id="444" class="1004" name="temp_11_load_load_fu_444">
<pin_list>
<pin id="445" dir="0" index="0" bw="32" slack="1"/>
<pin id="446" dir="1" index="1" bw="32" slack="0"/>
</pin_list>
<bind>
<opcode="load(27) " fcode="load"/>
<opset="temp_11_load/2 "/>
</bind>
</comp>

<comp id="448" class="1004" name="temp_12_load_load_fu_448">
<pin_list>
<pin id="449" dir="0" index="0" bw="32" slack="1"/>
<pin id="450" dir="1" index="1" bw="32" slack="0"/>
</pin_list>
<bind>
<opcode="load(27) " fcode="load"/>
<opset="temp_12_load/2 "/>
</bind>
</comp>

<comp id="452" class="1004" name="temp_13_load_load_fu_452">
<pin_list>
<pin id="453" dir="0" index="0" bw="32" slack="1"/>
<pin id="454" dir="1" index="1" bw="32" slack="0"/>
</pin_list>
<bind>
<opcode="load(27) " fcode="load"/>
<opset="temp_13_load/2 "/>
</bind>
</comp>

<comp id="456" class="1004" name="temp_14_load_load_fu_456">
<pin_list>
<pin id="457" dir="0" index="0" bw="32" slack="1"/>
<pin id="458" dir="1" index="1" bw="32" slack="0"/>
</pin_list>
<bind>
<opcode="load(27) " fcode="load"/>
<opset="temp_14_load/2 "/>
</bind>
</comp>

<comp id="460" class="1004" name="temp_15_load_load_fu_460">
<pin_list>
<pin id="461" dir="0" index="0" bw="32" slack="1"/>
<pin id="462" dir="1" index="1" bw="32" slack="0"/>
</pin_list>
<bind>
<opcode="load(27) " fcode="load"/>
<opset="temp_15_load/2 "/>
</bind>
</comp>

<comp id="464" class="1005" name="k_reg_464">
<pin_list>
<pin id="465" dir="0" index="0" bw="32" slack="0"/>
<pin id="466" dir="1" index="1" bw="32" slack="0"/>
</pin_list>
<bind>
<opset="k "/>
</bind>
</comp>

<comp id="471" class="1005" name="j_reg_471">
<pin_list>
<pin id="472" dir="0" index="0" bw="3" slack="0"/>
<pin id="473" dir="1" index="1" bw="3" slack="0"/>
</pin_list>
<bind>
<opset="j "/>
</bind>
</comp>

<comp id="478" class="1005" name="temp_reg_478">
<pin_list>
<pin id="479" dir="0" index="0" bw="32" slack="0"/>
<pin id="480" dir="1" index="1" bw="32" slack="0"/>
</pin_list>
<bind>
<opset="temp "/>
</bind>
</comp>

<comp id="485" class="1005" name="temp_9_reg_485">
<pin_list>
<pin id="486" dir="0" index="0" bw="32" slack="0"/>
<pin id="487" dir="1" index="1" bw="32" slack="0"/>
</pin_list>
<bind>
<opset="temp_9 "/>
</bind>
</comp>

<comp id="492" class="1005" name="temp_10_reg_492">
<pin_list>
<pin id="493" dir="0" index="0" bw="32" slack="0"/>
<pin id="494" dir="1" index="1" bw="32" slack="0"/>
</pin_list>
<bind>
<opset="temp_10 "/>
</bind>
</comp>

<comp id="499" class="1005" name="temp_11_reg_499">
<pin_list>
<pin id="500" dir="0" index="0" bw="32" slack="0"/>
<pin id="501" dir="1" index="1" bw="32" slack="0"/>
</pin_list>
<bind>
<opset="temp_11 "/>
</bind>
</comp>

<comp id="506" class="1005" name="temp_12_reg_506">
<pin_list>
<pin id="507" dir="0" index="0" bw="32" slack="0"/>
<pin id="508" dir="1" index="1" bw="32" slack="0"/>
</pin_list>
<bind>
<opset="temp_12 "/>
</bind>
</comp>

<comp id="513" class="1005" name="temp_13_reg_513">
<pin_list>
<pin id="514" dir="0" index="0" bw="32" slack="0"/>
<pin id="515" dir="1" index="1" bw="32" slack="0"/>
</pin_list>
<bind>
<opset="temp_13 "/>
</bind>
</comp>

<comp id="520" class="1005" name="temp_14_reg_520">
<pin_list>
<pin id="521" dir="0" index="0" bw="32" slack="0"/>
<pin id="522" dir="1" index="1" bw="32" slack="0"/>
</pin_list>
<bind>
<opset="temp_14 "/>
</bind>
</comp>

<comp id="527" class="1005" name="temp_15_reg_527">
<pin_list>
<pin id="528" dir="0" index="0" bw="32" slack="0"/>
<pin id="529" dir="1" index="1" bw="32" slack="0"/>
</pin_list>
<bind>
<opset="temp_15 "/>
</bind>
</comp>

<comp id="534" class="1005" name="mux_case_5194127_read_reg_534">
<pin_list>
<pin id="535" dir="0" index="0" bw="32" slack="1"/>
<pin id="536" dir="1" index="1" bw="32" slack="1"/>
</pin_list>
<bind>
<opset="mux_case_5194127_read "/>
</bind>
</comp>

<comp id="539" class="1005" name="mux_case_4193123_read_reg_539">
<pin_list>
<pin id="540" dir="0" index="0" bw="32" slack="1"/>
<pin id="541" dir="1" index="1" bw="32" slack="1"/>
</pin_list>
<bind>
<opset="mux_case_4193123_read "/>
</bind>
</comp>

<comp id="544" class="1005" name="mux_case_3192119_read_reg_544">
<pin_list>
<pin id="545" dir="0" index="0" bw="32" slack="1"/>
<pin id="546" dir="1" index="1" bw="32" slack="1"/>
</pin_list>
<bind>
<opset="mux_case_3192119_read "/>
</bind>
</comp>

<comp id="549" class="1005" name="mux_case_2191115_read_reg_549">
<pin_list>
<pin id="550" dir="0" index="0" bw="32" slack="1"/>
<pin id="551" dir="1" index="1" bw="32" slack="1"/>
</pin_list>
<bind>
<opset="mux_case_2191115_read "/>
</bind>
</comp>

<comp id="554" class="1005" name="mux_case_1190111_read_reg_554">
<pin_list>
<pin id="555" dir="0" index="0" bw="32" slack="1"/>
<pin id="556" dir="1" index="1" bw="32" slack="1"/>
</pin_list>
<bind>
<opset="mux_case_1190111_read "/>
</bind>
</comp>

<comp id="559" class="1005" name="mux_case_0189107_read_reg_559">
<pin_list>
<pin id="560" dir="0" index="0" bw="32" slack="1"/>
<pin id="561" dir="1" index="1" bw="32" slack="1"/>
</pin_list>
<bind>
<opset="mux_case_0189107_read "/>
</bind>
</comp>

</comp_list>

<net_list>
<net id="89"><net_src comp="48" pin="0"/><net_sink comp="86" pin=0"/></net>

<net id="93"><net_src comp="48" pin="0"/><net_sink comp="90" pin=0"/></net>

<net id="97"><net_src comp="48" pin="0"/><net_sink comp="94" pin=0"/></net>

<net id="101"><net_src comp="48" pin="0"/><net_sink comp="98" pin=0"/></net>

<net id="105"><net_src comp="48" pin="0"/><net_sink comp="102" pin=0"/></net>

<net id="109"><net_src comp="48" pin="0"/><net_sink comp="106" pin=0"/></net>

<net id="113"><net_src comp="48" pin="0"/><net_sink comp="110" pin=0"/></net>

<net id="117"><net_src comp="48" pin="0"/><net_sink comp="114" pin=0"/></net>

<net id="121"><net_src comp="48" pin="0"/><net_sink comp="118" pin=0"/></net>

<net id="125"><net_src comp="48" pin="0"/><net_sink comp="122" pin=0"/></net>

<net id="130"><net_src comp="50" pin="0"/><net_sink comp="126" pin=0"/></net>

<net id="131"><net_src comp="30" pin="0"/><net_sink comp="126" pin=1"/></net>

<net id="136"><net_src comp="50" pin="0"/><net_sink comp="132" pin=0"/></net>

<net id="137"><net_src comp="28" pin="0"/><net_sink comp="132" pin=1"/></net>

<net id="142"><net_src comp="50" pin="0"/><net_sink comp="138" pin=0"/></net>

<net id="143"><net_src comp="26" pin="0"/><net_sink comp="138" pin=1"/></net>

<net id="148"><net_src comp="50" pin="0"/><net_sink comp="144" pin=0"/></net>

<net id="149"><net_src comp="24" pin="0"/><net_sink comp="144" pin=1"/></net>

<net id="154"><net_src comp="50" pin="0"/><net_sink comp="150" pin=0"/></net>

<net id="155"><net_src comp="22" pin="0"/><net_sink comp="150" pin=1"/></net>

<net id="160"><net_src comp="50" pin="0"/><net_sink comp="156" pin=0"/></net>

<net id="161"><net_src comp="20" pin="0"/><net_sink comp="156" pin=1"/></net>

<net id="166"><net_src comp="50" pin="0"/><net_sink comp="162" pin=0"/></net>

<net id="167"><net_src comp="18" pin="0"/><net_sink comp="162" pin=1"/></net>

<net id="172"><net_src comp="52" pin="0"/><net_sink comp="168" pin=0"/></net>

<net id="173"><net_src comp="16" pin="0"/><net_sink comp="168" pin=1"/></net>

<net id="178"><net_src comp="50" pin="0"/><net_sink comp="174" pin=0"/></net>

<net id="179"><net_src comp="14" pin="0"/><net_sink comp="174" pin=1"/></net>

<net id="184"><net_src comp="50" pin="0"/><net_sink comp="180" pin=0"/></net>

<net id="185"><net_src comp="12" pin="0"/><net_sink comp="180" pin=1"/></net>

<net id="190"><net_src comp="50" pin="0"/><net_sink comp="186" pin=0"/></net>

<net id="191"><net_src comp="10" pin="0"/><net_sink comp="186" pin=1"/></net>

<net id="196"><net_src comp="50" pin="0"/><net_sink comp="192" pin=0"/></net>

<net id="197"><net_src comp="8" pin="0"/><net_sink comp="192" pin=1"/></net>

<net id="202"><net_src comp="50" pin="0"/><net_sink comp="198" pin=0"/></net>

<net id="203"><net_src comp="6" pin="0"/><net_sink comp="198" pin=1"/></net>

<net id="208"><net_src comp="50" pin="0"/><net_sink comp="204" pin=0"/></net>

<net id="209"><net_src comp="4" pin="0"/><net_sink comp="204" pin=1"/></net>

<net id="214"><net_src comp="50" pin="0"/><net_sink comp="210" pin=0"/></net>

<net id="215"><net_src comp="2" pin="0"/><net_sink comp="210" pin=1"/></net>

<net id="220"><net_src comp="50" pin="0"/><net_sink comp="216" pin=0"/></net>

<net id="221"><net_src comp="0" pin="0"/><net_sink comp="216" pin=1"/></net>

<net id="227"><net_src comp="84" pin="0"/><net_sink comp="222" pin=0"/></net>

<net id="228"><net_src comp="32" pin="0"/><net_sink comp="222" pin=1"/></net>

<net id="234"><net_src comp="84" pin="0"/><net_sink comp="229" pin=0"/></net>

<net id="235"><net_src comp="34" pin="0"/><net_sink comp="229" pin=1"/></net>

<net id="241"><net_src comp="84" pin="0"/><net_sink comp="236" pin=0"/></net>

<net id="242"><net_src comp="36" pin="0"/><net_sink comp="236" pin=1"/></net>

<net id="248"><net_src comp="84" pin="0"/><net_sink comp="243" pin=0"/></net>

<net id="249"><net_src comp="38" pin="0"/><net_sink comp="243" pin=1"/></net>

<net id="255"><net_src comp="84" pin="0"/><net_sink comp="250" pin=0"/></net>

<net id="256"><net_src comp="40" pin="0"/><net_sink comp="250" pin=1"/></net>

<net id="262"><net_src comp="84" pin="0"/><net_sink comp="257" pin=0"/></net>

<net id="263"><net_src comp="42" pin="0"/><net_sink comp="257" pin=1"/></net>

<net id="269"><net_src comp="84" pin="0"/><net_sink comp="264" pin=0"/></net>

<net id="270"><net_src comp="44" pin="0"/><net_sink comp="264" pin=1"/></net>

<net id="276"><net_src comp="84" pin="0"/><net_sink comp="271" pin=0"/></net>

<net id="277"><net_src comp="46" pin="0"/><net_sink comp="271" pin=1"/></net>

<net id="282"><net_src comp="216" pin="2"/><net_sink comp="278" pin=0"/></net>

<net id="287"><net_src comp="210" pin="2"/><net_sink comp="283" pin=0"/></net>

<net id="292"><net_src comp="204" pin="2"/><net_sink comp="288" pin=0"/></net>

<net id="297"><net_src comp="198" pin="2"/><net_sink comp="293" pin=0"/></net>

<net id="302"><net_src comp="192" pin="2"/><net_sink comp="298" pin=0"/></net>

<net id="307"><net_src comp="186" pin="2"/><net_sink comp="303" pin=0"/></net>

<net id="312"><net_src comp="180" pin="2"/><net_sink comp="308" pin=0"/></net>

<net id="317"><net_src comp="174" pin="2"/><net_sink comp="313" pin=0"/></net>

<net id="322"><net_src comp="168" pin="2"/><net_sink comp="318" pin=0"/></net>

<net id="327"><net_src comp="162" pin="2"/><net_sink comp="323" pin=0"/></net>

<net id="335"><net_src comp="328" pin="1"/><net_sink comp="331" pin=0"/></net>

<net id="336"><net_src comp="54" pin="0"/><net_sink comp="331" pin=1"/></net>

<net id="343"><net_src comp="337" pin="1"/><net_sink comp="340" pin=0"/></net>

<net id="348"><net_src comp="328" pin="1"/><net_sink comp="344" pin=0"/></net>

<net id="349"><net_src comp="68" pin="0"/><net_sink comp="344" pin=1"/></net>

<net id="367"><net_src comp="70" pin="0"/><net_sink comp="350" pin=0"/></net>

<net id="368"><net_src comp="72" pin="0"/><net_sink comp="350" pin=1"/></net>

<net id="369"><net_src comp="68" pin="0"/><net_sink comp="350" pin=3"/></net>

<net id="370"><net_src comp="74" pin="0"/><net_sink comp="350" pin=5"/></net>

<net id="371"><net_src comp="76" pin="0"/><net_sink comp="350" pin=7"/></net>

<net id="372"><net_src comp="78" pin="0"/><net_sink comp="350" pin=9"/></net>

<net id="373"><net_src comp="54" pin="0"/><net_sink comp="350" pin=11"/></net>

<net id="374"><net_src comp="80" pin="0"/><net_sink comp="350" pin=13"/></net>

<net id="375"><net_src comp="328" pin="1"/><net_sink comp="350" pin=14"/></net>

<net id="380"><net_src comp="337" pin="1"/><net_sink comp="376" pin=0"/></net>

<net id="381"><net_src comp="48" pin="0"/><net_sink comp="376" pin=1"/></net>

<net id="386"><net_src comp="350" pin="15"/><net_sink comp="382" pin=0"/></net>

<net id="391"><net_src comp="350" pin="15"/><net_sink comp="387" pin=0"/></net>

<net id="396"><net_src comp="350" pin="15"/><net_sink comp="392" pin=0"/></net>

<net id="401"><net_src comp="350" pin="15"/><net_sink comp="397" pin=0"/></net>

<net id="406"><net_src comp="350" pin="15"/><net_sink comp="402" pin=0"/></net>

<net id="411"><net_src comp="350" pin="15"/><net_sink comp="407" pin=0"/></net>

<net id="416"><net_src comp="350" pin="15"/><net_sink comp="412" pin=0"/></net>

<net id="421"><net_src comp="350" pin="15"/><net_sink comp="417" pin=0"/></net>

<net id="426"><net_src comp="344" pin="2"/><net_sink comp="422" pin=0"/></net>

<net id="431"><net_src comp="376" pin="2"/><net_sink comp="427" pin=0"/></net>

<net id="435"><net_src comp="432" pin="1"/><net_sink comp="271" pin=2"/></net>

<net id="439"><net_src comp="436" pin="1"/><net_sink comp="264" pin=2"/></net>

<net id="443"><net_src comp="440" pin="1"/><net_sink comp="257" pin=2"/></net>

<net id="447"><net_src comp="444" pin="1"/><net_sink comp="250" pin=2"/></net>

<net id="451"><net_src comp="448" pin="1"/><net_sink comp="243" pin=2"/></net>

<net id="455"><net_src comp="452" pin="1"/><net_sink comp="236" pin=2"/></net>

<net id="459"><net_src comp="456" pin="1"/><net_sink comp="229" pin=2"/></net>

<net id="463"><net_src comp="460" pin="1"/><net_sink comp="222" pin=2"/></net>

<net id="467"><net_src comp="86" pin="1"/><net_sink comp="464" pin=0"/></net>

<net id="468"><net_src comp="464" pin="1"/><net_sink comp="323" pin=1"/></net>

<net id="469"><net_src comp="464" pin="1"/><net_sink comp="337" pin=0"/></net>

<net id="470"><net_src comp="464" pin="1"/><net_sink comp="427" pin=1"/></net>

<net id="474"><net_src comp="90" pin="1"/><net_sink comp="471" pin=0"/></net>

<net id="475"><net_src comp="471" pin="1"/><net_sink comp="318" pin=1"/></net>

<net id="476"><net_src comp="471" pin="1"/><net_sink comp="328" pin=0"/></net>

<net id="477"><net_src comp="471" pin="1"/><net_sink comp="422" pin=1"/></net>

<net id="481"><net_src comp="94" pin="1"/><net_sink comp="478" pin=0"/></net>

<net id="482"><net_src comp="478" pin="1"/><net_sink comp="313" pin=1"/></net>

<net id="483"><net_src comp="478" pin="1"/><net_sink comp="412" pin=1"/></net>

<net id="484"><net_src comp="478" pin="1"/><net_sink comp="432" pin=0"/></net>

<net id="488"><net_src comp="98" pin="1"/><net_sink comp="485" pin=0"/></net>

<net id="489"><net_src comp="485" pin="1"/><net_sink comp="308" pin=1"/></net>

<net id="490"><net_src comp="485" pin="1"/><net_sink comp="407" pin=1"/></net>

<net id="491"><net_src comp="485" pin="1"/><net_sink comp="436" pin=0"/></net>

<net id="495"><net_src comp="102" pin="1"/><net_sink comp="492" pin=0"/></net>

<net id="496"><net_src comp="492" pin="1"/><net_sink comp="303" pin=1"/></net>

<net id="497"><net_src comp="492" pin="1"/><net_sink comp="402" pin=1"/></net>

<net id="498"><net_src comp="492" pin="1"/><net_sink comp="440" pin=0"/></net>

<net id="502"><net_src comp="106" pin="1"/><net_sink comp="499" pin=0"/></net>

<net id="503"><net_src comp="499" pin="1"/><net_sink comp="298" pin=1"/></net>

<net id="504"><net_src comp="499" pin="1"/><net_sink comp="397" pin=1"/></net>

<net id="505"><net_src comp="499" pin="1"/><net_sink comp="444" pin=0"/></net>

<net id="509"><net_src comp="110" pin="1"/><net_sink comp="506" pin=0"/></net>

<net id="510"><net_src comp="506" pin="1"/><net_sink comp="293" pin=1"/></net>

<net id="511"><net_src comp="506" pin="1"/><net_sink comp="392" pin=1"/></net>

<net id="512"><net_src comp="506" pin="1"/><net_sink comp="448" pin=0"/></net>

<net id="516"><net_src comp="114" pin="1"/><net_sink comp="513" pin=0"/></net>

<net id="517"><net_src comp="513" pin="1"/><net_sink comp="288" pin=1"/></net>

<net id="518"><net_src comp="513" pin="1"/><net_sink comp="387" pin=1"/></net>

<net id="519"><net_src comp="513" pin="1"/><net_sink comp="452" pin=0"/></net>

<net id="523"><net_src comp="118" pin="1"/><net_sink comp="520" pin=0"/></net>

<net id="524"><net_src comp="520" pin="1"/><net_sink comp="283" pin=1"/></net>

<net id="525"><net_src comp="520" pin="1"/><net_sink comp="382" pin=1"/></net>

<net id="526"><net_src comp="520" pin="1"/><net_sink comp="456" pin=0"/></net>

<net id="530"><net_src comp="122" pin="1"/><net_sink comp="527" pin=0"/></net>

<net id="531"><net_src comp="527" pin="1"/><net_sink comp="278" pin=1"/></net>

<net id="532"><net_src comp="527" pin="1"/><net_sink comp="417" pin=1"/></net>

<net id="533"><net_src comp="527" pin="1"/><net_sink comp="460" pin=0"/></net>

<net id="537"><net_src comp="126" pin="2"/><net_sink comp="534" pin=0"/></net>

<net id="538"><net_src comp="534" pin="1"/><net_sink comp="350" pin=12"/></net>

<net id="542"><net_src comp="132" pin="2"/><net_sink comp="539" pin=0"/></net>

<net id="543"><net_src comp="539" pin="1"/><net_sink comp="350" pin=10"/></net>

<net id="547"><net_src comp="138" pin="2"/><net_sink comp="544" pin=0"/></net>

<net id="548"><net_src comp="544" pin="1"/><net_sink comp="350" pin=8"/></net>

<net id="552"><net_src comp="144" pin="2"/><net_sink comp="549" pin=0"/></net>

<net id="553"><net_src comp="549" pin="1"/><net_sink comp="350" pin=6"/></net>

<net id="557"><net_src comp="150" pin="2"/><net_sink comp="554" pin=0"/></net>

<net id="558"><net_src comp="554" pin="1"/><net_sink comp="350" pin=4"/></net>

<net id="562"><net_src comp="156" pin="2"/><net_sink comp="559" pin=0"/></net>

<net id="563"><net_src comp="559" pin="1"/><net_sink comp="350" pin=2"/></net>

</net_list>

</model> 
---------------- Datapath Model END ------------------

* FSMD analyzer results:
  - Output states:
	Port: temp_170_out | {2 }
	Port: temp_169_out | {2 }
	Port: temp_168_out | {2 }
	Port: temp_167_out | {2 }
	Port: temp_166_out | {2 }
	Port: temp_165_out | {2 }
	Port: temp_164_out | {2 }
	Port: temp_163_out | {2 }
 - Input state : 
	Port: merge_sort<ap_fixed<16, 6, 5, 3, 0>, config5>_Pipeline_VITIS_LOOP_161_55 : temp_153 | {1 }
	Port: merge_sort<ap_fixed<16, 6, 5, 3, 0>, config5>_Pipeline_VITIS_LOOP_161_55 : temp_152 | {1 }
	Port: merge_sort<ap_fixed<16, 6, 5, 3, 0>, config5>_Pipeline_VITIS_LOOP_161_55 : temp_151 | {1 }
	Port: merge_sort<ap_fixed<16, 6, 5, 3, 0>, config5>_Pipeline_VITIS_LOOP_161_55 : temp_150 | {1 }
	Port: merge_sort<ap_fixed<16, 6, 5, 3, 0>, config5>_Pipeline_VITIS_LOOP_161_55 : temp_149 | {1 }
	Port: merge_sort<ap_fixed<16, 6, 5, 3, 0>, config5>_Pipeline_VITIS_LOOP_161_55 : temp_148 | {1 }
	Port: merge_sort<ap_fixed<16, 6, 5, 3, 0>, config5>_Pipeline_VITIS_LOOP_161_55 : temp_147 | {1 }
	Port: merge_sort<ap_fixed<16, 6, 5, 3, 0>, config5>_Pipeline_VITIS_LOOP_161_55 : temp_146 | {1 }
	Port: merge_sort<ap_fixed<16, 6, 5, 3, 0>, config5>_Pipeline_VITIS_LOOP_161_55 : empty | {1 }
	Port: merge_sort<ap_fixed<16, 6, 5, 3, 0>, config5>_Pipeline_VITIS_LOOP_161_55 : k_18 | {1 }
	Port: merge_sort<ap_fixed<16, 6, 5, 3, 0>, config5>_Pipeline_VITIS_LOOP_161_55 : mux_case_0189107 | {1 }
	Port: merge_sort<ap_fixed<16, 6, 5, 3, 0>, config5>_Pipeline_VITIS_LOOP_161_55 : mux_case_1190111 | {1 }
	Port: merge_sort<ap_fixed<16, 6, 5, 3, 0>, config5>_Pipeline_VITIS_LOOP_161_55 : mux_case_2191115 | {1 }
	Port: merge_sort<ap_fixed<16, 6, 5, 3, 0>, config5>_Pipeline_VITIS_LOOP_161_55 : mux_case_3192119 | {1 }
	Port: merge_sort<ap_fixed<16, 6, 5, 3, 0>, config5>_Pipeline_VITIS_LOOP_161_55 : mux_case_4193123 | {1 }
	Port: merge_sort<ap_fixed<16, 6, 5, 3, 0>, config5>_Pipeline_VITIS_LOOP_161_55 : mux_case_5194127 | {1 }
  - Chain level:
	State 1
	State 2
		icmp_ln161 : 1
		br_ln161 : 2
		trunc_ln147 : 1
		add_ln163 : 1
		temp_16 : 1
		k_2 : 1
		switch_ln163 : 2
		store_ln136 : 2
		store_ln136 : 2
		store_ln136 : 2
		store_ln136 : 2
		store_ln136 : 2
		store_ln136 : 2
		store_ln136 : 2
		store_ln136 : 2
		store_ln147 : 2
		store_ln147 : 2
		write_ln0 : 1
		write_ln0 : 1
		write_ln0 : 1
		write_ln0 : 1
		write_ln0 : 1
		write_ln0 : 1
		write_ln0 : 1
		write_ln0 : 1


============================================================
+ Verbose Summary: Datapath Resource usage 
============================================================

* Functional unit list:
|----------|-----------------------------------|---------|---------|
| Operation|          Functional Unit          |    FF   |   LUT   |
|----------|-----------------------------------|---------|---------|
|    add   |          add_ln163_fu_344         |    0    |    10   |
|          |             k_2_fu_376            |    0    |    39   |
|----------|-----------------------------------|---------|---------|
| sparsemux|           temp_16_fu_350          |    0    |    31   |
|----------|-----------------------------------|---------|---------|
|   icmp   |         icmp_ln161_fu_331         |    0    |    10   |
|----------|-----------------------------------|---------|---------|
|          | mux_case_5194127_read_read_fu_126 |    0    |    0    |
|          | mux_case_4193123_read_read_fu_132 |    0    |    0    |
|          | mux_case_3192119_read_read_fu_138 |    0    |    0    |
|          | mux_case_2191115_read_read_fu_144 |    0    |    0    |
|          | mux_case_1190111_read_read_fu_150 |    0    |    0    |
|          | mux_case_0189107_read_read_fu_156 |    0    |    0    |
|          |       k_18_read_read_fu_162       |    0    |    0    |
|   read   |          tmp_read_fu_168          |    0    |    0    |
|          |     temp_146_read_read_fu_174     |    0    |    0    |
|          |     temp_147_read_read_fu_180     |    0    |    0    |
|          |     temp_148_read_read_fu_186     |    0    |    0    |
|          |     temp_149_read_read_fu_192     |    0    |    0    |
|          |     temp_150_read_read_fu_198     |    0    |    0    |
|          |     temp_151_read_read_fu_204     |    0    |    0    |
|          |     temp_152_read_read_fu_210     |    0    |    0    |
|          |     temp_153_read_read_fu_216     |    0    |    0    |
|----------|-----------------------------------|---------|---------|
|          |       write_ln0_write_fu_222      |    0    |    0    |
|          |       write_ln0_write_fu_229      |    0    |    0    |
|          |       write_ln0_write_fu_236      |    0    |    0    |
|   write  |       write_ln0_write_fu_243      |    0    |    0    |
|          |       write_ln0_write_fu_250      |    0    |    0    |
|          |       write_ln0_write_fu_257      |    0    |    0    |
|          |       write_ln0_write_fu_264      |    0    |    0    |
|          |       write_ln0_write_fu_271      |    0    |    0    |
|----------|-----------------------------------|---------|---------|
|   trunc  |         trunc_ln147_fu_340        |    0    |    0    |
|----------|-----------------------------------|---------|---------|
|   Total  |                                   |    0    |    90   |
|----------|-----------------------------------|---------|---------|

Memories:
N/A

* Register list:
+-----------------------------+--------+
|                             |   FF   |
+-----------------------------+--------+
|          j_reg_471          |    3   |
|          k_reg_464          |   32   |
|mux_case_0189107_read_reg_559|   32   |
|mux_case_1190111_read_reg_554|   32   |
|mux_case_2191115_read_reg_549|   32   |
|mux_case_3192119_read_reg_544|   32   |
|mux_case_4193123_read_reg_539|   32   |
|mux_case_5194127_read_reg_534|   32   |
|       temp_10_reg_492       |   32   |
|       temp_11_reg_499       |   32   |
|       temp_12_reg_506       |   32   |
|       temp_13_reg_513       |   32   |
|       temp_14_reg_520       |   32   |
|       temp_15_reg_527       |   32   |
|        temp_9_reg_485       |   32   |
|         temp_reg_478        |   32   |
+-----------------------------+--------+
|            Total            |   483  |
+-----------------------------+--------+

* Multiplexer (MUX) list: 
|--------|------|------|------|--------|
|  Comp  |  Pin | Size |  BW  | S x BW |
|--------|------|------|------|--------|
|  Total |      |      |      |    0   |
|--------|------|------|------|--------|



* Summary:
+-----------+--------+--------+
|           |   FF   |   LUT  |
+-----------+--------+--------+
|  Function |    0   |   90   |
|   Memory  |    -   |    -   |
|Multiplexer|    -   |    -   |
|  Register |   483  |    -   |
+-----------+--------+--------+
|   Total   |   483  |   90   |
+-----------+--------+--------+
