

================================================================
== Vitis HLS Report for 'merge_sort_ap_fixed_16_6_5_3_0_config5_Pipeline_VITIS_LOOP_149_315'
================================================================
* Date:           Tue Mar  4 14:23:40 2025

* Version:        2023.2 (Build 4023990 on Oct 11 2023)
* Project:        myproject_prj
* Solution:       solution1 (Vivado IP Flow Target)
* Product family: virtexuplus
* Target device:  xcvu13p-flga2577-2-e


================================================================
== Performance Estimates
================================================================
+ Timing: 
    * Summary: 
    +--------+---------+----------+------------+
    |  Clock |  Target | Estimated| Uncertainty|
    +--------+---------+----------+------------+
    |ap_clk  |  5.00 ns|  4.202 ns|     0.62 ns|
    +--------+---------+----------+------------+

+ Latency: 
    * Summary: 
    +---------+---------+----------+----------+-----+-----+---------+
    |  Latency (cycles) |  Latency (absolute) |  Interval | Pipeline|
    |   min   |   max   |    min   |    max   | min | max |   Type  |
    +---------+---------+----------+----------+-----+-----+---------+
    |        ?|        ?|         ?|         ?|    ?|    ?|       no|
    +---------+---------+----------+----------+-----+-----+---------+

    + Detail: 
        * Instance: 
        N/A

        * Loop: 
        +--------------------+---------+---------+----------+-----------+-----------+------+----------+
        |                    |  Latency (cycles) | Iteration|  Initiation Interval  | Trip |          |
        |      Loop Name     |   min   |   max   |  Latency |  achieved |   target  | Count| Pipelined|
        +--------------------+---------+---------+----------+-----------+-----------+------+----------+
        |- VITIS_LOOP_149_3  |        ?|        ?|         1|          1|          1|     ?|       yes|
        +--------------------+---------+---------+----------+-----------+-----------+------+----------+

============================================================
+ Verbose Summary: Synthesis Manager
============================================================
InlineROM: 1
ExposeGlobal: 0
============================================================
+ Verbose Summary: CDFG Model
============================================================
IsTopModel: 0
ResetActiveHigh: 1
IsCombinational: 0
IsDatapathOnly: 0
HasWiredReturn: 1
HasMFsm: 2
HasVarLatency: 1
IsPipeline: 0
IsRtlPipelined: 0
IsInstanceOverlapped: 0
IsDontTouch: 0
HasImplIP: 0
IsGatedGlobalClock: 0

+ Individual pipeline summary: 
  * Pipeline-0: initiation interval (II) = 1, depth = 2


============================================================
+ Verbose Summary: Schedule
============================================================
* Number of FSM states : 2
* Pipeline : 1
  Pipeline-0 : II = 1, D = 2, States = { 1 2 }
* Dataflow Pipeline: 0

* FSM state transitions: 
1 --> 2 
2 --> 

* FSM state operations: 

State 1 <SV = 0> <Delay = 0.41>
ST_1 : Operation 4 [1/1] (0.00ns)   --->   "%k = alloca i32 1" [firmware/nnet_utils/nnet_hept.h:147]   --->   Operation 4 'alloca' 'k' <Predicate = true> <Delay = 0.00>
ST_1 : Operation 5 [1/1] (0.00ns)   --->   "%temp = alloca i32 1" [firmware/nnet_utils/nnet_hept.h:136]   --->   Operation 5 'alloca' 'temp' <Predicate = true> <Delay = 0.00>
ST_1 : Operation 6 [1/1] (0.00ns)   --->   "%temp_140 = alloca i32 1" [firmware/nnet_utils/nnet_hept.h:136]   --->   Operation 6 'alloca' 'temp_140' <Predicate = true> <Delay = 0.00>
ST_1 : Operation 7 [1/1] (0.00ns)   --->   "%temp_141 = alloca i32 1" [firmware/nnet_utils/nnet_hept.h:136]   --->   Operation 7 'alloca' 'temp_141' <Predicate = true> <Delay = 0.00>
ST_1 : Operation 8 [1/1] (0.00ns)   --->   "%temp_142 = alloca i32 1" [firmware/nnet_utils/nnet_hept.h:136]   --->   Operation 8 'alloca' 'temp_142' <Predicate = true> <Delay = 0.00>
ST_1 : Operation 9 [1/1] (0.00ns)   --->   "%temp_143 = alloca i32 1" [firmware/nnet_utils/nnet_hept.h:136]   --->   Operation 9 'alloca' 'temp_143' <Predicate = true> <Delay = 0.00>
ST_1 : Operation 10 [1/1] (0.00ns)   --->   "%temp_144 = alloca i32 1" [firmware/nnet_utils/nnet_hept.h:136]   --->   Operation 10 'alloca' 'temp_144' <Predicate = true> <Delay = 0.00>
ST_1 : Operation 11 [1/1] (0.00ns)   --->   "%temp_145 = alloca i32 1" [firmware/nnet_utils/nnet_hept.h:136]   --->   Operation 11 'alloca' 'temp_145' <Predicate = true> <Delay = 0.00>
ST_1 : Operation 12 [1/1] (0.00ns)   --->   "%temp_146 = alloca i32 1" [firmware/nnet_utils/nnet_hept.h:136]   --->   Operation 12 'alloca' 'temp_146' <Predicate = true> <Delay = 0.00>
ST_1 : Operation 13 [1/1] (0.00ns)   --->   "%i = alloca i32 1" [firmware/nnet_utils/nnet_hept.h:147]   --->   Operation 13 'alloca' 'i' <Predicate = true> <Delay = 0.00>
ST_1 : Operation 14 [1/1] (0.00ns)   --->   "%j = alloca i32 1" [firmware/nnet_utils/nnet_hept.h:147]   --->   Operation 14 'alloca' 'j' <Predicate = true> <Delay = 0.00>
ST_1 : Operation 15 [1/1] (0.00ns)   --->   "%arr_47_val_read = read i16 @_ssdm_op_Read.ap_auto.i16, i16 %arr_47_val"   --->   Operation 15 'read' 'arr_47_val_read' <Predicate = true> <Delay = 0.00>
ST_1 : Operation 16 [1/1] (0.00ns)   --->   "%arr_46_val_read = read i16 @_ssdm_op_Read.ap_auto.i16, i16 %arr_46_val"   --->   Operation 16 'read' 'arr_46_val_read' <Predicate = true> <Delay = 0.00>
ST_1 : Operation 17 [1/1] (0.00ns)   --->   "%arr_45_val_read = read i16 @_ssdm_op_Read.ap_auto.i16, i16 %arr_45_val"   --->   Operation 17 'read' 'arr_45_val_read' <Predicate = true> <Delay = 0.00>
ST_1 : Operation 18 [1/1] (0.00ns)   --->   "%arr_44_val_read = read i16 @_ssdm_op_Read.ap_auto.i16, i16 %arr_44_val"   --->   Operation 18 'read' 'arr_44_val_read' <Predicate = true> <Delay = 0.00>
ST_1 : Operation 19 [1/1] (0.00ns)   --->   "%arr_43_val_read = read i16 @_ssdm_op_Read.ap_auto.i16, i16 %arr_43_val"   --->   Operation 19 'read' 'arr_43_val_read' <Predicate = true> <Delay = 0.00>
ST_1 : Operation 20 [1/1] (0.00ns)   --->   "%arr_42_val_read = read i16 @_ssdm_op_Read.ap_auto.i16, i16 %arr_42_val"   --->   Operation 20 'read' 'arr_42_val_read' <Predicate = true> <Delay = 0.00>
ST_1 : Operation 21 [1/1] (0.00ns)   --->   "%arr_41_val_read = read i16 @_ssdm_op_Read.ap_auto.i16, i16 %arr_41_val"   --->   Operation 21 'read' 'arr_41_val_read' <Predicate = true> <Delay = 0.00>
ST_1 : Operation 22 [1/1] (0.00ns)   --->   "%arr_40_val_read = read i16 @_ssdm_op_Read.ap_auto.i16, i16 %arr_40_val"   --->   Operation 22 'read' 'arr_40_val_read' <Predicate = true> <Delay = 0.00>
ST_1 : Operation 23 [1/1] (0.00ns)   --->   "%arr_39_val_read = read i16 @_ssdm_op_Read.ap_auto.i16, i16 %arr_39_val"   --->   Operation 23 'read' 'arr_39_val_read' <Predicate = true> <Delay = 0.00>
ST_1 : Operation 24 [1/1] (0.00ns)   --->   "%arr_38_val_read = read i16 @_ssdm_op_Read.ap_auto.i16, i16 %arr_38_val"   --->   Operation 24 'read' 'arr_38_val_read' <Predicate = true> <Delay = 0.00>
ST_1 : Operation 25 [1/1] (0.00ns)   --->   "%arr_37_val_read = read i16 @_ssdm_op_Read.ap_auto.i16, i16 %arr_37_val"   --->   Operation 25 'read' 'arr_37_val_read' <Predicate = true> <Delay = 0.00>
ST_1 : Operation 26 [1/1] (0.00ns)   --->   "%arr_36_val_read = read i16 @_ssdm_op_Read.ap_auto.i16, i16 %arr_36_val"   --->   Operation 26 'read' 'arr_36_val_read' <Predicate = true> <Delay = 0.00>
ST_1 : Operation 27 [1/1] (0.00ns)   --->   "%arr_35_val_read = read i16 @_ssdm_op_Read.ap_auto.i16, i16 %arr_35_val"   --->   Operation 27 'read' 'arr_35_val_read' <Predicate = true> <Delay = 0.00>
ST_1 : Operation 28 [1/1] (0.00ns)   --->   "%arr_34_val_read = read i16 @_ssdm_op_Read.ap_auto.i16, i16 %arr_34_val"   --->   Operation 28 'read' 'arr_34_val_read' <Predicate = true> <Delay = 0.00>
ST_1 : Operation 29 [1/1] (0.00ns)   --->   "%arr_33_val_read = read i16 @_ssdm_op_Read.ap_auto.i16, i16 %arr_33_val"   --->   Operation 29 'read' 'arr_33_val_read' <Predicate = true> <Delay = 0.00>
ST_1 : Operation 30 [1/1] (0.00ns)   --->   "%arr_32_val_read = read i16 @_ssdm_op_Read.ap_auto.i16, i16 %arr_32_val"   --->   Operation 30 'read' 'arr_32_val_read' <Predicate = true> <Delay = 0.00>
ST_1 : Operation 31 [1/1] (0.00ns)   --->   "%arr_31_val_read = read i16 @_ssdm_op_Read.ap_auto.i16, i16 %arr_31_val"   --->   Operation 31 'read' 'arr_31_val_read' <Predicate = true> <Delay = 0.00>
ST_1 : Operation 32 [1/1] (0.00ns)   --->   "%arr_30_val_read = read i16 @_ssdm_op_Read.ap_auto.i16, i16 %arr_30_val"   --->   Operation 32 'read' 'arr_30_val_read' <Predicate = true> <Delay = 0.00>
ST_1 : Operation 33 [1/1] (0.00ns)   --->   "%arr_29_val_read = read i16 @_ssdm_op_Read.ap_auto.i16, i16 %arr_29_val"   --->   Operation 33 'read' 'arr_29_val_read' <Predicate = true> <Delay = 0.00>
ST_1 : Operation 34 [1/1] (0.00ns)   --->   "%arr_28_val_read = read i16 @_ssdm_op_Read.ap_auto.i16, i16 %arr_28_val"   --->   Operation 34 'read' 'arr_28_val_read' <Predicate = true> <Delay = 0.00>
ST_1 : Operation 35 [1/1] (0.00ns)   --->   "%arr_27_val_read = read i16 @_ssdm_op_Read.ap_auto.i16, i16 %arr_27_val"   --->   Operation 35 'read' 'arr_27_val_read' <Predicate = true> <Delay = 0.00>
ST_1 : Operation 36 [1/1] (0.00ns)   --->   "%arr_26_val_read = read i16 @_ssdm_op_Read.ap_auto.i16, i16 %arr_26_val"   --->   Operation 36 'read' 'arr_26_val_read' <Predicate = true> <Delay = 0.00>
ST_1 : Operation 37 [1/1] (0.00ns)   --->   "%arr_25_val_read = read i16 @_ssdm_op_Read.ap_auto.i16, i16 %arr_25_val"   --->   Operation 37 'read' 'arr_25_val_read' <Predicate = true> <Delay = 0.00>
ST_1 : Operation 38 [1/1] (0.00ns)   --->   "%arr_24_val_read = read i16 @_ssdm_op_Read.ap_auto.i16, i16 %arr_24_val"   --->   Operation 38 'read' 'arr_24_val_read' <Predicate = true> <Delay = 0.00>
ST_1 : Operation 39 [1/1] (0.00ns)   --->   "%arr_23_val_read = read i16 @_ssdm_op_Read.ap_auto.i16, i16 %arr_23_val"   --->   Operation 39 'read' 'arr_23_val_read' <Predicate = true> <Delay = 0.00>
ST_1 : Operation 40 [1/1] (0.00ns)   --->   "%arr_22_val_read = read i16 @_ssdm_op_Read.ap_auto.i16, i16 %arr_22_val"   --->   Operation 40 'read' 'arr_22_val_read' <Predicate = true> <Delay = 0.00>
ST_1 : Operation 41 [1/1] (0.00ns)   --->   "%arr_21_val_read = read i16 @_ssdm_op_Read.ap_auto.i16, i16 %arr_21_val"   --->   Operation 41 'read' 'arr_21_val_read' <Predicate = true> <Delay = 0.00>
ST_1 : Operation 42 [1/1] (0.00ns)   --->   "%arr_20_val_read = read i16 @_ssdm_op_Read.ap_auto.i16, i16 %arr_20_val"   --->   Operation 42 'read' 'arr_20_val_read' <Predicate = true> <Delay = 0.00>
ST_1 : Operation 43 [1/1] (0.00ns)   --->   "%arr_19_val_read = read i16 @_ssdm_op_Read.ap_auto.i16, i16 %arr_19_val"   --->   Operation 43 'read' 'arr_19_val_read' <Predicate = true> <Delay = 0.00>
ST_1 : Operation 44 [1/1] (0.00ns)   --->   "%arr_18_val_read = read i16 @_ssdm_op_Read.ap_auto.i16, i16 %arr_18_val"   --->   Operation 44 'read' 'arr_18_val_read' <Predicate = true> <Delay = 0.00>
ST_1 : Operation 45 [1/1] (0.00ns)   --->   "%arr_17_val_read = read i16 @_ssdm_op_Read.ap_auto.i16, i16 %arr_17_val"   --->   Operation 45 'read' 'arr_17_val_read' <Predicate = true> <Delay = 0.00>
ST_1 : Operation 46 [1/1] (0.00ns)   --->   "%arr_16_val_read = read i16 @_ssdm_op_Read.ap_auto.i16, i16 %arr_16_val"   --->   Operation 46 'read' 'arr_16_val_read' <Predicate = true> <Delay = 0.00>
ST_1 : Operation 47 [1/1] (0.00ns)   --->   "%arr_15_val_read = read i16 @_ssdm_op_Read.ap_auto.i16, i16 %arr_15_val"   --->   Operation 47 'read' 'arr_15_val_read' <Predicate = true> <Delay = 0.00>
ST_1 : Operation 48 [1/1] (0.00ns)   --->   "%arr_14_val_read = read i16 @_ssdm_op_Read.ap_auto.i16, i16 %arr_14_val"   --->   Operation 48 'read' 'arr_14_val_read' <Predicate = true> <Delay = 0.00>
ST_1 : Operation 49 [1/1] (0.00ns)   --->   "%arr_13_val_read = read i16 @_ssdm_op_Read.ap_auto.i16, i16 %arr_13_val"   --->   Operation 49 'read' 'arr_13_val_read' <Predicate = true> <Delay = 0.00>
ST_1 : Operation 50 [1/1] (0.00ns)   --->   "%arr_12_val_read = read i16 @_ssdm_op_Read.ap_auto.i16, i16 %arr_12_val"   --->   Operation 50 'read' 'arr_12_val_read' <Predicate = true> <Delay = 0.00>
ST_1 : Operation 51 [1/1] (0.00ns)   --->   "%arr_11_val_read = read i16 @_ssdm_op_Read.ap_auto.i16, i16 %arr_11_val"   --->   Operation 51 'read' 'arr_11_val_read' <Predicate = true> <Delay = 0.00>
ST_1 : Operation 52 [1/1] (0.00ns)   --->   "%arr_10_val_read = read i16 @_ssdm_op_Read.ap_auto.i16, i16 %arr_10_val"   --->   Operation 52 'read' 'arr_10_val_read' <Predicate = true> <Delay = 0.00>
ST_1 : Operation 53 [1/1] (0.00ns)   --->   "%arr_9_val_read = read i16 @_ssdm_op_Read.ap_auto.i16, i16 %arr_9_val"   --->   Operation 53 'read' 'arr_9_val_read' <Predicate = true> <Delay = 0.00>
ST_1 : Operation 54 [1/1] (0.00ns)   --->   "%arr_8_val_read = read i16 @_ssdm_op_Read.ap_auto.i16, i16 %arr_8_val"   --->   Operation 54 'read' 'arr_8_val_read' <Predicate = true> <Delay = 0.00>
ST_1 : Operation 55 [1/1] (0.00ns)   --->   "%arr_7_val_read = read i16 @_ssdm_op_Read.ap_auto.i16, i16 %arr_7_val"   --->   Operation 55 'read' 'arr_7_val_read' <Predicate = true> <Delay = 0.00>
ST_1 : Operation 56 [1/1] (0.00ns)   --->   "%arr_6_val_read = read i16 @_ssdm_op_Read.ap_auto.i16, i16 %arr_6_val"   --->   Operation 56 'read' 'arr_6_val_read' <Predicate = true> <Delay = 0.00>
ST_1 : Operation 57 [1/1] (0.00ns)   --->   "%arr_5_val_read = read i16 @_ssdm_op_Read.ap_auto.i16, i16 %arr_5_val"   --->   Operation 57 'read' 'arr_5_val_read' <Predicate = true> <Delay = 0.00>
ST_1 : Operation 58 [1/1] (0.00ns)   --->   "%arr_4_val_read = read i16 @_ssdm_op_Read.ap_auto.i16, i16 %arr_4_val"   --->   Operation 58 'read' 'arr_4_val_read' <Predicate = true> <Delay = 0.00>
ST_1 : Operation 59 [1/1] (0.00ns)   --->   "%arr_3_val_read = read i16 @_ssdm_op_Read.ap_auto.i16, i16 %arr_3_val"   --->   Operation 59 'read' 'arr_3_val_read' <Predicate = true> <Delay = 0.00>
ST_1 : Operation 60 [1/1] (0.00ns)   --->   "%arr_2_val_read = read i16 @_ssdm_op_Read.ap_auto.i16, i16 %arr_2_val"   --->   Operation 60 'read' 'arr_2_val_read' <Predicate = true> <Delay = 0.00>
ST_1 : Operation 61 [1/1] (0.00ns)   --->   "%arr_1_val_read = read i16 @_ssdm_op_Read.ap_auto.i16, i16 %arr_1_val"   --->   Operation 61 'read' 'arr_1_val_read' <Predicate = true> <Delay = 0.00>
ST_1 : Operation 62 [1/1] (0.00ns)   --->   "%arr_0_val_read = read i16 @_ssdm_op_Read.ap_auto.i16, i16 %arr_0_val"   --->   Operation 62 'read' 'arr_0_val_read' <Predicate = true> <Delay = 0.00>
ST_1 : Operation 63 [1/1] (0.00ns)   --->   "%idx1_read = read i6 @_ssdm_op_Read.ap_auto.i6, i6 %idx1"   --->   Operation 63 'read' 'idx1_read' <Predicate = true> <Delay = 0.00>
ST_1 : Operation 64 [1/1] (0.00ns)   --->   "%mux_case_7644519_read = read i32 @_ssdm_op_Read.ap_auto.i32, i32 %mux_case_7644519"   --->   Operation 64 'read' 'mux_case_7644519_read' <Predicate = true> <Delay = 0.00>
ST_1 : Operation 65 [1/1] (0.00ns)   --->   "%mux_case_6643515_read = read i32 @_ssdm_op_Read.ap_auto.i32, i32 %mux_case_6643515"   --->   Operation 65 'read' 'mux_case_6643515_read' <Predicate = true> <Delay = 0.00>
ST_1 : Operation 66 [1/1] (0.00ns)   --->   "%mux_case_5642511_read = read i32 @_ssdm_op_Read.ap_auto.i32, i32 %mux_case_5642511"   --->   Operation 66 'read' 'mux_case_5642511_read' <Predicate = true> <Delay = 0.00>
ST_1 : Operation 67 [1/1] (0.00ns)   --->   "%mux_case_4641507_read = read i32 @_ssdm_op_Read.ap_auto.i32, i32 %mux_case_4641507"   --->   Operation 67 'read' 'mux_case_4641507_read' <Predicate = true> <Delay = 0.00>
ST_1 : Operation 68 [1/1] (0.00ns)   --->   "%mux_case_3640503_read = read i32 @_ssdm_op_Read.ap_auto.i32, i32 %mux_case_3640503"   --->   Operation 68 'read' 'mux_case_3640503_read' <Predicate = true> <Delay = 0.00>
ST_1 : Operation 69 [1/1] (0.00ns)   --->   "%mux_case_2639499_read = read i32 @_ssdm_op_Read.ap_auto.i32, i32 %mux_case_2639499"   --->   Operation 69 'read' 'mux_case_2639499_read' <Predicate = true> <Delay = 0.00>
ST_1 : Operation 70 [1/1] (0.00ns)   --->   "%mux_case_1638495_read = read i32 @_ssdm_op_Read.ap_auto.i32, i32 %mux_case_1638495"   --->   Operation 70 'read' 'mux_case_1638495_read' <Predicate = true> <Delay = 0.00>
ST_1 : Operation 71 [1/1] (0.00ns)   --->   "%mux_case_0637491_read = read i32 @_ssdm_op_Read.ap_auto.i32, i32 %mux_case_0637491"   --->   Operation 71 'read' 'mux_case_0637491_read' <Predicate = true> <Delay = 0.00>
ST_1 : Operation 72 [1/1] (0.00ns)   --->   "%temp_375_read = read i32 @_ssdm_op_Read.ap_auto.i32, i32 %temp_375"   --->   Operation 72 'read' 'temp_375_read' <Predicate = true> <Delay = 0.00>
ST_1 : Operation 73 [1/1] (0.00ns)   --->   "%temp_376_read = read i32 @_ssdm_op_Read.ap_auto.i32, i32 %temp_376"   --->   Operation 73 'read' 'temp_376_read' <Predicate = true> <Delay = 0.00>
ST_1 : Operation 74 [1/1] (0.00ns)   --->   "%temp_377_read = read i32 @_ssdm_op_Read.ap_auto.i32, i32 %temp_377"   --->   Operation 74 'read' 'temp_377_read' <Predicate = true> <Delay = 0.00>
ST_1 : Operation 75 [1/1] (0.00ns)   --->   "%temp_378_read = read i32 @_ssdm_op_Read.ap_auto.i32, i32 %temp_378"   --->   Operation 75 'read' 'temp_378_read' <Predicate = true> <Delay = 0.00>
ST_1 : Operation 76 [1/1] (0.00ns)   --->   "%temp_379_read = read i32 @_ssdm_op_Read.ap_auto.i32, i32 %temp_379"   --->   Operation 76 'read' 'temp_379_read' <Predicate = true> <Delay = 0.00>
ST_1 : Operation 77 [1/1] (0.00ns)   --->   "%temp_380_read = read i32 @_ssdm_op_Read.ap_auto.i32, i32 %temp_380"   --->   Operation 77 'read' 'temp_380_read' <Predicate = true> <Delay = 0.00>
ST_1 : Operation 78 [1/1] (0.00ns)   --->   "%temp_381_read = read i32 @_ssdm_op_Read.ap_auto.i32, i32 %temp_381"   --->   Operation 78 'read' 'temp_381_read' <Predicate = true> <Delay = 0.00>
ST_1 : Operation 79 [1/1] (0.00ns)   --->   "%temp_382_read = read i32 @_ssdm_op_Read.ap_auto.i32, i32 %temp_382"   --->   Operation 79 'read' 'temp_382_read' <Predicate = true> <Delay = 0.00>
ST_1 : Operation 80 [1/1] (0.38ns)   --->   "%store_ln147 = store i32 4, i32 %j" [firmware/nnet_utils/nnet_hept.h:147]   --->   Operation 80 'store' 'store_ln147' <Predicate = true> <Delay = 0.38>
ST_1 : Operation 81 [1/1] (0.38ns)   --->   "%store_ln147 = store i32 0, i32 %i" [firmware/nnet_utils/nnet_hept.h:147]   --->   Operation 81 'store' 'store_ln147' <Predicate = true> <Delay = 0.38>
ST_1 : Operation 82 [1/1] (0.41ns)   --->   "%store_ln136 = store i32 %temp_382_read, i32 %temp_146" [firmware/nnet_utils/nnet_hept.h:136]   --->   Operation 82 'store' 'store_ln136' <Predicate = true> <Delay = 0.41>
ST_1 : Operation 83 [1/1] (0.41ns)   --->   "%store_ln136 = store i32 %temp_381_read, i32 %temp_145" [firmware/nnet_utils/nnet_hept.h:136]   --->   Operation 83 'store' 'store_ln136' <Predicate = true> <Delay = 0.41>
ST_1 : Operation 84 [1/1] (0.41ns)   --->   "%store_ln136 = store i32 %temp_380_read, i32 %temp_144" [firmware/nnet_utils/nnet_hept.h:136]   --->   Operation 84 'store' 'store_ln136' <Predicate = true> <Delay = 0.41>
ST_1 : Operation 85 [1/1] (0.41ns)   --->   "%store_ln136 = store i32 %temp_379_read, i32 %temp_143" [firmware/nnet_utils/nnet_hept.h:136]   --->   Operation 85 'store' 'store_ln136' <Predicate = true> <Delay = 0.41>
ST_1 : Operation 86 [1/1] (0.41ns)   --->   "%store_ln136 = store i32 %temp_378_read, i32 %temp_142" [firmware/nnet_utils/nnet_hept.h:136]   --->   Operation 86 'store' 'store_ln136' <Predicate = true> <Delay = 0.41>
ST_1 : Operation 87 [1/1] (0.41ns)   --->   "%store_ln136 = store i32 %temp_377_read, i32 %temp_141" [firmware/nnet_utils/nnet_hept.h:136]   --->   Operation 87 'store' 'store_ln136' <Predicate = true> <Delay = 0.41>
ST_1 : Operation 88 [1/1] (0.41ns)   --->   "%store_ln136 = store i32 %temp_376_read, i32 %temp_140" [firmware/nnet_utils/nnet_hept.h:136]   --->   Operation 88 'store' 'store_ln136' <Predicate = true> <Delay = 0.41>
ST_1 : Operation 89 [1/1] (0.41ns)   --->   "%store_ln136 = store i32 %temp_375_read, i32 %temp" [firmware/nnet_utils/nnet_hept.h:136]   --->   Operation 89 'store' 'store_ln136' <Predicate = true> <Delay = 0.41>
ST_1 : Operation 90 [1/1] (0.38ns)   --->   "%store_ln147 = store i32 0, i32 %k" [firmware/nnet_utils/nnet_hept.h:147]   --->   Operation 90 'store' 'store_ln147' <Predicate = true> <Delay = 0.38>
ST_1 : Operation 91 [1/1] (0.38ns)   --->   "%br_ln0 = br void %while.body.2"   --->   Operation 91 'br' 'br_ln0' <Predicate = true> <Delay = 0.38>

State 2 <SV = 1> <Delay = 4.20>
ST_2 : Operation 92 [1/1] (0.00ns)   --->   "%indvars_iv2 = phi i32 %add_ln149, void %if.end.2, i32 1, void %newFuncRoot" [firmware/nnet_utils/nnet_hept.h:149]   --->   Operation 92 'phi' 'indvars_iv2' <Predicate = true> <Delay = 0.00>
ST_2 : Operation 93 [1/1] (0.00ns)   --->   "%k_19 = load i32 %k" [firmware/nnet_utils/nnet_hept.h:147]   --->   Operation 93 'load' 'k_19' <Predicate = true> <Delay = 0.00>
ST_2 : Operation 94 [1/1] (0.00ns)   --->   "%i_16 = load i32 %i" [firmware/nnet_utils/nnet_hept.h:147]   --->   Operation 94 'load' 'i_16' <Predicate = true> <Delay = 0.00>
ST_2 : Operation 95 [1/1] (0.00ns)   --->   "%j_16 = load i32 %j" [firmware/nnet_utils/nnet_hept.h:147]   --->   Operation 95 'load' 'j_16' <Predicate = true> <Delay = 0.00>
ST_2 : Operation 96 [1/1] (0.00ns)   --->   "%specpipeline_ln150 = specpipeline void @_ssdm_op_SpecPipeline, i32 4294967295, i32 0, i32 0, i32 0, void @empty_0" [firmware/nnet_utils/nnet_hept.h:150]   --->   Operation 96 'specpipeline' 'specpipeline_ln150' <Predicate = true> <Delay = 0.00>
ST_2 : Operation 97 [1/1] (0.00ns)   --->   "%specloopname_ln149 = specloopname void @_ssdm_op_SpecLoopName, void @empty_5" [firmware/nnet_utils/nnet_hept.h:149]   --->   Operation 97 'specloopname' 'specloopname_ln149' <Predicate = true> <Delay = 0.00>
ST_2 : Operation 98 [1/1] (0.00ns)   --->   "%trunc_ln147 = trunc i32 %j_16" [firmware/nnet_utils/nnet_hept.h:147]   --->   Operation 98 'trunc' 'trunc_ln147' <Predicate = true> <Delay = 0.00>
ST_2 : Operation 99 [1/1] (0.00ns)   --->   "%trunc_ln147_15 = trunc i32 %i_16" [firmware/nnet_utils/nnet_hept.h:147]   --->   Operation 99 'trunc' 'trunc_ln147_15' <Predicate = true> <Delay = 0.00>
ST_2 : Operation 100 [1/1] (0.00ns)   --->   "%trunc_ln147_16 = trunc i32 %k_19" [firmware/nnet_utils/nnet_hept.h:147]   --->   Operation 100 'trunc' 'trunc_ln147_16' <Predicate = true> <Delay = 0.00>
ST_2 : Operation 101 [1/1] (0.58ns)   --->   "%temp_147 = sparsemux i32 @_ssdm_op_SparseMux.ap_auto.8i32.i32.i3, i3 0, i32 %mux_case_0637491_read, i3 1, i32 %mux_case_1638495_read, i3 2, i32 %mux_case_2639499_read, i3 3, i32 %mux_case_3640503_read, i3 4, i32 %mux_case_4641507_read, i3 5, i32 %mux_case_5642511_read, i3 6, i32 %mux_case_6643515_read, i3 7, i32 %mux_case_7644519_read, i32 0, i3 %trunc_ln147_15" [firmware/nnet_utils/nnet_hept.h:151]   --->   Operation 101 'sparsemux' 'temp_147' <Predicate = true> <Delay = 0.58> <CoreInst = "SparseMux">   --->   Core 147 'SparseMux' <Latency = 0> <II = 1> <Delay = 0.58> <FuncUnit> <Opcode : 'sparsemux'> <InPorts = 2> <OutPorts = 1>
ST_2 : Operation 102 [1/1] (0.58ns)   --->   "%temp_148 = sparsemux i32 @_ssdm_op_SparseMux.ap_auto.8i32.i32.i3, i3 0, i32 %mux_case_0637491_read, i3 1, i32 %mux_case_1638495_read, i3 2, i32 %mux_case_2639499_read, i3 3, i32 %mux_case_3640503_read, i3 4, i32 %mux_case_4641507_read, i3 5, i32 %mux_case_5642511_read, i3 6, i32 %mux_case_6643515_read, i3 7, i32 %mux_case_7644519_read, i32 0, i3 %trunc_ln147" [firmware/nnet_utils/nnet_hept.h:151]   --->   Operation 102 'sparsemux' 'temp_148' <Predicate = true> <Delay = 0.58> <CoreInst = "SparseMux">   --->   Core 147 'SparseMux' <Latency = 0> <II = 1> <Delay = 0.58> <FuncUnit> <Opcode : 'sparsemux'> <InPorts = 2> <OutPorts = 1>
ST_2 : Operation 103 [1/1] (0.00ns)   --->   "%trunc_ln151 = trunc i32 %temp_147" [firmware/nnet_utils/nnet_hept.h:151]   --->   Operation 103 'trunc' 'trunc_ln151' <Predicate = true> <Delay = 0.00>
ST_2 : Operation 104 [1/1] (0.70ns)   --->   "%add_ln151 = add i6 %trunc_ln151, i6 %idx1_read" [firmware/nnet_utils/nnet_hept.h:151]   --->   Operation 104 'add' 'add_ln151' <Predicate = true> <Delay = 0.70> <CoreInst = "Adder">   --->   Core 1 'Adder' <Latency = 0> <II = 1> <Delay = 0.70> <FuncUnit> <Opcode : 'add' 'sub'> <InPorts = 2> <OutPorts = 1>
ST_2 : Operation 105 [1/1] (0.74ns)   --->   "%tmp_590 = sparsemux i16 @_ssdm_op_SparseMux.ap_auto.48i16.i16.i6, i6 0, i16 %arr_0_val_read, i6 1, i16 %arr_1_val_read, i6 2, i16 %arr_2_val_read, i6 3, i16 %arr_3_val_read, i6 4, i16 %arr_4_val_read, i6 5, i16 %arr_5_val_read, i6 6, i16 %arr_6_val_read, i6 7, i16 %arr_7_val_read, i6 8, i16 %arr_8_val_read, i6 9, i16 %arr_9_val_read, i6 10, i16 %arr_10_val_read, i6 11, i16 %arr_11_val_read, i6 12, i16 %arr_12_val_read, i6 13, i16 %arr_13_val_read, i6 14, i16 %arr_14_val_read, i6 15, i16 %arr_15_val_read, i6 16, i16 %arr_16_val_read, i6 17, i16 %arr_17_val_read, i6 18, i16 %arr_18_val_read, i6 19, i16 %arr_19_val_read, i6 20, i16 %arr_20_val_read, i6 21, i16 %arr_21_val_read, i6 22, i16 %arr_22_val_read, i6 23, i16 %arr_23_val_read, i6 24, i16 %arr_24_val_read, i6 25, i16 %arr_25_val_read, i6 26, i16 %arr_26_val_read, i6 27, i16 %arr_27_val_read, i6 28, i16 %arr_28_val_read, i6 29, i16 %arr_29_val_read, i6 30, i16 %arr_30_val_read, i6 31, i16 %arr_31_val_read, i6 32, i16 %arr_32_val_read, i6 33, i16 %arr_33_val_read, i6 34, i16 %arr_34_val_read, i6 35, i16 %arr_35_val_read, i6 36, i16 %arr_36_val_read, i6 37, i16 %arr_37_val_read, i6 38, i16 %arr_38_val_read, i6 39, i16 %arr_39_val_read, i6 40, i16 %arr_40_val_read, i6 41, i16 %arr_41_val_read, i6 42, i16 %arr_42_val_read, i6 43, i16 %arr_43_val_read, i6 44, i16 %arr_44_val_read, i6 45, i16 %arr_45_val_read, i6 46, i16 %arr_46_val_read, i6 47, i16 %arr_47_val_read, i16 0, i6 %add_ln151" [firmware/nnet_utils/nnet_hept.h:151]   --->   Operation 105 'sparsemux' 'tmp_590' <Predicate = true> <Delay = 0.74> <CoreInst = "SparseMux">   --->   Core 147 'SparseMux' <Latency = 0> <II = 1> <Delay = 0.74> <FuncUnit> <Opcode : 'sparsemux'> <InPorts = 2> <OutPorts = 1>
ST_2 : Operation 106 [1/1] (0.00ns)   --->   "%trunc_ln151_4 = trunc i32 %temp_148" [firmware/nnet_utils/nnet_hept.h:151]   --->   Operation 106 'trunc' 'trunc_ln151_4' <Predicate = true> <Delay = 0.00>
ST_2 : Operation 107 [1/1] (0.70ns)   --->   "%add_ln151_4 = add i6 %trunc_ln151_4, i6 %idx1_read" [firmware/nnet_utils/nnet_hept.h:151]   --->   Operation 107 'add' 'add_ln151_4' <Predicate = true> <Delay = 0.70> <CoreInst = "Adder">   --->   Core 1 'Adder' <Latency = 0> <II = 1> <Delay = 0.70> <FuncUnit> <Opcode : 'add' 'sub'> <InPorts = 2> <OutPorts = 1>
ST_2 : Operation 108 [1/1] (0.74ns)   --->   "%tmp_591 = sparsemux i16 @_ssdm_op_SparseMux.ap_auto.48i16.i16.i6, i6 0, i16 %arr_0_val_read, i6 1, i16 %arr_1_val_read, i6 2, i16 %arr_2_val_read, i6 3, i16 %arr_3_val_read, i6 4, i16 %arr_4_val_read, i6 5, i16 %arr_5_val_read, i6 6, i16 %arr_6_val_read, i6 7, i16 %arr_7_val_read, i6 8, i16 %arr_8_val_read, i6 9, i16 %arr_9_val_read, i6 10, i16 %arr_10_val_read, i6 11, i16 %arr_11_val_read, i6 12, i16 %arr_12_val_read, i6 13, i16 %arr_13_val_read, i6 14, i16 %arr_14_val_read, i6 15, i16 %arr_15_val_read, i6 16, i16 %arr_16_val_read, i6 17, i16 %arr_17_val_read, i6 18, i16 %arr_18_val_read, i6 19, i16 %arr_19_val_read, i6 20, i16 %arr_20_val_read, i6 21, i16 %arr_21_val_read, i6 22, i16 %arr_22_val_read, i6 23, i16 %arr_23_val_read, i6 24, i16 %arr_24_val_read, i6 25, i16 %arr_25_val_read, i6 26, i16 %arr_26_val_read, i6 27, i16 %arr_27_val_read, i6 28, i16 %arr_28_val_read, i6 29, i16 %arr_29_val_read, i6 30, i16 %arr_30_val_read, i6 31, i16 %arr_31_val_read, i6 32, i16 %arr_32_val_read, i6 33, i16 %arr_33_val_read, i6 34, i16 %arr_34_val_read, i6 35, i16 %arr_35_val_read, i6 36, i16 %arr_36_val_read, i6 37, i16 %arr_37_val_read, i6 38, i16 %arr_38_val_read, i6 39, i16 %arr_39_val_read, i6 40, i16 %arr_40_val_read, i6 41, i16 %arr_41_val_read, i6 42, i16 %arr_42_val_read, i6 43, i16 %arr_43_val_read, i6 44, i16 %arr_44_val_read, i6 45, i16 %arr_45_val_read, i6 46, i16 %arr_46_val_read, i6 47, i16 %arr_47_val_read, i16 0, i6 %add_ln151_4" [firmware/nnet_utils/nnet_hept.h:151]   --->   Operation 108 'sparsemux' 'tmp_591' <Predicate = true> <Delay = 0.74> <CoreInst = "SparseMux">   --->   Core 147 'SparseMux' <Latency = 0> <II = 1> <Delay = 0.74> <FuncUnit> <Opcode : 'sparsemux'> <InPorts = 2> <OutPorts = 1>
ST_2 : Operation 109 [1/1] (0.78ns)   --->   "%icmp_ln151 = icmp_sgt  i16 %tmp_590, i16 %tmp_591" [firmware/nnet_utils/nnet_hept.h:151]   --->   Operation 109 'icmp' 'icmp_ln151' <Predicate = true> <Delay = 0.78> <CoreInst = "Cmp">   --->   Core 9 'Cmp' <Latency = 0> <II = 1> <Delay = 0.78> <FuncUnit> <Opcode : 'icmp'> <InPorts = 2> <OutPorts = 1>
ST_2 : Operation 110 [1/1] (0.88ns)   --->   "%k_20 = add i32 %k_19, i32 1" [firmware/nnet_utils/nnet_hept.h:154]   --->   Operation 110 'add' 'k_20' <Predicate = true> <Delay = 0.88> <CoreInst = "Adder">   --->   Core 1 'Adder' <Latency = 0> <II = 1> <Delay = 0.88> <FuncUnit> <Opcode : 'add' 'sub'> <InPorts = 2> <OutPorts = 1>
ST_2 : Operation 111 [1/1] (0.00ns)   --->   "%br_ln151 = br i1 %icmp_ln151, void %if.then.2, void %if.else.2" [firmware/nnet_utils/nnet_hept.h:151]   --->   Operation 111 'br' 'br_ln151' <Predicate = true> <Delay = 0.00>
ST_2 : Operation 112 [1/1] (0.88ns)   --->   "%i_17 = add i32 %i_16, i32 1" [firmware/nnet_utils/nnet_hept.h:152]   --->   Operation 112 'add' 'i_17' <Predicate = (!icmp_ln151)> <Delay = 0.88> <CoreInst = "Adder">   --->   Core 1 'Adder' <Latency = 0> <II = 1> <Delay = 0.88> <FuncUnit> <Opcode : 'add' 'sub'> <InPorts = 2> <OutPorts = 1>
ST_2 : Operation 113 [1/1] (0.67ns)   --->   "%switch_ln152 = switch i3 %trunc_ln147_16, void %arrayidx42.2.case.7, i3 0, void %if.then.2.if.end.2_crit_edge73, i3 1, void %arrayidx42.2.case.1, i3 2, void %arrayidx42.2.case.2, i3 3, void %arrayidx42.2.case.3, i3 4, void %arrayidx42.2.case.4, i3 5, void %arrayidx42.2.case.5, i3 6, void %if.then.2.if.end.2_crit_edge" [firmware/nnet_utils/nnet_hept.h:152]   --->   Operation 113 'switch' 'switch_ln152' <Predicate = (!icmp_ln151)> <Delay = 0.67>
ST_2 : Operation 114 [1/1] (0.38ns)   --->   "%store_ln147 = store i32 %i_17, i32 %i" [firmware/nnet_utils/nnet_hept.h:147]   --->   Operation 114 'store' 'store_ln147' <Predicate = (!icmp_ln151 & trunc_ln147_16 == 6)> <Delay = 0.38>
ST_2 : Operation 115 [1/1] (0.41ns)   --->   "%store_ln136 = store i32 %temp_147, i32 %temp_145" [firmware/nnet_utils/nnet_hept.h:136]   --->   Operation 115 'store' 'store_ln136' <Predicate = (!icmp_ln151 & trunc_ln147_16 == 6)> <Delay = 0.41>
ST_2 : Operation 116 [1/1] (0.00ns)   --->   "%br_ln152 = br void %if.end.2" [firmware/nnet_utils/nnet_hept.h:152]   --->   Operation 116 'br' 'br_ln152' <Predicate = (!icmp_ln151 & trunc_ln147_16 == 6)> <Delay = 0.00>
ST_2 : Operation 117 [1/1] (0.38ns)   --->   "%store_ln147 = store i32 %i_17, i32 %i" [firmware/nnet_utils/nnet_hept.h:147]   --->   Operation 117 'store' 'store_ln147' <Predicate = (!icmp_ln151 & trunc_ln147_16 == 5)> <Delay = 0.38>
ST_2 : Operation 118 [1/1] (0.41ns)   --->   "%store_ln136 = store i32 %temp_147, i32 %temp_144" [firmware/nnet_utils/nnet_hept.h:136]   --->   Operation 118 'store' 'store_ln136' <Predicate = (!icmp_ln151 & trunc_ln147_16 == 5)> <Delay = 0.41>
ST_2 : Operation 119 [1/1] (0.00ns)   --->   "%br_ln152 = br void %if.end.2" [firmware/nnet_utils/nnet_hept.h:152]   --->   Operation 119 'br' 'br_ln152' <Predicate = (!icmp_ln151 & trunc_ln147_16 == 5)> <Delay = 0.00>
ST_2 : Operation 120 [1/1] (0.38ns)   --->   "%store_ln147 = store i32 %i_17, i32 %i" [firmware/nnet_utils/nnet_hept.h:147]   --->   Operation 120 'store' 'store_ln147' <Predicate = (!icmp_ln151 & trunc_ln147_16 == 4)> <Delay = 0.38>
ST_2 : Operation 121 [1/1] (0.41ns)   --->   "%store_ln136 = store i32 %temp_147, i32 %temp_143" [firmware/nnet_utils/nnet_hept.h:136]   --->   Operation 121 'store' 'store_ln136' <Predicate = (!icmp_ln151 & trunc_ln147_16 == 4)> <Delay = 0.41>
ST_2 : Operation 122 [1/1] (0.00ns)   --->   "%br_ln152 = br void %if.end.2" [firmware/nnet_utils/nnet_hept.h:152]   --->   Operation 122 'br' 'br_ln152' <Predicate = (!icmp_ln151 & trunc_ln147_16 == 4)> <Delay = 0.00>
ST_2 : Operation 123 [1/1] (0.38ns)   --->   "%store_ln147 = store i32 %i_17, i32 %i" [firmware/nnet_utils/nnet_hept.h:147]   --->   Operation 123 'store' 'store_ln147' <Predicate = (!icmp_ln151 & trunc_ln147_16 == 3)> <Delay = 0.38>
ST_2 : Operation 124 [1/1] (0.41ns)   --->   "%store_ln136 = store i32 %temp_147, i32 %temp_142" [firmware/nnet_utils/nnet_hept.h:136]   --->   Operation 124 'store' 'store_ln136' <Predicate = (!icmp_ln151 & trunc_ln147_16 == 3)> <Delay = 0.41>
ST_2 : Operation 125 [1/1] (0.00ns)   --->   "%br_ln152 = br void %if.end.2" [firmware/nnet_utils/nnet_hept.h:152]   --->   Operation 125 'br' 'br_ln152' <Predicate = (!icmp_ln151 & trunc_ln147_16 == 3)> <Delay = 0.00>
ST_2 : Operation 126 [1/1] (0.38ns)   --->   "%store_ln147 = store i32 %i_17, i32 %i" [firmware/nnet_utils/nnet_hept.h:147]   --->   Operation 126 'store' 'store_ln147' <Predicate = (!icmp_ln151 & trunc_ln147_16 == 2)> <Delay = 0.38>
ST_2 : Operation 127 [1/1] (0.41ns)   --->   "%store_ln136 = store i32 %temp_147, i32 %temp_141" [firmware/nnet_utils/nnet_hept.h:136]   --->   Operation 127 'store' 'store_ln136' <Predicate = (!icmp_ln151 & trunc_ln147_16 == 2)> <Delay = 0.41>
ST_2 : Operation 128 [1/1] (0.00ns)   --->   "%br_ln152 = br void %if.end.2" [firmware/nnet_utils/nnet_hept.h:152]   --->   Operation 128 'br' 'br_ln152' <Predicate = (!icmp_ln151 & trunc_ln147_16 == 2)> <Delay = 0.00>
ST_2 : Operation 129 [1/1] (0.38ns)   --->   "%store_ln147 = store i32 %i_17, i32 %i" [firmware/nnet_utils/nnet_hept.h:147]   --->   Operation 129 'store' 'store_ln147' <Predicate = (!icmp_ln151 & trunc_ln147_16 == 1)> <Delay = 0.38>
ST_2 : Operation 130 [1/1] (0.41ns)   --->   "%store_ln136 = store i32 %temp_147, i32 %temp_140" [firmware/nnet_utils/nnet_hept.h:136]   --->   Operation 130 'store' 'store_ln136' <Predicate = (!icmp_ln151 & trunc_ln147_16 == 1)> <Delay = 0.41>
ST_2 : Operation 131 [1/1] (0.00ns)   --->   "%br_ln152 = br void %if.end.2" [firmware/nnet_utils/nnet_hept.h:152]   --->   Operation 131 'br' 'br_ln152' <Predicate = (!icmp_ln151 & trunc_ln147_16 == 1)> <Delay = 0.00>
ST_2 : Operation 132 [1/1] (0.38ns)   --->   "%store_ln147 = store i32 %i_17, i32 %i" [firmware/nnet_utils/nnet_hept.h:147]   --->   Operation 132 'store' 'store_ln147' <Predicate = (!icmp_ln151 & trunc_ln147_16 == 0)> <Delay = 0.38>
ST_2 : Operation 133 [1/1] (0.41ns)   --->   "%store_ln136 = store i32 %temp_147, i32 %temp" [firmware/nnet_utils/nnet_hept.h:136]   --->   Operation 133 'store' 'store_ln136' <Predicate = (!icmp_ln151 & trunc_ln147_16 == 0)> <Delay = 0.41>
ST_2 : Operation 134 [1/1] (0.00ns)   --->   "%br_ln152 = br void %if.end.2" [firmware/nnet_utils/nnet_hept.h:152]   --->   Operation 134 'br' 'br_ln152' <Predicate = (!icmp_ln151 & trunc_ln147_16 == 0)> <Delay = 0.00>
ST_2 : Operation 135 [1/1] (0.38ns)   --->   "%store_ln147 = store i32 %i_17, i32 %i" [firmware/nnet_utils/nnet_hept.h:147]   --->   Operation 135 'store' 'store_ln147' <Predicate = (!icmp_ln151 & trunc_ln147_16 == 7)> <Delay = 0.38>
ST_2 : Operation 136 [1/1] (0.41ns)   --->   "%store_ln136 = store i32 %temp_147, i32 %temp_146" [firmware/nnet_utils/nnet_hept.h:136]   --->   Operation 136 'store' 'store_ln136' <Predicate = (!icmp_ln151 & trunc_ln147_16 == 7)> <Delay = 0.41>
ST_2 : Operation 137 [1/1] (0.00ns)   --->   "%br_ln152 = br void %if.end.2" [firmware/nnet_utils/nnet_hept.h:152]   --->   Operation 137 'br' 'br_ln152' <Predicate = (!icmp_ln151 & trunc_ln147_16 == 7)> <Delay = 0.00>
ST_2 : Operation 138 [1/1] (0.88ns)   --->   "%j_17 = add i32 %j_16, i32 1" [firmware/nnet_utils/nnet_hept.h:154]   --->   Operation 138 'add' 'j_17' <Predicate = (icmp_ln151)> <Delay = 0.88> <CoreInst = "Adder">   --->   Core 1 'Adder' <Latency = 0> <II = 1> <Delay = 0.88> <FuncUnit> <Opcode : 'add' 'sub'> <InPorts = 2> <OutPorts = 1>
ST_2 : Operation 139 [1/1] (0.67ns)   --->   "%switch_ln154 = switch i3 %trunc_ln147_16, void %arrayidx42.2.case.787, i3 0, void %if.else.2.if.end.2_crit_edge71, i3 1, void %arrayidx42.2.case.181, i3 2, void %arrayidx42.2.case.282, i3 3, void %arrayidx42.2.case.383, i3 4, void %arrayidx42.2.case.484, i3 5, void %arrayidx42.2.case.585, i3 6, void %if.else.2.if.end.2_crit_edge" [firmware/nnet_utils/nnet_hept.h:154]   --->   Operation 139 'switch' 'switch_ln154' <Predicate = (icmp_ln151)> <Delay = 0.67>
ST_2 : Operation 140 [1/1] (0.38ns)   --->   "%store_ln147 = store i32 %j_17, i32 %j" [firmware/nnet_utils/nnet_hept.h:147]   --->   Operation 140 'store' 'store_ln147' <Predicate = (icmp_ln151 & trunc_ln147_16 == 6)> <Delay = 0.38>
ST_2 : Operation 141 [1/1] (0.41ns)   --->   "%store_ln136 = store i32 %temp_148, i32 %temp_145" [firmware/nnet_utils/nnet_hept.h:136]   --->   Operation 141 'store' 'store_ln136' <Predicate = (icmp_ln151 & trunc_ln147_16 == 6)> <Delay = 0.41>
ST_2 : Operation 142 [1/1] (0.00ns)   --->   "%br_ln154 = br void %if.end.2" [firmware/nnet_utils/nnet_hept.h:154]   --->   Operation 142 'br' 'br_ln154' <Predicate = (icmp_ln151 & trunc_ln147_16 == 6)> <Delay = 0.00>
ST_2 : Operation 143 [1/1] (0.38ns)   --->   "%store_ln147 = store i32 %j_17, i32 %j" [firmware/nnet_utils/nnet_hept.h:147]   --->   Operation 143 'store' 'store_ln147' <Predicate = (icmp_ln151 & trunc_ln147_16 == 5)> <Delay = 0.38>
ST_2 : Operation 144 [1/1] (0.41ns)   --->   "%store_ln136 = store i32 %temp_148, i32 %temp_144" [firmware/nnet_utils/nnet_hept.h:136]   --->   Operation 144 'store' 'store_ln136' <Predicate = (icmp_ln151 & trunc_ln147_16 == 5)> <Delay = 0.41>
ST_2 : Operation 145 [1/1] (0.00ns)   --->   "%br_ln154 = br void %if.end.2" [firmware/nnet_utils/nnet_hept.h:154]   --->   Operation 145 'br' 'br_ln154' <Predicate = (icmp_ln151 & trunc_ln147_16 == 5)> <Delay = 0.00>
ST_2 : Operation 146 [1/1] (0.38ns)   --->   "%store_ln147 = store i32 %j_17, i32 %j" [firmware/nnet_utils/nnet_hept.h:147]   --->   Operation 146 'store' 'store_ln147' <Predicate = (icmp_ln151 & trunc_ln147_16 == 4)> <Delay = 0.38>
ST_2 : Operation 147 [1/1] (0.41ns)   --->   "%store_ln136 = store i32 %temp_148, i32 %temp_143" [firmware/nnet_utils/nnet_hept.h:136]   --->   Operation 147 'store' 'store_ln136' <Predicate = (icmp_ln151 & trunc_ln147_16 == 4)> <Delay = 0.41>
ST_2 : Operation 148 [1/1] (0.00ns)   --->   "%br_ln154 = br void %if.end.2" [firmware/nnet_utils/nnet_hept.h:154]   --->   Operation 148 'br' 'br_ln154' <Predicate = (icmp_ln151 & trunc_ln147_16 == 4)> <Delay = 0.00>
ST_2 : Operation 149 [1/1] (0.38ns)   --->   "%store_ln147 = store i32 %j_17, i32 %j" [firmware/nnet_utils/nnet_hept.h:147]   --->   Operation 149 'store' 'store_ln147' <Predicate = (icmp_ln151 & trunc_ln147_16 == 3)> <Delay = 0.38>
ST_2 : Operation 150 [1/1] (0.41ns)   --->   "%store_ln136 = store i32 %temp_148, i32 %temp_142" [firmware/nnet_utils/nnet_hept.h:136]   --->   Operation 150 'store' 'store_ln136' <Predicate = (icmp_ln151 & trunc_ln147_16 == 3)> <Delay = 0.41>
ST_2 : Operation 151 [1/1] (0.00ns)   --->   "%br_ln154 = br void %if.end.2" [firmware/nnet_utils/nnet_hept.h:154]   --->   Operation 151 'br' 'br_ln154' <Predicate = (icmp_ln151 & trunc_ln147_16 == 3)> <Delay = 0.00>
ST_2 : Operation 152 [1/1] (0.38ns)   --->   "%store_ln147 = store i32 %j_17, i32 %j" [firmware/nnet_utils/nnet_hept.h:147]   --->   Operation 152 'store' 'store_ln147' <Predicate = (icmp_ln151 & trunc_ln147_16 == 2)> <Delay = 0.38>
ST_2 : Operation 153 [1/1] (0.41ns)   --->   "%store_ln136 = store i32 %temp_148, i32 %temp_141" [firmware/nnet_utils/nnet_hept.h:136]   --->   Operation 153 'store' 'store_ln136' <Predicate = (icmp_ln151 & trunc_ln147_16 == 2)> <Delay = 0.41>
ST_2 : Operation 154 [1/1] (0.00ns)   --->   "%br_ln154 = br void %if.end.2" [firmware/nnet_utils/nnet_hept.h:154]   --->   Operation 154 'br' 'br_ln154' <Predicate = (icmp_ln151 & trunc_ln147_16 == 2)> <Delay = 0.00>
ST_2 : Operation 155 [1/1] (0.38ns)   --->   "%store_ln147 = store i32 %j_17, i32 %j" [firmware/nnet_utils/nnet_hept.h:147]   --->   Operation 155 'store' 'store_ln147' <Predicate = (icmp_ln151 & trunc_ln147_16 == 1)> <Delay = 0.38>
ST_2 : Operation 156 [1/1] (0.41ns)   --->   "%store_ln136 = store i32 %temp_148, i32 %temp_140" [firmware/nnet_utils/nnet_hept.h:136]   --->   Operation 156 'store' 'store_ln136' <Predicate = (icmp_ln151 & trunc_ln147_16 == 1)> <Delay = 0.41>
ST_2 : Operation 157 [1/1] (0.00ns)   --->   "%br_ln154 = br void %if.end.2" [firmware/nnet_utils/nnet_hept.h:154]   --->   Operation 157 'br' 'br_ln154' <Predicate = (icmp_ln151 & trunc_ln147_16 == 1)> <Delay = 0.00>
ST_2 : Operation 158 [1/1] (0.38ns)   --->   "%store_ln147 = store i32 %j_17, i32 %j" [firmware/nnet_utils/nnet_hept.h:147]   --->   Operation 158 'store' 'store_ln147' <Predicate = (icmp_ln151 & trunc_ln147_16 == 0)> <Delay = 0.38>
ST_2 : Operation 159 [1/1] (0.41ns)   --->   "%store_ln136 = store i32 %temp_148, i32 %temp" [firmware/nnet_utils/nnet_hept.h:136]   --->   Operation 159 'store' 'store_ln136' <Predicate = (icmp_ln151 & trunc_ln147_16 == 0)> <Delay = 0.41>
ST_2 : Operation 160 [1/1] (0.00ns)   --->   "%br_ln154 = br void %if.end.2" [firmware/nnet_utils/nnet_hept.h:154]   --->   Operation 160 'br' 'br_ln154' <Predicate = (icmp_ln151 & trunc_ln147_16 == 0)> <Delay = 0.00>
ST_2 : Operation 161 [1/1] (0.38ns)   --->   "%store_ln147 = store i32 %j_17, i32 %j" [firmware/nnet_utils/nnet_hept.h:147]   --->   Operation 161 'store' 'store_ln147' <Predicate = (icmp_ln151 & trunc_ln147_16 == 7)> <Delay = 0.38>
ST_2 : Operation 162 [1/1] (0.41ns)   --->   "%store_ln136 = store i32 %temp_148, i32 %temp_146" [firmware/nnet_utils/nnet_hept.h:136]   --->   Operation 162 'store' 'store_ln136' <Predicate = (icmp_ln151 & trunc_ln147_16 == 7)> <Delay = 0.41>
ST_2 : Operation 163 [1/1] (0.00ns)   --->   "%br_ln154 = br void %if.end.2" [firmware/nnet_utils/nnet_hept.h:154]   --->   Operation 163 'br' 'br_ln154' <Predicate = (icmp_ln151 & trunc_ln147_16 == 7)> <Delay = 0.00>
ST_2 : Operation 164 [1/1] (0.00ns)   --->   "%i_18 = load i32 %i"   --->   Operation 164 'load' 'i_18' <Predicate = true> <Delay = 0.00>
ST_2 : Operation 165 [1/1] (0.00ns)   --->   "%j_18 = load i32 %j"   --->   Operation 165 'load' 'j_18' <Predicate = true> <Delay = 0.00>
ST_2 : Operation 166 [1/1] (0.00ns)   --->   "%tmp = partselect i30 @_ssdm_op_PartSelect.i30.i32.i32.i32, i32 %i_18, i32 2, i32 31" [firmware/nnet_utils/nnet_hept.h:149]   --->   Operation 166 'partselect' 'tmp' <Predicate = true> <Delay = 0.00>
ST_2 : Operation 167 [1/1] (0.86ns)   --->   "%icmp_ln149 = icmp_eq  i30 %tmp, i30 0" [firmware/nnet_utils/nnet_hept.h:149]   --->   Operation 167 'icmp' 'icmp_ln149' <Predicate = true> <Delay = 0.86> <CoreInst = "Cmp">   --->   Core 9 'Cmp' <Latency = 0> <II = 1> <Delay = 0.86> <FuncUnit> <Opcode : 'icmp'> <InPorts = 2> <OutPorts = 1>
ST_2 : Operation 168 [1/1] (0.00ns)   --->   "%tmp_2112 = partselect i29 @_ssdm_op_PartSelect.i29.i32.i32.i32, i32 %j_18, i32 3, i32 31" [firmware/nnet_utils/nnet_hept.h:149]   --->   Operation 168 'partselect' 'tmp_2112' <Predicate = true> <Delay = 0.00>
ST_2 : Operation 169 [1/1] (0.86ns)   --->   "%icmp_ln149_4 = icmp_eq  i29 %tmp_2112, i29 0" [firmware/nnet_utils/nnet_hept.h:149]   --->   Operation 169 'icmp' 'icmp_ln149_4' <Predicate = true> <Delay = 0.86> <CoreInst = "Cmp">   --->   Core 9 'Cmp' <Latency = 0> <II = 1> <Delay = 0.86> <FuncUnit> <Opcode : 'icmp'> <InPorts = 2> <OutPorts = 1>
ST_2 : Operation 170 [1/1] (0.12ns)   --->   "%and_ln149 = and i1 %icmp_ln149, i1 %icmp_ln149_4" [firmware/nnet_utils/nnet_hept.h:149]   --->   Operation 170 'and' 'and_ln149' <Predicate = true> <Delay = 0.12> <CoreInst = "LogicGate">   --->   Core 74 'LogicGate' <Latency = 0> <II = 1> <Delay = 0.12> <FuncUnit> <Opcode : 'and' 'or' 'xor'> <InPorts = 2> <OutPorts = 1>
ST_2 : Operation 171 [1/1] (0.88ns)   --->   "%add_ln149 = add i32 %indvars_iv2, i32 1" [firmware/nnet_utils/nnet_hept.h:149]   --->   Operation 171 'add' 'add_ln149' <Predicate = true> <Delay = 0.88> <CoreInst = "Adder">   --->   Core 1 'Adder' <Latency = 0> <II = 1> <Delay = 0.88> <FuncUnit> <Opcode : 'add' 'sub'> <InPorts = 2> <OutPorts = 1>
ST_2 : Operation 172 [1/1] (0.38ns)   --->   "%store_ln147 = store i32 %k_20, i32 %k" [firmware/nnet_utils/nnet_hept.h:147]   --->   Operation 172 'store' 'store_ln147' <Predicate = true> <Delay = 0.38>
ST_2 : Operation 173 [1/1] (0.00ns)   --->   "%br_ln149 = br i1 %and_ln149, void %VITIS_LOOP_157_4.2.exitStub, void %while.body.2" [firmware/nnet_utils/nnet_hept.h:149]   --->   Operation 173 'br' 'br_ln149' <Predicate = true> <Delay = 0.00>
ST_2 : Operation 174 [1/1] (0.00ns)   --->   "%temp_load = load i32 %temp"   --->   Operation 174 'load' 'temp_load' <Predicate = (!and_ln149)> <Delay = 0.00>
ST_2 : Operation 175 [1/1] (0.00ns)   --->   "%temp_140_load = load i32 %temp_140"   --->   Operation 175 'load' 'temp_140_load' <Predicate = (!and_ln149)> <Delay = 0.00>
ST_2 : Operation 176 [1/1] (0.00ns)   --->   "%temp_141_load = load i32 %temp_141"   --->   Operation 176 'load' 'temp_141_load' <Predicate = (!and_ln149)> <Delay = 0.00>
ST_2 : Operation 177 [1/1] (0.00ns)   --->   "%temp_142_load = load i32 %temp_142"   --->   Operation 177 'load' 'temp_142_load' <Predicate = (!and_ln149)> <Delay = 0.00>
ST_2 : Operation 178 [1/1] (0.00ns)   --->   "%temp_143_load = load i32 %temp_143"   --->   Operation 178 'load' 'temp_143_load' <Predicate = (!and_ln149)> <Delay = 0.00>
ST_2 : Operation 179 [1/1] (0.00ns)   --->   "%temp_144_load = load i32 %temp_144"   --->   Operation 179 'load' 'temp_144_load' <Predicate = (!and_ln149)> <Delay = 0.00>
ST_2 : Operation 180 [1/1] (0.00ns)   --->   "%temp_145_load = load i32 %temp_145"   --->   Operation 180 'load' 'temp_145_load' <Predicate = (!and_ln149)> <Delay = 0.00>
ST_2 : Operation 181 [1/1] (0.00ns)   --->   "%temp_146_load = load i32 %temp_146"   --->   Operation 181 'load' 'temp_146_load' <Predicate = (!and_ln149)> <Delay = 0.00>
ST_2 : Operation 182 [1/1] (0.00ns)   --->   "%write_ln149 = write void @_ssdm_op_Write.ap_auto.i32P0A, i32 %indvars_iv2_out, i32 %indvars_iv2" [firmware/nnet_utils/nnet_hept.h:149]   --->   Operation 182 'write' 'write_ln149' <Predicate = (!and_ln149)> <Delay = 0.00>
ST_2 : Operation 183 [1/1] (0.00ns)   --->   "%write_ln154 = write void @_ssdm_op_Write.ap_auto.i32P0A, i32 %k_50_out, i32 %k_20" [firmware/nnet_utils/nnet_hept.h:154]   --->   Operation 183 'write' 'write_ln154' <Predicate = (!and_ln149)> <Delay = 0.00>
ST_2 : Operation 184 [1/1] (0.00ns)   --->   "%write_ln0 = write void @_ssdm_op_Write.ap_auto.i32P0A, i32 %temp_409_out, i32 %temp_146_load"   --->   Operation 184 'write' 'write_ln0' <Predicate = (!and_ln149)> <Delay = 0.00>
ST_2 : Operation 185 [1/1] (0.00ns)   --->   "%write_ln0 = write void @_ssdm_op_Write.ap_auto.i32P0A, i32 %temp_408_out, i32 %temp_145_load"   --->   Operation 185 'write' 'write_ln0' <Predicate = (!and_ln149)> <Delay = 0.00>
ST_2 : Operation 186 [1/1] (0.00ns)   --->   "%write_ln0 = write void @_ssdm_op_Write.ap_auto.i32P0A, i32 %temp_407_out, i32 %temp_144_load"   --->   Operation 186 'write' 'write_ln0' <Predicate = (!and_ln149)> <Delay = 0.00>
ST_2 : Operation 187 [1/1] (0.00ns)   --->   "%write_ln0 = write void @_ssdm_op_Write.ap_auto.i32P0A, i32 %temp_406_out, i32 %temp_143_load"   --->   Operation 187 'write' 'write_ln0' <Predicate = (!and_ln149)> <Delay = 0.00>
ST_2 : Operation 188 [1/1] (0.00ns)   --->   "%write_ln0 = write void @_ssdm_op_Write.ap_auto.i32P0A, i32 %temp_405_out, i32 %temp_142_load"   --->   Operation 188 'write' 'write_ln0' <Predicate = (!and_ln149)> <Delay = 0.00>
ST_2 : Operation 189 [1/1] (0.00ns)   --->   "%write_ln0 = write void @_ssdm_op_Write.ap_auto.i32P0A, i32 %temp_404_out, i32 %temp_141_load"   --->   Operation 189 'write' 'write_ln0' <Predicate = (!and_ln149)> <Delay = 0.00>
ST_2 : Operation 190 [1/1] (0.00ns)   --->   "%write_ln0 = write void @_ssdm_op_Write.ap_auto.i32P0A, i32 %temp_403_out, i32 %temp_140_load"   --->   Operation 190 'write' 'write_ln0' <Predicate = (!and_ln149)> <Delay = 0.00>
ST_2 : Operation 191 [1/1] (0.00ns)   --->   "%write_ln0 = write void @_ssdm_op_Write.ap_auto.i32P0A, i32 %temp_402_out, i32 %temp_load"   --->   Operation 191 'write' 'write_ln0' <Predicate = (!and_ln149)> <Delay = 0.00>
ST_2 : Operation 192 [1/1] (0.00ns)   --->   "%write_ln0 = write void @_ssdm_op_Write.ap_auto.i32P0A, i32 %i_32_out, i32 %i_18"   --->   Operation 192 'write' 'write_ln0' <Predicate = (!and_ln149)> <Delay = 0.00>
ST_2 : Operation 193 [1/1] (0.00ns)   --->   "%write_ln0 = write void @_ssdm_op_Write.ap_auto.i32P0A, i32 %j_27_out, i32 %j_18"   --->   Operation 193 'write' 'write_ln0' <Predicate = (!and_ln149)> <Delay = 0.00>
ST_2 : Operation 194 [1/1] (0.00ns)   --->   "%write_ln149 = write void @_ssdm_op_Write.ap_auto.i1P0A, i1 %icmp20_out, i1 %icmp_ln149" [firmware/nnet_utils/nnet_hept.h:149]   --->   Operation 194 'write' 'write_ln149' <Predicate = (!and_ln149)> <Delay = 0.00>
ST_2 : Operation 195 [1/1] (0.00ns)   --->   "%write_ln149 = write void @_ssdm_op_Write.ap_auto.i1P0A, i1 %icmp23_out, i1 %icmp_ln149_4" [firmware/nnet_utils/nnet_hept.h:149]   --->   Operation 195 'write' 'write_ln149' <Predicate = (!and_ln149)> <Delay = 0.00>
ST_2 : Operation 196 [1/1] (0.00ns)   --->   "%ret_ln0 = ret"   --->   Operation 196 'ret' 'ret_ln0' <Predicate = (!and_ln149)> <Delay = 0.00>


============================================================
+ Verbose Summary: Timing violations
============================================================
Target clock period: 5.000ns, clock uncertainty: 0.625ns.

 <State 1>: 0.420ns
The critical path consists of the following:
	'alloca' operation 32 bit ('temp', firmware/nnet_utils/nnet_hept.h:136) [88]  (0.000 ns)
	'store' operation 0 bit ('store_ln136', firmware/nnet_utils/nnet_hept.h:136) of variable 'temp_382_read' on local variable 'temp', firmware/nnet_utils/nnet_hept.h:136 [158]  (0.420 ns)

 <State 2>: 4.202ns
The critical path consists of the following:
	'load' operation 32 bit ('i', firmware/nnet_utils/nnet_hept.h:147) on local variable 'i', firmware/nnet_utils/nnet_hept.h:147 [171]  (0.000 ns)
	'sparsemux' operation 32 bit ('temp', firmware/nnet_utils/nnet_hept.h:151) [178]  (0.584 ns)
	'add' operation 6 bit ('add_ln151', firmware/nnet_utils/nnet_hept.h:151) [181]  (0.706 ns)
	'sparsemux' operation 16 bit ('tmp_590', firmware/nnet_utils/nnet_hept.h:151) [182]  (0.749 ns)
	'icmp' operation 1 bit ('icmp_ln151', firmware/nnet_utils/nnet_hept.h:151) [186]  (0.785 ns)
	'store' operation 0 bit ('store_ln147', firmware/nnet_utils/nnet_hept.h:147) of variable 'i', firmware/nnet_utils/nnet_hept.h:152 on local variable 'i', firmware/nnet_utils/nnet_hept.h:147 [193]  (0.387 ns)
	'load' operation 32 bit ('i') on local variable 'i', firmware/nnet_utils/nnet_hept.h:147 [260]  (0.000 ns)
	'icmp' operation 1 bit ('icmp_ln149', firmware/nnet_utils/nnet_hept.h:149) [263]  (0.868 ns)
	'and' operation 1 bit ('and_ln149', firmware/nnet_utils/nnet_hept.h:149) [266]  (0.122 ns)
	blocking operation 8.88178e-16 ns on control path)


============================================================
+ Verbose Summary: Binding
============================================================
N/A
* FSMD analyzer results:
  - Output states:
 - Input state : 
  - Chain level:
	State 1
	State 2


============================================================
+ Verbose Summary: Datapath Resource usage 
============================================================
N/A
