

================================================================
== Vitis HLS Report for 'merge_sort_ap_fixed_16_6_5_3_0_config5_Pipeline_VITIS_LOOP_157_4'
================================================================
* Date:           Tue Mar  4 14:23:38 2025

* Version:        2023.2 (Build 4023990 on Oct 11 2023)
* Project:        myproject_prj
* Solution:       solution1 (Vivado IP Flow Target)
* Product family: virtexuplus
* Target device:  xcvu13p-flga2577-2-e


================================================================
== Performance Estimates
================================================================
+ Timing: 
    * Summary: 
    +--------+---------+----------+------------+
    |  Clock |  Target | Estimated| Uncertainty|
    +--------+---------+----------+------------+
    |ap_clk  |  5.00 ns|  1.267 ns|     0.62 ns|
    +--------+---------+----------+------------+

+ Latency: 
    * Summary: 
    +---------+---------+----------+----------+-----+-----+---------+
    |  Latency (cycles) |  Latency (absolute) |  Interval | Pipeline|
    |   min   |   max   |    min   |    max   | min | max |   Type  |
    +---------+---------+----------+----------+-----+-----+---------+
    |        ?|        ?|         ?|         ?|    ?|    ?|       no|
    +---------+---------+----------+----------+-----+-----+---------+

    + Detail: 
        * Instance: 
        N/A

        * Loop: 
        +--------------------+---------+---------+----------+-----------+-----------+------+----------+
        |                    |  Latency (cycles) | Iteration|  Initiation Interval  | Trip |          |
        |      Loop Name     |   min   |   max   |  Latency |  achieved |   target  | Count| Pipelined|
        +--------------------+---------+---------+----------+-----------+-----------+------+----------+
        |- VITIS_LOOP_157_4  |        ?|        ?|         1|          1|          1|     ?|       yes|
        +--------------------+---------+---------+----------+-----------+-----------+------+----------+

============================================================
+ Verbose Summary: Synthesis Manager
============================================================
InlineROM: 1
ExposeGlobal: 0
============================================================
+ Verbose Summary: CDFG Model
============================================================
IsTopModel: 0
ResetActiveHigh: 1
IsCombinational: 0
IsDatapathOnly: 0
HasWiredReturn: 1
HasMFsm: 2
HasVarLatency: 1
IsPipeline: 0
IsRtlPipelined: 0
IsInstanceOverlapped: 0
IsDontTouch: 0
HasImplIP: 0
IsGatedGlobalClock: 0

+ Individual pipeline summary: 
  * Pipeline-0: initiation interval (II) = 1, depth = 2


============================================================
+ Verbose Summary: Schedule
============================================================
* Number of FSM states : 2
* Pipeline : 1
  Pipeline-0 : II = 1, D = 2, States = { 1 2 }
* Dataflow Pipeline: 0

* FSM state transitions: 
1 --> 2 
2 --> 

* FSM state operations: 

State 1 <SV = 0> <Delay = 0.38>
ST_1 : Operation 4 [1/1] (0.00ns)   --->   "%k_8 = alloca i32 1" [firmware/nnet_utils/nnet_hept.h:147]   --->   Operation 4 'alloca' 'k_8' <Predicate = true> <Delay = 0.00>
ST_1 : Operation 5 [1/1] (0.00ns)   --->   "%i = alloca i32 1" [firmware/nnet_utils/nnet_hept.h:147]   --->   Operation 5 'alloca' 'i' <Predicate = true> <Delay = 0.00>
ST_1 : Operation 6 [1/1] (0.00ns)   --->   "%temp_70 = alloca i32 1" [firmware/nnet_utils/nnet_hept.h:136]   --->   Operation 6 'alloca' 'temp_70' <Predicate = true> <Delay = 0.00>
ST_1 : Operation 7 [1/1] (0.00ns)   --->   "%temp_71 = alloca i32 1" [firmware/nnet_utils/nnet_hept.h:136]   --->   Operation 7 'alloca' 'temp_71' <Predicate = true> <Delay = 0.00>
ST_1 : Operation 8 [1/1] (0.00ns)   --->   "%temp_72 = alloca i32 1" [firmware/nnet_utils/nnet_hept.h:136]   --->   Operation 8 'alloca' 'temp_72' <Predicate = true> <Delay = 0.00>
ST_1 : Operation 9 [1/1] (0.00ns)   --->   "%temp_73 = alloca i32 1" [firmware/nnet_utils/nnet_hept.h:136]   --->   Operation 9 'alloca' 'temp_73' <Predicate = true> <Delay = 0.00>
ST_1 : Operation 10 [1/1] (0.00ns)   --->   "%temp_74 = alloca i32 1" [firmware/nnet_utils/nnet_hept.h:136]   --->   Operation 10 'alloca' 'temp_74' <Predicate = true> <Delay = 0.00>
ST_1 : Operation 11 [1/1] (0.00ns)   --->   "%temp_75 = alloca i32 1" [firmware/nnet_utils/nnet_hept.h:136]   --->   Operation 11 'alloca' 'temp_75' <Predicate = true> <Delay = 0.00>
ST_1 : Operation 12 [1/1] (0.00ns)   --->   "%temp_76 = alloca i32 1" [firmware/nnet_utils/nnet_hept.h:136]   --->   Operation 12 'alloca' 'temp_76' <Predicate = true> <Delay = 0.00>
ST_1 : Operation 13 [1/1] (0.00ns)   --->   "%temp_77 = alloca i32 1" [firmware/nnet_utils/nnet_hept.h:136]   --->   Operation 13 'alloca' 'temp_77' <Predicate = true> <Delay = 0.00>
ST_1 : Operation 14 [1/1] (0.00ns)   --->   "%mux_case_27919_read = read i32 @_ssdm_op_Read.ap_auto.i32, i32 %mux_case_27919"   --->   Operation 14 'read' 'mux_case_27919_read' <Predicate = true> <Delay = 0.00>
ST_1 : Operation 15 [1/1] (0.00ns)   --->   "%mux_case_17815_read = read i32 @_ssdm_op_Read.ap_auto.i32, i32 %mux_case_17815"   --->   Operation 15 'read' 'mux_case_17815_read' <Predicate = true> <Delay = 0.00>
ST_1 : Operation 16 [1/1] (0.00ns)   --->   "%mux_case_07711_read = read i32 @_ssdm_op_Read.ap_auto.i32, i32 %mux_case_07711"   --->   Operation 16 'read' 'mux_case_07711_read' <Predicate = true> <Delay = 0.00>
ST_1 : Operation 17 [1/1] (0.00ns)   --->   "%k_6_reload_read = read i32 @_ssdm_op_Read.ap_auto.i32, i32 %k_6_reload"   --->   Operation 17 'read' 'k_6_reload_read' <Predicate = true> <Delay = 0.00>
ST_1 : Operation 18 [1/1] (0.00ns)   --->   "%tmp = read i2 @_ssdm_op_Read.ap_auto.i2, i2 %empty"   --->   Operation 18 'read' 'tmp' <Predicate = true> <Delay = 0.00>
ST_1 : Operation 19 [1/1] (0.00ns)   --->   "%temp_62_reload_read = read i32 @_ssdm_op_Read.ap_auto.i32, i32 %temp_62_reload"   --->   Operation 19 'read' 'temp_62_reload_read' <Predicate = true> <Delay = 0.00>
ST_1 : Operation 20 [1/1] (0.00ns)   --->   "%temp_63_reload_read = read i32 @_ssdm_op_Read.ap_auto.i32, i32 %temp_63_reload"   --->   Operation 20 'read' 'temp_63_reload_read' <Predicate = true> <Delay = 0.00>
ST_1 : Operation 21 [1/1] (0.00ns)   --->   "%temp_64_reload_read = read i32 @_ssdm_op_Read.ap_auto.i32, i32 %temp_64_reload"   --->   Operation 21 'read' 'temp_64_reload_read' <Predicate = true> <Delay = 0.00>
ST_1 : Operation 22 [1/1] (0.00ns)   --->   "%temp_65_reload_read = read i32 @_ssdm_op_Read.ap_auto.i32, i32 %temp_65_reload"   --->   Operation 22 'read' 'temp_65_reload_read' <Predicate = true> <Delay = 0.00>
ST_1 : Operation 23 [1/1] (0.00ns)   --->   "%temp_66_reload_read = read i32 @_ssdm_op_Read.ap_auto.i32, i32 %temp_66_reload"   --->   Operation 23 'read' 'temp_66_reload_read' <Predicate = true> <Delay = 0.00>
ST_1 : Operation 24 [1/1] (0.00ns)   --->   "%temp_67_reload_read = read i32 @_ssdm_op_Read.ap_auto.i32, i32 %temp_67_reload"   --->   Operation 24 'read' 'temp_67_reload_read' <Predicate = true> <Delay = 0.00>
ST_1 : Operation 25 [1/1] (0.00ns)   --->   "%temp_68_reload_read = read i32 @_ssdm_op_Read.ap_auto.i32, i32 %temp_68_reload"   --->   Operation 25 'read' 'temp_68_reload_read' <Predicate = true> <Delay = 0.00>
ST_1 : Operation 26 [1/1] (0.00ns)   --->   "%temp_69_reload_read = read i32 @_ssdm_op_Read.ap_auto.i32, i32 %temp_69_reload"   --->   Operation 26 'read' 'temp_69_reload_read' <Predicate = true> <Delay = 0.00>
ST_1 : Operation 27 [1/1] (0.38ns)   --->   "%store_ln136 = store i32 %temp_69_reload_read, i32 %temp_77" [firmware/nnet_utils/nnet_hept.h:136]   --->   Operation 27 'store' 'store_ln136' <Predicate = true> <Delay = 0.38>
ST_1 : Operation 28 [1/1] (0.38ns)   --->   "%store_ln136 = store i32 %temp_68_reload_read, i32 %temp_76" [firmware/nnet_utils/nnet_hept.h:136]   --->   Operation 28 'store' 'store_ln136' <Predicate = true> <Delay = 0.38>
ST_1 : Operation 29 [1/1] (0.38ns)   --->   "%store_ln136 = store i32 %temp_67_reload_read, i32 %temp_75" [firmware/nnet_utils/nnet_hept.h:136]   --->   Operation 29 'store' 'store_ln136' <Predicate = true> <Delay = 0.38>
ST_1 : Operation 30 [1/1] (0.38ns)   --->   "%store_ln136 = store i32 %temp_66_reload_read, i32 %temp_74" [firmware/nnet_utils/nnet_hept.h:136]   --->   Operation 30 'store' 'store_ln136' <Predicate = true> <Delay = 0.38>
ST_1 : Operation 31 [1/1] (0.38ns)   --->   "%store_ln136 = store i32 %temp_65_reload_read, i32 %temp_73" [firmware/nnet_utils/nnet_hept.h:136]   --->   Operation 31 'store' 'store_ln136' <Predicate = true> <Delay = 0.38>
ST_1 : Operation 32 [1/1] (0.38ns)   --->   "%store_ln136 = store i32 %temp_64_reload_read, i32 %temp_72" [firmware/nnet_utils/nnet_hept.h:136]   --->   Operation 32 'store' 'store_ln136' <Predicate = true> <Delay = 0.38>
ST_1 : Operation 33 [1/1] (0.38ns)   --->   "%store_ln136 = store i32 %temp_63_reload_read, i32 %temp_71" [firmware/nnet_utils/nnet_hept.h:136]   --->   Operation 33 'store' 'store_ln136' <Predicate = true> <Delay = 0.38>
ST_1 : Operation 34 [1/1] (0.38ns)   --->   "%store_ln136 = store i32 %temp_62_reload_read, i32 %temp_70" [firmware/nnet_utils/nnet_hept.h:136]   --->   Operation 34 'store' 'store_ln136' <Predicate = true> <Delay = 0.38>
ST_1 : Operation 35 [1/1] (0.38ns)   --->   "%store_ln147 = store i2 %tmp, i2 %i" [firmware/nnet_utils/nnet_hept.h:147]   --->   Operation 35 'store' 'store_ln147' <Predicate = true> <Delay = 0.38>
ST_1 : Operation 36 [1/1] (0.38ns)   --->   "%store_ln147 = store i32 %k_6_reload_read, i32 %k_8" [firmware/nnet_utils/nnet_hept.h:147]   --->   Operation 36 'store' 'store_ln147' <Predicate = true> <Delay = 0.38>
ST_1 : Operation 37 [1/1] (0.00ns)   --->   "%br_ln0 = br void %while.body45.145"   --->   Operation 37 'br' 'br_ln0' <Predicate = true> <Delay = 0.00>

State 2 <SV = 1> <Delay = 1.26>
ST_2 : Operation 38 [1/1] (0.00ns)   --->   "%i_7 = load i2 %i" [firmware/nnet_utils/nnet_hept.h:159]   --->   Operation 38 'load' 'i_7' <Predicate = true> <Delay = 0.00>
ST_2 : Operation 39 [1/1] (0.43ns)   --->   "%icmp_ln157 = icmp_eq  i2 %i_7, i2 3" [firmware/nnet_utils/nnet_hept.h:157]   --->   Operation 39 'icmp' 'icmp_ln157' <Predicate = true> <Delay = 0.43> <CoreInst = "Cmp">   --->   Core 9 'Cmp' <Latency = 0> <II = 1> <Delay = 0.43> <FuncUnit> <Opcode : 'icmp'> <InPorts = 2> <OutPorts = 1>
ST_2 : Operation 40 [1/1] (0.00ns)   --->   "%br_ln157 = br i1 %icmp_ln157, void %while.body45.145.split, void %VITIS_LOOP_161_51.loopexit.exitStub" [firmware/nnet_utils/nnet_hept.h:157]   --->   Operation 40 'br' 'br_ln157' <Predicate = true> <Delay = 0.00>
ST_2 : Operation 41 [1/1] (0.00ns)   --->   "%k_8_load = load i32 %k_8" [firmware/nnet_utils/nnet_hept.h:147]   --->   Operation 41 'load' 'k_8_load' <Predicate = (!icmp_ln157)> <Delay = 0.00>
ST_2 : Operation 42 [1/1] (0.00ns)   --->   "%specpipeline_ln158 = specpipeline void @_ssdm_op_SpecPipeline, i32 4294967295, i32 0, i32 0, i32 0, void @empty_0" [firmware/nnet_utils/nnet_hept.h:158]   --->   Operation 42 'specpipeline' 'specpipeline_ln158' <Predicate = (!icmp_ln157)> <Delay = 0.00>
ST_2 : Operation 43 [1/1] (0.00ns)   --->   "%specloopname_ln157 = specloopname void @_ssdm_op_SpecLoopName, void @empty_4" [firmware/nnet_utils/nnet_hept.h:157]   --->   Operation 43 'specloopname' 'specloopname_ln157' <Predicate = (!icmp_ln157)> <Delay = 0.00>
ST_2 : Operation 44 [1/1] (0.00ns)   --->   "%trunc_ln147 = trunc i32 %k_8_load" [firmware/nnet_utils/nnet_hept.h:147]   --->   Operation 44 'trunc' 'trunc_ln147' <Predicate = (!icmp_ln157)> <Delay = 0.00>
ST_2 : Operation 45 [1/1] (0.43ns)   --->   "%add_ln159_1 = add i2 %i_7, i2 1" [firmware/nnet_utils/nnet_hept.h:159]   --->   Operation 45 'add' 'add_ln159_1' <Predicate = (!icmp_ln157)> <Delay = 0.43> <CoreInst = "Adder">   --->   Core 1 'Adder' <Latency = 0> <II = 1> <Delay = 0.43> <FuncUnit> <Opcode : 'add' 'sub'> <InPorts = 2> <OutPorts = 1>
ST_2 : Operation 46 [1/1] (0.41ns)   --->   "%temp = sparsemux i32 @_ssdm_op_SparseMux.ap_auto.3i32.i32.i2, i2 0, i32 %mux_case_07711_read, i2 1, i32 %mux_case_17815_read, i2 2, i32 %mux_case_27919_read, i32 0, i2 %i_7" [firmware/nnet_utils/nnet_hept.h:159]   --->   Operation 46 'sparsemux' 'temp' <Predicate = (!icmp_ln157)> <Delay = 0.41> <CoreInst = "SparseMux">   --->   Core 147 'SparseMux' <Latency = 0> <II = 1> <Delay = 0.41> <FuncUnit> <Opcode : 'sparsemux'> <InPorts = 2> <OutPorts = 1>
ST_2 : Operation 47 [1/1] (0.88ns)   --->   "%k = add i32 %k_8_load, i32 1" [firmware/nnet_utils/nnet_hept.h:159]   --->   Operation 47 'add' 'k' <Predicate = (!icmp_ln157)> <Delay = 0.88> <CoreInst = "Adder">   --->   Core 1 'Adder' <Latency = 0> <II = 1> <Delay = 0.88> <FuncUnit> <Opcode : 'add' 'sub'> <InPorts = 2> <OutPorts = 1>
ST_2 : Operation 48 [1/1] (0.67ns)   --->   "%switch_ln159 = switch i3 %trunc_ln147, void %arrayidx51.143.case.7, i3 0, void %while.body45.145.split.arrayidx51.143.exit_crit_edge14, i3 1, void %arrayidx51.143.case.1, i3 2, void %arrayidx51.143.case.2, i3 3, void %arrayidx51.143.case.3, i3 4, void %arrayidx51.143.case.4, i3 5, void %arrayidx51.143.case.5, i3 6, void %while.body45.145.split.arrayidx51.143.exit_crit_edge" [firmware/nnet_utils/nnet_hept.h:159]   --->   Operation 48 'switch' 'switch_ln159' <Predicate = (!icmp_ln157)> <Delay = 0.67>
ST_2 : Operation 49 [1/1] (0.38ns)   --->   "%store_ln136 = store i32 %temp, i32 %temp_76" [firmware/nnet_utils/nnet_hept.h:136]   --->   Operation 49 'store' 'store_ln136' <Predicate = (!icmp_ln157 & trunc_ln147 == 6)> <Delay = 0.38>
ST_2 : Operation 50 [1/1] (0.00ns)   --->   "%br_ln159 = br void %arrayidx51.143.exit" [firmware/nnet_utils/nnet_hept.h:159]   --->   Operation 50 'br' 'br_ln159' <Predicate = (!icmp_ln157 & trunc_ln147 == 6)> <Delay = 0.00>
ST_2 : Operation 51 [1/1] (0.38ns)   --->   "%store_ln136 = store i32 %temp, i32 %temp_75" [firmware/nnet_utils/nnet_hept.h:136]   --->   Operation 51 'store' 'store_ln136' <Predicate = (!icmp_ln157 & trunc_ln147 == 5)> <Delay = 0.38>
ST_2 : Operation 52 [1/1] (0.00ns)   --->   "%br_ln159 = br void %arrayidx51.143.exit" [firmware/nnet_utils/nnet_hept.h:159]   --->   Operation 52 'br' 'br_ln159' <Predicate = (!icmp_ln157 & trunc_ln147 == 5)> <Delay = 0.00>
ST_2 : Operation 53 [1/1] (0.38ns)   --->   "%store_ln136 = store i32 %temp, i32 %temp_74" [firmware/nnet_utils/nnet_hept.h:136]   --->   Operation 53 'store' 'store_ln136' <Predicate = (!icmp_ln157 & trunc_ln147 == 4)> <Delay = 0.38>
ST_2 : Operation 54 [1/1] (0.00ns)   --->   "%br_ln159 = br void %arrayidx51.143.exit" [firmware/nnet_utils/nnet_hept.h:159]   --->   Operation 54 'br' 'br_ln159' <Predicate = (!icmp_ln157 & trunc_ln147 == 4)> <Delay = 0.00>
ST_2 : Operation 55 [1/1] (0.38ns)   --->   "%store_ln136 = store i32 %temp, i32 %temp_73" [firmware/nnet_utils/nnet_hept.h:136]   --->   Operation 55 'store' 'store_ln136' <Predicate = (!icmp_ln157 & trunc_ln147 == 3)> <Delay = 0.38>
ST_2 : Operation 56 [1/1] (0.00ns)   --->   "%br_ln159 = br void %arrayidx51.143.exit" [firmware/nnet_utils/nnet_hept.h:159]   --->   Operation 56 'br' 'br_ln159' <Predicate = (!icmp_ln157 & trunc_ln147 == 3)> <Delay = 0.00>
ST_2 : Operation 57 [1/1] (0.38ns)   --->   "%store_ln136 = store i32 %temp, i32 %temp_72" [firmware/nnet_utils/nnet_hept.h:136]   --->   Operation 57 'store' 'store_ln136' <Predicate = (!icmp_ln157 & trunc_ln147 == 2)> <Delay = 0.38>
ST_2 : Operation 58 [1/1] (0.00ns)   --->   "%br_ln159 = br void %arrayidx51.143.exit" [firmware/nnet_utils/nnet_hept.h:159]   --->   Operation 58 'br' 'br_ln159' <Predicate = (!icmp_ln157 & trunc_ln147 == 2)> <Delay = 0.00>
ST_2 : Operation 59 [1/1] (0.38ns)   --->   "%store_ln136 = store i32 %temp, i32 %temp_71" [firmware/nnet_utils/nnet_hept.h:136]   --->   Operation 59 'store' 'store_ln136' <Predicate = (!icmp_ln157 & trunc_ln147 == 1)> <Delay = 0.38>
ST_2 : Operation 60 [1/1] (0.00ns)   --->   "%br_ln159 = br void %arrayidx51.143.exit" [firmware/nnet_utils/nnet_hept.h:159]   --->   Operation 60 'br' 'br_ln159' <Predicate = (!icmp_ln157 & trunc_ln147 == 1)> <Delay = 0.00>
ST_2 : Operation 61 [1/1] (0.38ns)   --->   "%store_ln136 = store i32 %temp, i32 %temp_70" [firmware/nnet_utils/nnet_hept.h:136]   --->   Operation 61 'store' 'store_ln136' <Predicate = (!icmp_ln157 & trunc_ln147 == 0)> <Delay = 0.38>
ST_2 : Operation 62 [1/1] (0.00ns)   --->   "%br_ln159 = br void %arrayidx51.143.exit" [firmware/nnet_utils/nnet_hept.h:159]   --->   Operation 62 'br' 'br_ln159' <Predicate = (!icmp_ln157 & trunc_ln147 == 0)> <Delay = 0.00>
ST_2 : Operation 63 [1/1] (0.38ns)   --->   "%store_ln136 = store i32 %temp, i32 %temp_77" [firmware/nnet_utils/nnet_hept.h:136]   --->   Operation 63 'store' 'store_ln136' <Predicate = (!icmp_ln157 & trunc_ln147 == 7)> <Delay = 0.38>
ST_2 : Operation 64 [1/1] (0.00ns)   --->   "%br_ln159 = br void %arrayidx51.143.exit" [firmware/nnet_utils/nnet_hept.h:159]   --->   Operation 64 'br' 'br_ln159' <Predicate = (!icmp_ln157 & trunc_ln147 == 7)> <Delay = 0.00>
ST_2 : Operation 65 [1/1] (0.38ns)   --->   "%store_ln147 = store i2 %add_ln159_1, i2 %i" [firmware/nnet_utils/nnet_hept.h:147]   --->   Operation 65 'store' 'store_ln147' <Predicate = (!icmp_ln157)> <Delay = 0.38>
ST_2 : Operation 66 [1/1] (0.38ns)   --->   "%store_ln147 = store i32 %k, i32 %k_8" [firmware/nnet_utils/nnet_hept.h:147]   --->   Operation 66 'store' 'store_ln147' <Predicate = (!icmp_ln157)> <Delay = 0.38>
ST_2 : Operation 67 [1/1] (0.00ns)   --->   "%br_ln157 = br void %while.body45.145" [firmware/nnet_utils/nnet_hept.h:157]   --->   Operation 67 'br' 'br_ln157' <Predicate = (!icmp_ln157)> <Delay = 0.00>
ST_2 : Operation 68 [1/1] (0.00ns)   --->   "%temp_70_load = load i32 %temp_70"   --->   Operation 68 'load' 'temp_70_load' <Predicate = (icmp_ln157)> <Delay = 0.00>
ST_2 : Operation 69 [1/1] (0.00ns)   --->   "%temp_71_load = load i32 %temp_71"   --->   Operation 69 'load' 'temp_71_load' <Predicate = (icmp_ln157)> <Delay = 0.00>
ST_2 : Operation 70 [1/1] (0.00ns)   --->   "%temp_72_load = load i32 %temp_72"   --->   Operation 70 'load' 'temp_72_load' <Predicate = (icmp_ln157)> <Delay = 0.00>
ST_2 : Operation 71 [1/1] (0.00ns)   --->   "%temp_73_load = load i32 %temp_73"   --->   Operation 71 'load' 'temp_73_load' <Predicate = (icmp_ln157)> <Delay = 0.00>
ST_2 : Operation 72 [1/1] (0.00ns)   --->   "%temp_74_load = load i32 %temp_74"   --->   Operation 72 'load' 'temp_74_load' <Predicate = (icmp_ln157)> <Delay = 0.00>
ST_2 : Operation 73 [1/1] (0.00ns)   --->   "%temp_75_load = load i32 %temp_75"   --->   Operation 73 'load' 'temp_75_load' <Predicate = (icmp_ln157)> <Delay = 0.00>
ST_2 : Operation 74 [1/1] (0.00ns)   --->   "%temp_76_load = load i32 %temp_76"   --->   Operation 74 'load' 'temp_76_load' <Predicate = (icmp_ln157)> <Delay = 0.00>
ST_2 : Operation 75 [1/1] (0.00ns)   --->   "%temp_77_load = load i32 %temp_77"   --->   Operation 75 'load' 'temp_77_load' <Predicate = (icmp_ln157)> <Delay = 0.00>
ST_2 : Operation 76 [1/1] (0.00ns)   --->   "%write_ln0 = write void @_ssdm_op_Write.ap_auto.i32P0A, i32 %temp_77_out, i32 %temp_77_load"   --->   Operation 76 'write' 'write_ln0' <Predicate = (icmp_ln157)> <Delay = 0.00>
ST_2 : Operation 77 [1/1] (0.00ns)   --->   "%write_ln0 = write void @_ssdm_op_Write.ap_auto.i32P0A, i32 %temp_76_out, i32 %temp_76_load"   --->   Operation 77 'write' 'write_ln0' <Predicate = (icmp_ln157)> <Delay = 0.00>
ST_2 : Operation 78 [1/1] (0.00ns)   --->   "%write_ln0 = write void @_ssdm_op_Write.ap_auto.i32P0A, i32 %temp_75_out, i32 %temp_75_load"   --->   Operation 78 'write' 'write_ln0' <Predicate = (icmp_ln157)> <Delay = 0.00>
ST_2 : Operation 79 [1/1] (0.00ns)   --->   "%write_ln0 = write void @_ssdm_op_Write.ap_auto.i32P0A, i32 %temp_74_out, i32 %temp_74_load"   --->   Operation 79 'write' 'write_ln0' <Predicate = (icmp_ln157)> <Delay = 0.00>
ST_2 : Operation 80 [1/1] (0.00ns)   --->   "%write_ln0 = write void @_ssdm_op_Write.ap_auto.i32P0A, i32 %temp_73_out, i32 %temp_73_load"   --->   Operation 80 'write' 'write_ln0' <Predicate = (icmp_ln157)> <Delay = 0.00>
ST_2 : Operation 81 [1/1] (0.00ns)   --->   "%write_ln0 = write void @_ssdm_op_Write.ap_auto.i32P0A, i32 %temp_72_out, i32 %temp_72_load"   --->   Operation 81 'write' 'write_ln0' <Predicate = (icmp_ln157)> <Delay = 0.00>
ST_2 : Operation 82 [1/1] (0.00ns)   --->   "%write_ln0 = write void @_ssdm_op_Write.ap_auto.i32P0A, i32 %temp_71_out, i32 %temp_71_load"   --->   Operation 82 'write' 'write_ln0' <Predicate = (icmp_ln157)> <Delay = 0.00>
ST_2 : Operation 83 [1/1] (0.00ns)   --->   "%write_ln0 = write void @_ssdm_op_Write.ap_auto.i32P0A, i32 %temp_70_out, i32 %temp_70_load"   --->   Operation 83 'write' 'write_ln0' <Predicate = (icmp_ln157)> <Delay = 0.00>
ST_2 : Operation 84 [1/1] (0.00ns)   --->   "%ret_ln0 = ret"   --->   Operation 84 'ret' 'ret_ln0' <Predicate = (icmp_ln157)> <Delay = 0.00>


============================================================
+ Verbose Summary: Binding
============================================================
STG Binding: 
---------------- STG Properties BEGIN ----------------
- Is combinational: 0
- Is one-state seq: 0
- Is datapath-only: 0
- Is pipelined: 0
- Is top level: 0
Port [ Return ] is wired: 1; IO mode=ap_ctrl_hs:ce=0
Port [ temp_69_reload]:  wired=1; compound=0; hidden=0; nouse=0; global=0; static=0; extern=0; dir=0; type=0; pingpong=0; private_global=0; IO mode=ap_none:ce=0
Port [ temp_68_reload]:  wired=1; compound=0; hidden=0; nouse=0; global=0; static=0; extern=0; dir=0; type=0; pingpong=0; private_global=0; IO mode=ap_none:ce=0
Port [ temp_67_reload]:  wired=1; compound=0; hidden=0; nouse=0; global=0; static=0; extern=0; dir=0; type=0; pingpong=0; private_global=0; IO mode=ap_none:ce=0
Port [ temp_66_reload]:  wired=1; compound=0; hidden=0; nouse=0; global=0; static=0; extern=0; dir=0; type=0; pingpong=0; private_global=0; IO mode=ap_none:ce=0
Port [ temp_65_reload]:  wired=1; compound=0; hidden=0; nouse=0; global=0; static=0; extern=0; dir=0; type=0; pingpong=0; private_global=0; IO mode=ap_none:ce=0
Port [ temp_64_reload]:  wired=1; compound=0; hidden=0; nouse=0; global=0; static=0; extern=0; dir=0; type=0; pingpong=0; private_global=0; IO mode=ap_none:ce=0
Port [ temp_63_reload]:  wired=1; compound=0; hidden=0; nouse=0; global=0; static=0; extern=0; dir=0; type=0; pingpong=0; private_global=0; IO mode=ap_none:ce=0
Port [ temp_62_reload]:  wired=1; compound=0; hidden=0; nouse=0; global=0; static=0; extern=0; dir=0; type=0; pingpong=0; private_global=0; IO mode=ap_none:ce=0
Port [ empty]:  wired=1; compound=0; hidden=0; nouse=0; global=0; static=0; extern=0; dir=0; type=0; pingpong=0; private_global=0; IO mode=ap_none:ce=0
Port [ k_6_reload]:  wired=1; compound=0; hidden=0; nouse=0; global=0; static=0; extern=0; dir=0; type=0; pingpong=0; private_global=0; IO mode=ap_none:ce=0
Port [ mux_case_07711]:  wired=1; compound=0; hidden=0; nouse=0; global=0; static=0; extern=0; dir=0; type=0; pingpong=0; private_global=0; IO mode=ap_none:ce=0
Port [ mux_case_17815]:  wired=1; compound=0; hidden=0; nouse=0; global=0; static=0; extern=0; dir=0; type=0; pingpong=0; private_global=0; IO mode=ap_none:ce=0
Port [ mux_case_27919]:  wired=1; compound=0; hidden=0; nouse=0; global=0; static=0; extern=0; dir=0; type=0; pingpong=0; private_global=0; IO mode=ap_none:ce=0
Port [ temp_77_out]:  wired=1; compound=0; hidden=0; nouse=0; global=0; static=0; extern=0; dir=1; type=0; pingpong=0; private_global=0; IO mode=ap_vld:ce=0
Port [ temp_76_out]:  wired=1; compound=0; hidden=0; nouse=0; global=0; static=0; extern=0; dir=1; type=0; pingpong=0; private_global=0; IO mode=ap_vld:ce=0
Port [ temp_75_out]:  wired=1; compound=0; hidden=0; nouse=0; global=0; static=0; extern=0; dir=1; type=0; pingpong=0; private_global=0; IO mode=ap_vld:ce=0
Port [ temp_74_out]:  wired=1; compound=0; hidden=0; nouse=0; global=0; static=0; extern=0; dir=1; type=0; pingpong=0; private_global=0; IO mode=ap_vld:ce=0
Port [ temp_73_out]:  wired=1; compound=0; hidden=0; nouse=0; global=0; static=0; extern=0; dir=1; type=0; pingpong=0; private_global=0; IO mode=ap_vld:ce=0
Port [ temp_72_out]:  wired=1; compound=0; hidden=0; nouse=0; global=0; static=0; extern=0; dir=1; type=0; pingpong=0; private_global=0; IO mode=ap_vld:ce=0
Port [ temp_71_out]:  wired=1; compound=0; hidden=0; nouse=0; global=0; static=0; extern=0; dir=1; type=0; pingpong=0; private_global=0; IO mode=ap_vld:ce=0
Port [ temp_70_out]:  wired=1; compound=0; hidden=0; nouse=0; global=0; static=0; extern=0; dir=1; type=0; pingpong=0; private_global=0; IO mode=ap_vld:ce=0
---------------- STG Properties END ------------------

---------------- Datapath Model BEGIN ----------------

<LifeTime>
<method=bitvector/>
k_8                 (alloca      ) [ 011]
i                   (alloca      ) [ 011]
temp_70             (alloca      ) [ 011]
temp_71             (alloca      ) [ 011]
temp_72             (alloca      ) [ 011]
temp_73             (alloca      ) [ 011]
temp_74             (alloca      ) [ 011]
temp_75             (alloca      ) [ 011]
temp_76             (alloca      ) [ 011]
temp_77             (alloca      ) [ 011]
mux_case_27919_read (read        ) [ 011]
mux_case_17815_read (read        ) [ 011]
mux_case_07711_read (read        ) [ 011]
k_6_reload_read     (read        ) [ 000]
tmp                 (read        ) [ 000]
temp_62_reload_read (read        ) [ 000]
temp_63_reload_read (read        ) [ 000]
temp_64_reload_read (read        ) [ 000]
temp_65_reload_read (read        ) [ 000]
temp_66_reload_read (read        ) [ 000]
temp_67_reload_read (read        ) [ 000]
temp_68_reload_read (read        ) [ 000]
temp_69_reload_read (read        ) [ 000]
store_ln136         (store       ) [ 000]
store_ln136         (store       ) [ 000]
store_ln136         (store       ) [ 000]
store_ln136         (store       ) [ 000]
store_ln136         (store       ) [ 000]
store_ln136         (store       ) [ 000]
store_ln136         (store       ) [ 000]
store_ln136         (store       ) [ 000]
store_ln147         (store       ) [ 000]
store_ln147         (store       ) [ 000]
br_ln0              (br          ) [ 000]
i_7                 (load        ) [ 000]
icmp_ln157          (icmp        ) [ 011]
br_ln157            (br          ) [ 000]
k_8_load            (load        ) [ 000]
specpipeline_ln158  (specpipeline) [ 000]
specloopname_ln157  (specloopname) [ 000]
trunc_ln147         (trunc       ) [ 011]
add_ln159_1         (add         ) [ 000]
temp                (sparsemux   ) [ 000]
k                   (add         ) [ 000]
switch_ln159        (switch      ) [ 000]
store_ln136         (store       ) [ 000]
br_ln159            (br          ) [ 000]
store_ln136         (store       ) [ 000]
br_ln159            (br          ) [ 000]
store_ln136         (store       ) [ 000]
br_ln159            (br          ) [ 000]
store_ln136         (store       ) [ 000]
br_ln159            (br          ) [ 000]
store_ln136         (store       ) [ 000]
br_ln159            (br          ) [ 000]
store_ln136         (store       ) [ 000]
br_ln159            (br          ) [ 000]
store_ln136         (store       ) [ 000]
br_ln159            (br          ) [ 000]
store_ln136         (store       ) [ 000]
br_ln159            (br          ) [ 000]
store_ln147         (store       ) [ 000]
store_ln147         (store       ) [ 000]
br_ln157            (br          ) [ 000]
temp_70_load        (load        ) [ 000]
temp_71_load        (load        ) [ 000]
temp_72_load        (load        ) [ 000]
temp_73_load        (load        ) [ 000]
temp_74_load        (load        ) [ 000]
temp_75_load        (load        ) [ 000]
temp_76_load        (load        ) [ 000]
temp_77_load        (load        ) [ 000]
write_ln0           (write       ) [ 000]
write_ln0           (write       ) [ 000]
write_ln0           (write       ) [ 000]
write_ln0           (write       ) [ 000]
write_ln0           (write       ) [ 000]
write_ln0           (write       ) [ 000]
write_ln0           (write       ) [ 000]
write_ln0           (write       ) [ 000]
ret_ln0             (ret         ) [ 000]
</LifeTime>

<model>

<comp_list>
<comp id="0" class="1000" name="temp_69_reload">
<pin_list>
<pin id="1" dir="1" index="0" bw="1" slack="0"/>
</pin_list>
<bind>
<StgValue><ssdm name="temp_69_reload"/></StgValue>
</bind>
</comp>

<comp id="2" class="1000" name="temp_68_reload">
<pin_list>
<pin id="3" dir="1" index="0" bw="1" slack="0"/>
</pin_list>
<bind>
<StgValue><ssdm name="temp_68_reload"/></StgValue>
</bind>
</comp>

<comp id="4" class="1000" name="temp_67_reload">
<pin_list>
<pin id="5" dir="1" index="0" bw="1" slack="0"/>
</pin_list>
<bind>
<StgValue><ssdm name="temp_67_reload"/></StgValue>
</bind>
</comp>

<comp id="6" class="1000" name="temp_66_reload">
<pin_list>
<pin id="7" dir="1" index="0" bw="1" slack="0"/>
</pin_list>
<bind>
<StgValue><ssdm name="temp_66_reload"/></StgValue>
</bind>
</comp>

<comp id="8" class="1000" name="temp_65_reload">
<pin_list>
<pin id="9" dir="1" index="0" bw="1" slack="0"/>
</pin_list>
<bind>
<StgValue><ssdm name="temp_65_reload"/></StgValue>
</bind>
</comp>

<comp id="10" class="1000" name="temp_64_reload">
<pin_list>
<pin id="11" dir="1" index="0" bw="1" slack="0"/>
</pin_list>
<bind>
<StgValue><ssdm name="temp_64_reload"/></StgValue>
</bind>
</comp>

<comp id="12" class="1000" name="temp_63_reload">
<pin_list>
<pin id="13" dir="1" index="0" bw="1" slack="0"/>
</pin_list>
<bind>
<StgValue><ssdm name="temp_63_reload"/></StgValue>
</bind>
</comp>

<comp id="14" class="1000" name="temp_62_reload">
<pin_list>
<pin id="15" dir="1" index="0" bw="1" slack="0"/>
</pin_list>
<bind>
<StgValue><ssdm name="temp_62_reload"/></StgValue>
</bind>
</comp>

<comp id="16" class="1000" name="empty">
<pin_list>
<pin id="17" dir="1" index="0" bw="1" slack="0"/>
</pin_list>
<bind>
<StgValue><ssdm name="empty"/></StgValue>
</bind>
</comp>

<comp id="18" class="1000" name="k_6_reload">
<pin_list>
<pin id="19" dir="1" index="0" bw="1" slack="0"/>
</pin_list>
<bind>
<StgValue><ssdm name="k_6_reload"/></StgValue>
</bind>
</comp>

<comp id="20" class="1000" name="mux_case_07711">
<pin_list>
<pin id="21" dir="1" index="0" bw="1" slack="0"/>
</pin_list>
<bind>
<StgValue><ssdm name="mux_case_07711"/></StgValue>
</bind>
</comp>

<comp id="22" class="1000" name="mux_case_17815">
<pin_list>
<pin id="23" dir="1" index="0" bw="1" slack="0"/>
</pin_list>
<bind>
<StgValue><ssdm name="mux_case_17815"/></StgValue>
</bind>
</comp>

<comp id="24" class="1000" name="mux_case_27919">
<pin_list>
<pin id="25" dir="1" index="0" bw="1" slack="0"/>
</pin_list>
<bind>
<StgValue><ssdm name="mux_case_27919"/></StgValue>
</bind>
</comp>

<comp id="26" class="1000" name="temp_77_out">
<pin_list>
<pin id="27" dir="1" index="0" bw="1" slack="0"/>
</pin_list>
<bind>
<StgValue><ssdm name="temp_77_out"/></StgValue>
</bind>
</comp>

<comp id="28" class="1000" name="temp_76_out">
<pin_list>
<pin id="29" dir="1" index="0" bw="1" slack="0"/>
</pin_list>
<bind>
<StgValue><ssdm name="temp_76_out"/></StgValue>
</bind>
</comp>

<comp id="30" class="1000" name="temp_75_out">
<pin_list>
<pin id="31" dir="1" index="0" bw="1" slack="0"/>
</pin_list>
<bind>
<StgValue><ssdm name="temp_75_out"/></StgValue>
</bind>
</comp>

<comp id="32" class="1000" name="temp_74_out">
<pin_list>
<pin id="33" dir="1" index="0" bw="1" slack="0"/>
</pin_list>
<bind>
<StgValue><ssdm name="temp_74_out"/></StgValue>
</bind>
</comp>

<comp id="34" class="1000" name="temp_73_out">
<pin_list>
<pin id="35" dir="1" index="0" bw="1" slack="0"/>
</pin_list>
<bind>
<StgValue><ssdm name="temp_73_out"/></StgValue>
</bind>
</comp>

<comp id="36" class="1000" name="temp_72_out">
<pin_list>
<pin id="37" dir="1" index="0" bw="1" slack="0"/>
</pin_list>
<bind>
<StgValue><ssdm name="temp_72_out"/></StgValue>
</bind>
</comp>

<comp id="38" class="1000" name="temp_71_out">
<pin_list>
<pin id="39" dir="1" index="0" bw="1" slack="0"/>
</pin_list>
<bind>
<StgValue><ssdm name="temp_71_out"/></StgValue>
</bind>
</comp>

<comp id="40" class="1000" name="temp_70_out">
<pin_list>
<pin id="41" dir="1" index="0" bw="1" slack="0"/>
</pin_list>
<bind>
<StgValue><ssdm name="temp_70_out"/></StgValue>
</bind>
</comp>

<comp id="42" class="1001" name="const_42">
<pin_list>
<pin id="43" dir="1" index="0" bw="1" slack="0"/>
</pin_list>
<bind>
<StgValue><ssdm name=""/></StgValue>
</bind>
</comp>

<comp id="44" class="1001" name="const_44">
<pin_list>
<pin id="45" dir="1" index="0" bw="1" slack="0"/>
</pin_list>
<bind>
<StgValue><ssdm name="_ssdm_op_Read.ap_auto.i32"/></StgValue>
</bind>
</comp>

<comp id="46" class="1001" name="const_46">
<pin_list>
<pin id="47" dir="1" index="0" bw="1" slack="0"/>
</pin_list>
<bind>
<StgValue><ssdm name="_ssdm_op_Read.ap_auto.i2"/></StgValue>
</bind>
</comp>

<comp id="48" class="1001" name="const_48">
<pin_list>
<pin id="49" dir="1" index="0" bw="1" slack="0"/>
</pin_list>
<bind>
<StgValue><ssdm name=""/></StgValue>
</bind>
</comp>

<comp id="50" class="1001" name="const_50">
<pin_list>
<pin id="51" dir="1" index="0" bw="1" slack="2147483647"/>
</pin_list>
<bind>
<StgValue><ssdm name="_ssdm_op_SpecPipeline"/></StgValue>
</bind>
</comp>

<comp id="52" class="1001" name="const_52">
<pin_list>
<pin id="53" dir="1" index="0" bw="1" slack="2147483647"/>
</pin_list>
<bind>
<StgValue><ssdm name=""/></StgValue>
</bind>
</comp>

<comp id="54" class="1001" name="const_54">
<pin_list>
<pin id="55" dir="1" index="0" bw="1" slack="2147483647"/>
</pin_list>
<bind>
<StgValue><ssdm name=""/></StgValue>
</bind>
</comp>

<comp id="56" class="1001" name="const_56">
<pin_list>
<pin id="57" dir="1" index="0" bw="1" slack="2147483647"/>
</pin_list>
<bind>
<StgValue><ssdm name="empty_0"/></StgValue>
</bind>
</comp>

<comp id="58" class="1001" name="const_58">
<pin_list>
<pin id="59" dir="1" index="0" bw="1" slack="2147483647"/>
</pin_list>
<bind>
<StgValue><ssdm name="_ssdm_op_SpecLoopName"/></StgValue>
</bind>
</comp>

<comp id="60" class="1001" name="const_60">
<pin_list>
<pin id="61" dir="1" index="0" bw="1" slack="2147483647"/>
</pin_list>
<bind>
<StgValue><ssdm name="empty_4"/></StgValue>
</bind>
</comp>

<comp id="62" class="1001" name="const_62">
<pin_list>
<pin id="63" dir="1" index="0" bw="1" slack="0"/>
</pin_list>
<bind>
<StgValue><ssdm name=""/></StgValue>
</bind>
</comp>

<comp id="64" class="1001" name="const_64">
<pin_list>
<pin id="65" dir="1" index="0" bw="1" slack="0"/>
</pin_list>
<bind>
<StgValue><ssdm name="_ssdm_op_SparseMux.ap_auto.3i32.i32.i2"/></StgValue>
</bind>
</comp>

<comp id="66" class="1001" name="const_66">
<pin_list>
<pin id="67" dir="1" index="0" bw="1" slack="0"/>
</pin_list>
<bind>
<StgValue><ssdm name=""/></StgValue>
</bind>
</comp>

<comp id="68" class="1001" name="const_68">
<pin_list>
<pin id="69" dir="1" index="0" bw="1" slack="0"/>
</pin_list>
<bind>
<StgValue><ssdm name=""/></StgValue>
</bind>
</comp>

<comp id="70" class="1001" name="const_70">
<pin_list>
<pin id="71" dir="1" index="0" bw="1" slack="0"/>
</pin_list>
<bind>
<StgValue><ssdm name=""/></StgValue>
</bind>
</comp>

<comp id="72" class="1001" name="const_72">
<pin_list>
<pin id="73" dir="1" index="0" bw="1" slack="2147483647"/>
</pin_list>
<bind>
<StgValue><ssdm name=""/></StgValue>
</bind>
</comp>

<comp id="74" class="1001" name="const_74">
<pin_list>
<pin id="75" dir="1" index="0" bw="1" slack="2147483647"/>
</pin_list>
<bind>
<StgValue><ssdm name=""/></StgValue>
</bind>
</comp>

<comp id="76" class="1001" name="const_76">
<pin_list>
<pin id="77" dir="1" index="0" bw="1" slack="2147483647"/>
</pin_list>
<bind>
<StgValue><ssdm name=""/></StgValue>
</bind>
</comp>

<comp id="78" class="1001" name="const_78">
<pin_list>
<pin id="79" dir="1" index="0" bw="1" slack="2147483647"/>
</pin_list>
<bind>
<StgValue><ssdm name=""/></StgValue>
</bind>
</comp>

<comp id="80" class="1001" name="const_80">
<pin_list>
<pin id="81" dir="1" index="0" bw="1" slack="2147483647"/>
</pin_list>
<bind>
<StgValue><ssdm name=""/></StgValue>
</bind>
</comp>

<comp id="82" class="1001" name="const_82">
<pin_list>
<pin id="83" dir="1" index="0" bw="1" slack="2147483647"/>
</pin_list>
<bind>
<StgValue><ssdm name=""/></StgValue>
</bind>
</comp>

<comp id="84" class="1001" name="const_84">
<pin_list>
<pin id="85" dir="1" index="0" bw="1" slack="2147483647"/>
</pin_list>
<bind>
<StgValue><ssdm name=""/></StgValue>
</bind>
</comp>

<comp id="86" class="1001" name="const_86">
<pin_list>
<pin id="87" dir="1" index="0" bw="1" slack="0"/>
</pin_list>
<bind>
<StgValue><ssdm name="_ssdm_op_Write.ap_auto.i32P0A"/></StgValue>
</bind>
</comp>

<comp id="88" class="1004" name="k_8_fu_88">
<pin_list>
<pin id="89" dir="0" index="0" bw="1" slack="0"/>
<pin id="90" dir="1" index="1" bw="32" slack="0"/>
</pin_list>
<bind>
<opcode="alloca(26) " fcode="alloca"/>
<opset="k_8/1 "/>
</bind>
</comp>

<comp id="92" class="1004" name="i_fu_92">
<pin_list>
<pin id="93" dir="0" index="0" bw="1" slack="0"/>
<pin id="94" dir="1" index="1" bw="2" slack="0"/>
</pin_list>
<bind>
<opcode="alloca(26) " fcode="alloca"/>
<opset="i/1 "/>
</bind>
</comp>

<comp id="96" class="1004" name="temp_70_fu_96">
<pin_list>
<pin id="97" dir="0" index="0" bw="1" slack="0"/>
<pin id="98" dir="1" index="1" bw="32" slack="0"/>
</pin_list>
<bind>
<opcode="alloca(26) " fcode="alloca"/>
<opset="temp_70/1 "/>
</bind>
</comp>

<comp id="100" class="1004" name="temp_71_fu_100">
<pin_list>
<pin id="101" dir="0" index="0" bw="1" slack="0"/>
<pin id="102" dir="1" index="1" bw="32" slack="0"/>
</pin_list>
<bind>
<opcode="alloca(26) " fcode="alloca"/>
<opset="temp_71/1 "/>
</bind>
</comp>

<comp id="104" class="1004" name="temp_72_fu_104">
<pin_list>
<pin id="105" dir="0" index="0" bw="1" slack="0"/>
<pin id="106" dir="1" index="1" bw="32" slack="0"/>
</pin_list>
<bind>
<opcode="alloca(26) " fcode="alloca"/>
<opset="temp_72/1 "/>
</bind>
</comp>

<comp id="108" class="1004" name="temp_73_fu_108">
<pin_list>
<pin id="109" dir="0" index="0" bw="1" slack="0"/>
<pin id="110" dir="1" index="1" bw="32" slack="0"/>
</pin_list>
<bind>
<opcode="alloca(26) " fcode="alloca"/>
<opset="temp_73/1 "/>
</bind>
</comp>

<comp id="112" class="1004" name="temp_74_fu_112">
<pin_list>
<pin id="113" dir="0" index="0" bw="1" slack="0"/>
<pin id="114" dir="1" index="1" bw="32" slack="0"/>
</pin_list>
<bind>
<opcode="alloca(26) " fcode="alloca"/>
<opset="temp_74/1 "/>
</bind>
</comp>

<comp id="116" class="1004" name="temp_75_fu_116">
<pin_list>
<pin id="117" dir="0" index="0" bw="1" slack="0"/>
<pin id="118" dir="1" index="1" bw="32" slack="0"/>
</pin_list>
<bind>
<opcode="alloca(26) " fcode="alloca"/>
<opset="temp_75/1 "/>
</bind>
</comp>

<comp id="120" class="1004" name="temp_76_fu_120">
<pin_list>
<pin id="121" dir="0" index="0" bw="1" slack="0"/>
<pin id="122" dir="1" index="1" bw="32" slack="0"/>
</pin_list>
<bind>
<opcode="alloca(26) " fcode="alloca"/>
<opset="temp_76/1 "/>
</bind>
</comp>

<comp id="124" class="1004" name="temp_77_fu_124">
<pin_list>
<pin id="125" dir="0" index="0" bw="1" slack="0"/>
<pin id="126" dir="1" index="1" bw="32" slack="0"/>
</pin_list>
<bind>
<opcode="alloca(26) " fcode="alloca"/>
<opset="temp_77/1 "/>
</bind>
</comp>

<comp id="128" class="1004" name="mux_case_27919_read_read_fu_128">
<pin_list>
<pin id="129" dir="0" index="0" bw="32" slack="0"/>
<pin id="130" dir="0" index="1" bw="32" slack="0"/>
<pin id="131" dir="1" index="2" bw="32" slack="1"/>
</pin_list>
<bind>
<opcode="read(1150) " fcode="read"/>
<opset="mux_case_27919_read/1 "/>
</bind>
</comp>

<comp id="134" class="1004" name="mux_case_17815_read_read_fu_134">
<pin_list>
<pin id="135" dir="0" index="0" bw="32" slack="0"/>
<pin id="136" dir="0" index="1" bw="32" slack="0"/>
<pin id="137" dir="1" index="2" bw="32" slack="1"/>
</pin_list>
<bind>
<opcode="read(1150) " fcode="read"/>
<opset="mux_case_17815_read/1 "/>
</bind>
</comp>

<comp id="140" class="1004" name="mux_case_07711_read_read_fu_140">
<pin_list>
<pin id="141" dir="0" index="0" bw="32" slack="0"/>
<pin id="142" dir="0" index="1" bw="32" slack="0"/>
<pin id="143" dir="1" index="2" bw="32" slack="1"/>
</pin_list>
<bind>
<opcode="read(1150) " fcode="read"/>
<opset="mux_case_07711_read/1 "/>
</bind>
</comp>

<comp id="146" class="1004" name="k_6_reload_read_read_fu_146">
<pin_list>
<pin id="147" dir="0" index="0" bw="32" slack="0"/>
<pin id="148" dir="0" index="1" bw="32" slack="0"/>
<pin id="149" dir="1" index="2" bw="32" slack="0"/>
</pin_list>
<bind>
<opcode="read(1150) " fcode="read"/>
<opset="k_6_reload_read/1 "/>
</bind>
</comp>

<comp id="152" class="1004" name="tmp_read_fu_152">
<pin_list>
<pin id="153" dir="0" index="0" bw="2" slack="0"/>
<pin id="154" dir="0" index="1" bw="2" slack="0"/>
<pin id="155" dir="1" index="2" bw="2" slack="0"/>
</pin_list>
<bind>
<opcode="read(1150) " fcode="read"/>
<opset="tmp/1 "/>
</bind>
</comp>

<comp id="158" class="1004" name="temp_62_reload_read_read_fu_158">
<pin_list>
<pin id="159" dir="0" index="0" bw="32" slack="0"/>
<pin id="160" dir="0" index="1" bw="32" slack="0"/>
<pin id="161" dir="1" index="2" bw="32" slack="0"/>
</pin_list>
<bind>
<opcode="read(1150) " fcode="read"/>
<opset="temp_62_reload_read/1 "/>
</bind>
</comp>

<comp id="164" class="1004" name="temp_63_reload_read_read_fu_164">
<pin_list>
<pin id="165" dir="0" index="0" bw="32" slack="0"/>
<pin id="166" dir="0" index="1" bw="32" slack="0"/>
<pin id="167" dir="1" index="2" bw="32" slack="0"/>
</pin_list>
<bind>
<opcode="read(1150) " fcode="read"/>
<opset="temp_63_reload_read/1 "/>
</bind>
</comp>

<comp id="170" class="1004" name="temp_64_reload_read_read_fu_170">
<pin_list>
<pin id="171" dir="0" index="0" bw="32" slack="0"/>
<pin id="172" dir="0" index="1" bw="32" slack="0"/>
<pin id="173" dir="1" index="2" bw="32" slack="0"/>
</pin_list>
<bind>
<opcode="read(1150) " fcode="read"/>
<opset="temp_64_reload_read/1 "/>
</bind>
</comp>

<comp id="176" class="1004" name="temp_65_reload_read_read_fu_176">
<pin_list>
<pin id="177" dir="0" index="0" bw="32" slack="0"/>
<pin id="178" dir="0" index="1" bw="32" slack="0"/>
<pin id="179" dir="1" index="2" bw="32" slack="0"/>
</pin_list>
<bind>
<opcode="read(1150) " fcode="read"/>
<opset="temp_65_reload_read/1 "/>
</bind>
</comp>

<comp id="182" class="1004" name="temp_66_reload_read_read_fu_182">
<pin_list>
<pin id="183" dir="0" index="0" bw="32" slack="0"/>
<pin id="184" dir="0" index="1" bw="32" slack="0"/>
<pin id="185" dir="1" index="2" bw="32" slack="0"/>
</pin_list>
<bind>
<opcode="read(1150) " fcode="read"/>
<opset="temp_66_reload_read/1 "/>
</bind>
</comp>

<comp id="188" class="1004" name="temp_67_reload_read_read_fu_188">
<pin_list>
<pin id="189" dir="0" index="0" bw="32" slack="0"/>
<pin id="190" dir="0" index="1" bw="32" slack="0"/>
<pin id="191" dir="1" index="2" bw="32" slack="0"/>
</pin_list>
<bind>
<opcode="read(1150) " fcode="read"/>
<opset="temp_67_reload_read/1 "/>
</bind>
</comp>

<comp id="194" class="1004" name="temp_68_reload_read_read_fu_194">
<pin_list>
<pin id="195" dir="0" index="0" bw="32" slack="0"/>
<pin id="196" dir="0" index="1" bw="32" slack="0"/>
<pin id="197" dir="1" index="2" bw="32" slack="0"/>
</pin_list>
<bind>
<opcode="read(1150) " fcode="read"/>
<opset="temp_68_reload_read/1 "/>
</bind>
</comp>

<comp id="200" class="1004" name="temp_69_reload_read_read_fu_200">
<pin_list>
<pin id="201" dir="0" index="0" bw="32" slack="0"/>
<pin id="202" dir="0" index="1" bw="32" slack="0"/>
<pin id="203" dir="1" index="2" bw="32" slack="0"/>
</pin_list>
<bind>
<opcode="read(1150) " fcode="read"/>
<opset="temp_69_reload_read/1 "/>
</bind>
</comp>

<comp id="206" class="1004" name="write_ln0_write_fu_206">
<pin_list>
<pin id="207" dir="0" index="0" bw="0" slack="0"/>
<pin id="208" dir="0" index="1" bw="32" slack="0"/>
<pin id="209" dir="0" index="2" bw="32" slack="0"/>
<pin id="210" dir="1" index="3" bw="0" slack="2147483647"/>
</pin_list>
<bind>
<opcode="write(1151) " fcode="write"/>
<opset="write_ln0/2 "/>
</bind>
</comp>

<comp id="213" class="1004" name="write_ln0_write_fu_213">
<pin_list>
<pin id="214" dir="0" index="0" bw="0" slack="0"/>
<pin id="215" dir="0" index="1" bw="32" slack="0"/>
<pin id="216" dir="0" index="2" bw="32" slack="0"/>
<pin id="217" dir="1" index="3" bw="0" slack="2147483647"/>
</pin_list>
<bind>
<opcode="write(1151) " fcode="write"/>
<opset="write_ln0/2 "/>
</bind>
</comp>

<comp id="220" class="1004" name="write_ln0_write_fu_220">
<pin_list>
<pin id="221" dir="0" index="0" bw="0" slack="0"/>
<pin id="222" dir="0" index="1" bw="32" slack="0"/>
<pin id="223" dir="0" index="2" bw="32" slack="0"/>
<pin id="224" dir="1" index="3" bw="0" slack="2147483647"/>
</pin_list>
<bind>
<opcode="write(1151) " fcode="write"/>
<opset="write_ln0/2 "/>
</bind>
</comp>

<comp id="227" class="1004" name="write_ln0_write_fu_227">
<pin_list>
<pin id="228" dir="0" index="0" bw="0" slack="0"/>
<pin id="229" dir="0" index="1" bw="32" slack="0"/>
<pin id="230" dir="0" index="2" bw="32" slack="0"/>
<pin id="231" dir="1" index="3" bw="0" slack="2147483647"/>
</pin_list>
<bind>
<opcode="write(1151) " fcode="write"/>
<opset="write_ln0/2 "/>
</bind>
</comp>

<comp id="234" class="1004" name="write_ln0_write_fu_234">
<pin_list>
<pin id="235" dir="0" index="0" bw="0" slack="0"/>
<pin id="236" dir="0" index="1" bw="32" slack="0"/>
<pin id="237" dir="0" index="2" bw="32" slack="0"/>
<pin id="238" dir="1" index="3" bw="0" slack="2147483647"/>
</pin_list>
<bind>
<opcode="write(1151) " fcode="write"/>
<opset="write_ln0/2 "/>
</bind>
</comp>

<comp id="241" class="1004" name="write_ln0_write_fu_241">
<pin_list>
<pin id="242" dir="0" index="0" bw="0" slack="0"/>
<pin id="243" dir="0" index="1" bw="32" slack="0"/>
<pin id="244" dir="0" index="2" bw="32" slack="0"/>
<pin id="245" dir="1" index="3" bw="0" slack="2147483647"/>
</pin_list>
<bind>
<opcode="write(1151) " fcode="write"/>
<opset="write_ln0/2 "/>
</bind>
</comp>

<comp id="248" class="1004" name="write_ln0_write_fu_248">
<pin_list>
<pin id="249" dir="0" index="0" bw="0" slack="0"/>
<pin id="250" dir="0" index="1" bw="32" slack="0"/>
<pin id="251" dir="0" index="2" bw="32" slack="0"/>
<pin id="252" dir="1" index="3" bw="0" slack="2147483647"/>
</pin_list>
<bind>
<opcode="write(1151) " fcode="write"/>
<opset="write_ln0/2 "/>
</bind>
</comp>

<comp id="255" class="1004" name="write_ln0_write_fu_255">
<pin_list>
<pin id="256" dir="0" index="0" bw="0" slack="0"/>
<pin id="257" dir="0" index="1" bw="32" slack="0"/>
<pin id="258" dir="0" index="2" bw="32" slack="0"/>
<pin id="259" dir="1" index="3" bw="0" slack="2147483647"/>
</pin_list>
<bind>
<opcode="write(1151) " fcode="write"/>
<opset="write_ln0/2 "/>
</bind>
</comp>

<comp id="262" class="1004" name="store_ln136_store_fu_262">
<pin_list>
<pin id="263" dir="0" index="0" bw="32" slack="0"/>
<pin id="264" dir="0" index="1" bw="32" slack="0"/>
<pin id="265" dir="1" index="2" bw="0" slack="2147483647"/>
</pin_list>
<bind>
<opcode="store(28) " fcode="store"/>
<opset="store_ln136/1 "/>
</bind>
</comp>

<comp id="267" class="1004" name="store_ln136_store_fu_267">
<pin_list>
<pin id="268" dir="0" index="0" bw="32" slack="0"/>
<pin id="269" dir="0" index="1" bw="32" slack="0"/>
<pin id="270" dir="1" index="2" bw="0" slack="2147483647"/>
</pin_list>
<bind>
<opcode="store(28) " fcode="store"/>
<opset="store_ln136/1 "/>
</bind>
</comp>

<comp id="272" class="1004" name="store_ln136_store_fu_272">
<pin_list>
<pin id="273" dir="0" index="0" bw="32" slack="0"/>
<pin id="274" dir="0" index="1" bw="32" slack="0"/>
<pin id="275" dir="1" index="2" bw="0" slack="2147483647"/>
</pin_list>
<bind>
<opcode="store(28) " fcode="store"/>
<opset="store_ln136/1 "/>
</bind>
</comp>

<comp id="277" class="1004" name="store_ln136_store_fu_277">
<pin_list>
<pin id="278" dir="0" index="0" bw="32" slack="0"/>
<pin id="279" dir="0" index="1" bw="32" slack="0"/>
<pin id="280" dir="1" index="2" bw="0" slack="2147483647"/>
</pin_list>
<bind>
<opcode="store(28) " fcode="store"/>
<opset="store_ln136/1 "/>
</bind>
</comp>

<comp id="282" class="1004" name="store_ln136_store_fu_282">
<pin_list>
<pin id="283" dir="0" index="0" bw="32" slack="0"/>
<pin id="284" dir="0" index="1" bw="32" slack="0"/>
<pin id="285" dir="1" index="2" bw="0" slack="2147483647"/>
</pin_list>
<bind>
<opcode="store(28) " fcode="store"/>
<opset="store_ln136/1 "/>
</bind>
</comp>

<comp id="287" class="1004" name="store_ln136_store_fu_287">
<pin_list>
<pin id="288" dir="0" index="0" bw="32" slack="0"/>
<pin id="289" dir="0" index="1" bw="32" slack="0"/>
<pin id="290" dir="1" index="2" bw="0" slack="2147483647"/>
</pin_list>
<bind>
<opcode="store(28) " fcode="store"/>
<opset="store_ln136/1 "/>
</bind>
</comp>

<comp id="292" class="1004" name="store_ln136_store_fu_292">
<pin_list>
<pin id="293" dir="0" index="0" bw="32" slack="0"/>
<pin id="294" dir="0" index="1" bw="32" slack="0"/>
<pin id="295" dir="1" index="2" bw="0" slack="2147483647"/>
</pin_list>
<bind>
<opcode="store(28) " fcode="store"/>
<opset="store_ln136/1 "/>
</bind>
</comp>

<comp id="297" class="1004" name="store_ln136_store_fu_297">
<pin_list>
<pin id="298" dir="0" index="0" bw="32" slack="0"/>
<pin id="299" dir="0" index="1" bw="32" slack="0"/>
<pin id="300" dir="1" index="2" bw="0" slack="2147483647"/>
</pin_list>
<bind>
<opcode="store(28) " fcode="store"/>
<opset="store_ln136/1 "/>
</bind>
</comp>

<comp id="302" class="1004" name="store_ln147_store_fu_302">
<pin_list>
<pin id="303" dir="0" index="0" bw="2" slack="0"/>
<pin id="304" dir="0" index="1" bw="2" slack="0"/>
<pin id="305" dir="1" index="2" bw="0" slack="2147483647"/>
</pin_list>
<bind>
<opcode="store(28) " fcode="store"/>
<opset="store_ln147/1 "/>
</bind>
</comp>

<comp id="307" class="1004" name="store_ln147_store_fu_307">
<pin_list>
<pin id="308" dir="0" index="0" bw="32" slack="0"/>
<pin id="309" dir="0" index="1" bw="32" slack="0"/>
<pin id="310" dir="1" index="2" bw="0" slack="2147483647"/>
</pin_list>
<bind>
<opcode="store(28) " fcode="store"/>
<opset="store_ln147/1 "/>
</bind>
</comp>

<comp id="312" class="1004" name="i_7_load_fu_312">
<pin_list>
<pin id="313" dir="0" index="0" bw="2" slack="1"/>
<pin id="314" dir="1" index="1" bw="2" slack="0"/>
</pin_list>
<bind>
<opcode="load(27) " fcode="load"/>
<opset="i_7/2 "/>
</bind>
</comp>

<comp id="315" class="1004" name="icmp_ln157_fu_315">
<pin_list>
<pin id="316" dir="0" index="0" bw="2" slack="0"/>
<pin id="317" dir="0" index="1" bw="1" slack="0"/>
<pin id="318" dir="1" index="2" bw="1" slack="2147483647"/>
</pin_list>
<bind>
<opcode="icmp(45) " fcode="icmp"/>
<opset="icmp_ln157/2 "/>
</bind>
</comp>

<comp id="321" class="1004" name="k_8_load_load_fu_321">
<pin_list>
<pin id="322" dir="0" index="0" bw="32" slack="1"/>
<pin id="323" dir="1" index="1" bw="32" slack="0"/>
</pin_list>
<bind>
<opcode="load(27) " fcode="load"/>
<opset="k_8_load/2 "/>
</bind>
</comp>

<comp id="324" class="1004" name="trunc_ln147_fu_324">
<pin_list>
<pin id="325" dir="0" index="0" bw="32" slack="0"/>
<pin id="326" dir="1" index="1" bw="3" slack="2147483647"/>
</pin_list>
<bind>
<opcode="trunc(33) " fcode="trunc"/>
<opset="trunc_ln147/2 "/>
</bind>
</comp>

<comp id="328" class="1004" name="add_ln159_1_fu_328">
<pin_list>
<pin id="329" dir="0" index="0" bw="2" slack="0"/>
<pin id="330" dir="0" index="1" bw="1" slack="0"/>
<pin id="331" dir="1" index="2" bw="2" slack="0"/>
</pin_list>
<bind>
<opcode="add(8) " fcode="add"/>
<opset="add_ln159_1/2 "/>
</bind>
</comp>

<comp id="334" class="1004" name="temp_fu_334">
<pin_list>
<pin id="335" dir="0" index="0" bw="32" slack="0"/>
<pin id="336" dir="0" index="1" bw="1" slack="0"/>
<pin id="337" dir="0" index="2" bw="32" slack="1"/>
<pin id="338" dir="0" index="3" bw="1" slack="0"/>
<pin id="339" dir="0" index="4" bw="32" slack="1"/>
<pin id="340" dir="0" index="5" bw="2" slack="0"/>
<pin id="341" dir="0" index="6" bw="32" slack="1"/>
<pin id="342" dir="0" index="7" bw="1" slack="0"/>
<pin id="343" dir="0" index="8" bw="2" slack="0"/>
<pin id="344" dir="1" index="9" bw="32" slack="0"/>
</pin_list>
<bind>
<opcode="sparsemux(1197) " fcode="sparsemux"/>
<opset="temp/2 "/>
</bind>
</comp>

<comp id="351" class="1004" name="k_fu_351">
<pin_list>
<pin id="352" dir="0" index="0" bw="32" slack="0"/>
<pin id="353" dir="0" index="1" bw="1" slack="0"/>
<pin id="354" dir="1" index="2" bw="32" slack="0"/>
</pin_list>
<bind>
<opcode="add(8) " fcode="add"/>
<opset="k/2 "/>
</bind>
</comp>

<comp id="357" class="1004" name="store_ln136_store_fu_357">
<pin_list>
<pin id="358" dir="0" index="0" bw="32" slack="0"/>
<pin id="359" dir="0" index="1" bw="32" slack="1"/>
<pin id="360" dir="1" index="2" bw="0" slack="2147483647"/>
</pin_list>
<bind>
<opcode="store(28) " fcode="store"/>
<opset="store_ln136/2 "/>
</bind>
</comp>

<comp id="362" class="1004" name="store_ln136_store_fu_362">
<pin_list>
<pin id="363" dir="0" index="0" bw="32" slack="0"/>
<pin id="364" dir="0" index="1" bw="32" slack="1"/>
<pin id="365" dir="1" index="2" bw="0" slack="2147483647"/>
</pin_list>
<bind>
<opcode="store(28) " fcode="store"/>
<opset="store_ln136/2 "/>
</bind>
</comp>

<comp id="367" class="1004" name="store_ln136_store_fu_367">
<pin_list>
<pin id="368" dir="0" index="0" bw="32" slack="0"/>
<pin id="369" dir="0" index="1" bw="32" slack="1"/>
<pin id="370" dir="1" index="2" bw="0" slack="2147483647"/>
</pin_list>
<bind>
<opcode="store(28) " fcode="store"/>
<opset="store_ln136/2 "/>
</bind>
</comp>

<comp id="372" class="1004" name="store_ln136_store_fu_372">
<pin_list>
<pin id="373" dir="0" index="0" bw="32" slack="0"/>
<pin id="374" dir="0" index="1" bw="32" slack="1"/>
<pin id="375" dir="1" index="2" bw="0" slack="2147483647"/>
</pin_list>
<bind>
<opcode="store(28) " fcode="store"/>
<opset="store_ln136/2 "/>
</bind>
</comp>

<comp id="377" class="1004" name="store_ln136_store_fu_377">
<pin_list>
<pin id="378" dir="0" index="0" bw="32" slack="0"/>
<pin id="379" dir="0" index="1" bw="32" slack="1"/>
<pin id="380" dir="1" index="2" bw="0" slack="2147483647"/>
</pin_list>
<bind>
<opcode="store(28) " fcode="store"/>
<opset="store_ln136/2 "/>
</bind>
</comp>

<comp id="382" class="1004" name="store_ln136_store_fu_382">
<pin_list>
<pin id="383" dir="0" index="0" bw="32" slack="0"/>
<pin id="384" dir="0" index="1" bw="32" slack="1"/>
<pin id="385" dir="1" index="2" bw="0" slack="2147483647"/>
</pin_list>
<bind>
<opcode="store(28) " fcode="store"/>
<opset="store_ln136/2 "/>
</bind>
</comp>

<comp id="387" class="1004" name="store_ln136_store_fu_387">
<pin_list>
<pin id="388" dir="0" index="0" bw="32" slack="0"/>
<pin id="389" dir="0" index="1" bw="32" slack="1"/>
<pin id="390" dir="1" index="2" bw="0" slack="2147483647"/>
</pin_list>
<bind>
<opcode="store(28) " fcode="store"/>
<opset="store_ln136/2 "/>
</bind>
</comp>

<comp id="392" class="1004" name="store_ln136_store_fu_392">
<pin_list>
<pin id="393" dir="0" index="0" bw="32" slack="0"/>
<pin id="394" dir="0" index="1" bw="32" slack="1"/>
<pin id="395" dir="1" index="2" bw="0" slack="2147483647"/>
</pin_list>
<bind>
<opcode="store(28) " fcode="store"/>
<opset="store_ln136/2 "/>
</bind>
</comp>

<comp id="397" class="1004" name="store_ln147_store_fu_397">
<pin_list>
<pin id="398" dir="0" index="0" bw="2" slack="0"/>
<pin id="399" dir="0" index="1" bw="2" slack="1"/>
<pin id="400" dir="1" index="2" bw="0" slack="2147483647"/>
</pin_list>
<bind>
<opcode="store(28) " fcode="store"/>
<opset="store_ln147/2 "/>
</bind>
</comp>

<comp id="402" class="1004" name="store_ln147_store_fu_402">
<pin_list>
<pin id="403" dir="0" index="0" bw="32" slack="0"/>
<pin id="404" dir="0" index="1" bw="32" slack="1"/>
<pin id="405" dir="1" index="2" bw="0" slack="2147483647"/>
</pin_list>
<bind>
<opcode="store(28) " fcode="store"/>
<opset="store_ln147/2 "/>
</bind>
</comp>

<comp id="407" class="1004" name="temp_70_load_load_fu_407">
<pin_list>
<pin id="408" dir="0" index="0" bw="32" slack="1"/>
<pin id="409" dir="1" index="1" bw="32" slack="0"/>
</pin_list>
<bind>
<opcode="load(27) " fcode="load"/>
<opset="temp_70_load/2 "/>
</bind>
</comp>

<comp id="411" class="1004" name="temp_71_load_load_fu_411">
<pin_list>
<pin id="412" dir="0" index="0" bw="32" slack="1"/>
<pin id="413" dir="1" index="1" bw="32" slack="0"/>
</pin_list>
<bind>
<opcode="load(27) " fcode="load"/>
<opset="temp_71_load/2 "/>
</bind>
</comp>

<comp id="415" class="1004" name="temp_72_load_load_fu_415">
<pin_list>
<pin id="416" dir="0" index="0" bw="32" slack="1"/>
<pin id="417" dir="1" index="1" bw="32" slack="0"/>
</pin_list>
<bind>
<opcode="load(27) " fcode="load"/>
<opset="temp_72_load/2 "/>
</bind>
</comp>

<comp id="419" class="1004" name="temp_73_load_load_fu_419">
<pin_list>
<pin id="420" dir="0" index="0" bw="32" slack="1"/>
<pin id="421" dir="1" index="1" bw="32" slack="0"/>
</pin_list>
<bind>
<opcode="load(27) " fcode="load"/>
<opset="temp_73_load/2 "/>
</bind>
</comp>

<comp id="423" class="1004" name="temp_74_load_load_fu_423">
<pin_list>
<pin id="424" dir="0" index="0" bw="32" slack="1"/>
<pin id="425" dir="1" index="1" bw="32" slack="0"/>
</pin_list>
<bind>
<opcode="load(27) " fcode="load"/>
<opset="temp_74_load/2 "/>
</bind>
</comp>

<comp id="427" class="1004" name="temp_75_load_load_fu_427">
<pin_list>
<pin id="428" dir="0" index="0" bw="32" slack="1"/>
<pin id="429" dir="1" index="1" bw="32" slack="0"/>
</pin_list>
<bind>
<opcode="load(27) " fcode="load"/>
<opset="temp_75_load/2 "/>
</bind>
</comp>

<comp id="431" class="1004" name="temp_76_load_load_fu_431">
<pin_list>
<pin id="432" dir="0" index="0" bw="32" slack="1"/>
<pin id="433" dir="1" index="1" bw="32" slack="0"/>
</pin_list>
<bind>
<opcode="load(27) " fcode="load"/>
<opset="temp_76_load/2 "/>
</bind>
</comp>

<comp id="435" class="1004" name="temp_77_load_load_fu_435">
<pin_list>
<pin id="436" dir="0" index="0" bw="32" slack="1"/>
<pin id="437" dir="1" index="1" bw="32" slack="0"/>
</pin_list>
<bind>
<opcode="load(27) " fcode="load"/>
<opset="temp_77_load/2 "/>
</bind>
</comp>

<comp id="439" class="1005" name="k_8_reg_439">
<pin_list>
<pin id="440" dir="0" index="0" bw="32" slack="0"/>
<pin id="441" dir="1" index="1" bw="32" slack="0"/>
</pin_list>
<bind>
<opset="k_8 "/>
</bind>
</comp>

<comp id="446" class="1005" name="i_reg_446">
<pin_list>
<pin id="447" dir="0" index="0" bw="2" slack="0"/>
<pin id="448" dir="1" index="1" bw="2" slack="0"/>
</pin_list>
<bind>
<opset="i "/>
</bind>
</comp>

<comp id="453" class="1005" name="temp_70_reg_453">
<pin_list>
<pin id="454" dir="0" index="0" bw="32" slack="0"/>
<pin id="455" dir="1" index="1" bw="32" slack="0"/>
</pin_list>
<bind>
<opset="temp_70 "/>
</bind>
</comp>

<comp id="460" class="1005" name="temp_71_reg_460">
<pin_list>
<pin id="461" dir="0" index="0" bw="32" slack="0"/>
<pin id="462" dir="1" index="1" bw="32" slack="0"/>
</pin_list>
<bind>
<opset="temp_71 "/>
</bind>
</comp>

<comp id="467" class="1005" name="temp_72_reg_467">
<pin_list>
<pin id="468" dir="0" index="0" bw="32" slack="0"/>
<pin id="469" dir="1" index="1" bw="32" slack="0"/>
</pin_list>
<bind>
<opset="temp_72 "/>
</bind>
</comp>

<comp id="474" class="1005" name="temp_73_reg_474">
<pin_list>
<pin id="475" dir="0" index="0" bw="32" slack="0"/>
<pin id="476" dir="1" index="1" bw="32" slack="0"/>
</pin_list>
<bind>
<opset="temp_73 "/>
</bind>
</comp>

<comp id="481" class="1005" name="temp_74_reg_481">
<pin_list>
<pin id="482" dir="0" index="0" bw="32" slack="0"/>
<pin id="483" dir="1" index="1" bw="32" slack="0"/>
</pin_list>
<bind>
<opset="temp_74 "/>
</bind>
</comp>

<comp id="488" class="1005" name="temp_75_reg_488">
<pin_list>
<pin id="489" dir="0" index="0" bw="32" slack="0"/>
<pin id="490" dir="1" index="1" bw="32" slack="0"/>
</pin_list>
<bind>
<opset="temp_75 "/>
</bind>
</comp>

<comp id="495" class="1005" name="temp_76_reg_495">
<pin_list>
<pin id="496" dir="0" index="0" bw="32" slack="0"/>
<pin id="497" dir="1" index="1" bw="32" slack="0"/>
</pin_list>
<bind>
<opset="temp_76 "/>
</bind>
</comp>

<comp id="502" class="1005" name="temp_77_reg_502">
<pin_list>
<pin id="503" dir="0" index="0" bw="32" slack="0"/>
<pin id="504" dir="1" index="1" bw="32" slack="0"/>
</pin_list>
<bind>
<opset="temp_77 "/>
</bind>
</comp>

<comp id="509" class="1005" name="mux_case_27919_read_reg_509">
<pin_list>
<pin id="510" dir="0" index="0" bw="32" slack="1"/>
<pin id="511" dir="1" index="1" bw="32" slack="1"/>
</pin_list>
<bind>
<opset="mux_case_27919_read "/>
</bind>
</comp>

<comp id="514" class="1005" name="mux_case_17815_read_reg_514">
<pin_list>
<pin id="515" dir="0" index="0" bw="32" slack="1"/>
<pin id="516" dir="1" index="1" bw="32" slack="1"/>
</pin_list>
<bind>
<opset="mux_case_17815_read "/>
</bind>
</comp>

<comp id="519" class="1005" name="mux_case_07711_read_reg_519">
<pin_list>
<pin id="520" dir="0" index="0" bw="32" slack="1"/>
<pin id="521" dir="1" index="1" bw="32" slack="1"/>
</pin_list>
<bind>
<opset="mux_case_07711_read "/>
</bind>
</comp>

</comp_list>

<net_list>
<net id="91"><net_src comp="42" pin="0"/><net_sink comp="88" pin=0"/></net>

<net id="95"><net_src comp="42" pin="0"/><net_sink comp="92" pin=0"/></net>

<net id="99"><net_src comp="42" pin="0"/><net_sink comp="96" pin=0"/></net>

<net id="103"><net_src comp="42" pin="0"/><net_sink comp="100" pin=0"/></net>

<net id="107"><net_src comp="42" pin="0"/><net_sink comp="104" pin=0"/></net>

<net id="111"><net_src comp="42" pin="0"/><net_sink comp="108" pin=0"/></net>

<net id="115"><net_src comp="42" pin="0"/><net_sink comp="112" pin=0"/></net>

<net id="119"><net_src comp="42" pin="0"/><net_sink comp="116" pin=0"/></net>

<net id="123"><net_src comp="42" pin="0"/><net_sink comp="120" pin=0"/></net>

<net id="127"><net_src comp="42" pin="0"/><net_sink comp="124" pin=0"/></net>

<net id="132"><net_src comp="44" pin="0"/><net_sink comp="128" pin=0"/></net>

<net id="133"><net_src comp="24" pin="0"/><net_sink comp="128" pin=1"/></net>

<net id="138"><net_src comp="44" pin="0"/><net_sink comp="134" pin=0"/></net>

<net id="139"><net_src comp="22" pin="0"/><net_sink comp="134" pin=1"/></net>

<net id="144"><net_src comp="44" pin="0"/><net_sink comp="140" pin=0"/></net>

<net id="145"><net_src comp="20" pin="0"/><net_sink comp="140" pin=1"/></net>

<net id="150"><net_src comp="44" pin="0"/><net_sink comp="146" pin=0"/></net>

<net id="151"><net_src comp="18" pin="0"/><net_sink comp="146" pin=1"/></net>

<net id="156"><net_src comp="46" pin="0"/><net_sink comp="152" pin=0"/></net>

<net id="157"><net_src comp="16" pin="0"/><net_sink comp="152" pin=1"/></net>

<net id="162"><net_src comp="44" pin="0"/><net_sink comp="158" pin=0"/></net>

<net id="163"><net_src comp="14" pin="0"/><net_sink comp="158" pin=1"/></net>

<net id="168"><net_src comp="44" pin="0"/><net_sink comp="164" pin=0"/></net>

<net id="169"><net_src comp="12" pin="0"/><net_sink comp="164" pin=1"/></net>

<net id="174"><net_src comp="44" pin="0"/><net_sink comp="170" pin=0"/></net>

<net id="175"><net_src comp="10" pin="0"/><net_sink comp="170" pin=1"/></net>

<net id="180"><net_src comp="44" pin="0"/><net_sink comp="176" pin=0"/></net>

<net id="181"><net_src comp="8" pin="0"/><net_sink comp="176" pin=1"/></net>

<net id="186"><net_src comp="44" pin="0"/><net_sink comp="182" pin=0"/></net>

<net id="187"><net_src comp="6" pin="0"/><net_sink comp="182" pin=1"/></net>

<net id="192"><net_src comp="44" pin="0"/><net_sink comp="188" pin=0"/></net>

<net id="193"><net_src comp="4" pin="0"/><net_sink comp="188" pin=1"/></net>

<net id="198"><net_src comp="44" pin="0"/><net_sink comp="194" pin=0"/></net>

<net id="199"><net_src comp="2" pin="0"/><net_sink comp="194" pin=1"/></net>

<net id="204"><net_src comp="44" pin="0"/><net_sink comp="200" pin=0"/></net>

<net id="205"><net_src comp="0" pin="0"/><net_sink comp="200" pin=1"/></net>

<net id="211"><net_src comp="86" pin="0"/><net_sink comp="206" pin=0"/></net>

<net id="212"><net_src comp="26" pin="0"/><net_sink comp="206" pin=1"/></net>

<net id="218"><net_src comp="86" pin="0"/><net_sink comp="213" pin=0"/></net>

<net id="219"><net_src comp="28" pin="0"/><net_sink comp="213" pin=1"/></net>

<net id="225"><net_src comp="86" pin="0"/><net_sink comp="220" pin=0"/></net>

<net id="226"><net_src comp="30" pin="0"/><net_sink comp="220" pin=1"/></net>

<net id="232"><net_src comp="86" pin="0"/><net_sink comp="227" pin=0"/></net>

<net id="233"><net_src comp="32" pin="0"/><net_sink comp="227" pin=1"/></net>

<net id="239"><net_src comp="86" pin="0"/><net_sink comp="234" pin=0"/></net>

<net id="240"><net_src comp="34" pin="0"/><net_sink comp="234" pin=1"/></net>

<net id="246"><net_src comp="86" pin="0"/><net_sink comp="241" pin=0"/></net>

<net id="247"><net_src comp="36" pin="0"/><net_sink comp="241" pin=1"/></net>

<net id="253"><net_src comp="86" pin="0"/><net_sink comp="248" pin=0"/></net>

<net id="254"><net_src comp="38" pin="0"/><net_sink comp="248" pin=1"/></net>

<net id="260"><net_src comp="86" pin="0"/><net_sink comp="255" pin=0"/></net>

<net id="261"><net_src comp="40" pin="0"/><net_sink comp="255" pin=1"/></net>

<net id="266"><net_src comp="200" pin="2"/><net_sink comp="262" pin=0"/></net>

<net id="271"><net_src comp="194" pin="2"/><net_sink comp="267" pin=0"/></net>

<net id="276"><net_src comp="188" pin="2"/><net_sink comp="272" pin=0"/></net>

<net id="281"><net_src comp="182" pin="2"/><net_sink comp="277" pin=0"/></net>

<net id="286"><net_src comp="176" pin="2"/><net_sink comp="282" pin=0"/></net>

<net id="291"><net_src comp="170" pin="2"/><net_sink comp="287" pin=0"/></net>

<net id="296"><net_src comp="164" pin="2"/><net_sink comp="292" pin=0"/></net>

<net id="301"><net_src comp="158" pin="2"/><net_sink comp="297" pin=0"/></net>

<net id="306"><net_src comp="152" pin="2"/><net_sink comp="302" pin=0"/></net>

<net id="311"><net_src comp="146" pin="2"/><net_sink comp="307" pin=0"/></net>

<net id="319"><net_src comp="312" pin="1"/><net_sink comp="315" pin=0"/></net>

<net id="320"><net_src comp="48" pin="0"/><net_sink comp="315" pin=1"/></net>

<net id="327"><net_src comp="321" pin="1"/><net_sink comp="324" pin=0"/></net>

<net id="332"><net_src comp="312" pin="1"/><net_sink comp="328" pin=0"/></net>

<net id="333"><net_src comp="62" pin="0"/><net_sink comp="328" pin=1"/></net>

<net id="345"><net_src comp="64" pin="0"/><net_sink comp="334" pin=0"/></net>

<net id="346"><net_src comp="66" pin="0"/><net_sink comp="334" pin=1"/></net>

<net id="347"><net_src comp="62" pin="0"/><net_sink comp="334" pin=3"/></net>

<net id="348"><net_src comp="68" pin="0"/><net_sink comp="334" pin=5"/></net>

<net id="349"><net_src comp="70" pin="0"/><net_sink comp="334" pin=7"/></net>

<net id="350"><net_src comp="312" pin="1"/><net_sink comp="334" pin=8"/></net>

<net id="355"><net_src comp="321" pin="1"/><net_sink comp="351" pin=0"/></net>

<net id="356"><net_src comp="42" pin="0"/><net_sink comp="351" pin=1"/></net>

<net id="361"><net_src comp="334" pin="9"/><net_sink comp="357" pin=0"/></net>

<net id="366"><net_src comp="334" pin="9"/><net_sink comp="362" pin=0"/></net>

<net id="371"><net_src comp="334" pin="9"/><net_sink comp="367" pin=0"/></net>

<net id="376"><net_src comp="334" pin="9"/><net_sink comp="372" pin=0"/></net>

<net id="381"><net_src comp="334" pin="9"/><net_sink comp="377" pin=0"/></net>

<net id="386"><net_src comp="334" pin="9"/><net_sink comp="382" pin=0"/></net>

<net id="391"><net_src comp="334" pin="9"/><net_sink comp="387" pin=0"/></net>

<net id="396"><net_src comp="334" pin="9"/><net_sink comp="392" pin=0"/></net>

<net id="401"><net_src comp="328" pin="2"/><net_sink comp="397" pin=0"/></net>

<net id="406"><net_src comp="351" pin="2"/><net_sink comp="402" pin=0"/></net>

<net id="410"><net_src comp="407" pin="1"/><net_sink comp="255" pin=2"/></net>

<net id="414"><net_src comp="411" pin="1"/><net_sink comp="248" pin=2"/></net>

<net id="418"><net_src comp="415" pin="1"/><net_sink comp="241" pin=2"/></net>

<net id="422"><net_src comp="419" pin="1"/><net_sink comp="234" pin=2"/></net>

<net id="426"><net_src comp="423" pin="1"/><net_sink comp="227" pin=2"/></net>

<net id="430"><net_src comp="427" pin="1"/><net_sink comp="220" pin=2"/></net>

<net id="434"><net_src comp="431" pin="1"/><net_sink comp="213" pin=2"/></net>

<net id="438"><net_src comp="435" pin="1"/><net_sink comp="206" pin=2"/></net>

<net id="442"><net_src comp="88" pin="1"/><net_sink comp="439" pin=0"/></net>

<net id="443"><net_src comp="439" pin="1"/><net_sink comp="307" pin=1"/></net>

<net id="444"><net_src comp="439" pin="1"/><net_sink comp="321" pin=0"/></net>

<net id="445"><net_src comp="439" pin="1"/><net_sink comp="402" pin=1"/></net>

<net id="449"><net_src comp="92" pin="1"/><net_sink comp="446" pin=0"/></net>

<net id="450"><net_src comp="446" pin="1"/><net_sink comp="302" pin=1"/></net>

<net id="451"><net_src comp="446" pin="1"/><net_sink comp="312" pin=0"/></net>

<net id="452"><net_src comp="446" pin="1"/><net_sink comp="397" pin=1"/></net>

<net id="456"><net_src comp="96" pin="1"/><net_sink comp="453" pin=0"/></net>

<net id="457"><net_src comp="453" pin="1"/><net_sink comp="297" pin=1"/></net>

<net id="458"><net_src comp="453" pin="1"/><net_sink comp="387" pin=1"/></net>

<net id="459"><net_src comp="453" pin="1"/><net_sink comp="407" pin=0"/></net>

<net id="463"><net_src comp="100" pin="1"/><net_sink comp="460" pin=0"/></net>

<net id="464"><net_src comp="460" pin="1"/><net_sink comp="292" pin=1"/></net>

<net id="465"><net_src comp="460" pin="1"/><net_sink comp="382" pin=1"/></net>

<net id="466"><net_src comp="460" pin="1"/><net_sink comp="411" pin=0"/></net>

<net id="470"><net_src comp="104" pin="1"/><net_sink comp="467" pin=0"/></net>

<net id="471"><net_src comp="467" pin="1"/><net_sink comp="287" pin=1"/></net>

<net id="472"><net_src comp="467" pin="1"/><net_sink comp="377" pin=1"/></net>

<net id="473"><net_src comp="467" pin="1"/><net_sink comp="415" pin=0"/></net>

<net id="477"><net_src comp="108" pin="1"/><net_sink comp="474" pin=0"/></net>

<net id="478"><net_src comp="474" pin="1"/><net_sink comp="282" pin=1"/></net>

<net id="479"><net_src comp="474" pin="1"/><net_sink comp="372" pin=1"/></net>

<net id="480"><net_src comp="474" pin="1"/><net_sink comp="419" pin=0"/></net>

<net id="484"><net_src comp="112" pin="1"/><net_sink comp="481" pin=0"/></net>

<net id="485"><net_src comp="481" pin="1"/><net_sink comp="277" pin=1"/></net>

<net id="486"><net_src comp="481" pin="1"/><net_sink comp="367" pin=1"/></net>

<net id="487"><net_src comp="481" pin="1"/><net_sink comp="423" pin=0"/></net>

<net id="491"><net_src comp="116" pin="1"/><net_sink comp="488" pin=0"/></net>

<net id="492"><net_src comp="488" pin="1"/><net_sink comp="272" pin=1"/></net>

<net id="493"><net_src comp="488" pin="1"/><net_sink comp="362" pin=1"/></net>

<net id="494"><net_src comp="488" pin="1"/><net_sink comp="427" pin=0"/></net>

<net id="498"><net_src comp="120" pin="1"/><net_sink comp="495" pin=0"/></net>

<net id="499"><net_src comp="495" pin="1"/><net_sink comp="267" pin=1"/></net>

<net id="500"><net_src comp="495" pin="1"/><net_sink comp="357" pin=1"/></net>

<net id="501"><net_src comp="495" pin="1"/><net_sink comp="431" pin=0"/></net>

<net id="505"><net_src comp="124" pin="1"/><net_sink comp="502" pin=0"/></net>

<net id="506"><net_src comp="502" pin="1"/><net_sink comp="262" pin=1"/></net>

<net id="507"><net_src comp="502" pin="1"/><net_sink comp="392" pin=1"/></net>

<net id="508"><net_src comp="502" pin="1"/><net_sink comp="435" pin=0"/></net>

<net id="512"><net_src comp="128" pin="2"/><net_sink comp="509" pin=0"/></net>

<net id="513"><net_src comp="509" pin="1"/><net_sink comp="334" pin=6"/></net>

<net id="517"><net_src comp="134" pin="2"/><net_sink comp="514" pin=0"/></net>

<net id="518"><net_src comp="514" pin="1"/><net_sink comp="334" pin=4"/></net>

<net id="522"><net_src comp="140" pin="2"/><net_sink comp="519" pin=0"/></net>

<net id="523"><net_src comp="519" pin="1"/><net_sink comp="334" pin=2"/></net>

</net_list>

</model> 
---------------- Datapath Model END ------------------

* FSMD analyzer results:
  - Output states:
	Port: temp_77_out | {2 }
	Port: temp_76_out | {2 }
	Port: temp_75_out | {2 }
	Port: temp_74_out | {2 }
	Port: temp_73_out | {2 }
	Port: temp_72_out | {2 }
	Port: temp_71_out | {2 }
	Port: temp_70_out | {2 }
 - Input state : 
	Port: merge_sort<ap_fixed<16, 6, 5, 3, 0>, config5>_Pipeline_VITIS_LOOP_157_4 : temp_69_reload | {1 }
	Port: merge_sort<ap_fixed<16, 6, 5, 3, 0>, config5>_Pipeline_VITIS_LOOP_157_4 : temp_68_reload | {1 }
	Port: merge_sort<ap_fixed<16, 6, 5, 3, 0>, config5>_Pipeline_VITIS_LOOP_157_4 : temp_67_reload | {1 }
	Port: merge_sort<ap_fixed<16, 6, 5, 3, 0>, config5>_Pipeline_VITIS_LOOP_157_4 : temp_66_reload | {1 }
	Port: merge_sort<ap_fixed<16, 6, 5, 3, 0>, config5>_Pipeline_VITIS_LOOP_157_4 : temp_65_reload | {1 }
	Port: merge_sort<ap_fixed<16, 6, 5, 3, 0>, config5>_Pipeline_VITIS_LOOP_157_4 : temp_64_reload | {1 }
	Port: merge_sort<ap_fixed<16, 6, 5, 3, 0>, config5>_Pipeline_VITIS_LOOP_157_4 : temp_63_reload | {1 }
	Port: merge_sort<ap_fixed<16, 6, 5, 3, 0>, config5>_Pipeline_VITIS_LOOP_157_4 : temp_62_reload | {1 }
	Port: merge_sort<ap_fixed<16, 6, 5, 3, 0>, config5>_Pipeline_VITIS_LOOP_157_4 : empty | {1 }
	Port: merge_sort<ap_fixed<16, 6, 5, 3, 0>, config5>_Pipeline_VITIS_LOOP_157_4 : k_6_reload | {1 }
	Port: merge_sort<ap_fixed<16, 6, 5, 3, 0>, config5>_Pipeline_VITIS_LOOP_157_4 : mux_case_07711 | {1 }
	Port: merge_sort<ap_fixed<16, 6, 5, 3, 0>, config5>_Pipeline_VITIS_LOOP_157_4 : mux_case_17815 | {1 }
	Port: merge_sort<ap_fixed<16, 6, 5, 3, 0>, config5>_Pipeline_VITIS_LOOP_157_4 : mux_case_27919 | {1 }
  - Chain level:
	State 1
	State 2
		icmp_ln157 : 1
		br_ln157 : 2
		trunc_ln147 : 1
		add_ln159_1 : 1
		temp : 1
		k : 1
		switch_ln159 : 2
		store_ln136 : 2
		store_ln136 : 2
		store_ln136 : 2
		store_ln136 : 2
		store_ln136 : 2
		store_ln136 : 2
		store_ln136 : 2
		store_ln136 : 2
		store_ln147 : 2
		store_ln147 : 2
		write_ln0 : 1
		write_ln0 : 1
		write_ln0 : 1
		write_ln0 : 1
		write_ln0 : 1
		write_ln0 : 1
		write_ln0 : 1
		write_ln0 : 1


============================================================
+ Verbose Summary: Datapath Resource usage 
============================================================

* Functional unit list:
|----------|---------------------------------|---------|---------|
| Operation|         Functional Unit         |    FF   |   LUT   |
|----------|---------------------------------|---------|---------|
|    add   |        add_ln159_1_fu_328       |    0    |    9    |
|          |             k_fu_351            |    0    |    39   |
|----------|---------------------------------|---------|---------|
| sparsemux|           temp_fu_334           |    0    |    14   |
|----------|---------------------------------|---------|---------|
|   icmp   |        icmp_ln157_fu_315        |    0    |    9    |
|----------|---------------------------------|---------|---------|
|          | mux_case_27919_read_read_fu_128 |    0    |    0    |
|          | mux_case_17815_read_read_fu_134 |    0    |    0    |
|          | mux_case_07711_read_read_fu_140 |    0    |    0    |
|          |   k_6_reload_read_read_fu_146   |    0    |    0    |
|          |         tmp_read_fu_152         |    0    |    0    |
|          | temp_62_reload_read_read_fu_158 |    0    |    0    |
|   read   | temp_63_reload_read_read_fu_164 |    0    |    0    |
|          | temp_64_reload_read_read_fu_170 |    0    |    0    |
|          | temp_65_reload_read_read_fu_176 |    0    |    0    |
|          | temp_66_reload_read_read_fu_182 |    0    |    0    |
|          | temp_67_reload_read_read_fu_188 |    0    |    0    |
|          | temp_68_reload_read_read_fu_194 |    0    |    0    |
|          | temp_69_reload_read_read_fu_200 |    0    |    0    |
|----------|---------------------------------|---------|---------|
|          |      write_ln0_write_fu_206     |    0    |    0    |
|          |      write_ln0_write_fu_213     |    0    |    0    |
|          |      write_ln0_write_fu_220     |    0    |    0    |
|   write  |      write_ln0_write_fu_227     |    0    |    0    |
|          |      write_ln0_write_fu_234     |    0    |    0    |
|          |      write_ln0_write_fu_241     |    0    |    0    |
|          |      write_ln0_write_fu_248     |    0    |    0    |
|          |      write_ln0_write_fu_255     |    0    |    0    |
|----------|---------------------------------|---------|---------|
|   trunc  |        trunc_ln147_fu_324       |    0    |    0    |
|----------|---------------------------------|---------|---------|
|   Total  |                                 |    0    |    71   |
|----------|---------------------------------|---------|---------|

Memories:
N/A

* Register list:
+---------------------------+--------+
|                           |   FF   |
+---------------------------+--------+
|         i_reg_446         |    2   |
|        k_8_reg_439        |   32   |
|mux_case_07711_read_reg_519|   32   |
|mux_case_17815_read_reg_514|   32   |
|mux_case_27919_read_reg_509|   32   |
|      temp_70_reg_453      |   32   |
|      temp_71_reg_460      |   32   |
|      temp_72_reg_467      |   32   |
|      temp_73_reg_474      |   32   |
|      temp_74_reg_481      |   32   |
|      temp_75_reg_488      |   32   |
|      temp_76_reg_495      |   32   |
|      temp_77_reg_502      |   32   |
+---------------------------+--------+
|           Total           |   386  |
+---------------------------+--------+

* Multiplexer (MUX) list: 
|--------|------|------|------|--------|
|  Comp  |  Pin | Size |  BW  | S x BW |
|--------|------|------|------|--------|
|  Total |      |      |      |    0   |
|--------|------|------|------|--------|



* Summary:
+-----------+--------+--------+
|           |   FF   |   LUT  |
+-----------+--------+--------+
|  Function |    0   |   71   |
|   Memory  |    -   |    -   |
|Multiplexer|    -   |    -   |
|  Register |   386  |    -   |
+-----------+--------+--------+
|   Total   |   386  |   71   |
+-----------+--------+--------+
