

================================================================
== Vitis HLS Report for 'merge_sort_ap_fixed_16_6_5_3_0_config5_Pipeline_VITIS_LOOP_157_47'
================================================================
* Date:           Tue Mar  4 14:23:39 2025

* Version:        2023.2 (Build 4023990 on Oct 11 2023)
* Project:        myproject_prj
* Solution:       solution1 (Vivado IP Flow Target)
* Product family: virtexuplus
* Target device:  xcvu13p-flga2577-2-e


================================================================
== Performance Estimates
================================================================
+ Timing: 
    * Summary: 
    +--------+---------+----------+------------+
    |  Clock |  Target | Estimated| Uncertainty|
    +--------+---------+----------+------------+
    |ap_clk  |  5.00 ns|  1.267 ns|     0.62 ns|
    +--------+---------+----------+------------+

+ Latency: 
    * Summary: 
    +---------+---------+----------+----------+-----+-----+---------+
    |  Latency (cycles) |  Latency (absolute) |  Interval | Pipeline|
    |   min   |   max   |    min   |    max   | min | max |   Type  |
    +---------+---------+----------+----------+-----+-----+---------+
    |        ?|        ?|         ?|         ?|    ?|    ?|       no|
    +---------+---------+----------+----------+-----+-----+---------+

    + Detail: 
        * Instance: 
        N/A

        * Loop: 
        +--------------------+---------+---------+----------+-----------+-----------+------+----------+
        |                    |  Latency (cycles) | Iteration|  Initiation Interval  | Trip |          |
        |      Loop Name     |   min   |   max   |  Latency |  achieved |   target  | Count| Pipelined|
        +--------------------+---------+---------+----------+-----------+-----------+------+----------+
        |- VITIS_LOOP_157_4  |        ?|        ?|         1|          1|          1|     ?|       yes|
        +--------------------+---------+---------+----------+-----------+-----------+------+----------+

============================================================
+ Verbose Summary: Synthesis Manager
============================================================
InlineROM: 1
ExposeGlobal: 0
============================================================
+ Verbose Summary: CDFG Model
============================================================
IsTopModel: 0
ResetActiveHigh: 1
IsCombinational: 0
IsDatapathOnly: 0
HasWiredReturn: 1
HasMFsm: 2
HasVarLatency: 1
IsPipeline: 0
IsRtlPipelined: 0
IsInstanceOverlapped: 0
IsDontTouch: 0
HasImplIP: 0
IsGatedGlobalClock: 0

+ Individual pipeline summary: 
  * Pipeline-0: initiation interval (II) = 1, depth = 2


============================================================
+ Verbose Summary: Schedule
============================================================
* Number of FSM states : 2
* Pipeline : 1
  Pipeline-0 : II = 1, D = 2, States = { 1 2 }
* Dataflow Pipeline: 0

* FSM state transitions: 
1 --> 2 
2 --> 

* FSM state operations: 

State 1 <SV = 0> <Delay = 0.38>
ST_1 : Operation 4 [1/1] (0.00ns)   --->   "%k = alloca i32 1" [firmware/nnet_utils/nnet_hept.h:147]   --->   Operation 4 'alloca' 'k' <Predicate = true> <Delay = 0.00>
ST_1 : Operation 5 [1/1] (0.00ns)   --->   "%i = alloca i32 1" [firmware/nnet_utils/nnet_hept.h:147]   --->   Operation 5 'alloca' 'i' <Predicate = true> <Delay = 0.00>
ST_1 : Operation 6 [1/1] (0.00ns)   --->   "%temp = alloca i32 1" [firmware/nnet_utils/nnet_hept.h:136]   --->   Operation 6 'alloca' 'temp' <Predicate = true> <Delay = 0.00>
ST_1 : Operation 7 [1/1] (0.00ns)   --->   "%temp_65 = alloca i32 1" [firmware/nnet_utils/nnet_hept.h:136]   --->   Operation 7 'alloca' 'temp_65' <Predicate = true> <Delay = 0.00>
ST_1 : Operation 8 [1/1] (0.00ns)   --->   "%temp_66 = alloca i32 1" [firmware/nnet_utils/nnet_hept.h:136]   --->   Operation 8 'alloca' 'temp_66' <Predicate = true> <Delay = 0.00>
ST_1 : Operation 9 [1/1] (0.00ns)   --->   "%temp_67 = alloca i32 1" [firmware/nnet_utils/nnet_hept.h:136]   --->   Operation 9 'alloca' 'temp_67' <Predicate = true> <Delay = 0.00>
ST_1 : Operation 10 [1/1] (0.00ns)   --->   "%temp_68 = alloca i32 1" [firmware/nnet_utils/nnet_hept.h:136]   --->   Operation 10 'alloca' 'temp_68' <Predicate = true> <Delay = 0.00>
ST_1 : Operation 11 [1/1] (0.00ns)   --->   "%temp_69 = alloca i32 1" [firmware/nnet_utils/nnet_hept.h:136]   --->   Operation 11 'alloca' 'temp_69' <Predicate = true> <Delay = 0.00>
ST_1 : Operation 12 [1/1] (0.00ns)   --->   "%temp_70 = alloca i32 1" [firmware/nnet_utils/nnet_hept.h:136]   --->   Operation 12 'alloca' 'temp_70' <Predicate = true> <Delay = 0.00>
ST_1 : Operation 13 [1/1] (0.00ns)   --->   "%temp_71 = alloca i32 1" [firmware/nnet_utils/nnet_hept.h:136]   --->   Operation 13 'alloca' 'temp_71' <Predicate = true> <Delay = 0.00>
ST_1 : Operation 14 [1/1] (0.00ns)   --->   "%mux_case_6307227_read = read i32 @_ssdm_op_Read.ap_auto.i32, i32 %mux_case_6307227"   --->   Operation 14 'read' 'mux_case_6307227_read' <Predicate = true> <Delay = 0.00>
ST_1 : Operation 15 [1/1] (0.00ns)   --->   "%mux_case_5306223_read = read i32 @_ssdm_op_Read.ap_auto.i32, i32 %mux_case_5306223"   --->   Operation 15 'read' 'mux_case_5306223_read' <Predicate = true> <Delay = 0.00>
ST_1 : Operation 16 [1/1] (0.00ns)   --->   "%mux_case_4305219_read = read i32 @_ssdm_op_Read.ap_auto.i32, i32 %mux_case_4305219"   --->   Operation 16 'read' 'mux_case_4305219_read' <Predicate = true> <Delay = 0.00>
ST_1 : Operation 17 [1/1] (0.00ns)   --->   "%mux_case_3304215_read = read i32 @_ssdm_op_Read.ap_auto.i32, i32 %mux_case_3304215"   --->   Operation 17 'read' 'mux_case_3304215_read' <Predicate = true> <Delay = 0.00>
ST_1 : Operation 18 [1/1] (0.00ns)   --->   "%mux_case_2303211_read = read i32 @_ssdm_op_Read.ap_auto.i32, i32 %mux_case_2303211"   --->   Operation 18 'read' 'mux_case_2303211_read' <Predicate = true> <Delay = 0.00>
ST_1 : Operation 19 [1/1] (0.00ns)   --->   "%mux_case_1302207_read = read i32 @_ssdm_op_Read.ap_auto.i32, i32 %mux_case_1302207"   --->   Operation 19 'read' 'mux_case_1302207_read' <Predicate = true> <Delay = 0.00>
ST_1 : Operation 20 [1/1] (0.00ns)   --->   "%mux_case_0301203_read = read i32 @_ssdm_op_Read.ap_auto.i32, i32 %mux_case_0301203"   --->   Operation 20 'read' 'mux_case_0301203_read' <Predicate = true> <Delay = 0.00>
ST_1 : Operation 21 [1/1] (0.00ns)   --->   "%k_24_reload_read = read i32 @_ssdm_op_Read.ap_auto.i32, i32 %k_24_reload"   --->   Operation 21 'read' 'k_24_reload_read' <Predicate = true> <Delay = 0.00>
ST_1 : Operation 22 [1/1] (0.00ns)   --->   "%tmp = read i3 @_ssdm_op_Read.ap_auto.i3, i3 %empty"   --->   Operation 22 'read' 'tmp' <Predicate = true> <Delay = 0.00>
ST_1 : Operation 23 [1/1] (0.00ns)   --->   "%temp_198_reload_read = read i32 @_ssdm_op_Read.ap_auto.i32, i32 %temp_198_reload"   --->   Operation 23 'read' 'temp_198_reload_read' <Predicate = true> <Delay = 0.00>
ST_1 : Operation 24 [1/1] (0.00ns)   --->   "%temp_199_reload_read = read i32 @_ssdm_op_Read.ap_auto.i32, i32 %temp_199_reload"   --->   Operation 24 'read' 'temp_199_reload_read' <Predicate = true> <Delay = 0.00>
ST_1 : Operation 25 [1/1] (0.00ns)   --->   "%temp_200_reload_read = read i32 @_ssdm_op_Read.ap_auto.i32, i32 %temp_200_reload"   --->   Operation 25 'read' 'temp_200_reload_read' <Predicate = true> <Delay = 0.00>
ST_1 : Operation 26 [1/1] (0.00ns)   --->   "%temp_201_reload_read = read i32 @_ssdm_op_Read.ap_auto.i32, i32 %temp_201_reload"   --->   Operation 26 'read' 'temp_201_reload_read' <Predicate = true> <Delay = 0.00>
ST_1 : Operation 27 [1/1] (0.00ns)   --->   "%temp_202_reload_read = read i32 @_ssdm_op_Read.ap_auto.i32, i32 %temp_202_reload"   --->   Operation 27 'read' 'temp_202_reload_read' <Predicate = true> <Delay = 0.00>
ST_1 : Operation 28 [1/1] (0.00ns)   --->   "%temp_203_reload_read = read i32 @_ssdm_op_Read.ap_auto.i32, i32 %temp_203_reload"   --->   Operation 28 'read' 'temp_203_reload_read' <Predicate = true> <Delay = 0.00>
ST_1 : Operation 29 [1/1] (0.00ns)   --->   "%temp_204_reload_read = read i32 @_ssdm_op_Read.ap_auto.i32, i32 %temp_204_reload"   --->   Operation 29 'read' 'temp_204_reload_read' <Predicate = true> <Delay = 0.00>
ST_1 : Operation 30 [1/1] (0.00ns)   --->   "%temp_205_reload_read = read i32 @_ssdm_op_Read.ap_auto.i32, i32 %temp_205_reload"   --->   Operation 30 'read' 'temp_205_reload_read' <Predicate = true> <Delay = 0.00>
ST_1 : Operation 31 [1/1] (0.38ns)   --->   "%store_ln136 = store i32 %temp_205_reload_read, i32 %temp_71" [firmware/nnet_utils/nnet_hept.h:136]   --->   Operation 31 'store' 'store_ln136' <Predicate = true> <Delay = 0.38>
ST_1 : Operation 32 [1/1] (0.38ns)   --->   "%store_ln136 = store i32 %temp_204_reload_read, i32 %temp_70" [firmware/nnet_utils/nnet_hept.h:136]   --->   Operation 32 'store' 'store_ln136' <Predicate = true> <Delay = 0.38>
ST_1 : Operation 33 [1/1] (0.38ns)   --->   "%store_ln136 = store i32 %temp_203_reload_read, i32 %temp_69" [firmware/nnet_utils/nnet_hept.h:136]   --->   Operation 33 'store' 'store_ln136' <Predicate = true> <Delay = 0.38>
ST_1 : Operation 34 [1/1] (0.38ns)   --->   "%store_ln136 = store i32 %temp_202_reload_read, i32 %temp_68" [firmware/nnet_utils/nnet_hept.h:136]   --->   Operation 34 'store' 'store_ln136' <Predicate = true> <Delay = 0.38>
ST_1 : Operation 35 [1/1] (0.38ns)   --->   "%store_ln136 = store i32 %temp_201_reload_read, i32 %temp_67" [firmware/nnet_utils/nnet_hept.h:136]   --->   Operation 35 'store' 'store_ln136' <Predicate = true> <Delay = 0.38>
ST_1 : Operation 36 [1/1] (0.38ns)   --->   "%store_ln136 = store i32 %temp_200_reload_read, i32 %temp_66" [firmware/nnet_utils/nnet_hept.h:136]   --->   Operation 36 'store' 'store_ln136' <Predicate = true> <Delay = 0.38>
ST_1 : Operation 37 [1/1] (0.38ns)   --->   "%store_ln136 = store i32 %temp_199_reload_read, i32 %temp_65" [firmware/nnet_utils/nnet_hept.h:136]   --->   Operation 37 'store' 'store_ln136' <Predicate = true> <Delay = 0.38>
ST_1 : Operation 38 [1/1] (0.38ns)   --->   "%store_ln136 = store i32 %temp_198_reload_read, i32 %temp" [firmware/nnet_utils/nnet_hept.h:136]   --->   Operation 38 'store' 'store_ln136' <Predicate = true> <Delay = 0.38>
ST_1 : Operation 39 [1/1] (0.38ns)   --->   "%store_ln147 = store i3 %tmp, i3 %i" [firmware/nnet_utils/nnet_hept.h:147]   --->   Operation 39 'store' 'store_ln147' <Predicate = true> <Delay = 0.38>
ST_1 : Operation 40 [1/1] (0.38ns)   --->   "%store_ln147 = store i32 %k_24_reload_read, i32 %k" [firmware/nnet_utils/nnet_hept.h:147]   --->   Operation 40 'store' 'store_ln147' <Predicate = true> <Delay = 0.38>
ST_1 : Operation 41 [1/1] (0.00ns)   --->   "%br_ln0 = br void %while.body45.3"   --->   Operation 41 'br' 'br_ln0' <Predicate = true> <Delay = 0.00>

State 2 <SV = 1> <Delay = 1.26>
ST_2 : Operation 42 [1/1] (0.00ns)   --->   "%i_1 = load i3 %i" [firmware/nnet_utils/nnet_hept.h:159]   --->   Operation 42 'load' 'i_1' <Predicate = true> <Delay = 0.00>
ST_2 : Operation 43 [1/1] (0.57ns)   --->   "%icmp_ln157 = icmp_eq  i3 %i_1, i3 7" [firmware/nnet_utils/nnet_hept.h:157]   --->   Operation 43 'icmp' 'icmp_ln157' <Predicate = true> <Delay = 0.57> <CoreInst = "Cmp">   --->   Core 9 'Cmp' <Latency = 0> <II = 1> <Delay = 0.57> <FuncUnit> <Opcode : 'icmp'> <InPorts = 2> <OutPorts = 1>
ST_2 : Operation 44 [1/1] (0.00ns)   --->   "%br_ln157 = br i1 %icmp_ln157, void %while.body45.3.split, void %VITIS_LOOP_161_5.3.loopexit.exitStub" [firmware/nnet_utils/nnet_hept.h:157]   --->   Operation 44 'br' 'br_ln157' <Predicate = true> <Delay = 0.00>
ST_2 : Operation 45 [1/1] (0.00ns)   --->   "%k_load = load i32 %k" [firmware/nnet_utils/nnet_hept.h:147]   --->   Operation 45 'load' 'k_load' <Predicate = (!icmp_ln157)> <Delay = 0.00>
ST_2 : Operation 46 [1/1] (0.00ns)   --->   "%specpipeline_ln158 = specpipeline void @_ssdm_op_SpecPipeline, i32 4294967295, i32 0, i32 0, i32 0, void @empty_0" [firmware/nnet_utils/nnet_hept.h:158]   --->   Operation 46 'specpipeline' 'specpipeline_ln158' <Predicate = (!icmp_ln157)> <Delay = 0.00>
ST_2 : Operation 47 [1/1] (0.00ns)   --->   "%specloopname_ln157 = specloopname void @_ssdm_op_SpecLoopName, void @empty_4" [firmware/nnet_utils/nnet_hept.h:157]   --->   Operation 47 'specloopname' 'specloopname_ln157' <Predicate = (!icmp_ln157)> <Delay = 0.00>
ST_2 : Operation 48 [1/1] (0.00ns)   --->   "%trunc_ln147 = trunc i32 %k_load" [firmware/nnet_utils/nnet_hept.h:147]   --->   Operation 48 'trunc' 'trunc_ln147' <Predicate = (!icmp_ln157)> <Delay = 0.00>
ST_2 : Operation 49 [1/1] (0.57ns)   --->   "%add_ln159 = add i3 %i_1, i3 1" [firmware/nnet_utils/nnet_hept.h:159]   --->   Operation 49 'add' 'add_ln159' <Predicate = (!icmp_ln157)> <Delay = 0.57> <CoreInst = "Adder">   --->   Core 1 'Adder' <Latency = 0> <II = 1> <Delay = 0.57> <FuncUnit> <Opcode : 'add' 'sub'> <InPorts = 2> <OutPorts = 1>
ST_2 : Operation 50 [1/1] (0.55ns)   --->   "%temp_72 = sparsemux i32 @_ssdm_op_SparseMux.ap_auto.7i32.i32.i3, i3 0, i32 %mux_case_0301203_read, i3 1, i32 %mux_case_1302207_read, i3 2, i32 %mux_case_2303211_read, i3 3, i32 %mux_case_3304215_read, i3 4, i32 %mux_case_4305219_read, i3 5, i32 %mux_case_5306223_read, i3 6, i32 %mux_case_6307227_read, i32 0, i3 %i_1" [firmware/nnet_utils/nnet_hept.h:159]   --->   Operation 50 'sparsemux' 'temp_72' <Predicate = (!icmp_ln157)> <Delay = 0.55> <CoreInst = "SparseMux">   --->   Core 147 'SparseMux' <Latency = 0> <II = 1> <Delay = 0.55> <FuncUnit> <Opcode : 'sparsemux'> <InPorts = 2> <OutPorts = 1>
ST_2 : Operation 51 [1/1] (0.88ns)   --->   "%k_8 = add i32 %k_load, i32 1" [firmware/nnet_utils/nnet_hept.h:159]   --->   Operation 51 'add' 'k_8' <Predicate = (!icmp_ln157)> <Delay = 0.88> <CoreInst = "Adder">   --->   Core 1 'Adder' <Latency = 0> <II = 1> <Delay = 0.88> <FuncUnit> <Opcode : 'add' 'sub'> <InPorts = 2> <OutPorts = 1>
ST_2 : Operation 52 [1/1] (0.67ns)   --->   "%switch_ln159 = switch i3 %trunc_ln147, void %arrayidx51.3.case.7, i3 0, void %while.body45.3.split.arrayidx51.3.exit_crit_edge18, i3 1, void %arrayidx51.3.case.1, i3 2, void %arrayidx51.3.case.2, i3 3, void %arrayidx51.3.case.3, i3 4, void %arrayidx51.3.case.4, i3 5, void %arrayidx51.3.case.5, i3 6, void %while.body45.3.split.arrayidx51.3.exit_crit_edge" [firmware/nnet_utils/nnet_hept.h:159]   --->   Operation 52 'switch' 'switch_ln159' <Predicate = (!icmp_ln157)> <Delay = 0.67>
ST_2 : Operation 53 [1/1] (0.38ns)   --->   "%store_ln136 = store i32 %temp_72, i32 %temp_70" [firmware/nnet_utils/nnet_hept.h:136]   --->   Operation 53 'store' 'store_ln136' <Predicate = (!icmp_ln157 & trunc_ln147 == 6)> <Delay = 0.38>
ST_2 : Operation 54 [1/1] (0.00ns)   --->   "%br_ln159 = br void %arrayidx51.3.exit" [firmware/nnet_utils/nnet_hept.h:159]   --->   Operation 54 'br' 'br_ln159' <Predicate = (!icmp_ln157 & trunc_ln147 == 6)> <Delay = 0.00>
ST_2 : Operation 55 [1/1] (0.38ns)   --->   "%store_ln136 = store i32 %temp_72, i32 %temp_69" [firmware/nnet_utils/nnet_hept.h:136]   --->   Operation 55 'store' 'store_ln136' <Predicate = (!icmp_ln157 & trunc_ln147 == 5)> <Delay = 0.38>
ST_2 : Operation 56 [1/1] (0.00ns)   --->   "%br_ln159 = br void %arrayidx51.3.exit" [firmware/nnet_utils/nnet_hept.h:159]   --->   Operation 56 'br' 'br_ln159' <Predicate = (!icmp_ln157 & trunc_ln147 == 5)> <Delay = 0.00>
ST_2 : Operation 57 [1/1] (0.38ns)   --->   "%store_ln136 = store i32 %temp_72, i32 %temp_68" [firmware/nnet_utils/nnet_hept.h:136]   --->   Operation 57 'store' 'store_ln136' <Predicate = (!icmp_ln157 & trunc_ln147 == 4)> <Delay = 0.38>
ST_2 : Operation 58 [1/1] (0.00ns)   --->   "%br_ln159 = br void %arrayidx51.3.exit" [firmware/nnet_utils/nnet_hept.h:159]   --->   Operation 58 'br' 'br_ln159' <Predicate = (!icmp_ln157 & trunc_ln147 == 4)> <Delay = 0.00>
ST_2 : Operation 59 [1/1] (0.38ns)   --->   "%store_ln136 = store i32 %temp_72, i32 %temp_67" [firmware/nnet_utils/nnet_hept.h:136]   --->   Operation 59 'store' 'store_ln136' <Predicate = (!icmp_ln157 & trunc_ln147 == 3)> <Delay = 0.38>
ST_2 : Operation 60 [1/1] (0.00ns)   --->   "%br_ln159 = br void %arrayidx51.3.exit" [firmware/nnet_utils/nnet_hept.h:159]   --->   Operation 60 'br' 'br_ln159' <Predicate = (!icmp_ln157 & trunc_ln147 == 3)> <Delay = 0.00>
ST_2 : Operation 61 [1/1] (0.38ns)   --->   "%store_ln136 = store i32 %temp_72, i32 %temp_66" [firmware/nnet_utils/nnet_hept.h:136]   --->   Operation 61 'store' 'store_ln136' <Predicate = (!icmp_ln157 & trunc_ln147 == 2)> <Delay = 0.38>
ST_2 : Operation 62 [1/1] (0.00ns)   --->   "%br_ln159 = br void %arrayidx51.3.exit" [firmware/nnet_utils/nnet_hept.h:159]   --->   Operation 62 'br' 'br_ln159' <Predicate = (!icmp_ln157 & trunc_ln147 == 2)> <Delay = 0.00>
ST_2 : Operation 63 [1/1] (0.38ns)   --->   "%store_ln136 = store i32 %temp_72, i32 %temp_65" [firmware/nnet_utils/nnet_hept.h:136]   --->   Operation 63 'store' 'store_ln136' <Predicate = (!icmp_ln157 & trunc_ln147 == 1)> <Delay = 0.38>
ST_2 : Operation 64 [1/1] (0.00ns)   --->   "%br_ln159 = br void %arrayidx51.3.exit" [firmware/nnet_utils/nnet_hept.h:159]   --->   Operation 64 'br' 'br_ln159' <Predicate = (!icmp_ln157 & trunc_ln147 == 1)> <Delay = 0.00>
ST_2 : Operation 65 [1/1] (0.38ns)   --->   "%store_ln136 = store i32 %temp_72, i32 %temp" [firmware/nnet_utils/nnet_hept.h:136]   --->   Operation 65 'store' 'store_ln136' <Predicate = (!icmp_ln157 & trunc_ln147 == 0)> <Delay = 0.38>
ST_2 : Operation 66 [1/1] (0.00ns)   --->   "%br_ln159 = br void %arrayidx51.3.exit" [firmware/nnet_utils/nnet_hept.h:159]   --->   Operation 66 'br' 'br_ln159' <Predicate = (!icmp_ln157 & trunc_ln147 == 0)> <Delay = 0.00>
ST_2 : Operation 67 [1/1] (0.38ns)   --->   "%store_ln136 = store i32 %temp_72, i32 %temp_71" [firmware/nnet_utils/nnet_hept.h:136]   --->   Operation 67 'store' 'store_ln136' <Predicate = (!icmp_ln157 & trunc_ln147 == 7)> <Delay = 0.38>
ST_2 : Operation 68 [1/1] (0.00ns)   --->   "%br_ln159 = br void %arrayidx51.3.exit" [firmware/nnet_utils/nnet_hept.h:159]   --->   Operation 68 'br' 'br_ln159' <Predicate = (!icmp_ln157 & trunc_ln147 == 7)> <Delay = 0.00>
ST_2 : Operation 69 [1/1] (0.38ns)   --->   "%store_ln147 = store i3 %add_ln159, i3 %i" [firmware/nnet_utils/nnet_hept.h:147]   --->   Operation 69 'store' 'store_ln147' <Predicate = (!icmp_ln157)> <Delay = 0.38>
ST_2 : Operation 70 [1/1] (0.38ns)   --->   "%store_ln147 = store i32 %k_8, i32 %k" [firmware/nnet_utils/nnet_hept.h:147]   --->   Operation 70 'store' 'store_ln147' <Predicate = (!icmp_ln157)> <Delay = 0.38>
ST_2 : Operation 71 [1/1] (0.00ns)   --->   "%br_ln157 = br void %while.body45.3" [firmware/nnet_utils/nnet_hept.h:157]   --->   Operation 71 'br' 'br_ln157' <Predicate = (!icmp_ln157)> <Delay = 0.00>
ST_2 : Operation 72 [1/1] (0.00ns)   --->   "%temp_load = load i32 %temp"   --->   Operation 72 'load' 'temp_load' <Predicate = (icmp_ln157)> <Delay = 0.00>
ST_2 : Operation 73 [1/1] (0.00ns)   --->   "%temp_65_load = load i32 %temp_65"   --->   Operation 73 'load' 'temp_65_load' <Predicate = (icmp_ln157)> <Delay = 0.00>
ST_2 : Operation 74 [1/1] (0.00ns)   --->   "%temp_66_load = load i32 %temp_66"   --->   Operation 74 'load' 'temp_66_load' <Predicate = (icmp_ln157)> <Delay = 0.00>
ST_2 : Operation 75 [1/1] (0.00ns)   --->   "%temp_67_load = load i32 %temp_67"   --->   Operation 75 'load' 'temp_67_load' <Predicate = (icmp_ln157)> <Delay = 0.00>
ST_2 : Operation 76 [1/1] (0.00ns)   --->   "%temp_68_load = load i32 %temp_68"   --->   Operation 76 'load' 'temp_68_load' <Predicate = (icmp_ln157)> <Delay = 0.00>
ST_2 : Operation 77 [1/1] (0.00ns)   --->   "%temp_69_load = load i32 %temp_69"   --->   Operation 77 'load' 'temp_69_load' <Predicate = (icmp_ln157)> <Delay = 0.00>
ST_2 : Operation 78 [1/1] (0.00ns)   --->   "%temp_70_load = load i32 %temp_70"   --->   Operation 78 'load' 'temp_70_load' <Predicate = (icmp_ln157)> <Delay = 0.00>
ST_2 : Operation 79 [1/1] (0.00ns)   --->   "%temp_71_load = load i32 %temp_71"   --->   Operation 79 'load' 'temp_71_load' <Predicate = (icmp_ln157)> <Delay = 0.00>
ST_2 : Operation 80 [1/1] (0.00ns)   --->   "%write_ln0 = write void @_ssdm_op_Write.ap_auto.i32P0A, i32 %temp_213_out, i32 %temp_71_load"   --->   Operation 80 'write' 'write_ln0' <Predicate = (icmp_ln157)> <Delay = 0.00>
ST_2 : Operation 81 [1/1] (0.00ns)   --->   "%write_ln0 = write void @_ssdm_op_Write.ap_auto.i32P0A, i32 %temp_212_out, i32 %temp_70_load"   --->   Operation 81 'write' 'write_ln0' <Predicate = (icmp_ln157)> <Delay = 0.00>
ST_2 : Operation 82 [1/1] (0.00ns)   --->   "%write_ln0 = write void @_ssdm_op_Write.ap_auto.i32P0A, i32 %temp_211_out, i32 %temp_69_load"   --->   Operation 82 'write' 'write_ln0' <Predicate = (icmp_ln157)> <Delay = 0.00>
ST_2 : Operation 83 [1/1] (0.00ns)   --->   "%write_ln0 = write void @_ssdm_op_Write.ap_auto.i32P0A, i32 %temp_210_out, i32 %temp_68_load"   --->   Operation 83 'write' 'write_ln0' <Predicate = (icmp_ln157)> <Delay = 0.00>
ST_2 : Operation 84 [1/1] (0.00ns)   --->   "%write_ln0 = write void @_ssdm_op_Write.ap_auto.i32P0A, i32 %temp_209_out, i32 %temp_67_load"   --->   Operation 84 'write' 'write_ln0' <Predicate = (icmp_ln157)> <Delay = 0.00>
ST_2 : Operation 85 [1/1] (0.00ns)   --->   "%write_ln0 = write void @_ssdm_op_Write.ap_auto.i32P0A, i32 %temp_208_out, i32 %temp_66_load"   --->   Operation 85 'write' 'write_ln0' <Predicate = (icmp_ln157)> <Delay = 0.00>
ST_2 : Operation 86 [1/1] (0.00ns)   --->   "%write_ln0 = write void @_ssdm_op_Write.ap_auto.i32P0A, i32 %temp_207_out, i32 %temp_65_load"   --->   Operation 86 'write' 'write_ln0' <Predicate = (icmp_ln157)> <Delay = 0.00>
ST_2 : Operation 87 [1/1] (0.00ns)   --->   "%write_ln0 = write void @_ssdm_op_Write.ap_auto.i32P0A, i32 %temp_206_out, i32 %temp_load"   --->   Operation 87 'write' 'write_ln0' <Predicate = (icmp_ln157)> <Delay = 0.00>
ST_2 : Operation 88 [1/1] (0.00ns)   --->   "%ret_ln0 = ret"   --->   Operation 88 'ret' 'ret_ln0' <Predicate = (icmp_ln157)> <Delay = 0.00>


============================================================
+ Verbose Summary: Binding
============================================================
STG Binding: 
---------------- STG Properties BEGIN ----------------
- Is combinational: 0
- Is one-state seq: 0
- Is datapath-only: 0
- Is pipelined: 0
- Is top level: 0
Port [ Return ] is wired: 1; IO mode=ap_ctrl_hs:ce=0
Port [ temp_205_reload]:  wired=1; compound=0; hidden=0; nouse=0; global=0; static=0; extern=0; dir=0; type=0; pingpong=0; private_global=0; IO mode=ap_none:ce=0
Port [ temp_204_reload]:  wired=1; compound=0; hidden=0; nouse=0; global=0; static=0; extern=0; dir=0; type=0; pingpong=0; private_global=0; IO mode=ap_none:ce=0
Port [ temp_203_reload]:  wired=1; compound=0; hidden=0; nouse=0; global=0; static=0; extern=0; dir=0; type=0; pingpong=0; private_global=0; IO mode=ap_none:ce=0
Port [ temp_202_reload]:  wired=1; compound=0; hidden=0; nouse=0; global=0; static=0; extern=0; dir=0; type=0; pingpong=0; private_global=0; IO mode=ap_none:ce=0
Port [ temp_201_reload]:  wired=1; compound=0; hidden=0; nouse=0; global=0; static=0; extern=0; dir=0; type=0; pingpong=0; private_global=0; IO mode=ap_none:ce=0
Port [ temp_200_reload]:  wired=1; compound=0; hidden=0; nouse=0; global=0; static=0; extern=0; dir=0; type=0; pingpong=0; private_global=0; IO mode=ap_none:ce=0
Port [ temp_199_reload]:  wired=1; compound=0; hidden=0; nouse=0; global=0; static=0; extern=0; dir=0; type=0; pingpong=0; private_global=0; IO mode=ap_none:ce=0
Port [ temp_198_reload]:  wired=1; compound=0; hidden=0; nouse=0; global=0; static=0; extern=0; dir=0; type=0; pingpong=0; private_global=0; IO mode=ap_none:ce=0
Port [ empty]:  wired=1; compound=0; hidden=0; nouse=0; global=0; static=0; extern=0; dir=0; type=0; pingpong=0; private_global=0; IO mode=ap_none:ce=0
Port [ k_24_reload]:  wired=1; compound=0; hidden=0; nouse=0; global=0; static=0; extern=0; dir=0; type=0; pingpong=0; private_global=0; IO mode=ap_none:ce=0
Port [ mux_case_0301203]:  wired=1; compound=0; hidden=0; nouse=0; global=0; static=0; extern=0; dir=0; type=0; pingpong=0; private_global=0; IO mode=ap_none:ce=0
Port [ mux_case_1302207]:  wired=1; compound=0; hidden=0; nouse=0; global=0; static=0; extern=0; dir=0; type=0; pingpong=0; private_global=0; IO mode=ap_none:ce=0
Port [ mux_case_2303211]:  wired=1; compound=0; hidden=0; nouse=0; global=0; static=0; extern=0; dir=0; type=0; pingpong=0; private_global=0; IO mode=ap_none:ce=0
Port [ mux_case_3304215]:  wired=1; compound=0; hidden=0; nouse=0; global=0; static=0; extern=0; dir=0; type=0; pingpong=0; private_global=0; IO mode=ap_none:ce=0
Port [ mux_case_4305219]:  wired=1; compound=0; hidden=0; nouse=0; global=0; static=0; extern=0; dir=0; type=0; pingpong=0; private_global=0; IO mode=ap_none:ce=0
Port [ mux_case_5306223]:  wired=1; compound=0; hidden=0; nouse=0; global=0; static=0; extern=0; dir=0; type=0; pingpong=0; private_global=0; IO mode=ap_none:ce=0
Port [ mux_case_6307227]:  wired=1; compound=0; hidden=0; nouse=0; global=0; static=0; extern=0; dir=0; type=0; pingpong=0; private_global=0; IO mode=ap_none:ce=0
Port [ temp_213_out]:  wired=1; compound=0; hidden=0; nouse=0; global=0; static=0; extern=0; dir=1; type=0; pingpong=0; private_global=0; IO mode=ap_vld:ce=0
Port [ temp_212_out]:  wired=1; compound=0; hidden=0; nouse=0; global=0; static=0; extern=0; dir=1; type=0; pingpong=0; private_global=0; IO mode=ap_vld:ce=0
Port [ temp_211_out]:  wired=1; compound=0; hidden=0; nouse=0; global=0; static=0; extern=0; dir=1; type=0; pingpong=0; private_global=0; IO mode=ap_vld:ce=0
Port [ temp_210_out]:  wired=1; compound=0; hidden=0; nouse=0; global=0; static=0; extern=0; dir=1; type=0; pingpong=0; private_global=0; IO mode=ap_vld:ce=0
Port [ temp_209_out]:  wired=1; compound=0; hidden=0; nouse=0; global=0; static=0; extern=0; dir=1; type=0; pingpong=0; private_global=0; IO mode=ap_vld:ce=0
Port [ temp_208_out]:  wired=1; compound=0; hidden=0; nouse=0; global=0; static=0; extern=0; dir=1; type=0; pingpong=0; private_global=0; IO mode=ap_vld:ce=0
Port [ temp_207_out]:  wired=1; compound=0; hidden=0; nouse=0; global=0; static=0; extern=0; dir=1; type=0; pingpong=0; private_global=0; IO mode=ap_vld:ce=0
Port [ temp_206_out]:  wired=1; compound=0; hidden=0; nouse=0; global=0; static=0; extern=0; dir=1; type=0; pingpong=0; private_global=0; IO mode=ap_vld:ce=0
---------------- STG Properties END ------------------

---------------- Datapath Model BEGIN ----------------

<LifeTime>
<method=bitvector/>
k                     (alloca      ) [ 011]
i                     (alloca      ) [ 011]
temp                  (alloca      ) [ 011]
temp_65               (alloca      ) [ 011]
temp_66               (alloca      ) [ 011]
temp_67               (alloca      ) [ 011]
temp_68               (alloca      ) [ 011]
temp_69               (alloca      ) [ 011]
temp_70               (alloca      ) [ 011]
temp_71               (alloca      ) [ 011]
mux_case_6307227_read (read        ) [ 011]
mux_case_5306223_read (read        ) [ 011]
mux_case_4305219_read (read        ) [ 011]
mux_case_3304215_read (read        ) [ 011]
mux_case_2303211_read (read        ) [ 011]
mux_case_1302207_read (read        ) [ 011]
mux_case_0301203_read (read        ) [ 011]
k_24_reload_read      (read        ) [ 000]
tmp                   (read        ) [ 000]
temp_198_reload_read  (read        ) [ 000]
temp_199_reload_read  (read        ) [ 000]
temp_200_reload_read  (read        ) [ 000]
temp_201_reload_read  (read        ) [ 000]
temp_202_reload_read  (read        ) [ 000]
temp_203_reload_read  (read        ) [ 000]
temp_204_reload_read  (read        ) [ 000]
temp_205_reload_read  (read        ) [ 000]
store_ln136           (store       ) [ 000]
store_ln136           (store       ) [ 000]
store_ln136           (store       ) [ 000]
store_ln136           (store       ) [ 000]
store_ln136           (store       ) [ 000]
store_ln136           (store       ) [ 000]
store_ln136           (store       ) [ 000]
store_ln136           (store       ) [ 000]
store_ln147           (store       ) [ 000]
store_ln147           (store       ) [ 000]
br_ln0                (br          ) [ 000]
i_1                   (load        ) [ 000]
icmp_ln157            (icmp        ) [ 011]
br_ln157              (br          ) [ 000]
k_load                (load        ) [ 000]
specpipeline_ln158    (specpipeline) [ 000]
specloopname_ln157    (specloopname) [ 000]
trunc_ln147           (trunc       ) [ 011]
add_ln159             (add         ) [ 000]
temp_72               (sparsemux   ) [ 000]
k_8                   (add         ) [ 000]
switch_ln159          (switch      ) [ 000]
store_ln136           (store       ) [ 000]
br_ln159              (br          ) [ 000]
store_ln136           (store       ) [ 000]
br_ln159              (br          ) [ 000]
store_ln136           (store       ) [ 000]
br_ln159              (br          ) [ 000]
store_ln136           (store       ) [ 000]
br_ln159              (br          ) [ 000]
store_ln136           (store       ) [ 000]
br_ln159              (br          ) [ 000]
store_ln136           (store       ) [ 000]
br_ln159              (br          ) [ 000]
store_ln136           (store       ) [ 000]
br_ln159              (br          ) [ 000]
store_ln136           (store       ) [ 000]
br_ln159              (br          ) [ 000]
store_ln147           (store       ) [ 000]
store_ln147           (store       ) [ 000]
br_ln157              (br          ) [ 000]
temp_load             (load        ) [ 000]
temp_65_load          (load        ) [ 000]
temp_66_load          (load        ) [ 000]
temp_67_load          (load        ) [ 000]
temp_68_load          (load        ) [ 000]
temp_69_load          (load        ) [ 000]
temp_70_load          (load        ) [ 000]
temp_71_load          (load        ) [ 000]
write_ln0             (write       ) [ 000]
write_ln0             (write       ) [ 000]
write_ln0             (write       ) [ 000]
write_ln0             (write       ) [ 000]
write_ln0             (write       ) [ 000]
write_ln0             (write       ) [ 000]
write_ln0             (write       ) [ 000]
write_ln0             (write       ) [ 000]
ret_ln0               (ret         ) [ 000]
</LifeTime>

<model>

<comp_list>
<comp id="0" class="1000" name="temp_205_reload">
<pin_list>
<pin id="1" dir="1" index="0" bw="1" slack="0"/>
</pin_list>
<bind>
<StgValue><ssdm name="temp_205_reload"/></StgValue>
</bind>
</comp>

<comp id="2" class="1000" name="temp_204_reload">
<pin_list>
<pin id="3" dir="1" index="0" bw="1" slack="0"/>
</pin_list>
<bind>
<StgValue><ssdm name="temp_204_reload"/></StgValue>
</bind>
</comp>

<comp id="4" class="1000" name="temp_203_reload">
<pin_list>
<pin id="5" dir="1" index="0" bw="1" slack="0"/>
</pin_list>
<bind>
<StgValue><ssdm name="temp_203_reload"/></StgValue>
</bind>
</comp>

<comp id="6" class="1000" name="temp_202_reload">
<pin_list>
<pin id="7" dir="1" index="0" bw="1" slack="0"/>
</pin_list>
<bind>
<StgValue><ssdm name="temp_202_reload"/></StgValue>
</bind>
</comp>

<comp id="8" class="1000" name="temp_201_reload">
<pin_list>
<pin id="9" dir="1" index="0" bw="1" slack="0"/>
</pin_list>
<bind>
<StgValue><ssdm name="temp_201_reload"/></StgValue>
</bind>
</comp>

<comp id="10" class="1000" name="temp_200_reload">
<pin_list>
<pin id="11" dir="1" index="0" bw="1" slack="0"/>
</pin_list>
<bind>
<StgValue><ssdm name="temp_200_reload"/></StgValue>
</bind>
</comp>

<comp id="12" class="1000" name="temp_199_reload">
<pin_list>
<pin id="13" dir="1" index="0" bw="1" slack="0"/>
</pin_list>
<bind>
<StgValue><ssdm name="temp_199_reload"/></StgValue>
</bind>
</comp>

<comp id="14" class="1000" name="temp_198_reload">
<pin_list>
<pin id="15" dir="1" index="0" bw="1" slack="0"/>
</pin_list>
<bind>
<StgValue><ssdm name="temp_198_reload"/></StgValue>
</bind>
</comp>

<comp id="16" class="1000" name="empty">
<pin_list>
<pin id="17" dir="1" index="0" bw="1" slack="0"/>
</pin_list>
<bind>
<StgValue><ssdm name="empty"/></StgValue>
</bind>
</comp>

<comp id="18" class="1000" name="k_24_reload">
<pin_list>
<pin id="19" dir="1" index="0" bw="1" slack="0"/>
</pin_list>
<bind>
<StgValue><ssdm name="k_24_reload"/></StgValue>
</bind>
</comp>

<comp id="20" class="1000" name="mux_case_0301203">
<pin_list>
<pin id="21" dir="1" index="0" bw="1" slack="0"/>
</pin_list>
<bind>
<StgValue><ssdm name="mux_case_0301203"/></StgValue>
</bind>
</comp>

<comp id="22" class="1000" name="mux_case_1302207">
<pin_list>
<pin id="23" dir="1" index="0" bw="1" slack="0"/>
</pin_list>
<bind>
<StgValue><ssdm name="mux_case_1302207"/></StgValue>
</bind>
</comp>

<comp id="24" class="1000" name="mux_case_2303211">
<pin_list>
<pin id="25" dir="1" index="0" bw="1" slack="0"/>
</pin_list>
<bind>
<StgValue><ssdm name="mux_case_2303211"/></StgValue>
</bind>
</comp>

<comp id="26" class="1000" name="mux_case_3304215">
<pin_list>
<pin id="27" dir="1" index="0" bw="1" slack="0"/>
</pin_list>
<bind>
<StgValue><ssdm name="mux_case_3304215"/></StgValue>
</bind>
</comp>

<comp id="28" class="1000" name="mux_case_4305219">
<pin_list>
<pin id="29" dir="1" index="0" bw="1" slack="0"/>
</pin_list>
<bind>
<StgValue><ssdm name="mux_case_4305219"/></StgValue>
</bind>
</comp>

<comp id="30" class="1000" name="mux_case_5306223">
<pin_list>
<pin id="31" dir="1" index="0" bw="1" slack="0"/>
</pin_list>
<bind>
<StgValue><ssdm name="mux_case_5306223"/></StgValue>
</bind>
</comp>

<comp id="32" class="1000" name="mux_case_6307227">
<pin_list>
<pin id="33" dir="1" index="0" bw="1" slack="0"/>
</pin_list>
<bind>
<StgValue><ssdm name="mux_case_6307227"/></StgValue>
</bind>
</comp>

<comp id="34" class="1000" name="temp_213_out">
<pin_list>
<pin id="35" dir="1" index="0" bw="1" slack="0"/>
</pin_list>
<bind>
<StgValue><ssdm name="temp_213_out"/></StgValue>
</bind>
</comp>

<comp id="36" class="1000" name="temp_212_out">
<pin_list>
<pin id="37" dir="1" index="0" bw="1" slack="0"/>
</pin_list>
<bind>
<StgValue><ssdm name="temp_212_out"/></StgValue>
</bind>
</comp>

<comp id="38" class="1000" name="temp_211_out">
<pin_list>
<pin id="39" dir="1" index="0" bw="1" slack="0"/>
</pin_list>
<bind>
<StgValue><ssdm name="temp_211_out"/></StgValue>
</bind>
</comp>

<comp id="40" class="1000" name="temp_210_out">
<pin_list>
<pin id="41" dir="1" index="0" bw="1" slack="0"/>
</pin_list>
<bind>
<StgValue><ssdm name="temp_210_out"/></StgValue>
</bind>
</comp>

<comp id="42" class="1000" name="temp_209_out">
<pin_list>
<pin id="43" dir="1" index="0" bw="1" slack="0"/>
</pin_list>
<bind>
<StgValue><ssdm name="temp_209_out"/></StgValue>
</bind>
</comp>

<comp id="44" class="1000" name="temp_208_out">
<pin_list>
<pin id="45" dir="1" index="0" bw="1" slack="0"/>
</pin_list>
<bind>
<StgValue><ssdm name="temp_208_out"/></StgValue>
</bind>
</comp>

<comp id="46" class="1000" name="temp_207_out">
<pin_list>
<pin id="47" dir="1" index="0" bw="1" slack="0"/>
</pin_list>
<bind>
<StgValue><ssdm name="temp_207_out"/></StgValue>
</bind>
</comp>

<comp id="48" class="1000" name="temp_206_out">
<pin_list>
<pin id="49" dir="1" index="0" bw="1" slack="0"/>
</pin_list>
<bind>
<StgValue><ssdm name="temp_206_out"/></StgValue>
</bind>
</comp>

<comp id="50" class="1001" name="const_50">
<pin_list>
<pin id="51" dir="1" index="0" bw="1" slack="0"/>
</pin_list>
<bind>
<StgValue><ssdm name=""/></StgValue>
</bind>
</comp>

<comp id="52" class="1001" name="const_52">
<pin_list>
<pin id="53" dir="1" index="0" bw="1" slack="0"/>
</pin_list>
<bind>
<StgValue><ssdm name="_ssdm_op_Read.ap_auto.i32"/></StgValue>
</bind>
</comp>

<comp id="54" class="1001" name="const_54">
<pin_list>
<pin id="55" dir="1" index="0" bw="1" slack="0"/>
</pin_list>
<bind>
<StgValue><ssdm name="_ssdm_op_Read.ap_auto.i3"/></StgValue>
</bind>
</comp>

<comp id="56" class="1001" name="const_56">
<pin_list>
<pin id="57" dir="1" index="0" bw="1" slack="0"/>
</pin_list>
<bind>
<StgValue><ssdm name=""/></StgValue>
</bind>
</comp>

<comp id="58" class="1001" name="const_58">
<pin_list>
<pin id="59" dir="1" index="0" bw="1" slack="2147483647"/>
</pin_list>
<bind>
<StgValue><ssdm name="_ssdm_op_SpecPipeline"/></StgValue>
</bind>
</comp>

<comp id="60" class="1001" name="const_60">
<pin_list>
<pin id="61" dir="1" index="0" bw="1" slack="2147483647"/>
</pin_list>
<bind>
<StgValue><ssdm name=""/></StgValue>
</bind>
</comp>

<comp id="62" class="1001" name="const_62">
<pin_list>
<pin id="63" dir="1" index="0" bw="1" slack="2147483647"/>
</pin_list>
<bind>
<StgValue><ssdm name=""/></StgValue>
</bind>
</comp>

<comp id="64" class="1001" name="const_64">
<pin_list>
<pin id="65" dir="1" index="0" bw="1" slack="2147483647"/>
</pin_list>
<bind>
<StgValue><ssdm name="empty_0"/></StgValue>
</bind>
</comp>

<comp id="66" class="1001" name="const_66">
<pin_list>
<pin id="67" dir="1" index="0" bw="1" slack="2147483647"/>
</pin_list>
<bind>
<StgValue><ssdm name="_ssdm_op_SpecLoopName"/></StgValue>
</bind>
</comp>

<comp id="68" class="1001" name="const_68">
<pin_list>
<pin id="69" dir="1" index="0" bw="1" slack="2147483647"/>
</pin_list>
<bind>
<StgValue><ssdm name="empty_4"/></StgValue>
</bind>
</comp>

<comp id="70" class="1001" name="const_70">
<pin_list>
<pin id="71" dir="1" index="0" bw="1" slack="0"/>
</pin_list>
<bind>
<StgValue><ssdm name=""/></StgValue>
</bind>
</comp>

<comp id="72" class="1001" name="const_72">
<pin_list>
<pin id="73" dir="1" index="0" bw="1" slack="0"/>
</pin_list>
<bind>
<StgValue><ssdm name="_ssdm_op_SparseMux.ap_auto.7i32.i32.i3"/></StgValue>
</bind>
</comp>

<comp id="74" class="1001" name="const_74">
<pin_list>
<pin id="75" dir="1" index="0" bw="1" slack="0"/>
</pin_list>
<bind>
<StgValue><ssdm name=""/></StgValue>
</bind>
</comp>

<comp id="76" class="1001" name="const_76">
<pin_list>
<pin id="77" dir="1" index="0" bw="1" slack="0"/>
</pin_list>
<bind>
<StgValue><ssdm name=""/></StgValue>
</bind>
</comp>

<comp id="78" class="1001" name="const_78">
<pin_list>
<pin id="79" dir="1" index="0" bw="1" slack="0"/>
</pin_list>
<bind>
<StgValue><ssdm name=""/></StgValue>
</bind>
</comp>

<comp id="80" class="1001" name="const_80">
<pin_list>
<pin id="81" dir="1" index="0" bw="1" slack="0"/>
</pin_list>
<bind>
<StgValue><ssdm name=""/></StgValue>
</bind>
</comp>

<comp id="82" class="1001" name="const_82">
<pin_list>
<pin id="83" dir="1" index="0" bw="1" slack="0"/>
</pin_list>
<bind>
<StgValue><ssdm name=""/></StgValue>
</bind>
</comp>

<comp id="84" class="1001" name="const_84">
<pin_list>
<pin id="85" dir="1" index="0" bw="1" slack="0"/>
</pin_list>
<bind>
<StgValue><ssdm name=""/></StgValue>
</bind>
</comp>

<comp id="86" class="1001" name="const_86">
<pin_list>
<pin id="87" dir="1" index="0" bw="1" slack="0"/>
</pin_list>
<bind>
<StgValue><ssdm name=""/></StgValue>
</bind>
</comp>

<comp id="88" class="1001" name="const_88">
<pin_list>
<pin id="89" dir="1" index="0" bw="1" slack="0"/>
</pin_list>
<bind>
<StgValue><ssdm name="_ssdm_op_Write.ap_auto.i32P0A"/></StgValue>
</bind>
</comp>

<comp id="90" class="1004" name="k_fu_90">
<pin_list>
<pin id="91" dir="0" index="0" bw="1" slack="0"/>
<pin id="92" dir="1" index="1" bw="32" slack="0"/>
</pin_list>
<bind>
<opcode="alloca(26) " fcode="alloca"/>
<opset="k/1 "/>
</bind>
</comp>

<comp id="94" class="1004" name="i_fu_94">
<pin_list>
<pin id="95" dir="0" index="0" bw="1" slack="0"/>
<pin id="96" dir="1" index="1" bw="3" slack="0"/>
</pin_list>
<bind>
<opcode="alloca(26) " fcode="alloca"/>
<opset="i/1 "/>
</bind>
</comp>

<comp id="98" class="1004" name="temp_fu_98">
<pin_list>
<pin id="99" dir="0" index="0" bw="1" slack="0"/>
<pin id="100" dir="1" index="1" bw="32" slack="0"/>
</pin_list>
<bind>
<opcode="alloca(26) " fcode="alloca"/>
<opset="temp/1 "/>
</bind>
</comp>

<comp id="102" class="1004" name="temp_65_fu_102">
<pin_list>
<pin id="103" dir="0" index="0" bw="1" slack="0"/>
<pin id="104" dir="1" index="1" bw="32" slack="0"/>
</pin_list>
<bind>
<opcode="alloca(26) " fcode="alloca"/>
<opset="temp_65/1 "/>
</bind>
</comp>

<comp id="106" class="1004" name="temp_66_fu_106">
<pin_list>
<pin id="107" dir="0" index="0" bw="1" slack="0"/>
<pin id="108" dir="1" index="1" bw="32" slack="0"/>
</pin_list>
<bind>
<opcode="alloca(26) " fcode="alloca"/>
<opset="temp_66/1 "/>
</bind>
</comp>

<comp id="110" class="1004" name="temp_67_fu_110">
<pin_list>
<pin id="111" dir="0" index="0" bw="1" slack="0"/>
<pin id="112" dir="1" index="1" bw="32" slack="0"/>
</pin_list>
<bind>
<opcode="alloca(26) " fcode="alloca"/>
<opset="temp_67/1 "/>
</bind>
</comp>

<comp id="114" class="1004" name="temp_68_fu_114">
<pin_list>
<pin id="115" dir="0" index="0" bw="1" slack="0"/>
<pin id="116" dir="1" index="1" bw="32" slack="0"/>
</pin_list>
<bind>
<opcode="alloca(26) " fcode="alloca"/>
<opset="temp_68/1 "/>
</bind>
</comp>

<comp id="118" class="1004" name="temp_69_fu_118">
<pin_list>
<pin id="119" dir="0" index="0" bw="1" slack="0"/>
<pin id="120" dir="1" index="1" bw="32" slack="0"/>
</pin_list>
<bind>
<opcode="alloca(26) " fcode="alloca"/>
<opset="temp_69/1 "/>
</bind>
</comp>

<comp id="122" class="1004" name="temp_70_fu_122">
<pin_list>
<pin id="123" dir="0" index="0" bw="1" slack="0"/>
<pin id="124" dir="1" index="1" bw="32" slack="0"/>
</pin_list>
<bind>
<opcode="alloca(26) " fcode="alloca"/>
<opset="temp_70/1 "/>
</bind>
</comp>

<comp id="126" class="1004" name="temp_71_fu_126">
<pin_list>
<pin id="127" dir="0" index="0" bw="1" slack="0"/>
<pin id="128" dir="1" index="1" bw="32" slack="0"/>
</pin_list>
<bind>
<opcode="alloca(26) " fcode="alloca"/>
<opset="temp_71/1 "/>
</bind>
</comp>

<comp id="130" class="1004" name="mux_case_6307227_read_read_fu_130">
<pin_list>
<pin id="131" dir="0" index="0" bw="32" slack="0"/>
<pin id="132" dir="0" index="1" bw="32" slack="0"/>
<pin id="133" dir="1" index="2" bw="32" slack="1"/>
</pin_list>
<bind>
<opcode="read(1150) " fcode="read"/>
<opset="mux_case_6307227_read/1 "/>
</bind>
</comp>

<comp id="136" class="1004" name="mux_case_5306223_read_read_fu_136">
<pin_list>
<pin id="137" dir="0" index="0" bw="32" slack="0"/>
<pin id="138" dir="0" index="1" bw="32" slack="0"/>
<pin id="139" dir="1" index="2" bw="32" slack="1"/>
</pin_list>
<bind>
<opcode="read(1150) " fcode="read"/>
<opset="mux_case_5306223_read/1 "/>
</bind>
</comp>

<comp id="142" class="1004" name="mux_case_4305219_read_read_fu_142">
<pin_list>
<pin id="143" dir="0" index="0" bw="32" slack="0"/>
<pin id="144" dir="0" index="1" bw="32" slack="0"/>
<pin id="145" dir="1" index="2" bw="32" slack="1"/>
</pin_list>
<bind>
<opcode="read(1150) " fcode="read"/>
<opset="mux_case_4305219_read/1 "/>
</bind>
</comp>

<comp id="148" class="1004" name="mux_case_3304215_read_read_fu_148">
<pin_list>
<pin id="149" dir="0" index="0" bw="32" slack="0"/>
<pin id="150" dir="0" index="1" bw="32" slack="0"/>
<pin id="151" dir="1" index="2" bw="32" slack="1"/>
</pin_list>
<bind>
<opcode="read(1150) " fcode="read"/>
<opset="mux_case_3304215_read/1 "/>
</bind>
</comp>

<comp id="154" class="1004" name="mux_case_2303211_read_read_fu_154">
<pin_list>
<pin id="155" dir="0" index="0" bw="32" slack="0"/>
<pin id="156" dir="0" index="1" bw="32" slack="0"/>
<pin id="157" dir="1" index="2" bw="32" slack="1"/>
</pin_list>
<bind>
<opcode="read(1150) " fcode="read"/>
<opset="mux_case_2303211_read/1 "/>
</bind>
</comp>

<comp id="160" class="1004" name="mux_case_1302207_read_read_fu_160">
<pin_list>
<pin id="161" dir="0" index="0" bw="32" slack="0"/>
<pin id="162" dir="0" index="1" bw="32" slack="0"/>
<pin id="163" dir="1" index="2" bw="32" slack="1"/>
</pin_list>
<bind>
<opcode="read(1150) " fcode="read"/>
<opset="mux_case_1302207_read/1 "/>
</bind>
</comp>

<comp id="166" class="1004" name="mux_case_0301203_read_read_fu_166">
<pin_list>
<pin id="167" dir="0" index="0" bw="32" slack="0"/>
<pin id="168" dir="0" index="1" bw="32" slack="0"/>
<pin id="169" dir="1" index="2" bw="32" slack="1"/>
</pin_list>
<bind>
<opcode="read(1150) " fcode="read"/>
<opset="mux_case_0301203_read/1 "/>
</bind>
</comp>

<comp id="172" class="1004" name="k_24_reload_read_read_fu_172">
<pin_list>
<pin id="173" dir="0" index="0" bw="32" slack="0"/>
<pin id="174" dir="0" index="1" bw="32" slack="0"/>
<pin id="175" dir="1" index="2" bw="32" slack="0"/>
</pin_list>
<bind>
<opcode="read(1150) " fcode="read"/>
<opset="k_24_reload_read/1 "/>
</bind>
</comp>

<comp id="178" class="1004" name="tmp_read_fu_178">
<pin_list>
<pin id="179" dir="0" index="0" bw="3" slack="0"/>
<pin id="180" dir="0" index="1" bw="3" slack="0"/>
<pin id="181" dir="1" index="2" bw="3" slack="0"/>
</pin_list>
<bind>
<opcode="read(1150) " fcode="read"/>
<opset="tmp/1 "/>
</bind>
</comp>

<comp id="184" class="1004" name="temp_198_reload_read_read_fu_184">
<pin_list>
<pin id="185" dir="0" index="0" bw="32" slack="0"/>
<pin id="186" dir="0" index="1" bw="32" slack="0"/>
<pin id="187" dir="1" index="2" bw="32" slack="0"/>
</pin_list>
<bind>
<opcode="read(1150) " fcode="read"/>
<opset="temp_198_reload_read/1 "/>
</bind>
</comp>

<comp id="190" class="1004" name="temp_199_reload_read_read_fu_190">
<pin_list>
<pin id="191" dir="0" index="0" bw="32" slack="0"/>
<pin id="192" dir="0" index="1" bw="32" slack="0"/>
<pin id="193" dir="1" index="2" bw="32" slack="0"/>
</pin_list>
<bind>
<opcode="read(1150) " fcode="read"/>
<opset="temp_199_reload_read/1 "/>
</bind>
</comp>

<comp id="196" class="1004" name="temp_200_reload_read_read_fu_196">
<pin_list>
<pin id="197" dir="0" index="0" bw="32" slack="0"/>
<pin id="198" dir="0" index="1" bw="32" slack="0"/>
<pin id="199" dir="1" index="2" bw="32" slack="0"/>
</pin_list>
<bind>
<opcode="read(1150) " fcode="read"/>
<opset="temp_200_reload_read/1 "/>
</bind>
</comp>

<comp id="202" class="1004" name="temp_201_reload_read_read_fu_202">
<pin_list>
<pin id="203" dir="0" index="0" bw="32" slack="0"/>
<pin id="204" dir="0" index="1" bw="32" slack="0"/>
<pin id="205" dir="1" index="2" bw="32" slack="0"/>
</pin_list>
<bind>
<opcode="read(1150) " fcode="read"/>
<opset="temp_201_reload_read/1 "/>
</bind>
</comp>

<comp id="208" class="1004" name="temp_202_reload_read_read_fu_208">
<pin_list>
<pin id="209" dir="0" index="0" bw="32" slack="0"/>
<pin id="210" dir="0" index="1" bw="32" slack="0"/>
<pin id="211" dir="1" index="2" bw="32" slack="0"/>
</pin_list>
<bind>
<opcode="read(1150) " fcode="read"/>
<opset="temp_202_reload_read/1 "/>
</bind>
</comp>

<comp id="214" class="1004" name="temp_203_reload_read_read_fu_214">
<pin_list>
<pin id="215" dir="0" index="0" bw="32" slack="0"/>
<pin id="216" dir="0" index="1" bw="32" slack="0"/>
<pin id="217" dir="1" index="2" bw="32" slack="0"/>
</pin_list>
<bind>
<opcode="read(1150) " fcode="read"/>
<opset="temp_203_reload_read/1 "/>
</bind>
</comp>

<comp id="220" class="1004" name="temp_204_reload_read_read_fu_220">
<pin_list>
<pin id="221" dir="0" index="0" bw="32" slack="0"/>
<pin id="222" dir="0" index="1" bw="32" slack="0"/>
<pin id="223" dir="1" index="2" bw="32" slack="0"/>
</pin_list>
<bind>
<opcode="read(1150) " fcode="read"/>
<opset="temp_204_reload_read/1 "/>
</bind>
</comp>

<comp id="226" class="1004" name="temp_205_reload_read_read_fu_226">
<pin_list>
<pin id="227" dir="0" index="0" bw="32" slack="0"/>
<pin id="228" dir="0" index="1" bw="32" slack="0"/>
<pin id="229" dir="1" index="2" bw="32" slack="0"/>
</pin_list>
<bind>
<opcode="read(1150) " fcode="read"/>
<opset="temp_205_reload_read/1 "/>
</bind>
</comp>

<comp id="232" class="1004" name="write_ln0_write_fu_232">
<pin_list>
<pin id="233" dir="0" index="0" bw="0" slack="0"/>
<pin id="234" dir="0" index="1" bw="32" slack="0"/>
<pin id="235" dir="0" index="2" bw="32" slack="0"/>
<pin id="236" dir="1" index="3" bw="0" slack="2147483647"/>
</pin_list>
<bind>
<opcode="write(1151) " fcode="write"/>
<opset="write_ln0/2 "/>
</bind>
</comp>

<comp id="239" class="1004" name="write_ln0_write_fu_239">
<pin_list>
<pin id="240" dir="0" index="0" bw="0" slack="0"/>
<pin id="241" dir="0" index="1" bw="32" slack="0"/>
<pin id="242" dir="0" index="2" bw="32" slack="0"/>
<pin id="243" dir="1" index="3" bw="0" slack="2147483647"/>
</pin_list>
<bind>
<opcode="write(1151) " fcode="write"/>
<opset="write_ln0/2 "/>
</bind>
</comp>

<comp id="246" class="1004" name="write_ln0_write_fu_246">
<pin_list>
<pin id="247" dir="0" index="0" bw="0" slack="0"/>
<pin id="248" dir="0" index="1" bw="32" slack="0"/>
<pin id="249" dir="0" index="2" bw="32" slack="0"/>
<pin id="250" dir="1" index="3" bw="0" slack="2147483647"/>
</pin_list>
<bind>
<opcode="write(1151) " fcode="write"/>
<opset="write_ln0/2 "/>
</bind>
</comp>

<comp id="253" class="1004" name="write_ln0_write_fu_253">
<pin_list>
<pin id="254" dir="0" index="0" bw="0" slack="0"/>
<pin id="255" dir="0" index="1" bw="32" slack="0"/>
<pin id="256" dir="0" index="2" bw="32" slack="0"/>
<pin id="257" dir="1" index="3" bw="0" slack="2147483647"/>
</pin_list>
<bind>
<opcode="write(1151) " fcode="write"/>
<opset="write_ln0/2 "/>
</bind>
</comp>

<comp id="260" class="1004" name="write_ln0_write_fu_260">
<pin_list>
<pin id="261" dir="0" index="0" bw="0" slack="0"/>
<pin id="262" dir="0" index="1" bw="32" slack="0"/>
<pin id="263" dir="0" index="2" bw="32" slack="0"/>
<pin id="264" dir="1" index="3" bw="0" slack="2147483647"/>
</pin_list>
<bind>
<opcode="write(1151) " fcode="write"/>
<opset="write_ln0/2 "/>
</bind>
</comp>

<comp id="267" class="1004" name="write_ln0_write_fu_267">
<pin_list>
<pin id="268" dir="0" index="0" bw="0" slack="0"/>
<pin id="269" dir="0" index="1" bw="32" slack="0"/>
<pin id="270" dir="0" index="2" bw="32" slack="0"/>
<pin id="271" dir="1" index="3" bw="0" slack="2147483647"/>
</pin_list>
<bind>
<opcode="write(1151) " fcode="write"/>
<opset="write_ln0/2 "/>
</bind>
</comp>

<comp id="274" class="1004" name="write_ln0_write_fu_274">
<pin_list>
<pin id="275" dir="0" index="0" bw="0" slack="0"/>
<pin id="276" dir="0" index="1" bw="32" slack="0"/>
<pin id="277" dir="0" index="2" bw="32" slack="0"/>
<pin id="278" dir="1" index="3" bw="0" slack="2147483647"/>
</pin_list>
<bind>
<opcode="write(1151) " fcode="write"/>
<opset="write_ln0/2 "/>
</bind>
</comp>

<comp id="281" class="1004" name="write_ln0_write_fu_281">
<pin_list>
<pin id="282" dir="0" index="0" bw="0" slack="0"/>
<pin id="283" dir="0" index="1" bw="32" slack="0"/>
<pin id="284" dir="0" index="2" bw="32" slack="0"/>
<pin id="285" dir="1" index="3" bw="0" slack="2147483647"/>
</pin_list>
<bind>
<opcode="write(1151) " fcode="write"/>
<opset="write_ln0/2 "/>
</bind>
</comp>

<comp id="288" class="1004" name="store_ln136_store_fu_288">
<pin_list>
<pin id="289" dir="0" index="0" bw="32" slack="0"/>
<pin id="290" dir="0" index="1" bw="32" slack="0"/>
<pin id="291" dir="1" index="2" bw="0" slack="2147483647"/>
</pin_list>
<bind>
<opcode="store(28) " fcode="store"/>
<opset="store_ln136/1 "/>
</bind>
</comp>

<comp id="293" class="1004" name="store_ln136_store_fu_293">
<pin_list>
<pin id="294" dir="0" index="0" bw="32" slack="0"/>
<pin id="295" dir="0" index="1" bw="32" slack="0"/>
<pin id="296" dir="1" index="2" bw="0" slack="2147483647"/>
</pin_list>
<bind>
<opcode="store(28) " fcode="store"/>
<opset="store_ln136/1 "/>
</bind>
</comp>

<comp id="298" class="1004" name="store_ln136_store_fu_298">
<pin_list>
<pin id="299" dir="0" index="0" bw="32" slack="0"/>
<pin id="300" dir="0" index="1" bw="32" slack="0"/>
<pin id="301" dir="1" index="2" bw="0" slack="2147483647"/>
</pin_list>
<bind>
<opcode="store(28) " fcode="store"/>
<opset="store_ln136/1 "/>
</bind>
</comp>

<comp id="303" class="1004" name="store_ln136_store_fu_303">
<pin_list>
<pin id="304" dir="0" index="0" bw="32" slack="0"/>
<pin id="305" dir="0" index="1" bw="32" slack="0"/>
<pin id="306" dir="1" index="2" bw="0" slack="2147483647"/>
</pin_list>
<bind>
<opcode="store(28) " fcode="store"/>
<opset="store_ln136/1 "/>
</bind>
</comp>

<comp id="308" class="1004" name="store_ln136_store_fu_308">
<pin_list>
<pin id="309" dir="0" index="0" bw="32" slack="0"/>
<pin id="310" dir="0" index="1" bw="32" slack="0"/>
<pin id="311" dir="1" index="2" bw="0" slack="2147483647"/>
</pin_list>
<bind>
<opcode="store(28) " fcode="store"/>
<opset="store_ln136/1 "/>
</bind>
</comp>

<comp id="313" class="1004" name="store_ln136_store_fu_313">
<pin_list>
<pin id="314" dir="0" index="0" bw="32" slack="0"/>
<pin id="315" dir="0" index="1" bw="32" slack="0"/>
<pin id="316" dir="1" index="2" bw="0" slack="2147483647"/>
</pin_list>
<bind>
<opcode="store(28) " fcode="store"/>
<opset="store_ln136/1 "/>
</bind>
</comp>

<comp id="318" class="1004" name="store_ln136_store_fu_318">
<pin_list>
<pin id="319" dir="0" index="0" bw="32" slack="0"/>
<pin id="320" dir="0" index="1" bw="32" slack="0"/>
<pin id="321" dir="1" index="2" bw="0" slack="2147483647"/>
</pin_list>
<bind>
<opcode="store(28) " fcode="store"/>
<opset="store_ln136/1 "/>
</bind>
</comp>

<comp id="323" class="1004" name="store_ln136_store_fu_323">
<pin_list>
<pin id="324" dir="0" index="0" bw="32" slack="0"/>
<pin id="325" dir="0" index="1" bw="32" slack="0"/>
<pin id="326" dir="1" index="2" bw="0" slack="2147483647"/>
</pin_list>
<bind>
<opcode="store(28) " fcode="store"/>
<opset="store_ln136/1 "/>
</bind>
</comp>

<comp id="328" class="1004" name="store_ln147_store_fu_328">
<pin_list>
<pin id="329" dir="0" index="0" bw="3" slack="0"/>
<pin id="330" dir="0" index="1" bw="3" slack="0"/>
<pin id="331" dir="1" index="2" bw="0" slack="2147483647"/>
</pin_list>
<bind>
<opcode="store(28) " fcode="store"/>
<opset="store_ln147/1 "/>
</bind>
</comp>

<comp id="333" class="1004" name="store_ln147_store_fu_333">
<pin_list>
<pin id="334" dir="0" index="0" bw="32" slack="0"/>
<pin id="335" dir="0" index="1" bw="32" slack="0"/>
<pin id="336" dir="1" index="2" bw="0" slack="2147483647"/>
</pin_list>
<bind>
<opcode="store(28) " fcode="store"/>
<opset="store_ln147/1 "/>
</bind>
</comp>

<comp id="338" class="1004" name="i_1_load_fu_338">
<pin_list>
<pin id="339" dir="0" index="0" bw="3" slack="1"/>
<pin id="340" dir="1" index="1" bw="3" slack="0"/>
</pin_list>
<bind>
<opcode="load(27) " fcode="load"/>
<opset="i_1/2 "/>
</bind>
</comp>

<comp id="341" class="1004" name="icmp_ln157_fu_341">
<pin_list>
<pin id="342" dir="0" index="0" bw="3" slack="0"/>
<pin id="343" dir="0" index="1" bw="1" slack="0"/>
<pin id="344" dir="1" index="2" bw="1" slack="2147483647"/>
</pin_list>
<bind>
<opcode="icmp(45) " fcode="icmp"/>
<opset="icmp_ln157/2 "/>
</bind>
</comp>

<comp id="347" class="1004" name="k_load_load_fu_347">
<pin_list>
<pin id="348" dir="0" index="0" bw="32" slack="1"/>
<pin id="349" dir="1" index="1" bw="32" slack="0"/>
</pin_list>
<bind>
<opcode="load(27) " fcode="load"/>
<opset="k_load/2 "/>
</bind>
</comp>

<comp id="350" class="1004" name="trunc_ln147_fu_350">
<pin_list>
<pin id="351" dir="0" index="0" bw="32" slack="0"/>
<pin id="352" dir="1" index="1" bw="3" slack="2147483647"/>
</pin_list>
<bind>
<opcode="trunc(33) " fcode="trunc"/>
<opset="trunc_ln147/2 "/>
</bind>
</comp>

<comp id="354" class="1004" name="add_ln159_fu_354">
<pin_list>
<pin id="355" dir="0" index="0" bw="3" slack="0"/>
<pin id="356" dir="0" index="1" bw="1" slack="0"/>
<pin id="357" dir="1" index="2" bw="3" slack="0"/>
</pin_list>
<bind>
<opcode="add(8) " fcode="add"/>
<opset="add_ln159/2 "/>
</bind>
</comp>

<comp id="360" class="1004" name="temp_72_fu_360">
<pin_list>
<pin id="361" dir="0" index="0" bw="32" slack="0"/>
<pin id="362" dir="0" index="1" bw="1" slack="0"/>
<pin id="363" dir="0" index="2" bw="32" slack="1"/>
<pin id="364" dir="0" index="3" bw="1" slack="0"/>
<pin id="365" dir="0" index="4" bw="32" slack="1"/>
<pin id="366" dir="0" index="5" bw="3" slack="0"/>
<pin id="367" dir="0" index="6" bw="32" slack="1"/>
<pin id="368" dir="0" index="7" bw="3" slack="0"/>
<pin id="369" dir="0" index="8" bw="32" slack="1"/>
<pin id="370" dir="0" index="9" bw="3" slack="0"/>
<pin id="371" dir="0" index="10" bw="32" slack="1"/>
<pin id="372" dir="0" index="11" bw="3" slack="0"/>
<pin id="373" dir="0" index="12" bw="32" slack="1"/>
<pin id="374" dir="0" index="13" bw="2" slack="0"/>
<pin id="375" dir="0" index="14" bw="32" slack="1"/>
<pin id="376" dir="0" index="15" bw="1" slack="0"/>
<pin id="377" dir="0" index="16" bw="3" slack="0"/>
<pin id="378" dir="1" index="17" bw="32" slack="0"/>
</pin_list>
<bind>
<opcode="sparsemux(1197) " fcode="sparsemux"/>
<opset="temp_72/2 "/>
</bind>
</comp>

<comp id="389" class="1004" name="k_8_fu_389">
<pin_list>
<pin id="390" dir="0" index="0" bw="32" slack="0"/>
<pin id="391" dir="0" index="1" bw="1" slack="0"/>
<pin id="392" dir="1" index="2" bw="32" slack="0"/>
</pin_list>
<bind>
<opcode="add(8) " fcode="add"/>
<opset="k_8/2 "/>
</bind>
</comp>

<comp id="395" class="1004" name="store_ln136_store_fu_395">
<pin_list>
<pin id="396" dir="0" index="0" bw="32" slack="0"/>
<pin id="397" dir="0" index="1" bw="32" slack="1"/>
<pin id="398" dir="1" index="2" bw="0" slack="2147483647"/>
</pin_list>
<bind>
<opcode="store(28) " fcode="store"/>
<opset="store_ln136/2 "/>
</bind>
</comp>

<comp id="400" class="1004" name="store_ln136_store_fu_400">
<pin_list>
<pin id="401" dir="0" index="0" bw="32" slack="0"/>
<pin id="402" dir="0" index="1" bw="32" slack="1"/>
<pin id="403" dir="1" index="2" bw="0" slack="2147483647"/>
</pin_list>
<bind>
<opcode="store(28) " fcode="store"/>
<opset="store_ln136/2 "/>
</bind>
</comp>

<comp id="405" class="1004" name="store_ln136_store_fu_405">
<pin_list>
<pin id="406" dir="0" index="0" bw="32" slack="0"/>
<pin id="407" dir="0" index="1" bw="32" slack="1"/>
<pin id="408" dir="1" index="2" bw="0" slack="2147483647"/>
</pin_list>
<bind>
<opcode="store(28) " fcode="store"/>
<opset="store_ln136/2 "/>
</bind>
</comp>

<comp id="410" class="1004" name="store_ln136_store_fu_410">
<pin_list>
<pin id="411" dir="0" index="0" bw="32" slack="0"/>
<pin id="412" dir="0" index="1" bw="32" slack="1"/>
<pin id="413" dir="1" index="2" bw="0" slack="2147483647"/>
</pin_list>
<bind>
<opcode="store(28) " fcode="store"/>
<opset="store_ln136/2 "/>
</bind>
</comp>

<comp id="415" class="1004" name="store_ln136_store_fu_415">
<pin_list>
<pin id="416" dir="0" index="0" bw="32" slack="0"/>
<pin id="417" dir="0" index="1" bw="32" slack="1"/>
<pin id="418" dir="1" index="2" bw="0" slack="2147483647"/>
</pin_list>
<bind>
<opcode="store(28) " fcode="store"/>
<opset="store_ln136/2 "/>
</bind>
</comp>

<comp id="420" class="1004" name="store_ln136_store_fu_420">
<pin_list>
<pin id="421" dir="0" index="0" bw="32" slack="0"/>
<pin id="422" dir="0" index="1" bw="32" slack="1"/>
<pin id="423" dir="1" index="2" bw="0" slack="2147483647"/>
</pin_list>
<bind>
<opcode="store(28) " fcode="store"/>
<opset="store_ln136/2 "/>
</bind>
</comp>

<comp id="425" class="1004" name="store_ln136_store_fu_425">
<pin_list>
<pin id="426" dir="0" index="0" bw="32" slack="0"/>
<pin id="427" dir="0" index="1" bw="32" slack="1"/>
<pin id="428" dir="1" index="2" bw="0" slack="2147483647"/>
</pin_list>
<bind>
<opcode="store(28) " fcode="store"/>
<opset="store_ln136/2 "/>
</bind>
</comp>

<comp id="430" class="1004" name="store_ln136_store_fu_430">
<pin_list>
<pin id="431" dir="0" index="0" bw="32" slack="0"/>
<pin id="432" dir="0" index="1" bw="32" slack="1"/>
<pin id="433" dir="1" index="2" bw="0" slack="2147483647"/>
</pin_list>
<bind>
<opcode="store(28) " fcode="store"/>
<opset="store_ln136/2 "/>
</bind>
</comp>

<comp id="435" class="1004" name="store_ln147_store_fu_435">
<pin_list>
<pin id="436" dir="0" index="0" bw="3" slack="0"/>
<pin id="437" dir="0" index="1" bw="3" slack="1"/>
<pin id="438" dir="1" index="2" bw="0" slack="2147483647"/>
</pin_list>
<bind>
<opcode="store(28) " fcode="store"/>
<opset="store_ln147/2 "/>
</bind>
</comp>

<comp id="440" class="1004" name="store_ln147_store_fu_440">
<pin_list>
<pin id="441" dir="0" index="0" bw="32" slack="0"/>
<pin id="442" dir="0" index="1" bw="32" slack="1"/>
<pin id="443" dir="1" index="2" bw="0" slack="2147483647"/>
</pin_list>
<bind>
<opcode="store(28) " fcode="store"/>
<opset="store_ln147/2 "/>
</bind>
</comp>

<comp id="445" class="1004" name="temp_load_load_fu_445">
<pin_list>
<pin id="446" dir="0" index="0" bw="32" slack="1"/>
<pin id="447" dir="1" index="1" bw="32" slack="0"/>
</pin_list>
<bind>
<opcode="load(27) " fcode="load"/>
<opset="temp_load/2 "/>
</bind>
</comp>

<comp id="449" class="1004" name="temp_65_load_load_fu_449">
<pin_list>
<pin id="450" dir="0" index="0" bw="32" slack="1"/>
<pin id="451" dir="1" index="1" bw="32" slack="0"/>
</pin_list>
<bind>
<opcode="load(27) " fcode="load"/>
<opset="temp_65_load/2 "/>
</bind>
</comp>

<comp id="453" class="1004" name="temp_66_load_load_fu_453">
<pin_list>
<pin id="454" dir="0" index="0" bw="32" slack="1"/>
<pin id="455" dir="1" index="1" bw="32" slack="0"/>
</pin_list>
<bind>
<opcode="load(27) " fcode="load"/>
<opset="temp_66_load/2 "/>
</bind>
</comp>

<comp id="457" class="1004" name="temp_67_load_load_fu_457">
<pin_list>
<pin id="458" dir="0" index="0" bw="32" slack="1"/>
<pin id="459" dir="1" index="1" bw="32" slack="0"/>
</pin_list>
<bind>
<opcode="load(27) " fcode="load"/>
<opset="temp_67_load/2 "/>
</bind>
</comp>

<comp id="461" class="1004" name="temp_68_load_load_fu_461">
<pin_list>
<pin id="462" dir="0" index="0" bw="32" slack="1"/>
<pin id="463" dir="1" index="1" bw="32" slack="0"/>
</pin_list>
<bind>
<opcode="load(27) " fcode="load"/>
<opset="temp_68_load/2 "/>
</bind>
</comp>

<comp id="465" class="1004" name="temp_69_load_load_fu_465">
<pin_list>
<pin id="466" dir="0" index="0" bw="32" slack="1"/>
<pin id="467" dir="1" index="1" bw="32" slack="0"/>
</pin_list>
<bind>
<opcode="load(27) " fcode="load"/>
<opset="temp_69_load/2 "/>
</bind>
</comp>

<comp id="469" class="1004" name="temp_70_load_load_fu_469">
<pin_list>
<pin id="470" dir="0" index="0" bw="32" slack="1"/>
<pin id="471" dir="1" index="1" bw="32" slack="0"/>
</pin_list>
<bind>
<opcode="load(27) " fcode="load"/>
<opset="temp_70_load/2 "/>
</bind>
</comp>

<comp id="473" class="1004" name="temp_71_load_load_fu_473">
<pin_list>
<pin id="474" dir="0" index="0" bw="32" slack="1"/>
<pin id="475" dir="1" index="1" bw="32" slack="0"/>
</pin_list>
<bind>
<opcode="load(27) " fcode="load"/>
<opset="temp_71_load/2 "/>
</bind>
</comp>

<comp id="477" class="1005" name="k_reg_477">
<pin_list>
<pin id="478" dir="0" index="0" bw="32" slack="0"/>
<pin id="479" dir="1" index="1" bw="32" slack="0"/>
</pin_list>
<bind>
<opset="k "/>
</bind>
</comp>

<comp id="484" class="1005" name="i_reg_484">
<pin_list>
<pin id="485" dir="0" index="0" bw="3" slack="0"/>
<pin id="486" dir="1" index="1" bw="3" slack="0"/>
</pin_list>
<bind>
<opset="i "/>
</bind>
</comp>

<comp id="491" class="1005" name="temp_reg_491">
<pin_list>
<pin id="492" dir="0" index="0" bw="32" slack="0"/>
<pin id="493" dir="1" index="1" bw="32" slack="0"/>
</pin_list>
<bind>
<opset="temp "/>
</bind>
</comp>

<comp id="498" class="1005" name="temp_65_reg_498">
<pin_list>
<pin id="499" dir="0" index="0" bw="32" slack="0"/>
<pin id="500" dir="1" index="1" bw="32" slack="0"/>
</pin_list>
<bind>
<opset="temp_65 "/>
</bind>
</comp>

<comp id="505" class="1005" name="temp_66_reg_505">
<pin_list>
<pin id="506" dir="0" index="0" bw="32" slack="0"/>
<pin id="507" dir="1" index="1" bw="32" slack="0"/>
</pin_list>
<bind>
<opset="temp_66 "/>
</bind>
</comp>

<comp id="512" class="1005" name="temp_67_reg_512">
<pin_list>
<pin id="513" dir="0" index="0" bw="32" slack="0"/>
<pin id="514" dir="1" index="1" bw="32" slack="0"/>
</pin_list>
<bind>
<opset="temp_67 "/>
</bind>
</comp>

<comp id="519" class="1005" name="temp_68_reg_519">
<pin_list>
<pin id="520" dir="0" index="0" bw="32" slack="0"/>
<pin id="521" dir="1" index="1" bw="32" slack="0"/>
</pin_list>
<bind>
<opset="temp_68 "/>
</bind>
</comp>

<comp id="526" class="1005" name="temp_69_reg_526">
<pin_list>
<pin id="527" dir="0" index="0" bw="32" slack="0"/>
<pin id="528" dir="1" index="1" bw="32" slack="0"/>
</pin_list>
<bind>
<opset="temp_69 "/>
</bind>
</comp>

<comp id="533" class="1005" name="temp_70_reg_533">
<pin_list>
<pin id="534" dir="0" index="0" bw="32" slack="0"/>
<pin id="535" dir="1" index="1" bw="32" slack="0"/>
</pin_list>
<bind>
<opset="temp_70 "/>
</bind>
</comp>

<comp id="540" class="1005" name="temp_71_reg_540">
<pin_list>
<pin id="541" dir="0" index="0" bw="32" slack="0"/>
<pin id="542" dir="1" index="1" bw="32" slack="0"/>
</pin_list>
<bind>
<opset="temp_71 "/>
</bind>
</comp>

<comp id="547" class="1005" name="mux_case_6307227_read_reg_547">
<pin_list>
<pin id="548" dir="0" index="0" bw="32" slack="1"/>
<pin id="549" dir="1" index="1" bw="32" slack="1"/>
</pin_list>
<bind>
<opset="mux_case_6307227_read "/>
</bind>
</comp>

<comp id="552" class="1005" name="mux_case_5306223_read_reg_552">
<pin_list>
<pin id="553" dir="0" index="0" bw="32" slack="1"/>
<pin id="554" dir="1" index="1" bw="32" slack="1"/>
</pin_list>
<bind>
<opset="mux_case_5306223_read "/>
</bind>
</comp>

<comp id="557" class="1005" name="mux_case_4305219_read_reg_557">
<pin_list>
<pin id="558" dir="0" index="0" bw="32" slack="1"/>
<pin id="559" dir="1" index="1" bw="32" slack="1"/>
</pin_list>
<bind>
<opset="mux_case_4305219_read "/>
</bind>
</comp>

<comp id="562" class="1005" name="mux_case_3304215_read_reg_562">
<pin_list>
<pin id="563" dir="0" index="0" bw="32" slack="1"/>
<pin id="564" dir="1" index="1" bw="32" slack="1"/>
</pin_list>
<bind>
<opset="mux_case_3304215_read "/>
</bind>
</comp>

<comp id="567" class="1005" name="mux_case_2303211_read_reg_567">
<pin_list>
<pin id="568" dir="0" index="0" bw="32" slack="1"/>
<pin id="569" dir="1" index="1" bw="32" slack="1"/>
</pin_list>
<bind>
<opset="mux_case_2303211_read "/>
</bind>
</comp>

<comp id="572" class="1005" name="mux_case_1302207_read_reg_572">
<pin_list>
<pin id="573" dir="0" index="0" bw="32" slack="1"/>
<pin id="574" dir="1" index="1" bw="32" slack="1"/>
</pin_list>
<bind>
<opset="mux_case_1302207_read "/>
</bind>
</comp>

<comp id="577" class="1005" name="mux_case_0301203_read_reg_577">
<pin_list>
<pin id="578" dir="0" index="0" bw="32" slack="1"/>
<pin id="579" dir="1" index="1" bw="32" slack="1"/>
</pin_list>
<bind>
<opset="mux_case_0301203_read "/>
</bind>
</comp>

</comp_list>

<net_list>
<net id="93"><net_src comp="50" pin="0"/><net_sink comp="90" pin=0"/></net>

<net id="97"><net_src comp="50" pin="0"/><net_sink comp="94" pin=0"/></net>

<net id="101"><net_src comp="50" pin="0"/><net_sink comp="98" pin=0"/></net>

<net id="105"><net_src comp="50" pin="0"/><net_sink comp="102" pin=0"/></net>

<net id="109"><net_src comp="50" pin="0"/><net_sink comp="106" pin=0"/></net>

<net id="113"><net_src comp="50" pin="0"/><net_sink comp="110" pin=0"/></net>

<net id="117"><net_src comp="50" pin="0"/><net_sink comp="114" pin=0"/></net>

<net id="121"><net_src comp="50" pin="0"/><net_sink comp="118" pin=0"/></net>

<net id="125"><net_src comp="50" pin="0"/><net_sink comp="122" pin=0"/></net>

<net id="129"><net_src comp="50" pin="0"/><net_sink comp="126" pin=0"/></net>

<net id="134"><net_src comp="52" pin="0"/><net_sink comp="130" pin=0"/></net>

<net id="135"><net_src comp="32" pin="0"/><net_sink comp="130" pin=1"/></net>

<net id="140"><net_src comp="52" pin="0"/><net_sink comp="136" pin=0"/></net>

<net id="141"><net_src comp="30" pin="0"/><net_sink comp="136" pin=1"/></net>

<net id="146"><net_src comp="52" pin="0"/><net_sink comp="142" pin=0"/></net>

<net id="147"><net_src comp="28" pin="0"/><net_sink comp="142" pin=1"/></net>

<net id="152"><net_src comp="52" pin="0"/><net_sink comp="148" pin=0"/></net>

<net id="153"><net_src comp="26" pin="0"/><net_sink comp="148" pin=1"/></net>

<net id="158"><net_src comp="52" pin="0"/><net_sink comp="154" pin=0"/></net>

<net id="159"><net_src comp="24" pin="0"/><net_sink comp="154" pin=1"/></net>

<net id="164"><net_src comp="52" pin="0"/><net_sink comp="160" pin=0"/></net>

<net id="165"><net_src comp="22" pin="0"/><net_sink comp="160" pin=1"/></net>

<net id="170"><net_src comp="52" pin="0"/><net_sink comp="166" pin=0"/></net>

<net id="171"><net_src comp="20" pin="0"/><net_sink comp="166" pin=1"/></net>

<net id="176"><net_src comp="52" pin="0"/><net_sink comp="172" pin=0"/></net>

<net id="177"><net_src comp="18" pin="0"/><net_sink comp="172" pin=1"/></net>

<net id="182"><net_src comp="54" pin="0"/><net_sink comp="178" pin=0"/></net>

<net id="183"><net_src comp="16" pin="0"/><net_sink comp="178" pin=1"/></net>

<net id="188"><net_src comp="52" pin="0"/><net_sink comp="184" pin=0"/></net>

<net id="189"><net_src comp="14" pin="0"/><net_sink comp="184" pin=1"/></net>

<net id="194"><net_src comp="52" pin="0"/><net_sink comp="190" pin=0"/></net>

<net id="195"><net_src comp="12" pin="0"/><net_sink comp="190" pin=1"/></net>

<net id="200"><net_src comp="52" pin="0"/><net_sink comp="196" pin=0"/></net>

<net id="201"><net_src comp="10" pin="0"/><net_sink comp="196" pin=1"/></net>

<net id="206"><net_src comp="52" pin="0"/><net_sink comp="202" pin=0"/></net>

<net id="207"><net_src comp="8" pin="0"/><net_sink comp="202" pin=1"/></net>

<net id="212"><net_src comp="52" pin="0"/><net_sink comp="208" pin=0"/></net>

<net id="213"><net_src comp="6" pin="0"/><net_sink comp="208" pin=1"/></net>

<net id="218"><net_src comp="52" pin="0"/><net_sink comp="214" pin=0"/></net>

<net id="219"><net_src comp="4" pin="0"/><net_sink comp="214" pin=1"/></net>

<net id="224"><net_src comp="52" pin="0"/><net_sink comp="220" pin=0"/></net>

<net id="225"><net_src comp="2" pin="0"/><net_sink comp="220" pin=1"/></net>

<net id="230"><net_src comp="52" pin="0"/><net_sink comp="226" pin=0"/></net>

<net id="231"><net_src comp="0" pin="0"/><net_sink comp="226" pin=1"/></net>

<net id="237"><net_src comp="88" pin="0"/><net_sink comp="232" pin=0"/></net>

<net id="238"><net_src comp="34" pin="0"/><net_sink comp="232" pin=1"/></net>

<net id="244"><net_src comp="88" pin="0"/><net_sink comp="239" pin=0"/></net>

<net id="245"><net_src comp="36" pin="0"/><net_sink comp="239" pin=1"/></net>

<net id="251"><net_src comp="88" pin="0"/><net_sink comp="246" pin=0"/></net>

<net id="252"><net_src comp="38" pin="0"/><net_sink comp="246" pin=1"/></net>

<net id="258"><net_src comp="88" pin="0"/><net_sink comp="253" pin=0"/></net>

<net id="259"><net_src comp="40" pin="0"/><net_sink comp="253" pin=1"/></net>

<net id="265"><net_src comp="88" pin="0"/><net_sink comp="260" pin=0"/></net>

<net id="266"><net_src comp="42" pin="0"/><net_sink comp="260" pin=1"/></net>

<net id="272"><net_src comp="88" pin="0"/><net_sink comp="267" pin=0"/></net>

<net id="273"><net_src comp="44" pin="0"/><net_sink comp="267" pin=1"/></net>

<net id="279"><net_src comp="88" pin="0"/><net_sink comp="274" pin=0"/></net>

<net id="280"><net_src comp="46" pin="0"/><net_sink comp="274" pin=1"/></net>

<net id="286"><net_src comp="88" pin="0"/><net_sink comp="281" pin=0"/></net>

<net id="287"><net_src comp="48" pin="0"/><net_sink comp="281" pin=1"/></net>

<net id="292"><net_src comp="226" pin="2"/><net_sink comp="288" pin=0"/></net>

<net id="297"><net_src comp="220" pin="2"/><net_sink comp="293" pin=0"/></net>

<net id="302"><net_src comp="214" pin="2"/><net_sink comp="298" pin=0"/></net>

<net id="307"><net_src comp="208" pin="2"/><net_sink comp="303" pin=0"/></net>

<net id="312"><net_src comp="202" pin="2"/><net_sink comp="308" pin=0"/></net>

<net id="317"><net_src comp="196" pin="2"/><net_sink comp="313" pin=0"/></net>

<net id="322"><net_src comp="190" pin="2"/><net_sink comp="318" pin=0"/></net>

<net id="327"><net_src comp="184" pin="2"/><net_sink comp="323" pin=0"/></net>

<net id="332"><net_src comp="178" pin="2"/><net_sink comp="328" pin=0"/></net>

<net id="337"><net_src comp="172" pin="2"/><net_sink comp="333" pin=0"/></net>

<net id="345"><net_src comp="338" pin="1"/><net_sink comp="341" pin=0"/></net>

<net id="346"><net_src comp="56" pin="0"/><net_sink comp="341" pin=1"/></net>

<net id="353"><net_src comp="347" pin="1"/><net_sink comp="350" pin=0"/></net>

<net id="358"><net_src comp="338" pin="1"/><net_sink comp="354" pin=0"/></net>

<net id="359"><net_src comp="70" pin="0"/><net_sink comp="354" pin=1"/></net>

<net id="379"><net_src comp="72" pin="0"/><net_sink comp="360" pin=0"/></net>

<net id="380"><net_src comp="74" pin="0"/><net_sink comp="360" pin=1"/></net>

<net id="381"><net_src comp="70" pin="0"/><net_sink comp="360" pin=3"/></net>

<net id="382"><net_src comp="76" pin="0"/><net_sink comp="360" pin=5"/></net>

<net id="383"><net_src comp="78" pin="0"/><net_sink comp="360" pin=7"/></net>

<net id="384"><net_src comp="80" pin="0"/><net_sink comp="360" pin=9"/></net>

<net id="385"><net_src comp="82" pin="0"/><net_sink comp="360" pin=11"/></net>

<net id="386"><net_src comp="84" pin="0"/><net_sink comp="360" pin=13"/></net>

<net id="387"><net_src comp="86" pin="0"/><net_sink comp="360" pin=15"/></net>

<net id="388"><net_src comp="338" pin="1"/><net_sink comp="360" pin=16"/></net>

<net id="393"><net_src comp="347" pin="1"/><net_sink comp="389" pin=0"/></net>

<net id="394"><net_src comp="50" pin="0"/><net_sink comp="389" pin=1"/></net>

<net id="399"><net_src comp="360" pin="17"/><net_sink comp="395" pin=0"/></net>

<net id="404"><net_src comp="360" pin="17"/><net_sink comp="400" pin=0"/></net>

<net id="409"><net_src comp="360" pin="17"/><net_sink comp="405" pin=0"/></net>

<net id="414"><net_src comp="360" pin="17"/><net_sink comp="410" pin=0"/></net>

<net id="419"><net_src comp="360" pin="17"/><net_sink comp="415" pin=0"/></net>

<net id="424"><net_src comp="360" pin="17"/><net_sink comp="420" pin=0"/></net>

<net id="429"><net_src comp="360" pin="17"/><net_sink comp="425" pin=0"/></net>

<net id="434"><net_src comp="360" pin="17"/><net_sink comp="430" pin=0"/></net>

<net id="439"><net_src comp="354" pin="2"/><net_sink comp="435" pin=0"/></net>

<net id="444"><net_src comp="389" pin="2"/><net_sink comp="440" pin=0"/></net>

<net id="448"><net_src comp="445" pin="1"/><net_sink comp="281" pin=2"/></net>

<net id="452"><net_src comp="449" pin="1"/><net_sink comp="274" pin=2"/></net>

<net id="456"><net_src comp="453" pin="1"/><net_sink comp="267" pin=2"/></net>

<net id="460"><net_src comp="457" pin="1"/><net_sink comp="260" pin=2"/></net>

<net id="464"><net_src comp="461" pin="1"/><net_sink comp="253" pin=2"/></net>

<net id="468"><net_src comp="465" pin="1"/><net_sink comp="246" pin=2"/></net>

<net id="472"><net_src comp="469" pin="1"/><net_sink comp="239" pin=2"/></net>

<net id="476"><net_src comp="473" pin="1"/><net_sink comp="232" pin=2"/></net>

<net id="480"><net_src comp="90" pin="1"/><net_sink comp="477" pin=0"/></net>

<net id="481"><net_src comp="477" pin="1"/><net_sink comp="333" pin=1"/></net>

<net id="482"><net_src comp="477" pin="1"/><net_sink comp="347" pin=0"/></net>

<net id="483"><net_src comp="477" pin="1"/><net_sink comp="440" pin=1"/></net>

<net id="487"><net_src comp="94" pin="1"/><net_sink comp="484" pin=0"/></net>

<net id="488"><net_src comp="484" pin="1"/><net_sink comp="328" pin=1"/></net>

<net id="489"><net_src comp="484" pin="1"/><net_sink comp="338" pin=0"/></net>

<net id="490"><net_src comp="484" pin="1"/><net_sink comp="435" pin=1"/></net>

<net id="494"><net_src comp="98" pin="1"/><net_sink comp="491" pin=0"/></net>

<net id="495"><net_src comp="491" pin="1"/><net_sink comp="323" pin=1"/></net>

<net id="496"><net_src comp="491" pin="1"/><net_sink comp="425" pin=1"/></net>

<net id="497"><net_src comp="491" pin="1"/><net_sink comp="445" pin=0"/></net>

<net id="501"><net_src comp="102" pin="1"/><net_sink comp="498" pin=0"/></net>

<net id="502"><net_src comp="498" pin="1"/><net_sink comp="318" pin=1"/></net>

<net id="503"><net_src comp="498" pin="1"/><net_sink comp="420" pin=1"/></net>

<net id="504"><net_src comp="498" pin="1"/><net_sink comp="449" pin=0"/></net>

<net id="508"><net_src comp="106" pin="1"/><net_sink comp="505" pin=0"/></net>

<net id="509"><net_src comp="505" pin="1"/><net_sink comp="313" pin=1"/></net>

<net id="510"><net_src comp="505" pin="1"/><net_sink comp="415" pin=1"/></net>

<net id="511"><net_src comp="505" pin="1"/><net_sink comp="453" pin=0"/></net>

<net id="515"><net_src comp="110" pin="1"/><net_sink comp="512" pin=0"/></net>

<net id="516"><net_src comp="512" pin="1"/><net_sink comp="308" pin=1"/></net>

<net id="517"><net_src comp="512" pin="1"/><net_sink comp="410" pin=1"/></net>

<net id="518"><net_src comp="512" pin="1"/><net_sink comp="457" pin=0"/></net>

<net id="522"><net_src comp="114" pin="1"/><net_sink comp="519" pin=0"/></net>

<net id="523"><net_src comp="519" pin="1"/><net_sink comp="303" pin=1"/></net>

<net id="524"><net_src comp="519" pin="1"/><net_sink comp="405" pin=1"/></net>

<net id="525"><net_src comp="519" pin="1"/><net_sink comp="461" pin=0"/></net>

<net id="529"><net_src comp="118" pin="1"/><net_sink comp="526" pin=0"/></net>

<net id="530"><net_src comp="526" pin="1"/><net_sink comp="298" pin=1"/></net>

<net id="531"><net_src comp="526" pin="1"/><net_sink comp="400" pin=1"/></net>

<net id="532"><net_src comp="526" pin="1"/><net_sink comp="465" pin=0"/></net>

<net id="536"><net_src comp="122" pin="1"/><net_sink comp="533" pin=0"/></net>

<net id="537"><net_src comp="533" pin="1"/><net_sink comp="293" pin=1"/></net>

<net id="538"><net_src comp="533" pin="1"/><net_sink comp="395" pin=1"/></net>

<net id="539"><net_src comp="533" pin="1"/><net_sink comp="469" pin=0"/></net>

<net id="543"><net_src comp="126" pin="1"/><net_sink comp="540" pin=0"/></net>

<net id="544"><net_src comp="540" pin="1"/><net_sink comp="288" pin=1"/></net>

<net id="545"><net_src comp="540" pin="1"/><net_sink comp="430" pin=1"/></net>

<net id="546"><net_src comp="540" pin="1"/><net_sink comp="473" pin=0"/></net>

<net id="550"><net_src comp="130" pin="2"/><net_sink comp="547" pin=0"/></net>

<net id="551"><net_src comp="547" pin="1"/><net_sink comp="360" pin=14"/></net>

<net id="555"><net_src comp="136" pin="2"/><net_sink comp="552" pin=0"/></net>

<net id="556"><net_src comp="552" pin="1"/><net_sink comp="360" pin=12"/></net>

<net id="560"><net_src comp="142" pin="2"/><net_sink comp="557" pin=0"/></net>

<net id="561"><net_src comp="557" pin="1"/><net_sink comp="360" pin=10"/></net>

<net id="565"><net_src comp="148" pin="2"/><net_sink comp="562" pin=0"/></net>

<net id="566"><net_src comp="562" pin="1"/><net_sink comp="360" pin=8"/></net>

<net id="570"><net_src comp="154" pin="2"/><net_sink comp="567" pin=0"/></net>

<net id="571"><net_src comp="567" pin="1"/><net_sink comp="360" pin=6"/></net>

<net id="575"><net_src comp="160" pin="2"/><net_sink comp="572" pin=0"/></net>

<net id="576"><net_src comp="572" pin="1"/><net_sink comp="360" pin=4"/></net>

<net id="580"><net_src comp="166" pin="2"/><net_sink comp="577" pin=0"/></net>

<net id="581"><net_src comp="577" pin="1"/><net_sink comp="360" pin=2"/></net>

</net_list>

</model> 
---------------- Datapath Model END ------------------

* FSMD analyzer results:
  - Output states:
	Port: temp_213_out | {2 }
	Port: temp_212_out | {2 }
	Port: temp_211_out | {2 }
	Port: temp_210_out | {2 }
	Port: temp_209_out | {2 }
	Port: temp_208_out | {2 }
	Port: temp_207_out | {2 }
	Port: temp_206_out | {2 }
 - Input state : 
	Port: merge_sort<ap_fixed<16, 6, 5, 3, 0>, config5>_Pipeline_VITIS_LOOP_157_47 : temp_205_reload | {1 }
	Port: merge_sort<ap_fixed<16, 6, 5, 3, 0>, config5>_Pipeline_VITIS_LOOP_157_47 : temp_204_reload | {1 }
	Port: merge_sort<ap_fixed<16, 6, 5, 3, 0>, config5>_Pipeline_VITIS_LOOP_157_47 : temp_203_reload | {1 }
	Port: merge_sort<ap_fixed<16, 6, 5, 3, 0>, config5>_Pipeline_VITIS_LOOP_157_47 : temp_202_reload | {1 }
	Port: merge_sort<ap_fixed<16, 6, 5, 3, 0>, config5>_Pipeline_VITIS_LOOP_157_47 : temp_201_reload | {1 }
	Port: merge_sort<ap_fixed<16, 6, 5, 3, 0>, config5>_Pipeline_VITIS_LOOP_157_47 : temp_200_reload | {1 }
	Port: merge_sort<ap_fixed<16, 6, 5, 3, 0>, config5>_Pipeline_VITIS_LOOP_157_47 : temp_199_reload | {1 }
	Port: merge_sort<ap_fixed<16, 6, 5, 3, 0>, config5>_Pipeline_VITIS_LOOP_157_47 : temp_198_reload | {1 }
	Port: merge_sort<ap_fixed<16, 6, 5, 3, 0>, config5>_Pipeline_VITIS_LOOP_157_47 : empty | {1 }
	Port: merge_sort<ap_fixed<16, 6, 5, 3, 0>, config5>_Pipeline_VITIS_LOOP_157_47 : k_24_reload | {1 }
	Port: merge_sort<ap_fixed<16, 6, 5, 3, 0>, config5>_Pipeline_VITIS_LOOP_157_47 : mux_case_0301203 | {1 }
	Port: merge_sort<ap_fixed<16, 6, 5, 3, 0>, config5>_Pipeline_VITIS_LOOP_157_47 : mux_case_1302207 | {1 }
	Port: merge_sort<ap_fixed<16, 6, 5, 3, 0>, config5>_Pipeline_VITIS_LOOP_157_47 : mux_case_2303211 | {1 }
	Port: merge_sort<ap_fixed<16, 6, 5, 3, 0>, config5>_Pipeline_VITIS_LOOP_157_47 : mux_case_3304215 | {1 }
	Port: merge_sort<ap_fixed<16, 6, 5, 3, 0>, config5>_Pipeline_VITIS_LOOP_157_47 : mux_case_4305219 | {1 }
	Port: merge_sort<ap_fixed<16, 6, 5, 3, 0>, config5>_Pipeline_VITIS_LOOP_157_47 : mux_case_5306223 | {1 }
	Port: merge_sort<ap_fixed<16, 6, 5, 3, 0>, config5>_Pipeline_VITIS_LOOP_157_47 : mux_case_6307227 | {1 }
  - Chain level:
	State 1
	State 2
		icmp_ln157 : 1
		br_ln157 : 2
		trunc_ln147 : 1
		add_ln159 : 1
		temp_72 : 1
		k_8 : 1
		switch_ln159 : 2
		store_ln136 : 2
		store_ln136 : 2
		store_ln136 : 2
		store_ln136 : 2
		store_ln136 : 2
		store_ln136 : 2
		store_ln136 : 2
		store_ln136 : 2
		store_ln147 : 2
		store_ln147 : 2
		write_ln0 : 1
		write_ln0 : 1
		write_ln0 : 1
		write_ln0 : 1
		write_ln0 : 1
		write_ln0 : 1
		write_ln0 : 1
		write_ln0 : 1


============================================================
+ Verbose Summary: Datapath Resource usage 
============================================================

* Functional unit list:
|----------|-----------------------------------|---------|---------|
| Operation|          Functional Unit          |    FF   |   LUT   |
|----------|-----------------------------------|---------|---------|
|    add   |          add_ln159_fu_354         |    0    |    10   |
|          |             k_8_fu_389            |    0    |    39   |
|----------|-----------------------------------|---------|---------|
| sparsemux|           temp_72_fu_360          |    0    |    37   |
|----------|-----------------------------------|---------|---------|
|   icmp   |         icmp_ln157_fu_341         |    0    |    10   |
|----------|-----------------------------------|---------|---------|
|          | mux_case_6307227_read_read_fu_130 |    0    |    0    |
|          | mux_case_5306223_read_read_fu_136 |    0    |    0    |
|          | mux_case_4305219_read_read_fu_142 |    0    |    0    |
|          | mux_case_3304215_read_read_fu_148 |    0    |    0    |
|          | mux_case_2303211_read_read_fu_154 |    0    |    0    |
|          | mux_case_1302207_read_read_fu_160 |    0    |    0    |
|          | mux_case_0301203_read_read_fu_166 |    0    |    0    |
|          |    k_24_reload_read_read_fu_172   |    0    |    0    |
|   read   |          tmp_read_fu_178          |    0    |    0    |
|          |  temp_198_reload_read_read_fu_184 |    0    |    0    |
|          |  temp_199_reload_read_read_fu_190 |    0    |    0    |
|          |  temp_200_reload_read_read_fu_196 |    0    |    0    |
|          |  temp_201_reload_read_read_fu_202 |    0    |    0    |
|          |  temp_202_reload_read_read_fu_208 |    0    |    0    |
|          |  temp_203_reload_read_read_fu_214 |    0    |    0    |
|          |  temp_204_reload_read_read_fu_220 |    0    |    0    |
|          |  temp_205_reload_read_read_fu_226 |    0    |    0    |
|----------|-----------------------------------|---------|---------|
|          |       write_ln0_write_fu_232      |    0    |    0    |
|          |       write_ln0_write_fu_239      |    0    |    0    |
|          |       write_ln0_write_fu_246      |    0    |    0    |
|   write  |       write_ln0_write_fu_253      |    0    |    0    |
|          |       write_ln0_write_fu_260      |    0    |    0    |
|          |       write_ln0_write_fu_267      |    0    |    0    |
|          |       write_ln0_write_fu_274      |    0    |    0    |
|          |       write_ln0_write_fu_281      |    0    |    0    |
|----------|-----------------------------------|---------|---------|
|   trunc  |         trunc_ln147_fu_350        |    0    |    0    |
|----------|-----------------------------------|---------|---------|
|   Total  |                                   |    0    |    96   |
|----------|-----------------------------------|---------|---------|

Memories:
N/A

* Register list:
+-----------------------------+--------+
|                             |   FF   |
+-----------------------------+--------+
|          i_reg_484          |    3   |
|          k_reg_477          |   32   |
|mux_case_0301203_read_reg_577|   32   |
|mux_case_1302207_read_reg_572|   32   |
|mux_case_2303211_read_reg_567|   32   |
|mux_case_3304215_read_reg_562|   32   |
|mux_case_4305219_read_reg_557|   32   |
|mux_case_5306223_read_reg_552|   32   |
|mux_case_6307227_read_reg_547|   32   |
|       temp_65_reg_498       |   32   |
|       temp_66_reg_505       |   32   |
|       temp_67_reg_512       |   32   |
|       temp_68_reg_519       |   32   |
|       temp_69_reg_526       |   32   |
|       temp_70_reg_533       |   32   |
|       temp_71_reg_540       |   32   |
|         temp_reg_491        |   32   |
+-----------------------------+--------+
|            Total            |   515  |
+-----------------------------+--------+

* Multiplexer (MUX) list: 
|--------|------|------|------|--------|
|  Comp  |  Pin | Size |  BW  | S x BW |
|--------|------|------|------|--------|
|  Total |      |      |      |    0   |
|--------|------|------|------|--------|



* Summary:
+-----------+--------+--------+
|           |   FF   |   LUT  |
+-----------+--------+--------+
|  Function |    0   |   96   |
|   Memory  |    -   |    -   |
|Multiplexer|    -   |    -   |
|  Register |   515  |    -   |
+-----------+--------+--------+
|   Total   |   515  |   96   |
+-----------+--------+--------+
