

================================================================
== Vitis HLS Report for 'merge_sort_ap_fixed_16_6_5_3_0_config5_Pipeline_VITIS_LOOP_157_44'
================================================================
* Date:           Tue Mar  4 14:24:08 2025

* Version:        2023.2 (Build 4023990 on Oct 11 2023)
* Project:        myproject_prj
* Solution:       solution1 (Vivado IP Flow Target)
* Product family: virtexuplus
* Target device:  xcvu13p-flga2577-2-e


================================================================
== Performance Estimates
================================================================
+ Timing: 
    * Summary: 
    +--------+---------+----------+------------+
    |  Clock |  Target | Estimated| Uncertainty|
    +--------+---------+----------+------------+
    |ap_clk  |  5.00 ns|  1.267 ns|     0.62 ns|
    +--------+---------+----------+------------+

+ Latency: 
    * Summary: 
    +---------+---------+----------+----------+-----+-----+---------+
    |  Latency (cycles) |  Latency (absolute) |  Interval | Pipeline|
    |   min   |   max   |    min   |    max   | min | max |   Type  |
    +---------+---------+----------+----------+-----+-----+---------+
    |        ?|        ?|         ?|         ?|    ?|    ?|       no|
    +---------+---------+----------+----------+-----+-----+---------+

    + Detail: 
        * Instance: 
        N/A

        * Loop: 
        +--------------------+---------+---------+----------+-----------+-----------+------+----------+
        |                    |  Latency (cycles) | Iteration|  Initiation Interval  | Trip |          |
        |      Loop Name     |   min   |   max   |  Latency |  achieved |   target  | Count| Pipelined|
        +--------------------+---------+---------+----------+-----------+-----------+------+----------+
        |- VITIS_LOOP_157_4  |        ?|        ?|         1|          1|          1|     ?|       yes|
        +--------------------+---------+---------+----------+-----------+-----------+------+----------+



================================================================
== Utilization Estimates
================================================================
* Summary: 
+---------------------+---------+-------+---------+---------+------+
|         Name        | BRAM_18K|  DSP  |    FF   |   LUT   | URAM |
+---------------------+---------+-------+---------+---------+------+
|DSP                  |        -|      -|        -|        -|     -|
|Expression           |        -|      -|        0|       79|     -|
|FIFO                 |        -|      -|        -|        -|     -|
|Instance             |        -|      -|        0|       26|     -|
|Memory               |        -|      -|        -|        -|     -|
|Multiplexer          |        -|      -|        -|      108|     -|
|Register             |        -|      -|      294|        -|     -|
+---------------------+---------+-------+---------+---------+------+
|Total                |        0|      0|      294|      213|     0|
+---------------------+---------+-------+---------+---------+------+
|Available SLR        |     1344|   3072|   864000|   432000|   320|
+---------------------+---------+-------+---------+---------+------+
|Utilization SLR (%)  |        0|      0|       ~0|       ~0|     0|
+---------------------+---------+-------+---------+---------+------+
|Available            |     5376|  12288|  3456000|  1728000|  1280|
+---------------------+---------+-------+---------+---------+------+
|Utilization (%)      |        0|      0|       ~0|       ~0|     0|
+---------------------+---------+-------+---------+---------+------+

+ Detail: 
    * Instance: 
    +----------------------------+-----------------------+---------+----+---+----+-----+
    |          Instance          |         Module        | BRAM_18K| DSP| FF| LUT| URAM|
    +----------------------------+-----------------------+---------+----+---+----+-----+
    |sparsemux_11_3_32_1_1_U980  |sparsemux_11_3_32_1_1  |        0|   0|  0|  26|    0|
    +----------------------------+-----------------------+---------+----+---+----+-----+
    |Total                       |                       |        0|   0|  0|  26|    0|
    +----------------------------+-----------------------+---------+----+---+----+-----+

    * DSP: 
    N/A

    * Memory: 
    N/A

    * FIFO: 
    N/A

    * Expression: 
    +----------------------+----------+----+---+----+------------+------------+
    |     Variable Name    | Operation| DSP| FF| LUT| Bitwidth P0| Bitwidth P1|
    +----------------------+----------+----+---+----+------------+------------+
    |add_ln159_fu_336_p2   |         +|   0|  0|  10|           3|           1|
    |k_9_fu_365_p2         |         +|   0|  0|  39|          32|           1|
    |ap_condition_258      |       and|   0|  0|   2|           1|           1|
    |ap_condition_261      |       and|   0|  0|   2|           1|           1|
    |ap_condition_264      |       and|   0|  0|   2|           1|           1|
    |ap_condition_267      |       and|   0|  0|   2|           1|           1|
    |ap_condition_270      |       and|   0|  0|   2|           1|           1|
    |ap_condition_273      |       and|   0|  0|   2|           1|           1|
    |ap_condition_276      |       and|   0|  0|   2|           1|           1|
    |ap_condition_279      |       and|   0|  0|   2|           1|           1|
    |icmp_ln157_fu_323_p2  |      icmp|   0|  0|  12|           3|           4|
    |ap_enable_pp0         |       xor|   0|  0|   2|           1|           2|
    +----------------------+----------+----+---+----+------------+------------+
    |Total                 |          |   0|  0|  79|          47|          16|
    +----------------------+----------+----+---+----+------------+------------+

    * Multiplexer: 
    +-------------------------+----+-----------+-----+-----------+
    |           Name          | LUT| Input Size| Bits| Total Bits|
    +-------------------------+----+-----------+-----+-----------+
    |ap_done_int              |   9|          2|    1|          2|
    |ap_enable_reg_pp0_iter1  |   9|          2|    1|          2|
    |i_fu_88                  |   9|          2|    3|          6|
    |k_fu_84                  |   9|          2|   32|         64|
    |temp_73_fu_96            |   9|          2|   32|         64|
    |temp_74_fu_100           |   9|          2|   32|         64|
    |temp_75_fu_104           |   9|          2|   32|         64|
    |temp_76_fu_108           |   9|          2|   32|         64|
    |temp_77_fu_112           |   9|          2|   32|         64|
    |temp_78_fu_116           |   9|          2|   32|         64|
    |temp_79_fu_120           |   9|          2|   32|         64|
    |temp_fu_92               |   9|          2|   32|         64|
    +-------------------------+----+-----------+-----+-----------+
    |Total                    | 108|         24|  293|        586|
    +-------------------------+----+-----------+-----+-----------+

    * Register: 
    +-------------------------+----+----+-----+-----------+
    |           Name          | FF | LUT| Bits| Const Bits|
    +-------------------------+----+----+-----+-----------+
    |ap_CS_fsm                |   1|   0|    1|          0|
    |ap_done_reg              |   1|   0|    1|          0|
    |ap_enable_reg_pp0_iter1  |   1|   0|    1|          0|
    |i_fu_88                  |   3|   0|    3|          0|
    |k_fu_84                  |  32|   0|   32|          0|
    |temp_73_fu_96            |  32|   0|   32|          0|
    |temp_74_fu_100           |  32|   0|   32|          0|
    |temp_75_fu_104           |  32|   0|   32|          0|
    |temp_76_fu_108           |  32|   0|   32|          0|
    |temp_77_fu_112           |  32|   0|   32|          0|
    |temp_78_fu_116           |  32|   0|   32|          0|
    |temp_79_fu_120           |  32|   0|   32|          0|
    |temp_fu_92               |  32|   0|   32|          0|
    +-------------------------+----+----+-----+-----------+
    |Total                    | 294|   0|  294|          0|
    +-------------------------+----+----+-----+-----------+



================================================================
== Interface
================================================================
* Summary: 
+---------------------+-----+-----+------------+--------------------------------------------------------------------------+--------------+
|      RTL Ports      | Dir | Bits|  Protocol  |                               Source Object                              |    C Type    |
+---------------------+-----+-----+------------+--------------------------------------------------------------------------+--------------+
|ap_clk               |   in|    1|  ap_ctrl_hs|  merge_sort<ap_fixed<16, 6, 5, 3, 0>, config5>_Pipeline_VITIS_LOOP_157_44|  return value|
|ap_rst               |   in|    1|  ap_ctrl_hs|  merge_sort<ap_fixed<16, 6, 5, 3, 0>, config5>_Pipeline_VITIS_LOOP_157_44|  return value|
|ap_start             |   in|    1|  ap_ctrl_hs|  merge_sort<ap_fixed<16, 6, 5, 3, 0>, config5>_Pipeline_VITIS_LOOP_157_44|  return value|
|ap_done              |  out|    1|  ap_ctrl_hs|  merge_sort<ap_fixed<16, 6, 5, 3, 0>, config5>_Pipeline_VITIS_LOOP_157_44|  return value|
|ap_idle              |  out|    1|  ap_ctrl_hs|  merge_sort<ap_fixed<16, 6, 5, 3, 0>, config5>_Pipeline_VITIS_LOOP_157_44|  return value|
|ap_ready             |  out|    1|  ap_ctrl_hs|  merge_sort<ap_fixed<16, 6, 5, 3, 0>, config5>_Pipeline_VITIS_LOOP_157_44|  return value|
|temp_137_reload      |   in|   32|     ap_none|                                                           temp_137_reload|        scalar|
|temp_136_reload      |   in|   32|     ap_none|                                                           temp_136_reload|        scalar|
|temp_135_reload      |   in|   32|     ap_none|                                                           temp_135_reload|        scalar|
|temp_134_reload      |   in|   32|     ap_none|                                                           temp_134_reload|        scalar|
|temp_133_reload      |   in|   32|     ap_none|                                                           temp_133_reload|        scalar|
|temp_132_reload      |   in|   32|     ap_none|                                                           temp_132_reload|        scalar|
|temp_131_reload      |   in|   32|     ap_none|                                                           temp_131_reload|        scalar|
|temp_130_reload      |   in|   32|     ap_none|                                                           temp_130_reload|        scalar|
|empty                |   in|    3|     ap_none|                                                                     empty|        scalar|
|k_15_reload          |   in|   32|     ap_none|                                                               k_15_reload|        scalar|
|mux_case_0189107     |   in|   32|     ap_none|                                                          mux_case_0189107|        scalar|
|mux_case_1190111     |   in|   32|     ap_none|                                                          mux_case_1190111|        scalar|
|mux_case_2191115     |   in|   32|     ap_none|                                                          mux_case_2191115|        scalar|
|mux_case_3192119     |   in|   32|     ap_none|                                                          mux_case_3192119|        scalar|
|mux_case_4193123     |   in|   32|     ap_none|                                                          mux_case_4193123|        scalar|
|temp_145_out         |  out|   32|      ap_vld|                                                              temp_145_out|       pointer|
|temp_145_out_ap_vld  |  out|    1|      ap_vld|                                                              temp_145_out|       pointer|
|temp_144_out         |  out|   32|      ap_vld|                                                              temp_144_out|       pointer|
|temp_144_out_ap_vld  |  out|    1|      ap_vld|                                                              temp_144_out|       pointer|
|temp_143_out         |  out|   32|      ap_vld|                                                              temp_143_out|       pointer|
|temp_143_out_ap_vld  |  out|    1|      ap_vld|                                                              temp_143_out|       pointer|
|temp_142_out         |  out|   32|      ap_vld|                                                              temp_142_out|       pointer|
|temp_142_out_ap_vld  |  out|    1|      ap_vld|                                                              temp_142_out|       pointer|
|temp_141_out         |  out|   32|      ap_vld|                                                              temp_141_out|       pointer|
|temp_141_out_ap_vld  |  out|    1|      ap_vld|                                                              temp_141_out|       pointer|
|temp_140_out         |  out|   32|      ap_vld|                                                              temp_140_out|       pointer|
|temp_140_out_ap_vld  |  out|    1|      ap_vld|                                                              temp_140_out|       pointer|
|temp_139_out         |  out|   32|      ap_vld|                                                              temp_139_out|       pointer|
|temp_139_out_ap_vld  |  out|    1|      ap_vld|                                                              temp_139_out|       pointer|
|temp_138_out         |  out|   32|      ap_vld|                                                              temp_138_out|       pointer|
|temp_138_out_ap_vld  |  out|    1|      ap_vld|                                                              temp_138_out|       pointer|
+---------------------+-----+-----+------------+--------------------------------------------------------------------------+--------------+

============================================================
+ Verbose Summary: Synthesis Manager
============================================================
InlineROM: 1
ExposeGlobal: 0
============================================================
+ Verbose Summary: CDFG Model
============================================================
IsTopModel: 0
ResetActiveHigh: 1
IsCombinational: 2
IsDatapathOnly: 2
HasWiredReturn: 1
HasMFsm: 2
HasVarLatency: 1
IsPipeline: 0
IsRtlPipelined: 0
IsInstanceOverlapped: 0
IsDontTouch: 0
HasImplIP: 0
IsGatedGlobalClock: 0

+ Individual pipeline summary: 
  * Pipeline-0: initiation interval (II) = 1, depth = 2


============================================================
+ Verbose Summary: Schedule
============================================================
* Number of FSM states : 2
* Pipeline : 1
  Pipeline-0 : II = 1, D = 2, States = { 1 2 }
* Dataflow Pipeline: 0

* FSM state transitions: 
1 --> 2 
2 --> 

* FSM state operations: 

State 1 <SV = 0> <Delay = 0.38>
ST_1 : Operation 4 [1/1] (0.00ns)   --->   "%k = alloca i32 1" [firmware/nnet_utils/nnet_hept.h:147]   --->   Operation 4 'alloca' 'k' <Predicate = true> <Delay = 0.00>
ST_1 : Operation 5 [1/1] (0.00ns)   --->   "%i = alloca i32 1" [firmware/nnet_utils/nnet_hept.h:147]   --->   Operation 5 'alloca' 'i' <Predicate = true> <Delay = 0.00>
ST_1 : Operation 6 [1/1] (0.00ns)   --->   "%temp = alloca i32 1" [firmware/nnet_utils/nnet_hept.h:136]   --->   Operation 6 'alloca' 'temp' <Predicate = true> <Delay = 0.00>
ST_1 : Operation 7 [1/1] (0.00ns)   --->   "%temp_73 = alloca i32 1" [firmware/nnet_utils/nnet_hept.h:136]   --->   Operation 7 'alloca' 'temp_73' <Predicate = true> <Delay = 0.00>
ST_1 : Operation 8 [1/1] (0.00ns)   --->   "%temp_74 = alloca i32 1" [firmware/nnet_utils/nnet_hept.h:136]   --->   Operation 8 'alloca' 'temp_74' <Predicate = true> <Delay = 0.00>
ST_1 : Operation 9 [1/1] (0.00ns)   --->   "%temp_75 = alloca i32 1" [firmware/nnet_utils/nnet_hept.h:136]   --->   Operation 9 'alloca' 'temp_75' <Predicate = true> <Delay = 0.00>
ST_1 : Operation 10 [1/1] (0.00ns)   --->   "%temp_76 = alloca i32 1" [firmware/nnet_utils/nnet_hept.h:136]   --->   Operation 10 'alloca' 'temp_76' <Predicate = true> <Delay = 0.00>
ST_1 : Operation 11 [1/1] (0.00ns)   --->   "%temp_77 = alloca i32 1" [firmware/nnet_utils/nnet_hept.h:136]   --->   Operation 11 'alloca' 'temp_77' <Predicate = true> <Delay = 0.00>
ST_1 : Operation 12 [1/1] (0.00ns)   --->   "%temp_78 = alloca i32 1" [firmware/nnet_utils/nnet_hept.h:136]   --->   Operation 12 'alloca' 'temp_78' <Predicate = true> <Delay = 0.00>
ST_1 : Operation 13 [1/1] (0.00ns)   --->   "%temp_79 = alloca i32 1" [firmware/nnet_utils/nnet_hept.h:136]   --->   Operation 13 'alloca' 'temp_79' <Predicate = true> <Delay = 0.00>
ST_1 : Operation 14 [1/1] (0.00ns)   --->   "%mux_case_4193123_read = read i32 @_ssdm_op_Read.ap_auto.i32, i32 %mux_case_4193123"   --->   Operation 14 'read' 'mux_case_4193123_read' <Predicate = true> <Delay = 0.00>
ST_1 : Operation 15 [1/1] (0.00ns)   --->   "%mux_case_3192119_read = read i32 @_ssdm_op_Read.ap_auto.i32, i32 %mux_case_3192119"   --->   Operation 15 'read' 'mux_case_3192119_read' <Predicate = true> <Delay = 0.00>
ST_1 : Operation 16 [1/1] (0.00ns)   --->   "%mux_case_2191115_read = read i32 @_ssdm_op_Read.ap_auto.i32, i32 %mux_case_2191115"   --->   Operation 16 'read' 'mux_case_2191115_read' <Predicate = true> <Delay = 0.00>
ST_1 : Operation 17 [1/1] (0.00ns)   --->   "%mux_case_1190111_read = read i32 @_ssdm_op_Read.ap_auto.i32, i32 %mux_case_1190111"   --->   Operation 17 'read' 'mux_case_1190111_read' <Predicate = true> <Delay = 0.00>
ST_1 : Operation 18 [1/1] (0.00ns)   --->   "%mux_case_0189107_read = read i32 @_ssdm_op_Read.ap_auto.i32, i32 %mux_case_0189107"   --->   Operation 18 'read' 'mux_case_0189107_read' <Predicate = true> <Delay = 0.00>
ST_1 : Operation 19 [1/1] (0.00ns)   --->   "%k_15_reload_read = read i32 @_ssdm_op_Read.ap_auto.i32, i32 %k_15_reload"   --->   Operation 19 'read' 'k_15_reload_read' <Predicate = true> <Delay = 0.00>
ST_1 : Operation 20 [1/1] (0.00ns)   --->   "%tmp = read i3 @_ssdm_op_Read.ap_auto.i3, i3 %empty"   --->   Operation 20 'read' 'tmp' <Predicate = true> <Delay = 0.00>
ST_1 : Operation 21 [1/1] (0.00ns)   --->   "%temp_130_reload_read = read i32 @_ssdm_op_Read.ap_auto.i32, i32 %temp_130_reload"   --->   Operation 21 'read' 'temp_130_reload_read' <Predicate = true> <Delay = 0.00>
ST_1 : Operation 22 [1/1] (0.00ns)   --->   "%temp_131_reload_read = read i32 @_ssdm_op_Read.ap_auto.i32, i32 %temp_131_reload"   --->   Operation 22 'read' 'temp_131_reload_read' <Predicate = true> <Delay = 0.00>
ST_1 : Operation 23 [1/1] (0.00ns)   --->   "%temp_132_reload_read = read i32 @_ssdm_op_Read.ap_auto.i32, i32 %temp_132_reload"   --->   Operation 23 'read' 'temp_132_reload_read' <Predicate = true> <Delay = 0.00>
ST_1 : Operation 24 [1/1] (0.00ns)   --->   "%temp_133_reload_read = read i32 @_ssdm_op_Read.ap_auto.i32, i32 %temp_133_reload"   --->   Operation 24 'read' 'temp_133_reload_read' <Predicate = true> <Delay = 0.00>
ST_1 : Operation 25 [1/1] (0.00ns)   --->   "%temp_134_reload_read = read i32 @_ssdm_op_Read.ap_auto.i32, i32 %temp_134_reload"   --->   Operation 25 'read' 'temp_134_reload_read' <Predicate = true> <Delay = 0.00>
ST_1 : Operation 26 [1/1] (0.00ns)   --->   "%temp_135_reload_read = read i32 @_ssdm_op_Read.ap_auto.i32, i32 %temp_135_reload"   --->   Operation 26 'read' 'temp_135_reload_read' <Predicate = true> <Delay = 0.00>
ST_1 : Operation 27 [1/1] (0.00ns)   --->   "%temp_136_reload_read = read i32 @_ssdm_op_Read.ap_auto.i32, i32 %temp_136_reload"   --->   Operation 27 'read' 'temp_136_reload_read' <Predicate = true> <Delay = 0.00>
ST_1 : Operation 28 [1/1] (0.00ns)   --->   "%temp_137_reload_read = read i32 @_ssdm_op_Read.ap_auto.i32, i32 %temp_137_reload"   --->   Operation 28 'read' 'temp_137_reload_read' <Predicate = true> <Delay = 0.00>
ST_1 : Operation 29 [1/1] (0.38ns)   --->   "%store_ln136 = store i32 %temp_137_reload_read, i32 %temp_79" [firmware/nnet_utils/nnet_hept.h:136]   --->   Operation 29 'store' 'store_ln136' <Predicate = true> <Delay = 0.38>
ST_1 : Operation 30 [1/1] (0.38ns)   --->   "%store_ln136 = store i32 %temp_136_reload_read, i32 %temp_78" [firmware/nnet_utils/nnet_hept.h:136]   --->   Operation 30 'store' 'store_ln136' <Predicate = true> <Delay = 0.38>
ST_1 : Operation 31 [1/1] (0.38ns)   --->   "%store_ln136 = store i32 %temp_135_reload_read, i32 %temp_77" [firmware/nnet_utils/nnet_hept.h:136]   --->   Operation 31 'store' 'store_ln136' <Predicate = true> <Delay = 0.38>
ST_1 : Operation 32 [1/1] (0.38ns)   --->   "%store_ln136 = store i32 %temp_134_reload_read, i32 %temp_76" [firmware/nnet_utils/nnet_hept.h:136]   --->   Operation 32 'store' 'store_ln136' <Predicate = true> <Delay = 0.38>
ST_1 : Operation 33 [1/1] (0.38ns)   --->   "%store_ln136 = store i32 %temp_133_reload_read, i32 %temp_75" [firmware/nnet_utils/nnet_hept.h:136]   --->   Operation 33 'store' 'store_ln136' <Predicate = true> <Delay = 0.38>
ST_1 : Operation 34 [1/1] (0.38ns)   --->   "%store_ln136 = store i32 %temp_132_reload_read, i32 %temp_74" [firmware/nnet_utils/nnet_hept.h:136]   --->   Operation 34 'store' 'store_ln136' <Predicate = true> <Delay = 0.38>
ST_1 : Operation 35 [1/1] (0.38ns)   --->   "%store_ln136 = store i32 %temp_131_reload_read, i32 %temp_73" [firmware/nnet_utils/nnet_hept.h:136]   --->   Operation 35 'store' 'store_ln136' <Predicate = true> <Delay = 0.38>
ST_1 : Operation 36 [1/1] (0.38ns)   --->   "%store_ln136 = store i32 %temp_130_reload_read, i32 %temp" [firmware/nnet_utils/nnet_hept.h:136]   --->   Operation 36 'store' 'store_ln136' <Predicate = true> <Delay = 0.38>
ST_1 : Operation 37 [1/1] (0.38ns)   --->   "%store_ln147 = store i3 %tmp, i3 %i" [firmware/nnet_utils/nnet_hept.h:147]   --->   Operation 37 'store' 'store_ln147' <Predicate = true> <Delay = 0.38>
ST_1 : Operation 38 [1/1] (0.38ns)   --->   "%store_ln147 = store i32 %k_15_reload_read, i32 %k" [firmware/nnet_utils/nnet_hept.h:147]   --->   Operation 38 'store' 'store_ln147' <Predicate = true> <Delay = 0.38>
ST_1 : Operation 39 [1/1] (0.00ns)   --->   "%br_ln0 = br void %while.body45.2138"   --->   Operation 39 'br' 'br_ln0' <Predicate = true> <Delay = 0.00>

State 2 <SV = 1> <Delay = 1.26>
ST_2 : Operation 40 [1/1] (0.00ns)   --->   "%i_2 = load i3 %i" [firmware/nnet_utils/nnet_hept.h:159]   --->   Operation 40 'load' 'i_2' <Predicate = true> <Delay = 0.00>
ST_2 : Operation 41 [1/1] (0.57ns)   --->   "%icmp_ln157 = icmp_ugt  i3 %i_2, i3 4" [firmware/nnet_utils/nnet_hept.h:157]   --->   Operation 41 'icmp' 'icmp_ln157' <Predicate = true> <Delay = 0.57> <CoreInst = "Cmp">   --->   Core 9 'Cmp' <Latency = 0> <II = 1> <Delay = 0.70> <FuncUnit> <Opcode : 'icmp'> <InPorts = 2> <OutPorts = 1>
ST_2 : Operation 42 [1/1] (0.00ns)   --->   "%br_ln157 = br i1 %icmp_ln157, void %while.body45.2138.split, void %VITIS_LOOP_161_52.loopexit.exitStub" [firmware/nnet_utils/nnet_hept.h:157]   --->   Operation 42 'br' 'br_ln157' <Predicate = true> <Delay = 0.00>
ST_2 : Operation 43 [1/1] (0.00ns)   --->   "%k_load = load i32 %k" [firmware/nnet_utils/nnet_hept.h:147]   --->   Operation 43 'load' 'k_load' <Predicate = (!icmp_ln157)> <Delay = 0.00>
ST_2 : Operation 44 [1/1] (0.00ns)   --->   "%specpipeline_ln158 = specpipeline void @_ssdm_op_SpecPipeline, i32 4294967295, i32 0, i32 0, i32 0, void @empty_0" [firmware/nnet_utils/nnet_hept.h:158]   --->   Operation 44 'specpipeline' 'specpipeline_ln158' <Predicate = (!icmp_ln157)> <Delay = 0.00>
ST_2 : Operation 45 [1/1] (0.00ns)   --->   "%specloopname_ln157 = specloopname void @_ssdm_op_SpecLoopName, void @empty_4" [firmware/nnet_utils/nnet_hept.h:157]   --->   Operation 45 'specloopname' 'specloopname_ln157' <Predicate = (!icmp_ln157)> <Delay = 0.00>
ST_2 : Operation 46 [1/1] (0.00ns)   --->   "%trunc_ln147 = trunc i32 %k_load" [firmware/nnet_utils/nnet_hept.h:147]   --->   Operation 46 'trunc' 'trunc_ln147' <Predicate = (!icmp_ln157)> <Delay = 0.00>
ST_2 : Operation 47 [1/1] (0.57ns)   --->   "%add_ln159 = add i3 %i_2, i3 1" [firmware/nnet_utils/nnet_hept.h:159]   --->   Operation 47 'add' 'add_ln159' <Predicate = (!icmp_ln157)> <Delay = 0.57> <CoreInst = "Adder">   --->   Core 1 'Adder' <Latency = 0> <II = 1> <Delay = 0.57> <FuncUnit> <Opcode : 'add' 'sub'> <InPorts = 2> <OutPorts = 1>
ST_2 : Operation 48 [1/1] (0.48ns)   --->   "%temp_80 = sparsemux i32 @_ssdm_op_SparseMux.ap_auto.5i32.i32.i3, i3 0, i32 %mux_case_0189107_read, i3 1, i32 %mux_case_1190111_read, i3 2, i32 %mux_case_2191115_read, i3 3, i32 %mux_case_3192119_read, i3 4, i32 %mux_case_4193123_read, i32 0, i3 %i_2" [firmware/nnet_utils/nnet_hept.h:159]   --->   Operation 48 'sparsemux' 'temp_80' <Predicate = (!icmp_ln157)> <Delay = 0.48> <CoreInst = "SparseMux">   --->   Core 147 'SparseMux' <Latency = 0> <II = 1> <Delay = 0.48> <FuncUnit> <Opcode : 'sparsemux'> <InPorts = 2> <OutPorts = 1>
ST_2 : Operation 49 [1/1] (0.88ns)   --->   "%k_9 = add i32 %k_load, i32 1" [firmware/nnet_utils/nnet_hept.h:159]   --->   Operation 49 'add' 'k_9' <Predicate = (!icmp_ln157)> <Delay = 0.88> <CoreInst = "Adder">   --->   Core 1 'Adder' <Latency = 0> <II = 1> <Delay = 0.88> <FuncUnit> <Opcode : 'add' 'sub'> <InPorts = 2> <OutPorts = 1>
ST_2 : Operation 50 [1/1] (0.67ns)   --->   "%switch_ln159 = switch i3 %trunc_ln147, void %arrayidx51.2136.case.7, i3 0, void %while.body45.2138.split.arrayidx51.2136.exit_crit_edge16, i3 1, void %arrayidx51.2136.case.1, i3 2, void %arrayidx51.2136.case.2, i3 3, void %arrayidx51.2136.case.3, i3 4, void %arrayidx51.2136.case.4, i3 5, void %arrayidx51.2136.case.5, i3 6, void %while.body45.2138.split.arrayidx51.2136.exit_crit_edge" [firmware/nnet_utils/nnet_hept.h:159]   --->   Operation 50 'switch' 'switch_ln159' <Predicate = (!icmp_ln157)> <Delay = 0.67>
ST_2 : Operation 51 [1/1] (0.38ns)   --->   "%store_ln136 = store i32 %temp_80, i32 %temp_78" [firmware/nnet_utils/nnet_hept.h:136]   --->   Operation 51 'store' 'store_ln136' <Predicate = (!icmp_ln157 & trunc_ln147 == 6)> <Delay = 0.38>
ST_2 : Operation 52 [1/1] (0.00ns)   --->   "%br_ln159 = br void %arrayidx51.2136.exit" [firmware/nnet_utils/nnet_hept.h:159]   --->   Operation 52 'br' 'br_ln159' <Predicate = (!icmp_ln157 & trunc_ln147 == 6)> <Delay = 0.00>
ST_2 : Operation 53 [1/1] (0.38ns)   --->   "%store_ln136 = store i32 %temp_80, i32 %temp_77" [firmware/nnet_utils/nnet_hept.h:136]   --->   Operation 53 'store' 'store_ln136' <Predicate = (!icmp_ln157 & trunc_ln147 == 5)> <Delay = 0.38>
ST_2 : Operation 54 [1/1] (0.00ns)   --->   "%br_ln159 = br void %arrayidx51.2136.exit" [firmware/nnet_utils/nnet_hept.h:159]   --->   Operation 54 'br' 'br_ln159' <Predicate = (!icmp_ln157 & trunc_ln147 == 5)> <Delay = 0.00>
ST_2 : Operation 55 [1/1] (0.38ns)   --->   "%store_ln136 = store i32 %temp_80, i32 %temp_76" [firmware/nnet_utils/nnet_hept.h:136]   --->   Operation 55 'store' 'store_ln136' <Predicate = (!icmp_ln157 & trunc_ln147 == 4)> <Delay = 0.38>
ST_2 : Operation 56 [1/1] (0.00ns)   --->   "%br_ln159 = br void %arrayidx51.2136.exit" [firmware/nnet_utils/nnet_hept.h:159]   --->   Operation 56 'br' 'br_ln159' <Predicate = (!icmp_ln157 & trunc_ln147 == 4)> <Delay = 0.00>
ST_2 : Operation 57 [1/1] (0.38ns)   --->   "%store_ln136 = store i32 %temp_80, i32 %temp_75" [firmware/nnet_utils/nnet_hept.h:136]   --->   Operation 57 'store' 'store_ln136' <Predicate = (!icmp_ln157 & trunc_ln147 == 3)> <Delay = 0.38>
ST_2 : Operation 58 [1/1] (0.00ns)   --->   "%br_ln159 = br void %arrayidx51.2136.exit" [firmware/nnet_utils/nnet_hept.h:159]   --->   Operation 58 'br' 'br_ln159' <Predicate = (!icmp_ln157 & trunc_ln147 == 3)> <Delay = 0.00>
ST_2 : Operation 59 [1/1] (0.38ns)   --->   "%store_ln136 = store i32 %temp_80, i32 %temp_74" [firmware/nnet_utils/nnet_hept.h:136]   --->   Operation 59 'store' 'store_ln136' <Predicate = (!icmp_ln157 & trunc_ln147 == 2)> <Delay = 0.38>
ST_2 : Operation 60 [1/1] (0.00ns)   --->   "%br_ln159 = br void %arrayidx51.2136.exit" [firmware/nnet_utils/nnet_hept.h:159]   --->   Operation 60 'br' 'br_ln159' <Predicate = (!icmp_ln157 & trunc_ln147 == 2)> <Delay = 0.00>
ST_2 : Operation 61 [1/1] (0.38ns)   --->   "%store_ln136 = store i32 %temp_80, i32 %temp_73" [firmware/nnet_utils/nnet_hept.h:136]   --->   Operation 61 'store' 'store_ln136' <Predicate = (!icmp_ln157 & trunc_ln147 == 1)> <Delay = 0.38>
ST_2 : Operation 62 [1/1] (0.00ns)   --->   "%br_ln159 = br void %arrayidx51.2136.exit" [firmware/nnet_utils/nnet_hept.h:159]   --->   Operation 62 'br' 'br_ln159' <Predicate = (!icmp_ln157 & trunc_ln147 == 1)> <Delay = 0.00>
ST_2 : Operation 63 [1/1] (0.38ns)   --->   "%store_ln136 = store i32 %temp_80, i32 %temp" [firmware/nnet_utils/nnet_hept.h:136]   --->   Operation 63 'store' 'store_ln136' <Predicate = (!icmp_ln157 & trunc_ln147 == 0)> <Delay = 0.38>
ST_2 : Operation 64 [1/1] (0.00ns)   --->   "%br_ln159 = br void %arrayidx51.2136.exit" [firmware/nnet_utils/nnet_hept.h:159]   --->   Operation 64 'br' 'br_ln159' <Predicate = (!icmp_ln157 & trunc_ln147 == 0)> <Delay = 0.00>
ST_2 : Operation 65 [1/1] (0.38ns)   --->   "%store_ln136 = store i32 %temp_80, i32 %temp_79" [firmware/nnet_utils/nnet_hept.h:136]   --->   Operation 65 'store' 'store_ln136' <Predicate = (!icmp_ln157 & trunc_ln147 == 7)> <Delay = 0.38>
ST_2 : Operation 66 [1/1] (0.00ns)   --->   "%br_ln159 = br void %arrayidx51.2136.exit" [firmware/nnet_utils/nnet_hept.h:159]   --->   Operation 66 'br' 'br_ln159' <Predicate = (!icmp_ln157 & trunc_ln147 == 7)> <Delay = 0.00>
ST_2 : Operation 67 [1/1] (0.38ns)   --->   "%store_ln147 = store i3 %add_ln159, i3 %i" [firmware/nnet_utils/nnet_hept.h:147]   --->   Operation 67 'store' 'store_ln147' <Predicate = (!icmp_ln157)> <Delay = 0.38>
ST_2 : Operation 68 [1/1] (0.38ns)   --->   "%store_ln147 = store i32 %k_9, i32 %k" [firmware/nnet_utils/nnet_hept.h:147]   --->   Operation 68 'store' 'store_ln147' <Predicate = (!icmp_ln157)> <Delay = 0.38>
ST_2 : Operation 69 [1/1] (0.00ns)   --->   "%br_ln157 = br void %while.body45.2138" [firmware/nnet_utils/nnet_hept.h:157]   --->   Operation 69 'br' 'br_ln157' <Predicate = (!icmp_ln157)> <Delay = 0.00>
ST_2 : Operation 70 [1/1] (0.00ns)   --->   "%temp_load = load i32 %temp"   --->   Operation 70 'load' 'temp_load' <Predicate = (icmp_ln157)> <Delay = 0.00>
ST_2 : Operation 71 [1/1] (0.00ns)   --->   "%temp_73_load = load i32 %temp_73"   --->   Operation 71 'load' 'temp_73_load' <Predicate = (icmp_ln157)> <Delay = 0.00>
ST_2 : Operation 72 [1/1] (0.00ns)   --->   "%temp_74_load = load i32 %temp_74"   --->   Operation 72 'load' 'temp_74_load' <Predicate = (icmp_ln157)> <Delay = 0.00>
ST_2 : Operation 73 [1/1] (0.00ns)   --->   "%temp_75_load = load i32 %temp_75"   --->   Operation 73 'load' 'temp_75_load' <Predicate = (icmp_ln157)> <Delay = 0.00>
ST_2 : Operation 74 [1/1] (0.00ns)   --->   "%temp_76_load = load i32 %temp_76"   --->   Operation 74 'load' 'temp_76_load' <Predicate = (icmp_ln157)> <Delay = 0.00>
ST_2 : Operation 75 [1/1] (0.00ns)   --->   "%temp_77_load = load i32 %temp_77"   --->   Operation 75 'load' 'temp_77_load' <Predicate = (icmp_ln157)> <Delay = 0.00>
ST_2 : Operation 76 [1/1] (0.00ns)   --->   "%temp_78_load = load i32 %temp_78"   --->   Operation 76 'load' 'temp_78_load' <Predicate = (icmp_ln157)> <Delay = 0.00>
ST_2 : Operation 77 [1/1] (0.00ns)   --->   "%temp_79_load = load i32 %temp_79"   --->   Operation 77 'load' 'temp_79_load' <Predicate = (icmp_ln157)> <Delay = 0.00>
ST_2 : Operation 78 [1/1] (0.00ns)   --->   "%write_ln0 = write void @_ssdm_op_Write.ap_auto.i32P0A, i32 %temp_145_out, i32 %temp_79_load"   --->   Operation 78 'write' 'write_ln0' <Predicate = (icmp_ln157)> <Delay = 0.00>
ST_2 : Operation 79 [1/1] (0.00ns)   --->   "%write_ln0 = write void @_ssdm_op_Write.ap_auto.i32P0A, i32 %temp_144_out, i32 %temp_78_load"   --->   Operation 79 'write' 'write_ln0' <Predicate = (icmp_ln157)> <Delay = 0.00>
ST_2 : Operation 80 [1/1] (0.00ns)   --->   "%write_ln0 = write void @_ssdm_op_Write.ap_auto.i32P0A, i32 %temp_143_out, i32 %temp_77_load"   --->   Operation 80 'write' 'write_ln0' <Predicate = (icmp_ln157)> <Delay = 0.00>
ST_2 : Operation 81 [1/1] (0.00ns)   --->   "%write_ln0 = write void @_ssdm_op_Write.ap_auto.i32P0A, i32 %temp_142_out, i32 %temp_76_load"   --->   Operation 81 'write' 'write_ln0' <Predicate = (icmp_ln157)> <Delay = 0.00>
ST_2 : Operation 82 [1/1] (0.00ns)   --->   "%write_ln0 = write void @_ssdm_op_Write.ap_auto.i32P0A, i32 %temp_141_out, i32 %temp_75_load"   --->   Operation 82 'write' 'write_ln0' <Predicate = (icmp_ln157)> <Delay = 0.00>
ST_2 : Operation 83 [1/1] (0.00ns)   --->   "%write_ln0 = write void @_ssdm_op_Write.ap_auto.i32P0A, i32 %temp_140_out, i32 %temp_74_load"   --->   Operation 83 'write' 'write_ln0' <Predicate = (icmp_ln157)> <Delay = 0.00>
ST_2 : Operation 84 [1/1] (0.00ns)   --->   "%write_ln0 = write void @_ssdm_op_Write.ap_auto.i32P0A, i32 %temp_139_out, i32 %temp_73_load"   --->   Operation 84 'write' 'write_ln0' <Predicate = (icmp_ln157)> <Delay = 0.00>
ST_2 : Operation 85 [1/1] (0.00ns)   --->   "%write_ln0 = write void @_ssdm_op_Write.ap_auto.i32P0A, i32 %temp_138_out, i32 %temp_load"   --->   Operation 85 'write' 'write_ln0' <Predicate = (icmp_ln157)> <Delay = 0.00>
ST_2 : Operation 86 [1/1] (0.00ns)   --->   "%ret_ln0 = ret"   --->   Operation 86 'ret' 'ret_ln0' <Predicate = (icmp_ln157)> <Delay = 0.00>


============================================================
+ Verbose Summary: Binding
============================================================
STG Binding: 
---------------- STG Properties BEGIN ----------------
- Is combinational: 0
- Is one-state seq: 0
- Is datapath-only: 0
- Is pipelined: 0
- Is top level: 0
Port [ Return ] is wired: 1; IO mode=ap_ctrl_hs:ce=0
Port [ temp_137_reload]:  wired=1; compound=0; hidden=0; nouse=0; global=0; static=0; extern=0; dir=0; type=0; pingpong=0; private_global=0; IO mode=ap_none:ce=0
Port [ temp_136_reload]:  wired=1; compound=0; hidden=0; nouse=0; global=0; static=0; extern=0; dir=0; type=0; pingpong=0; private_global=0; IO mode=ap_none:ce=0
Port [ temp_135_reload]:  wired=1; compound=0; hidden=0; nouse=0; global=0; static=0; extern=0; dir=0; type=0; pingpong=0; private_global=0; IO mode=ap_none:ce=0
Port [ temp_134_reload]:  wired=1; compound=0; hidden=0; nouse=0; global=0; static=0; extern=0; dir=0; type=0; pingpong=0; private_global=0; IO mode=ap_none:ce=0
Port [ temp_133_reload]:  wired=1; compound=0; hidden=0; nouse=0; global=0; static=0; extern=0; dir=0; type=0; pingpong=0; private_global=0; IO mode=ap_none:ce=0
Port [ temp_132_reload]:  wired=1; compound=0; hidden=0; nouse=0; global=0; static=0; extern=0; dir=0; type=0; pingpong=0; private_global=0; IO mode=ap_none:ce=0
Port [ temp_131_reload]:  wired=1; compound=0; hidden=0; nouse=0; global=0; static=0; extern=0; dir=0; type=0; pingpong=0; private_global=0; IO mode=ap_none:ce=0
Port [ temp_130_reload]:  wired=1; compound=0; hidden=0; nouse=0; global=0; static=0; extern=0; dir=0; type=0; pingpong=0; private_global=0; IO mode=ap_none:ce=0
Port [ empty]:  wired=1; compound=0; hidden=0; nouse=0; global=0; static=0; extern=0; dir=0; type=0; pingpong=0; private_global=0; IO mode=ap_none:ce=0
Port [ k_15_reload]:  wired=1; compound=0; hidden=0; nouse=0; global=0; static=0; extern=0; dir=0; type=0; pingpong=0; private_global=0; IO mode=ap_none:ce=0
Port [ mux_case_0189107]:  wired=1; compound=0; hidden=0; nouse=0; global=0; static=0; extern=0; dir=0; type=0; pingpong=0; private_global=0; IO mode=ap_none:ce=0
Port [ mux_case_1190111]:  wired=1; compound=0; hidden=0; nouse=0; global=0; static=0; extern=0; dir=0; type=0; pingpong=0; private_global=0; IO mode=ap_none:ce=0
Port [ mux_case_2191115]:  wired=1; compound=0; hidden=0; nouse=0; global=0; static=0; extern=0; dir=0; type=0; pingpong=0; private_global=0; IO mode=ap_none:ce=0
Port [ mux_case_3192119]:  wired=1; compound=0; hidden=0; nouse=0; global=0; static=0; extern=0; dir=0; type=0; pingpong=0; private_global=0; IO mode=ap_none:ce=0
Port [ mux_case_4193123]:  wired=1; compound=0; hidden=0; nouse=0; global=0; static=0; extern=0; dir=0; type=0; pingpong=0; private_global=0; IO mode=ap_none:ce=0
Port [ temp_145_out]:  wired=1; compound=0; hidden=0; nouse=0; global=0; static=0; extern=0; dir=1; type=0; pingpong=0; private_global=0; IO mode=ap_vld:ce=0
Port [ temp_144_out]:  wired=1; compound=0; hidden=0; nouse=0; global=0; static=0; extern=0; dir=1; type=0; pingpong=0; private_global=0; IO mode=ap_vld:ce=0
Port [ temp_143_out]:  wired=1; compound=0; hidden=0; nouse=0; global=0; static=0; extern=0; dir=1; type=0; pingpong=0; private_global=0; IO mode=ap_vld:ce=0
Port [ temp_142_out]:  wired=1; compound=0; hidden=0; nouse=0; global=0; static=0; extern=0; dir=1; type=0; pingpong=0; private_global=0; IO mode=ap_vld:ce=0
Port [ temp_141_out]:  wired=1; compound=0; hidden=0; nouse=0; global=0; static=0; extern=0; dir=1; type=0; pingpong=0; private_global=0; IO mode=ap_vld:ce=0
Port [ temp_140_out]:  wired=1; compound=0; hidden=0; nouse=0; global=0; static=0; extern=0; dir=1; type=0; pingpong=0; private_global=0; IO mode=ap_vld:ce=0
Port [ temp_139_out]:  wired=1; compound=0; hidden=0; nouse=0; global=0; static=0; extern=0; dir=1; type=0; pingpong=0; private_global=0; IO mode=ap_vld:ce=0
Port [ temp_138_out]:  wired=1; compound=0; hidden=0; nouse=0; global=0; static=0; extern=0; dir=1; type=0; pingpong=0; private_global=0; IO mode=ap_vld:ce=0
---------------- STG Properties END ------------------

---------------- Datapath Model BEGIN ----------------

<LifeTime>
<method=bitvector/>
k                     (alloca      ) [ 011]
i                     (alloca      ) [ 011]
temp                  (alloca      ) [ 011]
temp_73               (alloca      ) [ 011]
temp_74               (alloca      ) [ 011]
temp_75               (alloca      ) [ 011]
temp_76               (alloca      ) [ 011]
temp_77               (alloca      ) [ 011]
temp_78               (alloca      ) [ 011]
temp_79               (alloca      ) [ 011]
mux_case_4193123_read (read        ) [ 011]
mux_case_3192119_read (read        ) [ 011]
mux_case_2191115_read (read        ) [ 011]
mux_case_1190111_read (read        ) [ 011]
mux_case_0189107_read (read        ) [ 011]
k_15_reload_read      (read        ) [ 000]
tmp                   (read        ) [ 000]
temp_130_reload_read  (read        ) [ 000]
temp_131_reload_read  (read        ) [ 000]
temp_132_reload_read  (read        ) [ 000]
temp_133_reload_read  (read        ) [ 000]
temp_134_reload_read  (read        ) [ 000]
temp_135_reload_read  (read        ) [ 000]
temp_136_reload_read  (read        ) [ 000]
temp_137_reload_read  (read        ) [ 000]
store_ln136           (store       ) [ 000]
store_ln136           (store       ) [ 000]
store_ln136           (store       ) [ 000]
store_ln136           (store       ) [ 000]
store_ln136           (store       ) [ 000]
store_ln136           (store       ) [ 000]
store_ln136           (store       ) [ 000]
store_ln136           (store       ) [ 000]
store_ln147           (store       ) [ 000]
store_ln147           (store       ) [ 000]
br_ln0                (br          ) [ 000]
i_2                   (load        ) [ 000]
icmp_ln157            (icmp        ) [ 011]
br_ln157              (br          ) [ 000]
k_load                (load        ) [ 000]
specpipeline_ln158    (specpipeline) [ 000]
specloopname_ln157    (specloopname) [ 000]
trunc_ln147           (trunc       ) [ 011]
add_ln159             (add         ) [ 000]
temp_80               (sparsemux   ) [ 000]
k_9                   (add         ) [ 000]
switch_ln159          (switch      ) [ 000]
store_ln136           (store       ) [ 000]
br_ln159              (br          ) [ 000]
store_ln136           (store       ) [ 000]
br_ln159              (br          ) [ 000]
store_ln136           (store       ) [ 000]
br_ln159              (br          ) [ 000]
store_ln136           (store       ) [ 000]
br_ln159              (br          ) [ 000]
store_ln136           (store       ) [ 000]
br_ln159              (br          ) [ 000]
store_ln136           (store       ) [ 000]
br_ln159              (br          ) [ 000]
store_ln136           (store       ) [ 000]
br_ln159              (br          ) [ 000]
store_ln136           (store       ) [ 000]
br_ln159              (br          ) [ 000]
store_ln147           (store       ) [ 000]
store_ln147           (store       ) [ 000]
br_ln157              (br          ) [ 000]
temp_load             (load        ) [ 000]
temp_73_load          (load        ) [ 000]
temp_74_load          (load        ) [ 000]
temp_75_load          (load        ) [ 000]
temp_76_load          (load        ) [ 000]
temp_77_load          (load        ) [ 000]
temp_78_load          (load        ) [ 000]
temp_79_load          (load        ) [ 000]
write_ln0             (write       ) [ 000]
write_ln0             (write       ) [ 000]
write_ln0             (write       ) [ 000]
write_ln0             (write       ) [ 000]
write_ln0             (write       ) [ 000]
write_ln0             (write       ) [ 000]
write_ln0             (write       ) [ 000]
write_ln0             (write       ) [ 000]
ret_ln0               (ret         ) [ 000]
</LifeTime>

<model>

<comp_list>
<comp id="0" class="1000" name="temp_137_reload">
<pin_list>
<pin id="1" dir="1" index="0" bw="1" slack="0"/>
</pin_list>
<bind>
<StgValue><ssdm name="temp_137_reload"/></StgValue>
</bind>
</comp>

<comp id="2" class="1000" name="temp_136_reload">
<pin_list>
<pin id="3" dir="1" index="0" bw="1" slack="0"/>
</pin_list>
<bind>
<StgValue><ssdm name="temp_136_reload"/></StgValue>
</bind>
</comp>

<comp id="4" class="1000" name="temp_135_reload">
<pin_list>
<pin id="5" dir="1" index="0" bw="1" slack="0"/>
</pin_list>
<bind>
<StgValue><ssdm name="temp_135_reload"/></StgValue>
</bind>
</comp>

<comp id="6" class="1000" name="temp_134_reload">
<pin_list>
<pin id="7" dir="1" index="0" bw="1" slack="0"/>
</pin_list>
<bind>
<StgValue><ssdm name="temp_134_reload"/></StgValue>
</bind>
</comp>

<comp id="8" class="1000" name="temp_133_reload">
<pin_list>
<pin id="9" dir="1" index="0" bw="1" slack="0"/>
</pin_list>
<bind>
<StgValue><ssdm name="temp_133_reload"/></StgValue>
</bind>
</comp>

<comp id="10" class="1000" name="temp_132_reload">
<pin_list>
<pin id="11" dir="1" index="0" bw="1" slack="0"/>
</pin_list>
<bind>
<StgValue><ssdm name="temp_132_reload"/></StgValue>
</bind>
</comp>

<comp id="12" class="1000" name="temp_131_reload">
<pin_list>
<pin id="13" dir="1" index="0" bw="1" slack="0"/>
</pin_list>
<bind>
<StgValue><ssdm name="temp_131_reload"/></StgValue>
</bind>
</comp>

<comp id="14" class="1000" name="temp_130_reload">
<pin_list>
<pin id="15" dir="1" index="0" bw="1" slack="0"/>
</pin_list>
<bind>
<StgValue><ssdm name="temp_130_reload"/></StgValue>
</bind>
</comp>

<comp id="16" class="1000" name="empty">
<pin_list>
<pin id="17" dir="1" index="0" bw="1" slack="0"/>
</pin_list>
<bind>
<StgValue><ssdm name="empty"/></StgValue>
</bind>
</comp>

<comp id="18" class="1000" name="k_15_reload">
<pin_list>
<pin id="19" dir="1" index="0" bw="1" slack="0"/>
</pin_list>
<bind>
<StgValue><ssdm name="k_15_reload"/></StgValue>
</bind>
</comp>

<comp id="20" class="1000" name="mux_case_0189107">
<pin_list>
<pin id="21" dir="1" index="0" bw="1" slack="0"/>
</pin_list>
<bind>
<StgValue><ssdm name="mux_case_0189107"/></StgValue>
</bind>
</comp>

<comp id="22" class="1000" name="mux_case_1190111">
<pin_list>
<pin id="23" dir="1" index="0" bw="1" slack="0"/>
</pin_list>
<bind>
<StgValue><ssdm name="mux_case_1190111"/></StgValue>
</bind>
</comp>

<comp id="24" class="1000" name="mux_case_2191115">
<pin_list>
<pin id="25" dir="1" index="0" bw="1" slack="0"/>
</pin_list>
<bind>
<StgValue><ssdm name="mux_case_2191115"/></StgValue>
</bind>
</comp>

<comp id="26" class="1000" name="mux_case_3192119">
<pin_list>
<pin id="27" dir="1" index="0" bw="1" slack="0"/>
</pin_list>
<bind>
<StgValue><ssdm name="mux_case_3192119"/></StgValue>
</bind>
</comp>

<comp id="28" class="1000" name="mux_case_4193123">
<pin_list>
<pin id="29" dir="1" index="0" bw="1" slack="0"/>
</pin_list>
<bind>
<StgValue><ssdm name="mux_case_4193123"/></StgValue>
</bind>
</comp>

<comp id="30" class="1000" name="temp_145_out">
<pin_list>
<pin id="31" dir="1" index="0" bw="1" slack="0"/>
</pin_list>
<bind>
<StgValue><ssdm name="temp_145_out"/></StgValue>
</bind>
</comp>

<comp id="32" class="1000" name="temp_144_out">
<pin_list>
<pin id="33" dir="1" index="0" bw="1" slack="0"/>
</pin_list>
<bind>
<StgValue><ssdm name="temp_144_out"/></StgValue>
</bind>
</comp>

<comp id="34" class="1000" name="temp_143_out">
<pin_list>
<pin id="35" dir="1" index="0" bw="1" slack="0"/>
</pin_list>
<bind>
<StgValue><ssdm name="temp_143_out"/></StgValue>
</bind>
</comp>

<comp id="36" class="1000" name="temp_142_out">
<pin_list>
<pin id="37" dir="1" index="0" bw="1" slack="0"/>
</pin_list>
<bind>
<StgValue><ssdm name="temp_142_out"/></StgValue>
</bind>
</comp>

<comp id="38" class="1000" name="temp_141_out">
<pin_list>
<pin id="39" dir="1" index="0" bw="1" slack="0"/>
</pin_list>
<bind>
<StgValue><ssdm name="temp_141_out"/></StgValue>
</bind>
</comp>

<comp id="40" class="1000" name="temp_140_out">
<pin_list>
<pin id="41" dir="1" index="0" bw="1" slack="0"/>
</pin_list>
<bind>
<StgValue><ssdm name="temp_140_out"/></StgValue>
</bind>
</comp>

<comp id="42" class="1000" name="temp_139_out">
<pin_list>
<pin id="43" dir="1" index="0" bw="1" slack="0"/>
</pin_list>
<bind>
<StgValue><ssdm name="temp_139_out"/></StgValue>
</bind>
</comp>

<comp id="44" class="1000" name="temp_138_out">
<pin_list>
<pin id="45" dir="1" index="0" bw="1" slack="0"/>
</pin_list>
<bind>
<StgValue><ssdm name="temp_138_out"/></StgValue>
</bind>
</comp>

<comp id="46" class="1001" name="const_46">
<pin_list>
<pin id="47" dir="1" index="0" bw="1" slack="0"/>
</pin_list>
<bind>
<StgValue><ssdm name=""/></StgValue>
</bind>
</comp>

<comp id="48" class="1001" name="const_48">
<pin_list>
<pin id="49" dir="1" index="0" bw="1" slack="0"/>
</pin_list>
<bind>
<StgValue><ssdm name="_ssdm_op_Read.ap_auto.i32"/></StgValue>
</bind>
</comp>

<comp id="50" class="1001" name="const_50">
<pin_list>
<pin id="51" dir="1" index="0" bw="1" slack="0"/>
</pin_list>
<bind>
<StgValue><ssdm name="_ssdm_op_Read.ap_auto.i3"/></StgValue>
</bind>
</comp>

<comp id="52" class="1001" name="const_52">
<pin_list>
<pin id="53" dir="1" index="0" bw="1" slack="0"/>
</pin_list>
<bind>
<StgValue><ssdm name=""/></StgValue>
</bind>
</comp>

<comp id="54" class="1001" name="const_54">
<pin_list>
<pin id="55" dir="1" index="0" bw="1" slack="2147483647"/>
</pin_list>
<bind>
<StgValue><ssdm name="_ssdm_op_SpecPipeline"/></StgValue>
</bind>
</comp>

<comp id="56" class="1001" name="const_56">
<pin_list>
<pin id="57" dir="1" index="0" bw="1" slack="2147483647"/>
</pin_list>
<bind>
<StgValue><ssdm name=""/></StgValue>
</bind>
</comp>

<comp id="58" class="1001" name="const_58">
<pin_list>
<pin id="59" dir="1" index="0" bw="1" slack="2147483647"/>
</pin_list>
<bind>
<StgValue><ssdm name=""/></StgValue>
</bind>
</comp>

<comp id="60" class="1001" name="const_60">
<pin_list>
<pin id="61" dir="1" index="0" bw="1" slack="2147483647"/>
</pin_list>
<bind>
<StgValue><ssdm name="empty_0"/></StgValue>
</bind>
</comp>

<comp id="62" class="1001" name="const_62">
<pin_list>
<pin id="63" dir="1" index="0" bw="1" slack="2147483647"/>
</pin_list>
<bind>
<StgValue><ssdm name="_ssdm_op_SpecLoopName"/></StgValue>
</bind>
</comp>

<comp id="64" class="1001" name="const_64">
<pin_list>
<pin id="65" dir="1" index="0" bw="1" slack="2147483647"/>
</pin_list>
<bind>
<StgValue><ssdm name="empty_4"/></StgValue>
</bind>
</comp>

<comp id="66" class="1001" name="const_66">
<pin_list>
<pin id="67" dir="1" index="0" bw="1" slack="0"/>
</pin_list>
<bind>
<StgValue><ssdm name=""/></StgValue>
</bind>
</comp>

<comp id="68" class="1001" name="const_68">
<pin_list>
<pin id="69" dir="1" index="0" bw="1" slack="0"/>
</pin_list>
<bind>
<StgValue><ssdm name="_ssdm_op_SparseMux.ap_auto.5i32.i32.i3"/></StgValue>
</bind>
</comp>

<comp id="70" class="1001" name="const_70">
<pin_list>
<pin id="71" dir="1" index="0" bw="1" slack="0"/>
</pin_list>
<bind>
<StgValue><ssdm name=""/></StgValue>
</bind>
</comp>

<comp id="72" class="1001" name="const_72">
<pin_list>
<pin id="73" dir="1" index="0" bw="1" slack="0"/>
</pin_list>
<bind>
<StgValue><ssdm name=""/></StgValue>
</bind>
</comp>

<comp id="74" class="1001" name="const_74">
<pin_list>
<pin id="75" dir="1" index="0" bw="1" slack="0"/>
</pin_list>
<bind>
<StgValue><ssdm name=""/></StgValue>
</bind>
</comp>

<comp id="76" class="1001" name="const_76">
<pin_list>
<pin id="77" dir="1" index="0" bw="1" slack="0"/>
</pin_list>
<bind>
<StgValue><ssdm name=""/></StgValue>
</bind>
</comp>

<comp id="78" class="1001" name="const_78">
<pin_list>
<pin id="79" dir="1" index="0" bw="1" slack="2147483647"/>
</pin_list>
<bind>
<StgValue><ssdm name=""/></StgValue>
</bind>
</comp>

<comp id="80" class="1001" name="const_80">
<pin_list>
<pin id="81" dir="1" index="0" bw="1" slack="2147483647"/>
</pin_list>
<bind>
<StgValue><ssdm name=""/></StgValue>
</bind>
</comp>

<comp id="82" class="1001" name="const_82">
<pin_list>
<pin id="83" dir="1" index="0" bw="1" slack="0"/>
</pin_list>
<bind>
<StgValue><ssdm name="_ssdm_op_Write.ap_auto.i32P0A"/></StgValue>
</bind>
</comp>

<comp id="84" class="1004" name="k_fu_84">
<pin_list>
<pin id="85" dir="0" index="0" bw="1" slack="0"/>
<pin id="86" dir="1" index="1" bw="32" slack="0"/>
</pin_list>
<bind>
<opcode="alloca(26) " fcode="alloca"/>
<opset="k/1 "/>
</bind>
</comp>

<comp id="88" class="1004" name="i_fu_88">
<pin_list>
<pin id="89" dir="0" index="0" bw="1" slack="0"/>
<pin id="90" dir="1" index="1" bw="3" slack="0"/>
</pin_list>
<bind>
<opcode="alloca(26) " fcode="alloca"/>
<opset="i/1 "/>
</bind>
</comp>

<comp id="92" class="1004" name="temp_fu_92">
<pin_list>
<pin id="93" dir="0" index="0" bw="1" slack="0"/>
<pin id="94" dir="1" index="1" bw="32" slack="0"/>
</pin_list>
<bind>
<opcode="alloca(26) " fcode="alloca"/>
<opset="temp/1 "/>
</bind>
</comp>

<comp id="96" class="1004" name="temp_73_fu_96">
<pin_list>
<pin id="97" dir="0" index="0" bw="1" slack="0"/>
<pin id="98" dir="1" index="1" bw="32" slack="0"/>
</pin_list>
<bind>
<opcode="alloca(26) " fcode="alloca"/>
<opset="temp_73/1 "/>
</bind>
</comp>

<comp id="100" class="1004" name="temp_74_fu_100">
<pin_list>
<pin id="101" dir="0" index="0" bw="1" slack="0"/>
<pin id="102" dir="1" index="1" bw="32" slack="0"/>
</pin_list>
<bind>
<opcode="alloca(26) " fcode="alloca"/>
<opset="temp_74/1 "/>
</bind>
</comp>

<comp id="104" class="1004" name="temp_75_fu_104">
<pin_list>
<pin id="105" dir="0" index="0" bw="1" slack="0"/>
<pin id="106" dir="1" index="1" bw="32" slack="0"/>
</pin_list>
<bind>
<opcode="alloca(26) " fcode="alloca"/>
<opset="temp_75/1 "/>
</bind>
</comp>

<comp id="108" class="1004" name="temp_76_fu_108">
<pin_list>
<pin id="109" dir="0" index="0" bw="1" slack="0"/>
<pin id="110" dir="1" index="1" bw="32" slack="0"/>
</pin_list>
<bind>
<opcode="alloca(26) " fcode="alloca"/>
<opset="temp_76/1 "/>
</bind>
</comp>

<comp id="112" class="1004" name="temp_77_fu_112">
<pin_list>
<pin id="113" dir="0" index="0" bw="1" slack="0"/>
<pin id="114" dir="1" index="1" bw="32" slack="0"/>
</pin_list>
<bind>
<opcode="alloca(26) " fcode="alloca"/>
<opset="temp_77/1 "/>
</bind>
</comp>

<comp id="116" class="1004" name="temp_78_fu_116">
<pin_list>
<pin id="117" dir="0" index="0" bw="1" slack="0"/>
<pin id="118" dir="1" index="1" bw="32" slack="0"/>
</pin_list>
<bind>
<opcode="alloca(26) " fcode="alloca"/>
<opset="temp_78/1 "/>
</bind>
</comp>

<comp id="120" class="1004" name="temp_79_fu_120">
<pin_list>
<pin id="121" dir="0" index="0" bw="1" slack="0"/>
<pin id="122" dir="1" index="1" bw="32" slack="0"/>
</pin_list>
<bind>
<opcode="alloca(26) " fcode="alloca"/>
<opset="temp_79/1 "/>
</bind>
</comp>

<comp id="124" class="1004" name="mux_case_4193123_read_read_fu_124">
<pin_list>
<pin id="125" dir="0" index="0" bw="32" slack="0"/>
<pin id="126" dir="0" index="1" bw="32" slack="0"/>
<pin id="127" dir="1" index="2" bw="32" slack="1"/>
</pin_list>
<bind>
<opcode="read(1150) " fcode="read"/>
<opset="mux_case_4193123_read/1 "/>
</bind>
</comp>

<comp id="130" class="1004" name="mux_case_3192119_read_read_fu_130">
<pin_list>
<pin id="131" dir="0" index="0" bw="32" slack="0"/>
<pin id="132" dir="0" index="1" bw="32" slack="0"/>
<pin id="133" dir="1" index="2" bw="32" slack="1"/>
</pin_list>
<bind>
<opcode="read(1150) " fcode="read"/>
<opset="mux_case_3192119_read/1 "/>
</bind>
</comp>

<comp id="136" class="1004" name="mux_case_2191115_read_read_fu_136">
<pin_list>
<pin id="137" dir="0" index="0" bw="32" slack="0"/>
<pin id="138" dir="0" index="1" bw="32" slack="0"/>
<pin id="139" dir="1" index="2" bw="32" slack="1"/>
</pin_list>
<bind>
<opcode="read(1150) " fcode="read"/>
<opset="mux_case_2191115_read/1 "/>
</bind>
</comp>

<comp id="142" class="1004" name="mux_case_1190111_read_read_fu_142">
<pin_list>
<pin id="143" dir="0" index="0" bw="32" slack="0"/>
<pin id="144" dir="0" index="1" bw="32" slack="0"/>
<pin id="145" dir="1" index="2" bw="32" slack="1"/>
</pin_list>
<bind>
<opcode="read(1150) " fcode="read"/>
<opset="mux_case_1190111_read/1 "/>
</bind>
</comp>

<comp id="148" class="1004" name="mux_case_0189107_read_read_fu_148">
<pin_list>
<pin id="149" dir="0" index="0" bw="32" slack="0"/>
<pin id="150" dir="0" index="1" bw="32" slack="0"/>
<pin id="151" dir="1" index="2" bw="32" slack="1"/>
</pin_list>
<bind>
<opcode="read(1150) " fcode="read"/>
<opset="mux_case_0189107_read/1 "/>
</bind>
</comp>

<comp id="154" class="1004" name="k_15_reload_read_read_fu_154">
<pin_list>
<pin id="155" dir="0" index="0" bw="32" slack="0"/>
<pin id="156" dir="0" index="1" bw="32" slack="0"/>
<pin id="157" dir="1" index="2" bw="32" slack="0"/>
</pin_list>
<bind>
<opcode="read(1150) " fcode="read"/>
<opset="k_15_reload_read/1 "/>
</bind>
</comp>

<comp id="160" class="1004" name="tmp_read_fu_160">
<pin_list>
<pin id="161" dir="0" index="0" bw="3" slack="0"/>
<pin id="162" dir="0" index="1" bw="3" slack="0"/>
<pin id="163" dir="1" index="2" bw="3" slack="0"/>
</pin_list>
<bind>
<opcode="read(1150) " fcode="read"/>
<opset="tmp/1 "/>
</bind>
</comp>

<comp id="166" class="1004" name="temp_130_reload_read_read_fu_166">
<pin_list>
<pin id="167" dir="0" index="0" bw="32" slack="0"/>
<pin id="168" dir="0" index="1" bw="32" slack="0"/>
<pin id="169" dir="1" index="2" bw="32" slack="0"/>
</pin_list>
<bind>
<opcode="read(1150) " fcode="read"/>
<opset="temp_130_reload_read/1 "/>
</bind>
</comp>

<comp id="172" class="1004" name="temp_131_reload_read_read_fu_172">
<pin_list>
<pin id="173" dir="0" index="0" bw="32" slack="0"/>
<pin id="174" dir="0" index="1" bw="32" slack="0"/>
<pin id="175" dir="1" index="2" bw="32" slack="0"/>
</pin_list>
<bind>
<opcode="read(1150) " fcode="read"/>
<opset="temp_131_reload_read/1 "/>
</bind>
</comp>

<comp id="178" class="1004" name="temp_132_reload_read_read_fu_178">
<pin_list>
<pin id="179" dir="0" index="0" bw="32" slack="0"/>
<pin id="180" dir="0" index="1" bw="32" slack="0"/>
<pin id="181" dir="1" index="2" bw="32" slack="0"/>
</pin_list>
<bind>
<opcode="read(1150) " fcode="read"/>
<opset="temp_132_reload_read/1 "/>
</bind>
</comp>

<comp id="184" class="1004" name="temp_133_reload_read_read_fu_184">
<pin_list>
<pin id="185" dir="0" index="0" bw="32" slack="0"/>
<pin id="186" dir="0" index="1" bw="32" slack="0"/>
<pin id="187" dir="1" index="2" bw="32" slack="0"/>
</pin_list>
<bind>
<opcode="read(1150) " fcode="read"/>
<opset="temp_133_reload_read/1 "/>
</bind>
</comp>

<comp id="190" class="1004" name="temp_134_reload_read_read_fu_190">
<pin_list>
<pin id="191" dir="0" index="0" bw="32" slack="0"/>
<pin id="192" dir="0" index="1" bw="32" slack="0"/>
<pin id="193" dir="1" index="2" bw="32" slack="0"/>
</pin_list>
<bind>
<opcode="read(1150) " fcode="read"/>
<opset="temp_134_reload_read/1 "/>
</bind>
</comp>

<comp id="196" class="1004" name="temp_135_reload_read_read_fu_196">
<pin_list>
<pin id="197" dir="0" index="0" bw="32" slack="0"/>
<pin id="198" dir="0" index="1" bw="32" slack="0"/>
<pin id="199" dir="1" index="2" bw="32" slack="0"/>
</pin_list>
<bind>
<opcode="read(1150) " fcode="read"/>
<opset="temp_135_reload_read/1 "/>
</bind>
</comp>

<comp id="202" class="1004" name="temp_136_reload_read_read_fu_202">
<pin_list>
<pin id="203" dir="0" index="0" bw="32" slack="0"/>
<pin id="204" dir="0" index="1" bw="32" slack="0"/>
<pin id="205" dir="1" index="2" bw="32" slack="0"/>
</pin_list>
<bind>
<opcode="read(1150) " fcode="read"/>
<opset="temp_136_reload_read/1 "/>
</bind>
</comp>

<comp id="208" class="1004" name="temp_137_reload_read_read_fu_208">
<pin_list>
<pin id="209" dir="0" index="0" bw="32" slack="0"/>
<pin id="210" dir="0" index="1" bw="32" slack="0"/>
<pin id="211" dir="1" index="2" bw="32" slack="0"/>
</pin_list>
<bind>
<opcode="read(1150) " fcode="read"/>
<opset="temp_137_reload_read/1 "/>
</bind>
</comp>

<comp id="214" class="1004" name="write_ln0_write_fu_214">
<pin_list>
<pin id="215" dir="0" index="0" bw="0" slack="0"/>
<pin id="216" dir="0" index="1" bw="32" slack="0"/>
<pin id="217" dir="0" index="2" bw="32" slack="0"/>
<pin id="218" dir="1" index="3" bw="0" slack="2147483647"/>
</pin_list>
<bind>
<opcode="write(1151) " fcode="write"/>
<opset="write_ln0/2 "/>
</bind>
</comp>

<comp id="221" class="1004" name="write_ln0_write_fu_221">
<pin_list>
<pin id="222" dir="0" index="0" bw="0" slack="0"/>
<pin id="223" dir="0" index="1" bw="32" slack="0"/>
<pin id="224" dir="0" index="2" bw="32" slack="0"/>
<pin id="225" dir="1" index="3" bw="0" slack="2147483647"/>
</pin_list>
<bind>
<opcode="write(1151) " fcode="write"/>
<opset="write_ln0/2 "/>
</bind>
</comp>

<comp id="228" class="1004" name="write_ln0_write_fu_228">
<pin_list>
<pin id="229" dir="0" index="0" bw="0" slack="0"/>
<pin id="230" dir="0" index="1" bw="32" slack="0"/>
<pin id="231" dir="0" index="2" bw="32" slack="0"/>
<pin id="232" dir="1" index="3" bw="0" slack="2147483647"/>
</pin_list>
<bind>
<opcode="write(1151) " fcode="write"/>
<opset="write_ln0/2 "/>
</bind>
</comp>

<comp id="235" class="1004" name="write_ln0_write_fu_235">
<pin_list>
<pin id="236" dir="0" index="0" bw="0" slack="0"/>
<pin id="237" dir="0" index="1" bw="32" slack="0"/>
<pin id="238" dir="0" index="2" bw="32" slack="0"/>
<pin id="239" dir="1" index="3" bw="0" slack="2147483647"/>
</pin_list>
<bind>
<opcode="write(1151) " fcode="write"/>
<opset="write_ln0/2 "/>
</bind>
</comp>

<comp id="242" class="1004" name="write_ln0_write_fu_242">
<pin_list>
<pin id="243" dir="0" index="0" bw="0" slack="0"/>
<pin id="244" dir="0" index="1" bw="32" slack="0"/>
<pin id="245" dir="0" index="2" bw="32" slack="0"/>
<pin id="246" dir="1" index="3" bw="0" slack="2147483647"/>
</pin_list>
<bind>
<opcode="write(1151) " fcode="write"/>
<opset="write_ln0/2 "/>
</bind>
</comp>

<comp id="249" class="1004" name="write_ln0_write_fu_249">
<pin_list>
<pin id="250" dir="0" index="0" bw="0" slack="0"/>
<pin id="251" dir="0" index="1" bw="32" slack="0"/>
<pin id="252" dir="0" index="2" bw="32" slack="0"/>
<pin id="253" dir="1" index="3" bw="0" slack="2147483647"/>
</pin_list>
<bind>
<opcode="write(1151) " fcode="write"/>
<opset="write_ln0/2 "/>
</bind>
</comp>

<comp id="256" class="1004" name="write_ln0_write_fu_256">
<pin_list>
<pin id="257" dir="0" index="0" bw="0" slack="0"/>
<pin id="258" dir="0" index="1" bw="32" slack="0"/>
<pin id="259" dir="0" index="2" bw="32" slack="0"/>
<pin id="260" dir="1" index="3" bw="0" slack="2147483647"/>
</pin_list>
<bind>
<opcode="write(1151) " fcode="write"/>
<opset="write_ln0/2 "/>
</bind>
</comp>

<comp id="263" class="1004" name="write_ln0_write_fu_263">
<pin_list>
<pin id="264" dir="0" index="0" bw="0" slack="0"/>
<pin id="265" dir="0" index="1" bw="32" slack="0"/>
<pin id="266" dir="0" index="2" bw="32" slack="0"/>
<pin id="267" dir="1" index="3" bw="0" slack="2147483647"/>
</pin_list>
<bind>
<opcode="write(1151) " fcode="write"/>
<opset="write_ln0/2 "/>
</bind>
</comp>

<comp id="270" class="1004" name="store_ln136_store_fu_270">
<pin_list>
<pin id="271" dir="0" index="0" bw="32" slack="0"/>
<pin id="272" dir="0" index="1" bw="32" slack="0"/>
<pin id="273" dir="1" index="2" bw="0" slack="2147483647"/>
</pin_list>
<bind>
<opcode="store(28) " fcode="store"/>
<opset="store_ln136/1 "/>
</bind>
</comp>

<comp id="275" class="1004" name="store_ln136_store_fu_275">
<pin_list>
<pin id="276" dir="0" index="0" bw="32" slack="0"/>
<pin id="277" dir="0" index="1" bw="32" slack="0"/>
<pin id="278" dir="1" index="2" bw="0" slack="2147483647"/>
</pin_list>
<bind>
<opcode="store(28) " fcode="store"/>
<opset="store_ln136/1 "/>
</bind>
</comp>

<comp id="280" class="1004" name="store_ln136_store_fu_280">
<pin_list>
<pin id="281" dir="0" index="0" bw="32" slack="0"/>
<pin id="282" dir="0" index="1" bw="32" slack="0"/>
<pin id="283" dir="1" index="2" bw="0" slack="2147483647"/>
</pin_list>
<bind>
<opcode="store(28) " fcode="store"/>
<opset="store_ln136/1 "/>
</bind>
</comp>

<comp id="285" class="1004" name="store_ln136_store_fu_285">
<pin_list>
<pin id="286" dir="0" index="0" bw="32" slack="0"/>
<pin id="287" dir="0" index="1" bw="32" slack="0"/>
<pin id="288" dir="1" index="2" bw="0" slack="2147483647"/>
</pin_list>
<bind>
<opcode="store(28) " fcode="store"/>
<opset="store_ln136/1 "/>
</bind>
</comp>

<comp id="290" class="1004" name="store_ln136_store_fu_290">
<pin_list>
<pin id="291" dir="0" index="0" bw="32" slack="0"/>
<pin id="292" dir="0" index="1" bw="32" slack="0"/>
<pin id="293" dir="1" index="2" bw="0" slack="2147483647"/>
</pin_list>
<bind>
<opcode="store(28) " fcode="store"/>
<opset="store_ln136/1 "/>
</bind>
</comp>

<comp id="295" class="1004" name="store_ln136_store_fu_295">
<pin_list>
<pin id="296" dir="0" index="0" bw="32" slack="0"/>
<pin id="297" dir="0" index="1" bw="32" slack="0"/>
<pin id="298" dir="1" index="2" bw="0" slack="2147483647"/>
</pin_list>
<bind>
<opcode="store(28) " fcode="store"/>
<opset="store_ln136/1 "/>
</bind>
</comp>

<comp id="300" class="1004" name="store_ln136_store_fu_300">
<pin_list>
<pin id="301" dir="0" index="0" bw="32" slack="0"/>
<pin id="302" dir="0" index="1" bw="32" slack="0"/>
<pin id="303" dir="1" index="2" bw="0" slack="2147483647"/>
</pin_list>
<bind>
<opcode="store(28) " fcode="store"/>
<opset="store_ln136/1 "/>
</bind>
</comp>

<comp id="305" class="1004" name="store_ln136_store_fu_305">
<pin_list>
<pin id="306" dir="0" index="0" bw="32" slack="0"/>
<pin id="307" dir="0" index="1" bw="32" slack="0"/>
<pin id="308" dir="1" index="2" bw="0" slack="2147483647"/>
</pin_list>
<bind>
<opcode="store(28) " fcode="store"/>
<opset="store_ln136/1 "/>
</bind>
</comp>

<comp id="310" class="1004" name="store_ln147_store_fu_310">
<pin_list>
<pin id="311" dir="0" index="0" bw="3" slack="0"/>
<pin id="312" dir="0" index="1" bw="3" slack="0"/>
<pin id="313" dir="1" index="2" bw="0" slack="2147483647"/>
</pin_list>
<bind>
<opcode="store(28) " fcode="store"/>
<opset="store_ln147/1 "/>
</bind>
</comp>

<comp id="315" class="1004" name="store_ln147_store_fu_315">
<pin_list>
<pin id="316" dir="0" index="0" bw="32" slack="0"/>
<pin id="317" dir="0" index="1" bw="32" slack="0"/>
<pin id="318" dir="1" index="2" bw="0" slack="2147483647"/>
</pin_list>
<bind>
<opcode="store(28) " fcode="store"/>
<opset="store_ln147/1 "/>
</bind>
</comp>

<comp id="320" class="1004" name="i_2_load_fu_320">
<pin_list>
<pin id="321" dir="0" index="0" bw="3" slack="1"/>
<pin id="322" dir="1" index="1" bw="3" slack="0"/>
</pin_list>
<bind>
<opcode="load(27) " fcode="load"/>
<opset="i_2/2 "/>
</bind>
</comp>

<comp id="323" class="1004" name="icmp_ln157_fu_323">
<pin_list>
<pin id="324" dir="0" index="0" bw="3" slack="0"/>
<pin id="325" dir="0" index="1" bw="3" slack="0"/>
<pin id="326" dir="1" index="2" bw="1" slack="2147483647"/>
</pin_list>
<bind>
<opcode="icmp(45) " fcode="icmp"/>
<opset="icmp_ln157/2 "/>
</bind>
</comp>

<comp id="329" class="1004" name="k_load_load_fu_329">
<pin_list>
<pin id="330" dir="0" index="0" bw="32" slack="1"/>
<pin id="331" dir="1" index="1" bw="32" slack="0"/>
</pin_list>
<bind>
<opcode="load(27) " fcode="load"/>
<opset="k_load/2 "/>
</bind>
</comp>

<comp id="332" class="1004" name="trunc_ln147_fu_332">
<pin_list>
<pin id="333" dir="0" index="0" bw="32" slack="0"/>
<pin id="334" dir="1" index="1" bw="3" slack="2147483647"/>
</pin_list>
<bind>
<opcode="trunc(33) " fcode="trunc"/>
<opset="trunc_ln147/2 "/>
</bind>
</comp>

<comp id="336" class="1004" name="add_ln159_fu_336">
<pin_list>
<pin id="337" dir="0" index="0" bw="3" slack="0"/>
<pin id="338" dir="0" index="1" bw="1" slack="0"/>
<pin id="339" dir="1" index="2" bw="3" slack="0"/>
</pin_list>
<bind>
<opcode="add(8) " fcode="add"/>
<opset="add_ln159/2 "/>
</bind>
</comp>

<comp id="342" class="1004" name="temp_80_fu_342">
<pin_list>
<pin id="343" dir="0" index="0" bw="32" slack="0"/>
<pin id="344" dir="0" index="1" bw="1" slack="0"/>
<pin id="345" dir="0" index="2" bw="32" slack="1"/>
<pin id="346" dir="0" index="3" bw="1" slack="0"/>
<pin id="347" dir="0" index="4" bw="32" slack="1"/>
<pin id="348" dir="0" index="5" bw="3" slack="0"/>
<pin id="349" dir="0" index="6" bw="32" slack="1"/>
<pin id="350" dir="0" index="7" bw="3" slack="0"/>
<pin id="351" dir="0" index="8" bw="32" slack="1"/>
<pin id="352" dir="0" index="9" bw="3" slack="0"/>
<pin id="353" dir="0" index="10" bw="32" slack="1"/>
<pin id="354" dir="0" index="11" bw="1" slack="0"/>
<pin id="355" dir="0" index="12" bw="3" slack="0"/>
<pin id="356" dir="1" index="13" bw="32" slack="0"/>
</pin_list>
<bind>
<opcode="sparsemux(1197) " fcode="sparsemux"/>
<opset="temp_80/2 "/>
</bind>
</comp>

<comp id="365" class="1004" name="k_9_fu_365">
<pin_list>
<pin id="366" dir="0" index="0" bw="32" slack="0"/>
<pin id="367" dir="0" index="1" bw="1" slack="0"/>
<pin id="368" dir="1" index="2" bw="32" slack="0"/>
</pin_list>
<bind>
<opcode="add(8) " fcode="add"/>
<opset="k_9/2 "/>
</bind>
</comp>

<comp id="371" class="1004" name="store_ln136_store_fu_371">
<pin_list>
<pin id="372" dir="0" index="0" bw="32" slack="0"/>
<pin id="373" dir="0" index="1" bw="32" slack="1"/>
<pin id="374" dir="1" index="2" bw="0" slack="2147483647"/>
</pin_list>
<bind>
<opcode="store(28) " fcode="store"/>
<opset="store_ln136/2 "/>
</bind>
</comp>

<comp id="376" class="1004" name="store_ln136_store_fu_376">
<pin_list>
<pin id="377" dir="0" index="0" bw="32" slack="0"/>
<pin id="378" dir="0" index="1" bw="32" slack="1"/>
<pin id="379" dir="1" index="2" bw="0" slack="2147483647"/>
</pin_list>
<bind>
<opcode="store(28) " fcode="store"/>
<opset="store_ln136/2 "/>
</bind>
</comp>

<comp id="381" class="1004" name="store_ln136_store_fu_381">
<pin_list>
<pin id="382" dir="0" index="0" bw="32" slack="0"/>
<pin id="383" dir="0" index="1" bw="32" slack="1"/>
<pin id="384" dir="1" index="2" bw="0" slack="2147483647"/>
</pin_list>
<bind>
<opcode="store(28) " fcode="store"/>
<opset="store_ln136/2 "/>
</bind>
</comp>

<comp id="386" class="1004" name="store_ln136_store_fu_386">
<pin_list>
<pin id="387" dir="0" index="0" bw="32" slack="0"/>
<pin id="388" dir="0" index="1" bw="32" slack="1"/>
<pin id="389" dir="1" index="2" bw="0" slack="2147483647"/>
</pin_list>
<bind>
<opcode="store(28) " fcode="store"/>
<opset="store_ln136/2 "/>
</bind>
</comp>

<comp id="391" class="1004" name="store_ln136_store_fu_391">
<pin_list>
<pin id="392" dir="0" index="0" bw="32" slack="0"/>
<pin id="393" dir="0" index="1" bw="32" slack="1"/>
<pin id="394" dir="1" index="2" bw="0" slack="2147483647"/>
</pin_list>
<bind>
<opcode="store(28) " fcode="store"/>
<opset="store_ln136/2 "/>
</bind>
</comp>

<comp id="396" class="1004" name="store_ln136_store_fu_396">
<pin_list>
<pin id="397" dir="0" index="0" bw="32" slack="0"/>
<pin id="398" dir="0" index="1" bw="32" slack="1"/>
<pin id="399" dir="1" index="2" bw="0" slack="2147483647"/>
</pin_list>
<bind>
<opcode="store(28) " fcode="store"/>
<opset="store_ln136/2 "/>
</bind>
</comp>

<comp id="401" class="1004" name="store_ln136_store_fu_401">
<pin_list>
<pin id="402" dir="0" index="0" bw="32" slack="0"/>
<pin id="403" dir="0" index="1" bw="32" slack="1"/>
<pin id="404" dir="1" index="2" bw="0" slack="2147483647"/>
</pin_list>
<bind>
<opcode="store(28) " fcode="store"/>
<opset="store_ln136/2 "/>
</bind>
</comp>

<comp id="406" class="1004" name="store_ln136_store_fu_406">
<pin_list>
<pin id="407" dir="0" index="0" bw="32" slack="0"/>
<pin id="408" dir="0" index="1" bw="32" slack="1"/>
<pin id="409" dir="1" index="2" bw="0" slack="2147483647"/>
</pin_list>
<bind>
<opcode="store(28) " fcode="store"/>
<opset="store_ln136/2 "/>
</bind>
</comp>

<comp id="411" class="1004" name="store_ln147_store_fu_411">
<pin_list>
<pin id="412" dir="0" index="0" bw="3" slack="0"/>
<pin id="413" dir="0" index="1" bw="3" slack="1"/>
<pin id="414" dir="1" index="2" bw="0" slack="2147483647"/>
</pin_list>
<bind>
<opcode="store(28) " fcode="store"/>
<opset="store_ln147/2 "/>
</bind>
</comp>

<comp id="416" class="1004" name="store_ln147_store_fu_416">
<pin_list>
<pin id="417" dir="0" index="0" bw="32" slack="0"/>
<pin id="418" dir="0" index="1" bw="32" slack="1"/>
<pin id="419" dir="1" index="2" bw="0" slack="2147483647"/>
</pin_list>
<bind>
<opcode="store(28) " fcode="store"/>
<opset="store_ln147/2 "/>
</bind>
</comp>

<comp id="421" class="1004" name="temp_load_load_fu_421">
<pin_list>
<pin id="422" dir="0" index="0" bw="32" slack="1"/>
<pin id="423" dir="1" index="1" bw="32" slack="0"/>
</pin_list>
<bind>
<opcode="load(27) " fcode="load"/>
<opset="temp_load/2 "/>
</bind>
</comp>

<comp id="425" class="1004" name="temp_73_load_load_fu_425">
<pin_list>
<pin id="426" dir="0" index="0" bw="32" slack="1"/>
<pin id="427" dir="1" index="1" bw="32" slack="0"/>
</pin_list>
<bind>
<opcode="load(27) " fcode="load"/>
<opset="temp_73_load/2 "/>
</bind>
</comp>

<comp id="429" class="1004" name="temp_74_load_load_fu_429">
<pin_list>
<pin id="430" dir="0" index="0" bw="32" slack="1"/>
<pin id="431" dir="1" index="1" bw="32" slack="0"/>
</pin_list>
<bind>
<opcode="load(27) " fcode="load"/>
<opset="temp_74_load/2 "/>
</bind>
</comp>

<comp id="433" class="1004" name="temp_75_load_load_fu_433">
<pin_list>
<pin id="434" dir="0" index="0" bw="32" slack="1"/>
<pin id="435" dir="1" index="1" bw="32" slack="0"/>
</pin_list>
<bind>
<opcode="load(27) " fcode="load"/>
<opset="temp_75_load/2 "/>
</bind>
</comp>

<comp id="437" class="1004" name="temp_76_load_load_fu_437">
<pin_list>
<pin id="438" dir="0" index="0" bw="32" slack="1"/>
<pin id="439" dir="1" index="1" bw="32" slack="0"/>
</pin_list>
<bind>
<opcode="load(27) " fcode="load"/>
<opset="temp_76_load/2 "/>
</bind>
</comp>

<comp id="441" class="1004" name="temp_77_load_load_fu_441">
<pin_list>
<pin id="442" dir="0" index="0" bw="32" slack="1"/>
<pin id="443" dir="1" index="1" bw="32" slack="0"/>
</pin_list>
<bind>
<opcode="load(27) " fcode="load"/>
<opset="temp_77_load/2 "/>
</bind>
</comp>

<comp id="445" class="1004" name="temp_78_load_load_fu_445">
<pin_list>
<pin id="446" dir="0" index="0" bw="32" slack="1"/>
<pin id="447" dir="1" index="1" bw="32" slack="0"/>
</pin_list>
<bind>
<opcode="load(27) " fcode="load"/>
<opset="temp_78_load/2 "/>
</bind>
</comp>

<comp id="449" class="1004" name="temp_79_load_load_fu_449">
<pin_list>
<pin id="450" dir="0" index="0" bw="32" slack="1"/>
<pin id="451" dir="1" index="1" bw="32" slack="0"/>
</pin_list>
<bind>
<opcode="load(27) " fcode="load"/>
<opset="temp_79_load/2 "/>
</bind>
</comp>

<comp id="453" class="1005" name="k_reg_453">
<pin_list>
<pin id="454" dir="0" index="0" bw="32" slack="0"/>
<pin id="455" dir="1" index="1" bw="32" slack="0"/>
</pin_list>
<bind>
<opset="k "/>
</bind>
</comp>

<comp id="460" class="1005" name="i_reg_460">
<pin_list>
<pin id="461" dir="0" index="0" bw="3" slack="0"/>
<pin id="462" dir="1" index="1" bw="3" slack="0"/>
</pin_list>
<bind>
<opset="i "/>
</bind>
</comp>

<comp id="467" class="1005" name="temp_reg_467">
<pin_list>
<pin id="468" dir="0" index="0" bw="32" slack="0"/>
<pin id="469" dir="1" index="1" bw="32" slack="0"/>
</pin_list>
<bind>
<opset="temp "/>
</bind>
</comp>

<comp id="474" class="1005" name="temp_73_reg_474">
<pin_list>
<pin id="475" dir="0" index="0" bw="32" slack="0"/>
<pin id="476" dir="1" index="1" bw="32" slack="0"/>
</pin_list>
<bind>
<opset="temp_73 "/>
</bind>
</comp>

<comp id="481" class="1005" name="temp_74_reg_481">
<pin_list>
<pin id="482" dir="0" index="0" bw="32" slack="0"/>
<pin id="483" dir="1" index="1" bw="32" slack="0"/>
</pin_list>
<bind>
<opset="temp_74 "/>
</bind>
</comp>

<comp id="488" class="1005" name="temp_75_reg_488">
<pin_list>
<pin id="489" dir="0" index="0" bw="32" slack="0"/>
<pin id="490" dir="1" index="1" bw="32" slack="0"/>
</pin_list>
<bind>
<opset="temp_75 "/>
</bind>
</comp>

<comp id="495" class="1005" name="temp_76_reg_495">
<pin_list>
<pin id="496" dir="0" index="0" bw="32" slack="0"/>
<pin id="497" dir="1" index="1" bw="32" slack="0"/>
</pin_list>
<bind>
<opset="temp_76 "/>
</bind>
</comp>

<comp id="502" class="1005" name="temp_77_reg_502">
<pin_list>
<pin id="503" dir="0" index="0" bw="32" slack="0"/>
<pin id="504" dir="1" index="1" bw="32" slack="0"/>
</pin_list>
<bind>
<opset="temp_77 "/>
</bind>
</comp>

<comp id="509" class="1005" name="temp_78_reg_509">
<pin_list>
<pin id="510" dir="0" index="0" bw="32" slack="0"/>
<pin id="511" dir="1" index="1" bw="32" slack="0"/>
</pin_list>
<bind>
<opset="temp_78 "/>
</bind>
</comp>

<comp id="516" class="1005" name="temp_79_reg_516">
<pin_list>
<pin id="517" dir="0" index="0" bw="32" slack="0"/>
<pin id="518" dir="1" index="1" bw="32" slack="0"/>
</pin_list>
<bind>
<opset="temp_79 "/>
</bind>
</comp>

<comp id="523" class="1005" name="mux_case_4193123_read_reg_523">
<pin_list>
<pin id="524" dir="0" index="0" bw="32" slack="1"/>
<pin id="525" dir="1" index="1" bw="32" slack="1"/>
</pin_list>
<bind>
<opset="mux_case_4193123_read "/>
</bind>
</comp>

<comp id="528" class="1005" name="mux_case_3192119_read_reg_528">
<pin_list>
<pin id="529" dir="0" index="0" bw="32" slack="1"/>
<pin id="530" dir="1" index="1" bw="32" slack="1"/>
</pin_list>
<bind>
<opset="mux_case_3192119_read "/>
</bind>
</comp>

<comp id="533" class="1005" name="mux_case_2191115_read_reg_533">
<pin_list>
<pin id="534" dir="0" index="0" bw="32" slack="1"/>
<pin id="535" dir="1" index="1" bw="32" slack="1"/>
</pin_list>
<bind>
<opset="mux_case_2191115_read "/>
</bind>
</comp>

<comp id="538" class="1005" name="mux_case_1190111_read_reg_538">
<pin_list>
<pin id="539" dir="0" index="0" bw="32" slack="1"/>
<pin id="540" dir="1" index="1" bw="32" slack="1"/>
</pin_list>
<bind>
<opset="mux_case_1190111_read "/>
</bind>
</comp>

<comp id="543" class="1005" name="mux_case_0189107_read_reg_543">
<pin_list>
<pin id="544" dir="0" index="0" bw="32" slack="1"/>
<pin id="545" dir="1" index="1" bw="32" slack="1"/>
</pin_list>
<bind>
<opset="mux_case_0189107_read "/>
</bind>
</comp>

</comp_list>

<net_list>
<net id="87"><net_src comp="46" pin="0"/><net_sink comp="84" pin=0"/></net>

<net id="91"><net_src comp="46" pin="0"/><net_sink comp="88" pin=0"/></net>

<net id="95"><net_src comp="46" pin="0"/><net_sink comp="92" pin=0"/></net>

<net id="99"><net_src comp="46" pin="0"/><net_sink comp="96" pin=0"/></net>

<net id="103"><net_src comp="46" pin="0"/><net_sink comp="100" pin=0"/></net>

<net id="107"><net_src comp="46" pin="0"/><net_sink comp="104" pin=0"/></net>

<net id="111"><net_src comp="46" pin="0"/><net_sink comp="108" pin=0"/></net>

<net id="115"><net_src comp="46" pin="0"/><net_sink comp="112" pin=0"/></net>

<net id="119"><net_src comp="46" pin="0"/><net_sink comp="116" pin=0"/></net>

<net id="123"><net_src comp="46" pin="0"/><net_sink comp="120" pin=0"/></net>

<net id="128"><net_src comp="48" pin="0"/><net_sink comp="124" pin=0"/></net>

<net id="129"><net_src comp="28" pin="0"/><net_sink comp="124" pin=1"/></net>

<net id="134"><net_src comp="48" pin="0"/><net_sink comp="130" pin=0"/></net>

<net id="135"><net_src comp="26" pin="0"/><net_sink comp="130" pin=1"/></net>

<net id="140"><net_src comp="48" pin="0"/><net_sink comp="136" pin=0"/></net>

<net id="141"><net_src comp="24" pin="0"/><net_sink comp="136" pin=1"/></net>

<net id="146"><net_src comp="48" pin="0"/><net_sink comp="142" pin=0"/></net>

<net id="147"><net_src comp="22" pin="0"/><net_sink comp="142" pin=1"/></net>

<net id="152"><net_src comp="48" pin="0"/><net_sink comp="148" pin=0"/></net>

<net id="153"><net_src comp="20" pin="0"/><net_sink comp="148" pin=1"/></net>

<net id="158"><net_src comp="48" pin="0"/><net_sink comp="154" pin=0"/></net>

<net id="159"><net_src comp="18" pin="0"/><net_sink comp="154" pin=1"/></net>

<net id="164"><net_src comp="50" pin="0"/><net_sink comp="160" pin=0"/></net>

<net id="165"><net_src comp="16" pin="0"/><net_sink comp="160" pin=1"/></net>

<net id="170"><net_src comp="48" pin="0"/><net_sink comp="166" pin=0"/></net>

<net id="171"><net_src comp="14" pin="0"/><net_sink comp="166" pin=1"/></net>

<net id="176"><net_src comp="48" pin="0"/><net_sink comp="172" pin=0"/></net>

<net id="177"><net_src comp="12" pin="0"/><net_sink comp="172" pin=1"/></net>

<net id="182"><net_src comp="48" pin="0"/><net_sink comp="178" pin=0"/></net>

<net id="183"><net_src comp="10" pin="0"/><net_sink comp="178" pin=1"/></net>

<net id="188"><net_src comp="48" pin="0"/><net_sink comp="184" pin=0"/></net>

<net id="189"><net_src comp="8" pin="0"/><net_sink comp="184" pin=1"/></net>

<net id="194"><net_src comp="48" pin="0"/><net_sink comp="190" pin=0"/></net>

<net id="195"><net_src comp="6" pin="0"/><net_sink comp="190" pin=1"/></net>

<net id="200"><net_src comp="48" pin="0"/><net_sink comp="196" pin=0"/></net>

<net id="201"><net_src comp="4" pin="0"/><net_sink comp="196" pin=1"/></net>

<net id="206"><net_src comp="48" pin="0"/><net_sink comp="202" pin=0"/></net>

<net id="207"><net_src comp="2" pin="0"/><net_sink comp="202" pin=1"/></net>

<net id="212"><net_src comp="48" pin="0"/><net_sink comp="208" pin=0"/></net>

<net id="213"><net_src comp="0" pin="0"/><net_sink comp="208" pin=1"/></net>

<net id="219"><net_src comp="82" pin="0"/><net_sink comp="214" pin=0"/></net>

<net id="220"><net_src comp="30" pin="0"/><net_sink comp="214" pin=1"/></net>

<net id="226"><net_src comp="82" pin="0"/><net_sink comp="221" pin=0"/></net>

<net id="227"><net_src comp="32" pin="0"/><net_sink comp="221" pin=1"/></net>

<net id="233"><net_src comp="82" pin="0"/><net_sink comp="228" pin=0"/></net>

<net id="234"><net_src comp="34" pin="0"/><net_sink comp="228" pin=1"/></net>

<net id="240"><net_src comp="82" pin="0"/><net_sink comp="235" pin=0"/></net>

<net id="241"><net_src comp="36" pin="0"/><net_sink comp="235" pin=1"/></net>

<net id="247"><net_src comp="82" pin="0"/><net_sink comp="242" pin=0"/></net>

<net id="248"><net_src comp="38" pin="0"/><net_sink comp="242" pin=1"/></net>

<net id="254"><net_src comp="82" pin="0"/><net_sink comp="249" pin=0"/></net>

<net id="255"><net_src comp="40" pin="0"/><net_sink comp="249" pin=1"/></net>

<net id="261"><net_src comp="82" pin="0"/><net_sink comp="256" pin=0"/></net>

<net id="262"><net_src comp="42" pin="0"/><net_sink comp="256" pin=1"/></net>

<net id="268"><net_src comp="82" pin="0"/><net_sink comp="263" pin=0"/></net>

<net id="269"><net_src comp="44" pin="0"/><net_sink comp="263" pin=1"/></net>

<net id="274"><net_src comp="208" pin="2"/><net_sink comp="270" pin=0"/></net>

<net id="279"><net_src comp="202" pin="2"/><net_sink comp="275" pin=0"/></net>

<net id="284"><net_src comp="196" pin="2"/><net_sink comp="280" pin=0"/></net>

<net id="289"><net_src comp="190" pin="2"/><net_sink comp="285" pin=0"/></net>

<net id="294"><net_src comp="184" pin="2"/><net_sink comp="290" pin=0"/></net>

<net id="299"><net_src comp="178" pin="2"/><net_sink comp="295" pin=0"/></net>

<net id="304"><net_src comp="172" pin="2"/><net_sink comp="300" pin=0"/></net>

<net id="309"><net_src comp="166" pin="2"/><net_sink comp="305" pin=0"/></net>

<net id="314"><net_src comp="160" pin="2"/><net_sink comp="310" pin=0"/></net>

<net id="319"><net_src comp="154" pin="2"/><net_sink comp="315" pin=0"/></net>

<net id="327"><net_src comp="320" pin="1"/><net_sink comp="323" pin=0"/></net>

<net id="328"><net_src comp="52" pin="0"/><net_sink comp="323" pin=1"/></net>

<net id="335"><net_src comp="329" pin="1"/><net_sink comp="332" pin=0"/></net>

<net id="340"><net_src comp="320" pin="1"/><net_sink comp="336" pin=0"/></net>

<net id="341"><net_src comp="66" pin="0"/><net_sink comp="336" pin=1"/></net>

<net id="357"><net_src comp="68" pin="0"/><net_sink comp="342" pin=0"/></net>

<net id="358"><net_src comp="70" pin="0"/><net_sink comp="342" pin=1"/></net>

<net id="359"><net_src comp="66" pin="0"/><net_sink comp="342" pin=3"/></net>

<net id="360"><net_src comp="72" pin="0"/><net_sink comp="342" pin=5"/></net>

<net id="361"><net_src comp="74" pin="0"/><net_sink comp="342" pin=7"/></net>

<net id="362"><net_src comp="52" pin="0"/><net_sink comp="342" pin=9"/></net>

<net id="363"><net_src comp="76" pin="0"/><net_sink comp="342" pin=11"/></net>

<net id="364"><net_src comp="320" pin="1"/><net_sink comp="342" pin=12"/></net>

<net id="369"><net_src comp="329" pin="1"/><net_sink comp="365" pin=0"/></net>

<net id="370"><net_src comp="46" pin="0"/><net_sink comp="365" pin=1"/></net>

<net id="375"><net_src comp="342" pin="13"/><net_sink comp="371" pin=0"/></net>

<net id="380"><net_src comp="342" pin="13"/><net_sink comp="376" pin=0"/></net>

<net id="385"><net_src comp="342" pin="13"/><net_sink comp="381" pin=0"/></net>

<net id="390"><net_src comp="342" pin="13"/><net_sink comp="386" pin=0"/></net>

<net id="395"><net_src comp="342" pin="13"/><net_sink comp="391" pin=0"/></net>

<net id="400"><net_src comp="342" pin="13"/><net_sink comp="396" pin=0"/></net>

<net id="405"><net_src comp="342" pin="13"/><net_sink comp="401" pin=0"/></net>

<net id="410"><net_src comp="342" pin="13"/><net_sink comp="406" pin=0"/></net>

<net id="415"><net_src comp="336" pin="2"/><net_sink comp="411" pin=0"/></net>

<net id="420"><net_src comp="365" pin="2"/><net_sink comp="416" pin=0"/></net>

<net id="424"><net_src comp="421" pin="1"/><net_sink comp="263" pin=2"/></net>

<net id="428"><net_src comp="425" pin="1"/><net_sink comp="256" pin=2"/></net>

<net id="432"><net_src comp="429" pin="1"/><net_sink comp="249" pin=2"/></net>

<net id="436"><net_src comp="433" pin="1"/><net_sink comp="242" pin=2"/></net>

<net id="440"><net_src comp="437" pin="1"/><net_sink comp="235" pin=2"/></net>

<net id="444"><net_src comp="441" pin="1"/><net_sink comp="228" pin=2"/></net>

<net id="448"><net_src comp="445" pin="1"/><net_sink comp="221" pin=2"/></net>

<net id="452"><net_src comp="449" pin="1"/><net_sink comp="214" pin=2"/></net>

<net id="456"><net_src comp="84" pin="1"/><net_sink comp="453" pin=0"/></net>

<net id="457"><net_src comp="453" pin="1"/><net_sink comp="315" pin=1"/></net>

<net id="458"><net_src comp="453" pin="1"/><net_sink comp="329" pin=0"/></net>

<net id="459"><net_src comp="453" pin="1"/><net_sink comp="416" pin=1"/></net>

<net id="463"><net_src comp="88" pin="1"/><net_sink comp="460" pin=0"/></net>

<net id="464"><net_src comp="460" pin="1"/><net_sink comp="310" pin=1"/></net>

<net id="465"><net_src comp="460" pin="1"/><net_sink comp="320" pin=0"/></net>

<net id="466"><net_src comp="460" pin="1"/><net_sink comp="411" pin=1"/></net>

<net id="470"><net_src comp="92" pin="1"/><net_sink comp="467" pin=0"/></net>

<net id="471"><net_src comp="467" pin="1"/><net_sink comp="305" pin=1"/></net>

<net id="472"><net_src comp="467" pin="1"/><net_sink comp="401" pin=1"/></net>

<net id="473"><net_src comp="467" pin="1"/><net_sink comp="421" pin=0"/></net>

<net id="477"><net_src comp="96" pin="1"/><net_sink comp="474" pin=0"/></net>

<net id="478"><net_src comp="474" pin="1"/><net_sink comp="300" pin=1"/></net>

<net id="479"><net_src comp="474" pin="1"/><net_sink comp="396" pin=1"/></net>

<net id="480"><net_src comp="474" pin="1"/><net_sink comp="425" pin=0"/></net>

<net id="484"><net_src comp="100" pin="1"/><net_sink comp="481" pin=0"/></net>

<net id="485"><net_src comp="481" pin="1"/><net_sink comp="295" pin=1"/></net>

<net id="486"><net_src comp="481" pin="1"/><net_sink comp="391" pin=1"/></net>

<net id="487"><net_src comp="481" pin="1"/><net_sink comp="429" pin=0"/></net>

<net id="491"><net_src comp="104" pin="1"/><net_sink comp="488" pin=0"/></net>

<net id="492"><net_src comp="488" pin="1"/><net_sink comp="290" pin=1"/></net>

<net id="493"><net_src comp="488" pin="1"/><net_sink comp="386" pin=1"/></net>

<net id="494"><net_src comp="488" pin="1"/><net_sink comp="433" pin=0"/></net>

<net id="498"><net_src comp="108" pin="1"/><net_sink comp="495" pin=0"/></net>

<net id="499"><net_src comp="495" pin="1"/><net_sink comp="285" pin=1"/></net>

<net id="500"><net_src comp="495" pin="1"/><net_sink comp="381" pin=1"/></net>

<net id="501"><net_src comp="495" pin="1"/><net_sink comp="437" pin=0"/></net>

<net id="505"><net_src comp="112" pin="1"/><net_sink comp="502" pin=0"/></net>

<net id="506"><net_src comp="502" pin="1"/><net_sink comp="280" pin=1"/></net>

<net id="507"><net_src comp="502" pin="1"/><net_sink comp="376" pin=1"/></net>

<net id="508"><net_src comp="502" pin="1"/><net_sink comp="441" pin=0"/></net>

<net id="512"><net_src comp="116" pin="1"/><net_sink comp="509" pin=0"/></net>

<net id="513"><net_src comp="509" pin="1"/><net_sink comp="275" pin=1"/></net>

<net id="514"><net_src comp="509" pin="1"/><net_sink comp="371" pin=1"/></net>

<net id="515"><net_src comp="509" pin="1"/><net_sink comp="445" pin=0"/></net>

<net id="519"><net_src comp="120" pin="1"/><net_sink comp="516" pin=0"/></net>

<net id="520"><net_src comp="516" pin="1"/><net_sink comp="270" pin=1"/></net>

<net id="521"><net_src comp="516" pin="1"/><net_sink comp="406" pin=1"/></net>

<net id="522"><net_src comp="516" pin="1"/><net_sink comp="449" pin=0"/></net>

<net id="526"><net_src comp="124" pin="2"/><net_sink comp="523" pin=0"/></net>

<net id="527"><net_src comp="523" pin="1"/><net_sink comp="342" pin=10"/></net>

<net id="531"><net_src comp="130" pin="2"/><net_sink comp="528" pin=0"/></net>

<net id="532"><net_src comp="528" pin="1"/><net_sink comp="342" pin=8"/></net>

<net id="536"><net_src comp="136" pin="2"/><net_sink comp="533" pin=0"/></net>

<net id="537"><net_src comp="533" pin="1"/><net_sink comp="342" pin=6"/></net>

<net id="541"><net_src comp="142" pin="2"/><net_sink comp="538" pin=0"/></net>

<net id="542"><net_src comp="538" pin="1"/><net_sink comp="342" pin=4"/></net>

<net id="546"><net_src comp="148" pin="2"/><net_sink comp="543" pin=0"/></net>

<net id="547"><net_src comp="543" pin="1"/><net_sink comp="342" pin=2"/></net>

</net_list>

</model> 
---------------- Datapath Model END ------------------

* FSMD analyzer results:
  - Output states:
	Port: temp_145_out | {2 }
	Port: temp_144_out | {2 }
	Port: temp_143_out | {2 }
	Port: temp_142_out | {2 }
	Port: temp_141_out | {2 }
	Port: temp_140_out | {2 }
	Port: temp_139_out | {2 }
	Port: temp_138_out | {2 }
 - Input state : 
	Port: merge_sort<ap_fixed<16, 6, 5, 3, 0>, config5>_Pipeline_VITIS_LOOP_157_44 : temp_137_reload | {1 }
	Port: merge_sort<ap_fixed<16, 6, 5, 3, 0>, config5>_Pipeline_VITIS_LOOP_157_44 : temp_136_reload | {1 }
	Port: merge_sort<ap_fixed<16, 6, 5, 3, 0>, config5>_Pipeline_VITIS_LOOP_157_44 : temp_135_reload | {1 }
	Port: merge_sort<ap_fixed<16, 6, 5, 3, 0>, config5>_Pipeline_VITIS_LOOP_157_44 : temp_134_reload | {1 }
	Port: merge_sort<ap_fixed<16, 6, 5, 3, 0>, config5>_Pipeline_VITIS_LOOP_157_44 : temp_133_reload | {1 }
	Port: merge_sort<ap_fixed<16, 6, 5, 3, 0>, config5>_Pipeline_VITIS_LOOP_157_44 : temp_132_reload | {1 }
	Port: merge_sort<ap_fixed<16, 6, 5, 3, 0>, config5>_Pipeline_VITIS_LOOP_157_44 : temp_131_reload | {1 }
	Port: merge_sort<ap_fixed<16, 6, 5, 3, 0>, config5>_Pipeline_VITIS_LOOP_157_44 : temp_130_reload | {1 }
	Port: merge_sort<ap_fixed<16, 6, 5, 3, 0>, config5>_Pipeline_VITIS_LOOP_157_44 : empty | {1 }
	Port: merge_sort<ap_fixed<16, 6, 5, 3, 0>, config5>_Pipeline_VITIS_LOOP_157_44 : k_15_reload | {1 }
	Port: merge_sort<ap_fixed<16, 6, 5, 3, 0>, config5>_Pipeline_VITIS_LOOP_157_44 : mux_case_0189107 | {1 }
	Port: merge_sort<ap_fixed<16, 6, 5, 3, 0>, config5>_Pipeline_VITIS_LOOP_157_44 : mux_case_1190111 | {1 }
	Port: merge_sort<ap_fixed<16, 6, 5, 3, 0>, config5>_Pipeline_VITIS_LOOP_157_44 : mux_case_2191115 | {1 }
	Port: merge_sort<ap_fixed<16, 6, 5, 3, 0>, config5>_Pipeline_VITIS_LOOP_157_44 : mux_case_3192119 | {1 }
	Port: merge_sort<ap_fixed<16, 6, 5, 3, 0>, config5>_Pipeline_VITIS_LOOP_157_44 : mux_case_4193123 | {1 }
  - Chain level:
	State 1
	State 2
		icmp_ln157 : 1
		br_ln157 : 2
		trunc_ln147 : 1
		add_ln159 : 1
		temp_80 : 1
		k_9 : 1
		switch_ln159 : 2
		store_ln136 : 2
		store_ln136 : 2
		store_ln136 : 2
		store_ln136 : 2
		store_ln136 : 2
		store_ln136 : 2
		store_ln136 : 2
		store_ln136 : 2
		store_ln147 : 2
		store_ln147 : 2
		write_ln0 : 1
		write_ln0 : 1
		write_ln0 : 1
		write_ln0 : 1
		write_ln0 : 1
		write_ln0 : 1
		write_ln0 : 1
		write_ln0 : 1


============================================================
+ Verbose Summary: Datapath Resource usage 
============================================================

* Functional unit list:
|----------|-----------------------------------|---------|---------|
| Operation|          Functional Unit          |    FF   |   LUT   |
|----------|-----------------------------------|---------|---------|
|    add   |          add_ln159_fu_336         |    0    |    10   |
|          |             k_9_fu_365            |    0    |    39   |
|----------|-----------------------------------|---------|---------|
| sparsemux|           temp_80_fu_342          |    0    |    26   |
|----------|-----------------------------------|---------|---------|
|   icmp   |         icmp_ln157_fu_323         |    0    |    10   |
|----------|-----------------------------------|---------|---------|
|          | mux_case_4193123_read_read_fu_124 |    0    |    0    |
|          | mux_case_3192119_read_read_fu_130 |    0    |    0    |
|          | mux_case_2191115_read_read_fu_136 |    0    |    0    |
|          | mux_case_1190111_read_read_fu_142 |    0    |    0    |
|          | mux_case_0189107_read_read_fu_148 |    0    |    0    |
|          |    k_15_reload_read_read_fu_154   |    0    |    0    |
|          |          tmp_read_fu_160          |    0    |    0    |
|   read   |  temp_130_reload_read_read_fu_166 |    0    |    0    |
|          |  temp_131_reload_read_read_fu_172 |    0    |    0    |
|          |  temp_132_reload_read_read_fu_178 |    0    |    0    |
|          |  temp_133_reload_read_read_fu_184 |    0    |    0    |
|          |  temp_134_reload_read_read_fu_190 |    0    |    0    |
|          |  temp_135_reload_read_read_fu_196 |    0    |    0    |
|          |  temp_136_reload_read_read_fu_202 |    0    |    0    |
|          |  temp_137_reload_read_read_fu_208 |    0    |    0    |
|----------|-----------------------------------|---------|---------|
|          |       write_ln0_write_fu_214      |    0    |    0    |
|          |       write_ln0_write_fu_221      |    0    |    0    |
|          |       write_ln0_write_fu_228      |    0    |    0    |
|   write  |       write_ln0_write_fu_235      |    0    |    0    |
|          |       write_ln0_write_fu_242      |    0    |    0    |
|          |       write_ln0_write_fu_249      |    0    |    0    |
|          |       write_ln0_write_fu_256      |    0    |    0    |
|          |       write_ln0_write_fu_263      |    0    |    0    |
|----------|-----------------------------------|---------|---------|
|   trunc  |         trunc_ln147_fu_332        |    0    |    0    |
|----------|-----------------------------------|---------|---------|
|   Total  |                                   |    0    |    85   |
|----------|-----------------------------------|---------|---------|

Memories:
N/A

* Register list:
+-----------------------------+--------+
|                             |   FF   |
+-----------------------------+--------+
|          i_reg_460          |    3   |
|          k_reg_453          |   32   |
|mux_case_0189107_read_reg_543|   32   |
|mux_case_1190111_read_reg_538|   32   |
|mux_case_2191115_read_reg_533|   32   |
|mux_case_3192119_read_reg_528|   32   |
|mux_case_4193123_read_reg_523|   32   |
|       temp_73_reg_474       |   32   |
|       temp_74_reg_481       |   32   |
|       temp_75_reg_488       |   32   |
|       temp_76_reg_495       |   32   |
|       temp_77_reg_502       |   32   |
|       temp_78_reg_509       |   32   |
|       temp_79_reg_516       |   32   |
|         temp_reg_467        |   32   |
+-----------------------------+--------+
|            Total            |   451  |
+-----------------------------+--------+

* Multiplexer (MUX) list: 
|--------|------|------|------|--------|
|  Comp  |  Pin | Size |  BW  | S x BW |
|--------|------|------|------|--------|
|  Total |      |      |      |    0   |
|--------|------|------|------|--------|



* Summary:
+-----------+--------+--------+
|           |   FF   |   LUT  |
+-----------+--------+--------+
|  Function |    0   |   85   |
|   Memory  |    -   |    -   |
|Multiplexer|    -   |    -   |
|  Register |   451  |    -   |
+-----------+--------+--------+
|   Total   |   451  |   85   |
+-----------+--------+--------+
