

================================================================
== Vitis HLS Report for 'reduce_ap_fixed_16_6_5_3_0_8_Op_max_ap_fixed_16_6_5_3_0_s'
================================================================
* Date:           Tue Mar  4 14:23:36 2025

* Version:        2023.2 (Build 4023990 on Oct 11 2023)
* Project:        myproject_prj
* Solution:       solution1 (Vivado IP Flow Target)
* Product family: virtexuplus
* Target device:  xcvu13p-flga2577-2-e


================================================================
== Performance Estimates
================================================================
+ Timing: 
    * Summary: 
    +--------+---------+----------+------------+
    |  Clock |  Target | Estimated| Uncertainty|
    +--------+---------+----------+------------+
    |ap_clk  |  5.00 ns|  3.832 ns|     0.62 ns|
    +--------+---------+----------+------------+

+ Latency: 
    * Summary: 
    +---------+---------+----------+----------+-----+-----+---------+
    |  Latency (cycles) |  Latency (absolute) |  Interval | Pipeline|
    |   min   |   max   |    min   |    max   | min | max |   Type  |
    +---------+---------+----------+----------+-----+-----+---------+
    |        0|        0|      0 ns|      0 ns|    1|    1|      yes|
    +---------+---------+----------+----------+-----+-----+---------+

    + Detail: 
        * Instance: 
        N/A

        * Loop: 
        N/A

============================================================
+ Verbose Summary: Synthesis Manager
============================================================
InlineROM: 1
ExposeGlobal: 0
============================================================
+ Verbose Summary: CDFG Model
============================================================
IsTopModel: 0
ResetActiveHigh: 1
IsCombinational: 0
IsDatapathOnly: 0
HasWiredReturn: 1
HasMFsm: 2
HasVarLatency: 0
IsPipeline: 1
IsRtlPipelined: 0
IsInstanceOverlapped: 0
IsDontTouch: 0
HasImplIP: 0
IsGatedGlobalClock: 0

+ Individual pipeline summary: 
  * Pipeline-0: initiation interval (II) = 1, depth = 1


============================================================
+ Verbose Summary: Schedule
============================================================
* Number of FSM states : 1
* Pipeline : 1
  Pipeline-0 : II = 1, D = 1, States = { 1 }
* Dataflow Pipeline: 0

* FSM state transitions: 
1 --> 

* FSM state operations: 

State 1 <SV = 0> <Delay = 3.83>
ST_1 : Operation 2 [1/1] (0.00ns)   --->   "%idx_read = read i6 @_ssdm_op_Read.ap_auto.i6, i6 %idx" [firmware/nnet_utils/nnet_common.h:44->firmware/nnet_utils/nnet_common.h:46->firmware/nnet_utils/nnet_common.h:46]   --->   Operation 2 'read' 'idx_read' <Predicate = true> <Delay = 0.00>
ST_1 : Operation 3 [1/1] (0.00ns)   --->   "%x_47_val_read = read i16 @_ssdm_op_Read.ap_auto.i16, i16 %x_47_val" [firmware/nnet_utils/nnet_common.h:44->firmware/nnet_utils/nnet_common.h:46->firmware/nnet_utils/nnet_common.h:46]   --->   Operation 3 'read' 'x_47_val_read' <Predicate = true> <Delay = 0.00>
ST_1 : Operation 4 [1/1] (0.00ns)   --->   "%x_46_val_read = read i16 @_ssdm_op_Read.ap_auto.i16, i16 %x_46_val" [firmware/nnet_utils/nnet_common.h:44->firmware/nnet_utils/nnet_common.h:46->firmware/nnet_utils/nnet_common.h:46]   --->   Operation 4 'read' 'x_46_val_read' <Predicate = true> <Delay = 0.00>
ST_1 : Operation 5 [1/1] (0.00ns)   --->   "%x_45_val_read = read i16 @_ssdm_op_Read.ap_auto.i16, i16 %x_45_val" [firmware/nnet_utils/nnet_common.h:44->firmware/nnet_utils/nnet_common.h:46->firmware/nnet_utils/nnet_common.h:46]   --->   Operation 5 'read' 'x_45_val_read' <Predicate = true> <Delay = 0.00>
ST_1 : Operation 6 [1/1] (0.00ns)   --->   "%x_44_val_read = read i16 @_ssdm_op_Read.ap_auto.i16, i16 %x_44_val" [firmware/nnet_utils/nnet_common.h:44->firmware/nnet_utils/nnet_common.h:46->firmware/nnet_utils/nnet_common.h:46]   --->   Operation 6 'read' 'x_44_val_read' <Predicate = true> <Delay = 0.00>
ST_1 : Operation 7 [1/1] (0.00ns)   --->   "%x_43_val_read = read i16 @_ssdm_op_Read.ap_auto.i16, i16 %x_43_val" [firmware/nnet_utils/nnet_common.h:44->firmware/nnet_utils/nnet_common.h:46->firmware/nnet_utils/nnet_common.h:46]   --->   Operation 7 'read' 'x_43_val_read' <Predicate = true> <Delay = 0.00>
ST_1 : Operation 8 [1/1] (0.00ns)   --->   "%x_42_val_read = read i16 @_ssdm_op_Read.ap_auto.i16, i16 %x_42_val" [firmware/nnet_utils/nnet_common.h:44->firmware/nnet_utils/nnet_common.h:46->firmware/nnet_utils/nnet_common.h:46]   --->   Operation 8 'read' 'x_42_val_read' <Predicate = true> <Delay = 0.00>
ST_1 : Operation 9 [1/1] (0.00ns)   --->   "%x_41_val_read = read i16 @_ssdm_op_Read.ap_auto.i16, i16 %x_41_val" [firmware/nnet_utils/nnet_common.h:44->firmware/nnet_utils/nnet_common.h:46->firmware/nnet_utils/nnet_common.h:46]   --->   Operation 9 'read' 'x_41_val_read' <Predicate = true> <Delay = 0.00>
ST_1 : Operation 10 [1/1] (0.00ns)   --->   "%x_40_val_read = read i16 @_ssdm_op_Read.ap_auto.i16, i16 %x_40_val" [firmware/nnet_utils/nnet_common.h:44->firmware/nnet_utils/nnet_common.h:46->firmware/nnet_utils/nnet_common.h:46]   --->   Operation 10 'read' 'x_40_val_read' <Predicate = true> <Delay = 0.00>
ST_1 : Operation 11 [1/1] (0.00ns)   --->   "%x_39_val_read = read i16 @_ssdm_op_Read.ap_auto.i16, i16 %x_39_val" [firmware/nnet_utils/nnet_common.h:44->firmware/nnet_utils/nnet_common.h:46->firmware/nnet_utils/nnet_common.h:46]   --->   Operation 11 'read' 'x_39_val_read' <Predicate = true> <Delay = 0.00>
ST_1 : Operation 12 [1/1] (0.00ns)   --->   "%x_38_val_read = read i16 @_ssdm_op_Read.ap_auto.i16, i16 %x_38_val" [firmware/nnet_utils/nnet_common.h:44->firmware/nnet_utils/nnet_common.h:46->firmware/nnet_utils/nnet_common.h:46]   --->   Operation 12 'read' 'x_38_val_read' <Predicate = true> <Delay = 0.00>
ST_1 : Operation 13 [1/1] (0.00ns)   --->   "%x_37_val_read = read i16 @_ssdm_op_Read.ap_auto.i16, i16 %x_37_val" [firmware/nnet_utils/nnet_common.h:44->firmware/nnet_utils/nnet_common.h:46->firmware/nnet_utils/nnet_common.h:46]   --->   Operation 13 'read' 'x_37_val_read' <Predicate = true> <Delay = 0.00>
ST_1 : Operation 14 [1/1] (0.00ns)   --->   "%x_36_val_read = read i16 @_ssdm_op_Read.ap_auto.i16, i16 %x_36_val" [firmware/nnet_utils/nnet_common.h:44->firmware/nnet_utils/nnet_common.h:46->firmware/nnet_utils/nnet_common.h:46]   --->   Operation 14 'read' 'x_36_val_read' <Predicate = true> <Delay = 0.00>
ST_1 : Operation 15 [1/1] (0.00ns)   --->   "%x_35_val_read = read i16 @_ssdm_op_Read.ap_auto.i16, i16 %x_35_val" [firmware/nnet_utils/nnet_common.h:44->firmware/nnet_utils/nnet_common.h:46->firmware/nnet_utils/nnet_common.h:46]   --->   Operation 15 'read' 'x_35_val_read' <Predicate = true> <Delay = 0.00>
ST_1 : Operation 16 [1/1] (0.00ns)   --->   "%x_34_val_read = read i16 @_ssdm_op_Read.ap_auto.i16, i16 %x_34_val" [firmware/nnet_utils/nnet_common.h:44->firmware/nnet_utils/nnet_common.h:46->firmware/nnet_utils/nnet_common.h:46]   --->   Operation 16 'read' 'x_34_val_read' <Predicate = true> <Delay = 0.00>
ST_1 : Operation 17 [1/1] (0.00ns)   --->   "%x_33_val_read = read i16 @_ssdm_op_Read.ap_auto.i16, i16 %x_33_val" [firmware/nnet_utils/nnet_common.h:44->firmware/nnet_utils/nnet_common.h:46->firmware/nnet_utils/nnet_common.h:46]   --->   Operation 17 'read' 'x_33_val_read' <Predicate = true> <Delay = 0.00>
ST_1 : Operation 18 [1/1] (0.00ns)   --->   "%x_32_val_read = read i16 @_ssdm_op_Read.ap_auto.i16, i16 %x_32_val" [firmware/nnet_utils/nnet_common.h:44->firmware/nnet_utils/nnet_common.h:46->firmware/nnet_utils/nnet_common.h:46]   --->   Operation 18 'read' 'x_32_val_read' <Predicate = true> <Delay = 0.00>
ST_1 : Operation 19 [1/1] (0.00ns)   --->   "%x_31_val_read = read i16 @_ssdm_op_Read.ap_auto.i16, i16 %x_31_val" [firmware/nnet_utils/nnet_common.h:44->firmware/nnet_utils/nnet_common.h:46->firmware/nnet_utils/nnet_common.h:46]   --->   Operation 19 'read' 'x_31_val_read' <Predicate = true> <Delay = 0.00>
ST_1 : Operation 20 [1/1] (0.00ns)   --->   "%x_30_val_read = read i16 @_ssdm_op_Read.ap_auto.i16, i16 %x_30_val" [firmware/nnet_utils/nnet_common.h:44->firmware/nnet_utils/nnet_common.h:46->firmware/nnet_utils/nnet_common.h:46]   --->   Operation 20 'read' 'x_30_val_read' <Predicate = true> <Delay = 0.00>
ST_1 : Operation 21 [1/1] (0.00ns)   --->   "%x_29_val_read = read i16 @_ssdm_op_Read.ap_auto.i16, i16 %x_29_val" [firmware/nnet_utils/nnet_common.h:44->firmware/nnet_utils/nnet_common.h:46->firmware/nnet_utils/nnet_common.h:46]   --->   Operation 21 'read' 'x_29_val_read' <Predicate = true> <Delay = 0.00>
ST_1 : Operation 22 [1/1] (0.00ns)   --->   "%x_28_val_read = read i16 @_ssdm_op_Read.ap_auto.i16, i16 %x_28_val" [firmware/nnet_utils/nnet_common.h:44->firmware/nnet_utils/nnet_common.h:46->firmware/nnet_utils/nnet_common.h:46]   --->   Operation 22 'read' 'x_28_val_read' <Predicate = true> <Delay = 0.00>
ST_1 : Operation 23 [1/1] (0.00ns)   --->   "%x_27_val_read = read i16 @_ssdm_op_Read.ap_auto.i16, i16 %x_27_val" [firmware/nnet_utils/nnet_common.h:44->firmware/nnet_utils/nnet_common.h:46->firmware/nnet_utils/nnet_common.h:46]   --->   Operation 23 'read' 'x_27_val_read' <Predicate = true> <Delay = 0.00>
ST_1 : Operation 24 [1/1] (0.00ns)   --->   "%x_26_val_read = read i16 @_ssdm_op_Read.ap_auto.i16, i16 %x_26_val" [firmware/nnet_utils/nnet_common.h:44->firmware/nnet_utils/nnet_common.h:46->firmware/nnet_utils/nnet_common.h:46]   --->   Operation 24 'read' 'x_26_val_read' <Predicate = true> <Delay = 0.00>
ST_1 : Operation 25 [1/1] (0.00ns)   --->   "%x_25_val_read = read i16 @_ssdm_op_Read.ap_auto.i16, i16 %x_25_val" [firmware/nnet_utils/nnet_common.h:44->firmware/nnet_utils/nnet_common.h:46->firmware/nnet_utils/nnet_common.h:46]   --->   Operation 25 'read' 'x_25_val_read' <Predicate = true> <Delay = 0.00>
ST_1 : Operation 26 [1/1] (0.00ns)   --->   "%x_24_val_read = read i16 @_ssdm_op_Read.ap_auto.i16, i16 %x_24_val" [firmware/nnet_utils/nnet_common.h:44->firmware/nnet_utils/nnet_common.h:46->firmware/nnet_utils/nnet_common.h:46]   --->   Operation 26 'read' 'x_24_val_read' <Predicate = true> <Delay = 0.00>
ST_1 : Operation 27 [1/1] (0.00ns)   --->   "%x_23_val_read = read i16 @_ssdm_op_Read.ap_auto.i16, i16 %x_23_val" [firmware/nnet_utils/nnet_common.h:44->firmware/nnet_utils/nnet_common.h:46->firmware/nnet_utils/nnet_common.h:46]   --->   Operation 27 'read' 'x_23_val_read' <Predicate = true> <Delay = 0.00>
ST_1 : Operation 28 [1/1] (0.00ns)   --->   "%x_22_val_read = read i16 @_ssdm_op_Read.ap_auto.i16, i16 %x_22_val" [firmware/nnet_utils/nnet_common.h:44->firmware/nnet_utils/nnet_common.h:46->firmware/nnet_utils/nnet_common.h:46]   --->   Operation 28 'read' 'x_22_val_read' <Predicate = true> <Delay = 0.00>
ST_1 : Operation 29 [1/1] (0.00ns)   --->   "%x_21_val_read = read i16 @_ssdm_op_Read.ap_auto.i16, i16 %x_21_val" [firmware/nnet_utils/nnet_common.h:44->firmware/nnet_utils/nnet_common.h:46->firmware/nnet_utils/nnet_common.h:46]   --->   Operation 29 'read' 'x_21_val_read' <Predicate = true> <Delay = 0.00>
ST_1 : Operation 30 [1/1] (0.00ns)   --->   "%x_20_val_read = read i16 @_ssdm_op_Read.ap_auto.i16, i16 %x_20_val" [firmware/nnet_utils/nnet_common.h:44->firmware/nnet_utils/nnet_common.h:46->firmware/nnet_utils/nnet_common.h:46]   --->   Operation 30 'read' 'x_20_val_read' <Predicate = true> <Delay = 0.00>
ST_1 : Operation 31 [1/1] (0.00ns)   --->   "%x_19_val_read = read i16 @_ssdm_op_Read.ap_auto.i16, i16 %x_19_val" [firmware/nnet_utils/nnet_common.h:44->firmware/nnet_utils/nnet_common.h:46->firmware/nnet_utils/nnet_common.h:46]   --->   Operation 31 'read' 'x_19_val_read' <Predicate = true> <Delay = 0.00>
ST_1 : Operation 32 [1/1] (0.00ns)   --->   "%x_18_val_read = read i16 @_ssdm_op_Read.ap_auto.i16, i16 %x_18_val" [firmware/nnet_utils/nnet_common.h:44->firmware/nnet_utils/nnet_common.h:46->firmware/nnet_utils/nnet_common.h:46]   --->   Operation 32 'read' 'x_18_val_read' <Predicate = true> <Delay = 0.00>
ST_1 : Operation 33 [1/1] (0.00ns)   --->   "%x_17_val_read = read i16 @_ssdm_op_Read.ap_auto.i16, i16 %x_17_val" [firmware/nnet_utils/nnet_common.h:44->firmware/nnet_utils/nnet_common.h:46->firmware/nnet_utils/nnet_common.h:46]   --->   Operation 33 'read' 'x_17_val_read' <Predicate = true> <Delay = 0.00>
ST_1 : Operation 34 [1/1] (0.00ns)   --->   "%x_16_val_read = read i16 @_ssdm_op_Read.ap_auto.i16, i16 %x_16_val" [firmware/nnet_utils/nnet_common.h:44->firmware/nnet_utils/nnet_common.h:46->firmware/nnet_utils/nnet_common.h:46]   --->   Operation 34 'read' 'x_16_val_read' <Predicate = true> <Delay = 0.00>
ST_1 : Operation 35 [1/1] (0.00ns)   --->   "%x_15_val_read = read i16 @_ssdm_op_Read.ap_auto.i16, i16 %x_15_val" [firmware/nnet_utils/nnet_common.h:44->firmware/nnet_utils/nnet_common.h:46->firmware/nnet_utils/nnet_common.h:46]   --->   Operation 35 'read' 'x_15_val_read' <Predicate = true> <Delay = 0.00>
ST_1 : Operation 36 [1/1] (0.00ns)   --->   "%x_14_val_read = read i16 @_ssdm_op_Read.ap_auto.i16, i16 %x_14_val" [firmware/nnet_utils/nnet_common.h:44->firmware/nnet_utils/nnet_common.h:46->firmware/nnet_utils/nnet_common.h:46]   --->   Operation 36 'read' 'x_14_val_read' <Predicate = true> <Delay = 0.00>
ST_1 : Operation 37 [1/1] (0.00ns)   --->   "%x_13_val_read = read i16 @_ssdm_op_Read.ap_auto.i16, i16 %x_13_val" [firmware/nnet_utils/nnet_common.h:44->firmware/nnet_utils/nnet_common.h:46->firmware/nnet_utils/nnet_common.h:46]   --->   Operation 37 'read' 'x_13_val_read' <Predicate = true> <Delay = 0.00>
ST_1 : Operation 38 [1/1] (0.00ns)   --->   "%x_12_val_read = read i16 @_ssdm_op_Read.ap_auto.i16, i16 %x_12_val" [firmware/nnet_utils/nnet_common.h:44->firmware/nnet_utils/nnet_common.h:46->firmware/nnet_utils/nnet_common.h:46]   --->   Operation 38 'read' 'x_12_val_read' <Predicate = true> <Delay = 0.00>
ST_1 : Operation 39 [1/1] (0.00ns)   --->   "%x_11_val_read = read i16 @_ssdm_op_Read.ap_auto.i16, i16 %x_11_val" [firmware/nnet_utils/nnet_common.h:44->firmware/nnet_utils/nnet_common.h:46->firmware/nnet_utils/nnet_common.h:46]   --->   Operation 39 'read' 'x_11_val_read' <Predicate = true> <Delay = 0.00>
ST_1 : Operation 40 [1/1] (0.00ns)   --->   "%x_10_val_read = read i16 @_ssdm_op_Read.ap_auto.i16, i16 %x_10_val" [firmware/nnet_utils/nnet_common.h:44->firmware/nnet_utils/nnet_common.h:46->firmware/nnet_utils/nnet_common.h:46]   --->   Operation 40 'read' 'x_10_val_read' <Predicate = true> <Delay = 0.00>
ST_1 : Operation 41 [1/1] (0.00ns)   --->   "%x_9_val_read = read i16 @_ssdm_op_Read.ap_auto.i16, i16 %x_9_val" [firmware/nnet_utils/nnet_common.h:44->firmware/nnet_utils/nnet_common.h:46->firmware/nnet_utils/nnet_common.h:46]   --->   Operation 41 'read' 'x_9_val_read' <Predicate = true> <Delay = 0.00>
ST_1 : Operation 42 [1/1] (0.00ns)   --->   "%x_8_val_read = read i16 @_ssdm_op_Read.ap_auto.i16, i16 %x_8_val" [firmware/nnet_utils/nnet_common.h:44->firmware/nnet_utils/nnet_common.h:46->firmware/nnet_utils/nnet_common.h:46]   --->   Operation 42 'read' 'x_8_val_read' <Predicate = true> <Delay = 0.00>
ST_1 : Operation 43 [1/1] (0.00ns)   --->   "%x_7_val_read = read i16 @_ssdm_op_Read.ap_auto.i16, i16 %x_7_val" [firmware/nnet_utils/nnet_common.h:44->firmware/nnet_utils/nnet_common.h:46->firmware/nnet_utils/nnet_common.h:46]   --->   Operation 43 'read' 'x_7_val_read' <Predicate = true> <Delay = 0.00>
ST_1 : Operation 44 [1/1] (0.00ns)   --->   "%x_6_val_read = read i16 @_ssdm_op_Read.ap_auto.i16, i16 %x_6_val" [firmware/nnet_utils/nnet_common.h:44->firmware/nnet_utils/nnet_common.h:46->firmware/nnet_utils/nnet_common.h:46]   --->   Operation 44 'read' 'x_6_val_read' <Predicate = true> <Delay = 0.00>
ST_1 : Operation 45 [1/1] (0.00ns)   --->   "%x_5_val_read = read i16 @_ssdm_op_Read.ap_auto.i16, i16 %x_5_val" [firmware/nnet_utils/nnet_common.h:44->firmware/nnet_utils/nnet_common.h:46->firmware/nnet_utils/nnet_common.h:46]   --->   Operation 45 'read' 'x_5_val_read' <Predicate = true> <Delay = 0.00>
ST_1 : Operation 46 [1/1] (0.00ns)   --->   "%x_4_val_read = read i16 @_ssdm_op_Read.ap_auto.i16, i16 %x_4_val" [firmware/nnet_utils/nnet_common.h:44->firmware/nnet_utils/nnet_common.h:46->firmware/nnet_utils/nnet_common.h:46]   --->   Operation 46 'read' 'x_4_val_read' <Predicate = true> <Delay = 0.00>
ST_1 : Operation 47 [1/1] (0.00ns)   --->   "%x_3_val_read = read i16 @_ssdm_op_Read.ap_auto.i16, i16 %x_3_val" [firmware/nnet_utils/nnet_common.h:44->firmware/nnet_utils/nnet_common.h:46->firmware/nnet_utils/nnet_common.h:46]   --->   Operation 47 'read' 'x_3_val_read' <Predicate = true> <Delay = 0.00>
ST_1 : Operation 48 [1/1] (0.00ns)   --->   "%x_2_val_read = read i16 @_ssdm_op_Read.ap_auto.i16, i16 %x_2_val" [firmware/nnet_utils/nnet_common.h:44->firmware/nnet_utils/nnet_common.h:46->firmware/nnet_utils/nnet_common.h:46]   --->   Operation 48 'read' 'x_2_val_read' <Predicate = true> <Delay = 0.00>
ST_1 : Operation 49 [1/1] (0.00ns)   --->   "%x_1_val_read = read i16 @_ssdm_op_Read.ap_auto.i16, i16 %x_1_val" [firmware/nnet_utils/nnet_common.h:44->firmware/nnet_utils/nnet_common.h:46->firmware/nnet_utils/nnet_common.h:46]   --->   Operation 49 'read' 'x_1_val_read' <Predicate = true> <Delay = 0.00>
ST_1 : Operation 50 [1/1] (0.00ns)   --->   "%x_0_val_read = read i16 @_ssdm_op_Read.ap_auto.i16, i16 %x_0_val" [firmware/nnet_utils/nnet_common.h:44->firmware/nnet_utils/nnet_common.h:46->firmware/nnet_utils/nnet_common.h:46]   --->   Operation 50 'read' 'x_0_val_read' <Predicate = true> <Delay = 0.00>
ST_1 : Operation 51 [1/1] (0.74ns)   --->   "%tmp = sparsemux i16 @_ssdm_op_SparseMux.ap_auto.41i16.i16.i6, i6 0, i16 %x_0_val_read, i6 1, i16 %x_1_val_read, i6 2, i16 %x_2_val_read, i6 3, i16 %x_3_val_read, i6 4, i16 %x_4_val_read, i6 5, i16 %x_5_val_read, i6 6, i16 %x_6_val_read, i6 7, i16 %x_7_val_read, i6 8, i16 %x_8_val_read, i6 9, i16 %x_9_val_read, i6 10, i16 %x_10_val_read, i6 11, i16 %x_11_val_read, i6 12, i16 %x_12_val_read, i6 13, i16 %x_13_val_read, i6 14, i16 %x_14_val_read, i6 15, i16 %x_15_val_read, i6 16, i16 %x_16_val_read, i6 17, i16 %x_17_val_read, i6 18, i16 %x_18_val_read, i6 19, i16 %x_19_val_read, i6 20, i16 %x_20_val_read, i6 21, i16 %x_21_val_read, i6 22, i16 %x_22_val_read, i6 23, i16 %x_23_val_read, i6 24, i16 %x_24_val_read, i6 25, i16 %x_25_val_read, i6 26, i16 %x_26_val_read, i6 27, i16 %x_27_val_read, i6 28, i16 %x_28_val_read, i6 29, i16 %x_29_val_read, i6 30, i16 %x_30_val_read, i6 31, i16 %x_31_val_read, i6 32, i16 %x_32_val_read, i6 33, i16 %x_33_val_read, i6 34, i16 %x_34_val_read, i6 35, i16 %x_35_val_read, i6 36, i16 %x_36_val_read, i6 37, i16 %x_37_val_read, i6 38, i16 %x_38_val_read, i6 39, i16 %x_39_val_read, i6 40, i16 %x_40_val_read, i16 0, i6 %idx_read" [firmware/nnet_utils/nnet_common.h:44->firmware/nnet_utils/nnet_common.h:46->firmware/nnet_utils/nnet_common.h:46]   --->   Operation 51 'sparsemux' 'tmp' <Predicate = true> <Delay = 0.74> <CoreInst = "SparseMux">   --->   Core 147 'SparseMux' <Latency = 0> <II = 1> <Delay = 0.74> <FuncUnit> <Opcode : 'sparsemux'> <InPorts = 2> <OutPorts = 1>
ST_1 : Operation 52 [1/1] (0.74ns)   --->   "%tmp_s = sparsemux i16 @_ssdm_op_SparseMux.ap_auto.41i16.i16.i6, i6 0, i16 %x_1_val_read, i6 1, i16 %x_2_val_read, i6 2, i16 %x_3_val_read, i6 3, i16 %x_4_val_read, i6 4, i16 %x_5_val_read, i6 5, i16 %x_6_val_read, i6 6, i16 %x_7_val_read, i6 7, i16 %x_8_val_read, i6 8, i16 %x_9_val_read, i6 9, i16 %x_10_val_read, i6 10, i16 %x_11_val_read, i6 11, i16 %x_12_val_read, i6 12, i16 %x_13_val_read, i6 13, i16 %x_14_val_read, i6 14, i16 %x_15_val_read, i6 15, i16 %x_16_val_read, i6 16, i16 %x_17_val_read, i6 17, i16 %x_18_val_read, i6 18, i16 %x_19_val_read, i6 19, i16 %x_20_val_read, i6 20, i16 %x_21_val_read, i6 21, i16 %x_22_val_read, i6 22, i16 %x_23_val_read, i6 23, i16 %x_24_val_read, i6 24, i16 %x_25_val_read, i6 25, i16 %x_26_val_read, i6 26, i16 %x_27_val_read, i6 27, i16 %x_28_val_read, i6 28, i16 %x_29_val_read, i6 29, i16 %x_30_val_read, i6 30, i16 %x_31_val_read, i6 31, i16 %x_32_val_read, i6 32, i16 %x_33_val_read, i6 33, i16 %x_34_val_read, i6 34, i16 %x_35_val_read, i6 35, i16 %x_36_val_read, i6 36, i16 %x_37_val_read, i6 37, i16 %x_38_val_read, i6 38, i16 %x_39_val_read, i6 39, i16 %x_40_val_read, i6 40, i16 %x_41_val_read, i16 0, i6 %idx_read" [firmware/nnet_utils/nnet_common.h:44->firmware/nnet_utils/nnet_common.h:46->firmware/nnet_utils/nnet_common.h:46]   --->   Operation 52 'sparsemux' 'tmp_s' <Predicate = true> <Delay = 0.74> <CoreInst = "SparseMux">   --->   Core 147 'SparseMux' <Latency = 0> <II = 1> <Delay = 0.74> <FuncUnit> <Opcode : 'sparsemux'> <InPorts = 2> <OutPorts = 1>
ST_1 : Operation 53 [1/1] (0.78ns)   --->   "%icmp_ln66 = icmp_slt  i16 %tmp, i16 %tmp_s" [firmware/nnet_utils/nnet_common.h:66->firmware/nnet_utils/nnet_common.h:44->firmware/nnet_utils/nnet_common.h:46->firmware/nnet_utils/nnet_common.h:46]   --->   Operation 53 'icmp' 'icmp_ln66' <Predicate = true> <Delay = 0.78> <CoreInst = "Cmp">   --->   Core 9 'Cmp' <Latency = 0> <II = 1> <Delay = 0.78> <FuncUnit> <Opcode : 'icmp'> <InPorts = 2> <OutPorts = 1>
ST_1 : Operation 54 [1/1] (0.00ns) (grouped into LUT with out node select_ln66)   --->   "%xor_ln66 = xor i1 %icmp_ln66, i1 1" [firmware/nnet_utils/nnet_common.h:66->firmware/nnet_utils/nnet_common.h:44->firmware/nnet_utils/nnet_common.h:46->firmware/nnet_utils/nnet_common.h:46]   --->   Operation 54 'xor' 'xor_ln66' <Predicate = true> <Delay = 0.00> <CoreInst = "LogicGate">   --->   Core 74 'LogicGate' <Latency = 0> <II = 1> <Delay = 0.12> <FuncUnit> <Opcode : 'and' 'or' 'xor'> <InPorts = 2> <OutPorts = 1>
ST_1 : Operation 55 [1/1] (0.24ns) (out node of the LUT)   --->   "%select_ln66 = select i1 %xor_ln66, i16 %tmp, i16 %tmp_s" [firmware/nnet_utils/nnet_common.h:66->firmware/nnet_utils/nnet_common.h:44->firmware/nnet_utils/nnet_common.h:46->firmware/nnet_utils/nnet_common.h:46]   --->   Operation 55 'select' 'select_ln66' <Predicate = true> <Delay = 0.24> <CoreInst = "Sel">   --->   Core 73 'Sel' <Latency = 0> <II = 1> <Delay = 0.24> <FuncUnit> <Opcode : 'select'> <InPorts = 3> <OutPorts = 1>
ST_1 : Operation 56 [1/1] (0.74ns)   --->   "%tmp_7 = sparsemux i16 @_ssdm_op_SparseMux.ap_auto.41i16.i16.i6, i6 0, i16 %x_2_val_read, i6 1, i16 %x_3_val_read, i6 2, i16 %x_4_val_read, i6 3, i16 %x_5_val_read, i6 4, i16 %x_6_val_read, i6 5, i16 %x_7_val_read, i6 6, i16 %x_8_val_read, i6 7, i16 %x_9_val_read, i6 8, i16 %x_10_val_read, i6 9, i16 %x_11_val_read, i6 10, i16 %x_12_val_read, i6 11, i16 %x_13_val_read, i6 12, i16 %x_14_val_read, i6 13, i16 %x_15_val_read, i6 14, i16 %x_16_val_read, i6 15, i16 %x_17_val_read, i6 16, i16 %x_18_val_read, i6 17, i16 %x_19_val_read, i6 18, i16 %x_20_val_read, i6 19, i16 %x_21_val_read, i6 20, i16 %x_22_val_read, i6 21, i16 %x_23_val_read, i6 22, i16 %x_24_val_read, i6 23, i16 %x_25_val_read, i6 24, i16 %x_26_val_read, i6 25, i16 %x_27_val_read, i6 26, i16 %x_28_val_read, i6 27, i16 %x_29_val_read, i6 28, i16 %x_30_val_read, i6 29, i16 %x_31_val_read, i6 30, i16 %x_32_val_read, i6 31, i16 %x_33_val_read, i6 32, i16 %x_34_val_read, i6 33, i16 %x_35_val_read, i6 34, i16 %x_36_val_read, i6 35, i16 %x_37_val_read, i6 36, i16 %x_38_val_read, i6 37, i16 %x_39_val_read, i6 38, i16 %x_40_val_read, i6 39, i16 %x_41_val_read, i6 40, i16 %x_42_val_read, i16 0, i6 %idx_read" [firmware/nnet_utils/nnet_common.h:44->firmware/nnet_utils/nnet_common.h:46->firmware/nnet_utils/nnet_common.h:46]   --->   Operation 56 'sparsemux' 'tmp_7' <Predicate = true> <Delay = 0.74> <CoreInst = "SparseMux">   --->   Core 147 'SparseMux' <Latency = 0> <II = 1> <Delay = 0.74> <FuncUnit> <Opcode : 'sparsemux'> <InPorts = 2> <OutPorts = 1>
ST_1 : Operation 57 [1/1] (0.74ns)   --->   "%tmp_8 = sparsemux i16 @_ssdm_op_SparseMux.ap_auto.41i16.i16.i6, i6 0, i16 %x_3_val_read, i6 1, i16 %x_4_val_read, i6 2, i16 %x_5_val_read, i6 3, i16 %x_6_val_read, i6 4, i16 %x_7_val_read, i6 5, i16 %x_8_val_read, i6 6, i16 %x_9_val_read, i6 7, i16 %x_10_val_read, i6 8, i16 %x_11_val_read, i6 9, i16 %x_12_val_read, i6 10, i16 %x_13_val_read, i6 11, i16 %x_14_val_read, i6 12, i16 %x_15_val_read, i6 13, i16 %x_16_val_read, i6 14, i16 %x_17_val_read, i6 15, i16 %x_18_val_read, i6 16, i16 %x_19_val_read, i6 17, i16 %x_20_val_read, i6 18, i16 %x_21_val_read, i6 19, i16 %x_22_val_read, i6 20, i16 %x_23_val_read, i6 21, i16 %x_24_val_read, i6 22, i16 %x_25_val_read, i6 23, i16 %x_26_val_read, i6 24, i16 %x_27_val_read, i6 25, i16 %x_28_val_read, i6 26, i16 %x_29_val_read, i6 27, i16 %x_30_val_read, i6 28, i16 %x_31_val_read, i6 29, i16 %x_32_val_read, i6 30, i16 %x_33_val_read, i6 31, i16 %x_34_val_read, i6 32, i16 %x_35_val_read, i6 33, i16 %x_36_val_read, i6 34, i16 %x_37_val_read, i6 35, i16 %x_38_val_read, i6 36, i16 %x_39_val_read, i6 37, i16 %x_40_val_read, i6 38, i16 %x_41_val_read, i6 39, i16 %x_42_val_read, i6 40, i16 %x_43_val_read, i16 0, i6 %idx_read" [firmware/nnet_utils/nnet_common.h:44->firmware/nnet_utils/nnet_common.h:46->firmware/nnet_utils/nnet_common.h:46]   --->   Operation 57 'sparsemux' 'tmp_8' <Predicate = true> <Delay = 0.74> <CoreInst = "SparseMux">   --->   Core 147 'SparseMux' <Latency = 0> <II = 1> <Delay = 0.74> <FuncUnit> <Opcode : 'sparsemux'> <InPorts = 2> <OutPorts = 1>
ST_1 : Operation 58 [1/1] (0.78ns)   --->   "%icmp_ln66_1 = icmp_slt  i16 %tmp_7, i16 %tmp_8" [firmware/nnet_utils/nnet_common.h:66->firmware/nnet_utils/nnet_common.h:44->firmware/nnet_utils/nnet_common.h:46->firmware/nnet_utils/nnet_common.h:46]   --->   Operation 58 'icmp' 'icmp_ln66_1' <Predicate = true> <Delay = 0.78> <CoreInst = "Cmp">   --->   Core 9 'Cmp' <Latency = 0> <II = 1> <Delay = 0.78> <FuncUnit> <Opcode : 'icmp'> <InPorts = 2> <OutPorts = 1>
ST_1 : Operation 59 [1/1] (0.00ns) (grouped into LUT with out node select_ln66_1)   --->   "%xor_ln66_1 = xor i1 %icmp_ln66_1, i1 1" [firmware/nnet_utils/nnet_common.h:66->firmware/nnet_utils/nnet_common.h:44->firmware/nnet_utils/nnet_common.h:46->firmware/nnet_utils/nnet_common.h:46]   --->   Operation 59 'xor' 'xor_ln66_1' <Predicate = true> <Delay = 0.00> <CoreInst = "LogicGate">   --->   Core 74 'LogicGate' <Latency = 0> <II = 1> <Delay = 0.12> <FuncUnit> <Opcode : 'and' 'or' 'xor'> <InPorts = 2> <OutPorts = 1>
ST_1 : Operation 60 [1/1] (0.24ns) (out node of the LUT)   --->   "%select_ln66_1 = select i1 %xor_ln66_1, i16 %tmp_7, i16 %tmp_8" [firmware/nnet_utils/nnet_common.h:66->firmware/nnet_utils/nnet_common.h:44->firmware/nnet_utils/nnet_common.h:46->firmware/nnet_utils/nnet_common.h:46]   --->   Operation 60 'select' 'select_ln66_1' <Predicate = true> <Delay = 0.24> <CoreInst = "Sel">   --->   Core 73 'Sel' <Latency = 0> <II = 1> <Delay = 0.24> <FuncUnit> <Opcode : 'select'> <InPorts = 3> <OutPorts = 1>
ST_1 : Operation 61 [1/1] (0.78ns)   --->   "%icmp_ln66_2 = icmp_slt  i16 %select_ln66, i16 %select_ln66_1" [firmware/nnet_utils/nnet_common.h:66->firmware/nnet_utils/nnet_common.h:46->firmware/nnet_utils/nnet_common.h:46]   --->   Operation 61 'icmp' 'icmp_ln66_2' <Predicate = true> <Delay = 0.78> <CoreInst = "Cmp">   --->   Core 9 'Cmp' <Latency = 0> <II = 1> <Delay = 0.78> <FuncUnit> <Opcode : 'icmp'> <InPorts = 2> <OutPorts = 1>
ST_1 : Operation 62 [1/1] (0.00ns) (grouped into LUT with out node select_ln66_2)   --->   "%xor_ln66_2 = xor i1 %icmp_ln66_2, i1 1" [firmware/nnet_utils/nnet_common.h:66->firmware/nnet_utils/nnet_common.h:46->firmware/nnet_utils/nnet_common.h:46]   --->   Operation 62 'xor' 'xor_ln66_2' <Predicate = true> <Delay = 0.00> <CoreInst = "LogicGate">   --->   Core 74 'LogicGate' <Latency = 0> <II = 1> <Delay = 0.12> <FuncUnit> <Opcode : 'and' 'or' 'xor'> <InPorts = 2> <OutPorts = 1>
ST_1 : Operation 63 [1/1] (0.24ns) (out node of the LUT)   --->   "%select_ln66_2 = select i1 %xor_ln66_2, i16 %select_ln66, i16 %select_ln66_1" [firmware/nnet_utils/nnet_common.h:66->firmware/nnet_utils/nnet_common.h:46->firmware/nnet_utils/nnet_common.h:46]   --->   Operation 63 'select' 'select_ln66_2' <Predicate = true> <Delay = 0.24> <CoreInst = "Sel">   --->   Core 73 'Sel' <Latency = 0> <II = 1> <Delay = 0.24> <FuncUnit> <Opcode : 'select'> <InPorts = 3> <OutPorts = 1>
ST_1 : Operation 64 [1/1] (0.74ns)   --->   "%tmp_9 = sparsemux i16 @_ssdm_op_SparseMux.ap_auto.41i16.i16.i6, i6 0, i16 %x_4_val_read, i6 1, i16 %x_5_val_read, i6 2, i16 %x_6_val_read, i6 3, i16 %x_7_val_read, i6 4, i16 %x_8_val_read, i6 5, i16 %x_9_val_read, i6 6, i16 %x_10_val_read, i6 7, i16 %x_11_val_read, i6 8, i16 %x_12_val_read, i6 9, i16 %x_13_val_read, i6 10, i16 %x_14_val_read, i6 11, i16 %x_15_val_read, i6 12, i16 %x_16_val_read, i6 13, i16 %x_17_val_read, i6 14, i16 %x_18_val_read, i6 15, i16 %x_19_val_read, i6 16, i16 %x_20_val_read, i6 17, i16 %x_21_val_read, i6 18, i16 %x_22_val_read, i6 19, i16 %x_23_val_read, i6 20, i16 %x_24_val_read, i6 21, i16 %x_25_val_read, i6 22, i16 %x_26_val_read, i6 23, i16 %x_27_val_read, i6 24, i16 %x_28_val_read, i6 25, i16 %x_29_val_read, i6 26, i16 %x_30_val_read, i6 27, i16 %x_31_val_read, i6 28, i16 %x_32_val_read, i6 29, i16 %x_33_val_read, i6 30, i16 %x_34_val_read, i6 31, i16 %x_35_val_read, i6 32, i16 %x_36_val_read, i6 33, i16 %x_37_val_read, i6 34, i16 %x_38_val_read, i6 35, i16 %x_39_val_read, i6 36, i16 %x_40_val_read, i6 37, i16 %x_41_val_read, i6 38, i16 %x_42_val_read, i6 39, i16 %x_43_val_read, i6 40, i16 %x_44_val_read, i16 0, i6 %idx_read" [firmware/nnet_utils/nnet_common.h:44->firmware/nnet_utils/nnet_common.h:46->firmware/nnet_utils/nnet_common.h:46]   --->   Operation 64 'sparsemux' 'tmp_9' <Predicate = true> <Delay = 0.74> <CoreInst = "SparseMux">   --->   Core 147 'SparseMux' <Latency = 0> <II = 1> <Delay = 0.74> <FuncUnit> <Opcode : 'sparsemux'> <InPorts = 2> <OutPorts = 1>
ST_1 : Operation 65 [1/1] (0.74ns)   --->   "%tmp_1 = sparsemux i16 @_ssdm_op_SparseMux.ap_auto.41i16.i16.i6, i6 0, i16 %x_5_val_read, i6 1, i16 %x_6_val_read, i6 2, i16 %x_7_val_read, i6 3, i16 %x_8_val_read, i6 4, i16 %x_9_val_read, i6 5, i16 %x_10_val_read, i6 6, i16 %x_11_val_read, i6 7, i16 %x_12_val_read, i6 8, i16 %x_13_val_read, i6 9, i16 %x_14_val_read, i6 10, i16 %x_15_val_read, i6 11, i16 %x_16_val_read, i6 12, i16 %x_17_val_read, i6 13, i16 %x_18_val_read, i6 14, i16 %x_19_val_read, i6 15, i16 %x_20_val_read, i6 16, i16 %x_21_val_read, i6 17, i16 %x_22_val_read, i6 18, i16 %x_23_val_read, i6 19, i16 %x_24_val_read, i6 20, i16 %x_25_val_read, i6 21, i16 %x_26_val_read, i6 22, i16 %x_27_val_read, i6 23, i16 %x_28_val_read, i6 24, i16 %x_29_val_read, i6 25, i16 %x_30_val_read, i6 26, i16 %x_31_val_read, i6 27, i16 %x_32_val_read, i6 28, i16 %x_33_val_read, i6 29, i16 %x_34_val_read, i6 30, i16 %x_35_val_read, i6 31, i16 %x_36_val_read, i6 32, i16 %x_37_val_read, i6 33, i16 %x_38_val_read, i6 34, i16 %x_39_val_read, i6 35, i16 %x_40_val_read, i6 36, i16 %x_41_val_read, i6 37, i16 %x_42_val_read, i6 38, i16 %x_43_val_read, i6 39, i16 %x_44_val_read, i6 40, i16 %x_45_val_read, i16 0, i6 %idx_read" [firmware/nnet_utils/nnet_common.h:44->firmware/nnet_utils/nnet_common.h:46->firmware/nnet_utils/nnet_common.h:46]   --->   Operation 65 'sparsemux' 'tmp_1' <Predicate = true> <Delay = 0.74> <CoreInst = "SparseMux">   --->   Core 147 'SparseMux' <Latency = 0> <II = 1> <Delay = 0.74> <FuncUnit> <Opcode : 'sparsemux'> <InPorts = 2> <OutPorts = 1>
ST_1 : Operation 66 [1/1] (0.78ns)   --->   "%icmp_ln66_3 = icmp_slt  i16 %tmp_9, i16 %tmp_1" [firmware/nnet_utils/nnet_common.h:66->firmware/nnet_utils/nnet_common.h:44->firmware/nnet_utils/nnet_common.h:46->firmware/nnet_utils/nnet_common.h:46]   --->   Operation 66 'icmp' 'icmp_ln66_3' <Predicate = true> <Delay = 0.78> <CoreInst = "Cmp">   --->   Core 9 'Cmp' <Latency = 0> <II = 1> <Delay = 0.78> <FuncUnit> <Opcode : 'icmp'> <InPorts = 2> <OutPorts = 1>
ST_1 : Operation 67 [1/1] (0.00ns) (grouped into LUT with out node select_ln66_3)   --->   "%xor_ln66_3 = xor i1 %icmp_ln66_3, i1 1" [firmware/nnet_utils/nnet_common.h:66->firmware/nnet_utils/nnet_common.h:44->firmware/nnet_utils/nnet_common.h:46->firmware/nnet_utils/nnet_common.h:46]   --->   Operation 67 'xor' 'xor_ln66_3' <Predicate = true> <Delay = 0.00> <CoreInst = "LogicGate">   --->   Core 74 'LogicGate' <Latency = 0> <II = 1> <Delay = 0.12> <FuncUnit> <Opcode : 'and' 'or' 'xor'> <InPorts = 2> <OutPorts = 1>
ST_1 : Operation 68 [1/1] (0.24ns) (out node of the LUT)   --->   "%select_ln66_3 = select i1 %xor_ln66_3, i16 %tmp_9, i16 %tmp_1" [firmware/nnet_utils/nnet_common.h:66->firmware/nnet_utils/nnet_common.h:44->firmware/nnet_utils/nnet_common.h:46->firmware/nnet_utils/nnet_common.h:46]   --->   Operation 68 'select' 'select_ln66_3' <Predicate = true> <Delay = 0.24> <CoreInst = "Sel">   --->   Core 73 'Sel' <Latency = 0> <II = 1> <Delay = 0.24> <FuncUnit> <Opcode : 'select'> <InPorts = 3> <OutPorts = 1>
ST_1 : Operation 69 [1/1] (0.74ns)   --->   "%tmp_2 = sparsemux i16 @_ssdm_op_SparseMux.ap_auto.41i16.i16.i6, i6 0, i16 %x_6_val_read, i6 1, i16 %x_7_val_read, i6 2, i16 %x_8_val_read, i6 3, i16 %x_9_val_read, i6 4, i16 %x_10_val_read, i6 5, i16 %x_11_val_read, i6 6, i16 %x_12_val_read, i6 7, i16 %x_13_val_read, i6 8, i16 %x_14_val_read, i6 9, i16 %x_15_val_read, i6 10, i16 %x_16_val_read, i6 11, i16 %x_17_val_read, i6 12, i16 %x_18_val_read, i6 13, i16 %x_19_val_read, i6 14, i16 %x_20_val_read, i6 15, i16 %x_21_val_read, i6 16, i16 %x_22_val_read, i6 17, i16 %x_23_val_read, i6 18, i16 %x_24_val_read, i6 19, i16 %x_25_val_read, i6 20, i16 %x_26_val_read, i6 21, i16 %x_27_val_read, i6 22, i16 %x_28_val_read, i6 23, i16 %x_29_val_read, i6 24, i16 %x_30_val_read, i6 25, i16 %x_31_val_read, i6 26, i16 %x_32_val_read, i6 27, i16 %x_33_val_read, i6 28, i16 %x_34_val_read, i6 29, i16 %x_35_val_read, i6 30, i16 %x_36_val_read, i6 31, i16 %x_37_val_read, i6 32, i16 %x_38_val_read, i6 33, i16 %x_39_val_read, i6 34, i16 %x_40_val_read, i6 35, i16 %x_41_val_read, i6 36, i16 %x_42_val_read, i6 37, i16 %x_43_val_read, i6 38, i16 %x_44_val_read, i6 39, i16 %x_45_val_read, i6 40, i16 %x_46_val_read, i16 0, i6 %idx_read" [firmware/nnet_utils/nnet_common.h:44->firmware/nnet_utils/nnet_common.h:46->firmware/nnet_utils/nnet_common.h:46]   --->   Operation 69 'sparsemux' 'tmp_2' <Predicate = true> <Delay = 0.74> <CoreInst = "SparseMux">   --->   Core 147 'SparseMux' <Latency = 0> <II = 1> <Delay = 0.74> <FuncUnit> <Opcode : 'sparsemux'> <InPorts = 2> <OutPorts = 1>
ST_1 : Operation 70 [1/1] (0.74ns)   --->   "%tmp_3 = sparsemux i16 @_ssdm_op_SparseMux.ap_auto.41i16.i16.i6, i6 0, i16 %x_7_val_read, i6 1, i16 %x_8_val_read, i6 2, i16 %x_9_val_read, i6 3, i16 %x_10_val_read, i6 4, i16 %x_11_val_read, i6 5, i16 %x_12_val_read, i6 6, i16 %x_13_val_read, i6 7, i16 %x_14_val_read, i6 8, i16 %x_15_val_read, i6 9, i16 %x_16_val_read, i6 10, i16 %x_17_val_read, i6 11, i16 %x_18_val_read, i6 12, i16 %x_19_val_read, i6 13, i16 %x_20_val_read, i6 14, i16 %x_21_val_read, i6 15, i16 %x_22_val_read, i6 16, i16 %x_23_val_read, i6 17, i16 %x_24_val_read, i6 18, i16 %x_25_val_read, i6 19, i16 %x_26_val_read, i6 20, i16 %x_27_val_read, i6 21, i16 %x_28_val_read, i6 22, i16 %x_29_val_read, i6 23, i16 %x_30_val_read, i6 24, i16 %x_31_val_read, i6 25, i16 %x_32_val_read, i6 26, i16 %x_33_val_read, i6 27, i16 %x_34_val_read, i6 28, i16 %x_35_val_read, i6 29, i16 %x_36_val_read, i6 30, i16 %x_37_val_read, i6 31, i16 %x_38_val_read, i6 32, i16 %x_39_val_read, i6 33, i16 %x_40_val_read, i6 34, i16 %x_41_val_read, i6 35, i16 %x_42_val_read, i6 36, i16 %x_43_val_read, i6 37, i16 %x_44_val_read, i6 38, i16 %x_45_val_read, i6 39, i16 %x_46_val_read, i6 40, i16 %x_47_val_read, i16 0, i6 %idx_read" [firmware/nnet_utils/nnet_common.h:44->firmware/nnet_utils/nnet_common.h:46->firmware/nnet_utils/nnet_common.h:46]   --->   Operation 70 'sparsemux' 'tmp_3' <Predicate = true> <Delay = 0.74> <CoreInst = "SparseMux">   --->   Core 147 'SparseMux' <Latency = 0> <II = 1> <Delay = 0.74> <FuncUnit> <Opcode : 'sparsemux'> <InPorts = 2> <OutPorts = 1>
ST_1 : Operation 71 [1/1] (0.78ns)   --->   "%icmp_ln66_4 = icmp_slt  i16 %tmp_2, i16 %tmp_3" [firmware/nnet_utils/nnet_common.h:66->firmware/nnet_utils/nnet_common.h:44->firmware/nnet_utils/nnet_common.h:46->firmware/nnet_utils/nnet_common.h:46]   --->   Operation 71 'icmp' 'icmp_ln66_4' <Predicate = true> <Delay = 0.78> <CoreInst = "Cmp">   --->   Core 9 'Cmp' <Latency = 0> <II = 1> <Delay = 0.78> <FuncUnit> <Opcode : 'icmp'> <InPorts = 2> <OutPorts = 1>
ST_1 : Operation 72 [1/1] (0.00ns) (grouped into LUT with out node select_ln66_4)   --->   "%xor_ln66_4 = xor i1 %icmp_ln66_4, i1 1" [firmware/nnet_utils/nnet_common.h:66->firmware/nnet_utils/nnet_common.h:44->firmware/nnet_utils/nnet_common.h:46->firmware/nnet_utils/nnet_common.h:46]   --->   Operation 72 'xor' 'xor_ln66_4' <Predicate = true> <Delay = 0.00> <CoreInst = "LogicGate">   --->   Core 74 'LogicGate' <Latency = 0> <II = 1> <Delay = 0.12> <FuncUnit> <Opcode : 'and' 'or' 'xor'> <InPorts = 2> <OutPorts = 1>
ST_1 : Operation 73 [1/1] (0.24ns) (out node of the LUT)   --->   "%select_ln66_4 = select i1 %xor_ln66_4, i16 %tmp_2, i16 %tmp_3" [firmware/nnet_utils/nnet_common.h:66->firmware/nnet_utils/nnet_common.h:44->firmware/nnet_utils/nnet_common.h:46->firmware/nnet_utils/nnet_common.h:46]   --->   Operation 73 'select' 'select_ln66_4' <Predicate = true> <Delay = 0.24> <CoreInst = "Sel">   --->   Core 73 'Sel' <Latency = 0> <II = 1> <Delay = 0.24> <FuncUnit> <Opcode : 'select'> <InPorts = 3> <OutPorts = 1>
ST_1 : Operation 74 [1/1] (0.78ns)   --->   "%icmp_ln66_5 = icmp_slt  i16 %select_ln66_3, i16 %select_ln66_4" [firmware/nnet_utils/nnet_common.h:66->firmware/nnet_utils/nnet_common.h:46->firmware/nnet_utils/nnet_common.h:46]   --->   Operation 74 'icmp' 'icmp_ln66_5' <Predicate = true> <Delay = 0.78> <CoreInst = "Cmp">   --->   Core 9 'Cmp' <Latency = 0> <II = 1> <Delay = 0.78> <FuncUnit> <Opcode : 'icmp'> <InPorts = 2> <OutPorts = 1>
ST_1 : Operation 75 [1/1] (0.00ns) (grouped into LUT with out node select_ln66_5)   --->   "%xor_ln66_5 = xor i1 %icmp_ln66_5, i1 1" [firmware/nnet_utils/nnet_common.h:66->firmware/nnet_utils/nnet_common.h:46->firmware/nnet_utils/nnet_common.h:46]   --->   Operation 75 'xor' 'xor_ln66_5' <Predicate = true> <Delay = 0.00> <CoreInst = "LogicGate">   --->   Core 74 'LogicGate' <Latency = 0> <II = 1> <Delay = 0.12> <FuncUnit> <Opcode : 'and' 'or' 'xor'> <InPorts = 2> <OutPorts = 1>
ST_1 : Operation 76 [1/1] (0.24ns) (out node of the LUT)   --->   "%select_ln66_5 = select i1 %xor_ln66_5, i16 %select_ln66_3, i16 %select_ln66_4" [firmware/nnet_utils/nnet_common.h:66->firmware/nnet_utils/nnet_common.h:46->firmware/nnet_utils/nnet_common.h:46]   --->   Operation 76 'select' 'select_ln66_5' <Predicate = true> <Delay = 0.24> <CoreInst = "Sel">   --->   Core 73 'Sel' <Latency = 0> <II = 1> <Delay = 0.24> <FuncUnit> <Opcode : 'select'> <InPorts = 3> <OutPorts = 1>
ST_1 : Operation 77 [1/1] (0.78ns)   --->   "%icmp_ln66_6 = icmp_slt  i16 %select_ln66_2, i16 %select_ln66_5" [firmware/nnet_utils/nnet_common.h:66->firmware/nnet_utils/nnet_common.h:46]   --->   Operation 77 'icmp' 'icmp_ln66_6' <Predicate = true> <Delay = 0.78> <CoreInst = "Cmp">   --->   Core 9 'Cmp' <Latency = 0> <II = 1> <Delay = 0.78> <FuncUnit> <Opcode : 'icmp'> <InPorts = 2> <OutPorts = 1>
ST_1 : Operation 78 [1/1] (0.00ns) (grouped into LUT with out node select_ln66_6)   --->   "%xor_ln66_6 = xor i1 %icmp_ln66_6, i1 1" [firmware/nnet_utils/nnet_common.h:66->firmware/nnet_utils/nnet_common.h:46]   --->   Operation 78 'xor' 'xor_ln66_6' <Predicate = true> <Delay = 0.00> <CoreInst = "LogicGate">   --->   Core 74 'LogicGate' <Latency = 0> <II = 1> <Delay = 0.12> <FuncUnit> <Opcode : 'and' 'or' 'xor'> <InPorts = 2> <OutPorts = 1>
ST_1 : Operation 79 [1/1] (0.24ns) (out node of the LUT)   --->   "%select_ln66_6 = select i1 %xor_ln66_6, i16 %select_ln66_2, i16 %select_ln66_5" [firmware/nnet_utils/nnet_common.h:66->firmware/nnet_utils/nnet_common.h:46]   --->   Operation 79 'select' 'select_ln66_6' <Predicate = true> <Delay = 0.24> <CoreInst = "Sel">   --->   Core 73 'Sel' <Latency = 0> <II = 1> <Delay = 0.24> <FuncUnit> <Opcode : 'select'> <InPorts = 3> <OutPorts = 1>
ST_1 : Operation 80 [1/1] (0.00ns)   --->   "%ret_ln46 = ret i16 %select_ln66_6" [firmware/nnet_utils/nnet_common.h:46]   --->   Operation 80 'ret' 'ret_ln46' <Predicate = true> <Delay = 0.00>


============================================================
+ Verbose Summary: Timing violations
============================================================
Target clock period: 5.000ns, clock uncertainty: 0.625ns.

 <State 1>: 3.832ns
The critical path consists of the following:
	wire read operation ('idx_read', firmware/nnet_utils/nnet_common.h:44->firmware/nnet_utils/nnet_common.h:46->firmware/nnet_utils/nnet_common.h:46) on port 'idx' (firmware/nnet_utils/nnet_common.h:44->firmware/nnet_utils/nnet_common.h:46->firmware/nnet_utils/nnet_common.h:46) [50]  (0.000 ns)
	'sparsemux' operation 16 bit ('tmp_8', firmware/nnet_utils/nnet_common.h:44->firmware/nnet_utils/nnet_common.h:46->firmware/nnet_utils/nnet_common.h:46) [105]  (0.748 ns)
	'icmp' operation 1 bit ('icmp_ln66_1', firmware/nnet_utils/nnet_common.h:66->firmware/nnet_utils/nnet_common.h:44->firmware/nnet_utils/nnet_common.h:46->firmware/nnet_utils/nnet_common.h:46) [106]  (0.785 ns)
	'xor' operation 1 bit ('xor_ln66_1', firmware/nnet_utils/nnet_common.h:66->firmware/nnet_utils/nnet_common.h:44->firmware/nnet_utils/nnet_common.h:46->firmware/nnet_utils/nnet_common.h:46) [107]  (0.000 ns)
	'select' operation 16 bit ('select_ln66_1', firmware/nnet_utils/nnet_common.h:66->firmware/nnet_utils/nnet_common.h:44->firmware/nnet_utils/nnet_common.h:46->firmware/nnet_utils/nnet_common.h:46) [108]  (0.243 ns)
	'icmp' operation 1 bit ('icmp_ln66_2', firmware/nnet_utils/nnet_common.h:66->firmware/nnet_utils/nnet_common.h:46->firmware/nnet_utils/nnet_common.h:46) [109]  (0.785 ns)
	'xor' operation 1 bit ('xor_ln66_2', firmware/nnet_utils/nnet_common.h:66->firmware/nnet_utils/nnet_common.h:46->firmware/nnet_utils/nnet_common.h:46) [110]  (0.000 ns)
	'select' operation 16 bit ('select_ln66_2', firmware/nnet_utils/nnet_common.h:66->firmware/nnet_utils/nnet_common.h:46->firmware/nnet_utils/nnet_common.h:46) [111]  (0.243 ns)
	'icmp' operation 1 bit ('icmp_ln66_6', firmware/nnet_utils/nnet_common.h:66->firmware/nnet_utils/nnet_common.h:46) [125]  (0.785 ns)
	'xor' operation 1 bit ('xor_ln66_6', firmware/nnet_utils/nnet_common.h:66->firmware/nnet_utils/nnet_common.h:46) [126]  (0.000 ns)
	'select' operation 16 bit ('select_ln66_6', firmware/nnet_utils/nnet_common.h:66->firmware/nnet_utils/nnet_common.h:46) [127]  (0.243 ns)


============================================================
+ Verbose Summary: Binding
============================================================
N/A
* FSMD analyzer results:
  - Output states:
 - Input state : 
  - Chain level:
	State 1


============================================================
+ Verbose Summary: Datapath Resource usage 
============================================================
N/A
