

================================================================
== Vitis HLS Report for 'dense_latency_ap_fixed_ap_fixed_16_6_5_3_0_config5_dense_qkv_2'
================================================================
* Date:           Tue Mar  4 14:24:48 2025

* Version:        2023.2 (Build 4023990 on Oct 11 2023)
* Project:        myproject_prj
* Solution:       solution1 (Vivado IP Flow Target)
* Product family: virtexuplus
* Target device:  xcvu13p-flga2577-2-e


================================================================
== Performance Estimates
================================================================
+ Timing: 
    * Summary: 
    +--------+---------+----------+------------+
    |  Clock |  Target | Estimated| Uncertainty|
    +--------+---------+----------+------------+
    |ap_clk  |  5.00 ns|  3.987 ns|     0.62 ns|
    +--------+---------+----------+------------+

+ Latency: 
    * Summary: 
    +---------+---------+----------+----------+-----+-----+---------+
    |  Latency (cycles) |  Latency (absolute) |  Interval | Pipeline|
    |   min   |   max   |    min   |    max   | min | max |   Type  |
    +---------+---------+----------+----------+-----+-----+---------+
    |        0|        0|      0 ns|      0 ns|    1|    1|      yes|
    +---------+---------+----------+----------+-----+-----+---------+

    + Detail: 
        * Instance: 
        N/A

        * Loop: 
        N/A



================================================================
== Utilization Estimates
================================================================
* Summary: 
+---------------------+---------+-------+---------+---------+------+
|         Name        | BRAM_18K|  DSP  |    FF   |   LUT   | URAM |
+---------------------+---------+-------+---------+---------+------+
|DSP                  |        -|      -|        -|        -|     -|
|Expression           |        -|      -|        0|      220|     -|
|FIFO                 |        -|      -|        -|        -|     -|
|Instance             |        -|     16|        0|      340|     -|
|Memory               |        -|      -|        -|        -|     -|
|Multiplexer          |        -|      -|        -|        -|     -|
|Register             |        -|      -|        -|        -|     -|
+---------------------+---------+-------+---------+---------+------+
|Total                |        0|     16|        0|      560|     0|
+---------------------+---------+-------+---------+---------+------+
|Available SLR        |     1344|   3072|   864000|   432000|   320|
+---------------------+---------+-------+---------+---------+------+
|Utilization SLR (%)  |        0|     ~0|        0|       ~0|     0|
+---------------------+---------+-------+---------+---------+------+
|Available            |     5376|  12288|  3456000|  1728000|  1280|
+---------------------+---------+-------+---------+---------+------+
|Utilization (%)      |        0|     ~0|        0|       ~0|     0|
+---------------------+---------+-------+---------+---------+------+

+ Detail: 
    * Instance: 
    +-----------------------------+-----------------------+---------+----+---+----+-----+
    |           Instance          |         Module        | BRAM_18K| DSP| FF| LUT| URAM|
    +-----------------------------+-----------------------+---------+----+---+----+-----+
    |mul_16s_16s_26_1_1_U4990     |mul_16s_16s_26_1_1     |        0|   1|  0|   5|    0|
    |mul_16s_16s_26_1_1_U4991     |mul_16s_16s_26_1_1     |        0|   1|  0|   5|    0|
    |mul_16s_16s_26_1_1_U4992     |mul_16s_16s_26_1_1     |        0|   1|  0|   5|    0|
    |mul_16s_16s_26_1_1_U4993     |mul_16s_16s_26_1_1     |        0|   1|  0|   5|    0|
    |mul_16s_16s_26_1_1_U4994     |mul_16s_16s_26_1_1     |        0|   1|  0|   5|    0|
    |mul_16s_16s_26_1_1_U4995     |mul_16s_16s_26_1_1     |        0|   1|  0|   5|    0|
    |mul_16s_16s_26_1_1_U4996     |mul_16s_16s_26_1_1     |        0|   1|  0|   5|    0|
    |mul_16s_16s_26_1_1_U4997     |mul_16s_16s_26_1_1     |        0|   1|  0|   5|    0|
    |mul_16s_16s_26_1_1_U4998     |mul_16s_16s_26_1_1     |        0|   1|  0|   5|    0|
    |mul_16s_16s_26_1_1_U4999     |mul_16s_16s_26_1_1     |        0|   1|  0|   5|    0|
    |mul_16s_16s_26_1_1_U5000     |mul_16s_16s_26_1_1     |        0|   1|  0|   5|    0|
    |mul_16s_16s_26_1_1_U5001     |mul_16s_16s_26_1_1     |        0|   1|  0|   5|    0|
    |mul_16s_16s_26_1_1_U5002     |mul_16s_16s_26_1_1     |        0|   1|  0|   5|    0|
    |mul_16s_16s_26_1_1_U5003     |mul_16s_16s_26_1_1     |        0|   1|  0|   5|    0|
    |mul_16s_16s_26_1_1_U5004     |mul_16s_16s_26_1_1     |        0|   1|  0|   5|    0|
    |mul_16s_16s_26_1_1_U5005     |mul_16s_16s_26_1_1     |        0|   1|  0|   5|    0|
    |sparsemux_27_5_16_1_1_U5006  |sparsemux_27_5_16_1_1  |        0|   0|  0|  65|    0|
    |sparsemux_27_5_16_1_1_U5007  |sparsemux_27_5_16_1_1  |        0|   0|  0|  65|    0|
    |sparsemux_27_5_16_1_1_U5008  |sparsemux_27_5_16_1_1  |        0|   0|  0|  65|    0|
    |sparsemux_27_5_16_1_1_U5009  |sparsemux_27_5_16_1_1  |        0|   0|  0|  65|    0|
    +-----------------------------+-----------------------+---------+----+---+----+-----+
    |Total                        |                       |        0|  16|  0| 340|    0|
    +-----------------------------+-----------------------+---------+----+---+----+-----+

    * DSP: 
    N/A

    * Memory: 
    N/A

    * FIFO: 
    N/A

    * Expression: 
    +------------------------+----------+----+---+----+------------+------------+
    |      Variable Name     | Operation| DSP| FF| LUT| Bitwidth P0| Bitwidth P1|
    +------------------------+----------+----+---+----+------------+------------+
    |add_ln58_23_fu_1719_p2  |         +|   0|  0|  23|          16|          16|
    |add_ln58_24_fu_1725_p2  |         +|   0|  0|  16|          16|          16|
    |add_ln58_25_fu_1731_p2  |         +|   0|  0|  16|          16|          16|
    |add_ln58_26_fu_1737_p2  |         +|   0|  0|  23|          16|          16|
    |add_ln58_27_fu_1743_p2  |         +|   0|  0|  16|          16|          16|
    |add_ln58_28_fu_1749_p2  |         +|   0|  0|  16|          16|          16|
    |add_ln58_29_fu_1755_p2  |         +|   0|  0|  23|          16|          16|
    |add_ln58_30_fu_1761_p2  |         +|   0|  0|  16|          16|          16|
    |add_ln58_31_fu_1767_p2  |         +|   0|  0|  16|          16|          16|
    |add_ln58_32_fu_1773_p2  |         +|   0|  0|  23|          16|          16|
    |add_ln58_33_fu_1779_p2  |         +|   0|  0|  16|          16|          16|
    |add_ln58_fu_1713_p2     |         +|   0|  0|  16|          16|          16|
    +------------------------+----------+----+---+----+------------+------------+
    |Total                   |          |   0|  0| 220|         192|         192|
    +------------------------+----------+----+---+----+------------+------------+

    * Multiplexer: 
    N/A

    * Register: 
    N/A



================================================================
== Interface
================================================================
* Summary: 
+-----------------+-----+-----+------------+------------------------------------------------------------------+--------------+
|    RTL Ports    | Dir | Bits|  Protocol  |                           Source Object                          |    C Type    |
+-----------------+-----+-----+------------+------------------------------------------------------------------+--------------+
|ap_ready         |  out|    1|  ap_ctrl_hs|  dense_latency<ap_fixed,ap_fixed<16,6,5,3,0>,config5_dense_qkv>.2|  return value|
|ap_return_0      |  out|   16|  ap_ctrl_hs|  dense_latency<ap_fixed,ap_fixed<16,6,5,3,0>,config5_dense_qkv>.2|  return value|
|ap_return_1      |  out|   16|  ap_ctrl_hs|  dense_latency<ap_fixed,ap_fixed<16,6,5,3,0>,config5_dense_qkv>.2|  return value|
|ap_return_2      |  out|   16|  ap_ctrl_hs|  dense_latency<ap_fixed,ap_fixed<16,6,5,3,0>,config5_dense_qkv>.2|  return value|
|ap_return_3      |  out|   16|  ap_ctrl_hs|  dense_latency<ap_fixed,ap_fixed<16,6,5,3,0>,config5_dense_qkv>.2|  return value|
|data_112_val     |   in|   16|     ap_none|                                                      data_112_val|        scalar|
|data_113_val     |   in|   16|     ap_none|                                                      data_113_val|        scalar|
|data_114_val     |   in|   16|     ap_none|                                                      data_114_val|        scalar|
|data_115_val     |   in|   16|     ap_none|                                                      data_115_val|        scalar|
|data_116_val     |   in|   16|     ap_none|                                                      data_116_val|        scalar|
|data_117_val     |   in|   16|     ap_none|                                                      data_117_val|        scalar|
|data_118_val     |   in|   16|     ap_none|                                                      data_118_val|        scalar|
|data_119_val     |   in|   16|     ap_none|                                                      data_119_val|        scalar|
|data_120_val     |   in|   16|     ap_none|                                                      data_120_val|        scalar|
|data_121_val     |   in|   16|     ap_none|                                                      data_121_val|        scalar|
|data_122_val     |   in|   16|     ap_none|                                                      data_122_val|        scalar|
|data_123_val     |   in|   16|     ap_none|                                                      data_123_val|        scalar|
|data_124_val     |   in|   16|     ap_none|                                                      data_124_val|        scalar|
|data_125_val     |   in|   16|     ap_none|                                                      data_125_val|        scalar|
|data_126_val     |   in|   16|     ap_none|                                                      data_126_val|        scalar|
|data_127_val     |   in|   16|     ap_none|                                                      data_127_val|        scalar|
|weights_112_val  |   in|   16|     ap_none|                                                   weights_112_val|        scalar|
|weights_113_val  |   in|   16|     ap_none|                                                   weights_113_val|        scalar|
|weights_114_val  |   in|   16|     ap_none|                                                   weights_114_val|        scalar|
|weights_115_val  |   in|   16|     ap_none|                                                   weights_115_val|        scalar|
|weights_116_val  |   in|   16|     ap_none|                                                   weights_116_val|        scalar|
|weights_117_val  |   in|   16|     ap_none|                                                   weights_117_val|        scalar|
|weights_118_val  |   in|   16|     ap_none|                                                   weights_118_val|        scalar|
|weights_119_val  |   in|   16|     ap_none|                                                   weights_119_val|        scalar|
|weights_120_val  |   in|   16|     ap_none|                                                   weights_120_val|        scalar|
|weights_121_val  |   in|   16|     ap_none|                                                   weights_121_val|        scalar|
|weights_122_val  |   in|   16|     ap_none|                                                   weights_122_val|        scalar|
|weights_123_val  |   in|   16|     ap_none|                                                   weights_123_val|        scalar|
|weights_124_val  |   in|   16|     ap_none|                                                   weights_124_val|        scalar|
|weights_125_val  |   in|   16|     ap_none|                                                   weights_125_val|        scalar|
|weights_126_val  |   in|   16|     ap_none|                                                   weights_126_val|        scalar|
|weights_127_val  |   in|   16|     ap_none|                                                   weights_127_val|        scalar|
|idx              |   in|    5|     ap_none|                                                               idx|        scalar|
+-----------------+-----+-----+------------+------------------------------------------------------------------+--------------+

