

================================================================
== Vitis HLS Report for 'dense_latency_ap_fixed_ap_fixed_16_6_5_3_0_config5_dense_alpha_s'
================================================================
* Date:           Tue Mar  4 14:24:05 2025

* Version:        2023.2 (Build 4023990 on Oct 11 2023)
* Project:        myproject_prj
* Solution:       solution1 (Vivado IP Flow Target)
* Product family: virtexuplus
* Target device:  xcvu13p-flga2577-2-e


================================================================
== Performance Estimates
================================================================
+ Timing: 
    * Summary: 
    +--------+---------+----------+------------+
    |  Clock |  Target | Estimated| Uncertainty|
    +--------+---------+----------+------------+
    |ap_clk  |  5.00 ns|  4.238 ns|     0.62 ns|
    +--------+---------+----------+------------+

+ Latency: 
    * Summary: 
    +---------+---------+----------+----------+-----+-----+---------+
    |  Latency (cycles) |  Latency (absolute) |  Interval | Pipeline|
    |   min   |   max   |    min   |    max   | min | max |   Type  |
    +---------+---------+----------+----------+-----+-----+---------+
    |        1|        1|  5.000 ns|  5.000 ns|    1|    1|      yes|
    +---------+---------+----------+----------+-----+-----+---------+

    + Detail: 
        * Instance: 
        N/A

        * Loop: 
        N/A



================================================================
== Utilization Estimates
================================================================
* Summary: 
+---------------------+---------+-------+---------+---------+------+
|         Name        | BRAM_18K|  DSP  |    FF   |   LUT   | URAM |
+---------------------+---------+-------+---------+---------+------+
|DSP                  |        -|      -|        -|        -|     -|
|Expression           |        -|      -|        0|      258|     -|
|FIFO                 |        -|      -|        -|        -|     -|
|Instance             |        -|     10|        0|     1184|     -|
|Memory               |        -|      -|        -|        -|     -|
|Multiplexer          |        -|      -|        -|       28|     -|
|Register             |        -|      -|       97|        -|     -|
+---------------------+---------+-------+---------+---------+------+
|Total                |        0|     10|       97|     1470|     0|
+---------------------+---------+-------+---------+---------+------+
|Available SLR        |     1344|   3072|   864000|   432000|   320|
+---------------------+---------+-------+---------+---------+------+
|Utilization SLR (%)  |        0|     ~0|       ~0|       ~0|     0|
+---------------------+---------+-------+---------+---------+------+
|Available            |     5376|  12288|  3456000|  1728000|  1280|
+---------------------+---------+-------+---------+---------+------+
|Utilization (%)      |        0|     ~0|       ~0|       ~0|     0|
+---------------------+---------+-------+---------+---------+------+

+ Detail: 
    * Instance: 
    +----------------------------+-----------------------+---------+----+---+-----+-----+
    |          Instance          |         Module        | BRAM_18K| DSP| FF| LUT | URAM|
    +----------------------------+-----------------------+---------+----+---+-----+-----+
    |mul_16s_10ns_26_1_1_U148    |mul_16s_10ns_26_1_1    |        0|   1|  0|    5|    0|
    |mul_16s_11ns_26_1_1_U144    |mul_16s_11ns_26_1_1    |        0|   1|  0|    5|    0|
    |mul_16s_11s_26_1_0_U143     |mul_16s_11s_26_1_0     |        0|   1|  0|    5|    0|
    |mul_16s_12ns_26_1_1_U147    |mul_16s_12ns_26_1_1    |        0|   1|  0|    5|    0|
    |mul_16s_12s_26_1_1_U142     |mul_16s_12s_26_1_1     |        0|   1|  0|    5|    0|
    |mul_16s_12s_26_1_1_U145     |mul_16s_12s_26_1_1     |        0|   1|  0|    5|    0|
    |mul_16s_12s_26_1_1_U149     |mul_16s_12s_26_1_1     |        0|   1|  0|    5|    0|
    |mul_16s_13ns_26_1_0_U146    |mul_16s_13ns_26_1_0    |        0|   1|  0|    5|    0|
    |mul_16s_8ns_24_1_1_U150     |mul_16s_8ns_24_1_1     |        0|   1|  0|    5|    0|
    |mul_16s_9s_25_1_0_U151      |mul_16s_9s_25_1_0      |        0|   1|  0|    5|    0|
    |sparsemux_87_8_16_1_0_U152  |sparsemux_87_8_16_1_0  |        0|   0|  0|  189|    0|
    |sparsemux_87_8_16_1_0_U153  |sparsemux_87_8_16_1_0  |        0|   0|  0|  189|    0|
    |sparsemux_87_8_16_1_0_U154  |sparsemux_87_8_16_1_0  |        0|   0|  0|  189|    0|
    |sparsemux_87_8_16_1_0_U155  |sparsemux_87_8_16_1_0  |        0|   0|  0|  189|    0|
    |sparsemux_87_8_16_1_0_U156  |sparsemux_87_8_16_1_0  |        0|   0|  0|  189|    0|
    |sparsemux_87_8_16_1_0_U157  |sparsemux_87_8_16_1_0  |        0|   0|  0|  189|    0|
    +----------------------------+-----------------------+---------+----+---+-----+-----+
    |Total                       |                       |        0|  10|  0| 1184|    0|
    +----------------------------+-----------------------+---------+----+---+-----+-----+

    * DSP: 
    N/A

    * Memory: 
    N/A

    * FIFO: 
    N/A

    * Expression: 
    +-------------------------+----------+----+---+----+------------+------------+
    |      Variable Name      | Operation| DSP| FF| LUT| Bitwidth P0| Bitwidth P1|
    +-------------------------+----------+----+---+----+------------+------------+
    |add_ln58_100_fu_2408_p2  |         +|   0|  0|  23|          16|          16|
    |add_ln58_101_fu_2444_p2  |         +|   0|  0|  16|          16|          16|
    |add_ln58_102_fu_2414_p2  |         +|   0|  0|  22|          15|          15|
    |add_ln58_103_fu_2424_p2  |         +|   0|  0|  23|          16|          16|
    |add_ln58_104_fu_2449_p2  |         +|   0|  0|  16|          16|          16|
    |add_ln58_96_fu_2384_p2   |         +|   0|  0|  16|          16|          16|
    |add_ln58_97_fu_2390_p2   |         +|   0|  0|  16|          16|          16|
    |add_ln58_98_fu_2396_p2   |         +|   0|  0|  16|          16|          16|
    |add_ln58_99_fu_2402_p2   |         +|   0|  0|  16|          16|          16|
    |add_ln58_fu_2378_p2      |         +|   0|  0|  23|          16|          16|
    |add_ln73_fu_1499_p2      |         +|   0|  0|  33|          26|          26|
    |sub_ln73_1_fu_2358_p2    |         -|   0|  0|  19|          19|          19|
    |sub_ln73_fu_2352_p2      |         -|   0|  0|  19|           1|          19|
    +-------------------------+----------+----+---+----+------------+------------+
    |Total                    |          |   0|  0| 258|         205|         223|
    +-------------------------+----------+----+---+----+------------+------------+

    * Multiplexer: 
    +-------------+----+-----------+-----+-----------+
    |     Name    | LUT| Input Size| Bits| Total Bits|
    +-------------+----+-----------+-----+-----------+
    |ap_return_0  |  14|          3|   16|         48|
    |ap_return_1  |  14|          3|   16|         48|
    +-------------+----+-----------+-----+-----------+
    |Total        |  28|          6|   32|         96|
    +-------------+----+-----------+-----+-----------+

    * Register: 
    +-----------------------+----+----+-----+-----------+
    |          Name         | FF | LUT| Bits| Const Bits|
    +-----------------------+----+----+-----+-----------+
    |a_38_reg_2465          |  16|   0|   16|          0|
    |add_ln58_100_reg_2475  |  16|   0|   16|          0|
    |add_ln58_103_reg_2480  |  16|   0|   16|          0|
    |add_ln58_99_reg_2470   |  16|   0|   16|          0|
    |ap_ce_reg              |   1|   0|    1|          0|
    |ap_return_0_int_reg    |  16|   0|   16|          0|
    |ap_return_1_int_reg    |  16|   0|   16|          0|
    +-----------------------+----+----+-----+-----------+
    |Total                  |  97|   0|   97|          0|
    +-----------------------+----+----+-----+-----------+



================================================================
== Interface
================================================================
* Summary: 
+--------------+-----+-----+------------+------------------------------------------------------------------+--------------+
|   RTL Ports  | Dir | Bits|  Protocol  |                           Source Object                          |    C Type    |
+--------------+-----+-----+------------+------------------------------------------------------------------+--------------+
|ap_clk        |   in|    1|  ap_ctrl_hs|  dense_latency<ap_fixed,ap_fixed<16,6,5,3,0>,config5_dense_alpha>|  return value|
|ap_rst        |   in|    1|  ap_ctrl_hs|  dense_latency<ap_fixed,ap_fixed<16,6,5,3,0>,config5_dense_alpha>|  return value|
|ap_return_0   |  out|   16|  ap_ctrl_hs|  dense_latency<ap_fixed,ap_fixed<16,6,5,3,0>,config5_dense_alpha>|  return value|
|ap_return_1   |  out|   16|  ap_ctrl_hs|  dense_latency<ap_fixed,ap_fixed<16,6,5,3,0>,config5_dense_alpha>|  return value|
|ap_ce         |   in|    1|  ap_ctrl_hs|  dense_latency<ap_fixed,ap_fixed<16,6,5,3,0>,config5_dense_alpha>|  return value|
|data_96_val   |   in|   16|     ap_none|                                                       data_96_val|        scalar|
|data_97_val   |   in|   16|     ap_none|                                                       data_97_val|        scalar|
|data_98_val   |   in|   16|     ap_none|                                                       data_98_val|        scalar|
|data_99_val   |   in|   16|     ap_none|                                                       data_99_val|        scalar|
|data_100_val  |   in|   16|     ap_none|                                                      data_100_val|        scalar|
|data_101_val  |   in|   16|     ap_none|                                                      data_101_val|        scalar|
|data_102_val  |   in|   16|     ap_none|                                                      data_102_val|        scalar|
|data_103_val  |   in|   16|     ap_none|                                                      data_103_val|        scalar|
|data_104_val  |   in|   16|     ap_none|                                                      data_104_val|        scalar|
|data_105_val  |   in|   16|     ap_none|                                                      data_105_val|        scalar|
|data_106_val  |   in|   16|     ap_none|                                                      data_106_val|        scalar|
|data_107_val  |   in|   16|     ap_none|                                                      data_107_val|        scalar|
|data_108_val  |   in|   16|     ap_none|                                                      data_108_val|        scalar|
|data_109_val  |   in|   16|     ap_none|                                                      data_109_val|        scalar|
|data_110_val  |   in|   16|     ap_none|                                                      data_110_val|        scalar|
|data_111_val  |   in|   16|     ap_none|                                                      data_111_val|        scalar|
|data_112_val  |   in|   16|     ap_none|                                                      data_112_val|        scalar|
|data_113_val  |   in|   16|     ap_none|                                                      data_113_val|        scalar|
|data_114_val  |   in|   16|     ap_none|                                                      data_114_val|        scalar|
|data_115_val  |   in|   16|     ap_none|                                                      data_115_val|        scalar|
|data_116_val  |   in|   16|     ap_none|                                                      data_116_val|        scalar|
|data_117_val  |   in|   16|     ap_none|                                                      data_117_val|        scalar|
|data_118_val  |   in|   16|     ap_none|                                                      data_118_val|        scalar|
|data_119_val  |   in|   16|     ap_none|                                                      data_119_val|        scalar|
|data_120_val  |   in|   16|     ap_none|                                                      data_120_val|        scalar|
|data_121_val  |   in|   16|     ap_none|                                                      data_121_val|        scalar|
|data_122_val  |   in|   16|     ap_none|                                                      data_122_val|        scalar|
|data_123_val  |   in|   16|     ap_none|                                                      data_123_val|        scalar|
|data_124_val  |   in|   16|     ap_none|                                                      data_124_val|        scalar|
|data_125_val  |   in|   16|     ap_none|                                                      data_125_val|        scalar|
|data_126_val  |   in|   16|     ap_none|                                                      data_126_val|        scalar|
|data_127_val  |   in|   16|     ap_none|                                                      data_127_val|        scalar|
|data_128_val  |   in|   16|     ap_none|                                                      data_128_val|        scalar|
|data_129_val  |   in|   16|     ap_none|                                                      data_129_val|        scalar|
|data_130_val  |   in|   16|     ap_none|                                                      data_130_val|        scalar|
|data_131_val  |   in|   16|     ap_none|                                                      data_131_val|        scalar|
|data_132_val  |   in|   16|     ap_none|                                                      data_132_val|        scalar|
|data_133_val  |   in|   16|     ap_none|                                                      data_133_val|        scalar|
|data_134_val  |   in|   16|     ap_none|                                                      data_134_val|        scalar|
|data_135_val  |   in|   16|     ap_none|                                                      data_135_val|        scalar|
|data_136_val  |   in|   16|     ap_none|                                                      data_136_val|        scalar|
|data_137_val  |   in|   16|     ap_none|                                                      data_137_val|        scalar|
|data_138_val  |   in|   16|     ap_none|                                                      data_138_val|        scalar|
|data_139_val  |   in|   16|     ap_none|                                                      data_139_val|        scalar|
|data_140_val  |   in|   16|     ap_none|                                                      data_140_val|        scalar|
|data_141_val  |   in|   16|     ap_none|                                                      data_141_val|        scalar|
|data_142_val  |   in|   16|     ap_none|                                                      data_142_val|        scalar|
|data_143_val  |   in|   16|     ap_none|                                                      data_143_val|        scalar|
|idx           |   in|    8|     ap_none|                                                               idx|        scalar|
+--------------+-----+-----+------------+------------------------------------------------------------------+--------------+

