

================================================================
== Vitis HLS Report for 'dense_latency_ap_fixed_ap_fixed_16_6_5_3_0_config5_dense_qkv_4'
================================================================
* Date:           Tue Mar  4 14:24:47 2025

* Version:        2023.2 (Build 4023990 on Oct 11 2023)
* Project:        myproject_prj
* Solution:       solution1 (Vivado IP Flow Target)
* Product family: virtexuplus
* Target device:  xcvu13p-flga2577-2-e


================================================================
== Performance Estimates
================================================================
+ Timing: 
    * Summary: 
    +--------+---------+----------+------------+
    |  Clock |  Target | Estimated| Uncertainty|
    +--------+---------+----------+------------+
    |ap_clk  |  5.00 ns|  3.987 ns|     0.62 ns|
    +--------+---------+----------+------------+

+ Latency: 
    * Summary: 
    +---------+---------+----------+----------+-----+-----+---------+
    |  Latency (cycles) |  Latency (absolute) |  Interval | Pipeline|
    |   min   |   max   |    min   |    max   | min | max |   Type  |
    +---------+---------+----------+----------+-----+-----+---------+
    |        0|        0|      0 ns|      0 ns|    1|    1|      yes|
    +---------+---------+----------+----------+-----+-----+---------+

    + Detail: 
        * Instance: 
        N/A

        * Loop: 
        N/A



================================================================
== Utilization Estimates
================================================================
* Summary: 
+---------------------+---------+-------+---------+---------+------+
|         Name        | BRAM_18K|  DSP  |    FF   |   LUT   | URAM |
+---------------------+---------+-------+---------+---------+------+
|DSP                  |        -|      -|        -|        -|     -|
|Expression           |        -|      -|        0|      220|     -|
|FIFO                 |        -|      -|        -|        -|     -|
|Instance             |        -|     16|        0|      340|     -|
|Memory               |        -|      -|        -|        -|     -|
|Multiplexer          |        -|      -|        -|        -|     -|
|Register             |        -|      -|        -|        -|     -|
+---------------------+---------+-------+---------+---------+------+
|Total                |        0|     16|        0|      560|     0|
+---------------------+---------+-------+---------+---------+------+
|Available SLR        |     1344|   3072|   864000|   432000|   320|
+---------------------+---------+-------+---------+---------+------+
|Utilization SLR (%)  |        0|     ~0|        0|       ~0|     0|
+---------------------+---------+-------+---------+---------+------+
|Available            |     5376|  12288|  3456000|  1728000|  1280|
+---------------------+---------+-------+---------+---------+------+
|Utilization (%)      |        0|     ~0|        0|       ~0|     0|
+---------------------+---------+-------+---------+---------+------+

+ Detail: 
    * Instance: 
    +-----------------------------+-----------------------+---------+----+---+----+-----+
    |           Instance          |         Module        | BRAM_18K| DSP| FF| LUT| URAM|
    +-----------------------------+-----------------------+---------+----+---+----+-----+
    |mul_16s_16s_26_1_1_U4884     |mul_16s_16s_26_1_1     |        0|   1|  0|   5|    0|
    |mul_16s_16s_26_1_1_U4885     |mul_16s_16s_26_1_1     |        0|   1|  0|   5|    0|
    |mul_16s_16s_26_1_1_U4886     |mul_16s_16s_26_1_1     |        0|   1|  0|   5|    0|
    |mul_16s_16s_26_1_1_U4887     |mul_16s_16s_26_1_1     |        0|   1|  0|   5|    0|
    |mul_16s_16s_26_1_1_U4888     |mul_16s_16s_26_1_1     |        0|   1|  0|   5|    0|
    |mul_16s_16s_26_1_1_U4889     |mul_16s_16s_26_1_1     |        0|   1|  0|   5|    0|
    |mul_16s_16s_26_1_1_U4890     |mul_16s_16s_26_1_1     |        0|   1|  0|   5|    0|
    |mul_16s_16s_26_1_1_U4891     |mul_16s_16s_26_1_1     |        0|   1|  0|   5|    0|
    |mul_16s_16s_26_1_1_U4892     |mul_16s_16s_26_1_1     |        0|   1|  0|   5|    0|
    |mul_16s_16s_26_1_1_U4893     |mul_16s_16s_26_1_1     |        0|   1|  0|   5|    0|
    |mul_16s_16s_26_1_1_U4894     |mul_16s_16s_26_1_1     |        0|   1|  0|   5|    0|
    |mul_16s_16s_26_1_1_U4895     |mul_16s_16s_26_1_1     |        0|   1|  0|   5|    0|
    |mul_16s_16s_26_1_1_U4896     |mul_16s_16s_26_1_1     |        0|   1|  0|   5|    0|
    |mul_16s_16s_26_1_1_U4897     |mul_16s_16s_26_1_1     |        0|   1|  0|   5|    0|
    |mul_16s_16s_26_1_1_U4898     |mul_16s_16s_26_1_1     |        0|   1|  0|   5|    0|
    |mul_16s_16s_26_1_1_U4899     |mul_16s_16s_26_1_1     |        0|   1|  0|   5|    0|
    |sparsemux_27_7_16_1_1_U4900  |sparsemux_27_7_16_1_1  |        0|   0|  0|  65|    0|
    |sparsemux_27_7_16_1_1_U4901  |sparsemux_27_7_16_1_1  |        0|   0|  0|  65|    0|
    |sparsemux_27_7_16_1_1_U4902  |sparsemux_27_7_16_1_1  |        0|   0|  0|  65|    0|
    |sparsemux_27_7_16_1_1_U4903  |sparsemux_27_7_16_1_1  |        0|   0|  0|  65|    0|
    +-----------------------------+-----------------------+---------+----+---+----+-----+
    |Total                        |                       |        0|  16|  0| 340|    0|
    +-----------------------------+-----------------------+---------+----+---+----+-----+

    * DSP: 
    N/A

    * Memory: 
    N/A

    * FIFO: 
    N/A

    * Expression: 
    +------------------------+----------+----+---+----+------------+------------+
    |      Variable Name     | Operation| DSP| FF| LUT| Bitwidth P0| Bitwidth P1|
    +------------------------+----------+----+---+----+------------+------------+
    |add_ln58_45_fu_1719_p2  |         +|   0|  0|  23|          16|          16|
    |add_ln58_46_fu_1725_p2  |         +|   0|  0|  16|          16|          16|
    |add_ln58_47_fu_1731_p2  |         +|   0|  0|  16|          16|          16|
    |add_ln58_48_fu_1737_p2  |         +|   0|  0|  23|          16|          16|
    |add_ln58_49_fu_1743_p2  |         +|   0|  0|  16|          16|          16|
    |add_ln58_50_fu_1749_p2  |         +|   0|  0|  16|          16|          16|
    |add_ln58_51_fu_1755_p2  |         +|   0|  0|  23|          16|          16|
    |add_ln58_52_fu_1761_p2  |         +|   0|  0|  16|          16|          16|
    |add_ln58_53_fu_1767_p2  |         +|   0|  0|  16|          16|          16|
    |add_ln58_54_fu_1773_p2  |         +|   0|  0|  23|          16|          16|
    |add_ln58_55_fu_1779_p2  |         +|   0|  0|  16|          16|          16|
    |add_ln58_fu_1713_p2     |         +|   0|  0|  16|          16|          16|
    +------------------------+----------+----+---+----+------------+------------+
    |Total                   |          |   0|  0| 220|         192|         192|
    +------------------------+----------+----+---+----+------------+------------+

    * Multiplexer: 
    N/A

    * Register: 
    N/A



================================================================
== Interface
================================================================
* Summary: 
+----------------+-----+-----+------------+------------------------------------------------------------------+--------------+
|    RTL Ports   | Dir | Bits|  Protocol  |                           Source Object                          |    C Type    |
+----------------+-----+-----+------------+------------------------------------------------------------------+--------------+
|ap_ready        |  out|    1|  ap_ctrl_hs|  dense_latency<ap_fixed,ap_fixed<16,6,5,3,0>,config5_dense_qkv>.4|  return value|
|ap_return_0     |  out|   16|  ap_ctrl_hs|  dense_latency<ap_fixed,ap_fixed<16,6,5,3,0>,config5_dense_qkv>.4|  return value|
|ap_return_1     |  out|   16|  ap_ctrl_hs|  dense_latency<ap_fixed,ap_fixed<16,6,5,3,0>,config5_dense_qkv>.4|  return value|
|ap_return_2     |  out|   16|  ap_ctrl_hs|  dense_latency<ap_fixed,ap_fixed<16,6,5,3,0>,config5_dense_qkv>.4|  return value|
|ap_return_3     |  out|   16|  ap_ctrl_hs|  dense_latency<ap_fixed,ap_fixed<16,6,5,3,0>,config5_dense_qkv>.4|  return value|
|data_80_val     |   in|   16|     ap_none|                                                       data_80_val|        scalar|
|data_81_val     |   in|   16|     ap_none|                                                       data_81_val|        scalar|
|data_82_val     |   in|   16|     ap_none|                                                       data_82_val|        scalar|
|data_83_val     |   in|   16|     ap_none|                                                       data_83_val|        scalar|
|data_84_val     |   in|   16|     ap_none|                                                       data_84_val|        scalar|
|data_85_val     |   in|   16|     ap_none|                                                       data_85_val|        scalar|
|data_86_val     |   in|   16|     ap_none|                                                       data_86_val|        scalar|
|data_87_val     |   in|   16|     ap_none|                                                       data_87_val|        scalar|
|data_88_val     |   in|   16|     ap_none|                                                       data_88_val|        scalar|
|data_89_val     |   in|   16|     ap_none|                                                       data_89_val|        scalar|
|data_90_val     |   in|   16|     ap_none|                                                       data_90_val|        scalar|
|data_91_val     |   in|   16|     ap_none|                                                       data_91_val|        scalar|
|data_92_val     |   in|   16|     ap_none|                                                       data_92_val|        scalar|
|data_93_val     |   in|   16|     ap_none|                                                       data_93_val|        scalar|
|data_94_val     |   in|   16|     ap_none|                                                       data_94_val|        scalar|
|data_95_val     |   in|   16|     ap_none|                                                       data_95_val|        scalar|
|weights_80_val  |   in|   16|     ap_none|                                                    weights_80_val|        scalar|
|weights_81_val  |   in|   16|     ap_none|                                                    weights_81_val|        scalar|
|weights_82_val  |   in|   16|     ap_none|                                                    weights_82_val|        scalar|
|weights_83_val  |   in|   16|     ap_none|                                                    weights_83_val|        scalar|
|weights_84_val  |   in|   16|     ap_none|                                                    weights_84_val|        scalar|
|weights_85_val  |   in|   16|     ap_none|                                                    weights_85_val|        scalar|
|weights_86_val  |   in|   16|     ap_none|                                                    weights_86_val|        scalar|
|weights_87_val  |   in|   16|     ap_none|                                                    weights_87_val|        scalar|
|weights_88_val  |   in|   16|     ap_none|                                                    weights_88_val|        scalar|
|weights_89_val  |   in|   16|     ap_none|                                                    weights_89_val|        scalar|
|weights_90_val  |   in|   16|     ap_none|                                                    weights_90_val|        scalar|
|weights_91_val  |   in|   16|     ap_none|                                                    weights_91_val|        scalar|
|weights_92_val  |   in|   16|     ap_none|                                                    weights_92_val|        scalar|
|weights_93_val  |   in|   16|     ap_none|                                                    weights_93_val|        scalar|
|weights_94_val  |   in|   16|     ap_none|                                                    weights_94_val|        scalar|
|weights_95_val  |   in|   16|     ap_none|                                                    weights_95_val|        scalar|
|idx             |   in|    7|     ap_none|                                                               idx|        scalar|
+----------------+-----+-----+------------+------------------------------------------------------------------+--------------+

