

================================================================
== Vitis HLS Report for 'merge_sort_ap_fixed_16_6_5_3_0_config5_Pipeline_VITIS_LOOP_157_416'
================================================================
* Date:           Tue Mar  4 14:24:10 2025

* Version:        2023.2 (Build 4023990 on Oct 11 2023)
* Project:        myproject_prj
* Solution:       solution1 (Vivado IP Flow Target)
* Product family: virtexuplus
* Target device:  xcvu13p-flga2577-2-e


================================================================
== Performance Estimates
================================================================
+ Timing: 
    * Summary: 
    +--------+---------+----------+------------+
    |  Clock |  Target | Estimated| Uncertainty|
    +--------+---------+----------+------------+
    |ap_clk  |  5.00 ns|  1.267 ns|     0.62 ns|
    +--------+---------+----------+------------+

+ Latency: 
    * Summary: 
    +---------+---------+----------+----------+-----+-----+---------+
    |  Latency (cycles) |  Latency (absolute) |  Interval | Pipeline|
    |   min   |   max   |    min   |    max   | min | max |   Type  |
    +---------+---------+----------+----------+-----+-----+---------+
    |        ?|        ?|         ?|         ?|    ?|    ?|       no|
    +---------+---------+----------+----------+-----+-----+---------+

    + Detail: 
        * Instance: 
        N/A

        * Loop: 
        +--------------------+---------+---------+----------+-----------+-----------+------+----------+
        |                    |  Latency (cycles) | Iteration|  Initiation Interval  | Trip |          |
        |      Loop Name     |   min   |   max   |  Latency |  achieved |   target  | Count| Pipelined|
        +--------------------+---------+---------+----------+-----------+-----------+------+----------+
        |- VITIS_LOOP_157_4  |        ?|        ?|         1|          1|          1|     ?|       yes|
        +--------------------+---------+---------+----------+-----------+-----------+------+----------+



================================================================
== Utilization Estimates
================================================================
* Summary: 
+---------------------+---------+-------+---------+---------+------+
|         Name        | BRAM_18K|  DSP  |    FF   |   LUT   | URAM |
+---------------------+---------+-------+---------+---------+------+
|DSP                  |        -|      -|        -|        -|     -|
|Expression           |        -|      -|        0|       67|     -|
|FIFO                 |        -|      -|        -|        -|     -|
|Instance             |        -|      -|        0|       20|     -|
|Memory               |        -|      -|        -|        -|     -|
|Multiplexer          |        -|      -|        -|      108|     -|
|Register             |        -|      -|      294|        -|     -|
+---------------------+---------+-------+---------+---------+------+
|Total                |        0|      0|      294|      195|     0|
+---------------------+---------+-------+---------+---------+------+
|Available SLR        |     1344|   3072|   864000|   432000|   320|
+---------------------+---------+-------+---------+---------+------+
|Utilization SLR (%)  |        0|      0|       ~0|       ~0|     0|
+---------------------+---------+-------+---------+---------+------+
|Available            |     5376|  12288|  3456000|  1728000|  1280|
+---------------------+---------+-------+---------+---------+------+
|Utilization (%)      |        0|      0|       ~0|       ~0|     0|
+---------------------+---------+-------+---------+---------+------+

+ Detail: 
    * Instance: 
    +----------------------------+----------------------+---------+----+---+----+-----+
    |          Instance          |        Module        | BRAM_18K| DSP| FF| LUT| URAM|
    +----------------------------+----------------------+---------+----+---+----+-----+
    |sparsemux_9_2_32_1_1_U1519  |sparsemux_9_2_32_1_1  |        0|   0|  0|  20|    0|
    +----------------------------+----------------------+---------+----+---+----+-----+
    |Total                       |                      |        0|   0|  0|  20|    0|
    +----------------------------+----------------------+---------+----+---+----+-----+

    * DSP: 
    N/A

    * Memory: 
    N/A

    * FIFO: 
    N/A

    * Expression: 
    +---------------------+----------+----+---+----+------------+------------+
    |    Variable Name    | Operation| DSP| FF| LUT| Bitwidth P0| Bitwidth P1|
    +---------------------+----------+----+---+----+------------+------------+
    |add_ln159_fu_350_p2  |         +|   0|  0|  10|           3|           1|
    |k_10_fu_376_p2       |         +|   0|  0|  39|          32|           1|
    |ap_condition_264     |       and|   0|  0|   2|           1|           1|
    |ap_condition_267     |       and|   0|  0|   2|           1|           1|
    |ap_condition_270     |       and|   0|  0|   2|           1|           1|
    |ap_condition_273     |       and|   0|  0|   2|           1|           1|
    |ap_condition_276     |       and|   0|  0|   2|           1|           1|
    |ap_condition_279     |       and|   0|  0|   2|           1|           1|
    |ap_condition_282     |       and|   0|  0|   2|           1|           1|
    |ap_condition_285     |       and|   0|  0|   2|           1|           1|
    |ap_enable_pp0        |       xor|   0|  0|   2|           1|           2|
    +---------------------+----------+----+---+----+------------+------------+
    |Total                |          |   0|  0|  67|          44|          12|
    +---------------------+----------+----+---+----+------------+------------+

    * Multiplexer: 
    +-------------------------+----+-----------+-----+-----------+
    |           Name          | LUT| Input Size| Bits| Total Bits|
    +-------------------------+----+-----------+-----+-----------+
    |ap_done_int              |   9|          2|    1|          2|
    |ap_enable_reg_pp0_iter1  |   9|          2|    1|          2|
    |i_fu_98                  |   9|          2|    3|          6|
    |k_fu_94                  |   9|          2|   32|         64|
    |temp_81_fu_106           |   9|          2|   32|         64|
    |temp_82_fu_110           |   9|          2|   32|         64|
    |temp_83_fu_114           |   9|          2|   32|         64|
    |temp_84_fu_118           |   9|          2|   32|         64|
    |temp_85_fu_122           |   9|          2|   32|         64|
    |temp_86_fu_126           |   9|          2|   32|         64|
    |temp_87_fu_130           |   9|          2|   32|         64|
    |temp_fu_102              |   9|          2|   32|         64|
    +-------------------------+----+-----------+-----+-----------+
    |Total                    | 108|         24|  293|        586|
    +-------------------------+----+-----------+-----+-----------+

    * Register: 
    +-------------------------+----+----+-----+-----------+
    |           Name          | FF | LUT| Bits| Const Bits|
    +-------------------------+----+----+-----+-----------+
    |ap_CS_fsm                |   1|   0|    1|          0|
    |ap_done_reg              |   1|   0|    1|          0|
    |ap_enable_reg_pp0_iter1  |   1|   0|    1|          0|
    |i_fu_98                  |   3|   0|    3|          0|
    |k_fu_94                  |  32|   0|   32|          0|
    |temp_81_fu_106           |  32|   0|   32|          0|
    |temp_82_fu_110           |  32|   0|   32|          0|
    |temp_83_fu_114           |  32|   0|   32|          0|
    |temp_84_fu_118           |  32|   0|   32|          0|
    |temp_85_fu_122           |  32|   0|   32|          0|
    |temp_86_fu_126           |  32|   0|   32|          0|
    |temp_87_fu_130           |  32|   0|   32|          0|
    |temp_fu_102              |  32|   0|   32|          0|
    +-------------------------+----+----+-----+-----------+
    |Total                    | 294|   0|  294|          0|
    +-------------------------+----+----+-----+-----------+



================================================================
== Interface
================================================================
* Summary: 
+---------------------+-----+-----+------------+---------------------------------------------------------------------------+--------------+
|      RTL Ports      | Dir | Bits|  Protocol  |                               Source Object                               |    C Type    |
+---------------------+-----+-----+------------+---------------------------------------------------------------------------+--------------+
|ap_clk               |   in|    1|  ap_ctrl_hs|  merge_sort<ap_fixed<16, 6, 5, 3, 0>, config5>_Pipeline_VITIS_LOOP_157_416|  return value|
|ap_rst               |   in|    1|  ap_ctrl_hs|  merge_sort<ap_fixed<16, 6, 5, 3, 0>, config5>_Pipeline_VITIS_LOOP_157_416|  return value|
|ap_start             |   in|    1|  ap_ctrl_hs|  merge_sort<ap_fixed<16, 6, 5, 3, 0>, config5>_Pipeline_VITIS_LOOP_157_416|  return value|
|ap_done              |  out|    1|  ap_ctrl_hs|  merge_sort<ap_fixed<16, 6, 5, 3, 0>, config5>_Pipeline_VITIS_LOOP_157_416|  return value|
|ap_idle              |  out|    1|  ap_ctrl_hs|  merge_sort<ap_fixed<16, 6, 5, 3, 0>, config5>_Pipeline_VITIS_LOOP_157_416|  return value|
|ap_ready             |  out|    1|  ap_ctrl_hs|  merge_sort<ap_fixed<16, 6, 5, 3, 0>, config5>_Pipeline_VITIS_LOOP_157_416|  return value|
|temp_409_reload      |   in|   32|     ap_none|                                                            temp_409_reload|        scalar|
|temp_408_reload      |   in|   32|     ap_none|                                                            temp_408_reload|        scalar|
|temp_407_reload      |   in|   32|     ap_none|                                                            temp_407_reload|        scalar|
|temp_406_reload      |   in|   32|     ap_none|                                                            temp_406_reload|        scalar|
|temp_405_reload      |   in|   32|     ap_none|                                                            temp_405_reload|        scalar|
|temp_404_reload      |   in|   32|     ap_none|                                                            temp_404_reload|        scalar|
|temp_403_reload      |   in|   32|     ap_none|                                                            temp_403_reload|        scalar|
|temp_402_reload      |   in|   32|     ap_none|                                                            temp_402_reload|        scalar|
|zext_ln157           |   in|    2|     ap_none|                                                                 zext_ln157|        scalar|
|k_50_reload          |   in|   32|     ap_none|                                                                k_50_reload|        scalar|
|mux_case_0637491     |   in|   32|     ap_none|                                                           mux_case_0637491|        scalar|
|mux_case_1638495     |   in|   32|     ap_none|                                                           mux_case_1638495|        scalar|
|mux_case_2639499     |   in|   32|     ap_none|                                                           mux_case_2639499|        scalar|
|mux_case_3640503     |   in|   32|     ap_none|                                                           mux_case_3640503|        scalar|
|temp_417_out         |  out|   32|      ap_vld|                                                               temp_417_out|       pointer|
|temp_417_out_ap_vld  |  out|    1|      ap_vld|                                                               temp_417_out|       pointer|
|temp_416_out         |  out|   32|      ap_vld|                                                               temp_416_out|       pointer|
|temp_416_out_ap_vld  |  out|    1|      ap_vld|                                                               temp_416_out|       pointer|
|temp_415_out         |  out|   32|      ap_vld|                                                               temp_415_out|       pointer|
|temp_415_out_ap_vld  |  out|    1|      ap_vld|                                                               temp_415_out|       pointer|
|temp_414_out         |  out|   32|      ap_vld|                                                               temp_414_out|       pointer|
|temp_414_out_ap_vld  |  out|    1|      ap_vld|                                                               temp_414_out|       pointer|
|temp_413_out         |  out|   32|      ap_vld|                                                               temp_413_out|       pointer|
|temp_413_out_ap_vld  |  out|    1|      ap_vld|                                                               temp_413_out|       pointer|
|temp_412_out         |  out|   32|      ap_vld|                                                               temp_412_out|       pointer|
|temp_412_out_ap_vld  |  out|    1|      ap_vld|                                                               temp_412_out|       pointer|
|temp_411_out         |  out|   32|      ap_vld|                                                               temp_411_out|       pointer|
|temp_411_out_ap_vld  |  out|    1|      ap_vld|                                                               temp_411_out|       pointer|
|temp_410_out         |  out|   32|      ap_vld|                                                               temp_410_out|       pointer|
|temp_410_out_ap_vld  |  out|    1|      ap_vld|                                                               temp_410_out|       pointer|
+---------------------+-----+-----+------------+---------------------------------------------------------------------------+--------------+

