

================================================================
== Vitis HLS Report for 'merge_sort_ap_fixed_16_6_5_3_0_config5_Pipeline_VITIS_LOOP_149_39'
================================================================
* Date:           Tue Mar  4 14:24:09 2025

* Version:        2023.2 (Build 4023990 on Oct 11 2023)
* Project:        myproject_prj
* Solution:       solution1 (Vivado IP Flow Target)
* Product family: virtexuplus
* Target device:  xcvu13p-flga2577-2-e


================================================================
== Performance Estimates
================================================================
+ Timing: 
    * Summary: 
    +--------+---------+----------+------------+
    |  Clock |  Target | Estimated| Uncertainty|
    +--------+---------+----------+------------+
    |ap_clk  |  5.00 ns|  4.208 ns|     0.62 ns|
    +--------+---------+----------+------------+

+ Latency: 
    * Summary: 
    +---------+---------+----------+----------+-----+-----+---------+
    |  Latency (cycles) |  Latency (absolute) |  Interval | Pipeline|
    |   min   |   max   |    min   |    max   | min | max |   Type  |
    +---------+---------+----------+----------+-----+-----+---------+
    |        ?|        ?|         ?|         ?|    ?|    ?|       no|
    +---------+---------+----------+----------+-----+-----+---------+

    + Detail: 
        * Instance: 
        N/A

        * Loop: 
        +--------------------+---------+---------+----------+-----------+-----------+------+----------+
        |                    |  Latency (cycles) | Iteration|  Initiation Interval  | Trip |          |
        |      Loop Name     |   min   |   max   |  Latency |  achieved |   target  | Count| Pipelined|
        +--------------------+---------+---------+----------+-----------+-----------+------+----------+
        |- VITIS_LOOP_149_3  |        ?|        ?|         1|          1|          1|     ?|       yes|
        +--------------------+---------+---------+----------+-----------+-----------+------+----------+



================================================================
== Utilization Estimates
================================================================
* Summary: 
+---------------------+---------+-------+---------+---------+------+
|         Name        | BRAM_18K|  DSP  |    FF   |   LUT   | URAM |
+---------------------+---------+-------+---------+---------+------+
|DSP                  |        -|      -|        -|        -|     -|
|Expression           |        -|      -|        0|      277|     -|
|FIFO                 |        -|      -|        -|        -|     -|
|Instance             |        -|      -|        0|      504|     -|
|Memory               |        -|      -|        -|        -|     -|
|Multiplexer          |        -|      -|        -|      175|     -|
|Register             |        -|      -|      355|        -|     -|
+---------------------+---------+-------+---------+---------+------+
|Total                |        0|      0|      355|      956|     0|
+---------------------+---------+-------+---------+---------+------+
|Available SLR        |     1344|   3072|   864000|   432000|   320|
+---------------------+---------+-------+---------+---------+------+
|Utilization SLR (%)  |        0|      0|       ~0|       ~0|     0|
+---------------------+---------+-------+---------+---------+------+
|Available            |     5376|  12288|  3456000|  1728000|  1280|
+---------------------+---------+-------+---------+---------+------+
|Utilization (%)      |        0|      0|       ~0|       ~0|     0|
+---------------------+---------+-------+---------+---------+------+

+ Detail: 
    * Instance: 
    +-----------------------------+-----------------------+---------+----+---+-----+-----+
    |           Instance          |         Module        | BRAM_18K| DSP| FF| LUT | URAM|
    +-----------------------------+-----------------------+---------+----+---+-----+-----+
    |sparsemux_17_3_32_1_1_U1168  |sparsemux_17_3_32_1_1  |        0|   0|  0|   43|    0|
    |sparsemux_17_3_32_1_1_U1169  |sparsemux_17_3_32_1_1  |        0|   0|  0|   43|    0|
    |sparsemux_97_6_16_1_1_U1170  |sparsemux_97_6_16_1_1  |        0|   0|  0|  209|    0|
    |sparsemux_97_6_16_1_1_U1171  |sparsemux_97_6_16_1_1  |        0|   0|  0|  209|    0|
    +-----------------------------+-----------------------+---------+----+---+-----+-----+
    |Total                        |                       |        0|   0|  0|  504|    0|
    +-----------------------------+-----------------------+---------+----+---+-----+-----+

    * DSP: 
    N/A

    * Memory: 
    N/A

    * FIFO: 
    N/A

    * Expression: 
    +-------------------------+----------+----+---+----+------------+------------+
    |      Variable Name      | Operation| DSP| FF| LUT| Bitwidth P0| Bitwidth P1|
    +-------------------------+----------+----+---+----+------------+------------+
    |i_9_fu_1312_p2           |         +|   0|  0|  39|          32|           1|
    |j_9_fu_1398_p2           |         +|   0|  0|  39|          32|           1|
    |k_15_fu_1305_p2          |         +|   0|  0|  39|          32|           1|
    |tmp_584_fu_986_p98       |         +|   0|  0|  13|           6|           6|
    |tmp_585_fu_1147_p98      |         +|   0|  0|  13|           6|           6|
    |and_ln149_fu_1526_p2     |       and|   0|  0|   2|           1|           1|
    |ap_condition_811         |       and|   0|  0|   2|           1|           1|
    |ap_condition_814         |       and|   0|  0|   2|           1|           1|
    |ap_condition_817         |       and|   0|  0|   2|           1|           1|
    |ap_condition_820         |       and|   0|  0|   2|           1|           1|
    |ap_condition_823         |       and|   0|  0|   2|           1|           1|
    |ap_condition_826         |       and|   0|  0|   2|           1|           1|
    |ap_condition_829         |       and|   0|  0|   2|           1|           1|
    |ap_condition_832         |       and|   0|  0|   2|           1|           1|
    |ap_condition_835         |       and|   0|  0|   2|           1|           1|
    |ap_condition_838         |       and|   0|  0|   2|           1|           1|
    |ap_condition_841         |       and|   0|  0|   2|           1|           1|
    |ap_condition_844         |       and|   0|  0|   2|           1|           1|
    |ap_condition_847         |       and|   0|  0|   2|           1|           1|
    |ap_condition_850         |       and|   0|  0|   2|           1|           1|
    |ap_condition_853         |       and|   0|  0|   2|           1|           1|
    |ap_condition_856         |       and|   0|  0|   2|           1|           1|
    |icmp_ln149_1_fu_1519_p2  |      icmp|   0|  0|  37|          30|           1|
    |icmp_ln149_fu_1502_p2    |      icmp|   0|  0|  38|          31|           1|
    |icmp_ln151_fu_1299_p2    |      icmp|   0|  0|  23|          16|          16|
    |ap_enable_pp0            |       xor|   0|  0|   2|           1|           2|
    +-------------------------+----------+----+---+----+------------+------------+
    |Total                    |          |   0|  0| 277|         203|          52|
    +-------------------------+----------+----+---+----+------------+------------+

    * Multiplexer: 
    +-------------------------+----+-----------+-----+-----------+
    |           Name          | LUT| Input Size| Bits| Total Bits|
    +-------------------------+----+-----------+-----+-----------+
    |ap_done_int              |   9|          2|    1|          2|
    |ap_enable_reg_pp0_iter1  |   9|          2|    1|          2|
    |ap_sig_allocacmp_i_10    |   9|          2|   32|         64|
    |ap_sig_allocacmp_j_10    |   9|          2|   32|         64|
    |i_fu_348                 |   9|          2|   32|         64|
    |j_fu_352                 |   9|          2|   32|         64|
    |k_fu_312                 |   9|          2|   32|         64|
    |temp_121_fu_320          |  14|          3|   32|         96|
    |temp_122_fu_324          |  14|          3|   32|         96|
    |temp_123_fu_328          |  14|          3|   32|         96|
    |temp_124_fu_332          |  14|          3|   32|         96|
    |temp_125_fu_336          |  14|          3|   32|         96|
    |temp_126_fu_340          |  14|          3|   32|         96|
    |temp_127_fu_344          |  14|          3|   32|         96|
    |temp_fu_316              |  14|          3|   32|         96|
    +-------------------------+----+-----------+-----+-----------+
    |Total                    | 175|         38|  418|       1092|
    +-------------------------+----+-----------+-----+-----------+

    * Register: 
    +-------------------------+----+----+-----+-----------+
    |           Name          | FF | LUT| Bits| Const Bits|
    +-------------------------+----+----+-----+-----------+
    |ap_CS_fsm                |   1|   0|    1|          0|
    |ap_done_reg              |   1|   0|    1|          0|
    |ap_enable_reg_pp0_iter1  |   1|   0|    1|          0|
    |i_fu_348                 |  32|   0|   32|          0|
    |j_fu_352                 |  32|   0|   32|          0|
    |k_fu_312                 |  32|   0|   32|          0|
    |temp_121_fu_320          |  32|   0|   32|          0|
    |temp_122_fu_324          |  32|   0|   32|          0|
    |temp_123_fu_328          |  32|   0|   32|          0|
    |temp_124_fu_332          |  32|   0|   32|          0|
    |temp_125_fu_336          |  32|   0|   32|          0|
    |temp_126_fu_340          |  32|   0|   32|          0|
    |temp_127_fu_344          |  32|   0|   32|          0|
    |temp_fu_316              |  32|   0|   32|          0|
    +-------------------------+----+----+-----+-----------+
    |Total                    | 355|   0|  355|          0|
    +-------------------------+----+----+-----+-----------+



================================================================
== Interface
================================================================
* Summary: 
+---------------------+-----+-----+------------+--------------------------------------------------------------------------+--------------+
|      RTL Ports      | Dir | Bits|  Protocol  |                               Source Object                              |    C Type    |
+---------------------+-----+-----+------------+--------------------------------------------------------------------------+--------------+
|ap_clk               |   in|    1|  ap_ctrl_hs|  merge_sort<ap_fixed<16, 6, 5, 3, 0>, config5>_Pipeline_VITIS_LOOP_149_39|  return value|
|ap_rst               |   in|    1|  ap_ctrl_hs|  merge_sort<ap_fixed<16, 6, 5, 3, 0>, config5>_Pipeline_VITIS_LOOP_149_39|  return value|
|ap_start             |   in|    1|  ap_ctrl_hs|  merge_sort<ap_fixed<16, 6, 5, 3, 0>, config5>_Pipeline_VITIS_LOOP_149_39|  return value|
|ap_done              |  out|    1|  ap_ctrl_hs|  merge_sort<ap_fixed<16, 6, 5, 3, 0>, config5>_Pipeline_VITIS_LOOP_149_39|  return value|
|ap_idle              |  out|    1|  ap_ctrl_hs|  merge_sort<ap_fixed<16, 6, 5, 3, 0>, config5>_Pipeline_VITIS_LOOP_149_39|  return value|
|ap_ready             |  out|    1|  ap_ctrl_hs|  merge_sort<ap_fixed<16, 6, 5, 3, 0>, config5>_Pipeline_VITIS_LOOP_149_39|  return value|
|temp_246             |   in|   32|     ap_none|                                                                  temp_246|        scalar|
|temp_245             |   in|   32|     ap_none|                                                                  temp_245|        scalar|
|temp_244             |   in|   32|     ap_none|                                                                  temp_244|        scalar|
|temp_243             |   in|   32|     ap_none|                                                                  temp_243|        scalar|
|temp_242             |   in|   32|     ap_none|                                                                  temp_242|        scalar|
|temp_241             |   in|   32|     ap_none|                                                                  temp_241|        scalar|
|temp_240             |   in|   32|     ap_none|                                                                  temp_240|        scalar|
|temp_239             |   in|   32|     ap_none|                                                                  temp_239|        scalar|
|mux_case_0413299     |   in|   32|     ap_none|                                                          mux_case_0413299|        scalar|
|mux_case_1414303     |   in|   32|     ap_none|                                                          mux_case_1414303|        scalar|
|mux_case_2415307     |   in|   32|     ap_none|                                                          mux_case_2415307|        scalar|
|mux_case_3416311     |   in|   32|     ap_none|                                                          mux_case_3416311|        scalar|
|mux_case_4417315     |   in|   32|     ap_none|                                                          mux_case_4417315|        scalar|
|mux_case_5418319     |   in|   32|     ap_none|                                                          mux_case_5418319|        scalar|
|mux_case_6419323     |   in|   32|     ap_none|                                                          mux_case_6419323|        scalar|
|mux_case_7420327     |   in|   32|     ap_none|                                                          mux_case_7420327|        scalar|
|idx1                 |   in|    6|     ap_none|                                                                      idx1|        scalar|
|arr_0_val            |   in|   16|     ap_none|                                                                 arr_0_val|        scalar|
|arr_1_val            |   in|   16|     ap_none|                                                                 arr_1_val|        scalar|
|arr_2_val            |   in|   16|     ap_none|                                                                 arr_2_val|        scalar|
|arr_3_val            |   in|   16|     ap_none|                                                                 arr_3_val|        scalar|
|arr_4_val            |   in|   16|     ap_none|                                                                 arr_4_val|        scalar|
|arr_5_val            |   in|   16|     ap_none|                                                                 arr_5_val|        scalar|
|arr_6_val            |   in|   16|     ap_none|                                                                 arr_6_val|        scalar|
|arr_7_val            |   in|   16|     ap_none|                                                                 arr_7_val|        scalar|
|arr_8_val            |   in|   16|     ap_none|                                                                 arr_8_val|        scalar|
|arr_9_val            |   in|   16|     ap_none|                                                                 arr_9_val|        scalar|
|arr_10_val           |   in|   16|     ap_none|                                                                arr_10_val|        scalar|
|arr_11_val           |   in|   16|     ap_none|                                                                arr_11_val|        scalar|
|arr_12_val           |   in|   16|     ap_none|                                                                arr_12_val|        scalar|
|arr_13_val           |   in|   16|     ap_none|                                                                arr_13_val|        scalar|
|arr_14_val           |   in|   16|     ap_none|                                                                arr_14_val|        scalar|
|arr_15_val           |   in|   16|     ap_none|                                                                arr_15_val|        scalar|
|arr_16_val           |   in|   16|     ap_none|                                                                arr_16_val|        scalar|
|arr_17_val           |   in|   16|     ap_none|                                                                arr_17_val|        scalar|
|arr_18_val           |   in|   16|     ap_none|                                                                arr_18_val|        scalar|
|arr_19_val           |   in|   16|     ap_none|                                                                arr_19_val|        scalar|
|arr_20_val           |   in|   16|     ap_none|                                                                arr_20_val|        scalar|
|arr_21_val           |   in|   16|     ap_none|                                                                arr_21_val|        scalar|
|arr_22_val           |   in|   16|     ap_none|                                                                arr_22_val|        scalar|
|arr_23_val           |   in|   16|     ap_none|                                                                arr_23_val|        scalar|
|arr_24_val           |   in|   16|     ap_none|                                                                arr_24_val|        scalar|
|arr_25_val           |   in|   16|     ap_none|                                                                arr_25_val|        scalar|
|arr_26_val           |   in|   16|     ap_none|                                                                arr_26_val|        scalar|
|arr_27_val           |   in|   16|     ap_none|                                                                arr_27_val|        scalar|
|arr_28_val           |   in|   16|     ap_none|                                                                arr_28_val|        scalar|
|arr_29_val           |   in|   16|     ap_none|                                                                arr_29_val|        scalar|
|arr_30_val           |   in|   16|     ap_none|                                                                arr_30_val|        scalar|
|arr_31_val           |   in|   16|     ap_none|                                                                arr_31_val|        scalar|
|arr_32_val           |   in|   16|     ap_none|                                                                arr_32_val|        scalar|
|arr_33_val           |   in|   16|     ap_none|                                                                arr_33_val|        scalar|
|arr_34_val           |   in|   16|     ap_none|                                                                arr_34_val|        scalar|
|arr_35_val           |   in|   16|     ap_none|                                                                arr_35_val|        scalar|
|arr_36_val           |   in|   16|     ap_none|                                                                arr_36_val|        scalar|
|arr_37_val           |   in|   16|     ap_none|                                                                arr_37_val|        scalar|
|arr_38_val           |   in|   16|     ap_none|                                                                arr_38_val|        scalar|
|arr_39_val           |   in|   16|     ap_none|                                                                arr_39_val|        scalar|
|arr_40_val           |   in|   16|     ap_none|                                                                arr_40_val|        scalar|
|arr_41_val           |   in|   16|     ap_none|                                                                arr_41_val|        scalar|
|arr_42_val           |   in|   16|     ap_none|                                                                arr_42_val|        scalar|
|arr_43_val           |   in|   16|     ap_none|                                                                arr_43_val|        scalar|
|arr_44_val           |   in|   16|     ap_none|                                                                arr_44_val|        scalar|
|arr_45_val           |   in|   16|     ap_none|                                                                arr_45_val|        scalar|
|arr_46_val           |   in|   16|     ap_none|                                                                arr_46_val|        scalar|
|arr_47_val           |   in|   16|     ap_none|                                                                arr_47_val|        scalar|
|k_33_out             |  out|   32|      ap_vld|                                                                  k_33_out|       pointer|
|k_33_out_ap_vld      |  out|    1|      ap_vld|                                                                  k_33_out|       pointer|
|temp_273_out         |  out|   32|      ap_vld|                                                              temp_273_out|       pointer|
|temp_273_out_ap_vld  |  out|    1|      ap_vld|                                                              temp_273_out|       pointer|
|temp_272_out         |  out|   32|      ap_vld|                                                              temp_272_out|       pointer|
|temp_272_out_ap_vld  |  out|    1|      ap_vld|                                                              temp_272_out|       pointer|
|temp_271_out         |  out|   32|      ap_vld|                                                              temp_271_out|       pointer|
|temp_271_out_ap_vld  |  out|    1|      ap_vld|                                                              temp_271_out|       pointer|
|temp_270_out         |  out|   32|      ap_vld|                                                              temp_270_out|       pointer|
|temp_270_out_ap_vld  |  out|    1|      ap_vld|                                                              temp_270_out|       pointer|
|temp_269_out         |  out|   32|      ap_vld|                                                              temp_269_out|       pointer|
|temp_269_out_ap_vld  |  out|    1|      ap_vld|                                                              temp_269_out|       pointer|
|temp_268_out         |  out|   32|      ap_vld|                                                              temp_268_out|       pointer|
|temp_268_out_ap_vld  |  out|    1|      ap_vld|                                                              temp_268_out|       pointer|
|temp_267_out         |  out|   32|      ap_vld|                                                              temp_267_out|       pointer|
|temp_267_out_ap_vld  |  out|    1|      ap_vld|                                                              temp_267_out|       pointer|
|temp_266_out         |  out|   32|      ap_vld|                                                              temp_266_out|       pointer|
|temp_266_out_ap_vld  |  out|    1|      ap_vld|                                                              temp_266_out|       pointer|
|i_21_out             |  out|   32|      ap_vld|                                                                  i_21_out|       pointer|
|i_21_out_ap_vld      |  out|    1|      ap_vld|                                                                  i_21_out|       pointer|
|j_19_out             |  out|   32|      ap_vld|                                                                  j_19_out|       pointer|
|j_19_out_ap_vld      |  out|    1|      ap_vld|                                                                  j_19_out|       pointer|
|icmp10_out           |  out|    1|      ap_vld|                                                                icmp10_out|       pointer|
|icmp10_out_ap_vld    |  out|    1|      ap_vld|                                                                icmp10_out|       pointer|
|icmp13_out           |  out|    1|      ap_vld|                                                                icmp13_out|       pointer|
|icmp13_out_ap_vld    |  out|    1|      ap_vld|                                                                icmp13_out|       pointer|
+---------------------+-----+-----+------------+--------------------------------------------------------------------------+--------------+

