

================================================================
== Vitis HLS Report for 'merge_sort_ap_fixed_16_6_5_3_0_config5_Pipeline_VITIS_LOOP_157_410'
================================================================
* Date:           Tue Mar  4 14:24:09 2025

* Version:        2023.2 (Build 4023990 on Oct 11 2023)
* Project:        myproject_prj
* Solution:       solution1 (Vivado IP Flow Target)
* Product family: virtexuplus
* Target device:  xcvu13p-flga2577-2-e


================================================================
== Performance Estimates
================================================================
+ Timing: 
    * Summary: 
    +--------+---------+----------+------------+
    |  Clock |  Target | Estimated| Uncertainty|
    +--------+---------+----------+------------+
    |ap_clk  |  5.00 ns|  1.754 ns|     0.62 ns|
    +--------+---------+----------+------------+

+ Latency: 
    * Summary: 
    +---------+---------+----------+----------+-----+-----+---------+
    |  Latency (cycles) |  Latency (absolute) |  Interval | Pipeline|
    |   min   |   max   |    min   |    max   | min | max |   Type  |
    +---------+---------+----------+----------+-----+-----+---------+
    |        ?|        ?|         ?|         ?|    ?|    ?|       no|
    +---------+---------+----------+----------+-----+-----+---------+

    + Detail: 
        * Instance: 
        N/A

        * Loop: 
        +--------------------+---------+---------+----------+-----------+-----------+------+----------+
        |                    |  Latency (cycles) | Iteration|  Initiation Interval  | Trip |          |
        |      Loop Name     |   min   |   max   |  Latency |  achieved |   target  | Count| Pipelined|
        +--------------------+---------+---------+----------+-----------+-----------+------+----------+
        |- VITIS_LOOP_157_4  |        ?|        ?|         1|          1|          1|     ?|       yes|
        +--------------------+---------+---------+----------+-----------+-----------+------+----------+



================================================================
== Utilization Estimates
================================================================
* Summary: 
+---------------------+---------+-------+---------+---------+------+
|         Name        | BRAM_18K|  DSP  |    FF   |   LUT   | URAM |
+---------------------+---------+-------+---------+---------+------+
|DSP                  |        -|      -|        -|        -|     -|
|Expression           |        -|      -|        0|      458|     -|
|FIFO                 |        -|      -|        -|        -|     -|
|Instance             |        -|      -|        0|       43|     -|
|Memory               |        -|      -|        -|        -|     -|
|Multiplexer          |        -|      -|        -|      108|     -|
|Register             |        -|      -|      323|        -|     -|
+---------------------+---------+-------+---------+---------+------+
|Total                |        0|      0|      323|      609|     0|
+---------------------+---------+-------+---------+---------+------+
|Available SLR        |     1344|   3072|   864000|   432000|   320|
+---------------------+---------+-------+---------+---------+------+
|Utilization SLR (%)  |        0|      0|       ~0|       ~0|     0|
+---------------------+---------+-------+---------+---------+------+
|Available            |     5376|  12288|  3456000|  1728000|  1280|
+---------------------+---------+-------+---------+---------+------+
|Utilization (%)      |        0|      0|       ~0|       ~0|     0|
+---------------------+---------+-------+---------+---------+------+

+ Detail: 
    * Instance: 
    +-----------------------------+-----------------------+---------+----+---+----+-----+
    |           Instance          |         Module        | BRAM_18K| DSP| FF| LUT| URAM|
    +-----------------------------+-----------------------+---------+----+---+----+-----+
    |sparsemux_17_3_32_1_1_U1250  |sparsemux_17_3_32_1_1  |        0|   0|  0|  43|    0|
    +-----------------------------+-----------------------+---------+----+---+----+-----+
    |Total                        |                       |        0|   0|  0|  43|    0|
    +-----------------------------+-----------------------+---------+----+---+----+-----+

    * DSP: 
    N/A

    * Memory: 
    N/A

    * FIFO: 
    N/A

    * Expression: 
    +------------------------+----------+----+---+----+------------+------------+
    |      Variable Name     | Operation| DSP| FF| LUT| Bitwidth P0| Bitwidth P1|
    +------------------------+----------+----+---+----+------------+------------+
    |i_6_fu_397_p2           |         +|   0|  0|  39|          32|           1|
    |k_13_fu_435_p2          |         +|   0|  0|  39|          32|           1|
    |icmp_ln157_fu_602_p2    |      icmp|   0|  0|  38|          31|           1|
    |icmp_ln159_1_fu_448_p2  |      icmp|   0|  0|  10|           3|           1|
    |icmp_ln159_2_fu_454_p2  |      icmp|   0|  0|  10|           3|           2|
    |icmp_ln159_3_fu_460_p2  |      icmp|   0|  0|  10|           3|           2|
    |icmp_ln159_4_fu_466_p2  |      icmp|   0|  0|  12|           3|           4|
    |icmp_ln159_5_fu_472_p2  |      icmp|   0|  0|  10|           3|           3|
    |icmp_ln159_6_fu_478_p2  |      icmp|   0|  0|  10|           3|           3|
    |icmp_ln159_fu_442_p2    |      icmp|   0|  0|  10|           3|           1|
    |or_ln159_1_fu_490_p2    |        or|   0|  0|   2|           1|           1|
    |or_ln159_2_fu_496_p2    |        or|   0|  0|   2|           1|           1|
    |or_ln159_3_fu_502_p2    |        or|   0|  0|   2|           1|           1|
    |or_ln159_4_fu_508_p2    |        or|   0|  0|   2|           1|           1|
    |or_ln159_5_fu_514_p2    |        or|   0|  0|   2|           1|           1|
    |or_ln159_fu_484_p2      |        or|   0|  0|   2|           1|           1|
    |temp_113_fu_520_p3      |    select|   0|  0|  32|           1|          32|
    |temp_114_fu_529_p3      |    select|   0|  0|  32|           1|          32|
    |temp_115_fu_538_p3      |    select|   0|  0|  32|           1|          32|
    |temp_116_fu_547_p3      |    select|   0|  0|  32|           1|          32|
    |temp_117_fu_556_p3      |    select|   0|  0|  32|           1|          32|
    |temp_118_fu_565_p3      |    select|   0|  0|  32|           1|          32|
    |temp_119_fu_574_p3      |    select|   0|  0|  32|           1|          32|
    |temp_120_fu_583_p3      |    select|   0|  0|  32|           1|          32|
    |ap_enable_pp0           |       xor|   0|  0|   2|           1|           2|
    +------------------------+----------+----+---+----+------------+------------+
    |Total                   |          |   0|  0| 458|         131|         283|
    +------------------------+----------+----+---+----+------------+------------+

    * Multiplexer: 
    +-------------------------+----+-----------+-----+-----------+
    |           Name          | LUT| Input Size| Bits| Total Bits|
    +-------------------------+----+-----------+-----+-----------+
    |ap_done_int              |   9|          2|    1|          2|
    |ap_enable_reg_pp0_iter1  |   9|          2|    1|          2|
    |i_fu_98                  |   9|          2|   32|         64|
    |k_fu_102                 |   9|          2|   32|         64|
    |temp_100_fu_122          |   9|          2|   32|         64|
    |temp_101_fu_126          |   9|          2|   32|         64|
    |temp_102_fu_130          |   9|          2|   32|         64|
    |temp_103_fu_134          |   9|          2|   32|         64|
    |temp_97_fu_110           |   9|          2|   32|         64|
    |temp_98_fu_114           |   9|          2|   32|         64|
    |temp_99_fu_118           |   9|          2|   32|         64|
    |temp_fu_106              |   9|          2|   32|         64|
    +-------------------------+----+-----------+-----+-----------+
    |Total                    | 108|         24|  322|        644|
    +-------------------------+----+-----------+-----+-----------+

    * Register: 
    +-------------------------+----+----+-----+-----------+
    |           Name          | FF | LUT| Bits| Const Bits|
    +-------------------------+----+----+-----+-----------+
    |ap_CS_fsm                |   1|   0|    1|          0|
    |ap_done_reg              |   1|   0|    1|          0|
    |ap_enable_reg_pp0_iter1  |   1|   0|    1|          0|
    |i_fu_98                  |  32|   0|   32|          0|
    |k_fu_102                 |  32|   0|   32|          0|
    |temp_100_fu_122          |  32|   0|   32|          0|
    |temp_101_fu_126          |  32|   0|   32|          0|
    |temp_102_fu_130          |  32|   0|   32|          0|
    |temp_103_fu_134          |  32|   0|   32|          0|
    |temp_97_fu_110           |  32|   0|   32|          0|
    |temp_98_fu_114           |  32|   0|   32|          0|
    |temp_99_fu_118           |  32|   0|   32|          0|
    |temp_fu_106              |  32|   0|   32|          0|
    +-------------------------+----+----+-----+-----------+
    |Total                    | 323|   0|  323|          0|
    +-------------------------+----+----+-----+-----------+



================================================================
== Interface
================================================================
* Summary: 
+---------------------+-----+-----+------------+---------------------------------------------------------------------------+--------------+
|      RTL Ports      | Dir | Bits|  Protocol  |                               Source Object                               |    C Type    |
+---------------------+-----+-----+------------+---------------------------------------------------------------------------+--------------+
|ap_clk               |   in|    1|  ap_ctrl_hs|  merge_sort<ap_fixed<16, 6, 5, 3, 0>, config5>_Pipeline_VITIS_LOOP_157_410|  return value|
|ap_rst               |   in|    1|  ap_ctrl_hs|  merge_sort<ap_fixed<16, 6, 5, 3, 0>, config5>_Pipeline_VITIS_LOOP_157_410|  return value|
|ap_start             |   in|    1|  ap_ctrl_hs|  merge_sort<ap_fixed<16, 6, 5, 3, 0>, config5>_Pipeline_VITIS_LOOP_157_410|  return value|
|ap_done              |  out|    1|  ap_ctrl_hs|  merge_sort<ap_fixed<16, 6, 5, 3, 0>, config5>_Pipeline_VITIS_LOOP_157_410|  return value|
|ap_idle              |  out|    1|  ap_ctrl_hs|  merge_sort<ap_fixed<16, 6, 5, 3, 0>, config5>_Pipeline_VITIS_LOOP_157_410|  return value|
|ap_ready             |  out|    1|  ap_ctrl_hs|  merge_sort<ap_fixed<16, 6, 5, 3, 0>, config5>_Pipeline_VITIS_LOOP_157_410|  return value|
|temp_273_reload      |   in|   32|     ap_none|                                                            temp_273_reload|        scalar|
|temp_272_reload      |   in|   32|     ap_none|                                                            temp_272_reload|        scalar|
|temp_271_reload      |   in|   32|     ap_none|                                                            temp_271_reload|        scalar|
|temp_270_reload      |   in|   32|     ap_none|                                                            temp_270_reload|        scalar|
|temp_269_reload      |   in|   32|     ap_none|                                                            temp_269_reload|        scalar|
|temp_268_reload      |   in|   32|     ap_none|                                                            temp_268_reload|        scalar|
|temp_267_reload      |   in|   32|     ap_none|                                                            temp_267_reload|        scalar|
|temp_266_reload      |   in|   32|     ap_none|                                                            temp_266_reload|        scalar|
|k_33_reload          |   in|   32|     ap_none|                                                                k_33_reload|        scalar|
|i_21_reload          |   in|   32|     ap_none|                                                                i_21_reload|        scalar|
|mux_case_0413299     |   in|   32|     ap_none|                                                           mux_case_0413299|        scalar|
|mux_case_1414303     |   in|   32|     ap_none|                                                           mux_case_1414303|        scalar|
|mux_case_2415307     |   in|   32|     ap_none|                                                           mux_case_2415307|        scalar|
|mux_case_3416311     |   in|   32|     ap_none|                                                           mux_case_3416311|        scalar|
|mux_case_4417315     |   in|   32|     ap_none|                                                           mux_case_4417315|        scalar|
|mux_case_5418319     |   in|   32|     ap_none|                                                           mux_case_5418319|        scalar|
|mux_case_6419323     |   in|   32|     ap_none|                                                           mux_case_6419323|        scalar|
|mux_case_7420327     |   in|   32|     ap_none|                                                           mux_case_7420327|        scalar|
|k_35_out             |  out|   32|      ap_vld|                                                                   k_35_out|       pointer|
|k_35_out_ap_vld      |  out|    1|      ap_vld|                                                                   k_35_out|       pointer|
|temp_285_out         |  out|   32|      ap_vld|                                                               temp_285_out|       pointer|
|temp_285_out_ap_vld  |  out|    1|      ap_vld|                                                               temp_285_out|       pointer|
|temp_286_out         |  out|   32|      ap_vld|                                                               temp_286_out|       pointer|
|temp_286_out_ap_vld  |  out|    1|      ap_vld|                                                               temp_286_out|       pointer|
|temp_287_out         |  out|   32|      ap_vld|                                                               temp_287_out|       pointer|
|temp_287_out_ap_vld  |  out|    1|      ap_vld|                                                               temp_287_out|       pointer|
|temp_288_out         |  out|   32|      ap_vld|                                                               temp_288_out|       pointer|
|temp_288_out_ap_vld  |  out|    1|      ap_vld|                                                               temp_288_out|       pointer|
|temp_289_out         |  out|   32|      ap_vld|                                                               temp_289_out|       pointer|
|temp_289_out_ap_vld  |  out|    1|      ap_vld|                                                               temp_289_out|       pointer|
|temp_290_out         |  out|   32|      ap_vld|                                                               temp_290_out|       pointer|
|temp_290_out_ap_vld  |  out|    1|      ap_vld|                                                               temp_290_out|       pointer|
|temp_315_out         |  out|   32|      ap_vld|                                                               temp_315_out|       pointer|
|temp_315_out_ap_vld  |  out|    1|      ap_vld|                                                               temp_315_out|       pointer|
|temp_332_out         |  out|   32|      ap_vld|                                                               temp_332_out|       pointer|
|temp_332_out_ap_vld  |  out|    1|      ap_vld|                                                               temp_332_out|       pointer|
+---------------------+-----+-----+------------+---------------------------------------------------------------------------+--------------+

