

================================================================
== Vitis HLS Report for 'merge_sort_ap_fixed_16_6_5_3_0_config5_Pipeline_VITIS_LOOP_149_31'
================================================================
* Date:           Tue Mar  4 14:24:07 2025

* Version:        2023.2 (Build 4023990 on Oct 11 2023)
* Project:        myproject_prj
* Solution:       solution1 (Vivado IP Flow Target)
* Product family: virtexuplus
* Target device:  xcvu13p-flga2577-2-e


================================================================
== Performance Estimates
================================================================
+ Timing: 
    * Summary: 
    +--------+---------+----------+------------+
    |  Clock |  Target | Estimated| Uncertainty|
    +--------+---------+----------+------------+
    |ap_clk  |  5.00 ns|  4.214 ns|     0.62 ns|
    +--------+---------+----------+------------+

+ Latency: 
    * Summary: 
    +---------+---------+----------+----------+-----+-----+---------+
    |  Latency (cycles) |  Latency (absolute) |  Interval | Pipeline|
    |   min   |   max   |    min   |    max   | min | max |   Type  |
    +---------+---------+----------+----------+-----+-----+---------+
    |        ?|        ?|         ?|         ?|    ?|    ?|       no|
    +---------+---------+----------+----------+-----+-----+---------+

    + Detail: 
        * Instance: 
        N/A

        * Loop: 
        +--------------------+---------+---------+----------+-----------+-----------+------+----------+
        |                    |  Latency (cycles) | Iteration|  Initiation Interval  | Trip |          |
        |      Loop Name     |   min   |   max   |  Latency |  achieved |   target  | Count| Pipelined|
        +--------------------+---------+---------+----------+-----------+-----------+------+----------+
        |- VITIS_LOOP_149_3  |        ?|        ?|         1|          1|          1|     ?|       yes|
        +--------------------+---------+---------+----------+-----------+-----------+------+----------+



================================================================
== Utilization Estimates
================================================================
* Summary: 
+---------------------+---------+-------+---------+---------+------+
|         Name        | BRAM_18K|  DSP  |    FF   |   LUT   | URAM |
+---------------------+---------+-------+---------+---------+------+
|DSP                  |        -|      -|        -|        -|     -|
|Expression           |        -|      -|        0|      319|     -|
|FIFO                 |        -|      -|        -|        -|     -|
|Instance             |        -|      -|        0|      504|     -|
|Memory               |        -|      -|        -|        -|     -|
|Multiplexer          |        -|      -|        -|      184|     -|
|Register             |        -|      -|      387|        -|     -|
+---------------------+---------+-------+---------+---------+------+
|Total                |        0|      0|      387|     1007|     0|
+---------------------+---------+-------+---------+---------+------+
|Available SLR        |     1344|   3072|   864000|   432000|   320|
+---------------------+---------+-------+---------+---------+------+
|Utilization SLR (%)  |        0|      0|       ~0|       ~0|     0|
+---------------------+---------+-------+---------+---------+------+
|Available            |     5376|  12288|  3456000|  1728000|  1280|
+---------------------+---------+-------+---------+---------+------+
|Utilization (%)      |        0|      0|       ~0|       ~0|     0|
+---------------------+---------+-------+---------+---------+------+

+ Detail: 
    * Instance: 
    +----------------------------+-----------------------+---------+----+---+-----+-----+
    |          Instance          |         Module        | BRAM_18K| DSP| FF| LUT | URAM|
    +----------------------------+-----------------------+---------+----+---+-----+-----+
    |sparsemux_17_3_32_1_1_U767  |sparsemux_17_3_32_1_1  |        0|   0|  0|   43|    0|
    |sparsemux_17_3_32_1_1_U768  |sparsemux_17_3_32_1_1  |        0|   0|  0|   43|    0|
    |sparsemux_97_6_16_1_1_U769  |sparsemux_97_6_16_1_1  |        0|   0|  0|  209|    0|
    |sparsemux_97_6_16_1_1_U770  |sparsemux_97_6_16_1_1  |        0|   0|  0|  209|    0|
    +----------------------------+-----------------------+---------+----+---+-----+-----+
    |Total                       |                       |        0|   0|  0|  504|    0|
    +----------------------------+-----------------------+---------+----+---+-----+-----+

    * DSP: 
    N/A

    * Memory: 
    N/A

    * FIFO: 
    N/A

    * Expression: 
    +-------------------------+----------+----+---+----+------------+------------+
    |      Variable Name      | Operation| DSP| FF| LUT| Bitwidth P0| Bitwidth P1|
    +-------------------------+----------+----+---+----+------------+------------+
    |add_ln149_fu_1541_p2     |         +|   0|  0|  39|          32|           1|
    |i_22_fu_1331_p2          |         +|   0|  0|  39|          32|           1|
    |j_22_fu_1417_p2          |         +|   0|  0|  39|          32|           1|
    |k_23_fu_1324_p2          |         +|   0|  0|  39|          32|           1|
    |tmp_576_fu_1005_p98      |         +|   0|  0|  13|           6|           6|
    |tmp_577_fu_1166_p98      |         +|   0|  0|  13|           6|           6|
    |and_ln149_fu_1535_p2     |       and|   0|  0|   2|           1|           1|
    |ap_condition_820         |       and|   0|  0|   2|           1|           1|
    |ap_condition_824         |       and|   0|  0|   2|           1|           1|
    |ap_condition_827         |       and|   0|  0|   2|           1|           1|
    |ap_condition_830         |       and|   0|  0|   2|           1|           1|
    |ap_condition_833         |       and|   0|  0|   2|           1|           1|
    |ap_condition_836         |       and|   0|  0|   2|           1|           1|
    |ap_condition_839         |       and|   0|  0|   2|           1|           1|
    |ap_condition_842         |       and|   0|  0|   2|           1|           1|
    |ap_condition_845         |       and|   0|  0|   2|           1|           1|
    |ap_condition_848         |       and|   0|  0|   2|           1|           1|
    |ap_condition_851         |       and|   0|  0|   2|           1|           1|
    |ap_condition_854         |       and|   0|  0|   2|           1|           1|
    |ap_condition_857         |       and|   0|  0|   2|           1|           1|
    |ap_condition_860         |       and|   0|  0|   2|           1|           1|
    |ap_condition_863         |       and|   0|  0|   2|           1|           1|
    |ap_condition_866         |       and|   0|  0|   2|           1|           1|
    |ap_condition_869         |       and|   0|  0|   2|           1|           1|
    |icmp_ln149_2_fu_1511_p2  |      icmp|   0|  0|  39|          32|           2|
    |icmp_ln149_fu_1528_p2    |      icmp|   0|  0|  37|          30|           1|
    |icmp_ln151_fu_1318_p2    |      icmp|   0|  0|  23|          16|          16|
    |ap_enable_pp0            |       xor|   0|  0|   2|           1|           2|
    +-------------------------+----------+----+---+----+------------+------------+
    |Total                    |          |   0|  0| 319|         237|          55|
    +-------------------------+----------+----+---+----+------------+------------+

    * Multiplexer: 
    +-------------------------+----+-----------+-----+-----------+
    |           Name          | LUT| Input Size| Bits| Total Bits|
    +-------------------------+----+-----------+-----+-----------+
    |ap_done_int              |   9|          2|    1|          2|
    |ap_enable_reg_pp0_iter1  |   9|          2|    1|          2|
    |ap_sig_allocacmp_i_23    |   9|          2|   32|         64|
    |ap_sig_allocacmp_j_23    |   9|          2|   32|         64|
    |i_4_fu_348               |   9|          2|   32|         64|
    |indvars_iv52_reg_844     |   9|          2|   32|         64|
    |j_5_fu_352               |   9|          2|   32|         64|
    |k_5_fu_312               |   9|          2|   32|         64|
    |temp_52_fu_316           |  14|          3|   32|         96|
    |temp_53_fu_320           |  14|          3|   32|         96|
    |temp_54_fu_324           |  14|          3|   32|         96|
    |temp_55_fu_328           |  14|          3|   32|         96|
    |temp_56_fu_332           |  14|          3|   32|         96|
    |temp_57_fu_336           |  14|          3|   32|         96|
    |temp_58_fu_340           |  14|          3|   32|         96|
    |temp_59_fu_344           |  14|          3|   32|         96|
    +-------------------------+----+-----------+-----+-----------+
    |Total                    | 184|         40|  450|       1156|
    +-------------------------+----+-----------+-----+-----------+

    * Register: 
    +-------------------------+----+----+-----+-----------+
    |           Name          | FF | LUT| Bits| Const Bits|
    +-------------------------+----+----+-----+-----------+
    |ap_CS_fsm                |   1|   0|    1|          0|
    |ap_done_reg              |   1|   0|    1|          0|
    |ap_enable_reg_pp0_iter1  |   1|   0|    1|          0|
    |i_4_fu_348               |  32|   0|   32|          0|
    |indvars_iv52_reg_844     |  32|   0|   32|          0|
    |j_5_fu_352               |  32|   0|   32|          0|
    |k_5_fu_312               |  32|   0|   32|          0|
    |temp_52_fu_316           |  32|   0|   32|          0|
    |temp_53_fu_320           |  32|   0|   32|          0|
    |temp_54_fu_324           |  32|   0|   32|          0|
    |temp_55_fu_328           |  32|   0|   32|          0|
    |temp_56_fu_332           |  32|   0|   32|          0|
    |temp_57_fu_336           |  32|   0|   32|          0|
    |temp_58_fu_340           |  32|   0|   32|          0|
    |temp_59_fu_344           |  32|   0|   32|          0|
    +-------------------------+----+----+-----+-----------+
    |Total                    | 387|   0|  387|          0|
    +-------------------------+----+----+-----+-----------+



================================================================
== Interface
================================================================
* Summary: 
+-------------------------+-----+-----+------------+--------------------------------------------------------------------------+--------------+
|        RTL Ports        | Dir | Bits|  Protocol  |                               Source Object                              |    C Type    |
+-------------------------+-----+-----+------------+--------------------------------------------------------------------------+--------------+
|ap_clk                   |   in|    1|  ap_ctrl_hs|  merge_sort<ap_fixed<16, 6, 5, 3, 0>, config5>_Pipeline_VITIS_LOOP_149_31|  return value|
|ap_rst                   |   in|    1|  ap_ctrl_hs|  merge_sort<ap_fixed<16, 6, 5, 3, 0>, config5>_Pipeline_VITIS_LOOP_149_31|  return value|
|ap_start                 |   in|    1|  ap_ctrl_hs|  merge_sort<ap_fixed<16, 6, 5, 3, 0>, config5>_Pipeline_VITIS_LOOP_149_31|  return value|
|ap_done                  |  out|    1|  ap_ctrl_hs|  merge_sort<ap_fixed<16, 6, 5, 3, 0>, config5>_Pipeline_VITIS_LOOP_149_31|  return value|
|ap_idle                  |  out|    1|  ap_ctrl_hs|  merge_sort<ap_fixed<16, 6, 5, 3, 0>, config5>_Pipeline_VITIS_LOOP_149_31|  return value|
|ap_ready                 |  out|    1|  ap_ctrl_hs|  merge_sort<ap_fixed<16, 6, 5, 3, 0>, config5>_Pipeline_VITIS_LOOP_149_31|  return value|
|temp_51                  |   in|   32|     ap_none|                                                                   temp_51|        scalar|
|temp_50                  |   in|   32|     ap_none|                                                                   temp_50|        scalar|
|temp_49                  |   in|   32|     ap_none|                                                                   temp_49|        scalar|
|temp_48                  |   in|   32|     ap_none|                                                                   temp_48|        scalar|
|temp_47                  |   in|   32|     ap_none|                                                                   temp_47|        scalar|
|temp_46                  |   in|   32|     ap_none|                                                                   temp_46|        scalar|
|temp_45                  |   in|   32|     ap_none|                                                                   temp_45|        scalar|
|temp_44                  |   in|   32|     ap_none|                                                                   temp_44|        scalar|
|mux_case_07711           |   in|   32|     ap_none|                                                            mux_case_07711|        scalar|
|mux_case_17815           |   in|   32|     ap_none|                                                            mux_case_17815|        scalar|
|mux_case_27919           |   in|   32|     ap_none|                                                            mux_case_27919|        scalar|
|mux_case_38023           |   in|   32|     ap_none|                                                            mux_case_38023|        scalar|
|mux_case_48127           |   in|   32|     ap_none|                                                            mux_case_48127|        scalar|
|mux_case_58231           |   in|   32|     ap_none|                                                            mux_case_58231|        scalar|
|mux_case_68335           |   in|   32|     ap_none|                                                            mux_case_68335|        scalar|
|mux_case_78439           |   in|   32|     ap_none|                                                            mux_case_78439|        scalar|
|idx1                     |   in|    6|     ap_none|                                                                      idx1|        scalar|
|arr_0_val                |   in|   16|     ap_none|                                                                 arr_0_val|        scalar|
|arr_1_val                |   in|   16|     ap_none|                                                                 arr_1_val|        scalar|
|arr_2_val                |   in|   16|     ap_none|                                                                 arr_2_val|        scalar|
|arr_3_val                |   in|   16|     ap_none|                                                                 arr_3_val|        scalar|
|arr_4_val                |   in|   16|     ap_none|                                                                 arr_4_val|        scalar|
|arr_5_val                |   in|   16|     ap_none|                                                                 arr_5_val|        scalar|
|arr_6_val                |   in|   16|     ap_none|                                                                 arr_6_val|        scalar|
|arr_7_val                |   in|   16|     ap_none|                                                                 arr_7_val|        scalar|
|arr_8_val                |   in|   16|     ap_none|                                                                 arr_8_val|        scalar|
|arr_9_val                |   in|   16|     ap_none|                                                                 arr_9_val|        scalar|
|arr_10_val               |   in|   16|     ap_none|                                                                arr_10_val|        scalar|
|arr_11_val               |   in|   16|     ap_none|                                                                arr_11_val|        scalar|
|arr_12_val               |   in|   16|     ap_none|                                                                arr_12_val|        scalar|
|arr_13_val               |   in|   16|     ap_none|                                                                arr_13_val|        scalar|
|arr_14_val               |   in|   16|     ap_none|                                                                arr_14_val|        scalar|
|arr_15_val               |   in|   16|     ap_none|                                                                arr_15_val|        scalar|
|arr_16_val               |   in|   16|     ap_none|                                                                arr_16_val|        scalar|
|arr_17_val               |   in|   16|     ap_none|                                                                arr_17_val|        scalar|
|arr_18_val               |   in|   16|     ap_none|                                                                arr_18_val|        scalar|
|arr_19_val               |   in|   16|     ap_none|                                                                arr_19_val|        scalar|
|arr_20_val               |   in|   16|     ap_none|                                                                arr_20_val|        scalar|
|arr_21_val               |   in|   16|     ap_none|                                                                arr_21_val|        scalar|
|arr_22_val               |   in|   16|     ap_none|                                                                arr_22_val|        scalar|
|arr_23_val               |   in|   16|     ap_none|                                                                arr_23_val|        scalar|
|arr_24_val               |   in|   16|     ap_none|                                                                arr_24_val|        scalar|
|arr_25_val               |   in|   16|     ap_none|                                                                arr_25_val|        scalar|
|arr_26_val               |   in|   16|     ap_none|                                                                arr_26_val|        scalar|
|arr_27_val               |   in|   16|     ap_none|                                                                arr_27_val|        scalar|
|arr_28_val               |   in|   16|     ap_none|                                                                arr_28_val|        scalar|
|arr_29_val               |   in|   16|     ap_none|                                                                arr_29_val|        scalar|
|arr_30_val               |   in|   16|     ap_none|                                                                arr_30_val|        scalar|
|arr_31_val               |   in|   16|     ap_none|                                                                arr_31_val|        scalar|
|arr_32_val               |   in|   16|     ap_none|                                                                arr_32_val|        scalar|
|arr_33_val               |   in|   16|     ap_none|                                                                arr_33_val|        scalar|
|arr_34_val               |   in|   16|     ap_none|                                                                arr_34_val|        scalar|
|arr_35_val               |   in|   16|     ap_none|                                                                arr_35_val|        scalar|
|arr_36_val               |   in|   16|     ap_none|                                                                arr_36_val|        scalar|
|arr_37_val               |   in|   16|     ap_none|                                                                arr_37_val|        scalar|
|arr_38_val               |   in|   16|     ap_none|                                                                arr_38_val|        scalar|
|arr_39_val               |   in|   16|     ap_none|                                                                arr_39_val|        scalar|
|arr_40_val               |   in|   16|     ap_none|                                                                arr_40_val|        scalar|
|arr_41_val               |   in|   16|     ap_none|                                                                arr_41_val|        scalar|
|arr_42_val               |   in|   16|     ap_none|                                                                arr_42_val|        scalar|
|arr_43_val               |   in|   16|     ap_none|                                                                arr_43_val|        scalar|
|arr_44_val               |   in|   16|     ap_none|                                                                arr_44_val|        scalar|
|arr_45_val               |   in|   16|     ap_none|                                                                arr_45_val|        scalar|
|arr_46_val               |   in|   16|     ap_none|                                                                arr_46_val|        scalar|
|arr_47_val               |   in|   16|     ap_none|                                                                arr_47_val|        scalar|
|indvars_iv52_out         |  out|   32|      ap_vld|                                                          indvars_iv52_out|       pointer|
|indvars_iv52_out_ap_vld  |  out|    1|      ap_vld|                                                          indvars_iv52_out|       pointer|
|k_6_out                  |  out|   32|      ap_vld|                                                                   k_6_out|       pointer|
|k_6_out_ap_vld           |  out|    1|      ap_vld|                                                                   k_6_out|       pointer|
|temp_69_out              |  out|   32|      ap_vld|                                                               temp_69_out|       pointer|
|temp_69_out_ap_vld       |  out|    1|      ap_vld|                                                               temp_69_out|       pointer|
|temp_68_out              |  out|   32|      ap_vld|                                                               temp_68_out|       pointer|
|temp_68_out_ap_vld       |  out|    1|      ap_vld|                                                               temp_68_out|       pointer|
|temp_67_out              |  out|   32|      ap_vld|                                                               temp_67_out|       pointer|
|temp_67_out_ap_vld       |  out|    1|      ap_vld|                                                               temp_67_out|       pointer|
|temp_66_out              |  out|   32|      ap_vld|                                                               temp_66_out|       pointer|
|temp_66_out_ap_vld       |  out|    1|      ap_vld|                                                               temp_66_out|       pointer|
|temp_65_out              |  out|   32|      ap_vld|                                                               temp_65_out|       pointer|
|temp_65_out_ap_vld       |  out|    1|      ap_vld|                                                               temp_65_out|       pointer|
|temp_64_out              |  out|   32|      ap_vld|                                                               temp_64_out|       pointer|
|temp_64_out_ap_vld       |  out|    1|      ap_vld|                                                               temp_64_out|       pointer|
|temp_63_out              |  out|   32|      ap_vld|                                                               temp_63_out|       pointer|
|temp_63_out_ap_vld       |  out|    1|      ap_vld|                                                               temp_63_out|       pointer|
|temp_62_out              |  out|   32|      ap_vld|                                                               temp_62_out|       pointer|
|temp_62_out_ap_vld       |  out|    1|      ap_vld|                                                               temp_62_out|       pointer|
|i_6_out                  |  out|   32|      ap_vld|                                                                   i_6_out|       pointer|
|i_6_out_ap_vld           |  out|    1|      ap_vld|                                                                   i_6_out|       pointer|
|j_7_out                  |  out|   32|      ap_vld|                                                                   j_7_out|       pointer|
|j_7_out_ap_vld           |  out|    1|      ap_vld|                                                                   j_7_out|       pointer|
|icmp_ln149_2_out         |  out|    1|      ap_vld|                                                          icmp_ln149_2_out|       pointer|
|icmp_ln149_2_out_ap_vld  |  out|    1|      ap_vld|                                                          icmp_ln149_2_out|       pointer|
|icmp33_out               |  out|    1|      ap_vld|                                                                icmp33_out|       pointer|
|icmp33_out_ap_vld        |  out|    1|      ap_vld|                                                                icmp33_out|       pointer|
+-------------------------+-----+-----+------------+--------------------------------------------------------------------------+--------------+

