

================================================================
== Vitis HLS Report for 'merge_sort_ap_fixed_16_6_5_3_0_config5_s'
================================================================
* Date:           Tue Mar  4 14:24:10 2025

* Version:        2023.2 (Build 4023990 on Oct 11 2023)
* Project:        myproject_prj
* Solution:       solution1 (Vivado IP Flow Target)
* Product family: virtexuplus
* Target device:  xcvu13p-flga2577-2-e


================================================================
== Performance Estimates
================================================================
+ Timing: 
    * Summary: 
    +--------+---------+----------+------------+
    |  Clock |  Target | Estimated| Uncertainty|
    +--------+---------+----------+------------+
    |ap_clk  |  5.00 ns|  4.214 ns|     0.62 ns|
    +--------+---------+----------+------------+

+ Latency: 
    * Summary: 
    +---------+---------+----------+----------+-----+-----+---------+
    |  Latency (cycles) |  Latency (absolute) |  Interval | Pipeline|
    |   min   |   max   |    min   |    max   | min | max |   Type  |
    +---------+---------+----------+----------+-----+-----+---------+
    |        ?|        ?|         ?|         ?|    ?|    ?|       no|
    +---------+---------+----------+----------+-----+-----+---------+

    + Detail: 
        * Instance: 
        +--------------------------------------------------------------------------------+--------------------------------------------------------------------+---------+---------+----------+----------+-----+-----+---------+
        |                                                                                |                                                                    |  Latency (cycles) |  Latency (absolute) |  Interval | Pipeline|
        |                                    Instance                                    |                               Module                               |   min   |   max   |    min   |    max   | min | max |   Type  |
        +--------------------------------------------------------------------------------+--------------------------------------------------------------------+---------+---------+----------+----------+-----+-----+---------+
        |grp_merge_sort_ap_fixed_16_6_5_3_0_config5_Pipeline_VITIS_LOOP_149_3_fu_2858    |merge_sort_ap_fixed_16_6_5_3_0_config5_Pipeline_VITIS_LOOP_149_3    |        ?|        ?|         ?|         ?|    ?|    ?|       no|
        |grp_merge_sort_ap_fixed_16_6_5_3_0_config5_Pipeline_VITIS_LOOP_161_5_fu_2989    |merge_sort_ap_fixed_16_6_5_3_0_config5_Pipeline_VITIS_LOOP_161_5    |        ?|        ?|         ?|         ?|    ?|    ?|       no|
        |grp_merge_sort_ap_fixed_16_6_5_3_0_config5_Pipeline_VITIS_LOOP_149_31_fu_3020   |merge_sort_ap_fixed_16_6_5_3_0_config5_Pipeline_VITIS_LOOP_149_31   |        ?|        ?|         ?|         ?|    ?|    ?|       no|
        |grp_merge_sort_ap_fixed_16_6_5_3_0_config5_Pipeline_VITIS_LOOP_157_4_fu_3111    |merge_sort_ap_fixed_16_6_5_3_0_config5_Pipeline_VITIS_LOOP_157_4    |        ?|        ?|         ?|         ?|    ?|    ?|       no|
        |grp_merge_sort_ap_fixed_16_6_5_3_0_config5_Pipeline_VITIS_LOOP_161_52_fu_3136   |merge_sort_ap_fixed_16_6_5_3_0_config5_Pipeline_VITIS_LOOP_161_52   |        ?|        ?|         ?|         ?|    ?|    ?|       no|
        |grp_merge_sort_ap_fixed_16_6_5_3_0_config5_Pipeline_VITIS_LOOP_149_33_fu_3171   |merge_sort_ap_fixed_16_6_5_3_0_config5_Pipeline_VITIS_LOOP_149_33   |        ?|        ?|         ?|         ?|    ?|    ?|       no|
        |grp_merge_sort_ap_fixed_16_6_5_3_0_config5_Pipeline_VITIS_LOOP_157_44_fu_3262   |merge_sort_ap_fixed_16_6_5_3_0_config5_Pipeline_VITIS_LOOP_157_44   |        ?|        ?|         ?|         ?|    ?|    ?|       no|
        |grp_merge_sort_ap_fixed_16_6_5_3_0_config5_Pipeline_VITIS_LOOP_161_55_fu_3289   |merge_sort_ap_fixed_16_6_5_3_0_config5_Pipeline_VITIS_LOOP_161_55   |        ?|        ?|         ?|         ?|    ?|    ?|       no|
        |grp_merge_sort_ap_fixed_16_6_5_3_0_config5_Pipeline_VITIS_LOOP_149_36_fu_3326   |merge_sort_ap_fixed_16_6_5_3_0_config5_Pipeline_VITIS_LOOP_149_36   |        ?|        ?|         ?|         ?|    ?|    ?|       no|
        |grp_merge_sort_ap_fixed_16_6_5_3_0_config5_Pipeline_VITIS_LOOP_157_47_fu_3417   |merge_sort_ap_fixed_16_6_5_3_0_config5_Pipeline_VITIS_LOOP_157_47   |        ?|        ?|         ?|         ?|    ?|    ?|       no|
        |grp_merge_sort_ap_fixed_16_6_5_3_0_config5_Pipeline_VITIS_LOOP_161_58_fu_3446   |merge_sort_ap_fixed_16_6_5_3_0_config5_Pipeline_VITIS_LOOP_161_58   |        ?|        ?|         ?|         ?|    ?|    ?|       no|
        |grp_merge_sort_ap_fixed_16_6_5_3_0_config5_Pipeline_VITIS_LOOP_149_39_fu_3485   |merge_sort_ap_fixed_16_6_5_3_0_config5_Pipeline_VITIS_LOOP_149_39   |        ?|        ?|         ?|         ?|    ?|    ?|       no|
        |grp_merge_sort_ap_fixed_16_6_5_3_0_config5_Pipeline_VITIS_LOOP_157_410_fu_3575  |merge_sort_ap_fixed_16_6_5_3_0_config5_Pipeline_VITIS_LOOP_157_410  |        ?|        ?|         ?|         ?|    ?|    ?|       no|
        |grp_merge_sort_ap_fixed_16_6_5_3_0_config5_Pipeline_VITIS_LOOP_161_511_fu_3606  |merge_sort_ap_fixed_16_6_5_3_0_config5_Pipeline_VITIS_LOOP_161_511  |        ?|        ?|         ?|         ?|    ?|    ?|       no|
        |grp_merge_sort_ap_fixed_16_6_5_3_0_config5_Pipeline_VITIS_LOOP_149_312_fu_3641  |merge_sort_ap_fixed_16_6_5_3_0_config5_Pipeline_VITIS_LOOP_149_312  |        ?|        ?|         ?|         ?|    ?|    ?|       no|
        |grp_merge_sort_ap_fixed_16_6_5_3_0_config5_Pipeline_VITIS_LOOP_157_413_fu_3732  |merge_sort_ap_fixed_16_6_5_3_0_config5_Pipeline_VITIS_LOOP_157_413  |        ?|        ?|         ?|         ?|    ?|    ?|       no|
        |grp_merge_sort_ap_fixed_16_6_5_3_0_config5_Pipeline_VITIS_LOOP_161_514_fu_3760  |merge_sort_ap_fixed_16_6_5_3_0_config5_Pipeline_VITIS_LOOP_161_514  |        ?|        ?|         ?|         ?|    ?|    ?|       no|
        |grp_merge_sort_ap_fixed_16_6_5_3_0_config5_Pipeline_VITIS_LOOP_149_315_fu_3799  |merge_sort_ap_fixed_16_6_5_3_0_config5_Pipeline_VITIS_LOOP_149_315  |        ?|        ?|         ?|         ?|    ?|    ?|       no|
        |grp_merge_sort_ap_fixed_16_6_5_3_0_config5_Pipeline_VITIS_LOOP_157_416_fu_3890  |merge_sort_ap_fixed_16_6_5_3_0_config5_Pipeline_VITIS_LOOP_157_416  |        ?|        ?|         ?|         ?|    ?|    ?|       no|
        |grp_merge_sort_ap_fixed_16_6_5_3_0_config5_Pipeline_VITIS_LOOP_161_517_fu_3916  |merge_sort_ap_fixed_16_6_5_3_0_config5_Pipeline_VITIS_LOOP_161_517  |        ?|        ?|         ?|         ?|    ?|    ?|       no|
        +--------------------------------------------------------------------------------+--------------------------------------------------------------------+---------+---------+----------+----------+-----+-----+---------+

        * Loop: 
        +--------------------+---------+---------+----------+-----------+-----------+------+----------+
        |                    |  Latency (cycles) | Iteration|  Initiation Interval  | Trip |          |
        |      Loop Name     |   min   |   max   |  Latency |  achieved |   target  | Count| Pipelined|
        +--------------------+---------+---------+----------+-----------+-----------+------+----------+
        |- VITIS_LOOP_167_6  |        ?|        ?|         2|          -|          -|     ?|        no|
        |- VITIS_LOOP_167_6  |        ?|        ?|         2|          -|          -|     ?|        no|
        |- VITIS_LOOP_167_6  |        ?|        ?|         2|          -|          -|     ?|        no|
        |- VITIS_LOOP_167_6  |        ?|        ?|         2|          -|          -|     ?|        no|
        |- VITIS_LOOP_167_6  |        ?|        ?|         2|          -|          -|     ?|        no|
        |- VITIS_LOOP_167_6  |        ?|        ?|         2|          -|          -|     ?|        no|
        |- VITIS_LOOP_167_6  |        ?|        ?|         1|          -|          -|     ?|        no|
        +--------------------+---------+---------+----------+-----------+-----------+------+----------+



================================================================
== Utilization Estimates
================================================================
* Summary: 
+---------------------+---------+-------+---------+---------+------+
|         Name        | BRAM_18K|  DSP  |    FF   |   LUT   | URAM |
+---------------------+---------+-------+---------+---------+------+
|DSP                  |        -|      -|        -|        -|     -|
|Expression           |        -|      -|        0|     1679|     -|
|FIFO                 |        -|      -|        -|        -|     -|
|Instance             |        -|      -|     6527|    10720|     -|
|Memory               |        -|      -|        -|        -|     -|
|Multiplexer          |        -|      -|        -|     2615|     -|
|Register             |        -|      -|     8930|        -|     -|
+---------------------+---------+-------+---------+---------+------+
|Total                |        0|      0|    15457|    15014|     0|
+---------------------+---------+-------+---------+---------+------+
|Available SLR        |     1344|   3072|   864000|   432000|   320|
+---------------------+---------+-------+---------+---------+------+
|Utilization SLR (%)  |        0|      0|        1|        3|     0|
+---------------------+---------+-------+---------+---------+------+
|Available            |     5376|  12288|  3456000|  1728000|  1280|
+---------------------+---------+-------+---------+---------+------+
|Utilization (%)      |        0|      0|       ~0|       ~0|     0|
+---------------------+---------+-------+---------+---------+------+

+ Detail: 
    * Instance: 
    +--------------------------------------------------------------------------------+--------------------------------------------------------------------+---------+----+-----+------+-----+
    |                                    Instance                                    |                               Module                               | BRAM_18K| DSP|  FF |  LUT | URAM|
    +--------------------------------------------------------------------------------+--------------------------------------------------------------------+---------+----+-----+------+-----+
    |grp_merge_sort_ap_fixed_16_6_5_3_0_config5_Pipeline_VITIS_LOOP_149_3_fu_2858    |merge_sort_ap_fixed_16_6_5_3_0_config5_Pipeline_VITIS_LOOP_149_3    |        0|   0|  355|   904|    0|
    |grp_merge_sort_ap_fixed_16_6_5_3_0_config5_Pipeline_VITIS_LOOP_149_31_fu_3020   |merge_sort_ap_fixed_16_6_5_3_0_config5_Pipeline_VITIS_LOOP_149_31   |        0|   0|  387|  1007|    0|
    |grp_merge_sort_ap_fixed_16_6_5_3_0_config5_Pipeline_VITIS_LOOP_149_312_fu_3641  |merge_sort_ap_fixed_16_6_5_3_0_config5_Pipeline_VITIS_LOOP_149_312  |        0|   0|  387|  1006|    0|
    |grp_merge_sort_ap_fixed_16_6_5_3_0_config5_Pipeline_VITIS_LOOP_149_315_fu_3799  |merge_sort_ap_fixed_16_6_5_3_0_config5_Pipeline_VITIS_LOOP_149_315  |        0|   0|  387|  1004|    0|
    |grp_merge_sort_ap_fixed_16_6_5_3_0_config5_Pipeline_VITIS_LOOP_149_33_fu_3171   |merge_sort_ap_fixed_16_6_5_3_0_config5_Pipeline_VITIS_LOOP_149_33   |        0|   0|  387|  1009|    0|
    |grp_merge_sort_ap_fixed_16_6_5_3_0_config5_Pipeline_VITIS_LOOP_149_36_fu_3326   |merge_sort_ap_fixed_16_6_5_3_0_config5_Pipeline_VITIS_LOOP_149_36   |        0|   0|  387|  1006|    0|
    |grp_merge_sort_ap_fixed_16_6_5_3_0_config5_Pipeline_VITIS_LOOP_149_39_fu_3485   |merge_sort_ap_fixed_16_6_5_3_0_config5_Pipeline_VITIS_LOOP_149_39   |        0|   0|  355|   956|    0|
    |grp_merge_sort_ap_fixed_16_6_5_3_0_config5_Pipeline_VITIS_LOOP_157_4_fu_3111    |merge_sort_ap_fixed_16_6_5_3_0_config5_Pipeline_VITIS_LOOP_157_4    |        0|   0|  293|   197|    0|
    |grp_merge_sort_ap_fixed_16_6_5_3_0_config5_Pipeline_VITIS_LOOP_157_410_fu_3575  |merge_sort_ap_fixed_16_6_5_3_0_config5_Pipeline_VITIS_LOOP_157_410  |        0|   0|  323|   609|    0|
    |grp_merge_sort_ap_fixed_16_6_5_3_0_config5_Pipeline_VITIS_LOOP_157_413_fu_3732  |merge_sort_ap_fixed_16_6_5_3_0_config5_Pipeline_VITIS_LOOP_157_413  |        0|   0|  294|   216|    0|
    |grp_merge_sort_ap_fixed_16_6_5_3_0_config5_Pipeline_VITIS_LOOP_157_416_fu_3890  |merge_sort_ap_fixed_16_6_5_3_0_config5_Pipeline_VITIS_LOOP_157_416  |        0|   0|  294|   195|    0|
    |grp_merge_sort_ap_fixed_16_6_5_3_0_config5_Pipeline_VITIS_LOOP_157_44_fu_3262   |merge_sort_ap_fixed_16_6_5_3_0_config5_Pipeline_VITIS_LOOP_157_44   |        0|   0|  294|   213|    0|
    |grp_merge_sort_ap_fixed_16_6_5_3_0_config5_Pipeline_VITIS_LOOP_157_47_fu_3417   |merge_sort_ap_fixed_16_6_5_3_0_config5_Pipeline_VITIS_LOOP_157_47   |        0|   0|  294|   222|    0|
    |grp_merge_sort_ap_fixed_16_6_5_3_0_config5_Pipeline_VITIS_LOOP_161_5_fu_2989    |merge_sort_ap_fixed_16_6_5_3_0_config5_Pipeline_VITIS_LOOP_161_5    |        0|   0|  323|   609|    0|
    |grp_merge_sort_ap_fixed_16_6_5_3_0_config5_Pipeline_VITIS_LOOP_161_511_fu_3606  |merge_sort_ap_fixed_16_6_5_3_0_config5_Pipeline_VITIS_LOOP_161_511  |        0|   0|  294|   195|    0|
    |grp_merge_sort_ap_fixed_16_6_5_3_0_config5_Pipeline_VITIS_LOOP_161_514_fu_3760  |merge_sort_ap_fixed_16_6_5_3_0_config5_Pipeline_VITIS_LOOP_161_514  |        0|   0|  295|   220|    0|
    |grp_merge_sort_ap_fixed_16_6_5_3_0_config5_Pipeline_VITIS_LOOP_161_517_fu_3916  |merge_sort_ap_fixed_16_6_5_3_0_config5_Pipeline_VITIS_LOOP_161_517  |        0|   0|  295|   220|    0|
    |grp_merge_sort_ap_fixed_16_6_5_3_0_config5_Pipeline_VITIS_LOOP_161_52_fu_3136   |merge_sort_ap_fixed_16_6_5_3_0_config5_Pipeline_VITIS_LOOP_161_52   |        0|   0|  294|   195|    0|
    |grp_merge_sort_ap_fixed_16_6_5_3_0_config5_Pipeline_VITIS_LOOP_161_55_fu_3289   |merge_sort_ap_fixed_16_6_5_3_0_config5_Pipeline_VITIS_LOOP_161_55   |        0|   0|  294|   216|    0|
    |grp_merge_sort_ap_fixed_16_6_5_3_0_config5_Pipeline_VITIS_LOOP_161_58_fu_3446   |merge_sort_ap_fixed_16_6_5_3_0_config5_Pipeline_VITIS_LOOP_161_58   |        0|   0|  295|   220|    0|
    |sparsemux_17_3_32_1_1_U1569                                                     |sparsemux_17_3_32_1_1                                               |        0|   0|    0|    43|    0|
    |sparsemux_17_3_32_1_1_U1570                                                     |sparsemux_17_3_32_1_1                                               |        0|   0|    0|    43|    0|
    |sparsemux_17_3_32_1_1_U1571                                                     |sparsemux_17_3_32_1_1                                               |        0|   0|    0|    43|    0|
    |sparsemux_17_3_32_1_1_U1572                                                     |sparsemux_17_3_32_1_1                                               |        0|   0|    0|    43|    0|
    |sparsemux_17_3_32_1_1_U1573                                                     |sparsemux_17_3_32_1_1                                               |        0|   0|    0|    43|    0|
    |sparsemux_17_3_32_1_1_U1574                                                     |sparsemux_17_3_32_1_1                                               |        0|   0|    0|    43|    0|
    |sparsemux_17_3_32_1_1_U1575                                                     |sparsemux_17_3_32_1_1                                               |        0|   0|    0|    43|    0|
    +--------------------------------------------------------------------------------+--------------------------------------------------------------------+---------+----+-----+------+-----+
    |Total                                                                           |                                                                    |        0|   0| 6527| 10720|    0|
    +--------------------------------------------------------------------------------+--------------------------------------------------------------------+---------+----+-----+------+-----+

    * DSP: 
    N/A

    * Memory: 
    N/A

    * FIFO: 
    N/A

    * Expression: 
    +-------------------------+----------+----+---+----+------------+------------+
    |      Variable Name      | Operation| DSP| FF| LUT| Bitwidth P0| Bitwidth P1|
    +-------------------------+----------+----+---+----+------------+------------+
    |add_ln159_fu_4091_p2     |         +|   0|  0|  39|          32|           2|
    |add_ln167_1_fu_4744_p2   |         +|   0|  0|  39|          32|           1|
    |add_ln167_2_fu_5072_p2   |         +|   0|  0|  39|          32|           1|
    |add_ln167_3_fu_5399_p2   |         +|   0|  0|  39|          32|           1|
    |add_ln167_4_fu_5712_p2   |         +|   0|  0|  39|          32|           1|
    |add_ln167_5_fu_6007_p2   |         +|   0|  0|  39|          32|           1|
    |add_ln167_6_fu_6271_p2   |         +|   0|  0|  39|          32|           1|
    |add_ln167_fu_4416_p2     |         +|   0|  0|  39|          32|           1|
    |k_26_fu_4580_p2          |         +|   0|  0|  32|          32|          32|
    |k_28_fu_4627_p2          |         +|   0|  0|  32|          32|          32|
    |k_30_fu_4908_p2          |         +|   0|  0|  32|          32|          32|
    |k_31_fu_4955_p2          |         +|   0|  0|  32|          32|          32|
    |k_32_fu_5236_p2          |         +|   0|  0|  32|          32|          32|
    |k_33_fu_5283_p2          |         +|   0|  0|  32|          32|          32|
    |k_35_fu_5595_p2          |         +|   0|  0|  32|          32|          32|
    |k_36_fu_5876_p2          |         +|   0|  0|  32|          32|          32|
    |k_38_fu_5923_p2          |         +|   0|  0|  32|          32|          32|
    |k_39_fu_6171_p2          |         +|   0|  0|  32|          32|          32|
    |k_41_fu_6218_p2          |         +|   0|  0|  32|          32|          32|
    |sub_ln149_1_fu_4902_p2   |         -|   0|  0|  32|           3|          32|
    |sub_ln149_2_fu_5230_p2   |         -|   0|  0|  32|           3|          32|
    |sub_ln149_3_fu_5870_p2   |         -|   0|  0|  32|           3|          32|
    |sub_ln149_4_fu_6165_p2   |         -|   0|  0|  32|           3|          32|
    |sub_ln149_fu_4574_p2     |         -|   0|  0|  32|           2|          32|
    |sub_ln161_1_fu_4950_p2   |         -|   0|  0|  32|           3|          32|
    |sub_ln161_2_fu_5278_p2   |         -|   0|  0|  32|           4|          32|
    |sub_ln161_3_fu_5590_p2   |         -|   0|  0|  32|           3|          32|
    |sub_ln161_4_fu_5918_p2   |         -|   0|  0|  32|           4|          32|
    |sub_ln161_5_fu_6213_p2   |         -|   0|  0|  32|           4|          32|
    |sub_ln161_fu_4622_p2     |         -|   0|  0|  32|           3|          32|
    |and_ln159_1_fu_4123_p2   |       and|   0|  0|   2|           1|           1|
    |and_ln159_2_fu_4143_p2   |       and|   0|  0|   2|           1|           1|
    |and_ln159_3_fu_4163_p2   |       and|   0|  0|   2|           1|           1|
    |and_ln159_4_fu_4183_p2   |       and|   0|  0|   2|           1|           1|
    |and_ln159_5_fu_4203_p2   |       and|   0|  0|   2|           1|           1|
    |and_ln159_6_fu_4223_p2   |       and|   0|  0|   2|           1|           1|
    |and_ln159_fu_4103_p2     |       and|   0|  0|   2|           1|           1|
    |icmp_ln159_1_fu_4117_p2  |      icmp|   0|  0|  10|           3|           3|
    |icmp_ln159_2_fu_4137_p2  |      icmp|   0|  0|  12|           3|           4|
    |icmp_ln159_3_fu_4157_p2  |      icmp|   0|  0|  10|           3|           2|
    |icmp_ln159_4_fu_4177_p2  |      icmp|   0|  0|  10|           3|           2|
    |icmp_ln159_5_fu_4197_p2  |      icmp|   0|  0|  10|           3|           1|
    |icmp_ln159_6_fu_4217_p2  |      icmp|   0|  0|  10|           3|           1|
    |icmp_ln159_fu_4097_p2    |      icmp|   0|  0|  10|           3|           3|
    |icmp_ln167_1_fu_4738_p2  |      icmp|   0|  0|  39|          32|          32|
    |icmp_ln167_2_fu_5066_p2  |      icmp|   0|  0|  39|          32|          32|
    |icmp_ln167_3_fu_5393_p2  |      icmp|   0|  0|  39|          32|          32|
    |icmp_ln167_4_fu_5706_p2  |      icmp|   0|  0|  39|          32|          32|
    |icmp_ln167_5_fu_6001_p2  |      icmp|   0|  0|  39|          32|          32|
    |icmp_ln167_6_fu_6265_p2  |      icmp|   0|  0|  39|          32|          32|
    |icmp_ln167_fu_4410_p2    |      icmp|   0|  0|  39|          32|          32|
    |or_ln159_1_fu_4249_p2    |        or|   0|  0|   2|           1|           1|
    |or_ln159_2_fu_4255_p2    |        or|   0|  0|   2|           1|           1|
    |or_ln159_3_fu_4261_p2    |        or|   0|  0|   2|           1|           1|
    |or_ln159_4_fu_4267_p2    |        or|   0|  0|   2|           1|           1|
    |or_ln159_5_fu_4273_p2    |        or|   0|  0|   2|           1|           1|
    |or_ln159_6_fu_4279_p2    |        or|   0|  0|   2|           1|           1|
    |or_ln159_fu_4243_p2      |        or|   0|  0|   2|           1|           1|
    |k_fu_4293_p3             |    select|   0|  0|  32|           1|          32|
    |temp_159_fu_4109_p3      |    select|   0|  0|  32|           1|          32|
    |temp_160_fu_4129_p3      |    select|   0|  0|  32|           1|          32|
    |temp_161_fu_4149_p3      |    select|   0|  0|  32|           1|          32|
    |temp_162_fu_4169_p3      |    select|   0|  0|  32|           1|          32|
    |temp_163_fu_4189_p3      |    select|   0|  0|  32|           1|          32|
    |temp_164_fu_4209_p3      |    select|   0|  0|  32|           1|          32|
    |temp_165_fu_4229_p3      |    select|   0|  0|  32|           1|          32|
    |temp_166_fu_4285_p3      |    select|   0|  0|  32|           1|          32|
    |xor_ln149_fu_4237_p2     |       xor|   0|  0|   2|           1|           2|
    +-------------------------+----------+----+---+----+------------+------------+
    |Total                    |          |   0|  0|1679|         912|        1257|
    +-------------------------+----------+----+---+----+------------+------------+

    * Multiplexer: 
    +------------------------------------+-----+-----------+-----+-----------+
    |                Name                | LUT | Input Size| Bits| Total Bits|
    +------------------------------------+-----+-----------+-----+-----------+
    |ap_NS_fsm                           |  237|         55|    1|         55|
    |ap_phi_mux_k_18_phi_fu_1996_p4      |    9|          2|   32|         64|
    |ap_phi_mux_k_27_phi_fu_2185_p4      |    9|          2|   32|         64|
    |ap_phi_mux_k_34_phi_fu_2374_p4      |    9|          2|   32|         64|
    |ap_phi_mux_k_37_phi_fu_2563_p4      |    9|          2|   32|         64|
    |ap_phi_mux_k_40_phi_fu_2752_p4      |    9|          2|   32|         64|
    |ap_phi_mux_k_9_phi_fu_1807_p4       |    9|          2|   32|         64|
    |ap_phi_mux_temp_146_phi_fu_1986_p4  |    9|          2|   32|         64|
    |ap_phi_mux_temp_147_phi_fu_1976_p4  |    9|          2|   32|         64|
    |ap_phi_mux_temp_148_phi_fu_1966_p4  |    9|          2|   32|         64|
    |ap_phi_mux_temp_149_phi_fu_1956_p4  |    9|          2|   32|         64|
    |ap_phi_mux_temp_150_phi_fu_1946_p4  |    9|          2|   32|         64|
    |ap_phi_mux_temp_151_phi_fu_1936_p4  |    9|          2|   32|         64|
    |ap_phi_mux_temp_152_phi_fu_1926_p4  |    9|          2|   32|         64|
    |ap_phi_mux_temp_153_phi_fu_1916_p4  |    9|          2|   32|         64|
    |ap_phi_mux_temp_175_phi_fu_2175_p4  |    9|          2|   32|         64|
    |ap_phi_mux_temp_176_phi_fu_2165_p4  |    9|          2|   32|         64|
    |ap_phi_mux_temp_177_phi_fu_2155_p4  |    9|          2|   32|         64|
    |ap_phi_mux_temp_178_phi_fu_2145_p4  |    9|          2|   32|         64|
    |ap_phi_mux_temp_179_phi_fu_2135_p4  |    9|          2|   32|         64|
    |ap_phi_mux_temp_180_phi_fu_2125_p4  |    9|          2|   32|         64|
    |ap_phi_mux_temp_181_phi_fu_2115_p4  |    9|          2|   32|         64|
    |ap_phi_mux_temp_182_phi_fu_2105_p4  |    9|          2|   32|         64|
    |ap_phi_mux_temp_191_phi_fu_2364_p4  |    9|          2|   32|         64|
    |ap_phi_mux_temp_192_phi_fu_2354_p4  |    9|          2|   32|         64|
    |ap_phi_mux_temp_193_phi_fu_2344_p4  |    9|          2|   32|         64|
    |ap_phi_mux_temp_194_phi_fu_2334_p4  |    9|          2|   32|         64|
    |ap_phi_mux_temp_195_phi_fu_2324_p4  |    9|          2|   32|         64|
    |ap_phi_mux_temp_196_phi_fu_2314_p4  |    9|          2|   32|         64|
    |ap_phi_mux_temp_197_phi_fu_2304_p4  |    9|          2|   32|         64|
    |ap_phi_mux_temp_198_phi_fu_2294_p4  |    9|          2|   32|         64|
    |ap_phi_mux_temp_207_phi_fu_2553_p4  |    9|          2|   32|         64|
    |ap_phi_mux_temp_208_phi_fu_2543_p4  |    9|          2|   32|         64|
    |ap_phi_mux_temp_209_phi_fu_2533_p4  |    9|          2|   32|         64|
    |ap_phi_mux_temp_210_phi_fu_2523_p4  |    9|          2|   32|         64|
    |ap_phi_mux_temp_211_phi_fu_2513_p4  |    9|          2|   32|         64|
    |ap_phi_mux_temp_212_phi_fu_2503_p4  |    9|          2|   32|         64|
    |ap_phi_mux_temp_213_phi_fu_2493_p4  |    9|          2|   32|         64|
    |ap_phi_mux_temp_214_phi_fu_2483_p4  |    9|          2|   32|         64|
    |ap_phi_mux_temp_223_phi_fu_2742_p4  |    9|          2|   32|         64|
    |ap_phi_mux_temp_224_phi_fu_2732_p4  |    9|          2|   32|         64|
    |ap_phi_mux_temp_225_phi_fu_2722_p4  |    9|          2|   32|         64|
    |ap_phi_mux_temp_226_phi_fu_2712_p4  |    9|          2|   32|         64|
    |ap_phi_mux_temp_227_phi_fu_2702_p4  |    9|          2|   32|         64|
    |ap_phi_mux_temp_228_phi_fu_2692_p4  |    9|          2|   32|         64|
    |ap_phi_mux_temp_229_phi_fu_2682_p4  |    9|          2|   32|         64|
    |ap_phi_mux_temp_230_phi_fu_2672_p4  |    9|          2|   32|         64|
    |ap_phi_mux_temp_78_phi_fu_1797_p4   |    9|          2|   32|         64|
    |ap_phi_mux_temp_79_phi_fu_1787_p4   |    9|          2|   32|         64|
    |ap_phi_mux_temp_80_phi_fu_1777_p4   |    9|          2|   32|         64|
    |ap_phi_mux_temp_81_phi_fu_1767_p4   |    9|          2|   32|         64|
    |ap_phi_mux_temp_82_phi_fu_1757_p4   |    9|          2|   32|         64|
    |ap_phi_mux_temp_83_phi_fu_1747_p4   |    9|          2|   32|         64|
    |ap_phi_mux_temp_84_phi_fu_1737_p4   |    9|          2|   32|         64|
    |ap_phi_mux_temp_85_phi_fu_1727_p4   |    9|          2|   32|         64|
    |i_13_fu_1088                        |    9|          2|   32|         64|
    |i_18_fu_1124                        |    9|          2|   32|         64|
    |i_24_fu_1160                        |    9|          2|   32|         64|
    |i_29_fu_1196                        |    9|          2|   32|         64|
    |i_33_fu_1232                        |    9|          2|   32|         64|
    |i_3_fu_1016                         |    9|          2|   32|         64|
    |i_8_fu_1052                         |    9|          2|   32|         64|
    |indices_0_o                         |   43|          8|   32|        256|
    |indices_1_o                         |   43|          8|   32|        256|
    |indices_2_o                         |   43|          8|   32|        256|
    |indices_3_o                         |   43|          8|   32|        256|
    |indices_4_o                         |   43|          8|   32|        256|
    |indices_5_o                         |   43|          8|   32|        256|
    |indices_6_o                         |   43|          8|   32|        256|
    |indices_7_o                         |   43|          8|   32|        256|
    |k_18_reg_1993                       |    9|          2|   32|         64|
    |k_27_reg_2182                       |    9|          2|   32|         64|
    |k_34_reg_2371                       |    9|          2|   32|         64|
    |k_37_reg_2560                       |    9|          2|   32|         64|
    |k_3_lcssa_164_reg_1902              |    9|          2|   32|         64|
    |k_3_lcssa_1_1_reg_2658              |    9|          2|   32|         64|
    |k_3_lcssa_1_reg_2469                |    9|          2|   32|         64|
    |k_3_lcssa_2157_reg_2091             |    9|          2|   32|         64|
    |k_3_lcssa_2_reg_2847                |    9|          2|   32|         64|
    |k_3_lcssa_3_reg_2280                |    9|          2|   32|         64|
    |k_3_lcssa_reg_1714                  |    9|          2|   32|         64|
    |k_40_reg_2749                       |    9|          2|   32|         64|
    |k_9_reg_1804                        |    9|          2|   32|         64|
    |mux_case_0189107_fu_1056            |    9|          2|   32|         64|
    |mux_case_0301203_fu_1092            |    9|          2|   32|         64|
    |mux_case_0413299_fu_1128            |    9|          2|   32|         64|
    |mux_case_0525395_fu_1164            |    9|          2|   32|         64|
    |mux_case_0637491_fu_1200            |    9|          2|   32|         64|
    |mux_case_07711_fu_1020              |    9|          2|   32|         64|
    |mux_case_1190111_fu_1060            |    9|          2|   32|         64|
    |mux_case_1302207_fu_1096            |    9|          2|   32|         64|
    |mux_case_1414303_fu_1132            |    9|          2|   32|         64|
    |mux_case_1526399_fu_1168            |    9|          2|   32|         64|
    |mux_case_1638495_fu_1204            |    9|          2|   32|         64|
    |mux_case_17815_fu_1024              |    9|          2|   32|         64|
    |mux_case_2191115_fu_1064            |    9|          2|   32|         64|
    |mux_case_2303211_fu_1100            |    9|          2|   32|         64|
    |mux_case_2415307_fu_1136            |    9|          2|   32|         64|
    |mux_case_2527403_fu_1172            |    9|          2|   32|         64|
    |mux_case_2639499_fu_1208            |    9|          2|   32|         64|
    |mux_case_27919_fu_1028              |    9|          2|   32|         64|
    |mux_case_3192119_fu_1068            |    9|          2|   32|         64|
    |mux_case_3304215_fu_1104            |    9|          2|   32|         64|
    |mux_case_3416311_fu_1140            |    9|          2|   32|         64|
    |mux_case_3528407_fu_1176            |    9|          2|   32|         64|
    |mux_case_3640503_fu_1212            |    9|          2|   32|         64|
    |mux_case_38023_fu_1032              |    9|          2|   32|         64|
    |mux_case_4193123_fu_1072            |    9|          2|   32|         64|
    |mux_case_4305219_fu_1108            |    9|          2|   32|         64|
    |mux_case_4417315_fu_1144            |    9|          2|   32|         64|
    |mux_case_4529411_fu_1180            |    9|          2|   32|         64|
    |mux_case_4641507_fu_1216            |    9|          2|   32|         64|
    |mux_case_48127_fu_1036              |    9|          2|   32|         64|
    |mux_case_5194127_fu_1076            |    9|          2|   32|         64|
    |mux_case_5306223_fu_1112            |    9|          2|   32|         64|
    |mux_case_5418319_fu_1148            |    9|          2|   32|         64|
    |mux_case_5530415_fu_1184            |    9|          2|   32|         64|
    |mux_case_5642511_fu_1220            |    9|          2|   32|         64|
    |mux_case_58231_fu_1040              |    9|          2|   32|         64|
    |mux_case_6195131_fu_1080            |    9|          2|   32|         64|
    |mux_case_6307227_fu_1116            |    9|          2|   32|         64|
    |mux_case_6419323_fu_1152            |    9|          2|   32|         64|
    |mux_case_6531419_fu_1188            |    9|          2|   32|         64|
    |mux_case_6643515_fu_1224            |    9|          2|   32|         64|
    |mux_case_68335_fu_1044              |    9|          2|   32|         64|
    |mux_case_7196135_fu_1084            |    9|          2|   32|         64|
    |mux_case_7308231_fu_1120            |    9|          2|   32|         64|
    |mux_case_7420327_fu_1156            |    9|          2|   32|         64|
    |mux_case_7532423_fu_1192            |    9|          2|   32|         64|
    |mux_case_7644519_fu_1228            |    9|          2|   32|         64|
    |mux_case_78439_fu_1048              |    9|          2|   32|         64|
    |temp_103_reg_1891                   |    9|          2|   32|         64|
    |temp_104_reg_1880                   |    9|          2|   32|         64|
    |temp_105_reg_1869                   |    9|          2|   32|         64|
    |temp_106_reg_1858                   |    9|          2|   32|         64|
    |temp_107_reg_1847                   |    9|          2|   32|         64|
    |temp_108_reg_1836                   |    9|          2|   32|         64|
    |temp_109_reg_1825                   |    9|          2|   32|         64|
    |temp_110_reg_1814                   |    9|          2|   32|         64|
    |temp_146_reg_1983                   |    9|          2|   32|         64|
    |temp_147_reg_1973                   |    9|          2|   32|         64|
    |temp_148_reg_1963                   |    9|          2|   32|         64|
    |temp_149_reg_1953                   |    9|          2|   32|         64|
    |temp_150_reg_1943                   |    9|          2|   32|         64|
    |temp_151_reg_1933                   |    9|          2|   32|         64|
    |temp_152_reg_1923                   |    9|          2|   32|         64|
    |temp_153_reg_1913                   |    9|          2|   32|         64|
    |temp_167_reg_2080                   |    9|          2|   32|         64|
    |temp_168_reg_2069                   |    9|          2|   32|         64|
    |temp_169_reg_2058                   |    9|          2|   32|         64|
    |temp_170_reg_2047                   |    9|          2|   32|         64|
    |temp_171_reg_2036                   |    9|          2|   32|         64|
    |temp_172_reg_2025                   |    9|          2|   32|         64|
    |temp_173_reg_2014                   |    9|          2|   32|         64|
    |temp_174_reg_2003                   |    9|          2|   32|         64|
    |temp_175_reg_2172                   |    9|          2|   32|         64|
    |temp_176_reg_2162                   |    9|          2|   32|         64|
    |temp_177_reg_2152                   |    9|          2|   32|         64|
    |temp_178_reg_2142                   |    9|          2|   32|         64|
    |temp_179_reg_2132                   |    9|          2|   32|         64|
    |temp_180_reg_2122                   |    9|          2|   32|         64|
    |temp_181_reg_2112                   |    9|          2|   32|         64|
    |temp_182_reg_2102                   |    9|          2|   32|         64|
    |temp_183_reg_2269                   |    9|          2|   32|         64|
    |temp_184_reg_2258                   |    9|          2|   32|         64|
    |temp_185_reg_2247                   |    9|          2|   32|         64|
    |temp_186_reg_2236                   |    9|          2|   32|         64|
    |temp_187_reg_2225                   |    9|          2|   32|         64|
    |temp_188_reg_2214                   |    9|          2|   32|         64|
    |temp_189_reg_2203                   |    9|          2|   32|         64|
    |temp_190_reg_2192                   |    9|          2|   32|         64|
    |temp_191_reg_2361                   |    9|          2|   32|         64|
    |temp_192_reg_2351                   |    9|          2|   32|         64|
    |temp_193_reg_2341                   |    9|          2|   32|         64|
    |temp_194_reg_2331                   |    9|          2|   32|         64|
    |temp_195_reg_2321                   |    9|          2|   32|         64|
    |temp_196_reg_2311                   |    9|          2|   32|         64|
    |temp_197_reg_2301                   |    9|          2|   32|         64|
    |temp_198_reg_2291                   |    9|          2|   32|         64|
    |temp_199_reg_2458                   |    9|          2|   32|         64|
    |temp_200_reg_2447                   |    9|          2|   32|         64|
    |temp_201_reg_2436                   |    9|          2|   32|         64|
    |temp_202_reg_2425                   |    9|          2|   32|         64|
    |temp_203_reg_2414                   |    9|          2|   32|         64|
    |temp_204_reg_2403                   |    9|          2|   32|         64|
    |temp_205_reg_2392                   |    9|          2|   32|         64|
    |temp_206_reg_2381                   |    9|          2|   32|         64|
    |temp_207_reg_2550                   |    9|          2|   32|         64|
    |temp_208_reg_2540                   |    9|          2|   32|         64|
    |temp_209_reg_2530                   |    9|          2|   32|         64|
    |temp_210_reg_2520                   |    9|          2|   32|         64|
    |temp_211_reg_2510                   |    9|          2|   32|         64|
    |temp_212_reg_2500                   |    9|          2|   32|         64|
    |temp_213_reg_2490                   |    9|          2|   32|         64|
    |temp_214_reg_2480                   |    9|          2|   32|         64|
    |temp_215_reg_2647                   |    9|          2|   32|         64|
    |temp_216_reg_2636                   |    9|          2|   32|         64|
    |temp_217_reg_2625                   |    9|          2|   32|         64|
    |temp_218_reg_2614                   |    9|          2|   32|         64|
    |temp_219_reg_2603                   |    9|          2|   32|         64|
    |temp_220_reg_2592                   |    9|          2|   32|         64|
    |temp_221_reg_2581                   |    9|          2|   32|         64|
    |temp_222_reg_2570                   |    9|          2|   32|         64|
    |temp_223_reg_2739                   |    9|          2|   32|         64|
    |temp_224_reg_2729                   |    9|          2|   32|         64|
    |temp_225_reg_2719                   |    9|          2|   32|         64|
    |temp_226_reg_2709                   |    9|          2|   32|         64|
    |temp_227_reg_2699                   |    9|          2|   32|         64|
    |temp_228_reg_2689                   |    9|          2|   32|         64|
    |temp_229_reg_2679                   |    9|          2|   32|         64|
    |temp_230_reg_2669                   |    9|          2|   32|         64|
    |temp_231_reg_2836                   |    9|          2|   32|         64|
    |temp_232_reg_2825                   |    9|          2|   32|         64|
    |temp_233_reg_2814                   |    9|          2|   32|         64|
    |temp_234_reg_2803                   |    9|          2|   32|         64|
    |temp_235_reg_2792                   |    9|          2|   32|         64|
    |temp_236_reg_2781                   |    9|          2|   32|         64|
    |temp_237_reg_2770                   |    9|          2|   32|         64|
    |temp_238_reg_2759                   |    9|          2|   32|         64|
    |temp_44_reg_1704                    |    9|          2|   32|         64|
    |temp_45_reg_1694                    |    9|          2|   32|         64|
    |temp_46_reg_1684                    |    9|          2|   32|         64|
    |temp_47_reg_1674                    |    9|          2|   32|         64|
    |temp_48_reg_1664                    |    9|          2|   32|         64|
    |temp_49_reg_1654                    |    9|          2|   32|         64|
    |temp_50_reg_1644                    |    9|          2|   32|         64|
    |temp_51_reg_1634                    |    9|          2|   32|         64|
    |temp_78_reg_1794                    |    9|          2|   32|         64|
    |temp_79_reg_1784                    |    9|          2|   32|         64|
    |temp_80_reg_1774                    |    9|          2|   32|         64|
    |temp_81_reg_1764                    |    9|          2|   32|         64|
    |temp_82_reg_1754                    |    9|          2|   32|         64|
    |temp_83_reg_1744                    |    9|          2|   32|         64|
    |temp_84_reg_1734                    |    9|          2|   32|         64|
    |temp_85_reg_1724                    |    9|          2|   32|         64|
    +------------------------------------+-----+-----------+-----+-----------+
    |Total                               | 2615|        571| 7489|      16567|
    +------------------------------------+-----+-----------+-----+-----------+

    * Register: 
    +---------------------------------------------------------------------------------------------+----+----+-----+-----------+
    |                                             Name                                            | FF | LUT| Bits| Const Bits|
    +---------------------------------------------------------------------------------------------+----+----+-----+-----------+
    |add_ln167_1_reg_8517                                                                         |  32|   0|   32|          0|
    |add_ln167_2_reg_8707                                                                         |  32|   0|   32|          0|
    |add_ln167_3_reg_8899                                                                         |  32|   0|   32|          0|
    |add_ln167_4_reg_9081                                                                         |  32|   0|   32|          0|
    |add_ln167_5_reg_9213                                                                         |  32|   0|   32|          0|
    |add_ln167_reg_8331                                                                           |  32|   0|   32|          0|
    |ap_CS_fsm                                                                                    |  54|   0|   54|          0|
    |grp_merge_sort_ap_fixed_16_6_5_3_0_config5_Pipeline_VITIS_LOOP_149_312_fu_3641_ap_start_reg  |   1|   0|    1|          0|
    |grp_merge_sort_ap_fixed_16_6_5_3_0_config5_Pipeline_VITIS_LOOP_149_315_fu_3799_ap_start_reg  |   1|   0|    1|          0|
    |grp_merge_sort_ap_fixed_16_6_5_3_0_config5_Pipeline_VITIS_LOOP_149_31_fu_3020_ap_start_reg   |   1|   0|    1|          0|
    |grp_merge_sort_ap_fixed_16_6_5_3_0_config5_Pipeline_VITIS_LOOP_149_33_fu_3171_ap_start_reg   |   1|   0|    1|          0|
    |grp_merge_sort_ap_fixed_16_6_5_3_0_config5_Pipeline_VITIS_LOOP_149_36_fu_3326_ap_start_reg   |   1|   0|    1|          0|
    |grp_merge_sort_ap_fixed_16_6_5_3_0_config5_Pipeline_VITIS_LOOP_149_39_fu_3485_ap_start_reg   |   1|   0|    1|          0|
    |grp_merge_sort_ap_fixed_16_6_5_3_0_config5_Pipeline_VITIS_LOOP_149_3_fu_2858_ap_start_reg    |   1|   0|    1|          0|
    |grp_merge_sort_ap_fixed_16_6_5_3_0_config5_Pipeline_VITIS_LOOP_157_410_fu_3575_ap_start_reg  |   1|   0|    1|          0|
    |grp_merge_sort_ap_fixed_16_6_5_3_0_config5_Pipeline_VITIS_LOOP_157_413_fu_3732_ap_start_reg  |   1|   0|    1|          0|
    |grp_merge_sort_ap_fixed_16_6_5_3_0_config5_Pipeline_VITIS_LOOP_157_416_fu_3890_ap_start_reg  |   1|   0|    1|          0|
    |grp_merge_sort_ap_fixed_16_6_5_3_0_config5_Pipeline_VITIS_LOOP_157_44_fu_3262_ap_start_reg   |   1|   0|    1|          0|
    |grp_merge_sort_ap_fixed_16_6_5_3_0_config5_Pipeline_VITIS_LOOP_157_47_fu_3417_ap_start_reg   |   1|   0|    1|          0|
    |grp_merge_sort_ap_fixed_16_6_5_3_0_config5_Pipeline_VITIS_LOOP_157_4_fu_3111_ap_start_reg    |   1|   0|    1|          0|
    |grp_merge_sort_ap_fixed_16_6_5_3_0_config5_Pipeline_VITIS_LOOP_161_511_fu_3606_ap_start_reg  |   1|   0|    1|          0|
    |grp_merge_sort_ap_fixed_16_6_5_3_0_config5_Pipeline_VITIS_LOOP_161_514_fu_3760_ap_start_reg  |   1|   0|    1|          0|
    |grp_merge_sort_ap_fixed_16_6_5_3_0_config5_Pipeline_VITIS_LOOP_161_517_fu_3916_ap_start_reg  |   1|   0|    1|          0|
    |grp_merge_sort_ap_fixed_16_6_5_3_0_config5_Pipeline_VITIS_LOOP_161_52_fu_3136_ap_start_reg   |   1|   0|    1|          0|
    |grp_merge_sort_ap_fixed_16_6_5_3_0_config5_Pipeline_VITIS_LOOP_161_55_fu_3289_ap_start_reg   |   1|   0|    1|          0|
    |grp_merge_sort_ap_fixed_16_6_5_3_0_config5_Pipeline_VITIS_LOOP_161_58_fu_3446_ap_start_reg   |   1|   0|    1|          0|
    |grp_merge_sort_ap_fixed_16_6_5_3_0_config5_Pipeline_VITIS_LOOP_161_5_fu_2989_ap_start_reg    |   1|   0|    1|          0|
    |i_13_fu_1088                                                                                 |  32|   0|   32|          0|
    |i_18_fu_1124                                                                                 |  32|   0|   32|          0|
    |i_24_fu_1160                                                                                 |  32|   0|   32|          0|
    |i_29_fu_1196                                                                                 |  32|   0|   32|          0|
    |i_33_fu_1232                                                                                 |  32|   0|   32|          0|
    |i_3_fu_1016                                                                                  |  32|   0|   32|          0|
    |i_8_fu_1052                                                                                  |  32|   0|   32|          0|
    |icmp10_loc_fu_520                                                                            |   1|   0|    1|          0|
    |icmp10_loc_load_reg_8940                                                                     |   1|   0|    1|          0|
    |icmp13_loc_fu_516                                                                            |   1|   0|    1|          0|
    |icmp13_loc_load_reg_8944                                                                     |   1|   0|    1|          0|
    |icmp20_loc_fu_276                                                                            |   1|   0|    1|          0|
    |icmp20_loc_load_reg_9251                                                                     |   1|   0|    1|          0|
    |icmp23_loc_fu_272                                                                            |   1|   0|    1|          0|
    |icmp23_loc_load_reg_9255                                                                     |   1|   0|    1|          0|
    |icmp28_loc_fu_392                                                                            |   1|   0|    1|          0|
    |icmp28_loc_load_reg_9123                                                                     |   1|   0|    1|          0|
    |icmp33_loc_fu_872                                                                            |   1|   0|    1|          0|
    |icmp33_loc_load_reg_8373                                                                     |   1|   0|    1|          0|
    |icmp38_loc_fu_632                                                                            |   1|   0|    1|          0|
    |icmp38_loc_load_reg_8749                                                                     |   1|   0|    1|          0|
    |icmp_ln149_10_loc_fu_396                                                                     |   1|   0|    1|          0|
    |icmp_ln149_10_loc_load_reg_9119                                                              |   1|   0|    1|          0|
    |icmp_ln149_2_loc_fu_876                                                                      |   1|   0|    1|          0|
    |icmp_ln149_2_loc_load_reg_8369                                                               |   1|   0|    1|          0|
    |icmp_ln149_4_loc_fu_756                                                                      |   1|   0|    1|          0|
    |icmp_ln149_4_loc_load_reg_8555                                                               |   1|   0|    1|          0|
    |icmp_ln149_5_loc_fu_752                                                                      |   1|   0|    1|          0|
    |icmp_ln149_5_loc_load_reg_8559                                                               |   1|   0|    1|          0|
    |icmp_ln149_6_loc_fu_636                                                                      |   1|   0|    1|          0|
    |icmp_ln149_6_loc_load_reg_8745                                                               |   1|   0|    1|          0|
    |icmp_ln149_loc_fu_968                                                                        |   1|   0|    1|          0|
    |icmp_loc_fu_964                                                                              |   1|   0|    1|          0|
    |icmp_loc_load_reg_8152                                                                       |   1|   0|    1|          0|
    |indices_1_read_reg_8100                                                                      |  32|   0|   32|          0|
    |indices_2_read_reg_8107                                                                      |  32|   0|   32|          0|
    |indices_3_read_reg_8114                                                                      |  32|   0|   32|          0|
    |indices_4_read_reg_8121                                                                      |  32|   0|   32|          0|
    |indices_5_read_reg_8128                                                                      |  32|   0|   32|          0|
    |indices_6_read_reg_8135                                                                      |  32|   0|   32|          0|
    |indices_7_read_reg_8142                                                                      |  32|   0|   32|          0|
    |k_15_loc_fu_800                                                                              |  32|   0|   32|          0|
    |k_18_reg_1993                                                                                |  32|   0|   32|          0|
    |k_1_loc_fu_1008                                                                              |  32|   0|   32|          0|
    |k_24_loc_fu_680                                                                              |  32|   0|   32|          0|
    |k_26_reg_8382                                                                                |  32|   0|   32|          0|
    |k_27_reg_2182                                                                                |  32|   0|   32|          0|
    |k_30_reg_8568                                                                                |  32|   0|   32|          0|
    |k_32_reg_8758                                                                                |  32|   0|   32|          0|
    |k_33_loc_fu_564                                                                              |  32|   0|   32|          0|
    |k_33_reg_8768                                                                                |  32|   0|   32|          0|
    |k_34_reg_2371                                                                                |  32|   0|   32|          0|
    |k_35_loc_fu_512                                                                              |  32|   0|   32|          0|
    |k_36_reg_9132                                                                                |  32|   0|   32|          0|
    |k_37_reg_2560                                                                                |  32|   0|   32|          0|
    |k_38_reg_9142                                                                                |  32|   0|   32|          0|
    |k_39_reg_9264                                                                                |  32|   0|   32|          0|
    |k_3_lcssa_164_reg_1902                                                                       |  32|   0|   32|          0|
    |k_3_lcssa_1_1_reg_2658                                                                       |  32|   0|   32|          0|
    |k_3_lcssa_1_reg_2469                                                                         |  32|   0|   32|          0|
    |k_3_lcssa_2157_reg_2091                                                                      |  32|   0|   32|          0|
    |k_3_lcssa_2_reg_2847                                                                         |  32|   0|   32|          0|
    |k_3_lcssa_3_reg_2280                                                                         |  32|   0|   32|          0|
    |k_3_lcssa_reg_1714                                                                           |  32|   0|   32|          0|
    |k_40_reg_2749                                                                                |  32|   0|   32|          0|
    |k_41_loc_fu_440                                                                              |  32|   0|   32|          0|
    |k_4_loc_fu_960                                                                               |  32|   0|   32|          0|
    |k_50_loc_fu_320                                                                              |  32|   0|   32|          0|
    |k_6_loc_fu_920                                                                               |  32|   0|   32|          0|
    |k_9_reg_1804                                                                                 |  32|   0|   32|          0|
    |k_reg_8204                                                                                   |  32|   0|   32|          0|
    |mux_case_0189107_fu_1056                                                                     |  32|   0|   32|          0|
    |mux_case_0189107_load_reg_8455                                                               |  32|   0|   32|          0|
    |mux_case_0301203_fu_1092                                                                     |  32|   0|   32|          0|
    |mux_case_0301203_load_reg_8641                                                               |  32|   0|   32|          0|
    |mux_case_0413299_fu_1128                                                                     |  32|   0|   32|          0|
    |mux_case_0413299_load_reg_8836                                                               |  32|   0|   32|          0|
    |mux_case_0525395_fu_1164                                                                     |  32|   0|   32|          0|
    |mux_case_0525395_load_reg_9016                                                               |  32|   0|   32|          0|
    |mux_case_0637491_fu_1200                                                                     |  32|   0|   32|          0|
    |mux_case_07711_fu_1020                                                                       |  32|   0|   32|          0|
    |mux_case_07711_load_reg_8273                                                                 |  32|   0|   32|          0|
    |mux_case_1190111_fu_1060                                                                     |  32|   0|   32|          0|
    |mux_case_1190111_load_reg_8463                                                               |  32|   0|   32|          0|
    |mux_case_1302207_fu_1096                                                                     |  32|   0|   32|          0|
    |mux_case_1302207_load_reg_8649                                                               |  32|   0|   32|          0|
    |mux_case_1414303_fu_1132                                                                     |  32|   0|   32|          0|
    |mux_case_1414303_load_reg_8844                                                               |  32|   0|   32|          0|
    |mux_case_1526399_fu_1168                                                                     |  32|   0|   32|          0|
    |mux_case_1526399_load_reg_9024                                                               |  32|   0|   32|          0|
    |mux_case_1638495_fu_1204                                                                     |  32|   0|   32|          0|
    |mux_case_17815_fu_1024                                                                       |  32|   0|   32|          0|
    |mux_case_17815_load_reg_8281                                                                 |  32|   0|   32|          0|
    |mux_case_2191115_fu_1064                                                                     |  32|   0|   32|          0|
    |mux_case_2191115_load_reg_8471                                                               |  32|   0|   32|          0|
    |mux_case_2303211_fu_1100                                                                     |  32|   0|   32|          0|
    |mux_case_2303211_load_reg_8657                                                               |  32|   0|   32|          0|
    |mux_case_2415307_fu_1136                                                                     |  32|   0|   32|          0|
    |mux_case_2415307_load_reg_8852                                                               |  32|   0|   32|          0|
    |mux_case_2527403_fu_1172                                                                     |  32|   0|   32|          0|
    |mux_case_2527403_load_reg_9032                                                               |  32|   0|   32|          0|
    |mux_case_2639499_fu_1208                                                                     |  32|   0|   32|          0|
    |mux_case_27919_fu_1028                                                                       |  32|   0|   32|          0|
    |mux_case_27919_load_reg_8289                                                                 |  32|   0|   32|          0|
    |mux_case_3192119_fu_1068                                                                     |  32|   0|   32|          0|
    |mux_case_3192119_load_reg_8479                                                               |  32|   0|   32|          0|
    |mux_case_3304215_fu_1104                                                                     |  32|   0|   32|          0|
    |mux_case_3304215_load_reg_8665                                                               |  32|   0|   32|          0|
    |mux_case_3416311_fu_1140                                                                     |  32|   0|   32|          0|
    |mux_case_3416311_load_reg_8860                                                               |  32|   0|   32|          0|
    |mux_case_3528407_fu_1176                                                                     |  32|   0|   32|          0|
    |mux_case_3528407_load_reg_9040                                                               |  32|   0|   32|          0|
    |mux_case_3640503_fu_1212                                                                     |  32|   0|   32|          0|
    |mux_case_38023_fu_1032                                                                       |  32|   0|   32|          0|
    |mux_case_38023_load_reg_8297                                                                 |  32|   0|   32|          0|
    |mux_case_4193123_fu_1072                                                                     |  32|   0|   32|          0|
    |mux_case_4193123_load_reg_8487                                                               |  32|   0|   32|          0|
    |mux_case_4305219_fu_1108                                                                     |  32|   0|   32|          0|
    |mux_case_4305219_load_reg_8673                                                               |  32|   0|   32|          0|
    |mux_case_4417315_fu_1144                                                                     |  32|   0|   32|          0|
    |mux_case_4417315_load_reg_8868                                                               |  32|   0|   32|          0|
    |mux_case_4529411_fu_1180                                                                     |  32|   0|   32|          0|
    |mux_case_4529411_load_reg_9048                                                               |  32|   0|   32|          0|
    |mux_case_4641507_fu_1216                                                                     |  32|   0|   32|          0|
    |mux_case_48127_fu_1036                                                                       |  32|   0|   32|          0|
    |mux_case_48127_load_reg_8304                                                                 |  32|   0|   32|          0|
    |mux_case_5194127_fu_1076                                                                     |  32|   0|   32|          0|
    |mux_case_5194127_load_reg_8495                                                               |  32|   0|   32|          0|
    |mux_case_5306223_fu_1112                                                                     |  32|   0|   32|          0|
    |mux_case_5306223_load_reg_8681                                                               |  32|   0|   32|          0|
    |mux_case_5418319_fu_1148                                                                     |  32|   0|   32|          0|
    |mux_case_5418319_load_reg_8875                                                               |  32|   0|   32|          0|
    |mux_case_5530415_fu_1184                                                                     |  32|   0|   32|          0|
    |mux_case_5530415_load_reg_9056                                                               |  32|   0|   32|          0|
    |mux_case_5642511_fu_1220                                                                     |  32|   0|   32|          0|
    |mux_case_58231_fu_1040                                                                       |  32|   0|   32|          0|
    |mux_case_58231_load_reg_8310                                                                 |  32|   0|   32|          0|
    |mux_case_6195131_fu_1080                                                                     |  32|   0|   32|          0|
    |mux_case_6195131_load_reg_8502                                                               |  32|   0|   32|          0|
    |mux_case_6307227_fu_1116                                                                     |  32|   0|   32|          0|
    |mux_case_6307227_load_reg_8689                                                               |  32|   0|   32|          0|
    |mux_case_6419323_fu_1152                                                                     |  32|   0|   32|          0|
    |mux_case_6419323_load_reg_8882                                                               |  32|   0|   32|          0|
    |mux_case_6531419_fu_1188                                                                     |  32|   0|   32|          0|
    |mux_case_6531419_load_reg_9064                                                               |  32|   0|   32|          0|
    |mux_case_6643515_fu_1224                                                                     |  32|   0|   32|          0|
    |mux_case_68335_fu_1044                                                                       |  32|   0|   32|          0|
    |mux_case_68335_load_reg_8316                                                                 |  32|   0|   32|          0|
    |mux_case_7196135_fu_1084                                                                     |  32|   0|   32|          0|
    |mux_case_7196135_load_reg_8508                                                               |  32|   0|   32|          0|
    |mux_case_7308231_fu_1120                                                                     |  32|   0|   32|          0|
    |mux_case_7308231_load_reg_8697                                                               |  32|   0|   32|          0|
    |mux_case_7420327_fu_1156                                                                     |  32|   0|   32|          0|
    |mux_case_7420327_load_reg_8889                                                               |  32|   0|   32|          0|
    |mux_case_7532423_fu_1192                                                                     |  32|   0|   32|          0|
    |mux_case_7532423_load_reg_9071                                                               |  32|   0|   32|          0|
    |mux_case_7644519_fu_1228                                                                     |  32|   0|   32|          0|
    |mux_case_78439_fu_1048                                                                       |  32|   0|   32|          0|
    |mux_case_78439_load_reg_8322                                                                 |  32|   0|   32|          0|
    |reg_3995                                                                                     |  32|   0|   32|          0|
    |reg_4002                                                                                     |  32|   0|   32|          0|
    |reg_4009                                                                                     |  32|   0|   32|          0|
    |reg_4016                                                                                     |  32|   0|   32|          0|
    |reg_4023                                                                                     |  32|   0|   32|          0|
    |reg_4029                                                                                     |  32|   0|   32|          0|
    |reg_4035                                                                                     |  32|   0|   32|          0|
    |reg_4041                                                                                     |  32|   0|   32|          0|
    |temp_103_reg_1891                                                                            |  32|   0|   32|          0|
    |temp_104_reg_1880                                                                            |  32|   0|   32|          0|
    |temp_105_reg_1869                                                                            |  32|   0|   32|          0|
    |temp_106_reg_1858                                                                            |  32|   0|   32|          0|
    |temp_107_reg_1847                                                                            |  32|   0|   32|          0|
    |temp_108_reg_1836                                                                            |  32|   0|   32|          0|
    |temp_109_reg_1825                                                                            |  32|   0|   32|          0|
    |temp_110_reg_1814                                                                            |  32|   0|   32|          0|
    |temp_111_loc_fu_936                                                                          |  32|   0|   32|          0|
    |temp_128_loc_fu_932                                                                          |  32|   0|   32|          0|
    |temp_129_loc_fu_928                                                                          |  32|   0|   32|          0|
    |temp_146_reg_1983                                                                            |  32|   0|   32|          0|
    |temp_147_reg_1973                                                                            |  32|   0|   32|          0|
    |temp_148_reg_1963                                                                            |  32|   0|   32|          0|
    |temp_149_reg_1953                                                                            |  32|   0|   32|          0|
    |temp_150_reg_1943                                                                            |  32|   0|   32|          0|
    |temp_151_reg_1933                                                                            |  32|   0|   32|          0|
    |temp_152_reg_1923                                                                            |  32|   0|   32|          0|
    |temp_153_reg_1913                                                                            |  32|   0|   32|          0|
    |temp_159_reg_8156                                                                            |  32|   0|   32|          0|
    |temp_160_reg_8162                                                                            |  32|   0|   32|          0|
    |temp_161_reg_8168                                                                            |  32|   0|   32|          0|
    |temp_162_reg_8174                                                                            |  32|   0|   32|          0|
    |temp_163_reg_8180                                                                            |  32|   0|   32|          0|
    |temp_164_reg_8186                                                                            |  32|   0|   32|          0|
    |temp_165_reg_8192                                                                            |  32|   0|   32|          0|
    |temp_166_reg_8198                                                                            |  32|   0|   32|          0|
    |temp_167_reg_2080                                                                            |  32|   0|   32|          0|
    |temp_168_reg_2069                                                                            |  32|   0|   32|          0|
    |temp_169_reg_2058                                                                            |  32|   0|   32|          0|
    |temp_170_reg_2047                                                                            |  32|   0|   32|          0|
    |temp_171_reg_2036                                                                            |  32|   0|   32|          0|
    |temp_172_reg_2025                                                                            |  32|   0|   32|          0|
    |temp_173_reg_2014                                                                            |  32|   0|   32|          0|
    |temp_174_reg_2003                                                                            |  32|   0|   32|          0|
    |temp_175_reg_2172                                                                            |  32|   0|   32|          0|
    |temp_176_reg_2162                                                                            |  32|   0|   32|          0|
    |temp_177_reg_2152                                                                            |  32|   0|   32|          0|
    |temp_178_reg_2142                                                                            |  32|   0|   32|          0|
    |temp_179_reg_2132                                                                            |  32|   0|   32|          0|
    |temp_180_reg_2122                                                                            |  32|   0|   32|          0|
    |temp_181_reg_2112                                                                            |  32|   0|   32|          0|
    |temp_182_reg_2102                                                                            |  32|   0|   32|          0|
    |temp_183_reg_2269                                                                            |  32|   0|   32|          0|
    |temp_184_reg_2258                                                                            |  32|   0|   32|          0|
    |temp_185_reg_2247                                                                            |  32|   0|   32|          0|
    |temp_186_reg_2236                                                                            |  32|   0|   32|          0|
    |temp_187_reg_2225                                                                            |  32|   0|   32|          0|
    |temp_188_reg_2214                                                                            |  32|   0|   32|          0|
    |temp_189_reg_2203                                                                            |  32|   0|   32|          0|
    |temp_190_reg_2192                                                                            |  32|   0|   32|          0|
    |temp_191_reg_2361                                                                            |  32|   0|   32|          0|
    |temp_192_reg_2351                                                                            |  32|   0|   32|          0|
    |temp_193_reg_2341                                                                            |  32|   0|   32|          0|
    |temp_194_reg_2331                                                                            |  32|   0|   32|          0|
    |temp_195_reg_2321                                                                            |  32|   0|   32|          0|
    |temp_196_reg_2311                                                                            |  32|   0|   32|          0|
    |temp_197_reg_2301                                                                            |  32|   0|   32|          0|
    |temp_198_reg_2291                                                                            |  32|   0|   32|          0|
    |temp_199_reg_2458                                                                            |  32|   0|   32|          0|
    |temp_200_reg_2447                                                                            |  32|   0|   32|          0|
    |temp_201_reg_2436                                                                            |  32|   0|   32|          0|
    |temp_202_reg_2425                                                                            |  32|   0|   32|          0|
    |temp_203_reg_2414                                                                            |  32|   0|   32|          0|
    |temp_204_reg_2403                                                                            |  32|   0|   32|          0|
    |temp_205_reg_2392                                                                            |  32|   0|   32|          0|
    |temp_206_reg_2381                                                                            |  32|   0|   32|          0|
    |temp_207_reg_2550                                                                            |  32|   0|   32|          0|
    |temp_208_reg_2540                                                                            |  32|   0|   32|          0|
    |temp_209_reg_2530                                                                            |  32|   0|   32|          0|
    |temp_210_reg_2520                                                                            |  32|   0|   32|          0|
    |temp_211_reg_2510                                                                            |  32|   0|   32|          0|
    |temp_212_reg_2500                                                                            |  32|   0|   32|          0|
    |temp_213_reg_2490                                                                            |  32|   0|   32|          0|
    |temp_214_reg_2480                                                                            |  32|   0|   32|          0|
    |temp_215_reg_2647                                                                            |  32|   0|   32|          0|
    |temp_216_reg_2636                                                                            |  32|   0|   32|          0|
    |temp_217_reg_2625                                                                            |  32|   0|   32|          0|
    |temp_218_reg_2614                                                                            |  32|   0|   32|          0|
    |temp_219_reg_2603                                                                            |  32|   0|   32|          0|
    |temp_220_reg_2592                                                                            |  32|   0|   32|          0|
    |temp_221_reg_2581                                                                            |  32|   0|   32|          0|
    |temp_222_reg_2570                                                                            |  32|   0|   32|          0|
    |temp_223_reg_2739                                                                            |  32|   0|   32|          0|
    |temp_224_reg_2729                                                                            |  32|   0|   32|          0|
    |temp_225_reg_2719                                                                            |  32|   0|   32|          0|
    |temp_226_reg_2709                                                                            |  32|   0|   32|          0|
    |temp_227_reg_2699                                                                            |  32|   0|   32|          0|
    |temp_228_reg_2689                                                                            |  32|   0|   32|          0|
    |temp_229_reg_2679                                                                            |  32|   0|   32|          0|
    |temp_230_reg_2669                                                                            |  32|   0|   32|          0|
    |temp_231_reg_2836                                                                            |  32|   0|   32|          0|
    |temp_232_reg_2825                                                                            |  32|   0|   32|          0|
    |temp_233_reg_2814                                                                            |  32|   0|   32|          0|
    |temp_234_reg_2803                                                                            |  32|   0|   32|          0|
    |temp_235_reg_2792                                                                            |  32|   0|   32|          0|
    |temp_236_reg_2781                                                                            |  32|   0|   32|          0|
    |temp_237_reg_2770                                                                            |  32|   0|   32|          0|
    |temp_238_reg_2759                                                                            |  32|   0|   32|          0|
    |temp_285_loc_fu_508                                                                          |  32|   0|   32|          0|
    |temp_286_loc_fu_504                                                                          |  32|   0|   32|          0|
    |temp_287_loc_fu_500                                                                          |  32|   0|   32|          0|
    |temp_288_loc_fu_496                                                                          |  32|   0|   32|          0|
    |temp_289_loc_fu_492                                                                          |  32|   0|   32|          0|
    |temp_290_loc_fu_488                                                                          |  32|   0|   32|          0|
    |temp_315_loc_fu_484                                                                          |  32|   0|   32|          0|
    |temp_332_loc_fu_480                                                                          |  32|   0|   32|          0|
    |temp_42_loc_fu_956                                                                           |  32|   0|   32|          0|
    |temp_43_loc_fu_952                                                                           |  32|   0|   32|          0|
    |temp_44_reg_1704                                                                             |  32|   0|   32|          0|
    |temp_45_reg_1694                                                                             |  32|   0|   32|          0|
    |temp_46_reg_1684                                                                             |  32|   0|   32|          0|
    |temp_47_reg_1674                                                                             |  32|   0|   32|          0|
    |temp_48_reg_1664                                                                             |  32|   0|   32|          0|
    |temp_49_reg_1654                                                                             |  32|   0|   32|          0|
    |temp_50_reg_1644                                                                             |  32|   0|   32|          0|
    |temp_51_reg_1634                                                                             |  32|   0|   32|          0|
    |temp_60_loc_fu_948                                                                           |  32|   0|   32|          0|
    |temp_61_loc_fu_944                                                                           |  32|   0|   32|          0|
    |temp_78_reg_1794                                                                             |  32|   0|   32|          0|
    |temp_79_reg_1784                                                                             |  32|   0|   32|          0|
    |temp_80_reg_1774                                                                             |  32|   0|   32|          0|
    |temp_81_reg_1764                                                                             |  32|   0|   32|          0|
    |temp_82_reg_1754                                                                             |  32|   0|   32|          0|
    |temp_83_reg_1744                                                                             |  32|   0|   32|          0|
    |temp_84_reg_1734                                                                             |  32|   0|   32|          0|
    |temp_85_reg_1724                                                                             |  32|   0|   32|          0|
    |temp_86_loc_fu_940                                                                           |  32|   0|   32|          0|
    |temp_reg_8085                                                                                |  32|   0|   32|          0|
    |trunc_ln136_reg_8563                                                                         |   3|   0|    3|          0|
    |trunc_ln157_1_reg_8753                                                                       |   3|   0|    3|          0|
    |trunc_ln157_2_reg_9127                                                                       |   3|   0|    3|          0|
    |trunc_ln157_3_reg_9259                                                                       |   2|   0|    2|          0|
    |trunc_ln157_reg_8377                                                                         |   2|   0|    2|          0|
    |trunc_ln161_1_reg_8573                                                                       |   3|   0|    3|          0|
    |trunc_ln161_2_reg_8763                                                                       |   3|   0|    3|          0|
    |trunc_ln161_3_reg_8948                                                                       |   2|   0|    2|          0|
    |trunc_ln161_4_reg_9137                                                                       |   3|   0|    3|          0|
    |trunc_ln161_5_reg_9269                                                                       |   3|   0|    3|          0|
    |trunc_ln161_reg_8387                                                                         |   2|   0|    2|          0|
    +---------------------------------------------------------------------------------------------+----+----+-----+-----------+
    |Total                                                                                        |8930|   0| 8930|          0|
    +---------------------------------------------------------------------------------------------+----+----+-----+-----------+



================================================================
== Interface
================================================================
* Summary: 
+--------------------+-----+-----+------------+-----------------------------------------------+--------------+
|      RTL Ports     | Dir | Bits|  Protocol  |                 Source Object                 |    C Type    |
+--------------------+-----+-----+------------+-----------------------------------------------+--------------+
|ap_clk              |   in|    1|  ap_ctrl_hs|  merge_sort<ap_fixed<16, 6, 5, 3, 0>, config5>|  return value|
|ap_rst              |   in|    1|  ap_ctrl_hs|  merge_sort<ap_fixed<16, 6, 5, 3, 0>, config5>|  return value|
|ap_start            |   in|    1|  ap_ctrl_hs|  merge_sort<ap_fixed<16, 6, 5, 3, 0>, config5>|  return value|
|ap_done             |  out|    1|  ap_ctrl_hs|  merge_sort<ap_fixed<16, 6, 5, 3, 0>, config5>|  return value|
|ap_idle             |  out|    1|  ap_ctrl_hs|  merge_sort<ap_fixed<16, 6, 5, 3, 0>, config5>|  return value|
|ap_ready            |  out|    1|  ap_ctrl_hs|  merge_sort<ap_fixed<16, 6, 5, 3, 0>, config5>|  return value|
|indices_0_i         |   in|   32|     ap_ovld|                                      indices_0|       pointer|
|indices_0_o         |  out|   32|     ap_ovld|                                      indices_0|       pointer|
|indices_0_o_ap_vld  |  out|    1|     ap_ovld|                                      indices_0|       pointer|
|indices_1_i         |   in|   32|     ap_ovld|                                      indices_1|       pointer|
|indices_1_o         |  out|   32|     ap_ovld|                                      indices_1|       pointer|
|indices_1_o_ap_vld  |  out|    1|     ap_ovld|                                      indices_1|       pointer|
|indices_2_i         |   in|   32|     ap_ovld|                                      indices_2|       pointer|
|indices_2_o         |  out|   32|     ap_ovld|                                      indices_2|       pointer|
|indices_2_o_ap_vld  |  out|    1|     ap_ovld|                                      indices_2|       pointer|
|indices_3_i         |   in|   32|     ap_ovld|                                      indices_3|       pointer|
|indices_3_o         |  out|   32|     ap_ovld|                                      indices_3|       pointer|
|indices_3_o_ap_vld  |  out|    1|     ap_ovld|                                      indices_3|       pointer|
|indices_4_i         |   in|   32|     ap_ovld|                                      indices_4|       pointer|
|indices_4_o         |  out|   32|     ap_ovld|                                      indices_4|       pointer|
|indices_4_o_ap_vld  |  out|    1|     ap_ovld|                                      indices_4|       pointer|
|indices_5_i         |   in|   32|     ap_ovld|                                      indices_5|       pointer|
|indices_5_o         |  out|   32|     ap_ovld|                                      indices_5|       pointer|
|indices_5_o_ap_vld  |  out|    1|     ap_ovld|                                      indices_5|       pointer|
|indices_6_i         |   in|   32|     ap_ovld|                                      indices_6|       pointer|
|indices_6_o         |  out|   32|     ap_ovld|                                      indices_6|       pointer|
|indices_6_o_ap_vld  |  out|    1|     ap_ovld|                                      indices_6|       pointer|
|indices_7_i         |   in|   32|     ap_ovld|                                      indices_7|       pointer|
|indices_7_o         |  out|   32|     ap_ovld|                                      indices_7|       pointer|
|indices_7_o_ap_vld  |  out|    1|     ap_ovld|                                      indices_7|       pointer|
|arr_0_val           |   in|   16|     ap_none|                                      arr_0_val|        scalar|
|arr_1_val           |   in|   16|     ap_none|                                      arr_1_val|        scalar|
|arr_2_val           |   in|   16|     ap_none|                                      arr_2_val|        scalar|
|arr_3_val           |   in|   16|     ap_none|                                      arr_3_val|        scalar|
|arr_4_val           |   in|   16|     ap_none|                                      arr_4_val|        scalar|
|arr_5_val           |   in|   16|     ap_none|                                      arr_5_val|        scalar|
|arr_6_val           |   in|   16|     ap_none|                                      arr_6_val|        scalar|
|arr_7_val           |   in|   16|     ap_none|                                      arr_7_val|        scalar|
|arr_8_val           |   in|   16|     ap_none|                                      arr_8_val|        scalar|
|arr_9_val           |   in|   16|     ap_none|                                      arr_9_val|        scalar|
|arr_10_val          |   in|   16|     ap_none|                                     arr_10_val|        scalar|
|arr_11_val          |   in|   16|     ap_none|                                     arr_11_val|        scalar|
|arr_12_val          |   in|   16|     ap_none|                                     arr_12_val|        scalar|
|arr_13_val          |   in|   16|     ap_none|                                     arr_13_val|        scalar|
|arr_14_val          |   in|   16|     ap_none|                                     arr_14_val|        scalar|
|arr_15_val          |   in|   16|     ap_none|                                     arr_15_val|        scalar|
|arr_16_val          |   in|   16|     ap_none|                                     arr_16_val|        scalar|
|arr_17_val          |   in|   16|     ap_none|                                     arr_17_val|        scalar|
|arr_18_val          |   in|   16|     ap_none|                                     arr_18_val|        scalar|
|arr_19_val          |   in|   16|     ap_none|                                     arr_19_val|        scalar|
|arr_20_val          |   in|   16|     ap_none|                                     arr_20_val|        scalar|
|arr_21_val          |   in|   16|     ap_none|                                     arr_21_val|        scalar|
|arr_22_val          |   in|   16|     ap_none|                                     arr_22_val|        scalar|
|arr_23_val          |   in|   16|     ap_none|                                     arr_23_val|        scalar|
|arr_24_val          |   in|   16|     ap_none|                                     arr_24_val|        scalar|
|arr_25_val          |   in|   16|     ap_none|                                     arr_25_val|        scalar|
|arr_26_val          |   in|   16|     ap_none|                                     arr_26_val|        scalar|
|arr_27_val          |   in|   16|     ap_none|                                     arr_27_val|        scalar|
|arr_28_val          |   in|   16|     ap_none|                                     arr_28_val|        scalar|
|arr_29_val          |   in|   16|     ap_none|                                     arr_29_val|        scalar|
|arr_30_val          |   in|   16|     ap_none|                                     arr_30_val|        scalar|
|arr_31_val          |   in|   16|     ap_none|                                     arr_31_val|        scalar|
|arr_32_val          |   in|   16|     ap_none|                                     arr_32_val|        scalar|
|arr_33_val          |   in|   16|     ap_none|                                     arr_33_val|        scalar|
|arr_34_val          |   in|   16|     ap_none|                                     arr_34_val|        scalar|
|arr_35_val          |   in|   16|     ap_none|                                     arr_35_val|        scalar|
|arr_36_val          |   in|   16|     ap_none|                                     arr_36_val|        scalar|
|arr_37_val          |   in|   16|     ap_none|                                     arr_37_val|        scalar|
|arr_38_val          |   in|   16|     ap_none|                                     arr_38_val|        scalar|
|arr_39_val          |   in|   16|     ap_none|                                     arr_39_val|        scalar|
|arr_40_val          |   in|   16|     ap_none|                                     arr_40_val|        scalar|
|arr_41_val          |   in|   16|     ap_none|                                     arr_41_val|        scalar|
|arr_42_val          |   in|   16|     ap_none|                                     arr_42_val|        scalar|
|arr_43_val          |   in|   16|     ap_none|                                     arr_43_val|        scalar|
|arr_44_val          |   in|   16|     ap_none|                                     arr_44_val|        scalar|
|arr_45_val          |   in|   16|     ap_none|                                     arr_45_val|        scalar|
|arr_46_val          |   in|   16|     ap_none|                                     arr_46_val|        scalar|
|arr_47_val          |   in|   16|     ap_none|                                     arr_47_val|        scalar|
|idx1                |   in|    6|     ap_none|                                           idx1|        scalar|
+--------------------+-----+-----+------------+-----------------------------------------------+--------------+

