

================================================================
== Vitis HLS Report for 'dense_latency_ap_fixed_13_4_4_0_0_ap_fixed_13_4_4_0_0_config5_dense_2'
================================================================
* Date:           Mon Feb 10 03:33:23 2025

* Version:        2023.2 (Build 4023990 on Oct 11 2023)
* Project:        myproject_prj
* Solution:       solution1 (Vivado IP Flow Target)
* Product family: virtexuplus
* Target device:  xcvu13p-flga2577-2-e


================================================================
== Performance Estimates
================================================================
+ Timing: 
    * Summary: 
    +--------+---------+----------+------------+
    |  Clock |  Target | Estimated| Uncertainty|
    +--------+---------+----------+------------+
    |ap_clk  |  5.00 ns|  4.339 ns|     0.62 ns|
    +--------+---------+----------+------------+

+ Latency: 
    * Summary: 
    +---------+---------+-----------+-----------+-----+-----+---------+
    |  Latency (cycles) |   Latency (absolute)  |  Interval | Pipeline|
    |   min   |   max   |    min    |    max    | min | max |   Type  |
    +---------+---------+-----------+-----------+-----+-----+---------+
    |        2|        2|  10.000 ns|  10.000 ns|    1|    1|      yes|
    +---------+---------+-----------+-----------+-----+-----+---------+

    + Detail: 
        * Instance: 
        N/A

        * Loop: 
        N/A



================================================================
== Utilization Estimates
================================================================
* Summary: 
+---------------------+---------+-------+---------+---------+------+
|         Name        | BRAM_18K|  DSP  |    FF   |   LUT   | URAM |
+---------------------+---------+-------+---------+---------+------+
|DSP                  |        -|      -|        -|        -|     -|
|Expression           |        -|      -|        0|     3252|     -|
|FIFO                 |        -|      -|        -|        -|     -|
|Instance             |        -|     16|        0|      324|     -|
|Memory               |        -|      -|        -|        -|     -|
|Multiplexer          |        -|      -|        -|        -|     -|
|Register             |        -|      -|      770|        -|     -|
+---------------------+---------+-------+---------+---------+------+
|Total                |        0|     16|      770|     3576|     0|
+---------------------+---------+-------+---------+---------+------+
|Available SLR        |     1344|   3072|   864000|   432000|   320|
+---------------------+---------+-------+---------+---------+------+
|Utilization SLR (%)  |        0|     ~0|       ~0|       ~0|     0|
+---------------------+---------+-------+---------+---------+------+
|Available            |     5376|  12288|  3456000|  1728000|  1280|
+---------------------+---------+-------+---------+---------+------+
|Utilization (%)      |        0|     ~0|       ~0|       ~0|     0|
+---------------------+---------+-------+---------+---------+------+

+ Detail: 
    * Instance: 
    +-----------------------------+-----------------------+---------+----+---+----+-----+
    |           Instance          |         Module        | BRAM_18K| DSP| FF| LUT| URAM|
    +-----------------------------+-----------------------+---------+----+---+----+-----+
    |mul_13s_13s_26_1_1_U3115     |mul_13s_13s_26_1_1     |        0|   1|  0|   4|    0|
    |mul_13s_13s_26_1_1_U3116     |mul_13s_13s_26_1_1     |        0|   1|  0|   4|    0|
    |mul_13s_13s_26_1_1_U3117     |mul_13s_13s_26_1_1     |        0|   1|  0|   4|    0|
    |mul_13s_13s_26_1_1_U3118     |mul_13s_13s_26_1_1     |        0|   1|  0|   4|    0|
    |mul_13s_13s_26_1_1_U3119     |mul_13s_13s_26_1_1     |        0|   1|  0|   4|    0|
    |mul_13s_13s_26_1_1_U3120     |mul_13s_13s_26_1_1     |        0|   1|  0|   4|    0|
    |mul_13s_13s_26_1_1_U3121     |mul_13s_13s_26_1_1     |        0|   1|  0|   4|    0|
    |mul_13s_13s_26_1_1_U3122     |mul_13s_13s_26_1_1     |        0|   1|  0|   4|    0|
    |mul_13s_13s_26_1_1_U3123     |mul_13s_13s_26_1_1     |        0|   1|  0|   4|    0|
    |mul_13s_13s_26_1_1_U3124     |mul_13s_13s_26_1_1     |        0|   1|  0|   4|    0|
    |mul_13s_13s_26_1_1_U3125     |mul_13s_13s_26_1_1     |        0|   1|  0|   4|    0|
    |mul_13s_13s_26_1_1_U3126     |mul_13s_13s_26_1_1     |        0|   1|  0|   4|    0|
    |mul_13s_13s_26_1_1_U3127     |mul_13s_13s_26_1_1     |        0|   1|  0|   4|    0|
    |mul_13s_13s_26_1_1_U3128     |mul_13s_13s_26_1_1     |        0|   1|  0|   4|    0|
    |mul_13s_13s_26_1_1_U3129     |mul_13s_13s_26_1_1     |        0|   1|  0|   4|    0|
    |mul_13s_13s_26_1_1_U3130     |mul_13s_13s_26_1_1     |        0|   1|  0|   4|    0|
    |sparsemux_27_6_13_1_1_U3131  |sparsemux_27_6_13_1_1  |        0|   0|  0|  65|    0|
    |sparsemux_27_6_13_1_1_U3132  |sparsemux_27_6_13_1_1  |        0|   0|  0|  65|    0|
    |sparsemux_27_6_13_1_1_U3133  |sparsemux_27_6_13_1_1  |        0|   0|  0|  65|    0|
    |sparsemux_27_6_13_1_1_U3134  |sparsemux_27_6_13_1_1  |        0|   0|  0|  65|    0|
    +-----------------------------+-----------------------+---------+----+---+----+-----+
    |Total                        |                       |        0|  16|  0| 324|    0|
    +-----------------------------+-----------------------+---------+----+---+----+-----+

    * DSP: 
    N/A

    * Memory: 
    N/A

    * FIFO: 
    N/A

    * Expression: 
    +----------------------------+----------+----+---+----+------------+------------+
    |        Variable Name       | Operation| DSP| FF| LUT| Bitwidth P0| Bitwidth P1|
    +----------------------------+----------+----+---+----+------------+------------+
    |add_ln42_106_fu_1581_p2     |         +|   0|  0|  20|          13|          13|
    |add_ln42_107_fu_1784_p2     |         +|   0|  0|  20|          13|          13|
    |add_ln42_108_fu_1987_p2     |         +|   0|  0|  20|          13|          13|
    |add_ln42_109_fu_2258_p2     |         +|   0|  0|  20|          13|          13|
    |add_ln42_110_fu_2461_p2     |         +|   0|  0|  20|          13|          13|
    |add_ln42_111_fu_2664_p2     |         +|   0|  0|  20|          13|          13|
    |add_ln42_112_fu_2867_p2     |         +|   0|  0|  20|          13|          13|
    |add_ln42_113_fu_3138_p2     |         +|   0|  0|  20|          13|          13|
    |add_ln42_114_fu_3341_p2     |         +|   0|  0|  20|          13|          13|
    |add_ln42_115_fu_3544_p2     |         +|   0|  0|  20|          13|          13|
    |add_ln42_116_fu_3747_p2     |         +|   0|  0|  20|          13|          13|
    |add_ln42_117_fu_4018_p2     |         +|   0|  0|  20|          13|          13|
    |add_ln42_118_fu_4221_p2     |         +|   0|  0|  20|          13|          13|
    |add_ln42_119_fu_4424_p2     |         +|   0|  0|  20|          13|          13|
    |add_ln42_120_fu_4627_p2     |         +|   0|  0|  20|          13|          13|
    |add_ln42_fu_1378_p2         |         +|   0|  0|  20|          13|          13|
    |add_ln58_100_fu_5797_p2     |         +|   0|  0|  20|          13|          13|
    |add_ln58_101_fu_5899_p2     |         +|   0|  0|  20|          13|          13|
    |add_ln58_102_fu_6001_p2     |         +|   0|  0|  20|          13|          13|
    |add_ln58_103_fu_6103_p2     |         +|   0|  0|  20|          13|          13|
    |add_ln58_104_fu_6205_p2     |         +|   0|  0|  20|          13|          13|
    |add_ln58_105_fu_6241_p2     |         +|   0|  0|  20|          13|          13|
    |add_ln58_106_fu_6277_p2     |         +|   0|  0|  20|          13|          13|
    |add_ln58_107_fu_6313_p2     |         +|   0|  0|  20|          13|          13|
    |add_ln58_78_fu_5497_p2      |         +|   0|  0|  21|          14|          14|
    |add_ln58_79_fu_5599_p2      |         +|   0|  0|  21|          14|          14|
    |add_ln58_80_fu_5701_p2      |         +|   0|  0|  21|          14|          14|
    |add_ln58_81_fu_5803_p2      |         +|   0|  0|  21|          14|          14|
    |add_ln58_82_fu_5905_p2      |         +|   0|  0|  21|          14|          14|
    |add_ln58_83_fu_6007_p2      |         +|   0|  0|  21|          14|          14|
    |add_ln58_84_fu_6109_p2      |         +|   0|  0|  21|          14|          14|
    |add_ln58_85_fu_6211_p2      |         +|   0|  0|  21|          14|          14|
    |add_ln58_86_fu_6247_p2      |         +|   0|  0|  21|          14|          14|
    |add_ln58_87_fu_6283_p2      |         +|   0|  0|  21|          14|          14|
    |add_ln58_88_fu_6319_p2      |         +|   0|  0|  21|          14|          14|
    |add_ln58_96_fu_5389_p2      |         +|   0|  0|  20|          13|          13|
    |add_ln58_97_fu_5491_p2      |         +|   0|  0|  20|          13|          13|
    |add_ln58_98_fu_5593_p2      |         +|   0|  0|  20|          13|          13|
    |add_ln58_99_fu_5695_p2      |         +|   0|  0|  20|          13|          13|
    |add_ln58_fu_5395_p2         |         +|   0|  0|  21|          14|          14|
    |and_ln42_778_fu_1398_p2     |       and|   0|  0|   2|           1|           1|
    |and_ln42_779_fu_1464_p2     |       and|   0|  0|   2|           1|           1|
    |and_ln42_780_fu_4757_p2     |       and|   0|  0|   2|           1|           1|
    |and_ln42_781_fu_1496_p2     |       and|   0|  0|   2|           1|           1|
    |and_ln42_782_fu_1502_p2     |       and|   0|  0|   2|           1|           1|
    |and_ln42_783_fu_4772_p2     |       and|   0|  0|   2|           1|           1|
    |and_ln42_784_fu_1571_p2     |       and|   0|  0|   2|           1|           1|
    |and_ln42_785_fu_1601_p2     |       and|   0|  0|   2|           1|           1|
    |and_ln42_786_fu_1667_p2     |       and|   0|  0|   2|           1|           1|
    |and_ln42_787_fu_4796_p2     |       and|   0|  0|   2|           1|           1|
    |and_ln42_788_fu_1699_p2     |       and|   0|  0|   2|           1|           1|
    |and_ln42_789_fu_1705_p2     |       and|   0|  0|   2|           1|           1|
    |and_ln42_790_fu_4811_p2     |       and|   0|  0|   2|           1|           1|
    |and_ln42_791_fu_1774_p2     |       and|   0|  0|   2|           1|           1|
    |and_ln42_792_fu_1804_p2     |       and|   0|  0|   2|           1|           1|
    |and_ln42_793_fu_1870_p2     |       and|   0|  0|   2|           1|           1|
    |and_ln42_794_fu_4835_p2     |       and|   0|  0|   2|           1|           1|
    |and_ln42_795_fu_1902_p2     |       and|   0|  0|   2|           1|           1|
    |and_ln42_796_fu_1908_p2     |       and|   0|  0|   2|           1|           1|
    |and_ln42_797_fu_4850_p2     |       and|   0|  0|   2|           1|           1|
    |and_ln42_798_fu_1977_p2     |       and|   0|  0|   2|           1|           1|
    |and_ln42_799_fu_2007_p2     |       and|   0|  0|   2|           1|           1|
    |and_ln42_800_fu_2073_p2     |       and|   0|  0|   2|           1|           1|
    |and_ln42_801_fu_4874_p2     |       and|   0|  0|   2|           1|           1|
    |and_ln42_802_fu_2105_p2     |       and|   0|  0|   2|           1|           1|
    |and_ln42_803_fu_2111_p2     |       and|   0|  0|   2|           1|           1|
    |and_ln42_804_fu_4889_p2     |       and|   0|  0|   2|           1|           1|
    |and_ln42_805_fu_2248_p2     |       and|   0|  0|   2|           1|           1|
    |and_ln42_806_fu_2278_p2     |       and|   0|  0|   2|           1|           1|
    |and_ln42_807_fu_2344_p2     |       and|   0|  0|   2|           1|           1|
    |and_ln42_808_fu_4913_p2     |       and|   0|  0|   2|           1|           1|
    |and_ln42_809_fu_2376_p2     |       and|   0|  0|   2|           1|           1|
    |and_ln42_810_fu_2382_p2     |       and|   0|  0|   2|           1|           1|
    |and_ln42_811_fu_4928_p2     |       and|   0|  0|   2|           1|           1|
    |and_ln42_812_fu_2451_p2     |       and|   0|  0|   2|           1|           1|
    |and_ln42_813_fu_2481_p2     |       and|   0|  0|   2|           1|           1|
    |and_ln42_814_fu_2547_p2     |       and|   0|  0|   2|           1|           1|
    |and_ln42_815_fu_4952_p2     |       and|   0|  0|   2|           1|           1|
    |and_ln42_816_fu_2579_p2     |       and|   0|  0|   2|           1|           1|
    |and_ln42_817_fu_2585_p2     |       and|   0|  0|   2|           1|           1|
    |and_ln42_818_fu_4967_p2     |       and|   0|  0|   2|           1|           1|
    |and_ln42_819_fu_2654_p2     |       and|   0|  0|   2|           1|           1|
    |and_ln42_820_fu_2684_p2     |       and|   0|  0|   2|           1|           1|
    |and_ln42_821_fu_2750_p2     |       and|   0|  0|   2|           1|           1|
    |and_ln42_822_fu_4991_p2     |       and|   0|  0|   2|           1|           1|
    |and_ln42_823_fu_2782_p2     |       and|   0|  0|   2|           1|           1|
    |and_ln42_824_fu_2788_p2     |       and|   0|  0|   2|           1|           1|
    |and_ln42_825_fu_5006_p2     |       and|   0|  0|   2|           1|           1|
    |and_ln42_826_fu_2857_p2     |       and|   0|  0|   2|           1|           1|
    |and_ln42_827_fu_2887_p2     |       and|   0|  0|   2|           1|           1|
    |and_ln42_828_fu_2953_p2     |       and|   0|  0|   2|           1|           1|
    |and_ln42_829_fu_5030_p2     |       and|   0|  0|   2|           1|           1|
    |and_ln42_830_fu_2985_p2     |       and|   0|  0|   2|           1|           1|
    |and_ln42_831_fu_2991_p2     |       and|   0|  0|   2|           1|           1|
    |and_ln42_832_fu_5045_p2     |       and|   0|  0|   2|           1|           1|
    |and_ln42_833_fu_3128_p2     |       and|   0|  0|   2|           1|           1|
    |and_ln42_834_fu_3158_p2     |       and|   0|  0|   2|           1|           1|
    |and_ln42_835_fu_3224_p2     |       and|   0|  0|   2|           1|           1|
    |and_ln42_836_fu_5069_p2     |       and|   0|  0|   2|           1|           1|
    |and_ln42_837_fu_3256_p2     |       and|   0|  0|   2|           1|           1|
    |and_ln42_838_fu_3262_p2     |       and|   0|  0|   2|           1|           1|
    |and_ln42_839_fu_5084_p2     |       and|   0|  0|   2|           1|           1|
    |and_ln42_840_fu_3331_p2     |       and|   0|  0|   2|           1|           1|
    |and_ln42_841_fu_3361_p2     |       and|   0|  0|   2|           1|           1|
    |and_ln42_842_fu_3427_p2     |       and|   0|  0|   2|           1|           1|
    |and_ln42_843_fu_5108_p2     |       and|   0|  0|   2|           1|           1|
    |and_ln42_844_fu_3459_p2     |       and|   0|  0|   2|           1|           1|
    |and_ln42_845_fu_3465_p2     |       and|   0|  0|   2|           1|           1|
    |and_ln42_846_fu_5123_p2     |       and|   0|  0|   2|           1|           1|
    |and_ln42_847_fu_3534_p2     |       and|   0|  0|   2|           1|           1|
    |and_ln42_848_fu_3564_p2     |       and|   0|  0|   2|           1|           1|
    |and_ln42_849_fu_3630_p2     |       and|   0|  0|   2|           1|           1|
    |and_ln42_850_fu_5147_p2     |       and|   0|  0|   2|           1|           1|
    |and_ln42_851_fu_3662_p2     |       and|   0|  0|   2|           1|           1|
    |and_ln42_852_fu_3668_p2     |       and|   0|  0|   2|           1|           1|
    |and_ln42_853_fu_5162_p2     |       and|   0|  0|   2|           1|           1|
    |and_ln42_854_fu_3737_p2     |       and|   0|  0|   2|           1|           1|
    |and_ln42_855_fu_3767_p2     |       and|   0|  0|   2|           1|           1|
    |and_ln42_856_fu_3833_p2     |       and|   0|  0|   2|           1|           1|
    |and_ln42_857_fu_5186_p2     |       and|   0|  0|   2|           1|           1|
    |and_ln42_858_fu_3865_p2     |       and|   0|  0|   2|           1|           1|
    |and_ln42_859_fu_3871_p2     |       and|   0|  0|   2|           1|           1|
    |and_ln42_860_fu_5201_p2     |       and|   0|  0|   2|           1|           1|
    |and_ln42_861_fu_4008_p2     |       and|   0|  0|   2|           1|           1|
    |and_ln42_862_fu_4038_p2     |       and|   0|  0|   2|           1|           1|
    |and_ln42_863_fu_4104_p2     |       and|   0|  0|   2|           1|           1|
    |and_ln42_864_fu_5225_p2     |       and|   0|  0|   2|           1|           1|
    |and_ln42_865_fu_4136_p2     |       and|   0|  0|   2|           1|           1|
    |and_ln42_866_fu_4142_p2     |       and|   0|  0|   2|           1|           1|
    |and_ln42_867_fu_5240_p2     |       and|   0|  0|   2|           1|           1|
    |and_ln42_868_fu_4211_p2     |       and|   0|  0|   2|           1|           1|
    |and_ln42_869_fu_4241_p2     |       and|   0|  0|   2|           1|           1|
    |and_ln42_870_fu_4307_p2     |       and|   0|  0|   2|           1|           1|
    |and_ln42_871_fu_5264_p2     |       and|   0|  0|   2|           1|           1|
    |and_ln42_872_fu_4339_p2     |       and|   0|  0|   2|           1|           1|
    |and_ln42_873_fu_4345_p2     |       and|   0|  0|   2|           1|           1|
    |and_ln42_874_fu_5279_p2     |       and|   0|  0|   2|           1|           1|
    |and_ln42_875_fu_4414_p2     |       and|   0|  0|   2|           1|           1|
    |and_ln42_876_fu_4444_p2     |       and|   0|  0|   2|           1|           1|
    |and_ln42_877_fu_4510_p2     |       and|   0|  0|   2|           1|           1|
    |and_ln42_878_fu_5303_p2     |       and|   0|  0|   2|           1|           1|
    |and_ln42_879_fu_4542_p2     |       and|   0|  0|   2|           1|           1|
    |and_ln42_880_fu_4548_p2     |       and|   0|  0|   2|           1|           1|
    |and_ln42_881_fu_5318_p2     |       and|   0|  0|   2|           1|           1|
    |and_ln42_882_fu_4617_p2     |       and|   0|  0|   2|           1|           1|
    |and_ln42_883_fu_4647_p2     |       and|   0|  0|   2|           1|           1|
    |and_ln42_884_fu_4713_p2     |       and|   0|  0|   2|           1|           1|
    |and_ln42_885_fu_5342_p2     |       and|   0|  0|   2|           1|           1|
    |and_ln42_886_fu_4745_p2     |       and|   0|  0|   2|           1|           1|
    |and_ln42_887_fu_4751_p2     |       and|   0|  0|   2|           1|           1|
    |and_ln42_888_fu_5357_p2     |       and|   0|  0|   2|           1|           1|
    |and_ln42_fu_1368_p2         |       and|   0|  0|   2|           1|           1|
    |and_ln58_162_fu_5435_p2     |       and|   0|  0|   2|           1|           1|
    |and_ln58_163_fu_5525_p2     |       and|   0|  0|   2|           1|           1|
    |and_ln58_164_fu_5537_p2     |       and|   0|  0|   2|           1|           1|
    |and_ln58_165_fu_5627_p2     |       and|   0|  0|   2|           1|           1|
    |and_ln58_166_fu_5639_p2     |       and|   0|  0|   2|           1|           1|
    |and_ln58_167_fu_5729_p2     |       and|   0|  0|   2|           1|           1|
    |and_ln58_168_fu_5741_p2     |       and|   0|  0|   2|           1|           1|
    |and_ln58_169_fu_5831_p2     |       and|   0|  0|   2|           1|           1|
    |and_ln58_170_fu_5843_p2     |       and|   0|  0|   2|           1|           1|
    |and_ln58_171_fu_5933_p2     |       and|   0|  0|   2|           1|           1|
    |and_ln58_172_fu_5945_p2     |       and|   0|  0|   2|           1|           1|
    |and_ln58_173_fu_6035_p2     |       and|   0|  0|   2|           1|           1|
    |and_ln58_174_fu_6047_p2     |       and|   0|  0|   2|           1|           1|
    |and_ln58_175_fu_6137_p2     |       and|   0|  0|   2|           1|           1|
    |and_ln58_176_fu_6149_p2     |       and|   0|  0|   2|           1|           1|
    |and_ln58_177_fu_6346_p2     |       and|   0|  0|   2|           1|           1|
    |and_ln58_178_fu_6356_p2     |       and|   0|  0|   2|           1|           1|
    |and_ln58_179_fu_6404_p2     |       and|   0|  0|   2|           1|           1|
    |and_ln58_180_fu_6414_p2     |       and|   0|  0|   2|           1|           1|
    |and_ln58_181_fu_6462_p2     |       and|   0|  0|   2|           1|           1|
    |and_ln58_182_fu_6472_p2     |       and|   0|  0|   2|           1|           1|
    |and_ln58_183_fu_6520_p2     |       and|   0|  0|   2|           1|           1|
    |and_ln58_184_fu_6530_p2     |       and|   0|  0|   2|           1|           1|
    |and_ln58_fu_5423_p2         |       and|   0|  0|   2|           1|           1|
    |icmp_ln42_442_fu_1414_p2    |      icmp|   0|  0|  10|           3|           2|
    |icmp_ln42_443_fu_1430_p2    |      icmp|   0|  0|  12|           4|           2|
    |icmp_ln42_444_fu_1436_p2    |      icmp|   0|  0|  12|           4|           1|
    |icmp_ln42_445_fu_1551_p2    |      icmp|   0|  0|  15|           8|           1|
    |icmp_ln42_446_fu_1617_p2    |      icmp|   0|  0|  10|           3|           2|
    |icmp_ln42_447_fu_1633_p2    |      icmp|   0|  0|  12|           4|           2|
    |icmp_ln42_448_fu_1639_p2    |      icmp|   0|  0|  12|           4|           1|
    |icmp_ln42_449_fu_1754_p2    |      icmp|   0|  0|  15|           8|           1|
    |icmp_ln42_450_fu_1820_p2    |      icmp|   0|  0|  10|           3|           2|
    |icmp_ln42_451_fu_1836_p2    |      icmp|   0|  0|  12|           4|           2|
    |icmp_ln42_452_fu_1842_p2    |      icmp|   0|  0|  12|           4|           1|
    |icmp_ln42_453_fu_1957_p2    |      icmp|   0|  0|  15|           8|           1|
    |icmp_ln42_454_fu_2023_p2    |      icmp|   0|  0|  10|           3|           2|
    |icmp_ln42_455_fu_2039_p2    |      icmp|   0|  0|  12|           4|           2|
    |icmp_ln42_456_fu_2045_p2    |      icmp|   0|  0|  12|           4|           1|
    |icmp_ln42_457_fu_2228_p2    |      icmp|   0|  0|  15|           8|           1|
    |icmp_ln42_458_fu_2294_p2    |      icmp|   0|  0|  10|           3|           2|
    |icmp_ln42_459_fu_2310_p2    |      icmp|   0|  0|  12|           4|           2|
    |icmp_ln42_460_fu_2316_p2    |      icmp|   0|  0|  12|           4|           1|
    |icmp_ln42_461_fu_2431_p2    |      icmp|   0|  0|  15|           8|           1|
    |icmp_ln42_462_fu_2497_p2    |      icmp|   0|  0|  10|           3|           2|
    |icmp_ln42_463_fu_2513_p2    |      icmp|   0|  0|  12|           4|           2|
    |icmp_ln42_464_fu_2519_p2    |      icmp|   0|  0|  12|           4|           1|
    |icmp_ln42_465_fu_2634_p2    |      icmp|   0|  0|  15|           8|           1|
    |icmp_ln42_466_fu_2700_p2    |      icmp|   0|  0|  10|           3|           2|
    |icmp_ln42_467_fu_2716_p2    |      icmp|   0|  0|  12|           4|           2|
    |icmp_ln42_468_fu_2722_p2    |      icmp|   0|  0|  12|           4|           1|
    |icmp_ln42_469_fu_2837_p2    |      icmp|   0|  0|  15|           8|           1|
    |icmp_ln42_470_fu_2903_p2    |      icmp|   0|  0|  10|           3|           2|
    |icmp_ln42_471_fu_2919_p2    |      icmp|   0|  0|  12|           4|           2|
    |icmp_ln42_472_fu_2925_p2    |      icmp|   0|  0|  12|           4|           1|
    |icmp_ln42_473_fu_3108_p2    |      icmp|   0|  0|  15|           8|           1|
    |icmp_ln42_474_fu_3174_p2    |      icmp|   0|  0|  10|           3|           2|
    |icmp_ln42_475_fu_3190_p2    |      icmp|   0|  0|  12|           4|           2|
    |icmp_ln42_476_fu_3196_p2    |      icmp|   0|  0|  12|           4|           1|
    |icmp_ln42_477_fu_3311_p2    |      icmp|   0|  0|  15|           8|           1|
    |icmp_ln42_478_fu_3377_p2    |      icmp|   0|  0|  10|           3|           2|
    |icmp_ln42_479_fu_3393_p2    |      icmp|   0|  0|  12|           4|           2|
    |icmp_ln42_480_fu_3399_p2    |      icmp|   0|  0|  12|           4|           1|
    |icmp_ln42_481_fu_3514_p2    |      icmp|   0|  0|  15|           8|           1|
    |icmp_ln42_482_fu_3580_p2    |      icmp|   0|  0|  10|           3|           2|
    |icmp_ln42_483_fu_3596_p2    |      icmp|   0|  0|  12|           4|           2|
    |icmp_ln42_484_fu_3602_p2    |      icmp|   0|  0|  12|           4|           1|
    |icmp_ln42_485_fu_3717_p2    |      icmp|   0|  0|  15|           8|           1|
    |icmp_ln42_486_fu_3783_p2    |      icmp|   0|  0|  10|           3|           2|
    |icmp_ln42_487_fu_3799_p2    |      icmp|   0|  0|  12|           4|           2|
    |icmp_ln42_488_fu_3805_p2    |      icmp|   0|  0|  12|           4|           1|
    |icmp_ln42_489_fu_3988_p2    |      icmp|   0|  0|  15|           8|           1|
    |icmp_ln42_490_fu_4054_p2    |      icmp|   0|  0|  10|           3|           2|
    |icmp_ln42_491_fu_4070_p2    |      icmp|   0|  0|  12|           4|           2|
    |icmp_ln42_492_fu_4076_p2    |      icmp|   0|  0|  12|           4|           1|
    |icmp_ln42_493_fu_4191_p2    |      icmp|   0|  0|  15|           8|           1|
    |icmp_ln42_494_fu_4257_p2    |      icmp|   0|  0|  10|           3|           2|
    |icmp_ln42_495_fu_4273_p2    |      icmp|   0|  0|  12|           4|           2|
    |icmp_ln42_496_fu_4279_p2    |      icmp|   0|  0|  12|           4|           1|
    |icmp_ln42_497_fu_4394_p2    |      icmp|   0|  0|  15|           8|           1|
    |icmp_ln42_498_fu_4460_p2    |      icmp|   0|  0|  10|           3|           2|
    |icmp_ln42_499_fu_4476_p2    |      icmp|   0|  0|  12|           4|           2|
    |icmp_ln42_500_fu_4482_p2    |      icmp|   0|  0|  12|           4|           1|
    |icmp_ln42_501_fu_4597_p2    |      icmp|   0|  0|  15|           8|           1|
    |icmp_ln42_502_fu_4663_p2    |      icmp|   0|  0|  10|           3|           2|
    |icmp_ln42_503_fu_4679_p2    |      icmp|   0|  0|  12|           4|           2|
    |icmp_ln42_504_fu_4685_p2    |      icmp|   0|  0|  12|           4|           1|
    |icmp_ln42_fu_1348_p2        |      icmp|   0|  0|  15|           8|           1|
    |or_ln42_330_fu_1484_p2      |        or|   0|  0|   2|           1|           1|
    |or_ln42_331_fu_4784_p2      |        or|   0|  0|   2|           1|           1|
    |or_ln42_332_fu_1565_p2      |        or|   0|  0|   2|           1|           1|
    |or_ln42_333_fu_1687_p2      |        or|   0|  0|   2|           1|           1|
    |or_ln42_334_fu_4823_p2      |        or|   0|  0|   2|           1|           1|
    |or_ln42_335_fu_1768_p2      |        or|   0|  0|   2|           1|           1|
    |or_ln42_336_fu_1890_p2      |        or|   0|  0|   2|           1|           1|
    |or_ln42_337_fu_4862_p2      |        or|   0|  0|   2|           1|           1|
    |or_ln42_338_fu_1971_p2      |        or|   0|  0|   2|           1|           1|
    |or_ln42_339_fu_2093_p2      |        or|   0|  0|   2|           1|           1|
    |or_ln42_340_fu_4901_p2      |        or|   0|  0|   2|           1|           1|
    |or_ln42_341_fu_2242_p2      |        or|   0|  0|   2|           1|           1|
    |or_ln42_342_fu_2364_p2      |        or|   0|  0|   2|           1|           1|
    |or_ln42_343_fu_4940_p2      |        or|   0|  0|   2|           1|           1|
    |or_ln42_344_fu_2445_p2      |        or|   0|  0|   2|           1|           1|
    |or_ln42_345_fu_2567_p2      |        or|   0|  0|   2|           1|           1|
    |or_ln42_346_fu_4979_p2      |        or|   0|  0|   2|           1|           1|
    |or_ln42_347_fu_2648_p2      |        or|   0|  0|   2|           1|           1|
    |or_ln42_348_fu_2770_p2      |        or|   0|  0|   2|           1|           1|
    |or_ln42_349_fu_5018_p2      |        or|   0|  0|   2|           1|           1|
    |or_ln42_350_fu_2851_p2      |        or|   0|  0|   2|           1|           1|
    |or_ln42_351_fu_2973_p2      |        or|   0|  0|   2|           1|           1|
    |or_ln42_352_fu_5057_p2      |        or|   0|  0|   2|           1|           1|
    |or_ln42_353_fu_3122_p2      |        or|   0|  0|   2|           1|           1|
    |or_ln42_354_fu_3244_p2      |        or|   0|  0|   2|           1|           1|
    |or_ln42_355_fu_5096_p2      |        or|   0|  0|   2|           1|           1|
    |or_ln42_356_fu_3325_p2      |        or|   0|  0|   2|           1|           1|
    |or_ln42_357_fu_3447_p2      |        or|   0|  0|   2|           1|           1|
    |or_ln42_358_fu_5135_p2      |        or|   0|  0|   2|           1|           1|
    |or_ln42_359_fu_3528_p2      |        or|   0|  0|   2|           1|           1|
    |or_ln42_360_fu_3650_p2      |        or|   0|  0|   2|           1|           1|
    |or_ln42_361_fu_5174_p2      |        or|   0|  0|   2|           1|           1|
    |or_ln42_362_fu_3731_p2      |        or|   0|  0|   2|           1|           1|
    |or_ln42_363_fu_3853_p2      |        or|   0|  0|   2|           1|           1|
    |or_ln42_364_fu_5213_p2      |        or|   0|  0|   2|           1|           1|
    |or_ln42_365_fu_4002_p2      |        or|   0|  0|   2|           1|           1|
    |or_ln42_366_fu_4124_p2      |        or|   0|  0|   2|           1|           1|
    |or_ln42_367_fu_5252_p2      |        or|   0|  0|   2|           1|           1|
    |or_ln42_368_fu_4205_p2      |        or|   0|  0|   2|           1|           1|
    |or_ln42_369_fu_4327_p2      |        or|   0|  0|   2|           1|           1|
    |or_ln42_370_fu_5291_p2      |        or|   0|  0|   2|           1|           1|
    |or_ln42_371_fu_4408_p2      |        or|   0|  0|   2|           1|           1|
    |or_ln42_372_fu_4530_p2      |        or|   0|  0|   2|           1|           1|
    |or_ln42_373_fu_5330_p2      |        or|   0|  0|   2|           1|           1|
    |or_ln42_374_fu_4611_p2      |        or|   0|  0|   2|           1|           1|
    |or_ln42_375_fu_4733_p2      |        or|   0|  0|   2|           1|           1|
    |or_ln42_376_fu_5369_p2      |        or|   0|  0|   2|           1|           1|
    |or_ln42_377_fu_4761_p2      |        or|   0|  0|   2|           1|           1|
    |or_ln42_378_fu_4800_p2      |        or|   0|  0|   2|           1|           1|
    |or_ln42_379_fu_4839_p2      |        or|   0|  0|   2|           1|           1|
    |or_ln42_380_fu_4878_p2      |        or|   0|  0|   2|           1|           1|
    |or_ln42_381_fu_4917_p2      |        or|   0|  0|   2|           1|           1|
    |or_ln42_382_fu_4956_p2      |        or|   0|  0|   2|           1|           1|
    |or_ln42_383_fu_4995_p2      |        or|   0|  0|   2|           1|           1|
    |or_ln42_384_fu_5034_p2      |        or|   0|  0|   2|           1|           1|
    |or_ln42_385_fu_5073_p2      |        or|   0|  0|   2|           1|           1|
    |or_ln42_386_fu_5112_p2      |        or|   0|  0|   2|           1|           1|
    |or_ln42_387_fu_5151_p2      |        or|   0|  0|   2|           1|           1|
    |or_ln42_388_fu_5190_p2      |        or|   0|  0|   2|           1|           1|
    |or_ln42_389_fu_5229_p2      |        or|   0|  0|   2|           1|           1|
    |or_ln42_390_fu_5268_p2      |        or|   0|  0|   2|           1|           1|
    |or_ln42_391_fu_5307_p2      |        or|   0|  0|   2|           1|           1|
    |or_ln42_392_fu_5346_p2      |        or|   0|  0|   2|           1|           1|
    |or_ln42_fu_1362_p2          |        or|   0|  0|   2|           1|           1|
    |or_ln58_78_fu_5555_p2       |        or|   0|  0|   2|           1|           1|
    |or_ln58_79_fu_5657_p2       |        or|   0|  0|   2|           1|           1|
    |or_ln58_80_fu_5759_p2       |        or|   0|  0|   2|           1|           1|
    |or_ln58_81_fu_5861_p2       |        or|   0|  0|   2|           1|           1|
    |or_ln58_82_fu_5963_p2       |        or|   0|  0|   2|           1|           1|
    |or_ln58_83_fu_6065_p2       |        or|   0|  0|   2|           1|           1|
    |or_ln58_84_fu_6167_p2       |        or|   0|  0|   2|           1|           1|
    |or_ln58_85_fu_6371_p2       |        or|   0|  0|   2|           1|           1|
    |or_ln58_86_fu_6429_p2       |        or|   0|  0|   2|           1|           1|
    |or_ln58_87_fu_6487_p2       |        or|   0|  0|   2|           1|           1|
    |or_ln58_88_fu_6545_p2       |        or|   0|  0|   2|           1|           1|
    |or_ln58_fu_5453_p2          |        or|   0|  0|   2|           1|           1|
    |select_ln42_442_fu_1470_p3  |    select|   0|  0|   2|           1|           1|
    |select_ln42_443_fu_4777_p3  |    select|   0|  0|  14|           1|          12|
    |select_ln42_444_fu_4789_p3  |    select|   0|  0|  13|           1|          13|
    |select_ln42_445_fu_1645_p3  |    select|   0|  0|   2|           1|           1|
    |select_ln42_446_fu_1673_p3  |    select|   0|  0|   2|           1|           1|
    |select_ln42_447_fu_4816_p3  |    select|   0|  0|  14|           1|          12|
    |select_ln42_448_fu_4828_p3  |    select|   0|  0|  13|           1|          13|
    |select_ln42_449_fu_1848_p3  |    select|   0|  0|   2|           1|           1|
    |select_ln42_450_fu_1876_p3  |    select|   0|  0|   2|           1|           1|
    |select_ln42_451_fu_4855_p3  |    select|   0|  0|  14|           1|          12|
    |select_ln42_452_fu_4867_p3  |    select|   0|  0|  13|           1|          13|
    |select_ln42_453_fu_2051_p3  |    select|   0|  0|   2|           1|           1|
    |select_ln42_454_fu_2079_p3  |    select|   0|  0|   2|           1|           1|
    |select_ln42_455_fu_4894_p3  |    select|   0|  0|  14|           1|          12|
    |select_ln42_456_fu_4906_p3  |    select|   0|  0|  13|           1|          13|
    |select_ln42_457_fu_2322_p3  |    select|   0|  0|   2|           1|           1|
    |select_ln42_458_fu_2350_p3  |    select|   0|  0|   2|           1|           1|
    |select_ln42_459_fu_4933_p3  |    select|   0|  0|  14|           1|          12|
    |select_ln42_460_fu_4945_p3  |    select|   0|  0|  13|           1|          13|
    |select_ln42_461_fu_2525_p3  |    select|   0|  0|   2|           1|           1|
    |select_ln42_462_fu_2553_p3  |    select|   0|  0|   2|           1|           1|
    |select_ln42_463_fu_4972_p3  |    select|   0|  0|  14|           1|          12|
    |select_ln42_464_fu_4984_p3  |    select|   0|  0|  13|           1|          13|
    |select_ln42_465_fu_2728_p3  |    select|   0|  0|   2|           1|           1|
    |select_ln42_466_fu_2756_p3  |    select|   0|  0|   2|           1|           1|
    |select_ln42_467_fu_5011_p3  |    select|   0|  0|  14|           1|          12|
    |select_ln42_468_fu_5023_p3  |    select|   0|  0|  13|           1|          13|
    |select_ln42_469_fu_2931_p3  |    select|   0|  0|   2|           1|           1|
    |select_ln42_470_fu_2959_p3  |    select|   0|  0|   2|           1|           1|
    |select_ln42_471_fu_5050_p3  |    select|   0|  0|  14|           1|          12|
    |select_ln42_472_fu_5062_p3  |    select|   0|  0|  13|           1|          13|
    |select_ln42_473_fu_3202_p3  |    select|   0|  0|   2|           1|           1|
    |select_ln42_474_fu_3230_p3  |    select|   0|  0|   2|           1|           1|
    |select_ln42_475_fu_5089_p3  |    select|   0|  0|  14|           1|          12|
    |select_ln42_476_fu_5101_p3  |    select|   0|  0|  13|           1|          13|
    |select_ln42_477_fu_3405_p3  |    select|   0|  0|   2|           1|           1|
    |select_ln42_478_fu_3433_p3  |    select|   0|  0|   2|           1|           1|
    |select_ln42_479_fu_5128_p3  |    select|   0|  0|  14|           1|          12|
    |select_ln42_480_fu_5140_p3  |    select|   0|  0|  13|           1|          13|
    |select_ln42_481_fu_3608_p3  |    select|   0|  0|   2|           1|           1|
    |select_ln42_482_fu_3636_p3  |    select|   0|  0|   2|           1|           1|
    |select_ln42_483_fu_5167_p3  |    select|   0|  0|  14|           1|          12|
    |select_ln42_484_fu_5179_p3  |    select|   0|  0|  13|           1|          13|
    |select_ln42_485_fu_3811_p3  |    select|   0|  0|   2|           1|           1|
    |select_ln42_486_fu_3839_p3  |    select|   0|  0|   2|           1|           1|
    |select_ln42_487_fu_5206_p3  |    select|   0|  0|  14|           1|          12|
    |select_ln42_488_fu_5218_p3  |    select|   0|  0|  13|           1|          13|
    |select_ln42_489_fu_4082_p3  |    select|   0|  0|   2|           1|           1|
    |select_ln42_490_fu_4110_p3  |    select|   0|  0|   2|           1|           1|
    |select_ln42_491_fu_5245_p3  |    select|   0|  0|  14|           1|          12|
    |select_ln42_492_fu_5257_p3  |    select|   0|  0|  13|           1|          13|
    |select_ln42_493_fu_4285_p3  |    select|   0|  0|   2|           1|           1|
    |select_ln42_494_fu_4313_p3  |    select|   0|  0|   2|           1|           1|
    |select_ln42_495_fu_5284_p3  |    select|   0|  0|  14|           1|          12|
    |select_ln42_496_fu_5296_p3  |    select|   0|  0|  13|           1|          13|
    |select_ln42_497_fu_4488_p3  |    select|   0|  0|   2|           1|           1|
    |select_ln42_498_fu_4516_p3  |    select|   0|  0|   2|           1|           1|
    |select_ln42_499_fu_5323_p3  |    select|   0|  0|  14|           1|          12|
    |select_ln42_500_fu_5335_p3  |    select|   0|  0|  13|           1|          13|
    |select_ln42_501_fu_4691_p3  |    select|   0|  0|   2|           1|           1|
    |select_ln42_502_fu_4719_p3  |    select|   0|  0|   2|           1|           1|
    |select_ln42_503_fu_5362_p3  |    select|   0|  0|  14|           1|          12|
    |select_ln42_504_fu_5374_p3  |    select|   0|  0|  13|           1|          13|
    |select_ln42_fu_1442_p3      |    select|   0|  0|   2|           1|           1|
    |select_ln58_246_fu_5467_p3  |    select|   0|  0|  14|           1|          14|
    |select_ln58_247_fu_5475_p3  |    select|   0|  0|  13|           1|          13|
    |select_ln58_248_fu_5561_p3  |    select|   0|  0|  13|           1|          12|
    |select_ln58_249_fu_5569_p3  |    select|   0|  0|  14|           1|          14|
    |select_ln58_250_fu_5577_p3  |    select|   0|  0|  13|           1|          13|
    |select_ln58_251_fu_5663_p3  |    select|   0|  0|  13|           1|          12|
    |select_ln58_252_fu_5671_p3  |    select|   0|  0|  14|           1|          14|
    |select_ln58_253_fu_5679_p3  |    select|   0|  0|  13|           1|          13|
    |select_ln58_254_fu_5765_p3  |    select|   0|  0|  13|           1|          12|
    |select_ln58_255_fu_5773_p3  |    select|   0|  0|  14|           1|          14|
    |select_ln58_256_fu_5781_p3  |    select|   0|  0|  13|           1|          13|
    |select_ln58_257_fu_5867_p3  |    select|   0|  0|  13|           1|          12|
    |select_ln58_258_fu_5875_p3  |    select|   0|  0|  14|           1|          14|
    |select_ln58_259_fu_5883_p3  |    select|   0|  0|  13|           1|          13|
    |select_ln58_260_fu_5969_p3  |    select|   0|  0|  13|           1|          12|
    |select_ln58_261_fu_5977_p3  |    select|   0|  0|  14|           1|          14|
    |select_ln58_262_fu_5985_p3  |    select|   0|  0|  13|           1|          13|
    |select_ln58_263_fu_6071_p3  |    select|   0|  0|  13|           1|          12|
    |select_ln58_264_fu_6079_p3  |    select|   0|  0|  14|           1|          14|
    |select_ln58_265_fu_6087_p3  |    select|   0|  0|  13|           1|          13|
    |select_ln58_266_fu_6173_p3  |    select|   0|  0|  13|           1|          12|
    |select_ln58_267_fu_6181_p3  |    select|   0|  0|  14|           1|          14|
    |select_ln58_268_fu_6189_p3  |    select|   0|  0|  13|           1|          13|
    |select_ln58_269_fu_6377_p3  |    select|   0|  0|  13|           1|          12|
    |select_ln58_270_fu_6384_p3  |    select|   0|  0|  14|           1|          14|
    |select_ln58_271_fu_6391_p3  |    select|   0|  0|  13|           1|          13|
    |select_ln58_272_fu_6435_p3  |    select|   0|  0|  13|           1|          12|
    |select_ln58_273_fu_6442_p3  |    select|   0|  0|  14|           1|          14|
    |select_ln58_274_fu_6449_p3  |    select|   0|  0|  13|           1|          13|
    |select_ln58_275_fu_6493_p3  |    select|   0|  0|  13|           1|          12|
    |select_ln58_276_fu_6500_p3  |    select|   0|  0|  14|           1|          14|
    |select_ln58_277_fu_6507_p3  |    select|   0|  0|  13|           1|          13|
    |select_ln58_278_fu_6551_p3  |    select|   0|  0|  13|           1|          12|
    |select_ln58_279_fu_6558_p3  |    select|   0|  0|  14|           1|          14|
    |select_ln58_280_fu_6565_p3  |    select|   0|  0|  13|           1|          13|
    |select_ln58_fu_5459_p3      |    select|   0|  0|  13|           1|          12|
    |xor_ln42_442_fu_1478_p2     |       xor|   0|  0|   2|           1|           2|
    |xor_ln42_443_fu_1490_p2     |       xor|   0|  0|   2|           1|           2|
    |xor_ln42_444_fu_4766_p2     |       xor|   0|  0|   2|           1|           2|
    |xor_ln42_445_fu_1595_p2     |       xor|   0|  0|   2|           1|           2|
    |xor_ln42_446_fu_1681_p2     |       xor|   0|  0|   2|           1|           2|
    |xor_ln42_447_fu_1693_p2     |       xor|   0|  0|   2|           1|           2|
    |xor_ln42_448_fu_4805_p2     |       xor|   0|  0|   2|           1|           2|
    |xor_ln42_449_fu_1798_p2     |       xor|   0|  0|   2|           1|           2|
    |xor_ln42_450_fu_1884_p2     |       xor|   0|  0|   2|           1|           2|
    |xor_ln42_451_fu_1896_p2     |       xor|   0|  0|   2|           1|           2|
    |xor_ln42_452_fu_4844_p2     |       xor|   0|  0|   2|           1|           2|
    |xor_ln42_453_fu_2001_p2     |       xor|   0|  0|   2|           1|           2|
    |xor_ln42_454_fu_2087_p2     |       xor|   0|  0|   2|           1|           2|
    |xor_ln42_455_fu_2099_p2     |       xor|   0|  0|   2|           1|           2|
    |xor_ln42_456_fu_4883_p2     |       xor|   0|  0|   2|           1|           2|
    |xor_ln42_457_fu_2272_p2     |       xor|   0|  0|   2|           1|           2|
    |xor_ln42_458_fu_2358_p2     |       xor|   0|  0|   2|           1|           2|
    |xor_ln42_459_fu_2370_p2     |       xor|   0|  0|   2|           1|           2|
    |xor_ln42_460_fu_4922_p2     |       xor|   0|  0|   2|           1|           2|
    |xor_ln42_461_fu_2475_p2     |       xor|   0|  0|   2|           1|           2|
    |xor_ln42_462_fu_2561_p2     |       xor|   0|  0|   2|           1|           2|
    |xor_ln42_463_fu_2573_p2     |       xor|   0|  0|   2|           1|           2|
    |xor_ln42_464_fu_4961_p2     |       xor|   0|  0|   2|           1|           2|
    |xor_ln42_465_fu_2678_p2     |       xor|   0|  0|   2|           1|           2|
    |xor_ln42_466_fu_2764_p2     |       xor|   0|  0|   2|           1|           2|
    |xor_ln42_467_fu_2776_p2     |       xor|   0|  0|   2|           1|           2|
    |xor_ln42_468_fu_5000_p2     |       xor|   0|  0|   2|           1|           2|
    |xor_ln42_469_fu_2881_p2     |       xor|   0|  0|   2|           1|           2|
    |xor_ln42_470_fu_2967_p2     |       xor|   0|  0|   2|           1|           2|
    |xor_ln42_471_fu_2979_p2     |       xor|   0|  0|   2|           1|           2|
    |xor_ln42_472_fu_5039_p2     |       xor|   0|  0|   2|           1|           2|
    |xor_ln42_473_fu_3152_p2     |       xor|   0|  0|   2|           1|           2|
    |xor_ln42_474_fu_3238_p2     |       xor|   0|  0|   2|           1|           2|
    |xor_ln42_475_fu_3250_p2     |       xor|   0|  0|   2|           1|           2|
    |xor_ln42_476_fu_5078_p2     |       xor|   0|  0|   2|           1|           2|
    |xor_ln42_477_fu_3355_p2     |       xor|   0|  0|   2|           1|           2|
    |xor_ln42_478_fu_3441_p2     |       xor|   0|  0|   2|           1|           2|
    |xor_ln42_479_fu_3453_p2     |       xor|   0|  0|   2|           1|           2|
    |xor_ln42_480_fu_5117_p2     |       xor|   0|  0|   2|           1|           2|
    |xor_ln42_481_fu_3558_p2     |       xor|   0|  0|   2|           1|           2|
    |xor_ln42_482_fu_3644_p2     |       xor|   0|  0|   2|           1|           2|
    |xor_ln42_483_fu_3656_p2     |       xor|   0|  0|   2|           1|           2|
    |xor_ln42_484_fu_5156_p2     |       xor|   0|  0|   2|           1|           2|
    |xor_ln42_485_fu_3761_p2     |       xor|   0|  0|   2|           1|           2|
    |xor_ln42_486_fu_3847_p2     |       xor|   0|  0|   2|           1|           2|
    |xor_ln42_487_fu_3859_p2     |       xor|   0|  0|   2|           1|           2|
    |xor_ln42_488_fu_5195_p2     |       xor|   0|  0|   2|           1|           2|
    |xor_ln42_489_fu_4032_p2     |       xor|   0|  0|   2|           1|           2|
    |xor_ln42_490_fu_4118_p2     |       xor|   0|  0|   2|           1|           2|
    |xor_ln42_491_fu_4130_p2     |       xor|   0|  0|   2|           1|           2|
    |xor_ln42_492_fu_5234_p2     |       xor|   0|  0|   2|           1|           2|
    |xor_ln42_493_fu_4235_p2     |       xor|   0|  0|   2|           1|           2|
    |xor_ln42_494_fu_4321_p2     |       xor|   0|  0|   2|           1|           2|
    |xor_ln42_495_fu_4333_p2     |       xor|   0|  0|   2|           1|           2|
    |xor_ln42_496_fu_5273_p2     |       xor|   0|  0|   2|           1|           2|
    |xor_ln42_497_fu_4438_p2     |       xor|   0|  0|   2|           1|           2|
    |xor_ln42_498_fu_4524_p2     |       xor|   0|  0|   2|           1|           2|
    |xor_ln42_499_fu_4536_p2     |       xor|   0|  0|   2|           1|           2|
    |xor_ln42_500_fu_5312_p2     |       xor|   0|  0|   2|           1|           2|
    |xor_ln42_501_fu_4641_p2     |       xor|   0|  0|   2|           1|           2|
    |xor_ln42_502_fu_4727_p2     |       xor|   0|  0|   2|           1|           2|
    |xor_ln42_503_fu_4739_p2     |       xor|   0|  0|   2|           1|           2|
    |xor_ln42_504_fu_5351_p2     |       xor|   0|  0|   2|           1|           2|
    |xor_ln42_505_fu_1458_p2     |       xor|   0|  0|   2|           1|           2|
    |xor_ln42_506_fu_1661_p2     |       xor|   0|  0|   2|           1|           2|
    |xor_ln42_507_fu_1864_p2     |       xor|   0|  0|   2|           1|           2|
    |xor_ln42_508_fu_2067_p2     |       xor|   0|  0|   2|           1|           2|
    |xor_ln42_509_fu_2338_p2     |       xor|   0|  0|   2|           1|           2|
    |xor_ln42_510_fu_2541_p2     |       xor|   0|  0|   2|           1|           2|
    |xor_ln42_511_fu_2744_p2     |       xor|   0|  0|   2|           1|           2|
    |xor_ln42_512_fu_2947_p2     |       xor|   0|  0|   2|           1|           2|
    |xor_ln42_513_fu_3218_p2     |       xor|   0|  0|   2|           1|           2|
    |xor_ln42_514_fu_3421_p2     |       xor|   0|  0|   2|           1|           2|
    |xor_ln42_515_fu_3624_p2     |       xor|   0|  0|   2|           1|           2|
    |xor_ln42_516_fu_3827_p2     |       xor|   0|  0|   2|           1|           2|
    |xor_ln42_517_fu_4098_p2     |       xor|   0|  0|   2|           1|           2|
    |xor_ln42_518_fu_4301_p2     |       xor|   0|  0|   2|           1|           2|
    |xor_ln42_519_fu_4504_p2     |       xor|   0|  0|   2|           1|           2|
    |xor_ln42_520_fu_4707_p2     |       xor|   0|  0|   2|           1|           2|
    |xor_ln42_fu_1392_p2         |       xor|   0|  0|   2|           1|           2|
    |xor_ln58_330_fu_5429_p2     |       xor|   0|  0|   2|           1|           2|
    |xor_ln58_331_fu_5441_p2     |       xor|   0|  0|   2|           1|           1|
    |xor_ln58_332_fu_5447_p2     |       xor|   0|  0|   2|           1|           2|
    |xor_ln58_333_fu_5519_p2     |       xor|   0|  0|   2|           1|           2|
    |xor_ln58_334_fu_5531_p2     |       xor|   0|  0|   2|           1|           2|
    |xor_ln58_335_fu_5543_p2     |       xor|   0|  0|   2|           1|           1|
    |xor_ln58_336_fu_5549_p2     |       xor|   0|  0|   2|           1|           2|
    |xor_ln58_337_fu_5621_p2     |       xor|   0|  0|   2|           1|           2|
    |xor_ln58_338_fu_5633_p2     |       xor|   0|  0|   2|           1|           2|
    |xor_ln58_339_fu_5645_p2     |       xor|   0|  0|   2|           1|           1|
    |xor_ln58_340_fu_5651_p2     |       xor|   0|  0|   2|           1|           2|
    |xor_ln58_341_fu_5723_p2     |       xor|   0|  0|   2|           1|           2|
    |xor_ln58_342_fu_5735_p2     |       xor|   0|  0|   2|           1|           2|
    |xor_ln58_343_fu_5747_p2     |       xor|   0|  0|   2|           1|           1|
    |xor_ln58_344_fu_5753_p2     |       xor|   0|  0|   2|           1|           2|
    |xor_ln58_345_fu_5825_p2     |       xor|   0|  0|   2|           1|           2|
    |xor_ln58_346_fu_5837_p2     |       xor|   0|  0|   2|           1|           2|
    |xor_ln58_347_fu_5849_p2     |       xor|   0|  0|   2|           1|           1|
    |xor_ln58_348_fu_5855_p2     |       xor|   0|  0|   2|           1|           2|
    |xor_ln58_349_fu_5927_p2     |       xor|   0|  0|   2|           1|           2|
    |xor_ln58_350_fu_5939_p2     |       xor|   0|  0|   2|           1|           2|
    |xor_ln58_351_fu_5951_p2     |       xor|   0|  0|   2|           1|           1|
    |xor_ln58_352_fu_5957_p2     |       xor|   0|  0|   2|           1|           2|
    |xor_ln58_353_fu_6029_p2     |       xor|   0|  0|   2|           1|           2|
    |xor_ln58_354_fu_6041_p2     |       xor|   0|  0|   2|           1|           2|
    |xor_ln58_355_fu_6053_p2     |       xor|   0|  0|   2|           1|           1|
    |xor_ln58_356_fu_6059_p2     |       xor|   0|  0|   2|           1|           2|
    |xor_ln58_357_fu_6131_p2     |       xor|   0|  0|   2|           1|           2|
    |xor_ln58_358_fu_6143_p2     |       xor|   0|  0|   2|           1|           2|
    |xor_ln58_359_fu_6155_p2     |       xor|   0|  0|   2|           1|           1|
    |xor_ln58_360_fu_6161_p2     |       xor|   0|  0|   2|           1|           2|
    |xor_ln58_361_fu_6341_p2     |       xor|   0|  0|   2|           1|           2|
    |xor_ln58_362_fu_6351_p2     |       xor|   0|  0|   2|           1|           2|
    |xor_ln58_363_fu_6361_p2     |       xor|   0|  0|   2|           1|           1|
    |xor_ln58_364_fu_6365_p2     |       xor|   0|  0|   2|           1|           2|
    |xor_ln58_365_fu_6399_p2     |       xor|   0|  0|   2|           1|           2|
    |xor_ln58_366_fu_6409_p2     |       xor|   0|  0|   2|           1|           2|
    |xor_ln58_367_fu_6419_p2     |       xor|   0|  0|   2|           1|           1|
    |xor_ln58_368_fu_6423_p2     |       xor|   0|  0|   2|           1|           2|
    |xor_ln58_369_fu_6457_p2     |       xor|   0|  0|   2|           1|           2|
    |xor_ln58_370_fu_6467_p2     |       xor|   0|  0|   2|           1|           2|
    |xor_ln58_371_fu_6477_p2     |       xor|   0|  0|   2|           1|           1|
    |xor_ln58_372_fu_6481_p2     |       xor|   0|  0|   2|           1|           2|
    |xor_ln58_373_fu_6515_p2     |       xor|   0|  0|   2|           1|           2|
    |xor_ln58_374_fu_6525_p2     |       xor|   0|  0|   2|           1|           2|
    |xor_ln58_375_fu_6535_p2     |       xor|   0|  0|   2|           1|           1|
    |xor_ln58_376_fu_6539_p2     |       xor|   0|  0|   2|           1|           2|
    |xor_ln58_fu_5417_p2         |       xor|   0|  0|   2|           1|           2|
    +----------------------------+----------+----+---+----+------------+------------+
    |Total                       |          |   0|  0|3252|        1276|        1984|
    +----------------------------+----------+----+---+----+------------+------------+

    * Multiplexer: 
    N/A

    * Register: 
    +------------------------+----+----+-----+-----------+
    |          Name          | FF | LUT| Bits| Const Bits|
    +------------------------+----+----+-----+-----------+
    |add_ln42_106_reg_6633   |  13|   0|   13|          0|
    |add_ln42_107_reg_6664   |  13|   0|   13|          0|
    |add_ln42_108_reg_6695   |  13|   0|   13|          0|
    |add_ln42_109_reg_6726   |  13|   0|   13|          0|
    |add_ln42_110_reg_6757   |  13|   0|   13|          0|
    |add_ln42_111_reg_6788   |  13|   0|   13|          0|
    |add_ln42_112_reg_6819   |  13|   0|   13|          0|
    |add_ln42_113_reg_6850   |  13|   0|   13|          0|
    |add_ln42_114_reg_6881   |  13|   0|   13|          0|
    |add_ln42_115_reg_6912   |  13|   0|   13|          0|
    |add_ln42_116_reg_6943   |  13|   0|   13|          0|
    |add_ln42_117_reg_6974   |  13|   0|   13|          0|
    |add_ln42_118_reg_7005   |  13|   0|   13|          0|
    |add_ln42_119_reg_7036   |  13|   0|   13|          0|
    |add_ln42_120_reg_7067   |  13|   0|   13|          0|
    |add_ln42_reg_6602       |  13|   0|   13|          0|
    |add_ln58_104_reg_7093   |  13|   0|   13|          0|
    |add_ln58_105_reg_7113   |  13|   0|   13|          0|
    |add_ln58_106_reg_7133   |  13|   0|   13|          0|
    |add_ln58_107_reg_7153   |  13|   0|   13|          0|
    |and_ln42_778_reg_6607   |   1|   0|    1|          0|
    |and_ln42_781_reg_6617   |   1|   0|    1|          0|
    |and_ln42_782_reg_6623   |   1|   0|    1|          0|
    |and_ln42_785_reg_6638   |   1|   0|    1|          0|
    |and_ln42_788_reg_6648   |   1|   0|    1|          0|
    |and_ln42_789_reg_6654   |   1|   0|    1|          0|
    |and_ln42_792_reg_6669   |   1|   0|    1|          0|
    |and_ln42_795_reg_6679   |   1|   0|    1|          0|
    |and_ln42_796_reg_6685   |   1|   0|    1|          0|
    |and_ln42_799_reg_6700   |   1|   0|    1|          0|
    |and_ln42_802_reg_6710   |   1|   0|    1|          0|
    |and_ln42_803_reg_6716   |   1|   0|    1|          0|
    |and_ln42_806_reg_6731   |   1|   0|    1|          0|
    |and_ln42_809_reg_6741   |   1|   0|    1|          0|
    |and_ln42_810_reg_6747   |   1|   0|    1|          0|
    |and_ln42_813_reg_6762   |   1|   0|    1|          0|
    |and_ln42_816_reg_6772   |   1|   0|    1|          0|
    |and_ln42_817_reg_6778   |   1|   0|    1|          0|
    |and_ln42_820_reg_6793   |   1|   0|    1|          0|
    |and_ln42_823_reg_6803   |   1|   0|    1|          0|
    |and_ln42_824_reg_6809   |   1|   0|    1|          0|
    |and_ln42_827_reg_6824   |   1|   0|    1|          0|
    |and_ln42_830_reg_6834   |   1|   0|    1|          0|
    |and_ln42_831_reg_6840   |   1|   0|    1|          0|
    |and_ln42_834_reg_6855   |   1|   0|    1|          0|
    |and_ln42_837_reg_6865   |   1|   0|    1|          0|
    |and_ln42_838_reg_6871   |   1|   0|    1|          0|
    |and_ln42_841_reg_6886   |   1|   0|    1|          0|
    |and_ln42_844_reg_6896   |   1|   0|    1|          0|
    |and_ln42_845_reg_6902   |   1|   0|    1|          0|
    |and_ln42_848_reg_6917   |   1|   0|    1|          0|
    |and_ln42_851_reg_6927   |   1|   0|    1|          0|
    |and_ln42_852_reg_6933   |   1|   0|    1|          0|
    |and_ln42_855_reg_6948   |   1|   0|    1|          0|
    |and_ln42_858_reg_6958   |   1|   0|    1|          0|
    |and_ln42_859_reg_6964   |   1|   0|    1|          0|
    |and_ln42_862_reg_6979   |   1|   0|    1|          0|
    |and_ln42_865_reg_6989   |   1|   0|    1|          0|
    |and_ln42_866_reg_6995   |   1|   0|    1|          0|
    |and_ln42_869_reg_7010   |   1|   0|    1|          0|
    |and_ln42_872_reg_7020   |   1|   0|    1|          0|
    |and_ln42_873_reg_7026   |   1|   0|    1|          0|
    |and_ln42_876_reg_7041   |   1|   0|    1|          0|
    |and_ln42_879_reg_7051   |   1|   0|    1|          0|
    |and_ln42_880_reg_7057   |   1|   0|    1|          0|
    |and_ln42_883_reg_7072   |   1|   0|    1|          0|
    |and_ln42_886_reg_7082   |   1|   0|    1|          0|
    |and_ln42_887_reg_7088   |   1|   0|    1|          0|
    |data_32_val_int_reg     |  13|   0|   13|          0|
    |data_33_val_int_reg     |  13|   0|   13|          0|
    |data_34_val_int_reg     |  13|   0|   13|          0|
    |data_35_val_int_reg     |  13|   0|   13|          0|
    |data_36_val_int_reg     |  13|   0|   13|          0|
    |data_37_val_int_reg     |  13|   0|   13|          0|
    |data_38_val_int_reg     |  13|   0|   13|          0|
    |data_39_val_int_reg     |  13|   0|   13|          0|
    |data_40_val_int_reg     |  13|   0|   13|          0|
    |data_41_val_int_reg     |  13|   0|   13|          0|
    |data_42_val_int_reg     |  13|   0|   13|          0|
    |data_43_val_int_reg     |  13|   0|   13|          0|
    |data_44_val_int_reg     |  13|   0|   13|          0|
    |data_45_val_int_reg     |  13|   0|   13|          0|
    |data_46_val_int_reg     |  13|   0|   13|          0|
    |data_47_val_int_reg     |  13|   0|   13|          0|
    |icmp_ln42_443_reg_6612  |   1|   0|    1|          0|
    |icmp_ln42_447_reg_6643  |   1|   0|    1|          0|
    |icmp_ln42_451_reg_6674  |   1|   0|    1|          0|
    |icmp_ln42_455_reg_6705  |   1|   0|    1|          0|
    |icmp_ln42_459_reg_6736  |   1|   0|    1|          0|
    |icmp_ln42_463_reg_6767  |   1|   0|    1|          0|
    |icmp_ln42_467_reg_6798  |   1|   0|    1|          0|
    |icmp_ln42_471_reg_6829  |   1|   0|    1|          0|
    |icmp_ln42_475_reg_6860  |   1|   0|    1|          0|
    |icmp_ln42_479_reg_6891  |   1|   0|    1|          0|
    |icmp_ln42_483_reg_6922  |   1|   0|    1|          0|
    |icmp_ln42_487_reg_6953  |   1|   0|    1|          0|
    |icmp_ln42_491_reg_6984  |   1|   0|    1|          0|
    |icmp_ln42_495_reg_7015  |   1|   0|    1|          0|
    |icmp_ln42_499_reg_7046  |   1|   0|    1|          0|
    |icmp_ln42_503_reg_7077  |   1|   0|    1|          0|
    |idx_int_reg             |   6|   0|    6|          0|
    |tmp_14133_reg_6628      |   1|   0|    1|          0|
    |tmp_14139_reg_6659      |   1|   0|    1|          0|
    |tmp_14145_reg_6690      |   1|   0|    1|          0|
    |tmp_14151_reg_6721      |   1|   0|    1|          0|
    |tmp_14157_reg_6752      |   1|   0|    1|          0|
    |tmp_14163_reg_6783      |   1|   0|    1|          0|
    |tmp_14169_reg_6814      |   1|   0|    1|          0|
    |tmp_14175_reg_6845      |   1|   0|    1|          0|
    |tmp_14181_reg_6876      |   1|   0|    1|          0|
    |tmp_14187_reg_6907      |   1|   0|    1|          0|
    |tmp_14193_reg_6938      |   1|   0|    1|          0|
    |tmp_14199_reg_6969      |   1|   0|    1|          0|
    |tmp_14205_reg_7000      |   1|   0|    1|          0|
    |tmp_14211_reg_7031      |   1|   0|    1|          0|
    |tmp_14217_reg_7062      |   1|   0|    1|          0|
    |tmp_14239_reg_7099      |   1|   0|    1|          0|
    |tmp_14240_reg_7106      |   1|   0|    1|          0|
    |tmp_14241_reg_7119      |   1|   0|    1|          0|
    |tmp_14242_reg_7126      |   1|   0|    1|          0|
    |tmp_14243_reg_7139      |   1|   0|    1|          0|
    |tmp_14244_reg_7146      |   1|   0|    1|          0|
    |tmp_14245_reg_7159      |   1|   0|    1|          0|
    |tmp_14246_reg_7166      |   1|   0|    1|          0|
    |tmp_reg_6597            |   1|   0|    1|          0|
    |weights_32_val_int_reg  |  13|   0|   13|          0|
    |weights_33_val_int_reg  |  13|   0|   13|          0|
    |weights_34_val_int_reg  |  13|   0|   13|          0|
    |weights_35_val_int_reg  |  13|   0|   13|          0|
    |weights_36_val_int_reg  |  13|   0|   13|          0|
    |weights_37_val_int_reg  |  13|   0|   13|          0|
    |weights_38_val_int_reg  |  13|   0|   13|          0|
    |weights_39_val_int_reg  |  13|   0|   13|          0|
    |weights_40_val_int_reg  |  13|   0|   13|          0|
    |weights_41_val_int_reg  |  13|   0|   13|          0|
    |weights_42_val_int_reg  |  13|   0|   13|          0|
    |weights_43_val_int_reg  |  13|   0|   13|          0|
    |weights_44_val_int_reg  |  13|   0|   13|          0|
    |weights_45_val_int_reg  |  13|   0|   13|          0|
    |weights_46_val_int_reg  |  13|   0|   13|          0|
    |weights_47_val_int_reg  |  13|   0|   13|          0|
    +------------------------+----+----+-----+-----------+
    |Total                   | 770|   0|  770|          0|
    +------------------------+----+----+-----+-----------+



================================================================
== Interface
================================================================
* Summary: 
+----------------+-----+-----+------------+------------------------------------------------------------------------------------+--------------+
|    RTL Ports   | Dir | Bits|  Protocol  |                                    Source Object                                   |    C Type    |
+----------------+-----+-----+------------+------------------------------------------------------------------------------------+--------------+
|ap_clk          |   in|    1|  ap_ctrl_hs|  dense_latency<ap_fixed<13, 4, 4, 0, 0>, ap_fixed<13, 4, 4, 0, 0>, config5_dense>.2|  return value|
|ap_rst          |   in|    1|  ap_ctrl_hs|  dense_latency<ap_fixed<13, 4, 4, 0, 0>, ap_fixed<13, 4, 4, 0, 0>, config5_dense>.2|  return value|
|ap_return_0     |  out|   13|  ap_ctrl_hs|  dense_latency<ap_fixed<13, 4, 4, 0, 0>, ap_fixed<13, 4, 4, 0, 0>, config5_dense>.2|  return value|
|ap_return_1     |  out|   13|  ap_ctrl_hs|  dense_latency<ap_fixed<13, 4, 4, 0, 0>, ap_fixed<13, 4, 4, 0, 0>, config5_dense>.2|  return value|
|ap_return_2     |  out|   13|  ap_ctrl_hs|  dense_latency<ap_fixed<13, 4, 4, 0, 0>, ap_fixed<13, 4, 4, 0, 0>, config5_dense>.2|  return value|
|ap_return_3     |  out|   13|  ap_ctrl_hs|  dense_latency<ap_fixed<13, 4, 4, 0, 0>, ap_fixed<13, 4, 4, 0, 0>, config5_dense>.2|  return value|
|ap_ce           |   in|    1|  ap_ctrl_hs|  dense_latency<ap_fixed<13, 4, 4, 0, 0>, ap_fixed<13, 4, 4, 0, 0>, config5_dense>.2|  return value|
|data_32_val     |   in|   13|     ap_none|                                                                         data_32_val|        scalar|
|data_33_val     |   in|   13|     ap_none|                                                                         data_33_val|        scalar|
|data_34_val     |   in|   13|     ap_none|                                                                         data_34_val|        scalar|
|data_35_val     |   in|   13|     ap_none|                                                                         data_35_val|        scalar|
|data_36_val     |   in|   13|     ap_none|                                                                         data_36_val|        scalar|
|data_37_val     |   in|   13|     ap_none|                                                                         data_37_val|        scalar|
|data_38_val     |   in|   13|     ap_none|                                                                         data_38_val|        scalar|
|data_39_val     |   in|   13|     ap_none|                                                                         data_39_val|        scalar|
|data_40_val     |   in|   13|     ap_none|                                                                         data_40_val|        scalar|
|data_41_val     |   in|   13|     ap_none|                                                                         data_41_val|        scalar|
|data_42_val     |   in|   13|     ap_none|                                                                         data_42_val|        scalar|
|data_43_val     |   in|   13|     ap_none|                                                                         data_43_val|        scalar|
|data_44_val     |   in|   13|     ap_none|                                                                         data_44_val|        scalar|
|data_45_val     |   in|   13|     ap_none|                                                                         data_45_val|        scalar|
|data_46_val     |   in|   13|     ap_none|                                                                         data_46_val|        scalar|
|data_47_val     |   in|   13|     ap_none|                                                                         data_47_val|        scalar|
|weights_32_val  |   in|   13|     ap_none|                                                                      weights_32_val|        scalar|
|weights_33_val  |   in|   13|     ap_none|                                                                      weights_33_val|        scalar|
|weights_34_val  |   in|   13|     ap_none|                                                                      weights_34_val|        scalar|
|weights_35_val  |   in|   13|     ap_none|                                                                      weights_35_val|        scalar|
|weights_36_val  |   in|   13|     ap_none|                                                                      weights_36_val|        scalar|
|weights_37_val  |   in|   13|     ap_none|                                                                      weights_37_val|        scalar|
|weights_38_val  |   in|   13|     ap_none|                                                                      weights_38_val|        scalar|
|weights_39_val  |   in|   13|     ap_none|                                                                      weights_39_val|        scalar|
|weights_40_val  |   in|   13|     ap_none|                                                                      weights_40_val|        scalar|
|weights_41_val  |   in|   13|     ap_none|                                                                      weights_41_val|        scalar|
|weights_42_val  |   in|   13|     ap_none|                                                                      weights_42_val|        scalar|
|weights_43_val  |   in|   13|     ap_none|                                                                      weights_43_val|        scalar|
|weights_44_val  |   in|   13|     ap_none|                                                                      weights_44_val|        scalar|
|weights_45_val  |   in|   13|     ap_none|                                                                      weights_45_val|        scalar|
|weights_46_val  |   in|   13|     ap_none|                                                                      weights_46_val|        scalar|
|weights_47_val  |   in|   13|     ap_none|                                                                      weights_47_val|        scalar|
|idx             |   in|    6|     ap_none|                                                                                 idx|        scalar|
+----------------+-----+-----+------------+------------------------------------------------------------------------------------+--------------+

