

================================================================
== Vitis HLS Report for 'dense_latency_ap_fixed_13_4_4_0_0_ap_fixed_13_4_4_0_0_config5_dense_5'
================================================================
* Date:           Mon Feb 10 03:33:28 2025

* Version:        2023.2 (Build 4023990 on Oct 11 2023)
* Project:        myproject_prj
* Solution:       solution1 (Vivado IP Flow Target)
* Product family: virtexuplus
* Target device:  xcvu13p-flga2577-2-e


================================================================
== Performance Estimates
================================================================
+ Timing: 
    * Summary: 
    +--------+---------+----------+------------+
    |  Clock |  Target | Estimated| Uncertainty|
    +--------+---------+----------+------------+
    |ap_clk  |  5.00 ns|  4.339 ns|     0.62 ns|
    +--------+---------+----------+------------+

+ Latency: 
    * Summary: 
    +---------+---------+-----------+-----------+-----+-----+---------+
    |  Latency (cycles) |   Latency (absolute)  |  Interval | Pipeline|
    |   min   |   max   |    min    |    max    | min | max |   Type  |
    +---------+---------+-----------+-----------+-----+-----+---------+
    |        2|        2|  10.000 ns|  10.000 ns|    1|    1|      yes|
    +---------+---------+-----------+-----------+-----+-----+---------+

    + Detail: 
        * Instance: 
        N/A

        * Loop: 
        N/A



================================================================
== Utilization Estimates
================================================================
* Summary: 
+---------------------+---------+-------+---------+---------+------+
|         Name        | BRAM_18K|  DSP  |    FF   |   LUT   | URAM |
+---------------------+---------+-------+---------+---------+------+
|DSP                  |        -|      -|        -|        -|     -|
|Expression           |        -|      -|        0|     3252|     -|
|FIFO                 |        -|      -|        -|        -|     -|
|Instance             |        -|     16|        0|      324|     -|
|Memory               |        -|      -|        -|        -|     -|
|Multiplexer          |        -|      -|        -|        -|     -|
|Register             |        -|      -|      771|        -|     -|
+---------------------+---------+-------+---------+---------+------+
|Total                |        0|     16|      771|     3576|     0|
+---------------------+---------+-------+---------+---------+------+
|Available SLR        |     1344|   3072|   864000|   432000|   320|
+---------------------+---------+-------+---------+---------+------+
|Utilization SLR (%)  |        0|     ~0|       ~0|       ~0|     0|
+---------------------+---------+-------+---------+---------+------+
|Available            |     5376|  12288|  3456000|  1728000|  1280|
+---------------------+---------+-------+---------+---------+------+
|Utilization (%)      |        0|     ~0|       ~0|       ~0|     0|
+---------------------+---------+-------+---------+---------+------+

+ Detail: 
    * Instance: 
    +-----------------------------+-----------------------+---------+----+---+----+-----+
    |           Instance          |         Module        | BRAM_18K| DSP| FF| LUT| URAM|
    +-----------------------------+-----------------------+---------+----+---+----+-----+
    |mul_13s_13s_26_1_1_U3276     |mul_13s_13s_26_1_1     |        0|   1|  0|   4|    0|
    |mul_13s_13s_26_1_1_U3277     |mul_13s_13s_26_1_1     |        0|   1|  0|   4|    0|
    |mul_13s_13s_26_1_1_U3278     |mul_13s_13s_26_1_1     |        0|   1|  0|   4|    0|
    |mul_13s_13s_26_1_1_U3279     |mul_13s_13s_26_1_1     |        0|   1|  0|   4|    0|
    |mul_13s_13s_26_1_1_U3280     |mul_13s_13s_26_1_1     |        0|   1|  0|   4|    0|
    |mul_13s_13s_26_1_1_U3281     |mul_13s_13s_26_1_1     |        0|   1|  0|   4|    0|
    |mul_13s_13s_26_1_1_U3282     |mul_13s_13s_26_1_1     |        0|   1|  0|   4|    0|
    |mul_13s_13s_26_1_1_U3283     |mul_13s_13s_26_1_1     |        0|   1|  0|   4|    0|
    |mul_13s_13s_26_1_1_U3284     |mul_13s_13s_26_1_1     |        0|   1|  0|   4|    0|
    |mul_13s_13s_26_1_1_U3285     |mul_13s_13s_26_1_1     |        0|   1|  0|   4|    0|
    |mul_13s_13s_26_1_1_U3286     |mul_13s_13s_26_1_1     |        0|   1|  0|   4|    0|
    |mul_13s_13s_26_1_1_U3287     |mul_13s_13s_26_1_1     |        0|   1|  0|   4|    0|
    |mul_13s_13s_26_1_1_U3288     |mul_13s_13s_26_1_1     |        0|   1|  0|   4|    0|
    |mul_13s_13s_26_1_1_U3289     |mul_13s_13s_26_1_1     |        0|   1|  0|   4|    0|
    |mul_13s_13s_26_1_1_U3290     |mul_13s_13s_26_1_1     |        0|   1|  0|   4|    0|
    |mul_13s_13s_26_1_1_U3291     |mul_13s_13s_26_1_1     |        0|   1|  0|   4|    0|
    |sparsemux_27_7_13_1_1_U3292  |sparsemux_27_7_13_1_1  |        0|   0|  0|  65|    0|
    |sparsemux_27_7_13_1_1_U3293  |sparsemux_27_7_13_1_1  |        0|   0|  0|  65|    0|
    |sparsemux_27_7_13_1_1_U3294  |sparsemux_27_7_13_1_1  |        0|   0|  0|  65|    0|
    |sparsemux_27_7_13_1_1_U3295  |sparsemux_27_7_13_1_1  |        0|   0|  0|  65|    0|
    +-----------------------------+-----------------------+---------+----+---+----+-----+
    |Total                        |                       |        0|  16|  0| 324|    0|
    +-----------------------------+-----------------------+---------+----+---+----+-----+

    * DSP: 
    N/A

    * Memory: 
    N/A

    * FIFO: 
    N/A

    * Expression: 
    +----------------------------+----------+----+---+----+------------+------------+
    |        Variable Name       | Operation| DSP| FF| LUT| Bitwidth P0| Bitwidth P1|
    +----------------------------+----------+----+---+----+------------+------------+
    |add_ln42_61_fu_1581_p2      |         +|   0|  0|  20|          13|          13|
    |add_ln42_62_fu_1784_p2      |         +|   0|  0|  20|          13|          13|
    |add_ln42_63_fu_1987_p2      |         +|   0|  0|  20|          13|          13|
    |add_ln42_64_fu_2258_p2      |         +|   0|  0|  20|          13|          13|
    |add_ln42_65_fu_2461_p2      |         +|   0|  0|  20|          13|          13|
    |add_ln42_66_fu_2664_p2      |         +|   0|  0|  20|          13|          13|
    |add_ln42_67_fu_2867_p2      |         +|   0|  0|  20|          13|          13|
    |add_ln42_68_fu_3138_p2      |         +|   0|  0|  20|          13|          13|
    |add_ln42_69_fu_3341_p2      |         +|   0|  0|  20|          13|          13|
    |add_ln42_70_fu_3544_p2      |         +|   0|  0|  20|          13|          13|
    |add_ln42_71_fu_3747_p2      |         +|   0|  0|  20|          13|          13|
    |add_ln42_72_fu_4018_p2      |         +|   0|  0|  20|          13|          13|
    |add_ln42_73_fu_4221_p2      |         +|   0|  0|  20|          13|          13|
    |add_ln42_74_fu_4424_p2      |         +|   0|  0|  20|          13|          13|
    |add_ln42_75_fu_4627_p2      |         +|   0|  0|  20|          13|          13|
    |add_ln42_fu_1378_p2         |         +|   0|  0|  20|          13|          13|
    |add_ln58_45_fu_5497_p2      |         +|   0|  0|  21|          14|          14|
    |add_ln58_46_fu_5599_p2      |         +|   0|  0|  21|          14|          14|
    |add_ln58_47_fu_5701_p2      |         +|   0|  0|  21|          14|          14|
    |add_ln58_48_fu_5803_p2      |         +|   0|  0|  21|          14|          14|
    |add_ln58_49_fu_5905_p2      |         +|   0|  0|  21|          14|          14|
    |add_ln58_50_fu_6007_p2      |         +|   0|  0|  21|          14|          14|
    |add_ln58_51_fu_6109_p2      |         +|   0|  0|  21|          14|          14|
    |add_ln58_52_fu_6211_p2      |         +|   0|  0|  21|          14|          14|
    |add_ln58_53_fu_6247_p2      |         +|   0|  0|  21|          14|          14|
    |add_ln58_54_fu_6283_p2      |         +|   0|  0|  21|          14|          14|
    |add_ln58_55_fu_6319_p2      |         +|   0|  0|  21|          14|          14|
    |add_ln58_60_fu_5389_p2      |         +|   0|  0|  20|          13|          13|
    |add_ln58_61_fu_5491_p2      |         +|   0|  0|  20|          13|          13|
    |add_ln58_62_fu_5593_p2      |         +|   0|  0|  20|          13|          13|
    |add_ln58_63_fu_5695_p2      |         +|   0|  0|  20|          13|          13|
    |add_ln58_64_fu_5797_p2      |         +|   0|  0|  20|          13|          13|
    |add_ln58_65_fu_5899_p2      |         +|   0|  0|  20|          13|          13|
    |add_ln58_66_fu_6001_p2      |         +|   0|  0|  20|          13|          13|
    |add_ln58_67_fu_6103_p2      |         +|   0|  0|  20|          13|          13|
    |add_ln58_68_fu_6205_p2      |         +|   0|  0|  20|          13|          13|
    |add_ln58_69_fu_6241_p2      |         +|   0|  0|  20|          13|          13|
    |add_ln58_70_fu_6277_p2      |         +|   0|  0|  20|          13|          13|
    |add_ln58_71_fu_6313_p2      |         +|   0|  0|  20|          13|          13|
    |add_ln58_fu_5395_p2         |         +|   0|  0|  21|          14|          14|
    |and_ln42_445_fu_1398_p2     |       and|   0|  0|   2|           1|           1|
    |and_ln42_446_fu_1464_p2     |       and|   0|  0|   2|           1|           1|
    |and_ln42_447_fu_4757_p2     |       and|   0|  0|   2|           1|           1|
    |and_ln42_448_fu_1496_p2     |       and|   0|  0|   2|           1|           1|
    |and_ln42_449_fu_1502_p2     |       and|   0|  0|   2|           1|           1|
    |and_ln42_450_fu_4772_p2     |       and|   0|  0|   2|           1|           1|
    |and_ln42_451_fu_1571_p2     |       and|   0|  0|   2|           1|           1|
    |and_ln42_452_fu_1601_p2     |       and|   0|  0|   2|           1|           1|
    |and_ln42_453_fu_1667_p2     |       and|   0|  0|   2|           1|           1|
    |and_ln42_454_fu_4796_p2     |       and|   0|  0|   2|           1|           1|
    |and_ln42_455_fu_1699_p2     |       and|   0|  0|   2|           1|           1|
    |and_ln42_456_fu_1705_p2     |       and|   0|  0|   2|           1|           1|
    |and_ln42_457_fu_4811_p2     |       and|   0|  0|   2|           1|           1|
    |and_ln42_458_fu_1774_p2     |       and|   0|  0|   2|           1|           1|
    |and_ln42_459_fu_1804_p2     |       and|   0|  0|   2|           1|           1|
    |and_ln42_460_fu_1870_p2     |       and|   0|  0|   2|           1|           1|
    |and_ln42_461_fu_4835_p2     |       and|   0|  0|   2|           1|           1|
    |and_ln42_462_fu_1902_p2     |       and|   0|  0|   2|           1|           1|
    |and_ln42_463_fu_1908_p2     |       and|   0|  0|   2|           1|           1|
    |and_ln42_464_fu_4850_p2     |       and|   0|  0|   2|           1|           1|
    |and_ln42_465_fu_1977_p2     |       and|   0|  0|   2|           1|           1|
    |and_ln42_466_fu_2007_p2     |       and|   0|  0|   2|           1|           1|
    |and_ln42_467_fu_2073_p2     |       and|   0|  0|   2|           1|           1|
    |and_ln42_468_fu_4874_p2     |       and|   0|  0|   2|           1|           1|
    |and_ln42_469_fu_2105_p2     |       and|   0|  0|   2|           1|           1|
    |and_ln42_470_fu_2111_p2     |       and|   0|  0|   2|           1|           1|
    |and_ln42_471_fu_4889_p2     |       and|   0|  0|   2|           1|           1|
    |and_ln42_472_fu_2248_p2     |       and|   0|  0|   2|           1|           1|
    |and_ln42_473_fu_2278_p2     |       and|   0|  0|   2|           1|           1|
    |and_ln42_474_fu_2344_p2     |       and|   0|  0|   2|           1|           1|
    |and_ln42_475_fu_4913_p2     |       and|   0|  0|   2|           1|           1|
    |and_ln42_476_fu_2376_p2     |       and|   0|  0|   2|           1|           1|
    |and_ln42_477_fu_2382_p2     |       and|   0|  0|   2|           1|           1|
    |and_ln42_478_fu_4928_p2     |       and|   0|  0|   2|           1|           1|
    |and_ln42_479_fu_2451_p2     |       and|   0|  0|   2|           1|           1|
    |and_ln42_480_fu_2481_p2     |       and|   0|  0|   2|           1|           1|
    |and_ln42_481_fu_2547_p2     |       and|   0|  0|   2|           1|           1|
    |and_ln42_482_fu_4952_p2     |       and|   0|  0|   2|           1|           1|
    |and_ln42_483_fu_2579_p2     |       and|   0|  0|   2|           1|           1|
    |and_ln42_484_fu_2585_p2     |       and|   0|  0|   2|           1|           1|
    |and_ln42_485_fu_4967_p2     |       and|   0|  0|   2|           1|           1|
    |and_ln42_486_fu_2654_p2     |       and|   0|  0|   2|           1|           1|
    |and_ln42_487_fu_2684_p2     |       and|   0|  0|   2|           1|           1|
    |and_ln42_488_fu_2750_p2     |       and|   0|  0|   2|           1|           1|
    |and_ln42_489_fu_4991_p2     |       and|   0|  0|   2|           1|           1|
    |and_ln42_490_fu_2782_p2     |       and|   0|  0|   2|           1|           1|
    |and_ln42_491_fu_2788_p2     |       and|   0|  0|   2|           1|           1|
    |and_ln42_492_fu_5006_p2     |       and|   0|  0|   2|           1|           1|
    |and_ln42_493_fu_2857_p2     |       and|   0|  0|   2|           1|           1|
    |and_ln42_494_fu_2887_p2     |       and|   0|  0|   2|           1|           1|
    |and_ln42_495_fu_2953_p2     |       and|   0|  0|   2|           1|           1|
    |and_ln42_496_fu_5030_p2     |       and|   0|  0|   2|           1|           1|
    |and_ln42_497_fu_2985_p2     |       and|   0|  0|   2|           1|           1|
    |and_ln42_498_fu_2991_p2     |       and|   0|  0|   2|           1|           1|
    |and_ln42_499_fu_5045_p2     |       and|   0|  0|   2|           1|           1|
    |and_ln42_500_fu_3128_p2     |       and|   0|  0|   2|           1|           1|
    |and_ln42_501_fu_3158_p2     |       and|   0|  0|   2|           1|           1|
    |and_ln42_502_fu_3224_p2     |       and|   0|  0|   2|           1|           1|
    |and_ln42_503_fu_5069_p2     |       and|   0|  0|   2|           1|           1|
    |and_ln42_504_fu_3256_p2     |       and|   0|  0|   2|           1|           1|
    |and_ln42_505_fu_3262_p2     |       and|   0|  0|   2|           1|           1|
    |and_ln42_506_fu_5084_p2     |       and|   0|  0|   2|           1|           1|
    |and_ln42_507_fu_3331_p2     |       and|   0|  0|   2|           1|           1|
    |and_ln42_508_fu_3361_p2     |       and|   0|  0|   2|           1|           1|
    |and_ln42_509_fu_3427_p2     |       and|   0|  0|   2|           1|           1|
    |and_ln42_510_fu_5108_p2     |       and|   0|  0|   2|           1|           1|
    |and_ln42_511_fu_3459_p2     |       and|   0|  0|   2|           1|           1|
    |and_ln42_512_fu_3465_p2     |       and|   0|  0|   2|           1|           1|
    |and_ln42_513_fu_5123_p2     |       and|   0|  0|   2|           1|           1|
    |and_ln42_514_fu_3534_p2     |       and|   0|  0|   2|           1|           1|
    |and_ln42_515_fu_3564_p2     |       and|   0|  0|   2|           1|           1|
    |and_ln42_516_fu_3630_p2     |       and|   0|  0|   2|           1|           1|
    |and_ln42_517_fu_5147_p2     |       and|   0|  0|   2|           1|           1|
    |and_ln42_518_fu_3662_p2     |       and|   0|  0|   2|           1|           1|
    |and_ln42_519_fu_3668_p2     |       and|   0|  0|   2|           1|           1|
    |and_ln42_520_fu_5162_p2     |       and|   0|  0|   2|           1|           1|
    |and_ln42_521_fu_3737_p2     |       and|   0|  0|   2|           1|           1|
    |and_ln42_522_fu_3767_p2     |       and|   0|  0|   2|           1|           1|
    |and_ln42_523_fu_3833_p2     |       and|   0|  0|   2|           1|           1|
    |and_ln42_524_fu_5186_p2     |       and|   0|  0|   2|           1|           1|
    |and_ln42_525_fu_3865_p2     |       and|   0|  0|   2|           1|           1|
    |and_ln42_526_fu_3871_p2     |       and|   0|  0|   2|           1|           1|
    |and_ln42_527_fu_5201_p2     |       and|   0|  0|   2|           1|           1|
    |and_ln42_528_fu_4008_p2     |       and|   0|  0|   2|           1|           1|
    |and_ln42_529_fu_4038_p2     |       and|   0|  0|   2|           1|           1|
    |and_ln42_530_fu_4104_p2     |       and|   0|  0|   2|           1|           1|
    |and_ln42_531_fu_5225_p2     |       and|   0|  0|   2|           1|           1|
    |and_ln42_532_fu_4136_p2     |       and|   0|  0|   2|           1|           1|
    |and_ln42_533_fu_4142_p2     |       and|   0|  0|   2|           1|           1|
    |and_ln42_534_fu_5240_p2     |       and|   0|  0|   2|           1|           1|
    |and_ln42_535_fu_4211_p2     |       and|   0|  0|   2|           1|           1|
    |and_ln42_536_fu_4241_p2     |       and|   0|  0|   2|           1|           1|
    |and_ln42_537_fu_4307_p2     |       and|   0|  0|   2|           1|           1|
    |and_ln42_538_fu_5264_p2     |       and|   0|  0|   2|           1|           1|
    |and_ln42_539_fu_4339_p2     |       and|   0|  0|   2|           1|           1|
    |and_ln42_540_fu_4345_p2     |       and|   0|  0|   2|           1|           1|
    |and_ln42_541_fu_5279_p2     |       and|   0|  0|   2|           1|           1|
    |and_ln42_542_fu_4414_p2     |       and|   0|  0|   2|           1|           1|
    |and_ln42_543_fu_4444_p2     |       and|   0|  0|   2|           1|           1|
    |and_ln42_544_fu_4510_p2     |       and|   0|  0|   2|           1|           1|
    |and_ln42_545_fu_5303_p2     |       and|   0|  0|   2|           1|           1|
    |and_ln42_546_fu_4542_p2     |       and|   0|  0|   2|           1|           1|
    |and_ln42_547_fu_4548_p2     |       and|   0|  0|   2|           1|           1|
    |and_ln42_548_fu_5318_p2     |       and|   0|  0|   2|           1|           1|
    |and_ln42_549_fu_4617_p2     |       and|   0|  0|   2|           1|           1|
    |and_ln42_550_fu_4647_p2     |       and|   0|  0|   2|           1|           1|
    |and_ln42_551_fu_4713_p2     |       and|   0|  0|   2|           1|           1|
    |and_ln42_552_fu_5342_p2     |       and|   0|  0|   2|           1|           1|
    |and_ln42_553_fu_4745_p2     |       and|   0|  0|   2|           1|           1|
    |and_ln42_554_fu_4751_p2     |       and|   0|  0|   2|           1|           1|
    |and_ln42_555_fu_5357_p2     |       and|   0|  0|   2|           1|           1|
    |and_ln42_fu_1368_p2         |       and|   0|  0|   2|           1|           1|
    |and_ln58_100_fu_5831_p2     |       and|   0|  0|   2|           1|           1|
    |and_ln58_101_fu_5843_p2     |       and|   0|  0|   2|           1|           1|
    |and_ln58_102_fu_5933_p2     |       and|   0|  0|   2|           1|           1|
    |and_ln58_103_fu_5945_p2     |       and|   0|  0|   2|           1|           1|
    |and_ln58_104_fu_6035_p2     |       and|   0|  0|   2|           1|           1|
    |and_ln58_105_fu_6047_p2     |       and|   0|  0|   2|           1|           1|
    |and_ln58_106_fu_6137_p2     |       and|   0|  0|   2|           1|           1|
    |and_ln58_107_fu_6149_p2     |       and|   0|  0|   2|           1|           1|
    |and_ln58_108_fu_6346_p2     |       and|   0|  0|   2|           1|           1|
    |and_ln58_109_fu_6356_p2     |       and|   0|  0|   2|           1|           1|
    |and_ln58_110_fu_6404_p2     |       and|   0|  0|   2|           1|           1|
    |and_ln58_111_fu_6414_p2     |       and|   0|  0|   2|           1|           1|
    |and_ln58_112_fu_6462_p2     |       and|   0|  0|   2|           1|           1|
    |and_ln58_113_fu_6472_p2     |       and|   0|  0|   2|           1|           1|
    |and_ln58_114_fu_6520_p2     |       and|   0|  0|   2|           1|           1|
    |and_ln58_115_fu_6530_p2     |       and|   0|  0|   2|           1|           1|
    |and_ln58_93_fu_5435_p2      |       and|   0|  0|   2|           1|           1|
    |and_ln58_94_fu_5525_p2      |       and|   0|  0|   2|           1|           1|
    |and_ln58_95_fu_5537_p2      |       and|   0|  0|   2|           1|           1|
    |and_ln58_96_fu_5627_p2      |       and|   0|  0|   2|           1|           1|
    |and_ln58_97_fu_5639_p2      |       and|   0|  0|   2|           1|           1|
    |and_ln58_98_fu_5729_p2      |       and|   0|  0|   2|           1|           1|
    |and_ln58_99_fu_5741_p2      |       and|   0|  0|   2|           1|           1|
    |and_ln58_fu_5423_p2         |       and|   0|  0|   2|           1|           1|
    |icmp_ln42_253_fu_1414_p2    |      icmp|   0|  0|  10|           3|           2|
    |icmp_ln42_254_fu_1430_p2    |      icmp|   0|  0|  12|           4|           2|
    |icmp_ln42_255_fu_1436_p2    |      icmp|   0|  0|  12|           4|           1|
    |icmp_ln42_256_fu_1551_p2    |      icmp|   0|  0|  15|           8|           1|
    |icmp_ln42_257_fu_1617_p2    |      icmp|   0|  0|  10|           3|           2|
    |icmp_ln42_258_fu_1633_p2    |      icmp|   0|  0|  12|           4|           2|
    |icmp_ln42_259_fu_1639_p2    |      icmp|   0|  0|  12|           4|           1|
    |icmp_ln42_260_fu_1754_p2    |      icmp|   0|  0|  15|           8|           1|
    |icmp_ln42_261_fu_1820_p2    |      icmp|   0|  0|  10|           3|           2|
    |icmp_ln42_262_fu_1836_p2    |      icmp|   0|  0|  12|           4|           2|
    |icmp_ln42_263_fu_1842_p2    |      icmp|   0|  0|  12|           4|           1|
    |icmp_ln42_264_fu_1957_p2    |      icmp|   0|  0|  15|           8|           1|
    |icmp_ln42_265_fu_2023_p2    |      icmp|   0|  0|  10|           3|           2|
    |icmp_ln42_266_fu_2039_p2    |      icmp|   0|  0|  12|           4|           2|
    |icmp_ln42_267_fu_2045_p2    |      icmp|   0|  0|  12|           4|           1|
    |icmp_ln42_268_fu_2228_p2    |      icmp|   0|  0|  15|           8|           1|
    |icmp_ln42_269_fu_2294_p2    |      icmp|   0|  0|  10|           3|           2|
    |icmp_ln42_270_fu_2310_p2    |      icmp|   0|  0|  12|           4|           2|
    |icmp_ln42_271_fu_2316_p2    |      icmp|   0|  0|  12|           4|           1|
    |icmp_ln42_272_fu_2431_p2    |      icmp|   0|  0|  15|           8|           1|
    |icmp_ln42_273_fu_2497_p2    |      icmp|   0|  0|  10|           3|           2|
    |icmp_ln42_274_fu_2513_p2    |      icmp|   0|  0|  12|           4|           2|
    |icmp_ln42_275_fu_2519_p2    |      icmp|   0|  0|  12|           4|           1|
    |icmp_ln42_276_fu_2634_p2    |      icmp|   0|  0|  15|           8|           1|
    |icmp_ln42_277_fu_2700_p2    |      icmp|   0|  0|  10|           3|           2|
    |icmp_ln42_278_fu_2716_p2    |      icmp|   0|  0|  12|           4|           2|
    |icmp_ln42_279_fu_2722_p2    |      icmp|   0|  0|  12|           4|           1|
    |icmp_ln42_280_fu_2837_p2    |      icmp|   0|  0|  15|           8|           1|
    |icmp_ln42_281_fu_2903_p2    |      icmp|   0|  0|  10|           3|           2|
    |icmp_ln42_282_fu_2919_p2    |      icmp|   0|  0|  12|           4|           2|
    |icmp_ln42_283_fu_2925_p2    |      icmp|   0|  0|  12|           4|           1|
    |icmp_ln42_284_fu_3108_p2    |      icmp|   0|  0|  15|           8|           1|
    |icmp_ln42_285_fu_3174_p2    |      icmp|   0|  0|  10|           3|           2|
    |icmp_ln42_286_fu_3190_p2    |      icmp|   0|  0|  12|           4|           2|
    |icmp_ln42_287_fu_3196_p2    |      icmp|   0|  0|  12|           4|           1|
    |icmp_ln42_288_fu_3311_p2    |      icmp|   0|  0|  15|           8|           1|
    |icmp_ln42_289_fu_3377_p2    |      icmp|   0|  0|  10|           3|           2|
    |icmp_ln42_290_fu_3393_p2    |      icmp|   0|  0|  12|           4|           2|
    |icmp_ln42_291_fu_3399_p2    |      icmp|   0|  0|  12|           4|           1|
    |icmp_ln42_292_fu_3514_p2    |      icmp|   0|  0|  15|           8|           1|
    |icmp_ln42_293_fu_3580_p2    |      icmp|   0|  0|  10|           3|           2|
    |icmp_ln42_294_fu_3596_p2    |      icmp|   0|  0|  12|           4|           2|
    |icmp_ln42_295_fu_3602_p2    |      icmp|   0|  0|  12|           4|           1|
    |icmp_ln42_296_fu_3717_p2    |      icmp|   0|  0|  15|           8|           1|
    |icmp_ln42_297_fu_3783_p2    |      icmp|   0|  0|  10|           3|           2|
    |icmp_ln42_298_fu_3799_p2    |      icmp|   0|  0|  12|           4|           2|
    |icmp_ln42_299_fu_3805_p2    |      icmp|   0|  0|  12|           4|           1|
    |icmp_ln42_300_fu_3988_p2    |      icmp|   0|  0|  15|           8|           1|
    |icmp_ln42_301_fu_4054_p2    |      icmp|   0|  0|  10|           3|           2|
    |icmp_ln42_302_fu_4070_p2    |      icmp|   0|  0|  12|           4|           2|
    |icmp_ln42_303_fu_4076_p2    |      icmp|   0|  0|  12|           4|           1|
    |icmp_ln42_304_fu_4191_p2    |      icmp|   0|  0|  15|           8|           1|
    |icmp_ln42_305_fu_4257_p2    |      icmp|   0|  0|  10|           3|           2|
    |icmp_ln42_306_fu_4273_p2    |      icmp|   0|  0|  12|           4|           2|
    |icmp_ln42_307_fu_4279_p2    |      icmp|   0|  0|  12|           4|           1|
    |icmp_ln42_308_fu_4394_p2    |      icmp|   0|  0|  15|           8|           1|
    |icmp_ln42_309_fu_4460_p2    |      icmp|   0|  0|  10|           3|           2|
    |icmp_ln42_310_fu_4476_p2    |      icmp|   0|  0|  12|           4|           2|
    |icmp_ln42_311_fu_4482_p2    |      icmp|   0|  0|  12|           4|           1|
    |icmp_ln42_312_fu_4597_p2    |      icmp|   0|  0|  15|           8|           1|
    |icmp_ln42_313_fu_4663_p2    |      icmp|   0|  0|  10|           3|           2|
    |icmp_ln42_314_fu_4679_p2    |      icmp|   0|  0|  12|           4|           2|
    |icmp_ln42_315_fu_4685_p2    |      icmp|   0|  0|  12|           4|           1|
    |icmp_ln42_fu_1348_p2        |      icmp|   0|  0|  15|           8|           1|
    |or_ln42_189_fu_1484_p2      |        or|   0|  0|   2|           1|           1|
    |or_ln42_190_fu_4784_p2      |        or|   0|  0|   2|           1|           1|
    |or_ln42_191_fu_1565_p2      |        or|   0|  0|   2|           1|           1|
    |or_ln42_192_fu_1687_p2      |        or|   0|  0|   2|           1|           1|
    |or_ln42_193_fu_4823_p2      |        or|   0|  0|   2|           1|           1|
    |or_ln42_194_fu_1768_p2      |        or|   0|  0|   2|           1|           1|
    |or_ln42_195_fu_1890_p2      |        or|   0|  0|   2|           1|           1|
    |or_ln42_196_fu_4862_p2      |        or|   0|  0|   2|           1|           1|
    |or_ln42_197_fu_1971_p2      |        or|   0|  0|   2|           1|           1|
    |or_ln42_198_fu_2093_p2      |        or|   0|  0|   2|           1|           1|
    |or_ln42_199_fu_4901_p2      |        or|   0|  0|   2|           1|           1|
    |or_ln42_200_fu_2242_p2      |        or|   0|  0|   2|           1|           1|
    |or_ln42_201_fu_2364_p2      |        or|   0|  0|   2|           1|           1|
    |or_ln42_202_fu_4940_p2      |        or|   0|  0|   2|           1|           1|
    |or_ln42_203_fu_2445_p2      |        or|   0|  0|   2|           1|           1|
    |or_ln42_204_fu_2567_p2      |        or|   0|  0|   2|           1|           1|
    |or_ln42_205_fu_4979_p2      |        or|   0|  0|   2|           1|           1|
    |or_ln42_206_fu_2648_p2      |        or|   0|  0|   2|           1|           1|
    |or_ln42_207_fu_2770_p2      |        or|   0|  0|   2|           1|           1|
    |or_ln42_208_fu_5018_p2      |        or|   0|  0|   2|           1|           1|
    |or_ln42_209_fu_2851_p2      |        or|   0|  0|   2|           1|           1|
    |or_ln42_210_fu_2973_p2      |        or|   0|  0|   2|           1|           1|
    |or_ln42_211_fu_5057_p2      |        or|   0|  0|   2|           1|           1|
    |or_ln42_212_fu_3122_p2      |        or|   0|  0|   2|           1|           1|
    |or_ln42_213_fu_3244_p2      |        or|   0|  0|   2|           1|           1|
    |or_ln42_214_fu_5096_p2      |        or|   0|  0|   2|           1|           1|
    |or_ln42_215_fu_3325_p2      |        or|   0|  0|   2|           1|           1|
    |or_ln42_216_fu_3447_p2      |        or|   0|  0|   2|           1|           1|
    |or_ln42_217_fu_5135_p2      |        or|   0|  0|   2|           1|           1|
    |or_ln42_218_fu_3528_p2      |        or|   0|  0|   2|           1|           1|
    |or_ln42_219_fu_3650_p2      |        or|   0|  0|   2|           1|           1|
    |or_ln42_220_fu_5174_p2      |        or|   0|  0|   2|           1|           1|
    |or_ln42_221_fu_3731_p2      |        or|   0|  0|   2|           1|           1|
    |or_ln42_222_fu_3853_p2      |        or|   0|  0|   2|           1|           1|
    |or_ln42_223_fu_5213_p2      |        or|   0|  0|   2|           1|           1|
    |or_ln42_224_fu_4002_p2      |        or|   0|  0|   2|           1|           1|
    |or_ln42_225_fu_4124_p2      |        or|   0|  0|   2|           1|           1|
    |or_ln42_226_fu_5252_p2      |        or|   0|  0|   2|           1|           1|
    |or_ln42_227_fu_4205_p2      |        or|   0|  0|   2|           1|           1|
    |or_ln42_228_fu_4327_p2      |        or|   0|  0|   2|           1|           1|
    |or_ln42_229_fu_5291_p2      |        or|   0|  0|   2|           1|           1|
    |or_ln42_230_fu_4408_p2      |        or|   0|  0|   2|           1|           1|
    |or_ln42_231_fu_4530_p2      |        or|   0|  0|   2|           1|           1|
    |or_ln42_232_fu_5330_p2      |        or|   0|  0|   2|           1|           1|
    |or_ln42_233_fu_4611_p2      |        or|   0|  0|   2|           1|           1|
    |or_ln42_234_fu_4733_p2      |        or|   0|  0|   2|           1|           1|
    |or_ln42_235_fu_5369_p2      |        or|   0|  0|   2|           1|           1|
    |or_ln42_236_fu_4761_p2      |        or|   0|  0|   2|           1|           1|
    |or_ln42_237_fu_4800_p2      |        or|   0|  0|   2|           1|           1|
    |or_ln42_238_fu_4839_p2      |        or|   0|  0|   2|           1|           1|
    |or_ln42_239_fu_4878_p2      |        or|   0|  0|   2|           1|           1|
    |or_ln42_240_fu_4917_p2      |        or|   0|  0|   2|           1|           1|
    |or_ln42_241_fu_4956_p2      |        or|   0|  0|   2|           1|           1|
    |or_ln42_242_fu_4995_p2      |        or|   0|  0|   2|           1|           1|
    |or_ln42_243_fu_5034_p2      |        or|   0|  0|   2|           1|           1|
    |or_ln42_244_fu_5073_p2      |        or|   0|  0|   2|           1|           1|
    |or_ln42_245_fu_5112_p2      |        or|   0|  0|   2|           1|           1|
    |or_ln42_246_fu_5151_p2      |        or|   0|  0|   2|           1|           1|
    |or_ln42_247_fu_5190_p2      |        or|   0|  0|   2|           1|           1|
    |or_ln42_248_fu_5229_p2      |        or|   0|  0|   2|           1|           1|
    |or_ln42_249_fu_5268_p2      |        or|   0|  0|   2|           1|           1|
    |or_ln42_250_fu_5307_p2      |        or|   0|  0|   2|           1|           1|
    |or_ln42_251_fu_5346_p2      |        or|   0|  0|   2|           1|           1|
    |or_ln42_fu_1362_p2          |        or|   0|  0|   2|           1|           1|
    |or_ln58_45_fu_5555_p2       |        or|   0|  0|   2|           1|           1|
    |or_ln58_46_fu_5657_p2       |        or|   0|  0|   2|           1|           1|
    |or_ln58_47_fu_5759_p2       |        or|   0|  0|   2|           1|           1|
    |or_ln58_48_fu_5861_p2       |        or|   0|  0|   2|           1|           1|
    |or_ln58_49_fu_5963_p2       |        or|   0|  0|   2|           1|           1|
    |or_ln58_50_fu_6065_p2       |        or|   0|  0|   2|           1|           1|
    |or_ln58_51_fu_6167_p2       |        or|   0|  0|   2|           1|           1|
    |or_ln58_52_fu_6371_p2       |        or|   0|  0|   2|           1|           1|
    |or_ln58_53_fu_6429_p2       |        or|   0|  0|   2|           1|           1|
    |or_ln58_54_fu_6487_p2       |        or|   0|  0|   2|           1|           1|
    |or_ln58_55_fu_6545_p2       |        or|   0|  0|   2|           1|           1|
    |or_ln58_fu_5453_p2          |        or|   0|  0|   2|           1|           1|
    |select_ln42_253_fu_1470_p3  |    select|   0|  0|   2|           1|           1|
    |select_ln42_254_fu_4777_p3  |    select|   0|  0|  14|           1|          12|
    |select_ln42_255_fu_4789_p3  |    select|   0|  0|  13|           1|          13|
    |select_ln42_256_fu_1645_p3  |    select|   0|  0|   2|           1|           1|
    |select_ln42_257_fu_1673_p3  |    select|   0|  0|   2|           1|           1|
    |select_ln42_258_fu_4816_p3  |    select|   0|  0|  14|           1|          12|
    |select_ln42_259_fu_4828_p3  |    select|   0|  0|  13|           1|          13|
    |select_ln42_260_fu_1848_p3  |    select|   0|  0|   2|           1|           1|
    |select_ln42_261_fu_1876_p3  |    select|   0|  0|   2|           1|           1|
    |select_ln42_262_fu_4855_p3  |    select|   0|  0|  14|           1|          12|
    |select_ln42_263_fu_4867_p3  |    select|   0|  0|  13|           1|          13|
    |select_ln42_264_fu_2051_p3  |    select|   0|  0|   2|           1|           1|
    |select_ln42_265_fu_2079_p3  |    select|   0|  0|   2|           1|           1|
    |select_ln42_266_fu_4894_p3  |    select|   0|  0|  14|           1|          12|
    |select_ln42_267_fu_4906_p3  |    select|   0|  0|  13|           1|          13|
    |select_ln42_268_fu_2322_p3  |    select|   0|  0|   2|           1|           1|
    |select_ln42_269_fu_2350_p3  |    select|   0|  0|   2|           1|           1|
    |select_ln42_270_fu_4933_p3  |    select|   0|  0|  14|           1|          12|
    |select_ln42_271_fu_4945_p3  |    select|   0|  0|  13|           1|          13|
    |select_ln42_272_fu_2525_p3  |    select|   0|  0|   2|           1|           1|
    |select_ln42_273_fu_2553_p3  |    select|   0|  0|   2|           1|           1|
    |select_ln42_274_fu_4972_p3  |    select|   0|  0|  14|           1|          12|
    |select_ln42_275_fu_4984_p3  |    select|   0|  0|  13|           1|          13|
    |select_ln42_276_fu_2728_p3  |    select|   0|  0|   2|           1|           1|
    |select_ln42_277_fu_2756_p3  |    select|   0|  0|   2|           1|           1|
    |select_ln42_278_fu_5011_p3  |    select|   0|  0|  14|           1|          12|
    |select_ln42_279_fu_5023_p3  |    select|   0|  0|  13|           1|          13|
    |select_ln42_280_fu_2931_p3  |    select|   0|  0|   2|           1|           1|
    |select_ln42_281_fu_2959_p3  |    select|   0|  0|   2|           1|           1|
    |select_ln42_282_fu_5050_p3  |    select|   0|  0|  14|           1|          12|
    |select_ln42_283_fu_5062_p3  |    select|   0|  0|  13|           1|          13|
    |select_ln42_284_fu_3202_p3  |    select|   0|  0|   2|           1|           1|
    |select_ln42_285_fu_3230_p3  |    select|   0|  0|   2|           1|           1|
    |select_ln42_286_fu_5089_p3  |    select|   0|  0|  14|           1|          12|
    |select_ln42_287_fu_5101_p3  |    select|   0|  0|  13|           1|          13|
    |select_ln42_288_fu_3405_p3  |    select|   0|  0|   2|           1|           1|
    |select_ln42_289_fu_3433_p3  |    select|   0|  0|   2|           1|           1|
    |select_ln42_290_fu_5128_p3  |    select|   0|  0|  14|           1|          12|
    |select_ln42_291_fu_5140_p3  |    select|   0|  0|  13|           1|          13|
    |select_ln42_292_fu_3608_p3  |    select|   0|  0|   2|           1|           1|
    |select_ln42_293_fu_3636_p3  |    select|   0|  0|   2|           1|           1|
    |select_ln42_294_fu_5167_p3  |    select|   0|  0|  14|           1|          12|
    |select_ln42_295_fu_5179_p3  |    select|   0|  0|  13|           1|          13|
    |select_ln42_296_fu_3811_p3  |    select|   0|  0|   2|           1|           1|
    |select_ln42_297_fu_3839_p3  |    select|   0|  0|   2|           1|           1|
    |select_ln42_298_fu_5206_p3  |    select|   0|  0|  14|           1|          12|
    |select_ln42_299_fu_5218_p3  |    select|   0|  0|  13|           1|          13|
    |select_ln42_300_fu_4082_p3  |    select|   0|  0|   2|           1|           1|
    |select_ln42_301_fu_4110_p3  |    select|   0|  0|   2|           1|           1|
    |select_ln42_302_fu_5245_p3  |    select|   0|  0|  14|           1|          12|
    |select_ln42_303_fu_5257_p3  |    select|   0|  0|  13|           1|          13|
    |select_ln42_304_fu_4285_p3  |    select|   0|  0|   2|           1|           1|
    |select_ln42_305_fu_4313_p3  |    select|   0|  0|   2|           1|           1|
    |select_ln42_306_fu_5284_p3  |    select|   0|  0|  14|           1|          12|
    |select_ln42_307_fu_5296_p3  |    select|   0|  0|  13|           1|          13|
    |select_ln42_308_fu_4488_p3  |    select|   0|  0|   2|           1|           1|
    |select_ln42_309_fu_4516_p3  |    select|   0|  0|   2|           1|           1|
    |select_ln42_310_fu_5323_p3  |    select|   0|  0|  14|           1|          12|
    |select_ln42_311_fu_5335_p3  |    select|   0|  0|  13|           1|          13|
    |select_ln42_312_fu_4691_p3  |    select|   0|  0|   2|           1|           1|
    |select_ln42_313_fu_4719_p3  |    select|   0|  0|   2|           1|           1|
    |select_ln42_314_fu_5362_p3  |    select|   0|  0|  14|           1|          12|
    |select_ln42_315_fu_5374_p3  |    select|   0|  0|  13|           1|          13|
    |select_ln42_fu_1442_p3      |    select|   0|  0|   2|           1|           1|
    |select_ln58_141_fu_5467_p3  |    select|   0|  0|  14|           1|          14|
    |select_ln58_142_fu_5475_p3  |    select|   0|  0|  13|           1|          13|
    |select_ln58_143_fu_5561_p3  |    select|   0|  0|  13|           1|          12|
    |select_ln58_144_fu_5569_p3  |    select|   0|  0|  14|           1|          14|
    |select_ln58_145_fu_5577_p3  |    select|   0|  0|  13|           1|          13|
    |select_ln58_146_fu_5663_p3  |    select|   0|  0|  13|           1|          12|
    |select_ln58_147_fu_5671_p3  |    select|   0|  0|  14|           1|          14|
    |select_ln58_148_fu_5679_p3  |    select|   0|  0|  13|           1|          13|
    |select_ln58_149_fu_5765_p3  |    select|   0|  0|  13|           1|          12|
    |select_ln58_150_fu_5773_p3  |    select|   0|  0|  14|           1|          14|
    |select_ln58_151_fu_5781_p3  |    select|   0|  0|  13|           1|          13|
    |select_ln58_152_fu_5867_p3  |    select|   0|  0|  13|           1|          12|
    |select_ln58_153_fu_5875_p3  |    select|   0|  0|  14|           1|          14|
    |select_ln58_154_fu_5883_p3  |    select|   0|  0|  13|           1|          13|
    |select_ln58_155_fu_5969_p3  |    select|   0|  0|  13|           1|          12|
    |select_ln58_156_fu_5977_p3  |    select|   0|  0|  14|           1|          14|
    |select_ln58_157_fu_5985_p3  |    select|   0|  0|  13|           1|          13|
    |select_ln58_158_fu_6071_p3  |    select|   0|  0|  13|           1|          12|
    |select_ln58_159_fu_6079_p3  |    select|   0|  0|  14|           1|          14|
    |select_ln58_160_fu_6087_p3  |    select|   0|  0|  13|           1|          13|
    |select_ln58_161_fu_6173_p3  |    select|   0|  0|  13|           1|          12|
    |select_ln58_162_fu_6181_p3  |    select|   0|  0|  14|           1|          14|
    |select_ln58_163_fu_6189_p3  |    select|   0|  0|  13|           1|          13|
    |select_ln58_164_fu_6377_p3  |    select|   0|  0|  13|           1|          12|
    |select_ln58_165_fu_6384_p3  |    select|   0|  0|  14|           1|          14|
    |select_ln58_166_fu_6391_p3  |    select|   0|  0|  13|           1|          13|
    |select_ln58_167_fu_6435_p3  |    select|   0|  0|  13|           1|          12|
    |select_ln58_168_fu_6442_p3  |    select|   0|  0|  14|           1|          14|
    |select_ln58_169_fu_6449_p3  |    select|   0|  0|  13|           1|          13|
    |select_ln58_170_fu_6493_p3  |    select|   0|  0|  13|           1|          12|
    |select_ln58_171_fu_6500_p3  |    select|   0|  0|  14|           1|          14|
    |select_ln58_172_fu_6507_p3  |    select|   0|  0|  13|           1|          13|
    |select_ln58_173_fu_6551_p3  |    select|   0|  0|  13|           1|          12|
    |select_ln58_174_fu_6558_p3  |    select|   0|  0|  14|           1|          14|
    |select_ln58_175_fu_6565_p3  |    select|   0|  0|  13|           1|          13|
    |select_ln58_fu_5459_p3      |    select|   0|  0|  13|           1|          12|
    |xor_ln42_253_fu_1478_p2     |       xor|   0|  0|   2|           1|           2|
    |xor_ln42_254_fu_1490_p2     |       xor|   0|  0|   2|           1|           2|
    |xor_ln42_255_fu_4766_p2     |       xor|   0|  0|   2|           1|           2|
    |xor_ln42_256_fu_1595_p2     |       xor|   0|  0|   2|           1|           2|
    |xor_ln42_257_fu_1681_p2     |       xor|   0|  0|   2|           1|           2|
    |xor_ln42_258_fu_1693_p2     |       xor|   0|  0|   2|           1|           2|
    |xor_ln42_259_fu_4805_p2     |       xor|   0|  0|   2|           1|           2|
    |xor_ln42_260_fu_1798_p2     |       xor|   0|  0|   2|           1|           2|
    |xor_ln42_261_fu_1884_p2     |       xor|   0|  0|   2|           1|           2|
    |xor_ln42_262_fu_1896_p2     |       xor|   0|  0|   2|           1|           2|
    |xor_ln42_263_fu_4844_p2     |       xor|   0|  0|   2|           1|           2|
    |xor_ln42_264_fu_2001_p2     |       xor|   0|  0|   2|           1|           2|
    |xor_ln42_265_fu_2087_p2     |       xor|   0|  0|   2|           1|           2|
    |xor_ln42_266_fu_2099_p2     |       xor|   0|  0|   2|           1|           2|
    |xor_ln42_267_fu_4883_p2     |       xor|   0|  0|   2|           1|           2|
    |xor_ln42_268_fu_2272_p2     |       xor|   0|  0|   2|           1|           2|
    |xor_ln42_269_fu_2358_p2     |       xor|   0|  0|   2|           1|           2|
    |xor_ln42_270_fu_2370_p2     |       xor|   0|  0|   2|           1|           2|
    |xor_ln42_271_fu_4922_p2     |       xor|   0|  0|   2|           1|           2|
    |xor_ln42_272_fu_2475_p2     |       xor|   0|  0|   2|           1|           2|
    |xor_ln42_273_fu_2561_p2     |       xor|   0|  0|   2|           1|           2|
    |xor_ln42_274_fu_2573_p2     |       xor|   0|  0|   2|           1|           2|
    |xor_ln42_275_fu_4961_p2     |       xor|   0|  0|   2|           1|           2|
    |xor_ln42_276_fu_2678_p2     |       xor|   0|  0|   2|           1|           2|
    |xor_ln42_277_fu_2764_p2     |       xor|   0|  0|   2|           1|           2|
    |xor_ln42_278_fu_2776_p2     |       xor|   0|  0|   2|           1|           2|
    |xor_ln42_279_fu_5000_p2     |       xor|   0|  0|   2|           1|           2|
    |xor_ln42_280_fu_2881_p2     |       xor|   0|  0|   2|           1|           2|
    |xor_ln42_281_fu_2967_p2     |       xor|   0|  0|   2|           1|           2|
    |xor_ln42_282_fu_2979_p2     |       xor|   0|  0|   2|           1|           2|
    |xor_ln42_283_fu_5039_p2     |       xor|   0|  0|   2|           1|           2|
    |xor_ln42_284_fu_3152_p2     |       xor|   0|  0|   2|           1|           2|
    |xor_ln42_285_fu_3238_p2     |       xor|   0|  0|   2|           1|           2|
    |xor_ln42_286_fu_3250_p2     |       xor|   0|  0|   2|           1|           2|
    |xor_ln42_287_fu_5078_p2     |       xor|   0|  0|   2|           1|           2|
    |xor_ln42_288_fu_3355_p2     |       xor|   0|  0|   2|           1|           2|
    |xor_ln42_289_fu_3441_p2     |       xor|   0|  0|   2|           1|           2|
    |xor_ln42_290_fu_3453_p2     |       xor|   0|  0|   2|           1|           2|
    |xor_ln42_291_fu_5117_p2     |       xor|   0|  0|   2|           1|           2|
    |xor_ln42_292_fu_3558_p2     |       xor|   0|  0|   2|           1|           2|
    |xor_ln42_293_fu_3644_p2     |       xor|   0|  0|   2|           1|           2|
    |xor_ln42_294_fu_3656_p2     |       xor|   0|  0|   2|           1|           2|
    |xor_ln42_295_fu_5156_p2     |       xor|   0|  0|   2|           1|           2|
    |xor_ln42_296_fu_3761_p2     |       xor|   0|  0|   2|           1|           2|
    |xor_ln42_297_fu_3847_p2     |       xor|   0|  0|   2|           1|           2|
    |xor_ln42_298_fu_3859_p2     |       xor|   0|  0|   2|           1|           2|
    |xor_ln42_299_fu_5195_p2     |       xor|   0|  0|   2|           1|           2|
    |xor_ln42_300_fu_4032_p2     |       xor|   0|  0|   2|           1|           2|
    |xor_ln42_301_fu_4118_p2     |       xor|   0|  0|   2|           1|           2|
    |xor_ln42_302_fu_4130_p2     |       xor|   0|  0|   2|           1|           2|
    |xor_ln42_303_fu_5234_p2     |       xor|   0|  0|   2|           1|           2|
    |xor_ln42_304_fu_4235_p2     |       xor|   0|  0|   2|           1|           2|
    |xor_ln42_305_fu_4321_p2     |       xor|   0|  0|   2|           1|           2|
    |xor_ln42_306_fu_4333_p2     |       xor|   0|  0|   2|           1|           2|
    |xor_ln42_307_fu_5273_p2     |       xor|   0|  0|   2|           1|           2|
    |xor_ln42_308_fu_4438_p2     |       xor|   0|  0|   2|           1|           2|
    |xor_ln42_309_fu_4524_p2     |       xor|   0|  0|   2|           1|           2|
    |xor_ln42_310_fu_4536_p2     |       xor|   0|  0|   2|           1|           2|
    |xor_ln42_311_fu_5312_p2     |       xor|   0|  0|   2|           1|           2|
    |xor_ln42_312_fu_4641_p2     |       xor|   0|  0|   2|           1|           2|
    |xor_ln42_313_fu_4727_p2     |       xor|   0|  0|   2|           1|           2|
    |xor_ln42_314_fu_4739_p2     |       xor|   0|  0|   2|           1|           2|
    |xor_ln42_315_fu_5351_p2     |       xor|   0|  0|   2|           1|           2|
    |xor_ln42_316_fu_1458_p2     |       xor|   0|  0|   2|           1|           2|
    |xor_ln42_317_fu_1661_p2     |       xor|   0|  0|   2|           1|           2|
    |xor_ln42_318_fu_1864_p2     |       xor|   0|  0|   2|           1|           2|
    |xor_ln42_319_fu_2067_p2     |       xor|   0|  0|   2|           1|           2|
    |xor_ln42_320_fu_2338_p2     |       xor|   0|  0|   2|           1|           2|
    |xor_ln42_321_fu_2541_p2     |       xor|   0|  0|   2|           1|           2|
    |xor_ln42_322_fu_2744_p2     |       xor|   0|  0|   2|           1|           2|
    |xor_ln42_323_fu_2947_p2     |       xor|   0|  0|   2|           1|           2|
    |xor_ln42_324_fu_3218_p2     |       xor|   0|  0|   2|           1|           2|
    |xor_ln42_325_fu_3421_p2     |       xor|   0|  0|   2|           1|           2|
    |xor_ln42_326_fu_3624_p2     |       xor|   0|  0|   2|           1|           2|
    |xor_ln42_327_fu_3827_p2     |       xor|   0|  0|   2|           1|           2|
    |xor_ln42_328_fu_4098_p2     |       xor|   0|  0|   2|           1|           2|
    |xor_ln42_329_fu_4301_p2     |       xor|   0|  0|   2|           1|           2|
    |xor_ln42_330_fu_4504_p2     |       xor|   0|  0|   2|           1|           2|
    |xor_ln42_331_fu_4707_p2     |       xor|   0|  0|   2|           1|           2|
    |xor_ln42_fu_1392_p2         |       xor|   0|  0|   2|           1|           2|
    |xor_ln58_189_fu_5429_p2     |       xor|   0|  0|   2|           1|           2|
    |xor_ln58_190_fu_5441_p2     |       xor|   0|  0|   2|           1|           1|
    |xor_ln58_191_fu_5447_p2     |       xor|   0|  0|   2|           1|           2|
    |xor_ln58_192_fu_5519_p2     |       xor|   0|  0|   2|           1|           2|
    |xor_ln58_193_fu_5531_p2     |       xor|   0|  0|   2|           1|           2|
    |xor_ln58_194_fu_5543_p2     |       xor|   0|  0|   2|           1|           1|
    |xor_ln58_195_fu_5549_p2     |       xor|   0|  0|   2|           1|           2|
    |xor_ln58_196_fu_5621_p2     |       xor|   0|  0|   2|           1|           2|
    |xor_ln58_197_fu_5633_p2     |       xor|   0|  0|   2|           1|           2|
    |xor_ln58_198_fu_5645_p2     |       xor|   0|  0|   2|           1|           1|
    |xor_ln58_199_fu_5651_p2     |       xor|   0|  0|   2|           1|           2|
    |xor_ln58_200_fu_5723_p2     |       xor|   0|  0|   2|           1|           2|
    |xor_ln58_201_fu_5735_p2     |       xor|   0|  0|   2|           1|           2|
    |xor_ln58_202_fu_5747_p2     |       xor|   0|  0|   2|           1|           1|
    |xor_ln58_203_fu_5753_p2     |       xor|   0|  0|   2|           1|           2|
    |xor_ln58_204_fu_5825_p2     |       xor|   0|  0|   2|           1|           2|
    |xor_ln58_205_fu_5837_p2     |       xor|   0|  0|   2|           1|           2|
    |xor_ln58_206_fu_5849_p2     |       xor|   0|  0|   2|           1|           1|
    |xor_ln58_207_fu_5855_p2     |       xor|   0|  0|   2|           1|           2|
    |xor_ln58_208_fu_5927_p2     |       xor|   0|  0|   2|           1|           2|
    |xor_ln58_209_fu_5939_p2     |       xor|   0|  0|   2|           1|           2|
    |xor_ln58_210_fu_5951_p2     |       xor|   0|  0|   2|           1|           1|
    |xor_ln58_211_fu_5957_p2     |       xor|   0|  0|   2|           1|           2|
    |xor_ln58_212_fu_6029_p2     |       xor|   0|  0|   2|           1|           2|
    |xor_ln58_213_fu_6041_p2     |       xor|   0|  0|   2|           1|           2|
    |xor_ln58_214_fu_6053_p2     |       xor|   0|  0|   2|           1|           1|
    |xor_ln58_215_fu_6059_p2     |       xor|   0|  0|   2|           1|           2|
    |xor_ln58_216_fu_6131_p2     |       xor|   0|  0|   2|           1|           2|
    |xor_ln58_217_fu_6143_p2     |       xor|   0|  0|   2|           1|           2|
    |xor_ln58_218_fu_6155_p2     |       xor|   0|  0|   2|           1|           1|
    |xor_ln58_219_fu_6161_p2     |       xor|   0|  0|   2|           1|           2|
    |xor_ln58_220_fu_6341_p2     |       xor|   0|  0|   2|           1|           2|
    |xor_ln58_221_fu_6351_p2     |       xor|   0|  0|   2|           1|           2|
    |xor_ln58_222_fu_6361_p2     |       xor|   0|  0|   2|           1|           1|
    |xor_ln58_223_fu_6365_p2     |       xor|   0|  0|   2|           1|           2|
    |xor_ln58_224_fu_6399_p2     |       xor|   0|  0|   2|           1|           2|
    |xor_ln58_225_fu_6409_p2     |       xor|   0|  0|   2|           1|           2|
    |xor_ln58_226_fu_6419_p2     |       xor|   0|  0|   2|           1|           1|
    |xor_ln58_227_fu_6423_p2     |       xor|   0|  0|   2|           1|           2|
    |xor_ln58_228_fu_6457_p2     |       xor|   0|  0|   2|           1|           2|
    |xor_ln58_229_fu_6467_p2     |       xor|   0|  0|   2|           1|           2|
    |xor_ln58_230_fu_6477_p2     |       xor|   0|  0|   2|           1|           1|
    |xor_ln58_231_fu_6481_p2     |       xor|   0|  0|   2|           1|           2|
    |xor_ln58_232_fu_6515_p2     |       xor|   0|  0|   2|           1|           2|
    |xor_ln58_233_fu_6525_p2     |       xor|   0|  0|   2|           1|           2|
    |xor_ln58_234_fu_6535_p2     |       xor|   0|  0|   2|           1|           1|
    |xor_ln58_235_fu_6539_p2     |       xor|   0|  0|   2|           1|           2|
    |xor_ln58_fu_5417_p2         |       xor|   0|  0|   2|           1|           2|
    +----------------------------+----------+----+---+----+------------+------------+
    |Total                       |          |   0|  0|3252|        1276|        1984|
    +----------------------------+----------+----+---+----+------------+------------+

    * Multiplexer: 
    N/A

    * Register: 
    +------------------------+----+----+-----+-----------+
    |          Name          | FF | LUT| Bits| Const Bits|
    +------------------------+----+----+-----+-----------+
    |add_ln42_61_reg_6633    |  13|   0|   13|          0|
    |add_ln42_62_reg_6664    |  13|   0|   13|          0|
    |add_ln42_63_reg_6695    |  13|   0|   13|          0|
    |add_ln42_64_reg_6726    |  13|   0|   13|          0|
    |add_ln42_65_reg_6757    |  13|   0|   13|          0|
    |add_ln42_66_reg_6788    |  13|   0|   13|          0|
    |add_ln42_67_reg_6819    |  13|   0|   13|          0|
    |add_ln42_68_reg_6850    |  13|   0|   13|          0|
    |add_ln42_69_reg_6881    |  13|   0|   13|          0|
    |add_ln42_70_reg_6912    |  13|   0|   13|          0|
    |add_ln42_71_reg_6943    |  13|   0|   13|          0|
    |add_ln42_72_reg_6974    |  13|   0|   13|          0|
    |add_ln42_73_reg_7005    |  13|   0|   13|          0|
    |add_ln42_74_reg_7036    |  13|   0|   13|          0|
    |add_ln42_75_reg_7067    |  13|   0|   13|          0|
    |add_ln42_reg_6602       |  13|   0|   13|          0|
    |add_ln58_68_reg_7093    |  13|   0|   13|          0|
    |add_ln58_69_reg_7113    |  13|   0|   13|          0|
    |add_ln58_70_reg_7133    |  13|   0|   13|          0|
    |add_ln58_71_reg_7153    |  13|   0|   13|          0|
    |and_ln42_445_reg_6607   |   1|   0|    1|          0|
    |and_ln42_448_reg_6617   |   1|   0|    1|          0|
    |and_ln42_449_reg_6623   |   1|   0|    1|          0|
    |and_ln42_452_reg_6638   |   1|   0|    1|          0|
    |and_ln42_455_reg_6648   |   1|   0|    1|          0|
    |and_ln42_456_reg_6654   |   1|   0|    1|          0|
    |and_ln42_459_reg_6669   |   1|   0|    1|          0|
    |and_ln42_462_reg_6679   |   1|   0|    1|          0|
    |and_ln42_463_reg_6685   |   1|   0|    1|          0|
    |and_ln42_466_reg_6700   |   1|   0|    1|          0|
    |and_ln42_469_reg_6710   |   1|   0|    1|          0|
    |and_ln42_470_reg_6716   |   1|   0|    1|          0|
    |and_ln42_473_reg_6731   |   1|   0|    1|          0|
    |and_ln42_476_reg_6741   |   1|   0|    1|          0|
    |and_ln42_477_reg_6747   |   1|   0|    1|          0|
    |and_ln42_480_reg_6762   |   1|   0|    1|          0|
    |and_ln42_483_reg_6772   |   1|   0|    1|          0|
    |and_ln42_484_reg_6778   |   1|   0|    1|          0|
    |and_ln42_487_reg_6793   |   1|   0|    1|          0|
    |and_ln42_490_reg_6803   |   1|   0|    1|          0|
    |and_ln42_491_reg_6809   |   1|   0|    1|          0|
    |and_ln42_494_reg_6824   |   1|   0|    1|          0|
    |and_ln42_497_reg_6834   |   1|   0|    1|          0|
    |and_ln42_498_reg_6840   |   1|   0|    1|          0|
    |and_ln42_501_reg_6855   |   1|   0|    1|          0|
    |and_ln42_504_reg_6865   |   1|   0|    1|          0|
    |and_ln42_505_reg_6871   |   1|   0|    1|          0|
    |and_ln42_508_reg_6886   |   1|   0|    1|          0|
    |and_ln42_511_reg_6896   |   1|   0|    1|          0|
    |and_ln42_512_reg_6902   |   1|   0|    1|          0|
    |and_ln42_515_reg_6917   |   1|   0|    1|          0|
    |and_ln42_518_reg_6927   |   1|   0|    1|          0|
    |and_ln42_519_reg_6933   |   1|   0|    1|          0|
    |and_ln42_522_reg_6948   |   1|   0|    1|          0|
    |and_ln42_525_reg_6958   |   1|   0|    1|          0|
    |and_ln42_526_reg_6964   |   1|   0|    1|          0|
    |and_ln42_529_reg_6979   |   1|   0|    1|          0|
    |and_ln42_532_reg_6989   |   1|   0|    1|          0|
    |and_ln42_533_reg_6995   |   1|   0|    1|          0|
    |and_ln42_536_reg_7010   |   1|   0|    1|          0|
    |and_ln42_539_reg_7020   |   1|   0|    1|          0|
    |and_ln42_540_reg_7026   |   1|   0|    1|          0|
    |and_ln42_543_reg_7041   |   1|   0|    1|          0|
    |and_ln42_546_reg_7051   |   1|   0|    1|          0|
    |and_ln42_547_reg_7057   |   1|   0|    1|          0|
    |and_ln42_550_reg_7072   |   1|   0|    1|          0|
    |and_ln42_553_reg_7082   |   1|   0|    1|          0|
    |and_ln42_554_reg_7088   |   1|   0|    1|          0|
    |data_80_val_int_reg     |  13|   0|   13|          0|
    |data_81_val_int_reg     |  13|   0|   13|          0|
    |data_82_val_int_reg     |  13|   0|   13|          0|
    |data_83_val_int_reg     |  13|   0|   13|          0|
    |data_84_val_int_reg     |  13|   0|   13|          0|
    |data_85_val_int_reg     |  13|   0|   13|          0|
    |data_86_val_int_reg     |  13|   0|   13|          0|
    |data_87_val_int_reg     |  13|   0|   13|          0|
    |data_88_val_int_reg     |  13|   0|   13|          0|
    |data_89_val_int_reg     |  13|   0|   13|          0|
    |data_90_val_int_reg     |  13|   0|   13|          0|
    |data_91_val_int_reg     |  13|   0|   13|          0|
    |data_92_val_int_reg     |  13|   0|   13|          0|
    |data_93_val_int_reg     |  13|   0|   13|          0|
    |data_94_val_int_reg     |  13|   0|   13|          0|
    |data_95_val_int_reg     |  13|   0|   13|          0|
    |icmp_ln42_254_reg_6612  |   1|   0|    1|          0|
    |icmp_ln42_258_reg_6643  |   1|   0|    1|          0|
    |icmp_ln42_262_reg_6674  |   1|   0|    1|          0|
    |icmp_ln42_266_reg_6705  |   1|   0|    1|          0|
    |icmp_ln42_270_reg_6736  |   1|   0|    1|          0|
    |icmp_ln42_274_reg_6767  |   1|   0|    1|          0|
    |icmp_ln42_278_reg_6798  |   1|   0|    1|          0|
    |icmp_ln42_282_reg_6829  |   1|   0|    1|          0|
    |icmp_ln42_286_reg_6860  |   1|   0|    1|          0|
    |icmp_ln42_290_reg_6891  |   1|   0|    1|          0|
    |icmp_ln42_294_reg_6922  |   1|   0|    1|          0|
    |icmp_ln42_298_reg_6953  |   1|   0|    1|          0|
    |icmp_ln42_302_reg_6984  |   1|   0|    1|          0|
    |icmp_ln42_306_reg_7015  |   1|   0|    1|          0|
    |icmp_ln42_310_reg_7046  |   1|   0|    1|          0|
    |icmp_ln42_314_reg_7077  |   1|   0|    1|          0|
    |idx_int_reg             |   7|   0|    7|          0|
    |tmp_13776_reg_6628      |   1|   0|    1|          0|
    |tmp_13782_reg_6659      |   1|   0|    1|          0|
    |tmp_13788_reg_6690      |   1|   0|    1|          0|
    |tmp_13794_reg_6721      |   1|   0|    1|          0|
    |tmp_13800_reg_6752      |   1|   0|    1|          0|
    |tmp_13806_reg_6783      |   1|   0|    1|          0|
    |tmp_13812_reg_6814      |   1|   0|    1|          0|
    |tmp_13818_reg_6845      |   1|   0|    1|          0|
    |tmp_13824_reg_6876      |   1|   0|    1|          0|
    |tmp_13830_reg_6907      |   1|   0|    1|          0|
    |tmp_13836_reg_6938      |   1|   0|    1|          0|
    |tmp_13842_reg_6969      |   1|   0|    1|          0|
    |tmp_13848_reg_7000      |   1|   0|    1|          0|
    |tmp_13854_reg_7031      |   1|   0|    1|          0|
    |tmp_13860_reg_7062      |   1|   0|    1|          0|
    |tmp_13882_reg_7099      |   1|   0|    1|          0|
    |tmp_13883_reg_7106      |   1|   0|    1|          0|
    |tmp_13884_reg_7119      |   1|   0|    1|          0|
    |tmp_13885_reg_7126      |   1|   0|    1|          0|
    |tmp_13886_reg_7139      |   1|   0|    1|          0|
    |tmp_13887_reg_7146      |   1|   0|    1|          0|
    |tmp_13888_reg_7159      |   1|   0|    1|          0|
    |tmp_13889_reg_7166      |   1|   0|    1|          0|
    |tmp_reg_6597            |   1|   0|    1|          0|
    |weights_80_val_int_reg  |  13|   0|   13|          0|
    |weights_81_val_int_reg  |  13|   0|   13|          0|
    |weights_82_val_int_reg  |  13|   0|   13|          0|
    |weights_83_val_int_reg  |  13|   0|   13|          0|
    |weights_84_val_int_reg  |  13|   0|   13|          0|
    |weights_85_val_int_reg  |  13|   0|   13|          0|
    |weights_86_val_int_reg  |  13|   0|   13|          0|
    |weights_87_val_int_reg  |  13|   0|   13|          0|
    |weights_88_val_int_reg  |  13|   0|   13|          0|
    |weights_89_val_int_reg  |  13|   0|   13|          0|
    |weights_90_val_int_reg  |  13|   0|   13|          0|
    |weights_91_val_int_reg  |  13|   0|   13|          0|
    |weights_92_val_int_reg  |  13|   0|   13|          0|
    |weights_93_val_int_reg  |  13|   0|   13|          0|
    |weights_94_val_int_reg  |  13|   0|   13|          0|
    |weights_95_val_int_reg  |  13|   0|   13|          0|
    +------------------------+----+----+-----+-----------+
    |Total                   | 771|   0|  771|          0|
    +------------------------+----+----+-----+-----------+



================================================================
== Interface
================================================================
* Summary: 
+----------------+-----+-----+------------+------------------------------------------------------------------------------------+--------------+
|    RTL Ports   | Dir | Bits|  Protocol  |                                    Source Object                                   |    C Type    |
+----------------+-----+-----+------------+------------------------------------------------------------------------------------+--------------+
|ap_clk          |   in|    1|  ap_ctrl_hs|  dense_latency<ap_fixed<13, 4, 4, 0, 0>, ap_fixed<13, 4, 4, 0, 0>, config5_dense>.5|  return value|
|ap_rst          |   in|    1|  ap_ctrl_hs|  dense_latency<ap_fixed<13, 4, 4, 0, 0>, ap_fixed<13, 4, 4, 0, 0>, config5_dense>.5|  return value|
|ap_return_0     |  out|   13|  ap_ctrl_hs|  dense_latency<ap_fixed<13, 4, 4, 0, 0>, ap_fixed<13, 4, 4, 0, 0>, config5_dense>.5|  return value|
|ap_return_1     |  out|   13|  ap_ctrl_hs|  dense_latency<ap_fixed<13, 4, 4, 0, 0>, ap_fixed<13, 4, 4, 0, 0>, config5_dense>.5|  return value|
|ap_return_2     |  out|   13|  ap_ctrl_hs|  dense_latency<ap_fixed<13, 4, 4, 0, 0>, ap_fixed<13, 4, 4, 0, 0>, config5_dense>.5|  return value|
|ap_return_3     |  out|   13|  ap_ctrl_hs|  dense_latency<ap_fixed<13, 4, 4, 0, 0>, ap_fixed<13, 4, 4, 0, 0>, config5_dense>.5|  return value|
|ap_ce           |   in|    1|  ap_ctrl_hs|  dense_latency<ap_fixed<13, 4, 4, 0, 0>, ap_fixed<13, 4, 4, 0, 0>, config5_dense>.5|  return value|
|data_80_val     |   in|   13|     ap_none|                                                                         data_80_val|        scalar|
|data_81_val     |   in|   13|     ap_none|                                                                         data_81_val|        scalar|
|data_82_val     |   in|   13|     ap_none|                                                                         data_82_val|        scalar|
|data_83_val     |   in|   13|     ap_none|                                                                         data_83_val|        scalar|
|data_84_val     |   in|   13|     ap_none|                                                                         data_84_val|        scalar|
|data_85_val     |   in|   13|     ap_none|                                                                         data_85_val|        scalar|
|data_86_val     |   in|   13|     ap_none|                                                                         data_86_val|        scalar|
|data_87_val     |   in|   13|     ap_none|                                                                         data_87_val|        scalar|
|data_88_val     |   in|   13|     ap_none|                                                                         data_88_val|        scalar|
|data_89_val     |   in|   13|     ap_none|                                                                         data_89_val|        scalar|
|data_90_val     |   in|   13|     ap_none|                                                                         data_90_val|        scalar|
|data_91_val     |   in|   13|     ap_none|                                                                         data_91_val|        scalar|
|data_92_val     |   in|   13|     ap_none|                                                                         data_92_val|        scalar|
|data_93_val     |   in|   13|     ap_none|                                                                         data_93_val|        scalar|
|data_94_val     |   in|   13|     ap_none|                                                                         data_94_val|        scalar|
|data_95_val     |   in|   13|     ap_none|                                                                         data_95_val|        scalar|
|weights_80_val  |   in|   13|     ap_none|                                                                      weights_80_val|        scalar|
|weights_81_val  |   in|   13|     ap_none|                                                                      weights_81_val|        scalar|
|weights_82_val  |   in|   13|     ap_none|                                                                      weights_82_val|        scalar|
|weights_83_val  |   in|   13|     ap_none|                                                                      weights_83_val|        scalar|
|weights_84_val  |   in|   13|     ap_none|                                                                      weights_84_val|        scalar|
|weights_85_val  |   in|   13|     ap_none|                                                                      weights_85_val|        scalar|
|weights_86_val  |   in|   13|     ap_none|                                                                      weights_86_val|        scalar|
|weights_87_val  |   in|   13|     ap_none|                                                                      weights_87_val|        scalar|
|weights_88_val  |   in|   13|     ap_none|                                                                      weights_88_val|        scalar|
|weights_89_val  |   in|   13|     ap_none|                                                                      weights_89_val|        scalar|
|weights_90_val  |   in|   13|     ap_none|                                                                      weights_90_val|        scalar|
|weights_91_val  |   in|   13|     ap_none|                                                                      weights_91_val|        scalar|
|weights_92_val  |   in|   13|     ap_none|                                                                      weights_92_val|        scalar|
|weights_93_val  |   in|   13|     ap_none|                                                                      weights_93_val|        scalar|
|weights_94_val  |   in|   13|     ap_none|                                                                      weights_94_val|        scalar|
|weights_95_val  |   in|   13|     ap_none|                                                                      weights_95_val|        scalar|
|idx             |   in|    7|     ap_none|                                                                                 idx|        scalar|
+----------------+-----+-----+------------+------------------------------------------------------------------------------------+--------------+

