

================================================================
== Vitis HLS Report for 'dense_latency_ap_fixed_13_4_4_0_0_ap_fixed_13_4_4_0_0_config5_dense_8'
================================================================
* Date:           Mon Feb 10 03:33:32 2025

* Version:        2023.2 (Build 4023990 on Oct 11 2023)
* Project:        myproject_prj
* Solution:       solution1 (Vivado IP Flow Target)
* Product family: virtexuplus
* Target device:  xcvu13p-flga2577-2-e


================================================================
== Performance Estimates
================================================================
+ Timing: 
    * Summary: 
    +--------+---------+----------+------------+
    |  Clock |  Target | Estimated| Uncertainty|
    +--------+---------+----------+------------+
    |ap_clk  |  5.00 ns|  4.339 ns|     0.62 ns|
    +--------+---------+----------+------------+

+ Latency: 
    * Summary: 
    +---------+---------+-----------+-----------+-----+-----+---------+
    |  Latency (cycles) |   Latency (absolute)  |  Interval | Pipeline|
    |   min   |   max   |    min    |    max    | min | max |   Type  |
    +---------+---------+-----------+-----------+-----+-----+---------+
    |        2|        2|  10.000 ns|  10.000 ns|    1|    1|      yes|
    +---------+---------+-----------+-----------+-----+-----+---------+

    + Detail: 
        * Instance: 
        N/A

        * Loop: 
        N/A



================================================================
== Utilization Estimates
================================================================
* Summary: 
+---------------------+---------+-------+---------+---------+------+
|         Name        | BRAM_18K|  DSP  |    FF   |   LUT   | URAM |
+---------------------+---------+-------+---------+---------+------+
|DSP                  |        -|      -|        -|        -|     -|
|Expression           |        -|      -|        0|     3252|     -|
|FIFO                 |        -|      -|        -|        -|     -|
|Instance             |        -|     16|        0|      324|     -|
|Memory               |        -|      -|        -|        -|     -|
|Multiplexer          |        -|      -|        -|        -|     -|
|Register             |        -|      -|      772|        -|     -|
+---------------------+---------+-------+---------+---------+------+
|Total                |        0|     16|      772|     3576|     0|
+---------------------+---------+-------+---------+---------+------+
|Available SLR        |     1344|   3072|   864000|   432000|   320|
+---------------------+---------+-------+---------+---------+------+
|Utilization SLR (%)  |        0|     ~0|       ~0|       ~0|     0|
+---------------------+---------+-------+---------+---------+------+
|Available            |     5376|  12288|  3456000|  1728000|  1280|
+---------------------+---------+-------+---------+---------+------+
|Utilization (%)      |        0|     ~0|       ~0|       ~0|     0|
+---------------------+---------+-------+---------+---------+------+

+ Detail: 
    * Instance: 
    +-----------------------------+-----------------------+---------+----+---+----+-----+
    |           Instance          |         Module        | BRAM_18K| DSP| FF| LUT| URAM|
    +-----------------------------+-----------------------+---------+----+---+----+-----+
    |mul_13s_13s_26_1_1_U3435     |mul_13s_13s_26_1_1     |        0|   1|  0|   4|    0|
    |mul_13s_13s_26_1_1_U3436     |mul_13s_13s_26_1_1     |        0|   1|  0|   4|    0|
    |mul_13s_13s_26_1_1_U3437     |mul_13s_13s_26_1_1     |        0|   1|  0|   4|    0|
    |mul_13s_13s_26_1_1_U3438     |mul_13s_13s_26_1_1     |        0|   1|  0|   4|    0|
    |mul_13s_13s_26_1_1_U3439     |mul_13s_13s_26_1_1     |        0|   1|  0|   4|    0|
    |mul_13s_13s_26_1_1_U3440     |mul_13s_13s_26_1_1     |        0|   1|  0|   4|    0|
    |mul_13s_13s_26_1_1_U3441     |mul_13s_13s_26_1_1     |        0|   1|  0|   4|    0|
    |mul_13s_13s_26_1_1_U3442     |mul_13s_13s_26_1_1     |        0|   1|  0|   4|    0|
    |mul_13s_13s_26_1_1_U3443     |mul_13s_13s_26_1_1     |        0|   1|  0|   4|    0|
    |mul_13s_13s_26_1_1_U3444     |mul_13s_13s_26_1_1     |        0|   1|  0|   4|    0|
    |mul_13s_13s_26_1_1_U3445     |mul_13s_13s_26_1_1     |        0|   1|  0|   4|    0|
    |mul_13s_13s_26_1_1_U3446     |mul_13s_13s_26_1_1     |        0|   1|  0|   4|    0|
    |mul_13s_13s_26_1_1_U3447     |mul_13s_13s_26_1_1     |        0|   1|  0|   4|    0|
    |mul_13s_13s_26_1_1_U3448     |mul_13s_13s_26_1_1     |        0|   1|  0|   4|    0|
    |mul_13s_13s_26_1_1_U3449     |mul_13s_13s_26_1_1     |        0|   1|  0|   4|    0|
    |mul_13s_13s_26_1_1_U3450     |mul_13s_13s_26_1_1     |        0|   1|  0|   4|    0|
    |sparsemux_27_8_13_1_1_U3451  |sparsemux_27_8_13_1_1  |        0|   0|  0|  65|    0|
    |sparsemux_27_8_13_1_1_U3452  |sparsemux_27_8_13_1_1  |        0|   0|  0|  65|    0|
    |sparsemux_27_8_13_1_1_U3453  |sparsemux_27_8_13_1_1  |        0|   0|  0|  65|    0|
    |sparsemux_27_8_13_1_1_U3454  |sparsemux_27_8_13_1_1  |        0|   0|  0|  65|    0|
    +-----------------------------+-----------------------+---------+----+---+----+-----+
    |Total                        |                       |        0|  16|  0| 324|    0|
    +-----------------------------+-----------------------+---------+----+---+----+-----+

    * DSP: 
    N/A

    * Memory: 
    N/A

    * FIFO: 
    N/A

    * Expression: 
    +----------------------------+----------+----+---+----+------------+------------+
    |        Variable Name       | Operation| DSP| FF| LUT| Bitwidth P0| Bitwidth P1|
    +----------------------------+----------+----+---+----+------------+------------+
    |add_ln42_16_fu_1581_p2      |         +|   0|  0|  20|          13|          13|
    |add_ln42_17_fu_1784_p2      |         +|   0|  0|  20|          13|          13|
    |add_ln42_18_fu_1987_p2      |         +|   0|  0|  20|          13|          13|
    |add_ln42_19_fu_2258_p2      |         +|   0|  0|  20|          13|          13|
    |add_ln42_20_fu_2461_p2      |         +|   0|  0|  20|          13|          13|
    |add_ln42_21_fu_2664_p2      |         +|   0|  0|  20|          13|          13|
    |add_ln42_22_fu_2867_p2      |         +|   0|  0|  20|          13|          13|
    |add_ln42_23_fu_3138_p2      |         +|   0|  0|  20|          13|          13|
    |add_ln42_24_fu_3341_p2      |         +|   0|  0|  20|          13|          13|
    |add_ln42_25_fu_3544_p2      |         +|   0|  0|  20|          13|          13|
    |add_ln42_26_fu_3747_p2      |         +|   0|  0|  20|          13|          13|
    |add_ln42_27_fu_4018_p2      |         +|   0|  0|  20|          13|          13|
    |add_ln42_28_fu_4221_p2      |         +|   0|  0|  20|          13|          13|
    |add_ln42_29_fu_4424_p2      |         +|   0|  0|  20|          13|          13|
    |add_ln42_30_fu_4627_p2      |         +|   0|  0|  20|          13|          13|
    |add_ln42_fu_1378_p2         |         +|   0|  0|  20|          13|          13|
    |add_ln58_12_fu_5497_p2      |         +|   0|  0|  21|          14|          14|
    |add_ln58_13_fu_5599_p2      |         +|   0|  0|  21|          14|          14|
    |add_ln58_14_fu_5701_p2      |         +|   0|  0|  21|          14|          14|
    |add_ln58_15_fu_5803_p2      |         +|   0|  0|  21|          14|          14|
    |add_ln58_16_fu_5905_p2      |         +|   0|  0|  21|          14|          14|
    |add_ln58_17_fu_6007_p2      |         +|   0|  0|  21|          14|          14|
    |add_ln58_18_fu_6109_p2      |         +|   0|  0|  21|          14|          14|
    |add_ln58_19_fu_6211_p2      |         +|   0|  0|  21|          14|          14|
    |add_ln58_20_fu_6247_p2      |         +|   0|  0|  21|          14|          14|
    |add_ln58_21_fu_6283_p2      |         +|   0|  0|  21|          14|          14|
    |add_ln58_22_fu_6319_p2      |         +|   0|  0|  21|          14|          14|
    |add_ln58_24_fu_5389_p2      |         +|   0|  0|  20|          13|          13|
    |add_ln58_25_fu_5491_p2      |         +|   0|  0|  20|          13|          13|
    |add_ln58_26_fu_5593_p2      |         +|   0|  0|  20|          13|          13|
    |add_ln58_27_fu_5695_p2      |         +|   0|  0|  20|          13|          13|
    |add_ln58_28_fu_5797_p2      |         +|   0|  0|  20|          13|          13|
    |add_ln58_29_fu_5899_p2      |         +|   0|  0|  20|          13|          13|
    |add_ln58_30_fu_6001_p2      |         +|   0|  0|  20|          13|          13|
    |add_ln58_31_fu_6103_p2      |         +|   0|  0|  20|          13|          13|
    |add_ln58_32_fu_6205_p2      |         +|   0|  0|  20|          13|          13|
    |add_ln58_33_fu_6241_p2      |         +|   0|  0|  20|          13|          13|
    |add_ln58_34_fu_6277_p2      |         +|   0|  0|  20|          13|          13|
    |add_ln58_35_fu_6313_p2      |         +|   0|  0|  20|          13|          13|
    |add_ln58_fu_5395_p2         |         +|   0|  0|  21|          14|          14|
    |and_ln42_112_fu_1398_p2     |       and|   0|  0|   2|           1|           1|
    |and_ln42_113_fu_1464_p2     |       and|   0|  0|   2|           1|           1|
    |and_ln42_114_fu_4757_p2     |       and|   0|  0|   2|           1|           1|
    |and_ln42_115_fu_1496_p2     |       and|   0|  0|   2|           1|           1|
    |and_ln42_116_fu_1502_p2     |       and|   0|  0|   2|           1|           1|
    |and_ln42_117_fu_4772_p2     |       and|   0|  0|   2|           1|           1|
    |and_ln42_118_fu_1571_p2     |       and|   0|  0|   2|           1|           1|
    |and_ln42_119_fu_1601_p2     |       and|   0|  0|   2|           1|           1|
    |and_ln42_120_fu_1667_p2     |       and|   0|  0|   2|           1|           1|
    |and_ln42_121_fu_4796_p2     |       and|   0|  0|   2|           1|           1|
    |and_ln42_122_fu_1699_p2     |       and|   0|  0|   2|           1|           1|
    |and_ln42_123_fu_1705_p2     |       and|   0|  0|   2|           1|           1|
    |and_ln42_124_fu_4811_p2     |       and|   0|  0|   2|           1|           1|
    |and_ln42_125_fu_1774_p2     |       and|   0|  0|   2|           1|           1|
    |and_ln42_126_fu_1804_p2     |       and|   0|  0|   2|           1|           1|
    |and_ln42_127_fu_1870_p2     |       and|   0|  0|   2|           1|           1|
    |and_ln42_128_fu_4835_p2     |       and|   0|  0|   2|           1|           1|
    |and_ln42_129_fu_1902_p2     |       and|   0|  0|   2|           1|           1|
    |and_ln42_130_fu_1908_p2     |       and|   0|  0|   2|           1|           1|
    |and_ln42_131_fu_4850_p2     |       and|   0|  0|   2|           1|           1|
    |and_ln42_132_fu_1977_p2     |       and|   0|  0|   2|           1|           1|
    |and_ln42_133_fu_2007_p2     |       and|   0|  0|   2|           1|           1|
    |and_ln42_134_fu_2073_p2     |       and|   0|  0|   2|           1|           1|
    |and_ln42_135_fu_4874_p2     |       and|   0|  0|   2|           1|           1|
    |and_ln42_136_fu_2105_p2     |       and|   0|  0|   2|           1|           1|
    |and_ln42_137_fu_2111_p2     |       and|   0|  0|   2|           1|           1|
    |and_ln42_138_fu_4889_p2     |       and|   0|  0|   2|           1|           1|
    |and_ln42_139_fu_2248_p2     |       and|   0|  0|   2|           1|           1|
    |and_ln42_140_fu_2278_p2     |       and|   0|  0|   2|           1|           1|
    |and_ln42_141_fu_2344_p2     |       and|   0|  0|   2|           1|           1|
    |and_ln42_142_fu_4913_p2     |       and|   0|  0|   2|           1|           1|
    |and_ln42_143_fu_2376_p2     |       and|   0|  0|   2|           1|           1|
    |and_ln42_144_fu_2382_p2     |       and|   0|  0|   2|           1|           1|
    |and_ln42_145_fu_4928_p2     |       and|   0|  0|   2|           1|           1|
    |and_ln42_146_fu_2451_p2     |       and|   0|  0|   2|           1|           1|
    |and_ln42_147_fu_2481_p2     |       and|   0|  0|   2|           1|           1|
    |and_ln42_148_fu_2547_p2     |       and|   0|  0|   2|           1|           1|
    |and_ln42_149_fu_4952_p2     |       and|   0|  0|   2|           1|           1|
    |and_ln42_150_fu_2579_p2     |       and|   0|  0|   2|           1|           1|
    |and_ln42_151_fu_2585_p2     |       and|   0|  0|   2|           1|           1|
    |and_ln42_152_fu_4967_p2     |       and|   0|  0|   2|           1|           1|
    |and_ln42_153_fu_2654_p2     |       and|   0|  0|   2|           1|           1|
    |and_ln42_154_fu_2684_p2     |       and|   0|  0|   2|           1|           1|
    |and_ln42_155_fu_2750_p2     |       and|   0|  0|   2|           1|           1|
    |and_ln42_156_fu_4991_p2     |       and|   0|  0|   2|           1|           1|
    |and_ln42_157_fu_2782_p2     |       and|   0|  0|   2|           1|           1|
    |and_ln42_158_fu_2788_p2     |       and|   0|  0|   2|           1|           1|
    |and_ln42_159_fu_5006_p2     |       and|   0|  0|   2|           1|           1|
    |and_ln42_160_fu_2857_p2     |       and|   0|  0|   2|           1|           1|
    |and_ln42_161_fu_2887_p2     |       and|   0|  0|   2|           1|           1|
    |and_ln42_162_fu_2953_p2     |       and|   0|  0|   2|           1|           1|
    |and_ln42_163_fu_5030_p2     |       and|   0|  0|   2|           1|           1|
    |and_ln42_164_fu_2985_p2     |       and|   0|  0|   2|           1|           1|
    |and_ln42_165_fu_2991_p2     |       and|   0|  0|   2|           1|           1|
    |and_ln42_166_fu_5045_p2     |       and|   0|  0|   2|           1|           1|
    |and_ln42_167_fu_3128_p2     |       and|   0|  0|   2|           1|           1|
    |and_ln42_168_fu_3158_p2     |       and|   0|  0|   2|           1|           1|
    |and_ln42_169_fu_3224_p2     |       and|   0|  0|   2|           1|           1|
    |and_ln42_170_fu_5069_p2     |       and|   0|  0|   2|           1|           1|
    |and_ln42_171_fu_3256_p2     |       and|   0|  0|   2|           1|           1|
    |and_ln42_172_fu_3262_p2     |       and|   0|  0|   2|           1|           1|
    |and_ln42_173_fu_5084_p2     |       and|   0|  0|   2|           1|           1|
    |and_ln42_174_fu_3331_p2     |       and|   0|  0|   2|           1|           1|
    |and_ln42_175_fu_3361_p2     |       and|   0|  0|   2|           1|           1|
    |and_ln42_176_fu_3427_p2     |       and|   0|  0|   2|           1|           1|
    |and_ln42_177_fu_5108_p2     |       and|   0|  0|   2|           1|           1|
    |and_ln42_178_fu_3459_p2     |       and|   0|  0|   2|           1|           1|
    |and_ln42_179_fu_3465_p2     |       and|   0|  0|   2|           1|           1|
    |and_ln42_180_fu_5123_p2     |       and|   0|  0|   2|           1|           1|
    |and_ln42_181_fu_3534_p2     |       and|   0|  0|   2|           1|           1|
    |and_ln42_182_fu_3564_p2     |       and|   0|  0|   2|           1|           1|
    |and_ln42_183_fu_3630_p2     |       and|   0|  0|   2|           1|           1|
    |and_ln42_184_fu_5147_p2     |       and|   0|  0|   2|           1|           1|
    |and_ln42_185_fu_3662_p2     |       and|   0|  0|   2|           1|           1|
    |and_ln42_186_fu_3668_p2     |       and|   0|  0|   2|           1|           1|
    |and_ln42_187_fu_5162_p2     |       and|   0|  0|   2|           1|           1|
    |and_ln42_188_fu_3737_p2     |       and|   0|  0|   2|           1|           1|
    |and_ln42_189_fu_3767_p2     |       and|   0|  0|   2|           1|           1|
    |and_ln42_190_fu_3833_p2     |       and|   0|  0|   2|           1|           1|
    |and_ln42_191_fu_5186_p2     |       and|   0|  0|   2|           1|           1|
    |and_ln42_192_fu_3865_p2     |       and|   0|  0|   2|           1|           1|
    |and_ln42_193_fu_3871_p2     |       and|   0|  0|   2|           1|           1|
    |and_ln42_194_fu_5201_p2     |       and|   0|  0|   2|           1|           1|
    |and_ln42_195_fu_4008_p2     |       and|   0|  0|   2|           1|           1|
    |and_ln42_196_fu_4038_p2     |       and|   0|  0|   2|           1|           1|
    |and_ln42_197_fu_4104_p2     |       and|   0|  0|   2|           1|           1|
    |and_ln42_198_fu_5225_p2     |       and|   0|  0|   2|           1|           1|
    |and_ln42_199_fu_4136_p2     |       and|   0|  0|   2|           1|           1|
    |and_ln42_200_fu_4142_p2     |       and|   0|  0|   2|           1|           1|
    |and_ln42_201_fu_5240_p2     |       and|   0|  0|   2|           1|           1|
    |and_ln42_202_fu_4211_p2     |       and|   0|  0|   2|           1|           1|
    |and_ln42_203_fu_4241_p2     |       and|   0|  0|   2|           1|           1|
    |and_ln42_204_fu_4307_p2     |       and|   0|  0|   2|           1|           1|
    |and_ln42_205_fu_5264_p2     |       and|   0|  0|   2|           1|           1|
    |and_ln42_206_fu_4339_p2     |       and|   0|  0|   2|           1|           1|
    |and_ln42_207_fu_4345_p2     |       and|   0|  0|   2|           1|           1|
    |and_ln42_208_fu_5279_p2     |       and|   0|  0|   2|           1|           1|
    |and_ln42_209_fu_4414_p2     |       and|   0|  0|   2|           1|           1|
    |and_ln42_210_fu_4444_p2     |       and|   0|  0|   2|           1|           1|
    |and_ln42_211_fu_4510_p2     |       and|   0|  0|   2|           1|           1|
    |and_ln42_212_fu_5303_p2     |       and|   0|  0|   2|           1|           1|
    |and_ln42_213_fu_4542_p2     |       and|   0|  0|   2|           1|           1|
    |and_ln42_214_fu_4548_p2     |       and|   0|  0|   2|           1|           1|
    |and_ln42_215_fu_5318_p2     |       and|   0|  0|   2|           1|           1|
    |and_ln42_216_fu_4617_p2     |       and|   0|  0|   2|           1|           1|
    |and_ln42_217_fu_4647_p2     |       and|   0|  0|   2|           1|           1|
    |and_ln42_218_fu_4713_p2     |       and|   0|  0|   2|           1|           1|
    |and_ln42_219_fu_5342_p2     |       and|   0|  0|   2|           1|           1|
    |and_ln42_220_fu_4745_p2     |       and|   0|  0|   2|           1|           1|
    |and_ln42_221_fu_4751_p2     |       and|   0|  0|   2|           1|           1|
    |and_ln42_222_fu_5357_p2     |       and|   0|  0|   2|           1|           1|
    |and_ln42_fu_1368_p2         |       and|   0|  0|   2|           1|           1|
    |and_ln58_24_fu_5435_p2      |       and|   0|  0|   2|           1|           1|
    |and_ln58_25_fu_5525_p2      |       and|   0|  0|   2|           1|           1|
    |and_ln58_26_fu_5537_p2      |       and|   0|  0|   2|           1|           1|
    |and_ln58_27_fu_5627_p2      |       and|   0|  0|   2|           1|           1|
    |and_ln58_28_fu_5639_p2      |       and|   0|  0|   2|           1|           1|
    |and_ln58_29_fu_5729_p2      |       and|   0|  0|   2|           1|           1|
    |and_ln58_30_fu_5741_p2      |       and|   0|  0|   2|           1|           1|
    |and_ln58_31_fu_5831_p2      |       and|   0|  0|   2|           1|           1|
    |and_ln58_32_fu_5843_p2      |       and|   0|  0|   2|           1|           1|
    |and_ln58_33_fu_5933_p2      |       and|   0|  0|   2|           1|           1|
    |and_ln58_34_fu_5945_p2      |       and|   0|  0|   2|           1|           1|
    |and_ln58_35_fu_6035_p2      |       and|   0|  0|   2|           1|           1|
    |and_ln58_36_fu_6047_p2      |       and|   0|  0|   2|           1|           1|
    |and_ln58_37_fu_6137_p2      |       and|   0|  0|   2|           1|           1|
    |and_ln58_38_fu_6149_p2      |       and|   0|  0|   2|           1|           1|
    |and_ln58_39_fu_6346_p2      |       and|   0|  0|   2|           1|           1|
    |and_ln58_40_fu_6356_p2      |       and|   0|  0|   2|           1|           1|
    |and_ln58_41_fu_6404_p2      |       and|   0|  0|   2|           1|           1|
    |and_ln58_42_fu_6414_p2      |       and|   0|  0|   2|           1|           1|
    |and_ln58_43_fu_6462_p2      |       and|   0|  0|   2|           1|           1|
    |and_ln58_44_fu_6472_p2      |       and|   0|  0|   2|           1|           1|
    |and_ln58_45_fu_6520_p2      |       and|   0|  0|   2|           1|           1|
    |and_ln58_46_fu_6530_p2      |       and|   0|  0|   2|           1|           1|
    |and_ln58_fu_5423_p2         |       and|   0|  0|   2|           1|           1|
    |icmp_ln42_100_fu_3377_p2    |      icmp|   0|  0|  10|           3|           2|
    |icmp_ln42_101_fu_3393_p2    |      icmp|   0|  0|  12|           4|           2|
    |icmp_ln42_102_fu_3399_p2    |      icmp|   0|  0|  12|           4|           1|
    |icmp_ln42_103_fu_3514_p2    |      icmp|   0|  0|  15|           8|           1|
    |icmp_ln42_104_fu_3580_p2    |      icmp|   0|  0|  10|           3|           2|
    |icmp_ln42_105_fu_3596_p2    |      icmp|   0|  0|  12|           4|           2|
    |icmp_ln42_106_fu_3602_p2    |      icmp|   0|  0|  12|           4|           1|
    |icmp_ln42_107_fu_3717_p2    |      icmp|   0|  0|  15|           8|           1|
    |icmp_ln42_108_fu_3783_p2    |      icmp|   0|  0|  10|           3|           2|
    |icmp_ln42_109_fu_3799_p2    |      icmp|   0|  0|  12|           4|           2|
    |icmp_ln42_110_fu_3805_p2    |      icmp|   0|  0|  12|           4|           1|
    |icmp_ln42_111_fu_3988_p2    |      icmp|   0|  0|  15|           8|           1|
    |icmp_ln42_112_fu_4054_p2    |      icmp|   0|  0|  10|           3|           2|
    |icmp_ln42_113_fu_4070_p2    |      icmp|   0|  0|  12|           4|           2|
    |icmp_ln42_114_fu_4076_p2    |      icmp|   0|  0|  12|           4|           1|
    |icmp_ln42_115_fu_4191_p2    |      icmp|   0|  0|  15|           8|           1|
    |icmp_ln42_116_fu_4257_p2    |      icmp|   0|  0|  10|           3|           2|
    |icmp_ln42_117_fu_4273_p2    |      icmp|   0|  0|  12|           4|           2|
    |icmp_ln42_118_fu_4279_p2    |      icmp|   0|  0|  12|           4|           1|
    |icmp_ln42_119_fu_4394_p2    |      icmp|   0|  0|  15|           8|           1|
    |icmp_ln42_120_fu_4460_p2    |      icmp|   0|  0|  10|           3|           2|
    |icmp_ln42_121_fu_4476_p2    |      icmp|   0|  0|  12|           4|           2|
    |icmp_ln42_122_fu_4482_p2    |      icmp|   0|  0|  12|           4|           1|
    |icmp_ln42_123_fu_4597_p2    |      icmp|   0|  0|  15|           8|           1|
    |icmp_ln42_124_fu_4663_p2    |      icmp|   0|  0|  10|           3|           2|
    |icmp_ln42_125_fu_4679_p2    |      icmp|   0|  0|  12|           4|           2|
    |icmp_ln42_126_fu_4685_p2    |      icmp|   0|  0|  12|           4|           1|
    |icmp_ln42_64_fu_1414_p2     |      icmp|   0|  0|  10|           3|           2|
    |icmp_ln42_65_fu_1430_p2     |      icmp|   0|  0|  12|           4|           2|
    |icmp_ln42_66_fu_1436_p2     |      icmp|   0|  0|  12|           4|           1|
    |icmp_ln42_67_fu_1551_p2     |      icmp|   0|  0|  15|           8|           1|
    |icmp_ln42_68_fu_1617_p2     |      icmp|   0|  0|  10|           3|           2|
    |icmp_ln42_69_fu_1633_p2     |      icmp|   0|  0|  12|           4|           2|
    |icmp_ln42_70_fu_1639_p2     |      icmp|   0|  0|  12|           4|           1|
    |icmp_ln42_71_fu_1754_p2     |      icmp|   0|  0|  15|           8|           1|
    |icmp_ln42_72_fu_1820_p2     |      icmp|   0|  0|  10|           3|           2|
    |icmp_ln42_73_fu_1836_p2     |      icmp|   0|  0|  12|           4|           2|
    |icmp_ln42_74_fu_1842_p2     |      icmp|   0|  0|  12|           4|           1|
    |icmp_ln42_75_fu_1957_p2     |      icmp|   0|  0|  15|           8|           1|
    |icmp_ln42_76_fu_2023_p2     |      icmp|   0|  0|  10|           3|           2|
    |icmp_ln42_77_fu_2039_p2     |      icmp|   0|  0|  12|           4|           2|
    |icmp_ln42_78_fu_2045_p2     |      icmp|   0|  0|  12|           4|           1|
    |icmp_ln42_79_fu_2228_p2     |      icmp|   0|  0|  15|           8|           1|
    |icmp_ln42_80_fu_2294_p2     |      icmp|   0|  0|  10|           3|           2|
    |icmp_ln42_81_fu_2310_p2     |      icmp|   0|  0|  12|           4|           2|
    |icmp_ln42_82_fu_2316_p2     |      icmp|   0|  0|  12|           4|           1|
    |icmp_ln42_83_fu_2431_p2     |      icmp|   0|  0|  15|           8|           1|
    |icmp_ln42_84_fu_2497_p2     |      icmp|   0|  0|  10|           3|           2|
    |icmp_ln42_85_fu_2513_p2     |      icmp|   0|  0|  12|           4|           2|
    |icmp_ln42_86_fu_2519_p2     |      icmp|   0|  0|  12|           4|           1|
    |icmp_ln42_87_fu_2634_p2     |      icmp|   0|  0|  15|           8|           1|
    |icmp_ln42_88_fu_2700_p2     |      icmp|   0|  0|  10|           3|           2|
    |icmp_ln42_89_fu_2716_p2     |      icmp|   0|  0|  12|           4|           2|
    |icmp_ln42_90_fu_2722_p2     |      icmp|   0|  0|  12|           4|           1|
    |icmp_ln42_91_fu_2837_p2     |      icmp|   0|  0|  15|           8|           1|
    |icmp_ln42_92_fu_2903_p2     |      icmp|   0|  0|  10|           3|           2|
    |icmp_ln42_93_fu_2919_p2     |      icmp|   0|  0|  12|           4|           2|
    |icmp_ln42_94_fu_2925_p2     |      icmp|   0|  0|  12|           4|           1|
    |icmp_ln42_95_fu_3108_p2     |      icmp|   0|  0|  15|           8|           1|
    |icmp_ln42_96_fu_3174_p2     |      icmp|   0|  0|  10|           3|           2|
    |icmp_ln42_97_fu_3190_p2     |      icmp|   0|  0|  12|           4|           2|
    |icmp_ln42_98_fu_3196_p2     |      icmp|   0|  0|  12|           4|           1|
    |icmp_ln42_99_fu_3311_p2     |      icmp|   0|  0|  15|           8|           1|
    |icmp_ln42_fu_1348_p2        |      icmp|   0|  0|  15|           8|           1|
    |or_ln42_100_fu_4956_p2      |        or|   0|  0|   2|           1|           1|
    |or_ln42_101_fu_4995_p2      |        or|   0|  0|   2|           1|           1|
    |or_ln42_102_fu_5034_p2      |        or|   0|  0|   2|           1|           1|
    |or_ln42_103_fu_5073_p2      |        or|   0|  0|   2|           1|           1|
    |or_ln42_104_fu_5112_p2      |        or|   0|  0|   2|           1|           1|
    |or_ln42_105_fu_5151_p2      |        or|   0|  0|   2|           1|           1|
    |or_ln42_106_fu_5190_p2      |        or|   0|  0|   2|           1|           1|
    |or_ln42_107_fu_5229_p2      |        or|   0|  0|   2|           1|           1|
    |or_ln42_108_fu_5268_p2      |        or|   0|  0|   2|           1|           1|
    |or_ln42_109_fu_5307_p2      |        or|   0|  0|   2|           1|           1|
    |or_ln42_110_fu_5346_p2      |        or|   0|  0|   2|           1|           1|
    |or_ln42_48_fu_1484_p2       |        or|   0|  0|   2|           1|           1|
    |or_ln42_49_fu_4784_p2       |        or|   0|  0|   2|           1|           1|
    |or_ln42_50_fu_1565_p2       |        or|   0|  0|   2|           1|           1|
    |or_ln42_51_fu_1687_p2       |        or|   0|  0|   2|           1|           1|
    |or_ln42_52_fu_4823_p2       |        or|   0|  0|   2|           1|           1|
    |or_ln42_53_fu_1768_p2       |        or|   0|  0|   2|           1|           1|
    |or_ln42_54_fu_1890_p2       |        or|   0|  0|   2|           1|           1|
    |or_ln42_55_fu_4862_p2       |        or|   0|  0|   2|           1|           1|
    |or_ln42_56_fu_1971_p2       |        or|   0|  0|   2|           1|           1|
    |or_ln42_57_fu_2093_p2       |        or|   0|  0|   2|           1|           1|
    |or_ln42_58_fu_4901_p2       |        or|   0|  0|   2|           1|           1|
    |or_ln42_59_fu_2242_p2       |        or|   0|  0|   2|           1|           1|
    |or_ln42_60_fu_2364_p2       |        or|   0|  0|   2|           1|           1|
    |or_ln42_61_fu_4940_p2       |        or|   0|  0|   2|           1|           1|
    |or_ln42_62_fu_2445_p2       |        or|   0|  0|   2|           1|           1|
    |or_ln42_63_fu_2567_p2       |        or|   0|  0|   2|           1|           1|
    |or_ln42_64_fu_4979_p2       |        or|   0|  0|   2|           1|           1|
    |or_ln42_65_fu_2648_p2       |        or|   0|  0|   2|           1|           1|
    |or_ln42_66_fu_2770_p2       |        or|   0|  0|   2|           1|           1|
    |or_ln42_67_fu_5018_p2       |        or|   0|  0|   2|           1|           1|
    |or_ln42_68_fu_2851_p2       |        or|   0|  0|   2|           1|           1|
    |or_ln42_69_fu_2973_p2       |        or|   0|  0|   2|           1|           1|
    |or_ln42_70_fu_5057_p2       |        or|   0|  0|   2|           1|           1|
    |or_ln42_71_fu_3122_p2       |        or|   0|  0|   2|           1|           1|
    |or_ln42_72_fu_3244_p2       |        or|   0|  0|   2|           1|           1|
    |or_ln42_73_fu_5096_p2       |        or|   0|  0|   2|           1|           1|
    |or_ln42_74_fu_3325_p2       |        or|   0|  0|   2|           1|           1|
    |or_ln42_75_fu_3447_p2       |        or|   0|  0|   2|           1|           1|
    |or_ln42_76_fu_5135_p2       |        or|   0|  0|   2|           1|           1|
    |or_ln42_77_fu_3528_p2       |        or|   0|  0|   2|           1|           1|
    |or_ln42_78_fu_3650_p2       |        or|   0|  0|   2|           1|           1|
    |or_ln42_79_fu_5174_p2       |        or|   0|  0|   2|           1|           1|
    |or_ln42_80_fu_3731_p2       |        or|   0|  0|   2|           1|           1|
    |or_ln42_81_fu_3853_p2       |        or|   0|  0|   2|           1|           1|
    |or_ln42_82_fu_5213_p2       |        or|   0|  0|   2|           1|           1|
    |or_ln42_83_fu_4002_p2       |        or|   0|  0|   2|           1|           1|
    |or_ln42_84_fu_4124_p2       |        or|   0|  0|   2|           1|           1|
    |or_ln42_85_fu_5252_p2       |        or|   0|  0|   2|           1|           1|
    |or_ln42_86_fu_4205_p2       |        or|   0|  0|   2|           1|           1|
    |or_ln42_87_fu_4327_p2       |        or|   0|  0|   2|           1|           1|
    |or_ln42_88_fu_5291_p2       |        or|   0|  0|   2|           1|           1|
    |or_ln42_89_fu_4408_p2       |        or|   0|  0|   2|           1|           1|
    |or_ln42_90_fu_4530_p2       |        or|   0|  0|   2|           1|           1|
    |or_ln42_91_fu_5330_p2       |        or|   0|  0|   2|           1|           1|
    |or_ln42_92_fu_4611_p2       |        or|   0|  0|   2|           1|           1|
    |or_ln42_93_fu_4733_p2       |        or|   0|  0|   2|           1|           1|
    |or_ln42_94_fu_5369_p2       |        or|   0|  0|   2|           1|           1|
    |or_ln42_95_fu_4761_p2       |        or|   0|  0|   2|           1|           1|
    |or_ln42_96_fu_4800_p2       |        or|   0|  0|   2|           1|           1|
    |or_ln42_97_fu_4839_p2       |        or|   0|  0|   2|           1|           1|
    |or_ln42_98_fu_4878_p2       |        or|   0|  0|   2|           1|           1|
    |or_ln42_99_fu_4917_p2       |        or|   0|  0|   2|           1|           1|
    |or_ln42_fu_1362_p2          |        or|   0|  0|   2|           1|           1|
    |or_ln58_12_fu_5555_p2       |        or|   0|  0|   2|           1|           1|
    |or_ln58_13_fu_5657_p2       |        or|   0|  0|   2|           1|           1|
    |or_ln58_14_fu_5759_p2       |        or|   0|  0|   2|           1|           1|
    |or_ln58_15_fu_5861_p2       |        or|   0|  0|   2|           1|           1|
    |or_ln58_16_fu_5963_p2       |        or|   0|  0|   2|           1|           1|
    |or_ln58_17_fu_6065_p2       |        or|   0|  0|   2|           1|           1|
    |or_ln58_18_fu_6167_p2       |        or|   0|  0|   2|           1|           1|
    |or_ln58_19_fu_6371_p2       |        or|   0|  0|   2|           1|           1|
    |or_ln58_20_fu_6429_p2       |        or|   0|  0|   2|           1|           1|
    |or_ln58_21_fu_6487_p2       |        or|   0|  0|   2|           1|           1|
    |or_ln58_22_fu_6545_p2       |        or|   0|  0|   2|           1|           1|
    |or_ln58_fu_5453_p2          |        or|   0|  0|   2|           1|           1|
    |select_ln42_100_fu_3433_p3  |    select|   0|  0|   2|           1|           1|
    |select_ln42_101_fu_5128_p3  |    select|   0|  0|  14|           1|          12|
    |select_ln42_102_fu_5140_p3  |    select|   0|  0|  13|           1|          13|
    |select_ln42_103_fu_3608_p3  |    select|   0|  0|   2|           1|           1|
    |select_ln42_104_fu_3636_p3  |    select|   0|  0|   2|           1|           1|
    |select_ln42_105_fu_5167_p3  |    select|   0|  0|  14|           1|          12|
    |select_ln42_106_fu_5179_p3  |    select|   0|  0|  13|           1|          13|
    |select_ln42_107_fu_3811_p3  |    select|   0|  0|   2|           1|           1|
    |select_ln42_108_fu_3839_p3  |    select|   0|  0|   2|           1|           1|
    |select_ln42_109_fu_5206_p3  |    select|   0|  0|  14|           1|          12|
    |select_ln42_110_fu_5218_p3  |    select|   0|  0|  13|           1|          13|
    |select_ln42_111_fu_4082_p3  |    select|   0|  0|   2|           1|           1|
    |select_ln42_112_fu_4110_p3  |    select|   0|  0|   2|           1|           1|
    |select_ln42_113_fu_5245_p3  |    select|   0|  0|  14|           1|          12|
    |select_ln42_114_fu_5257_p3  |    select|   0|  0|  13|           1|          13|
    |select_ln42_115_fu_4285_p3  |    select|   0|  0|   2|           1|           1|
    |select_ln42_116_fu_4313_p3  |    select|   0|  0|   2|           1|           1|
    |select_ln42_117_fu_5284_p3  |    select|   0|  0|  14|           1|          12|
    |select_ln42_118_fu_5296_p3  |    select|   0|  0|  13|           1|          13|
    |select_ln42_119_fu_4488_p3  |    select|   0|  0|   2|           1|           1|
    |select_ln42_120_fu_4516_p3  |    select|   0|  0|   2|           1|           1|
    |select_ln42_121_fu_5323_p3  |    select|   0|  0|  14|           1|          12|
    |select_ln42_122_fu_5335_p3  |    select|   0|  0|  13|           1|          13|
    |select_ln42_123_fu_4691_p3  |    select|   0|  0|   2|           1|           1|
    |select_ln42_124_fu_4719_p3  |    select|   0|  0|   2|           1|           1|
    |select_ln42_125_fu_5362_p3  |    select|   0|  0|  14|           1|          12|
    |select_ln42_126_fu_5374_p3  |    select|   0|  0|  13|           1|          13|
    |select_ln42_64_fu_1470_p3   |    select|   0|  0|   2|           1|           1|
    |select_ln42_65_fu_4777_p3   |    select|   0|  0|  14|           1|          12|
    |select_ln42_66_fu_4789_p3   |    select|   0|  0|  13|           1|          13|
    |select_ln42_67_fu_1645_p3   |    select|   0|  0|   2|           1|           1|
    |select_ln42_68_fu_1673_p3   |    select|   0|  0|   2|           1|           1|
    |select_ln42_69_fu_4816_p3   |    select|   0|  0|  14|           1|          12|
    |select_ln42_70_fu_4828_p3   |    select|   0|  0|  13|           1|          13|
    |select_ln42_71_fu_1848_p3   |    select|   0|  0|   2|           1|           1|
    |select_ln42_72_fu_1876_p3   |    select|   0|  0|   2|           1|           1|
    |select_ln42_73_fu_4855_p3   |    select|   0|  0|  14|           1|          12|
    |select_ln42_74_fu_4867_p3   |    select|   0|  0|  13|           1|          13|
    |select_ln42_75_fu_2051_p3   |    select|   0|  0|   2|           1|           1|
    |select_ln42_76_fu_2079_p3   |    select|   0|  0|   2|           1|           1|
    |select_ln42_77_fu_4894_p3   |    select|   0|  0|  14|           1|          12|
    |select_ln42_78_fu_4906_p3   |    select|   0|  0|  13|           1|          13|
    |select_ln42_79_fu_2322_p3   |    select|   0|  0|   2|           1|           1|
    |select_ln42_80_fu_2350_p3   |    select|   0|  0|   2|           1|           1|
    |select_ln42_81_fu_4933_p3   |    select|   0|  0|  14|           1|          12|
    |select_ln42_82_fu_4945_p3   |    select|   0|  0|  13|           1|          13|
    |select_ln42_83_fu_2525_p3   |    select|   0|  0|   2|           1|           1|
    |select_ln42_84_fu_2553_p3   |    select|   0|  0|   2|           1|           1|
    |select_ln42_85_fu_4972_p3   |    select|   0|  0|  14|           1|          12|
    |select_ln42_86_fu_4984_p3   |    select|   0|  0|  13|           1|          13|
    |select_ln42_87_fu_2728_p3   |    select|   0|  0|   2|           1|           1|
    |select_ln42_88_fu_2756_p3   |    select|   0|  0|   2|           1|           1|
    |select_ln42_89_fu_5011_p3   |    select|   0|  0|  14|           1|          12|
    |select_ln42_90_fu_5023_p3   |    select|   0|  0|  13|           1|          13|
    |select_ln42_91_fu_2931_p3   |    select|   0|  0|   2|           1|           1|
    |select_ln42_92_fu_2959_p3   |    select|   0|  0|   2|           1|           1|
    |select_ln42_93_fu_5050_p3   |    select|   0|  0|  14|           1|          12|
    |select_ln42_94_fu_5062_p3   |    select|   0|  0|  13|           1|          13|
    |select_ln42_95_fu_3202_p3   |    select|   0|  0|   2|           1|           1|
    |select_ln42_96_fu_3230_p3   |    select|   0|  0|   2|           1|           1|
    |select_ln42_97_fu_5089_p3   |    select|   0|  0|  14|           1|          12|
    |select_ln42_98_fu_5101_p3   |    select|   0|  0|  13|           1|          13|
    |select_ln42_99_fu_3405_p3   |    select|   0|  0|   2|           1|           1|
    |select_ln42_fu_1442_p3      |    select|   0|  0|   2|           1|           1|
    |select_ln58_36_fu_5467_p3   |    select|   0|  0|  14|           1|          14|
    |select_ln58_37_fu_5475_p3   |    select|   0|  0|  13|           1|          13|
    |select_ln58_38_fu_5561_p3   |    select|   0|  0|  13|           1|          12|
    |select_ln58_39_fu_5569_p3   |    select|   0|  0|  14|           1|          14|
    |select_ln58_40_fu_5577_p3   |    select|   0|  0|  13|           1|          13|
    |select_ln58_41_fu_5663_p3   |    select|   0|  0|  13|           1|          12|
    |select_ln58_42_fu_5671_p3   |    select|   0|  0|  14|           1|          14|
    |select_ln58_43_fu_5679_p3   |    select|   0|  0|  13|           1|          13|
    |select_ln58_44_fu_5765_p3   |    select|   0|  0|  13|           1|          12|
    |select_ln58_45_fu_5773_p3   |    select|   0|  0|  14|           1|          14|
    |select_ln58_46_fu_5781_p3   |    select|   0|  0|  13|           1|          13|
    |select_ln58_47_fu_5867_p3   |    select|   0|  0|  13|           1|          12|
    |select_ln58_48_fu_5875_p3   |    select|   0|  0|  14|           1|          14|
    |select_ln58_49_fu_5883_p3   |    select|   0|  0|  13|           1|          13|
    |select_ln58_50_fu_5969_p3   |    select|   0|  0|  13|           1|          12|
    |select_ln58_51_fu_5977_p3   |    select|   0|  0|  14|           1|          14|
    |select_ln58_52_fu_5985_p3   |    select|   0|  0|  13|           1|          13|
    |select_ln58_53_fu_6071_p3   |    select|   0|  0|  13|           1|          12|
    |select_ln58_54_fu_6079_p3   |    select|   0|  0|  14|           1|          14|
    |select_ln58_55_fu_6087_p3   |    select|   0|  0|  13|           1|          13|
    |select_ln58_56_fu_6173_p3   |    select|   0|  0|  13|           1|          12|
    |select_ln58_57_fu_6181_p3   |    select|   0|  0|  14|           1|          14|
    |select_ln58_58_fu_6189_p3   |    select|   0|  0|  13|           1|          13|
    |select_ln58_59_fu_6377_p3   |    select|   0|  0|  13|           1|          12|
    |select_ln58_60_fu_6384_p3   |    select|   0|  0|  14|           1|          14|
    |select_ln58_61_fu_6391_p3   |    select|   0|  0|  13|           1|          13|
    |select_ln58_62_fu_6435_p3   |    select|   0|  0|  13|           1|          12|
    |select_ln58_63_fu_6442_p3   |    select|   0|  0|  14|           1|          14|
    |select_ln58_64_fu_6449_p3   |    select|   0|  0|  13|           1|          13|
    |select_ln58_65_fu_6493_p3   |    select|   0|  0|  13|           1|          12|
    |select_ln58_66_fu_6500_p3   |    select|   0|  0|  14|           1|          14|
    |select_ln58_67_fu_6507_p3   |    select|   0|  0|  13|           1|          13|
    |select_ln58_68_fu_6551_p3   |    select|   0|  0|  13|           1|          12|
    |select_ln58_69_fu_6558_p3   |    select|   0|  0|  14|           1|          14|
    |select_ln58_70_fu_6565_p3   |    select|   0|  0|  13|           1|          13|
    |select_ln58_fu_5459_p3      |    select|   0|  0|  13|           1|          12|
    |xor_ln42_100_fu_3441_p2     |       xor|   0|  0|   2|           1|           2|
    |xor_ln42_101_fu_3453_p2     |       xor|   0|  0|   2|           1|           2|
    |xor_ln42_102_fu_5117_p2     |       xor|   0|  0|   2|           1|           2|
    |xor_ln42_103_fu_3558_p2     |       xor|   0|  0|   2|           1|           2|
    |xor_ln42_104_fu_3644_p2     |       xor|   0|  0|   2|           1|           2|
    |xor_ln42_105_fu_3656_p2     |       xor|   0|  0|   2|           1|           2|
    |xor_ln42_106_fu_5156_p2     |       xor|   0|  0|   2|           1|           2|
    |xor_ln42_107_fu_3761_p2     |       xor|   0|  0|   2|           1|           2|
    |xor_ln42_108_fu_3847_p2     |       xor|   0|  0|   2|           1|           2|
    |xor_ln42_109_fu_3859_p2     |       xor|   0|  0|   2|           1|           2|
    |xor_ln42_110_fu_5195_p2     |       xor|   0|  0|   2|           1|           2|
    |xor_ln42_111_fu_4032_p2     |       xor|   0|  0|   2|           1|           2|
    |xor_ln42_112_fu_4118_p2     |       xor|   0|  0|   2|           1|           2|
    |xor_ln42_113_fu_4130_p2     |       xor|   0|  0|   2|           1|           2|
    |xor_ln42_114_fu_5234_p2     |       xor|   0|  0|   2|           1|           2|
    |xor_ln42_115_fu_4235_p2     |       xor|   0|  0|   2|           1|           2|
    |xor_ln42_116_fu_4321_p2     |       xor|   0|  0|   2|           1|           2|
    |xor_ln42_117_fu_4333_p2     |       xor|   0|  0|   2|           1|           2|
    |xor_ln42_118_fu_5273_p2     |       xor|   0|  0|   2|           1|           2|
    |xor_ln42_119_fu_4438_p2     |       xor|   0|  0|   2|           1|           2|
    |xor_ln42_120_fu_4524_p2     |       xor|   0|  0|   2|           1|           2|
    |xor_ln42_121_fu_4536_p2     |       xor|   0|  0|   2|           1|           2|
    |xor_ln42_122_fu_5312_p2     |       xor|   0|  0|   2|           1|           2|
    |xor_ln42_123_fu_4641_p2     |       xor|   0|  0|   2|           1|           2|
    |xor_ln42_124_fu_4727_p2     |       xor|   0|  0|   2|           1|           2|
    |xor_ln42_125_fu_4739_p2     |       xor|   0|  0|   2|           1|           2|
    |xor_ln42_126_fu_5351_p2     |       xor|   0|  0|   2|           1|           2|
    |xor_ln42_127_fu_1458_p2     |       xor|   0|  0|   2|           1|           2|
    |xor_ln42_128_fu_1661_p2     |       xor|   0|  0|   2|           1|           2|
    |xor_ln42_129_fu_1864_p2     |       xor|   0|  0|   2|           1|           2|
    |xor_ln42_130_fu_2067_p2     |       xor|   0|  0|   2|           1|           2|
    |xor_ln42_131_fu_2338_p2     |       xor|   0|  0|   2|           1|           2|
    |xor_ln42_132_fu_2541_p2     |       xor|   0|  0|   2|           1|           2|
    |xor_ln42_133_fu_2744_p2     |       xor|   0|  0|   2|           1|           2|
    |xor_ln42_134_fu_2947_p2     |       xor|   0|  0|   2|           1|           2|
    |xor_ln42_135_fu_3218_p2     |       xor|   0|  0|   2|           1|           2|
    |xor_ln42_136_fu_3421_p2     |       xor|   0|  0|   2|           1|           2|
    |xor_ln42_137_fu_3624_p2     |       xor|   0|  0|   2|           1|           2|
    |xor_ln42_138_fu_3827_p2     |       xor|   0|  0|   2|           1|           2|
    |xor_ln42_139_fu_4098_p2     |       xor|   0|  0|   2|           1|           2|
    |xor_ln42_140_fu_4301_p2     |       xor|   0|  0|   2|           1|           2|
    |xor_ln42_141_fu_4504_p2     |       xor|   0|  0|   2|           1|           2|
    |xor_ln42_142_fu_4707_p2     |       xor|   0|  0|   2|           1|           2|
    |xor_ln42_64_fu_1478_p2      |       xor|   0|  0|   2|           1|           2|
    |xor_ln42_65_fu_1490_p2      |       xor|   0|  0|   2|           1|           2|
    |xor_ln42_66_fu_4766_p2      |       xor|   0|  0|   2|           1|           2|
    |xor_ln42_67_fu_1595_p2      |       xor|   0|  0|   2|           1|           2|
    |xor_ln42_68_fu_1681_p2      |       xor|   0|  0|   2|           1|           2|
    |xor_ln42_69_fu_1693_p2      |       xor|   0|  0|   2|           1|           2|
    |xor_ln42_70_fu_4805_p2      |       xor|   0|  0|   2|           1|           2|
    |xor_ln42_71_fu_1798_p2      |       xor|   0|  0|   2|           1|           2|
    |xor_ln42_72_fu_1884_p2      |       xor|   0|  0|   2|           1|           2|
    |xor_ln42_73_fu_1896_p2      |       xor|   0|  0|   2|           1|           2|
    |xor_ln42_74_fu_4844_p2      |       xor|   0|  0|   2|           1|           2|
    |xor_ln42_75_fu_2001_p2      |       xor|   0|  0|   2|           1|           2|
    |xor_ln42_76_fu_2087_p2      |       xor|   0|  0|   2|           1|           2|
    |xor_ln42_77_fu_2099_p2      |       xor|   0|  0|   2|           1|           2|
    |xor_ln42_78_fu_4883_p2      |       xor|   0|  0|   2|           1|           2|
    |xor_ln42_79_fu_2272_p2      |       xor|   0|  0|   2|           1|           2|
    |xor_ln42_80_fu_2358_p2      |       xor|   0|  0|   2|           1|           2|
    |xor_ln42_81_fu_2370_p2      |       xor|   0|  0|   2|           1|           2|
    |xor_ln42_82_fu_4922_p2      |       xor|   0|  0|   2|           1|           2|
    |xor_ln42_83_fu_2475_p2      |       xor|   0|  0|   2|           1|           2|
    |xor_ln42_84_fu_2561_p2      |       xor|   0|  0|   2|           1|           2|
    |xor_ln42_85_fu_2573_p2      |       xor|   0|  0|   2|           1|           2|
    |xor_ln42_86_fu_4961_p2      |       xor|   0|  0|   2|           1|           2|
    |xor_ln42_87_fu_2678_p2      |       xor|   0|  0|   2|           1|           2|
    |xor_ln42_88_fu_2764_p2      |       xor|   0|  0|   2|           1|           2|
    |xor_ln42_89_fu_2776_p2      |       xor|   0|  0|   2|           1|           2|
    |xor_ln42_90_fu_5000_p2      |       xor|   0|  0|   2|           1|           2|
    |xor_ln42_91_fu_2881_p2      |       xor|   0|  0|   2|           1|           2|
    |xor_ln42_92_fu_2967_p2      |       xor|   0|  0|   2|           1|           2|
    |xor_ln42_93_fu_2979_p2      |       xor|   0|  0|   2|           1|           2|
    |xor_ln42_94_fu_5039_p2      |       xor|   0|  0|   2|           1|           2|
    |xor_ln42_95_fu_3152_p2      |       xor|   0|  0|   2|           1|           2|
    |xor_ln42_96_fu_3238_p2      |       xor|   0|  0|   2|           1|           2|
    |xor_ln42_97_fu_3250_p2      |       xor|   0|  0|   2|           1|           2|
    |xor_ln42_98_fu_5078_p2      |       xor|   0|  0|   2|           1|           2|
    |xor_ln42_99_fu_3355_p2      |       xor|   0|  0|   2|           1|           2|
    |xor_ln42_fu_1392_p2         |       xor|   0|  0|   2|           1|           2|
    |xor_ln58_48_fu_5429_p2      |       xor|   0|  0|   2|           1|           2|
    |xor_ln58_49_fu_5441_p2      |       xor|   0|  0|   2|           1|           1|
    |xor_ln58_50_fu_5447_p2      |       xor|   0|  0|   2|           1|           2|
    |xor_ln58_51_fu_5519_p2      |       xor|   0|  0|   2|           1|           2|
    |xor_ln58_52_fu_5531_p2      |       xor|   0|  0|   2|           1|           2|
    |xor_ln58_53_fu_5543_p2      |       xor|   0|  0|   2|           1|           1|
    |xor_ln58_54_fu_5549_p2      |       xor|   0|  0|   2|           1|           2|
    |xor_ln58_55_fu_5621_p2      |       xor|   0|  0|   2|           1|           2|
    |xor_ln58_56_fu_5633_p2      |       xor|   0|  0|   2|           1|           2|
    |xor_ln58_57_fu_5645_p2      |       xor|   0|  0|   2|           1|           1|
    |xor_ln58_58_fu_5651_p2      |       xor|   0|  0|   2|           1|           2|
    |xor_ln58_59_fu_5723_p2      |       xor|   0|  0|   2|           1|           2|
    |xor_ln58_60_fu_5735_p2      |       xor|   0|  0|   2|           1|           2|
    |xor_ln58_61_fu_5747_p2      |       xor|   0|  0|   2|           1|           1|
    |xor_ln58_62_fu_5753_p2      |       xor|   0|  0|   2|           1|           2|
    |xor_ln58_63_fu_5825_p2      |       xor|   0|  0|   2|           1|           2|
    |xor_ln58_64_fu_5837_p2      |       xor|   0|  0|   2|           1|           2|
    |xor_ln58_65_fu_5849_p2      |       xor|   0|  0|   2|           1|           1|
    |xor_ln58_66_fu_5855_p2      |       xor|   0|  0|   2|           1|           2|
    |xor_ln58_67_fu_5927_p2      |       xor|   0|  0|   2|           1|           2|
    |xor_ln58_68_fu_5939_p2      |       xor|   0|  0|   2|           1|           2|
    |xor_ln58_69_fu_5951_p2      |       xor|   0|  0|   2|           1|           1|
    |xor_ln58_70_fu_5957_p2      |       xor|   0|  0|   2|           1|           2|
    |xor_ln58_71_fu_6029_p2      |       xor|   0|  0|   2|           1|           2|
    |xor_ln58_72_fu_6041_p2      |       xor|   0|  0|   2|           1|           2|
    |xor_ln58_73_fu_6053_p2      |       xor|   0|  0|   2|           1|           1|
    |xor_ln58_74_fu_6059_p2      |       xor|   0|  0|   2|           1|           2|
    |xor_ln58_75_fu_6131_p2      |       xor|   0|  0|   2|           1|           2|
    |xor_ln58_76_fu_6143_p2      |       xor|   0|  0|   2|           1|           2|
    |xor_ln58_77_fu_6155_p2      |       xor|   0|  0|   2|           1|           1|
    |xor_ln58_78_fu_6161_p2      |       xor|   0|  0|   2|           1|           2|
    |xor_ln58_79_fu_6341_p2      |       xor|   0|  0|   2|           1|           2|
    |xor_ln58_80_fu_6351_p2      |       xor|   0|  0|   2|           1|           2|
    |xor_ln58_81_fu_6361_p2      |       xor|   0|  0|   2|           1|           1|
    |xor_ln58_82_fu_6365_p2      |       xor|   0|  0|   2|           1|           2|
    |xor_ln58_83_fu_6399_p2      |       xor|   0|  0|   2|           1|           2|
    |xor_ln58_84_fu_6409_p2      |       xor|   0|  0|   2|           1|           2|
    |xor_ln58_85_fu_6419_p2      |       xor|   0|  0|   2|           1|           1|
    |xor_ln58_86_fu_6423_p2      |       xor|   0|  0|   2|           1|           2|
    |xor_ln58_87_fu_6457_p2      |       xor|   0|  0|   2|           1|           2|
    |xor_ln58_88_fu_6467_p2      |       xor|   0|  0|   2|           1|           2|
    |xor_ln58_89_fu_6477_p2      |       xor|   0|  0|   2|           1|           1|
    |xor_ln58_90_fu_6481_p2      |       xor|   0|  0|   2|           1|           2|
    |xor_ln58_91_fu_6515_p2      |       xor|   0|  0|   2|           1|           2|
    |xor_ln58_92_fu_6525_p2      |       xor|   0|  0|   2|           1|           2|
    |xor_ln58_93_fu_6535_p2      |       xor|   0|  0|   2|           1|           1|
    |xor_ln58_94_fu_6539_p2      |       xor|   0|  0|   2|           1|           2|
    |xor_ln58_fu_5417_p2         |       xor|   0|  0|   2|           1|           2|
    +----------------------------+----------+----+---+----+------------+------------+
    |Total                       |          |   0|  0|3252|        1276|        1984|
    +----------------------------+----------+----+---+----+------------+------------+

    * Multiplexer: 
    N/A

    * Register: 
    +-------------------------+----+----+-----+-----------+
    |           Name          | FF | LUT| Bits| Const Bits|
    +-------------------------+----+----+-----+-----------+
    |add_ln42_16_reg_6633     |  13|   0|   13|          0|
    |add_ln42_17_reg_6664     |  13|   0|   13|          0|
    |add_ln42_18_reg_6695     |  13|   0|   13|          0|
    |add_ln42_19_reg_6726     |  13|   0|   13|          0|
    |add_ln42_20_reg_6757     |  13|   0|   13|          0|
    |add_ln42_21_reg_6788     |  13|   0|   13|          0|
    |add_ln42_22_reg_6819     |  13|   0|   13|          0|
    |add_ln42_23_reg_6850     |  13|   0|   13|          0|
    |add_ln42_24_reg_6881     |  13|   0|   13|          0|
    |add_ln42_25_reg_6912     |  13|   0|   13|          0|
    |add_ln42_26_reg_6943     |  13|   0|   13|          0|
    |add_ln42_27_reg_6974     |  13|   0|   13|          0|
    |add_ln42_28_reg_7005     |  13|   0|   13|          0|
    |add_ln42_29_reg_7036     |  13|   0|   13|          0|
    |add_ln42_30_reg_7067     |  13|   0|   13|          0|
    |add_ln42_reg_6602        |  13|   0|   13|          0|
    |add_ln58_32_reg_7093     |  13|   0|   13|          0|
    |add_ln58_33_reg_7113     |  13|   0|   13|          0|
    |add_ln58_34_reg_7133     |  13|   0|   13|          0|
    |add_ln58_35_reg_7153     |  13|   0|   13|          0|
    |and_ln42_112_reg_6607    |   1|   0|    1|          0|
    |and_ln42_115_reg_6617    |   1|   0|    1|          0|
    |and_ln42_116_reg_6623    |   1|   0|    1|          0|
    |and_ln42_119_reg_6638    |   1|   0|    1|          0|
    |and_ln42_122_reg_6648    |   1|   0|    1|          0|
    |and_ln42_123_reg_6654    |   1|   0|    1|          0|
    |and_ln42_126_reg_6669    |   1|   0|    1|          0|
    |and_ln42_129_reg_6679    |   1|   0|    1|          0|
    |and_ln42_130_reg_6685    |   1|   0|    1|          0|
    |and_ln42_133_reg_6700    |   1|   0|    1|          0|
    |and_ln42_136_reg_6710    |   1|   0|    1|          0|
    |and_ln42_137_reg_6716    |   1|   0|    1|          0|
    |and_ln42_140_reg_6731    |   1|   0|    1|          0|
    |and_ln42_143_reg_6741    |   1|   0|    1|          0|
    |and_ln42_144_reg_6747    |   1|   0|    1|          0|
    |and_ln42_147_reg_6762    |   1|   0|    1|          0|
    |and_ln42_150_reg_6772    |   1|   0|    1|          0|
    |and_ln42_151_reg_6778    |   1|   0|    1|          0|
    |and_ln42_154_reg_6793    |   1|   0|    1|          0|
    |and_ln42_157_reg_6803    |   1|   0|    1|          0|
    |and_ln42_158_reg_6809    |   1|   0|    1|          0|
    |and_ln42_161_reg_6824    |   1|   0|    1|          0|
    |and_ln42_164_reg_6834    |   1|   0|    1|          0|
    |and_ln42_165_reg_6840    |   1|   0|    1|          0|
    |and_ln42_168_reg_6855    |   1|   0|    1|          0|
    |and_ln42_171_reg_6865    |   1|   0|    1|          0|
    |and_ln42_172_reg_6871    |   1|   0|    1|          0|
    |and_ln42_175_reg_6886    |   1|   0|    1|          0|
    |and_ln42_178_reg_6896    |   1|   0|    1|          0|
    |and_ln42_179_reg_6902    |   1|   0|    1|          0|
    |and_ln42_182_reg_6917    |   1|   0|    1|          0|
    |and_ln42_185_reg_6927    |   1|   0|    1|          0|
    |and_ln42_186_reg_6933    |   1|   0|    1|          0|
    |and_ln42_189_reg_6948    |   1|   0|    1|          0|
    |and_ln42_192_reg_6958    |   1|   0|    1|          0|
    |and_ln42_193_reg_6964    |   1|   0|    1|          0|
    |and_ln42_196_reg_6979    |   1|   0|    1|          0|
    |and_ln42_199_reg_6989    |   1|   0|    1|          0|
    |and_ln42_200_reg_6995    |   1|   0|    1|          0|
    |and_ln42_203_reg_7010    |   1|   0|    1|          0|
    |and_ln42_206_reg_7020    |   1|   0|    1|          0|
    |and_ln42_207_reg_7026    |   1|   0|    1|          0|
    |and_ln42_210_reg_7041    |   1|   0|    1|          0|
    |and_ln42_213_reg_7051    |   1|   0|    1|          0|
    |and_ln42_214_reg_7057    |   1|   0|    1|          0|
    |and_ln42_217_reg_7072    |   1|   0|    1|          0|
    |and_ln42_220_reg_7082    |   1|   0|    1|          0|
    |and_ln42_221_reg_7088    |   1|   0|    1|          0|
    |data_128_val_int_reg     |  13|   0|   13|          0|
    |data_129_val_int_reg     |  13|   0|   13|          0|
    |data_130_val_int_reg     |  13|   0|   13|          0|
    |data_131_val_int_reg     |  13|   0|   13|          0|
    |data_132_val_int_reg     |  13|   0|   13|          0|
    |data_133_val_int_reg     |  13|   0|   13|          0|
    |data_134_val_int_reg     |  13|   0|   13|          0|
    |data_135_val_int_reg     |  13|   0|   13|          0|
    |data_136_val_int_reg     |  13|   0|   13|          0|
    |data_137_val_int_reg     |  13|   0|   13|          0|
    |data_138_val_int_reg     |  13|   0|   13|          0|
    |data_139_val_int_reg     |  13|   0|   13|          0|
    |data_140_val_int_reg     |  13|   0|   13|          0|
    |data_141_val_int_reg     |  13|   0|   13|          0|
    |data_142_val_int_reg     |  13|   0|   13|          0|
    |data_143_val_int_reg     |  13|   0|   13|          0|
    |icmp_ln42_101_reg_6891   |   1|   0|    1|          0|
    |icmp_ln42_105_reg_6922   |   1|   0|    1|          0|
    |icmp_ln42_109_reg_6953   |   1|   0|    1|          0|
    |icmp_ln42_113_reg_6984   |   1|   0|    1|          0|
    |icmp_ln42_117_reg_7015   |   1|   0|    1|          0|
    |icmp_ln42_121_reg_7046   |   1|   0|    1|          0|
    |icmp_ln42_125_reg_7077   |   1|   0|    1|          0|
    |icmp_ln42_65_reg_6612    |   1|   0|    1|          0|
    |icmp_ln42_69_reg_6643    |   1|   0|    1|          0|
    |icmp_ln42_73_reg_6674    |   1|   0|    1|          0|
    |icmp_ln42_77_reg_6705    |   1|   0|    1|          0|
    |icmp_ln42_81_reg_6736    |   1|   0|    1|          0|
    |icmp_ln42_85_reg_6767    |   1|   0|    1|          0|
    |icmp_ln42_89_reg_6798    |   1|   0|    1|          0|
    |icmp_ln42_93_reg_6829    |   1|   0|    1|          0|
    |icmp_ln42_97_reg_6860    |   1|   0|    1|          0|
    |idx_int_reg              |   8|   0|    8|          0|
    |tmp_13419_reg_6628       |   1|   0|    1|          0|
    |tmp_13425_reg_6659       |   1|   0|    1|          0|
    |tmp_13431_reg_6690       |   1|   0|    1|          0|
    |tmp_13437_reg_6721       |   1|   0|    1|          0|
    |tmp_13443_reg_6752       |   1|   0|    1|          0|
    |tmp_13449_reg_6783       |   1|   0|    1|          0|
    |tmp_13455_reg_6814       |   1|   0|    1|          0|
    |tmp_13461_reg_6845       |   1|   0|    1|          0|
    |tmp_13467_reg_6876       |   1|   0|    1|          0|
    |tmp_13473_reg_6907       |   1|   0|    1|          0|
    |tmp_13479_reg_6938       |   1|   0|    1|          0|
    |tmp_13485_reg_6969       |   1|   0|    1|          0|
    |tmp_13491_reg_7000       |   1|   0|    1|          0|
    |tmp_13497_reg_7031       |   1|   0|    1|          0|
    |tmp_13503_reg_7062       |   1|   0|    1|          0|
    |tmp_13525_reg_7099       |   1|   0|    1|          0|
    |tmp_13526_reg_7106       |   1|   0|    1|          0|
    |tmp_13527_reg_7119       |   1|   0|    1|          0|
    |tmp_13528_reg_7126       |   1|   0|    1|          0|
    |tmp_13529_reg_7139       |   1|   0|    1|          0|
    |tmp_13530_reg_7146       |   1|   0|    1|          0|
    |tmp_13531_reg_7159       |   1|   0|    1|          0|
    |tmp_13532_reg_7166       |   1|   0|    1|          0|
    |tmp_reg_6597             |   1|   0|    1|          0|
    |weights_128_val_int_reg  |  13|   0|   13|          0|
    |weights_129_val_int_reg  |  13|   0|   13|          0|
    |weights_130_val_int_reg  |  13|   0|   13|          0|
    |weights_131_val_int_reg  |  13|   0|   13|          0|
    |weights_132_val_int_reg  |  13|   0|   13|          0|
    |weights_133_val_int_reg  |  13|   0|   13|          0|
    |weights_134_val_int_reg  |  13|   0|   13|          0|
    |weights_135_val_int_reg  |  13|   0|   13|          0|
    |weights_136_val_int_reg  |  13|   0|   13|          0|
    |weights_137_val_int_reg  |  13|   0|   13|          0|
    |weights_138_val_int_reg  |  13|   0|   13|          0|
    |weights_139_val_int_reg  |  13|   0|   13|          0|
    |weights_140_val_int_reg  |  13|   0|   13|          0|
    |weights_141_val_int_reg  |  13|   0|   13|          0|
    |weights_142_val_int_reg  |  13|   0|   13|          0|
    |weights_143_val_int_reg  |  13|   0|   13|          0|
    +-------------------------+----+----+-----+-----------+
    |Total                    | 772|   0|  772|          0|
    +-------------------------+----+----+-----+-----------+



================================================================
== Interface
================================================================
* Summary: 
+-----------------+-----+-----+------------+------------------------------------------------------------------------------------+--------------+
|    RTL Ports    | Dir | Bits|  Protocol  |                                    Source Object                                   |    C Type    |
+-----------------+-----+-----+------------+------------------------------------------------------------------------------------+--------------+
|ap_clk           |   in|    1|  ap_ctrl_hs|  dense_latency<ap_fixed<13, 4, 4, 0, 0>, ap_fixed<13, 4, 4, 0, 0>, config5_dense>.8|  return value|
|ap_rst           |   in|    1|  ap_ctrl_hs|  dense_latency<ap_fixed<13, 4, 4, 0, 0>, ap_fixed<13, 4, 4, 0, 0>, config5_dense>.8|  return value|
|ap_return_0      |  out|   13|  ap_ctrl_hs|  dense_latency<ap_fixed<13, 4, 4, 0, 0>, ap_fixed<13, 4, 4, 0, 0>, config5_dense>.8|  return value|
|ap_return_1      |  out|   13|  ap_ctrl_hs|  dense_latency<ap_fixed<13, 4, 4, 0, 0>, ap_fixed<13, 4, 4, 0, 0>, config5_dense>.8|  return value|
|ap_return_2      |  out|   13|  ap_ctrl_hs|  dense_latency<ap_fixed<13, 4, 4, 0, 0>, ap_fixed<13, 4, 4, 0, 0>, config5_dense>.8|  return value|
|ap_return_3      |  out|   13|  ap_ctrl_hs|  dense_latency<ap_fixed<13, 4, 4, 0, 0>, ap_fixed<13, 4, 4, 0, 0>, config5_dense>.8|  return value|
|ap_ce            |   in|    1|  ap_ctrl_hs|  dense_latency<ap_fixed<13, 4, 4, 0, 0>, ap_fixed<13, 4, 4, 0, 0>, config5_dense>.8|  return value|
|data_128_val     |   in|   13|     ap_none|                                                                        data_128_val|        scalar|
|data_129_val     |   in|   13|     ap_none|                                                                        data_129_val|        scalar|
|data_130_val     |   in|   13|     ap_none|                                                                        data_130_val|        scalar|
|data_131_val     |   in|   13|     ap_none|                                                                        data_131_val|        scalar|
|data_132_val     |   in|   13|     ap_none|                                                                        data_132_val|        scalar|
|data_133_val     |   in|   13|     ap_none|                                                                        data_133_val|        scalar|
|data_134_val     |   in|   13|     ap_none|                                                                        data_134_val|        scalar|
|data_135_val     |   in|   13|     ap_none|                                                                        data_135_val|        scalar|
|data_136_val     |   in|   13|     ap_none|                                                                        data_136_val|        scalar|
|data_137_val     |   in|   13|     ap_none|                                                                        data_137_val|        scalar|
|data_138_val     |   in|   13|     ap_none|                                                                        data_138_val|        scalar|
|data_139_val     |   in|   13|     ap_none|                                                                        data_139_val|        scalar|
|data_140_val     |   in|   13|     ap_none|                                                                        data_140_val|        scalar|
|data_141_val     |   in|   13|     ap_none|                                                                        data_141_val|        scalar|
|data_142_val     |   in|   13|     ap_none|                                                                        data_142_val|        scalar|
|data_143_val     |   in|   13|     ap_none|                                                                        data_143_val|        scalar|
|weights_128_val  |   in|   13|     ap_none|                                                                     weights_128_val|        scalar|
|weights_129_val  |   in|   13|     ap_none|                                                                     weights_129_val|        scalar|
|weights_130_val  |   in|   13|     ap_none|                                                                     weights_130_val|        scalar|
|weights_131_val  |   in|   13|     ap_none|                                                                     weights_131_val|        scalar|
|weights_132_val  |   in|   13|     ap_none|                                                                     weights_132_val|        scalar|
|weights_133_val  |   in|   13|     ap_none|                                                                     weights_133_val|        scalar|
|weights_134_val  |   in|   13|     ap_none|                                                                     weights_134_val|        scalar|
|weights_135_val  |   in|   13|     ap_none|                                                                     weights_135_val|        scalar|
|weights_136_val  |   in|   13|     ap_none|                                                                     weights_136_val|        scalar|
|weights_137_val  |   in|   13|     ap_none|                                                                     weights_137_val|        scalar|
|weights_138_val  |   in|   13|     ap_none|                                                                     weights_138_val|        scalar|
|weights_139_val  |   in|   13|     ap_none|                                                                     weights_139_val|        scalar|
|weights_140_val  |   in|   13|     ap_none|                                                                     weights_140_val|        scalar|
|weights_141_val  |   in|   13|     ap_none|                                                                     weights_141_val|        scalar|
|weights_142_val  |   in|   13|     ap_none|                                                                     weights_142_val|        scalar|
|weights_143_val  |   in|   13|     ap_none|                                                                     weights_143_val|        scalar|
|idx              |   in|    8|     ap_none|                                                                                 idx|        scalar|
+-----------------+-----+-----+------------+------------------------------------------------------------------------------------+--------------+

