

================================================================
== Vitis HLS Report for 'dense_latency_ap_fixed_13_4_4_0_0_ap_fixed_13_4_4_0_0_config5_dense_3'
================================================================
* Date:           Mon Feb 10 03:33:25 2025

* Version:        2023.2 (Build 4023990 on Oct 11 2023)
* Project:        myproject_prj
* Solution:       solution1 (Vivado IP Flow Target)
* Product family: virtexuplus
* Target device:  xcvu13p-flga2577-2-e


================================================================
== Performance Estimates
================================================================
+ Timing: 
    * Summary: 
    +--------+---------+----------+------------+
    |  Clock |  Target | Estimated| Uncertainty|
    +--------+---------+----------+------------+
    |ap_clk  |  5.00 ns|  4.339 ns|     0.62 ns|
    +--------+---------+----------+------------+

+ Latency: 
    * Summary: 
    +---------+---------+-----------+-----------+-----+-----+---------+
    |  Latency (cycles) |   Latency (absolute)  |  Interval | Pipeline|
    |   min   |   max   |    min    |    max    | min | max |   Type  |
    +---------+---------+-----------+-----------+-----+-----+---------+
    |        2|        2|  10.000 ns|  10.000 ns|    1|    1|      yes|
    +---------+---------+-----------+-----------+-----+-----+---------+

    + Detail: 
        * Instance: 
        N/A

        * Loop: 
        N/A



================================================================
== Utilization Estimates
================================================================
* Summary: 
+---------------------+---------+-------+---------+---------+------+
|         Name        | BRAM_18K|  DSP  |    FF   |   LUT   | URAM |
+---------------------+---------+-------+---------+---------+------+
|DSP                  |        -|      -|        -|        -|     -|
|Expression           |        -|      -|        0|     3252|     -|
|FIFO                 |        -|      -|        -|        -|     -|
|Instance             |        -|     16|        0|      324|     -|
|Memory               |        -|      -|        -|        -|     -|
|Multiplexer          |        -|      -|        -|        -|     -|
|Register             |        -|      -|      769|        -|     -|
+---------------------+---------+-------+---------+---------+------+
|Total                |        0|     16|      769|     3576|     0|
+---------------------+---------+-------+---------+---------+------+
|Available SLR        |     1344|   3072|   864000|   432000|   320|
+---------------------+---------+-------+---------+---------+------+
|Utilization SLR (%)  |        0|     ~0|       ~0|       ~0|     0|
+---------------------+---------+-------+---------+---------+------+
|Available            |     5376|  12288|  3456000|  1728000|  1280|
+---------------------+---------+-------+---------+---------+------+
|Utilization (%)      |        0|     ~0|       ~0|       ~0|     0|
+---------------------+---------+-------+---------+---------+------+

+ Detail: 
    * Instance: 
    +-----------------------------+-----------------------+---------+----+---+----+-----+
    |           Instance          |         Module        | BRAM_18K| DSP| FF| LUT| URAM|
    +-----------------------------+-----------------------+---------+----+---+----+-----+
    |mul_13s_13s_26_1_1_U3169     |mul_13s_13s_26_1_1     |        0|   1|  0|   4|    0|
    |mul_13s_13s_26_1_1_U3170     |mul_13s_13s_26_1_1     |        0|   1|  0|   4|    0|
    |mul_13s_13s_26_1_1_U3171     |mul_13s_13s_26_1_1     |        0|   1|  0|   4|    0|
    |mul_13s_13s_26_1_1_U3172     |mul_13s_13s_26_1_1     |        0|   1|  0|   4|    0|
    |mul_13s_13s_26_1_1_U3173     |mul_13s_13s_26_1_1     |        0|   1|  0|   4|    0|
    |mul_13s_13s_26_1_1_U3174     |mul_13s_13s_26_1_1     |        0|   1|  0|   4|    0|
    |mul_13s_13s_26_1_1_U3175     |mul_13s_13s_26_1_1     |        0|   1|  0|   4|    0|
    |mul_13s_13s_26_1_1_U3176     |mul_13s_13s_26_1_1     |        0|   1|  0|   4|    0|
    |mul_13s_13s_26_1_1_U3177     |mul_13s_13s_26_1_1     |        0|   1|  0|   4|    0|
    |mul_13s_13s_26_1_1_U3178     |mul_13s_13s_26_1_1     |        0|   1|  0|   4|    0|
    |mul_13s_13s_26_1_1_U3179     |mul_13s_13s_26_1_1     |        0|   1|  0|   4|    0|
    |mul_13s_13s_26_1_1_U3180     |mul_13s_13s_26_1_1     |        0|   1|  0|   4|    0|
    |mul_13s_13s_26_1_1_U3181     |mul_13s_13s_26_1_1     |        0|   1|  0|   4|    0|
    |mul_13s_13s_26_1_1_U3182     |mul_13s_13s_26_1_1     |        0|   1|  0|   4|    0|
    |mul_13s_13s_26_1_1_U3183     |mul_13s_13s_26_1_1     |        0|   1|  0|   4|    0|
    |mul_13s_13s_26_1_1_U3184     |mul_13s_13s_26_1_1     |        0|   1|  0|   4|    0|
    |sparsemux_27_5_13_1_1_U3185  |sparsemux_27_5_13_1_1  |        0|   0|  0|  65|    0|
    |sparsemux_27_5_13_1_1_U3186  |sparsemux_27_5_13_1_1  |        0|   0|  0|  65|    0|
    |sparsemux_27_5_13_1_1_U3187  |sparsemux_27_5_13_1_1  |        0|   0|  0|  65|    0|
    |sparsemux_27_5_13_1_1_U3188  |sparsemux_27_5_13_1_1  |        0|   0|  0|  65|    0|
    +-----------------------------+-----------------------+---------+----+---+----+-----+
    |Total                        |                       |        0|  16|  0| 324|    0|
    +-----------------------------+-----------------------+---------+----+---+----+-----+

    * DSP: 
    N/A

    * Memory: 
    N/A

    * FIFO: 
    N/A

    * Expression: 
    +----------------------------+----------+----+---+----+------------+------------+
    |        Variable Name       | Operation| DSP| FF| LUT| Bitwidth P0| Bitwidth P1|
    +----------------------------+----------+----+---+----+------------+------------+
    |add_ln42_100_fu_3544_p2     |         +|   0|  0|  20|          13|          13|
    |add_ln42_101_fu_3747_p2     |         +|   0|  0|  20|          13|          13|
    |add_ln42_102_fu_4018_p2     |         +|   0|  0|  20|          13|          13|
    |add_ln42_103_fu_4221_p2     |         +|   0|  0|  20|          13|          13|
    |add_ln42_104_fu_4424_p2     |         +|   0|  0|  20|          13|          13|
    |add_ln42_105_fu_4627_p2     |         +|   0|  0|  20|          13|          13|
    |add_ln42_91_fu_1581_p2      |         +|   0|  0|  20|          13|          13|
    |add_ln42_92_fu_1784_p2      |         +|   0|  0|  20|          13|          13|
    |add_ln42_93_fu_1987_p2      |         +|   0|  0|  20|          13|          13|
    |add_ln42_94_fu_2258_p2      |         +|   0|  0|  20|          13|          13|
    |add_ln42_95_fu_2461_p2      |         +|   0|  0|  20|          13|          13|
    |add_ln42_96_fu_2664_p2      |         +|   0|  0|  20|          13|          13|
    |add_ln42_97_fu_2867_p2      |         +|   0|  0|  20|          13|          13|
    |add_ln42_98_fu_3138_p2      |         +|   0|  0|  20|          13|          13|
    |add_ln42_99_fu_3341_p2      |         +|   0|  0|  20|          13|          13|
    |add_ln42_fu_1378_p2         |         +|   0|  0|  20|          13|          13|
    |add_ln58_67_fu_5497_p2      |         +|   0|  0|  21|          14|          14|
    |add_ln58_68_fu_5599_p2      |         +|   0|  0|  21|          14|          14|
    |add_ln58_69_fu_5701_p2      |         +|   0|  0|  21|          14|          14|
    |add_ln58_70_fu_5803_p2      |         +|   0|  0|  21|          14|          14|
    |add_ln58_71_fu_5905_p2      |         +|   0|  0|  21|          14|          14|
    |add_ln58_72_fu_6007_p2      |         +|   0|  0|  21|          14|          14|
    |add_ln58_73_fu_6109_p2      |         +|   0|  0|  21|          14|          14|
    |add_ln58_74_fu_6211_p2      |         +|   0|  0|  21|          14|          14|
    |add_ln58_75_fu_6247_p2      |         +|   0|  0|  21|          14|          14|
    |add_ln58_76_fu_6283_p2      |         +|   0|  0|  21|          14|          14|
    |add_ln58_77_fu_6319_p2      |         +|   0|  0|  21|          14|          14|
    |add_ln58_84_fu_5389_p2      |         +|   0|  0|  20|          13|          13|
    |add_ln58_85_fu_5491_p2      |         +|   0|  0|  20|          13|          13|
    |add_ln58_86_fu_5593_p2      |         +|   0|  0|  20|          13|          13|
    |add_ln58_87_fu_5695_p2      |         +|   0|  0|  20|          13|          13|
    |add_ln58_88_fu_5797_p2      |         +|   0|  0|  20|          13|          13|
    |add_ln58_89_fu_5899_p2      |         +|   0|  0|  20|          13|          13|
    |add_ln58_90_fu_6001_p2      |         +|   0|  0|  20|          13|          13|
    |add_ln58_91_fu_6103_p2      |         +|   0|  0|  20|          13|          13|
    |add_ln58_92_fu_6205_p2      |         +|   0|  0|  20|          13|          13|
    |add_ln58_93_fu_6241_p2      |         +|   0|  0|  20|          13|          13|
    |add_ln58_94_fu_6277_p2      |         +|   0|  0|  20|          13|          13|
    |add_ln58_95_fu_6313_p2      |         +|   0|  0|  20|          13|          13|
    |add_ln58_fu_5395_p2         |         +|   0|  0|  21|          14|          14|
    |and_ln42_667_fu_1398_p2     |       and|   0|  0|   2|           1|           1|
    |and_ln42_668_fu_1464_p2     |       and|   0|  0|   2|           1|           1|
    |and_ln42_669_fu_4757_p2     |       and|   0|  0|   2|           1|           1|
    |and_ln42_670_fu_1496_p2     |       and|   0|  0|   2|           1|           1|
    |and_ln42_671_fu_1502_p2     |       and|   0|  0|   2|           1|           1|
    |and_ln42_672_fu_4772_p2     |       and|   0|  0|   2|           1|           1|
    |and_ln42_673_fu_1571_p2     |       and|   0|  0|   2|           1|           1|
    |and_ln42_674_fu_1601_p2     |       and|   0|  0|   2|           1|           1|
    |and_ln42_675_fu_1667_p2     |       and|   0|  0|   2|           1|           1|
    |and_ln42_676_fu_4796_p2     |       and|   0|  0|   2|           1|           1|
    |and_ln42_677_fu_1699_p2     |       and|   0|  0|   2|           1|           1|
    |and_ln42_678_fu_1705_p2     |       and|   0|  0|   2|           1|           1|
    |and_ln42_679_fu_4811_p2     |       and|   0|  0|   2|           1|           1|
    |and_ln42_680_fu_1774_p2     |       and|   0|  0|   2|           1|           1|
    |and_ln42_681_fu_1804_p2     |       and|   0|  0|   2|           1|           1|
    |and_ln42_682_fu_1870_p2     |       and|   0|  0|   2|           1|           1|
    |and_ln42_683_fu_4835_p2     |       and|   0|  0|   2|           1|           1|
    |and_ln42_684_fu_1902_p2     |       and|   0|  0|   2|           1|           1|
    |and_ln42_685_fu_1908_p2     |       and|   0|  0|   2|           1|           1|
    |and_ln42_686_fu_4850_p2     |       and|   0|  0|   2|           1|           1|
    |and_ln42_687_fu_1977_p2     |       and|   0|  0|   2|           1|           1|
    |and_ln42_688_fu_2007_p2     |       and|   0|  0|   2|           1|           1|
    |and_ln42_689_fu_2073_p2     |       and|   0|  0|   2|           1|           1|
    |and_ln42_690_fu_4874_p2     |       and|   0|  0|   2|           1|           1|
    |and_ln42_691_fu_2105_p2     |       and|   0|  0|   2|           1|           1|
    |and_ln42_692_fu_2111_p2     |       and|   0|  0|   2|           1|           1|
    |and_ln42_693_fu_4889_p2     |       and|   0|  0|   2|           1|           1|
    |and_ln42_694_fu_2248_p2     |       and|   0|  0|   2|           1|           1|
    |and_ln42_695_fu_2278_p2     |       and|   0|  0|   2|           1|           1|
    |and_ln42_696_fu_2344_p2     |       and|   0|  0|   2|           1|           1|
    |and_ln42_697_fu_4913_p2     |       and|   0|  0|   2|           1|           1|
    |and_ln42_698_fu_2376_p2     |       and|   0|  0|   2|           1|           1|
    |and_ln42_699_fu_2382_p2     |       and|   0|  0|   2|           1|           1|
    |and_ln42_700_fu_4928_p2     |       and|   0|  0|   2|           1|           1|
    |and_ln42_701_fu_2451_p2     |       and|   0|  0|   2|           1|           1|
    |and_ln42_702_fu_2481_p2     |       and|   0|  0|   2|           1|           1|
    |and_ln42_703_fu_2547_p2     |       and|   0|  0|   2|           1|           1|
    |and_ln42_704_fu_4952_p2     |       and|   0|  0|   2|           1|           1|
    |and_ln42_705_fu_2579_p2     |       and|   0|  0|   2|           1|           1|
    |and_ln42_706_fu_2585_p2     |       and|   0|  0|   2|           1|           1|
    |and_ln42_707_fu_4967_p2     |       and|   0|  0|   2|           1|           1|
    |and_ln42_708_fu_2654_p2     |       and|   0|  0|   2|           1|           1|
    |and_ln42_709_fu_2684_p2     |       and|   0|  0|   2|           1|           1|
    |and_ln42_710_fu_2750_p2     |       and|   0|  0|   2|           1|           1|
    |and_ln42_711_fu_4991_p2     |       and|   0|  0|   2|           1|           1|
    |and_ln42_712_fu_2782_p2     |       and|   0|  0|   2|           1|           1|
    |and_ln42_713_fu_2788_p2     |       and|   0|  0|   2|           1|           1|
    |and_ln42_714_fu_5006_p2     |       and|   0|  0|   2|           1|           1|
    |and_ln42_715_fu_2857_p2     |       and|   0|  0|   2|           1|           1|
    |and_ln42_716_fu_2887_p2     |       and|   0|  0|   2|           1|           1|
    |and_ln42_717_fu_2953_p2     |       and|   0|  0|   2|           1|           1|
    |and_ln42_718_fu_5030_p2     |       and|   0|  0|   2|           1|           1|
    |and_ln42_719_fu_2985_p2     |       and|   0|  0|   2|           1|           1|
    |and_ln42_720_fu_2991_p2     |       and|   0|  0|   2|           1|           1|
    |and_ln42_721_fu_5045_p2     |       and|   0|  0|   2|           1|           1|
    |and_ln42_722_fu_3128_p2     |       and|   0|  0|   2|           1|           1|
    |and_ln42_723_fu_3158_p2     |       and|   0|  0|   2|           1|           1|
    |and_ln42_724_fu_3224_p2     |       and|   0|  0|   2|           1|           1|
    |and_ln42_725_fu_5069_p2     |       and|   0|  0|   2|           1|           1|
    |and_ln42_726_fu_3256_p2     |       and|   0|  0|   2|           1|           1|
    |and_ln42_727_fu_3262_p2     |       and|   0|  0|   2|           1|           1|
    |and_ln42_728_fu_5084_p2     |       and|   0|  0|   2|           1|           1|
    |and_ln42_729_fu_3331_p2     |       and|   0|  0|   2|           1|           1|
    |and_ln42_730_fu_3361_p2     |       and|   0|  0|   2|           1|           1|
    |and_ln42_731_fu_3427_p2     |       and|   0|  0|   2|           1|           1|
    |and_ln42_732_fu_5108_p2     |       and|   0|  0|   2|           1|           1|
    |and_ln42_733_fu_3459_p2     |       and|   0|  0|   2|           1|           1|
    |and_ln42_734_fu_3465_p2     |       and|   0|  0|   2|           1|           1|
    |and_ln42_735_fu_5123_p2     |       and|   0|  0|   2|           1|           1|
    |and_ln42_736_fu_3534_p2     |       and|   0|  0|   2|           1|           1|
    |and_ln42_737_fu_3564_p2     |       and|   0|  0|   2|           1|           1|
    |and_ln42_738_fu_3630_p2     |       and|   0|  0|   2|           1|           1|
    |and_ln42_739_fu_5147_p2     |       and|   0|  0|   2|           1|           1|
    |and_ln42_740_fu_3662_p2     |       and|   0|  0|   2|           1|           1|
    |and_ln42_741_fu_3668_p2     |       and|   0|  0|   2|           1|           1|
    |and_ln42_742_fu_5162_p2     |       and|   0|  0|   2|           1|           1|
    |and_ln42_743_fu_3737_p2     |       and|   0|  0|   2|           1|           1|
    |and_ln42_744_fu_3767_p2     |       and|   0|  0|   2|           1|           1|
    |and_ln42_745_fu_3833_p2     |       and|   0|  0|   2|           1|           1|
    |and_ln42_746_fu_5186_p2     |       and|   0|  0|   2|           1|           1|
    |and_ln42_747_fu_3865_p2     |       and|   0|  0|   2|           1|           1|
    |and_ln42_748_fu_3871_p2     |       and|   0|  0|   2|           1|           1|
    |and_ln42_749_fu_5201_p2     |       and|   0|  0|   2|           1|           1|
    |and_ln42_750_fu_4008_p2     |       and|   0|  0|   2|           1|           1|
    |and_ln42_751_fu_4038_p2     |       and|   0|  0|   2|           1|           1|
    |and_ln42_752_fu_4104_p2     |       and|   0|  0|   2|           1|           1|
    |and_ln42_753_fu_5225_p2     |       and|   0|  0|   2|           1|           1|
    |and_ln42_754_fu_4136_p2     |       and|   0|  0|   2|           1|           1|
    |and_ln42_755_fu_4142_p2     |       and|   0|  0|   2|           1|           1|
    |and_ln42_756_fu_5240_p2     |       and|   0|  0|   2|           1|           1|
    |and_ln42_757_fu_4211_p2     |       and|   0|  0|   2|           1|           1|
    |and_ln42_758_fu_4241_p2     |       and|   0|  0|   2|           1|           1|
    |and_ln42_759_fu_4307_p2     |       and|   0|  0|   2|           1|           1|
    |and_ln42_760_fu_5264_p2     |       and|   0|  0|   2|           1|           1|
    |and_ln42_761_fu_4339_p2     |       and|   0|  0|   2|           1|           1|
    |and_ln42_762_fu_4345_p2     |       and|   0|  0|   2|           1|           1|
    |and_ln42_763_fu_5279_p2     |       and|   0|  0|   2|           1|           1|
    |and_ln42_764_fu_4414_p2     |       and|   0|  0|   2|           1|           1|
    |and_ln42_765_fu_4444_p2     |       and|   0|  0|   2|           1|           1|
    |and_ln42_766_fu_4510_p2     |       and|   0|  0|   2|           1|           1|
    |and_ln42_767_fu_5303_p2     |       and|   0|  0|   2|           1|           1|
    |and_ln42_768_fu_4542_p2     |       and|   0|  0|   2|           1|           1|
    |and_ln42_769_fu_4548_p2     |       and|   0|  0|   2|           1|           1|
    |and_ln42_770_fu_5318_p2     |       and|   0|  0|   2|           1|           1|
    |and_ln42_771_fu_4617_p2     |       and|   0|  0|   2|           1|           1|
    |and_ln42_772_fu_4647_p2     |       and|   0|  0|   2|           1|           1|
    |and_ln42_773_fu_4713_p2     |       and|   0|  0|   2|           1|           1|
    |and_ln42_774_fu_5342_p2     |       and|   0|  0|   2|           1|           1|
    |and_ln42_775_fu_4745_p2     |       and|   0|  0|   2|           1|           1|
    |and_ln42_776_fu_4751_p2     |       and|   0|  0|   2|           1|           1|
    |and_ln42_777_fu_5357_p2     |       and|   0|  0|   2|           1|           1|
    |and_ln42_fu_1368_p2         |       and|   0|  0|   2|           1|           1|
    |and_ln58_139_fu_5435_p2     |       and|   0|  0|   2|           1|           1|
    |and_ln58_140_fu_5525_p2     |       and|   0|  0|   2|           1|           1|
    |and_ln58_141_fu_5537_p2     |       and|   0|  0|   2|           1|           1|
    |and_ln58_142_fu_5627_p2     |       and|   0|  0|   2|           1|           1|
    |and_ln58_143_fu_5639_p2     |       and|   0|  0|   2|           1|           1|
    |and_ln58_144_fu_5729_p2     |       and|   0|  0|   2|           1|           1|
    |and_ln58_145_fu_5741_p2     |       and|   0|  0|   2|           1|           1|
    |and_ln58_146_fu_5831_p2     |       and|   0|  0|   2|           1|           1|
    |and_ln58_147_fu_5843_p2     |       and|   0|  0|   2|           1|           1|
    |and_ln58_148_fu_5933_p2     |       and|   0|  0|   2|           1|           1|
    |and_ln58_149_fu_5945_p2     |       and|   0|  0|   2|           1|           1|
    |and_ln58_150_fu_6035_p2     |       and|   0|  0|   2|           1|           1|
    |and_ln58_151_fu_6047_p2     |       and|   0|  0|   2|           1|           1|
    |and_ln58_152_fu_6137_p2     |       and|   0|  0|   2|           1|           1|
    |and_ln58_153_fu_6149_p2     |       and|   0|  0|   2|           1|           1|
    |and_ln58_154_fu_6346_p2     |       and|   0|  0|   2|           1|           1|
    |and_ln58_155_fu_6356_p2     |       and|   0|  0|   2|           1|           1|
    |and_ln58_156_fu_6404_p2     |       and|   0|  0|   2|           1|           1|
    |and_ln58_157_fu_6414_p2     |       and|   0|  0|   2|           1|           1|
    |and_ln58_158_fu_6462_p2     |       and|   0|  0|   2|           1|           1|
    |and_ln58_159_fu_6472_p2     |       and|   0|  0|   2|           1|           1|
    |and_ln58_160_fu_6520_p2     |       and|   0|  0|   2|           1|           1|
    |and_ln58_161_fu_6530_p2     |       and|   0|  0|   2|           1|           1|
    |and_ln58_fu_5423_p2         |       and|   0|  0|   2|           1|           1|
    |icmp_ln42_379_fu_1414_p2    |      icmp|   0|  0|  10|           3|           2|
    |icmp_ln42_380_fu_1430_p2    |      icmp|   0|  0|  12|           4|           2|
    |icmp_ln42_381_fu_1436_p2    |      icmp|   0|  0|  12|           4|           1|
    |icmp_ln42_382_fu_1551_p2    |      icmp|   0|  0|  15|           8|           1|
    |icmp_ln42_383_fu_1617_p2    |      icmp|   0|  0|  10|           3|           2|
    |icmp_ln42_384_fu_1633_p2    |      icmp|   0|  0|  12|           4|           2|
    |icmp_ln42_385_fu_1639_p2    |      icmp|   0|  0|  12|           4|           1|
    |icmp_ln42_386_fu_1754_p2    |      icmp|   0|  0|  15|           8|           1|
    |icmp_ln42_387_fu_1820_p2    |      icmp|   0|  0|  10|           3|           2|
    |icmp_ln42_388_fu_1836_p2    |      icmp|   0|  0|  12|           4|           2|
    |icmp_ln42_389_fu_1842_p2    |      icmp|   0|  0|  12|           4|           1|
    |icmp_ln42_390_fu_1957_p2    |      icmp|   0|  0|  15|           8|           1|
    |icmp_ln42_391_fu_2023_p2    |      icmp|   0|  0|  10|           3|           2|
    |icmp_ln42_392_fu_2039_p2    |      icmp|   0|  0|  12|           4|           2|
    |icmp_ln42_393_fu_2045_p2    |      icmp|   0|  0|  12|           4|           1|
    |icmp_ln42_394_fu_2228_p2    |      icmp|   0|  0|  15|           8|           1|
    |icmp_ln42_395_fu_2294_p2    |      icmp|   0|  0|  10|           3|           2|
    |icmp_ln42_396_fu_2310_p2    |      icmp|   0|  0|  12|           4|           2|
    |icmp_ln42_397_fu_2316_p2    |      icmp|   0|  0|  12|           4|           1|
    |icmp_ln42_398_fu_2431_p2    |      icmp|   0|  0|  15|           8|           1|
    |icmp_ln42_399_fu_2497_p2    |      icmp|   0|  0|  10|           3|           2|
    |icmp_ln42_400_fu_2513_p2    |      icmp|   0|  0|  12|           4|           2|
    |icmp_ln42_401_fu_2519_p2    |      icmp|   0|  0|  12|           4|           1|
    |icmp_ln42_402_fu_2634_p2    |      icmp|   0|  0|  15|           8|           1|
    |icmp_ln42_403_fu_2700_p2    |      icmp|   0|  0|  10|           3|           2|
    |icmp_ln42_404_fu_2716_p2    |      icmp|   0|  0|  12|           4|           2|
    |icmp_ln42_405_fu_2722_p2    |      icmp|   0|  0|  12|           4|           1|
    |icmp_ln42_406_fu_2837_p2    |      icmp|   0|  0|  15|           8|           1|
    |icmp_ln42_407_fu_2903_p2    |      icmp|   0|  0|  10|           3|           2|
    |icmp_ln42_408_fu_2919_p2    |      icmp|   0|  0|  12|           4|           2|
    |icmp_ln42_409_fu_2925_p2    |      icmp|   0|  0|  12|           4|           1|
    |icmp_ln42_410_fu_3108_p2    |      icmp|   0|  0|  15|           8|           1|
    |icmp_ln42_411_fu_3174_p2    |      icmp|   0|  0|  10|           3|           2|
    |icmp_ln42_412_fu_3190_p2    |      icmp|   0|  0|  12|           4|           2|
    |icmp_ln42_413_fu_3196_p2    |      icmp|   0|  0|  12|           4|           1|
    |icmp_ln42_414_fu_3311_p2    |      icmp|   0|  0|  15|           8|           1|
    |icmp_ln42_415_fu_3377_p2    |      icmp|   0|  0|  10|           3|           2|
    |icmp_ln42_416_fu_3393_p2    |      icmp|   0|  0|  12|           4|           2|
    |icmp_ln42_417_fu_3399_p2    |      icmp|   0|  0|  12|           4|           1|
    |icmp_ln42_418_fu_3514_p2    |      icmp|   0|  0|  15|           8|           1|
    |icmp_ln42_419_fu_3580_p2    |      icmp|   0|  0|  10|           3|           2|
    |icmp_ln42_420_fu_3596_p2    |      icmp|   0|  0|  12|           4|           2|
    |icmp_ln42_421_fu_3602_p2    |      icmp|   0|  0|  12|           4|           1|
    |icmp_ln42_422_fu_3717_p2    |      icmp|   0|  0|  15|           8|           1|
    |icmp_ln42_423_fu_3783_p2    |      icmp|   0|  0|  10|           3|           2|
    |icmp_ln42_424_fu_3799_p2    |      icmp|   0|  0|  12|           4|           2|
    |icmp_ln42_425_fu_3805_p2    |      icmp|   0|  0|  12|           4|           1|
    |icmp_ln42_426_fu_3988_p2    |      icmp|   0|  0|  15|           8|           1|
    |icmp_ln42_427_fu_4054_p2    |      icmp|   0|  0|  10|           3|           2|
    |icmp_ln42_428_fu_4070_p2    |      icmp|   0|  0|  12|           4|           2|
    |icmp_ln42_429_fu_4076_p2    |      icmp|   0|  0|  12|           4|           1|
    |icmp_ln42_430_fu_4191_p2    |      icmp|   0|  0|  15|           8|           1|
    |icmp_ln42_431_fu_4257_p2    |      icmp|   0|  0|  10|           3|           2|
    |icmp_ln42_432_fu_4273_p2    |      icmp|   0|  0|  12|           4|           2|
    |icmp_ln42_433_fu_4279_p2    |      icmp|   0|  0|  12|           4|           1|
    |icmp_ln42_434_fu_4394_p2    |      icmp|   0|  0|  15|           8|           1|
    |icmp_ln42_435_fu_4460_p2    |      icmp|   0|  0|  10|           3|           2|
    |icmp_ln42_436_fu_4476_p2    |      icmp|   0|  0|  12|           4|           2|
    |icmp_ln42_437_fu_4482_p2    |      icmp|   0|  0|  12|           4|           1|
    |icmp_ln42_438_fu_4597_p2    |      icmp|   0|  0|  15|           8|           1|
    |icmp_ln42_439_fu_4663_p2    |      icmp|   0|  0|  10|           3|           2|
    |icmp_ln42_440_fu_4679_p2    |      icmp|   0|  0|  12|           4|           2|
    |icmp_ln42_441_fu_4685_p2    |      icmp|   0|  0|  12|           4|           1|
    |icmp_ln42_fu_1348_p2        |      icmp|   0|  0|  15|           8|           1|
    |or_ln42_283_fu_1484_p2      |        or|   0|  0|   2|           1|           1|
    |or_ln42_284_fu_4784_p2      |        or|   0|  0|   2|           1|           1|
    |or_ln42_285_fu_1565_p2      |        or|   0|  0|   2|           1|           1|
    |or_ln42_286_fu_1687_p2      |        or|   0|  0|   2|           1|           1|
    |or_ln42_287_fu_4823_p2      |        or|   0|  0|   2|           1|           1|
    |or_ln42_288_fu_1768_p2      |        or|   0|  0|   2|           1|           1|
    |or_ln42_289_fu_1890_p2      |        or|   0|  0|   2|           1|           1|
    |or_ln42_290_fu_4862_p2      |        or|   0|  0|   2|           1|           1|
    |or_ln42_291_fu_1971_p2      |        or|   0|  0|   2|           1|           1|
    |or_ln42_292_fu_2093_p2      |        or|   0|  0|   2|           1|           1|
    |or_ln42_293_fu_4901_p2      |        or|   0|  0|   2|           1|           1|
    |or_ln42_294_fu_2242_p2      |        or|   0|  0|   2|           1|           1|
    |or_ln42_295_fu_2364_p2      |        or|   0|  0|   2|           1|           1|
    |or_ln42_296_fu_4940_p2      |        or|   0|  0|   2|           1|           1|
    |or_ln42_297_fu_2445_p2      |        or|   0|  0|   2|           1|           1|
    |or_ln42_298_fu_2567_p2      |        or|   0|  0|   2|           1|           1|
    |or_ln42_299_fu_4979_p2      |        or|   0|  0|   2|           1|           1|
    |or_ln42_300_fu_2648_p2      |        or|   0|  0|   2|           1|           1|
    |or_ln42_301_fu_2770_p2      |        or|   0|  0|   2|           1|           1|
    |or_ln42_302_fu_5018_p2      |        or|   0|  0|   2|           1|           1|
    |or_ln42_303_fu_2851_p2      |        or|   0|  0|   2|           1|           1|
    |or_ln42_304_fu_2973_p2      |        or|   0|  0|   2|           1|           1|
    |or_ln42_305_fu_5057_p2      |        or|   0|  0|   2|           1|           1|
    |or_ln42_306_fu_3122_p2      |        or|   0|  0|   2|           1|           1|
    |or_ln42_307_fu_3244_p2      |        or|   0|  0|   2|           1|           1|
    |or_ln42_308_fu_5096_p2      |        or|   0|  0|   2|           1|           1|
    |or_ln42_309_fu_3325_p2      |        or|   0|  0|   2|           1|           1|
    |or_ln42_310_fu_3447_p2      |        or|   0|  0|   2|           1|           1|
    |or_ln42_311_fu_5135_p2      |        or|   0|  0|   2|           1|           1|
    |or_ln42_312_fu_3528_p2      |        or|   0|  0|   2|           1|           1|
    |or_ln42_313_fu_3650_p2      |        or|   0|  0|   2|           1|           1|
    |or_ln42_314_fu_5174_p2      |        or|   0|  0|   2|           1|           1|
    |or_ln42_315_fu_3731_p2      |        or|   0|  0|   2|           1|           1|
    |or_ln42_316_fu_3853_p2      |        or|   0|  0|   2|           1|           1|
    |or_ln42_317_fu_5213_p2      |        or|   0|  0|   2|           1|           1|
    |or_ln42_318_fu_4002_p2      |        or|   0|  0|   2|           1|           1|
    |or_ln42_319_fu_4124_p2      |        or|   0|  0|   2|           1|           1|
    |or_ln42_320_fu_5252_p2      |        or|   0|  0|   2|           1|           1|
    |or_ln42_321_fu_4205_p2      |        or|   0|  0|   2|           1|           1|
    |or_ln42_322_fu_4327_p2      |        or|   0|  0|   2|           1|           1|
    |or_ln42_323_fu_5291_p2      |        or|   0|  0|   2|           1|           1|
    |or_ln42_324_fu_4408_p2      |        or|   0|  0|   2|           1|           1|
    |or_ln42_325_fu_4530_p2      |        or|   0|  0|   2|           1|           1|
    |or_ln42_326_fu_5330_p2      |        or|   0|  0|   2|           1|           1|
    |or_ln42_327_fu_4611_p2      |        or|   0|  0|   2|           1|           1|
    |or_ln42_328_fu_4733_p2      |        or|   0|  0|   2|           1|           1|
    |or_ln42_329_fu_5369_p2      |        or|   0|  0|   2|           1|           1|
    |or_ln42_330_fu_4761_p2      |        or|   0|  0|   2|           1|           1|
    |or_ln42_331_fu_4800_p2      |        or|   0|  0|   2|           1|           1|
    |or_ln42_332_fu_4839_p2      |        or|   0|  0|   2|           1|           1|
    |or_ln42_333_fu_4878_p2      |        or|   0|  0|   2|           1|           1|
    |or_ln42_334_fu_4917_p2      |        or|   0|  0|   2|           1|           1|
    |or_ln42_335_fu_4956_p2      |        or|   0|  0|   2|           1|           1|
    |or_ln42_336_fu_4995_p2      |        or|   0|  0|   2|           1|           1|
    |or_ln42_337_fu_5034_p2      |        or|   0|  0|   2|           1|           1|
    |or_ln42_338_fu_5073_p2      |        or|   0|  0|   2|           1|           1|
    |or_ln42_339_fu_5112_p2      |        or|   0|  0|   2|           1|           1|
    |or_ln42_340_fu_5151_p2      |        or|   0|  0|   2|           1|           1|
    |or_ln42_341_fu_5190_p2      |        or|   0|  0|   2|           1|           1|
    |or_ln42_342_fu_5229_p2      |        or|   0|  0|   2|           1|           1|
    |or_ln42_343_fu_5268_p2      |        or|   0|  0|   2|           1|           1|
    |or_ln42_344_fu_5307_p2      |        or|   0|  0|   2|           1|           1|
    |or_ln42_345_fu_5346_p2      |        or|   0|  0|   2|           1|           1|
    |or_ln42_fu_1362_p2          |        or|   0|  0|   2|           1|           1|
    |or_ln58_67_fu_5555_p2       |        or|   0|  0|   2|           1|           1|
    |or_ln58_68_fu_5657_p2       |        or|   0|  0|   2|           1|           1|
    |or_ln58_69_fu_5759_p2       |        or|   0|  0|   2|           1|           1|
    |or_ln58_70_fu_5861_p2       |        or|   0|  0|   2|           1|           1|
    |or_ln58_71_fu_5963_p2       |        or|   0|  0|   2|           1|           1|
    |or_ln58_72_fu_6065_p2       |        or|   0|  0|   2|           1|           1|
    |or_ln58_73_fu_6167_p2       |        or|   0|  0|   2|           1|           1|
    |or_ln58_74_fu_6371_p2       |        or|   0|  0|   2|           1|           1|
    |or_ln58_75_fu_6429_p2       |        or|   0|  0|   2|           1|           1|
    |or_ln58_76_fu_6487_p2       |        or|   0|  0|   2|           1|           1|
    |or_ln58_77_fu_6545_p2       |        or|   0|  0|   2|           1|           1|
    |or_ln58_fu_5453_p2          |        or|   0|  0|   2|           1|           1|
    |select_ln42_379_fu_1470_p3  |    select|   0|  0|   2|           1|           1|
    |select_ln42_380_fu_4777_p3  |    select|   0|  0|  14|           1|          12|
    |select_ln42_381_fu_4789_p3  |    select|   0|  0|  13|           1|          13|
    |select_ln42_382_fu_1645_p3  |    select|   0|  0|   2|           1|           1|
    |select_ln42_383_fu_1673_p3  |    select|   0|  0|   2|           1|           1|
    |select_ln42_384_fu_4816_p3  |    select|   0|  0|  14|           1|          12|
    |select_ln42_385_fu_4828_p3  |    select|   0|  0|  13|           1|          13|
    |select_ln42_386_fu_1848_p3  |    select|   0|  0|   2|           1|           1|
    |select_ln42_387_fu_1876_p3  |    select|   0|  0|   2|           1|           1|
    |select_ln42_388_fu_4855_p3  |    select|   0|  0|  14|           1|          12|
    |select_ln42_389_fu_4867_p3  |    select|   0|  0|  13|           1|          13|
    |select_ln42_390_fu_2051_p3  |    select|   0|  0|   2|           1|           1|
    |select_ln42_391_fu_2079_p3  |    select|   0|  0|   2|           1|           1|
    |select_ln42_392_fu_4894_p3  |    select|   0|  0|  14|           1|          12|
    |select_ln42_393_fu_4906_p3  |    select|   0|  0|  13|           1|          13|
    |select_ln42_394_fu_2322_p3  |    select|   0|  0|   2|           1|           1|
    |select_ln42_395_fu_2350_p3  |    select|   0|  0|   2|           1|           1|
    |select_ln42_396_fu_4933_p3  |    select|   0|  0|  14|           1|          12|
    |select_ln42_397_fu_4945_p3  |    select|   0|  0|  13|           1|          13|
    |select_ln42_398_fu_2525_p3  |    select|   0|  0|   2|           1|           1|
    |select_ln42_399_fu_2553_p3  |    select|   0|  0|   2|           1|           1|
    |select_ln42_400_fu_4972_p3  |    select|   0|  0|  14|           1|          12|
    |select_ln42_401_fu_4984_p3  |    select|   0|  0|  13|           1|          13|
    |select_ln42_402_fu_2728_p3  |    select|   0|  0|   2|           1|           1|
    |select_ln42_403_fu_2756_p3  |    select|   0|  0|   2|           1|           1|
    |select_ln42_404_fu_5011_p3  |    select|   0|  0|  14|           1|          12|
    |select_ln42_405_fu_5023_p3  |    select|   0|  0|  13|           1|          13|
    |select_ln42_406_fu_2931_p3  |    select|   0|  0|   2|           1|           1|
    |select_ln42_407_fu_2959_p3  |    select|   0|  0|   2|           1|           1|
    |select_ln42_408_fu_5050_p3  |    select|   0|  0|  14|           1|          12|
    |select_ln42_409_fu_5062_p3  |    select|   0|  0|  13|           1|          13|
    |select_ln42_410_fu_3202_p3  |    select|   0|  0|   2|           1|           1|
    |select_ln42_411_fu_3230_p3  |    select|   0|  0|   2|           1|           1|
    |select_ln42_412_fu_5089_p3  |    select|   0|  0|  14|           1|          12|
    |select_ln42_413_fu_5101_p3  |    select|   0|  0|  13|           1|          13|
    |select_ln42_414_fu_3405_p3  |    select|   0|  0|   2|           1|           1|
    |select_ln42_415_fu_3433_p3  |    select|   0|  0|   2|           1|           1|
    |select_ln42_416_fu_5128_p3  |    select|   0|  0|  14|           1|          12|
    |select_ln42_417_fu_5140_p3  |    select|   0|  0|  13|           1|          13|
    |select_ln42_418_fu_3608_p3  |    select|   0|  0|   2|           1|           1|
    |select_ln42_419_fu_3636_p3  |    select|   0|  0|   2|           1|           1|
    |select_ln42_420_fu_5167_p3  |    select|   0|  0|  14|           1|          12|
    |select_ln42_421_fu_5179_p3  |    select|   0|  0|  13|           1|          13|
    |select_ln42_422_fu_3811_p3  |    select|   0|  0|   2|           1|           1|
    |select_ln42_423_fu_3839_p3  |    select|   0|  0|   2|           1|           1|
    |select_ln42_424_fu_5206_p3  |    select|   0|  0|  14|           1|          12|
    |select_ln42_425_fu_5218_p3  |    select|   0|  0|  13|           1|          13|
    |select_ln42_426_fu_4082_p3  |    select|   0|  0|   2|           1|           1|
    |select_ln42_427_fu_4110_p3  |    select|   0|  0|   2|           1|           1|
    |select_ln42_428_fu_5245_p3  |    select|   0|  0|  14|           1|          12|
    |select_ln42_429_fu_5257_p3  |    select|   0|  0|  13|           1|          13|
    |select_ln42_430_fu_4285_p3  |    select|   0|  0|   2|           1|           1|
    |select_ln42_431_fu_4313_p3  |    select|   0|  0|   2|           1|           1|
    |select_ln42_432_fu_5284_p3  |    select|   0|  0|  14|           1|          12|
    |select_ln42_433_fu_5296_p3  |    select|   0|  0|  13|           1|          13|
    |select_ln42_434_fu_4488_p3  |    select|   0|  0|   2|           1|           1|
    |select_ln42_435_fu_4516_p3  |    select|   0|  0|   2|           1|           1|
    |select_ln42_436_fu_5323_p3  |    select|   0|  0|  14|           1|          12|
    |select_ln42_437_fu_5335_p3  |    select|   0|  0|  13|           1|          13|
    |select_ln42_438_fu_4691_p3  |    select|   0|  0|   2|           1|           1|
    |select_ln42_439_fu_4719_p3  |    select|   0|  0|   2|           1|           1|
    |select_ln42_440_fu_5362_p3  |    select|   0|  0|  14|           1|          12|
    |select_ln42_441_fu_5374_p3  |    select|   0|  0|  13|           1|          13|
    |select_ln42_fu_1442_p3      |    select|   0|  0|   2|           1|           1|
    |select_ln58_211_fu_5467_p3  |    select|   0|  0|  14|           1|          14|
    |select_ln58_212_fu_5475_p3  |    select|   0|  0|  13|           1|          13|
    |select_ln58_213_fu_5561_p3  |    select|   0|  0|  13|           1|          12|
    |select_ln58_214_fu_5569_p3  |    select|   0|  0|  14|           1|          14|
    |select_ln58_215_fu_5577_p3  |    select|   0|  0|  13|           1|          13|
    |select_ln58_216_fu_5663_p3  |    select|   0|  0|  13|           1|          12|
    |select_ln58_217_fu_5671_p3  |    select|   0|  0|  14|           1|          14|
    |select_ln58_218_fu_5679_p3  |    select|   0|  0|  13|           1|          13|
    |select_ln58_219_fu_5765_p3  |    select|   0|  0|  13|           1|          12|
    |select_ln58_220_fu_5773_p3  |    select|   0|  0|  14|           1|          14|
    |select_ln58_221_fu_5781_p3  |    select|   0|  0|  13|           1|          13|
    |select_ln58_222_fu_5867_p3  |    select|   0|  0|  13|           1|          12|
    |select_ln58_223_fu_5875_p3  |    select|   0|  0|  14|           1|          14|
    |select_ln58_224_fu_5883_p3  |    select|   0|  0|  13|           1|          13|
    |select_ln58_225_fu_5969_p3  |    select|   0|  0|  13|           1|          12|
    |select_ln58_226_fu_5977_p3  |    select|   0|  0|  14|           1|          14|
    |select_ln58_227_fu_5985_p3  |    select|   0|  0|  13|           1|          13|
    |select_ln58_228_fu_6071_p3  |    select|   0|  0|  13|           1|          12|
    |select_ln58_229_fu_6079_p3  |    select|   0|  0|  14|           1|          14|
    |select_ln58_230_fu_6087_p3  |    select|   0|  0|  13|           1|          13|
    |select_ln58_231_fu_6173_p3  |    select|   0|  0|  13|           1|          12|
    |select_ln58_232_fu_6181_p3  |    select|   0|  0|  14|           1|          14|
    |select_ln58_233_fu_6189_p3  |    select|   0|  0|  13|           1|          13|
    |select_ln58_234_fu_6377_p3  |    select|   0|  0|  13|           1|          12|
    |select_ln58_235_fu_6384_p3  |    select|   0|  0|  14|           1|          14|
    |select_ln58_236_fu_6391_p3  |    select|   0|  0|  13|           1|          13|
    |select_ln58_237_fu_6435_p3  |    select|   0|  0|  13|           1|          12|
    |select_ln58_238_fu_6442_p3  |    select|   0|  0|  14|           1|          14|
    |select_ln58_239_fu_6449_p3  |    select|   0|  0|  13|           1|          13|
    |select_ln58_240_fu_6493_p3  |    select|   0|  0|  13|           1|          12|
    |select_ln58_241_fu_6500_p3  |    select|   0|  0|  14|           1|          14|
    |select_ln58_242_fu_6507_p3  |    select|   0|  0|  13|           1|          13|
    |select_ln58_243_fu_6551_p3  |    select|   0|  0|  13|           1|          12|
    |select_ln58_244_fu_6558_p3  |    select|   0|  0|  14|           1|          14|
    |select_ln58_245_fu_6565_p3  |    select|   0|  0|  13|           1|          13|
    |select_ln58_fu_5459_p3      |    select|   0|  0|  13|           1|          12|
    |xor_ln42_379_fu_1478_p2     |       xor|   0|  0|   2|           1|           2|
    |xor_ln42_380_fu_1490_p2     |       xor|   0|  0|   2|           1|           2|
    |xor_ln42_381_fu_4766_p2     |       xor|   0|  0|   2|           1|           2|
    |xor_ln42_382_fu_1595_p2     |       xor|   0|  0|   2|           1|           2|
    |xor_ln42_383_fu_1681_p2     |       xor|   0|  0|   2|           1|           2|
    |xor_ln42_384_fu_1693_p2     |       xor|   0|  0|   2|           1|           2|
    |xor_ln42_385_fu_4805_p2     |       xor|   0|  0|   2|           1|           2|
    |xor_ln42_386_fu_1798_p2     |       xor|   0|  0|   2|           1|           2|
    |xor_ln42_387_fu_1884_p2     |       xor|   0|  0|   2|           1|           2|
    |xor_ln42_388_fu_1896_p2     |       xor|   0|  0|   2|           1|           2|
    |xor_ln42_389_fu_4844_p2     |       xor|   0|  0|   2|           1|           2|
    |xor_ln42_390_fu_2001_p2     |       xor|   0|  0|   2|           1|           2|
    |xor_ln42_391_fu_2087_p2     |       xor|   0|  0|   2|           1|           2|
    |xor_ln42_392_fu_2099_p2     |       xor|   0|  0|   2|           1|           2|
    |xor_ln42_393_fu_4883_p2     |       xor|   0|  0|   2|           1|           2|
    |xor_ln42_394_fu_2272_p2     |       xor|   0|  0|   2|           1|           2|
    |xor_ln42_395_fu_2358_p2     |       xor|   0|  0|   2|           1|           2|
    |xor_ln42_396_fu_2370_p2     |       xor|   0|  0|   2|           1|           2|
    |xor_ln42_397_fu_4922_p2     |       xor|   0|  0|   2|           1|           2|
    |xor_ln42_398_fu_2475_p2     |       xor|   0|  0|   2|           1|           2|
    |xor_ln42_399_fu_2561_p2     |       xor|   0|  0|   2|           1|           2|
    |xor_ln42_400_fu_2573_p2     |       xor|   0|  0|   2|           1|           2|
    |xor_ln42_401_fu_4961_p2     |       xor|   0|  0|   2|           1|           2|
    |xor_ln42_402_fu_2678_p2     |       xor|   0|  0|   2|           1|           2|
    |xor_ln42_403_fu_2764_p2     |       xor|   0|  0|   2|           1|           2|
    |xor_ln42_404_fu_2776_p2     |       xor|   0|  0|   2|           1|           2|
    |xor_ln42_405_fu_5000_p2     |       xor|   0|  0|   2|           1|           2|
    |xor_ln42_406_fu_2881_p2     |       xor|   0|  0|   2|           1|           2|
    |xor_ln42_407_fu_2967_p2     |       xor|   0|  0|   2|           1|           2|
    |xor_ln42_408_fu_2979_p2     |       xor|   0|  0|   2|           1|           2|
    |xor_ln42_409_fu_5039_p2     |       xor|   0|  0|   2|           1|           2|
    |xor_ln42_410_fu_3152_p2     |       xor|   0|  0|   2|           1|           2|
    |xor_ln42_411_fu_3238_p2     |       xor|   0|  0|   2|           1|           2|
    |xor_ln42_412_fu_3250_p2     |       xor|   0|  0|   2|           1|           2|
    |xor_ln42_413_fu_5078_p2     |       xor|   0|  0|   2|           1|           2|
    |xor_ln42_414_fu_3355_p2     |       xor|   0|  0|   2|           1|           2|
    |xor_ln42_415_fu_3441_p2     |       xor|   0|  0|   2|           1|           2|
    |xor_ln42_416_fu_3453_p2     |       xor|   0|  0|   2|           1|           2|
    |xor_ln42_417_fu_5117_p2     |       xor|   0|  0|   2|           1|           2|
    |xor_ln42_418_fu_3558_p2     |       xor|   0|  0|   2|           1|           2|
    |xor_ln42_419_fu_3644_p2     |       xor|   0|  0|   2|           1|           2|
    |xor_ln42_420_fu_3656_p2     |       xor|   0|  0|   2|           1|           2|
    |xor_ln42_421_fu_5156_p2     |       xor|   0|  0|   2|           1|           2|
    |xor_ln42_422_fu_3761_p2     |       xor|   0|  0|   2|           1|           2|
    |xor_ln42_423_fu_3847_p2     |       xor|   0|  0|   2|           1|           2|
    |xor_ln42_424_fu_3859_p2     |       xor|   0|  0|   2|           1|           2|
    |xor_ln42_425_fu_5195_p2     |       xor|   0|  0|   2|           1|           2|
    |xor_ln42_426_fu_4032_p2     |       xor|   0|  0|   2|           1|           2|
    |xor_ln42_427_fu_4118_p2     |       xor|   0|  0|   2|           1|           2|
    |xor_ln42_428_fu_4130_p2     |       xor|   0|  0|   2|           1|           2|
    |xor_ln42_429_fu_5234_p2     |       xor|   0|  0|   2|           1|           2|
    |xor_ln42_430_fu_4235_p2     |       xor|   0|  0|   2|           1|           2|
    |xor_ln42_431_fu_4321_p2     |       xor|   0|  0|   2|           1|           2|
    |xor_ln42_432_fu_4333_p2     |       xor|   0|  0|   2|           1|           2|
    |xor_ln42_433_fu_5273_p2     |       xor|   0|  0|   2|           1|           2|
    |xor_ln42_434_fu_4438_p2     |       xor|   0|  0|   2|           1|           2|
    |xor_ln42_435_fu_4524_p2     |       xor|   0|  0|   2|           1|           2|
    |xor_ln42_436_fu_4536_p2     |       xor|   0|  0|   2|           1|           2|
    |xor_ln42_437_fu_5312_p2     |       xor|   0|  0|   2|           1|           2|
    |xor_ln42_438_fu_4641_p2     |       xor|   0|  0|   2|           1|           2|
    |xor_ln42_439_fu_4727_p2     |       xor|   0|  0|   2|           1|           2|
    |xor_ln42_440_fu_4739_p2     |       xor|   0|  0|   2|           1|           2|
    |xor_ln42_441_fu_5351_p2     |       xor|   0|  0|   2|           1|           2|
    |xor_ln42_442_fu_1458_p2     |       xor|   0|  0|   2|           1|           2|
    |xor_ln42_443_fu_1661_p2     |       xor|   0|  0|   2|           1|           2|
    |xor_ln42_444_fu_1864_p2     |       xor|   0|  0|   2|           1|           2|
    |xor_ln42_445_fu_2067_p2     |       xor|   0|  0|   2|           1|           2|
    |xor_ln42_446_fu_2338_p2     |       xor|   0|  0|   2|           1|           2|
    |xor_ln42_447_fu_2541_p2     |       xor|   0|  0|   2|           1|           2|
    |xor_ln42_448_fu_2744_p2     |       xor|   0|  0|   2|           1|           2|
    |xor_ln42_449_fu_2947_p2     |       xor|   0|  0|   2|           1|           2|
    |xor_ln42_450_fu_3218_p2     |       xor|   0|  0|   2|           1|           2|
    |xor_ln42_451_fu_3421_p2     |       xor|   0|  0|   2|           1|           2|
    |xor_ln42_452_fu_3624_p2     |       xor|   0|  0|   2|           1|           2|
    |xor_ln42_453_fu_3827_p2     |       xor|   0|  0|   2|           1|           2|
    |xor_ln42_454_fu_4098_p2     |       xor|   0|  0|   2|           1|           2|
    |xor_ln42_455_fu_4301_p2     |       xor|   0|  0|   2|           1|           2|
    |xor_ln42_456_fu_4504_p2     |       xor|   0|  0|   2|           1|           2|
    |xor_ln42_457_fu_4707_p2     |       xor|   0|  0|   2|           1|           2|
    |xor_ln42_fu_1392_p2         |       xor|   0|  0|   2|           1|           2|
    |xor_ln58_283_fu_5429_p2     |       xor|   0|  0|   2|           1|           2|
    |xor_ln58_284_fu_5441_p2     |       xor|   0|  0|   2|           1|           1|
    |xor_ln58_285_fu_5447_p2     |       xor|   0|  0|   2|           1|           2|
    |xor_ln58_286_fu_5519_p2     |       xor|   0|  0|   2|           1|           2|
    |xor_ln58_287_fu_5531_p2     |       xor|   0|  0|   2|           1|           2|
    |xor_ln58_288_fu_5543_p2     |       xor|   0|  0|   2|           1|           1|
    |xor_ln58_289_fu_5549_p2     |       xor|   0|  0|   2|           1|           2|
    |xor_ln58_290_fu_5621_p2     |       xor|   0|  0|   2|           1|           2|
    |xor_ln58_291_fu_5633_p2     |       xor|   0|  0|   2|           1|           2|
    |xor_ln58_292_fu_5645_p2     |       xor|   0|  0|   2|           1|           1|
    |xor_ln58_293_fu_5651_p2     |       xor|   0|  0|   2|           1|           2|
    |xor_ln58_294_fu_5723_p2     |       xor|   0|  0|   2|           1|           2|
    |xor_ln58_295_fu_5735_p2     |       xor|   0|  0|   2|           1|           2|
    |xor_ln58_296_fu_5747_p2     |       xor|   0|  0|   2|           1|           1|
    |xor_ln58_297_fu_5753_p2     |       xor|   0|  0|   2|           1|           2|
    |xor_ln58_298_fu_5825_p2     |       xor|   0|  0|   2|           1|           2|
    |xor_ln58_299_fu_5837_p2     |       xor|   0|  0|   2|           1|           2|
    |xor_ln58_300_fu_5849_p2     |       xor|   0|  0|   2|           1|           1|
    |xor_ln58_301_fu_5855_p2     |       xor|   0|  0|   2|           1|           2|
    |xor_ln58_302_fu_5927_p2     |       xor|   0|  0|   2|           1|           2|
    |xor_ln58_303_fu_5939_p2     |       xor|   0|  0|   2|           1|           2|
    |xor_ln58_304_fu_5951_p2     |       xor|   0|  0|   2|           1|           1|
    |xor_ln58_305_fu_5957_p2     |       xor|   0|  0|   2|           1|           2|
    |xor_ln58_306_fu_6029_p2     |       xor|   0|  0|   2|           1|           2|
    |xor_ln58_307_fu_6041_p2     |       xor|   0|  0|   2|           1|           2|
    |xor_ln58_308_fu_6053_p2     |       xor|   0|  0|   2|           1|           1|
    |xor_ln58_309_fu_6059_p2     |       xor|   0|  0|   2|           1|           2|
    |xor_ln58_310_fu_6131_p2     |       xor|   0|  0|   2|           1|           2|
    |xor_ln58_311_fu_6143_p2     |       xor|   0|  0|   2|           1|           2|
    |xor_ln58_312_fu_6155_p2     |       xor|   0|  0|   2|           1|           1|
    |xor_ln58_313_fu_6161_p2     |       xor|   0|  0|   2|           1|           2|
    |xor_ln58_314_fu_6341_p2     |       xor|   0|  0|   2|           1|           2|
    |xor_ln58_315_fu_6351_p2     |       xor|   0|  0|   2|           1|           2|
    |xor_ln58_316_fu_6361_p2     |       xor|   0|  0|   2|           1|           1|
    |xor_ln58_317_fu_6365_p2     |       xor|   0|  0|   2|           1|           2|
    |xor_ln58_318_fu_6399_p2     |       xor|   0|  0|   2|           1|           2|
    |xor_ln58_319_fu_6409_p2     |       xor|   0|  0|   2|           1|           2|
    |xor_ln58_320_fu_6419_p2     |       xor|   0|  0|   2|           1|           1|
    |xor_ln58_321_fu_6423_p2     |       xor|   0|  0|   2|           1|           2|
    |xor_ln58_322_fu_6457_p2     |       xor|   0|  0|   2|           1|           2|
    |xor_ln58_323_fu_6467_p2     |       xor|   0|  0|   2|           1|           2|
    |xor_ln58_324_fu_6477_p2     |       xor|   0|  0|   2|           1|           1|
    |xor_ln58_325_fu_6481_p2     |       xor|   0|  0|   2|           1|           2|
    |xor_ln58_326_fu_6515_p2     |       xor|   0|  0|   2|           1|           2|
    |xor_ln58_327_fu_6525_p2     |       xor|   0|  0|   2|           1|           2|
    |xor_ln58_328_fu_6535_p2     |       xor|   0|  0|   2|           1|           1|
    |xor_ln58_329_fu_6539_p2     |       xor|   0|  0|   2|           1|           2|
    |xor_ln58_fu_5417_p2         |       xor|   0|  0|   2|           1|           2|
    +----------------------------+----------+----+---+----+------------+------------+
    |Total                       |          |   0|  0|3252|        1276|        1984|
    +----------------------------+----------+----+---+----+------------+------------+

    * Multiplexer: 
    N/A

    * Register: 
    +------------------------+----+----+-----+-----------+
    |          Name          | FF | LUT| Bits| Const Bits|
    +------------------------+----+----+-----+-----------+
    |add_ln42_100_reg_6912   |  13|   0|   13|          0|
    |add_ln42_101_reg_6943   |  13|   0|   13|          0|
    |add_ln42_102_reg_6974   |  13|   0|   13|          0|
    |add_ln42_103_reg_7005   |  13|   0|   13|          0|
    |add_ln42_104_reg_7036   |  13|   0|   13|          0|
    |add_ln42_105_reg_7067   |  13|   0|   13|          0|
    |add_ln42_91_reg_6633    |  13|   0|   13|          0|
    |add_ln42_92_reg_6664    |  13|   0|   13|          0|
    |add_ln42_93_reg_6695    |  13|   0|   13|          0|
    |add_ln42_94_reg_6726    |  13|   0|   13|          0|
    |add_ln42_95_reg_6757    |  13|   0|   13|          0|
    |add_ln42_96_reg_6788    |  13|   0|   13|          0|
    |add_ln42_97_reg_6819    |  13|   0|   13|          0|
    |add_ln42_98_reg_6850    |  13|   0|   13|          0|
    |add_ln42_99_reg_6881    |  13|   0|   13|          0|
    |add_ln42_reg_6602       |  13|   0|   13|          0|
    |add_ln58_92_reg_7093    |  13|   0|   13|          0|
    |add_ln58_93_reg_7113    |  13|   0|   13|          0|
    |add_ln58_94_reg_7133    |  13|   0|   13|          0|
    |add_ln58_95_reg_7153    |  13|   0|   13|          0|
    |and_ln42_667_reg_6607   |   1|   0|    1|          0|
    |and_ln42_670_reg_6617   |   1|   0|    1|          0|
    |and_ln42_671_reg_6623   |   1|   0|    1|          0|
    |and_ln42_674_reg_6638   |   1|   0|    1|          0|
    |and_ln42_677_reg_6648   |   1|   0|    1|          0|
    |and_ln42_678_reg_6654   |   1|   0|    1|          0|
    |and_ln42_681_reg_6669   |   1|   0|    1|          0|
    |and_ln42_684_reg_6679   |   1|   0|    1|          0|
    |and_ln42_685_reg_6685   |   1|   0|    1|          0|
    |and_ln42_688_reg_6700   |   1|   0|    1|          0|
    |and_ln42_691_reg_6710   |   1|   0|    1|          0|
    |and_ln42_692_reg_6716   |   1|   0|    1|          0|
    |and_ln42_695_reg_6731   |   1|   0|    1|          0|
    |and_ln42_698_reg_6741   |   1|   0|    1|          0|
    |and_ln42_699_reg_6747   |   1|   0|    1|          0|
    |and_ln42_702_reg_6762   |   1|   0|    1|          0|
    |and_ln42_705_reg_6772   |   1|   0|    1|          0|
    |and_ln42_706_reg_6778   |   1|   0|    1|          0|
    |and_ln42_709_reg_6793   |   1|   0|    1|          0|
    |and_ln42_712_reg_6803   |   1|   0|    1|          0|
    |and_ln42_713_reg_6809   |   1|   0|    1|          0|
    |and_ln42_716_reg_6824   |   1|   0|    1|          0|
    |and_ln42_719_reg_6834   |   1|   0|    1|          0|
    |and_ln42_720_reg_6840   |   1|   0|    1|          0|
    |and_ln42_723_reg_6855   |   1|   0|    1|          0|
    |and_ln42_726_reg_6865   |   1|   0|    1|          0|
    |and_ln42_727_reg_6871   |   1|   0|    1|          0|
    |and_ln42_730_reg_6886   |   1|   0|    1|          0|
    |and_ln42_733_reg_6896   |   1|   0|    1|          0|
    |and_ln42_734_reg_6902   |   1|   0|    1|          0|
    |and_ln42_737_reg_6917   |   1|   0|    1|          0|
    |and_ln42_740_reg_6927   |   1|   0|    1|          0|
    |and_ln42_741_reg_6933   |   1|   0|    1|          0|
    |and_ln42_744_reg_6948   |   1|   0|    1|          0|
    |and_ln42_747_reg_6958   |   1|   0|    1|          0|
    |and_ln42_748_reg_6964   |   1|   0|    1|          0|
    |and_ln42_751_reg_6979   |   1|   0|    1|          0|
    |and_ln42_754_reg_6989   |   1|   0|    1|          0|
    |and_ln42_755_reg_6995   |   1|   0|    1|          0|
    |and_ln42_758_reg_7010   |   1|   0|    1|          0|
    |and_ln42_761_reg_7020   |   1|   0|    1|          0|
    |and_ln42_762_reg_7026   |   1|   0|    1|          0|
    |and_ln42_765_reg_7041   |   1|   0|    1|          0|
    |and_ln42_768_reg_7051   |   1|   0|    1|          0|
    |and_ln42_769_reg_7057   |   1|   0|    1|          0|
    |and_ln42_772_reg_7072   |   1|   0|    1|          0|
    |and_ln42_775_reg_7082   |   1|   0|    1|          0|
    |and_ln42_776_reg_7088   |   1|   0|    1|          0|
    |data_48_val_int_reg     |  13|   0|   13|          0|
    |data_49_val_int_reg     |  13|   0|   13|          0|
    |data_50_val_int_reg     |  13|   0|   13|          0|
    |data_51_val_int_reg     |  13|   0|   13|          0|
    |data_52_val_int_reg     |  13|   0|   13|          0|
    |data_53_val_int_reg     |  13|   0|   13|          0|
    |data_54_val_int_reg     |  13|   0|   13|          0|
    |data_55_val_int_reg     |  13|   0|   13|          0|
    |data_56_val_int_reg     |  13|   0|   13|          0|
    |data_57_val_int_reg     |  13|   0|   13|          0|
    |data_58_val_int_reg     |  13|   0|   13|          0|
    |data_59_val_int_reg     |  13|   0|   13|          0|
    |data_60_val_int_reg     |  13|   0|   13|          0|
    |data_61_val_int_reg     |  13|   0|   13|          0|
    |data_62_val_int_reg     |  13|   0|   13|          0|
    |data_63_val_int_reg     |  13|   0|   13|          0|
    |icmp_ln42_380_reg_6612  |   1|   0|    1|          0|
    |icmp_ln42_384_reg_6643  |   1|   0|    1|          0|
    |icmp_ln42_388_reg_6674  |   1|   0|    1|          0|
    |icmp_ln42_392_reg_6705  |   1|   0|    1|          0|
    |icmp_ln42_396_reg_6736  |   1|   0|    1|          0|
    |icmp_ln42_400_reg_6767  |   1|   0|    1|          0|
    |icmp_ln42_404_reg_6798  |   1|   0|    1|          0|
    |icmp_ln42_408_reg_6829  |   1|   0|    1|          0|
    |icmp_ln42_412_reg_6860  |   1|   0|    1|          0|
    |icmp_ln42_416_reg_6891  |   1|   0|    1|          0|
    |icmp_ln42_420_reg_6922  |   1|   0|    1|          0|
    |icmp_ln42_424_reg_6953  |   1|   0|    1|          0|
    |icmp_ln42_428_reg_6984  |   1|   0|    1|          0|
    |icmp_ln42_432_reg_7015  |   1|   0|    1|          0|
    |icmp_ln42_436_reg_7046  |   1|   0|    1|          0|
    |icmp_ln42_440_reg_7077  |   1|   0|    1|          0|
    |idx_int_reg             |   5|   0|    5|          0|
    |tmp_14014_reg_6628      |   1|   0|    1|          0|
    |tmp_14020_reg_6659      |   1|   0|    1|          0|
    |tmp_14026_reg_6690      |   1|   0|    1|          0|
    |tmp_14032_reg_6721      |   1|   0|    1|          0|
    |tmp_14038_reg_6752      |   1|   0|    1|          0|
    |tmp_14044_reg_6783      |   1|   0|    1|          0|
    |tmp_14050_reg_6814      |   1|   0|    1|          0|
    |tmp_14056_reg_6845      |   1|   0|    1|          0|
    |tmp_14062_reg_6876      |   1|   0|    1|          0|
    |tmp_14068_reg_6907      |   1|   0|    1|          0|
    |tmp_14074_reg_6938      |   1|   0|    1|          0|
    |tmp_14080_reg_6969      |   1|   0|    1|          0|
    |tmp_14086_reg_7000      |   1|   0|    1|          0|
    |tmp_14092_reg_7031      |   1|   0|    1|          0|
    |tmp_14098_reg_7062      |   1|   0|    1|          0|
    |tmp_14120_reg_7099      |   1|   0|    1|          0|
    |tmp_14121_reg_7106      |   1|   0|    1|          0|
    |tmp_14122_reg_7119      |   1|   0|    1|          0|
    |tmp_14123_reg_7126      |   1|   0|    1|          0|
    |tmp_14124_reg_7139      |   1|   0|    1|          0|
    |tmp_14125_reg_7146      |   1|   0|    1|          0|
    |tmp_14126_reg_7159      |   1|   0|    1|          0|
    |tmp_14127_reg_7166      |   1|   0|    1|          0|
    |tmp_reg_6597            |   1|   0|    1|          0|
    |weights_48_val_int_reg  |  13|   0|   13|          0|
    |weights_49_val_int_reg  |  13|   0|   13|          0|
    |weights_50_val_int_reg  |  13|   0|   13|          0|
    |weights_51_val_int_reg  |  13|   0|   13|          0|
    |weights_52_val_int_reg  |  13|   0|   13|          0|
    |weights_53_val_int_reg  |  13|   0|   13|          0|
    |weights_54_val_int_reg  |  13|   0|   13|          0|
    |weights_55_val_int_reg  |  13|   0|   13|          0|
    |weights_56_val_int_reg  |  13|   0|   13|          0|
    |weights_57_val_int_reg  |  13|   0|   13|          0|
    |weights_58_val_int_reg  |  13|   0|   13|          0|
    |weights_59_val_int_reg  |  13|   0|   13|          0|
    |weights_60_val_int_reg  |  13|   0|   13|          0|
    |weights_61_val_int_reg  |  13|   0|   13|          0|
    |weights_62_val_int_reg  |  13|   0|   13|          0|
    |weights_63_val_int_reg  |  13|   0|   13|          0|
    +------------------------+----+----+-----+-----------+
    |Total                   | 769|   0|  769|          0|
    +------------------------+----+----+-----+-----------+



================================================================
== Interface
================================================================
* Summary: 
+----------------+-----+-----+------------+------------------------------------------------------------------------------------+--------------+
|    RTL Ports   | Dir | Bits|  Protocol  |                                    Source Object                                   |    C Type    |
+----------------+-----+-----+------------+------------------------------------------------------------------------------------+--------------+
|ap_clk          |   in|    1|  ap_ctrl_hs|  dense_latency<ap_fixed<13, 4, 4, 0, 0>, ap_fixed<13, 4, 4, 0, 0>, config5_dense>.3|  return value|
|ap_rst          |   in|    1|  ap_ctrl_hs|  dense_latency<ap_fixed<13, 4, 4, 0, 0>, ap_fixed<13, 4, 4, 0, 0>, config5_dense>.3|  return value|
|ap_return_0     |  out|   13|  ap_ctrl_hs|  dense_latency<ap_fixed<13, 4, 4, 0, 0>, ap_fixed<13, 4, 4, 0, 0>, config5_dense>.3|  return value|
|ap_return_1     |  out|   13|  ap_ctrl_hs|  dense_latency<ap_fixed<13, 4, 4, 0, 0>, ap_fixed<13, 4, 4, 0, 0>, config5_dense>.3|  return value|
|ap_return_2     |  out|   13|  ap_ctrl_hs|  dense_latency<ap_fixed<13, 4, 4, 0, 0>, ap_fixed<13, 4, 4, 0, 0>, config5_dense>.3|  return value|
|ap_return_3     |  out|   13|  ap_ctrl_hs|  dense_latency<ap_fixed<13, 4, 4, 0, 0>, ap_fixed<13, 4, 4, 0, 0>, config5_dense>.3|  return value|
|ap_ce           |   in|    1|  ap_ctrl_hs|  dense_latency<ap_fixed<13, 4, 4, 0, 0>, ap_fixed<13, 4, 4, 0, 0>, config5_dense>.3|  return value|
|data_48_val     |   in|   13|     ap_none|                                                                         data_48_val|        scalar|
|data_49_val     |   in|   13|     ap_none|                                                                         data_49_val|        scalar|
|data_50_val     |   in|   13|     ap_none|                                                                         data_50_val|        scalar|
|data_51_val     |   in|   13|     ap_none|                                                                         data_51_val|        scalar|
|data_52_val     |   in|   13|     ap_none|                                                                         data_52_val|        scalar|
|data_53_val     |   in|   13|     ap_none|                                                                         data_53_val|        scalar|
|data_54_val     |   in|   13|     ap_none|                                                                         data_54_val|        scalar|
|data_55_val     |   in|   13|     ap_none|                                                                         data_55_val|        scalar|
|data_56_val     |   in|   13|     ap_none|                                                                         data_56_val|        scalar|
|data_57_val     |   in|   13|     ap_none|                                                                         data_57_val|        scalar|
|data_58_val     |   in|   13|     ap_none|                                                                         data_58_val|        scalar|
|data_59_val     |   in|   13|     ap_none|                                                                         data_59_val|        scalar|
|data_60_val     |   in|   13|     ap_none|                                                                         data_60_val|        scalar|
|data_61_val     |   in|   13|     ap_none|                                                                         data_61_val|        scalar|
|data_62_val     |   in|   13|     ap_none|                                                                         data_62_val|        scalar|
|data_63_val     |   in|   13|     ap_none|                                                                         data_63_val|        scalar|
|weights_48_val  |   in|   13|     ap_none|                                                                      weights_48_val|        scalar|
|weights_49_val  |   in|   13|     ap_none|                                                                      weights_49_val|        scalar|
|weights_50_val  |   in|   13|     ap_none|                                                                      weights_50_val|        scalar|
|weights_51_val  |   in|   13|     ap_none|                                                                      weights_51_val|        scalar|
|weights_52_val  |   in|   13|     ap_none|                                                                      weights_52_val|        scalar|
|weights_53_val  |   in|   13|     ap_none|                                                                      weights_53_val|        scalar|
|weights_54_val  |   in|   13|     ap_none|                                                                      weights_54_val|        scalar|
|weights_55_val  |   in|   13|     ap_none|                                                                      weights_55_val|        scalar|
|weights_56_val  |   in|   13|     ap_none|                                                                      weights_56_val|        scalar|
|weights_57_val  |   in|   13|     ap_none|                                                                      weights_57_val|        scalar|
|weights_58_val  |   in|   13|     ap_none|                                                                      weights_58_val|        scalar|
|weights_59_val  |   in|   13|     ap_none|                                                                      weights_59_val|        scalar|
|weights_60_val  |   in|   13|     ap_none|                                                                      weights_60_val|        scalar|
|weights_61_val  |   in|   13|     ap_none|                                                                      weights_61_val|        scalar|
|weights_62_val  |   in|   13|     ap_none|                                                                      weights_62_val|        scalar|
|weights_63_val  |   in|   13|     ap_none|                                                                      weights_63_val|        scalar|
|idx             |   in|    5|     ap_none|                                                                                 idx|        scalar|
+----------------+-----+-----+------------+------------------------------------------------------------------------------------+--------------+

