

================================================================
== Vitis HLS Report for 'dense_latency_ap_fixed_13_4_4_0_0_ap_fixed_13_4_4_0_0_config5_dense_1'
================================================================
* Date:           Mon Feb 10 03:33:22 2025

* Version:        2023.2 (Build 4023990 on Oct 11 2023)
* Project:        myproject_prj
* Solution:       solution1 (Vivado IP Flow Target)
* Product family: virtexuplus
* Target device:  xcvu13p-flga2577-2-e


================================================================
== Performance Estimates
================================================================
+ Timing: 
    * Summary: 
    +--------+---------+----------+------------+
    |  Clock |  Target | Estimated| Uncertainty|
    +--------+---------+----------+------------+
    |ap_clk  |  5.00 ns|  4.339 ns|     0.62 ns|
    +--------+---------+----------+------------+

+ Latency: 
    * Summary: 
    +---------+---------+-----------+-----------+-----+-----+---------+
    |  Latency (cycles) |   Latency (absolute)  |  Interval | Pipeline|
    |   min   |   max   |    min    |    max    | min | max |   Type  |
    +---------+---------+-----------+-----------+-----+-----+---------+
    |        2|        2|  10.000 ns|  10.000 ns|    1|    1|      yes|
    +---------+---------+-----------+-----------+-----+-----+---------+

    + Detail: 
        * Instance: 
        N/A

        * Loop: 
        N/A



================================================================
== Utilization Estimates
================================================================
* Summary: 
+---------------------+---------+-------+---------+---------+------+
|         Name        | BRAM_18K|  DSP  |    FF   |   LUT   | URAM |
+---------------------+---------+-------+---------+---------+------+
|DSP                  |        -|      -|        -|        -|     -|
|Expression           |        -|      -|        0|     3252|     -|
|FIFO                 |        -|      -|        -|        -|     -|
|Instance             |        -|     16|        0|      324|     -|
|Memory               |        -|      -|        -|        -|     -|
|Multiplexer          |        -|      -|        -|        -|     -|
|Register             |        -|      -|      769|        -|     -|
+---------------------+---------+-------+---------+---------+------+
|Total                |        0|     16|      769|     3576|     0|
+---------------------+---------+-------+---------+---------+------+
|Available SLR        |     1344|   3072|   864000|   432000|   320|
+---------------------+---------+-------+---------+---------+------+
|Utilization SLR (%)  |        0|     ~0|       ~0|       ~0|     0|
+---------------------+---------+-------+---------+---------+------+
|Available            |     5376|  12288|  3456000|  1728000|  1280|
+---------------------+---------+-------+---------+---------+------+
|Utilization (%)      |        0|     ~0|       ~0|       ~0|     0|
+---------------------+---------+-------+---------+---------+------+

+ Detail: 
    * Instance: 
    +-----------------------------+-----------------------+---------+----+---+----+-----+
    |           Instance          |         Module        | BRAM_18K| DSP| FF| LUT| URAM|
    +-----------------------------+-----------------------+---------+----+---+----+-----+
    |mul_13s_13s_26_1_1_U3061     |mul_13s_13s_26_1_1     |        0|   1|  0|   4|    0|
    |mul_13s_13s_26_1_1_U3062     |mul_13s_13s_26_1_1     |        0|   1|  0|   4|    0|
    |mul_13s_13s_26_1_1_U3063     |mul_13s_13s_26_1_1     |        0|   1|  0|   4|    0|
    |mul_13s_13s_26_1_1_U3064     |mul_13s_13s_26_1_1     |        0|   1|  0|   4|    0|
    |mul_13s_13s_26_1_1_U3065     |mul_13s_13s_26_1_1     |        0|   1|  0|   4|    0|
    |mul_13s_13s_26_1_1_U3066     |mul_13s_13s_26_1_1     |        0|   1|  0|   4|    0|
    |mul_13s_13s_26_1_1_U3067     |mul_13s_13s_26_1_1     |        0|   1|  0|   4|    0|
    |mul_13s_13s_26_1_1_U3068     |mul_13s_13s_26_1_1     |        0|   1|  0|   4|    0|
    |mul_13s_13s_26_1_1_U3069     |mul_13s_13s_26_1_1     |        0|   1|  0|   4|    0|
    |mul_13s_13s_26_1_1_U3070     |mul_13s_13s_26_1_1     |        0|   1|  0|   4|    0|
    |mul_13s_13s_26_1_1_U3071     |mul_13s_13s_26_1_1     |        0|   1|  0|   4|    0|
    |mul_13s_13s_26_1_1_U3072     |mul_13s_13s_26_1_1     |        0|   1|  0|   4|    0|
    |mul_13s_13s_26_1_1_U3073     |mul_13s_13s_26_1_1     |        0|   1|  0|   4|    0|
    |mul_13s_13s_26_1_1_U3074     |mul_13s_13s_26_1_1     |        0|   1|  0|   4|    0|
    |mul_13s_13s_26_1_1_U3075     |mul_13s_13s_26_1_1     |        0|   1|  0|   4|    0|
    |mul_13s_13s_26_1_1_U3076     |mul_13s_13s_26_1_1     |        0|   1|  0|   4|    0|
    |sparsemux_27_5_13_1_1_U3077  |sparsemux_27_5_13_1_1  |        0|   0|  0|  65|    0|
    |sparsemux_27_5_13_1_1_U3078  |sparsemux_27_5_13_1_1  |        0|   0|  0|  65|    0|
    |sparsemux_27_5_13_1_1_U3079  |sparsemux_27_5_13_1_1  |        0|   0|  0|  65|    0|
    |sparsemux_27_5_13_1_1_U3080  |sparsemux_27_5_13_1_1  |        0|   0|  0|  65|    0|
    +-----------------------------+-----------------------+---------+----+---+----+-----+
    |Total                        |                       |        0|  16|  0| 324|    0|
    +-----------------------------+-----------------------+---------+----+---+----+-----+

    * DSP: 
    N/A

    * Memory: 
    N/A

    * FIFO: 
    N/A

    * Expression: 
    +----------------------------+----------+----+---+----+------------+------------+
    |        Variable Name       | Operation| DSP| FF| LUT| Bitwidth P0| Bitwidth P1|
    +----------------------------+----------+----+---+----+------------+------------+
    |add_ln42_151_fu_1581_p2     |         +|   0|  0|  20|          13|          13|
    |add_ln42_152_fu_1784_p2     |         +|   0|  0|  20|          13|          13|
    |add_ln42_153_fu_1987_p2     |         +|   0|  0|  20|          13|          13|
    |add_ln42_154_fu_2258_p2     |         +|   0|  0|  20|          13|          13|
    |add_ln42_155_fu_2461_p2     |         +|   0|  0|  20|          13|          13|
    |add_ln42_156_fu_2664_p2     |         +|   0|  0|  20|          13|          13|
    |add_ln42_157_fu_2867_p2     |         +|   0|  0|  20|          13|          13|
    |add_ln42_158_fu_3138_p2     |         +|   0|  0|  20|          13|          13|
    |add_ln42_159_fu_3341_p2     |         +|   0|  0|  20|          13|          13|
    |add_ln42_160_fu_3544_p2     |         +|   0|  0|  20|          13|          13|
    |add_ln42_161_fu_3747_p2     |         +|   0|  0|  20|          13|          13|
    |add_ln42_162_fu_4018_p2     |         +|   0|  0|  20|          13|          13|
    |add_ln42_163_fu_4221_p2     |         +|   0|  0|  20|          13|          13|
    |add_ln42_164_fu_4424_p2     |         +|   0|  0|  20|          13|          13|
    |add_ln42_165_fu_4627_p2     |         +|   0|  0|  20|          13|          13|
    |add_ln42_fu_1378_p2         |         +|   0|  0|  20|          13|          13|
    |add_ln58_111_fu_5497_p2     |         +|   0|  0|  21|          14|          14|
    |add_ln58_112_fu_5599_p2     |         +|   0|  0|  21|          14|          14|
    |add_ln58_113_fu_5701_p2     |         +|   0|  0|  21|          14|          14|
    |add_ln58_114_fu_5803_p2     |         +|   0|  0|  21|          14|          14|
    |add_ln58_115_fu_5905_p2     |         +|   0|  0|  21|          14|          14|
    |add_ln58_116_fu_6007_p2     |         +|   0|  0|  21|          14|          14|
    |add_ln58_117_fu_6109_p2     |         +|   0|  0|  21|          14|          14|
    |add_ln58_118_fu_6211_p2     |         +|   0|  0|  21|          14|          14|
    |add_ln58_119_fu_6247_p2     |         +|   0|  0|  21|          14|          14|
    |add_ln58_120_fu_6283_p2     |         +|   0|  0|  21|          14|          14|
    |add_ln58_121_fu_6319_p2     |         +|   0|  0|  21|          14|          14|
    |add_ln58_132_fu_5389_p2     |         +|   0|  0|  20|          13|          13|
    |add_ln58_133_fu_5491_p2     |         +|   0|  0|  20|          13|          13|
    |add_ln58_134_fu_5593_p2     |         +|   0|  0|  20|          13|          13|
    |add_ln58_135_fu_5695_p2     |         +|   0|  0|  20|          13|          13|
    |add_ln58_136_fu_5797_p2     |         +|   0|  0|  20|          13|          13|
    |add_ln58_137_fu_5899_p2     |         +|   0|  0|  20|          13|          13|
    |add_ln58_138_fu_6001_p2     |         +|   0|  0|  20|          13|          13|
    |add_ln58_139_fu_6103_p2     |         +|   0|  0|  20|          13|          13|
    |add_ln58_140_fu_6205_p2     |         +|   0|  0|  20|          13|          13|
    |add_ln58_141_fu_6241_p2     |         +|   0|  0|  20|          13|          13|
    |add_ln58_142_fu_6277_p2     |         +|   0|  0|  20|          13|          13|
    |add_ln58_143_fu_6313_p2     |         +|   0|  0|  20|          13|          13|
    |add_ln58_fu_5395_p2         |         +|   0|  0|  21|          14|          14|
    |and_ln42_1111_fu_1398_p2    |       and|   0|  0|   2|           1|           1|
    |and_ln42_1112_fu_1464_p2    |       and|   0|  0|   2|           1|           1|
    |and_ln42_1113_fu_4757_p2    |       and|   0|  0|   2|           1|           1|
    |and_ln42_1114_fu_1496_p2    |       and|   0|  0|   2|           1|           1|
    |and_ln42_1115_fu_1502_p2    |       and|   0|  0|   2|           1|           1|
    |and_ln42_1116_fu_4772_p2    |       and|   0|  0|   2|           1|           1|
    |and_ln42_1117_fu_1571_p2    |       and|   0|  0|   2|           1|           1|
    |and_ln42_1118_fu_1601_p2    |       and|   0|  0|   2|           1|           1|
    |and_ln42_1119_fu_1667_p2    |       and|   0|  0|   2|           1|           1|
    |and_ln42_1120_fu_4796_p2    |       and|   0|  0|   2|           1|           1|
    |and_ln42_1121_fu_1699_p2    |       and|   0|  0|   2|           1|           1|
    |and_ln42_1122_fu_1705_p2    |       and|   0|  0|   2|           1|           1|
    |and_ln42_1123_fu_4811_p2    |       and|   0|  0|   2|           1|           1|
    |and_ln42_1124_fu_1774_p2    |       and|   0|  0|   2|           1|           1|
    |and_ln42_1125_fu_1804_p2    |       and|   0|  0|   2|           1|           1|
    |and_ln42_1126_fu_1870_p2    |       and|   0|  0|   2|           1|           1|
    |and_ln42_1127_fu_4835_p2    |       and|   0|  0|   2|           1|           1|
    |and_ln42_1128_fu_1902_p2    |       and|   0|  0|   2|           1|           1|
    |and_ln42_1129_fu_1908_p2    |       and|   0|  0|   2|           1|           1|
    |and_ln42_1130_fu_4850_p2    |       and|   0|  0|   2|           1|           1|
    |and_ln42_1131_fu_1977_p2    |       and|   0|  0|   2|           1|           1|
    |and_ln42_1132_fu_2007_p2    |       and|   0|  0|   2|           1|           1|
    |and_ln42_1133_fu_2073_p2    |       and|   0|  0|   2|           1|           1|
    |and_ln42_1134_fu_4874_p2    |       and|   0|  0|   2|           1|           1|
    |and_ln42_1135_fu_2105_p2    |       and|   0|  0|   2|           1|           1|
    |and_ln42_1136_fu_2111_p2    |       and|   0|  0|   2|           1|           1|
    |and_ln42_1137_fu_4889_p2    |       and|   0|  0|   2|           1|           1|
    |and_ln42_1138_fu_2248_p2    |       and|   0|  0|   2|           1|           1|
    |and_ln42_1139_fu_2278_p2    |       and|   0|  0|   2|           1|           1|
    |and_ln42_1140_fu_2344_p2    |       and|   0|  0|   2|           1|           1|
    |and_ln42_1141_fu_4913_p2    |       and|   0|  0|   2|           1|           1|
    |and_ln42_1142_fu_2376_p2    |       and|   0|  0|   2|           1|           1|
    |and_ln42_1143_fu_2382_p2    |       and|   0|  0|   2|           1|           1|
    |and_ln42_1144_fu_4928_p2    |       and|   0|  0|   2|           1|           1|
    |and_ln42_1145_fu_2451_p2    |       and|   0|  0|   2|           1|           1|
    |and_ln42_1146_fu_2481_p2    |       and|   0|  0|   2|           1|           1|
    |and_ln42_1147_fu_2547_p2    |       and|   0|  0|   2|           1|           1|
    |and_ln42_1148_fu_4952_p2    |       and|   0|  0|   2|           1|           1|
    |and_ln42_1149_fu_2579_p2    |       and|   0|  0|   2|           1|           1|
    |and_ln42_1150_fu_2585_p2    |       and|   0|  0|   2|           1|           1|
    |and_ln42_1151_fu_4967_p2    |       and|   0|  0|   2|           1|           1|
    |and_ln42_1152_fu_2654_p2    |       and|   0|  0|   2|           1|           1|
    |and_ln42_1153_fu_2684_p2    |       and|   0|  0|   2|           1|           1|
    |and_ln42_1154_fu_2750_p2    |       and|   0|  0|   2|           1|           1|
    |and_ln42_1155_fu_4991_p2    |       and|   0|  0|   2|           1|           1|
    |and_ln42_1156_fu_2782_p2    |       and|   0|  0|   2|           1|           1|
    |and_ln42_1157_fu_2788_p2    |       and|   0|  0|   2|           1|           1|
    |and_ln42_1158_fu_5006_p2    |       and|   0|  0|   2|           1|           1|
    |and_ln42_1159_fu_2857_p2    |       and|   0|  0|   2|           1|           1|
    |and_ln42_1160_fu_2887_p2    |       and|   0|  0|   2|           1|           1|
    |and_ln42_1161_fu_2953_p2    |       and|   0|  0|   2|           1|           1|
    |and_ln42_1162_fu_5030_p2    |       and|   0|  0|   2|           1|           1|
    |and_ln42_1163_fu_2985_p2    |       and|   0|  0|   2|           1|           1|
    |and_ln42_1164_fu_2991_p2    |       and|   0|  0|   2|           1|           1|
    |and_ln42_1165_fu_5045_p2    |       and|   0|  0|   2|           1|           1|
    |and_ln42_1166_fu_3128_p2    |       and|   0|  0|   2|           1|           1|
    |and_ln42_1167_fu_3158_p2    |       and|   0|  0|   2|           1|           1|
    |and_ln42_1168_fu_3224_p2    |       and|   0|  0|   2|           1|           1|
    |and_ln42_1169_fu_5069_p2    |       and|   0|  0|   2|           1|           1|
    |and_ln42_1170_fu_3256_p2    |       and|   0|  0|   2|           1|           1|
    |and_ln42_1171_fu_3262_p2    |       and|   0|  0|   2|           1|           1|
    |and_ln42_1172_fu_5084_p2    |       and|   0|  0|   2|           1|           1|
    |and_ln42_1173_fu_3331_p2    |       and|   0|  0|   2|           1|           1|
    |and_ln42_1174_fu_3361_p2    |       and|   0|  0|   2|           1|           1|
    |and_ln42_1175_fu_3427_p2    |       and|   0|  0|   2|           1|           1|
    |and_ln42_1176_fu_5108_p2    |       and|   0|  0|   2|           1|           1|
    |and_ln42_1177_fu_3459_p2    |       and|   0|  0|   2|           1|           1|
    |and_ln42_1178_fu_3465_p2    |       and|   0|  0|   2|           1|           1|
    |and_ln42_1179_fu_5123_p2    |       and|   0|  0|   2|           1|           1|
    |and_ln42_1180_fu_3534_p2    |       and|   0|  0|   2|           1|           1|
    |and_ln42_1181_fu_3564_p2    |       and|   0|  0|   2|           1|           1|
    |and_ln42_1182_fu_3630_p2    |       and|   0|  0|   2|           1|           1|
    |and_ln42_1183_fu_5147_p2    |       and|   0|  0|   2|           1|           1|
    |and_ln42_1184_fu_3662_p2    |       and|   0|  0|   2|           1|           1|
    |and_ln42_1185_fu_3668_p2    |       and|   0|  0|   2|           1|           1|
    |and_ln42_1186_fu_5162_p2    |       and|   0|  0|   2|           1|           1|
    |and_ln42_1187_fu_3737_p2    |       and|   0|  0|   2|           1|           1|
    |and_ln42_1188_fu_3767_p2    |       and|   0|  0|   2|           1|           1|
    |and_ln42_1189_fu_3833_p2    |       and|   0|  0|   2|           1|           1|
    |and_ln42_1190_fu_5186_p2    |       and|   0|  0|   2|           1|           1|
    |and_ln42_1191_fu_3865_p2    |       and|   0|  0|   2|           1|           1|
    |and_ln42_1192_fu_3871_p2    |       and|   0|  0|   2|           1|           1|
    |and_ln42_1193_fu_5201_p2    |       and|   0|  0|   2|           1|           1|
    |and_ln42_1194_fu_4008_p2    |       and|   0|  0|   2|           1|           1|
    |and_ln42_1195_fu_4038_p2    |       and|   0|  0|   2|           1|           1|
    |and_ln42_1196_fu_4104_p2    |       and|   0|  0|   2|           1|           1|
    |and_ln42_1197_fu_5225_p2    |       and|   0|  0|   2|           1|           1|
    |and_ln42_1198_fu_4136_p2    |       and|   0|  0|   2|           1|           1|
    |and_ln42_1199_fu_4142_p2    |       and|   0|  0|   2|           1|           1|
    |and_ln42_1200_fu_5240_p2    |       and|   0|  0|   2|           1|           1|
    |and_ln42_1201_fu_4211_p2    |       and|   0|  0|   2|           1|           1|
    |and_ln42_1202_fu_4241_p2    |       and|   0|  0|   2|           1|           1|
    |and_ln42_1203_fu_4307_p2    |       and|   0|  0|   2|           1|           1|
    |and_ln42_1204_fu_5264_p2    |       and|   0|  0|   2|           1|           1|
    |and_ln42_1205_fu_4339_p2    |       and|   0|  0|   2|           1|           1|
    |and_ln42_1206_fu_4345_p2    |       and|   0|  0|   2|           1|           1|
    |and_ln42_1207_fu_5279_p2    |       and|   0|  0|   2|           1|           1|
    |and_ln42_1208_fu_4414_p2    |       and|   0|  0|   2|           1|           1|
    |and_ln42_1209_fu_4444_p2    |       and|   0|  0|   2|           1|           1|
    |and_ln42_1210_fu_4510_p2    |       and|   0|  0|   2|           1|           1|
    |and_ln42_1211_fu_5303_p2    |       and|   0|  0|   2|           1|           1|
    |and_ln42_1212_fu_4542_p2    |       and|   0|  0|   2|           1|           1|
    |and_ln42_1213_fu_4548_p2    |       and|   0|  0|   2|           1|           1|
    |and_ln42_1214_fu_5318_p2    |       and|   0|  0|   2|           1|           1|
    |and_ln42_1215_fu_4617_p2    |       and|   0|  0|   2|           1|           1|
    |and_ln42_1216_fu_4647_p2    |       and|   0|  0|   2|           1|           1|
    |and_ln42_1217_fu_4713_p2    |       and|   0|  0|   2|           1|           1|
    |and_ln42_1218_fu_5342_p2    |       and|   0|  0|   2|           1|           1|
    |and_ln42_1219_fu_4745_p2    |       and|   0|  0|   2|           1|           1|
    |and_ln42_1220_fu_4751_p2    |       and|   0|  0|   2|           1|           1|
    |and_ln42_1221_fu_5357_p2    |       and|   0|  0|   2|           1|           1|
    |and_ln42_fu_1368_p2         |       and|   0|  0|   2|           1|           1|
    |and_ln58_231_fu_5435_p2     |       and|   0|  0|   2|           1|           1|
    |and_ln58_232_fu_5525_p2     |       and|   0|  0|   2|           1|           1|
    |and_ln58_233_fu_5537_p2     |       and|   0|  0|   2|           1|           1|
    |and_ln58_234_fu_5627_p2     |       and|   0|  0|   2|           1|           1|
    |and_ln58_235_fu_5639_p2     |       and|   0|  0|   2|           1|           1|
    |and_ln58_236_fu_5729_p2     |       and|   0|  0|   2|           1|           1|
    |and_ln58_237_fu_5741_p2     |       and|   0|  0|   2|           1|           1|
    |and_ln58_238_fu_5831_p2     |       and|   0|  0|   2|           1|           1|
    |and_ln58_239_fu_5843_p2     |       and|   0|  0|   2|           1|           1|
    |and_ln58_240_fu_5933_p2     |       and|   0|  0|   2|           1|           1|
    |and_ln58_241_fu_5945_p2     |       and|   0|  0|   2|           1|           1|
    |and_ln58_242_fu_6035_p2     |       and|   0|  0|   2|           1|           1|
    |and_ln58_243_fu_6047_p2     |       and|   0|  0|   2|           1|           1|
    |and_ln58_244_fu_6137_p2     |       and|   0|  0|   2|           1|           1|
    |and_ln58_245_fu_6149_p2     |       and|   0|  0|   2|           1|           1|
    |and_ln58_246_fu_6346_p2     |       and|   0|  0|   2|           1|           1|
    |and_ln58_247_fu_6356_p2     |       and|   0|  0|   2|           1|           1|
    |and_ln58_248_fu_6404_p2     |       and|   0|  0|   2|           1|           1|
    |and_ln58_249_fu_6414_p2     |       and|   0|  0|   2|           1|           1|
    |and_ln58_250_fu_6462_p2     |       and|   0|  0|   2|           1|           1|
    |and_ln58_251_fu_6472_p2     |       and|   0|  0|   2|           1|           1|
    |and_ln58_252_fu_6520_p2     |       and|   0|  0|   2|           1|           1|
    |and_ln58_253_fu_6530_p2     |       and|   0|  0|   2|           1|           1|
    |and_ln58_fu_5423_p2         |       and|   0|  0|   2|           1|           1|
    |icmp_ln42_631_fu_1414_p2    |      icmp|   0|  0|  10|           3|           2|
    |icmp_ln42_632_fu_1430_p2    |      icmp|   0|  0|  12|           4|           2|
    |icmp_ln42_633_fu_1436_p2    |      icmp|   0|  0|  12|           4|           1|
    |icmp_ln42_634_fu_1551_p2    |      icmp|   0|  0|  15|           8|           1|
    |icmp_ln42_635_fu_1617_p2    |      icmp|   0|  0|  10|           3|           2|
    |icmp_ln42_636_fu_1633_p2    |      icmp|   0|  0|  12|           4|           2|
    |icmp_ln42_637_fu_1639_p2    |      icmp|   0|  0|  12|           4|           1|
    |icmp_ln42_638_fu_1754_p2    |      icmp|   0|  0|  15|           8|           1|
    |icmp_ln42_639_fu_1820_p2    |      icmp|   0|  0|  10|           3|           2|
    |icmp_ln42_640_fu_1836_p2    |      icmp|   0|  0|  12|           4|           2|
    |icmp_ln42_641_fu_1842_p2    |      icmp|   0|  0|  12|           4|           1|
    |icmp_ln42_642_fu_1957_p2    |      icmp|   0|  0|  15|           8|           1|
    |icmp_ln42_643_fu_2023_p2    |      icmp|   0|  0|  10|           3|           2|
    |icmp_ln42_644_fu_2039_p2    |      icmp|   0|  0|  12|           4|           2|
    |icmp_ln42_645_fu_2045_p2    |      icmp|   0|  0|  12|           4|           1|
    |icmp_ln42_646_fu_2228_p2    |      icmp|   0|  0|  15|           8|           1|
    |icmp_ln42_647_fu_2294_p2    |      icmp|   0|  0|  10|           3|           2|
    |icmp_ln42_648_fu_2310_p2    |      icmp|   0|  0|  12|           4|           2|
    |icmp_ln42_649_fu_2316_p2    |      icmp|   0|  0|  12|           4|           1|
    |icmp_ln42_650_fu_2431_p2    |      icmp|   0|  0|  15|           8|           1|
    |icmp_ln42_651_fu_2497_p2    |      icmp|   0|  0|  10|           3|           2|
    |icmp_ln42_652_fu_2513_p2    |      icmp|   0|  0|  12|           4|           2|
    |icmp_ln42_653_fu_2519_p2    |      icmp|   0|  0|  12|           4|           1|
    |icmp_ln42_654_fu_2634_p2    |      icmp|   0|  0|  15|           8|           1|
    |icmp_ln42_655_fu_2700_p2    |      icmp|   0|  0|  10|           3|           2|
    |icmp_ln42_656_fu_2716_p2    |      icmp|   0|  0|  12|           4|           2|
    |icmp_ln42_657_fu_2722_p2    |      icmp|   0|  0|  12|           4|           1|
    |icmp_ln42_658_fu_2837_p2    |      icmp|   0|  0|  15|           8|           1|
    |icmp_ln42_659_fu_2903_p2    |      icmp|   0|  0|  10|           3|           2|
    |icmp_ln42_660_fu_2919_p2    |      icmp|   0|  0|  12|           4|           2|
    |icmp_ln42_661_fu_2925_p2    |      icmp|   0|  0|  12|           4|           1|
    |icmp_ln42_662_fu_3108_p2    |      icmp|   0|  0|  15|           8|           1|
    |icmp_ln42_663_fu_3174_p2    |      icmp|   0|  0|  10|           3|           2|
    |icmp_ln42_664_fu_3190_p2    |      icmp|   0|  0|  12|           4|           2|
    |icmp_ln42_665_fu_3196_p2    |      icmp|   0|  0|  12|           4|           1|
    |icmp_ln42_666_fu_3311_p2    |      icmp|   0|  0|  15|           8|           1|
    |icmp_ln42_667_fu_3377_p2    |      icmp|   0|  0|  10|           3|           2|
    |icmp_ln42_668_fu_3393_p2    |      icmp|   0|  0|  12|           4|           2|
    |icmp_ln42_669_fu_3399_p2    |      icmp|   0|  0|  12|           4|           1|
    |icmp_ln42_670_fu_3514_p2    |      icmp|   0|  0|  15|           8|           1|
    |icmp_ln42_671_fu_3580_p2    |      icmp|   0|  0|  10|           3|           2|
    |icmp_ln42_672_fu_3596_p2    |      icmp|   0|  0|  12|           4|           2|
    |icmp_ln42_673_fu_3602_p2    |      icmp|   0|  0|  12|           4|           1|
    |icmp_ln42_674_fu_3717_p2    |      icmp|   0|  0|  15|           8|           1|
    |icmp_ln42_675_fu_3783_p2    |      icmp|   0|  0|  10|           3|           2|
    |icmp_ln42_676_fu_3799_p2    |      icmp|   0|  0|  12|           4|           2|
    |icmp_ln42_677_fu_3805_p2    |      icmp|   0|  0|  12|           4|           1|
    |icmp_ln42_678_fu_3988_p2    |      icmp|   0|  0|  15|           8|           1|
    |icmp_ln42_679_fu_4054_p2    |      icmp|   0|  0|  10|           3|           2|
    |icmp_ln42_680_fu_4070_p2    |      icmp|   0|  0|  12|           4|           2|
    |icmp_ln42_681_fu_4076_p2    |      icmp|   0|  0|  12|           4|           1|
    |icmp_ln42_682_fu_4191_p2    |      icmp|   0|  0|  15|           8|           1|
    |icmp_ln42_683_fu_4257_p2    |      icmp|   0|  0|  10|           3|           2|
    |icmp_ln42_684_fu_4273_p2    |      icmp|   0|  0|  12|           4|           2|
    |icmp_ln42_685_fu_4279_p2    |      icmp|   0|  0|  12|           4|           1|
    |icmp_ln42_686_fu_4394_p2    |      icmp|   0|  0|  15|           8|           1|
    |icmp_ln42_687_fu_4460_p2    |      icmp|   0|  0|  10|           3|           2|
    |icmp_ln42_688_fu_4476_p2    |      icmp|   0|  0|  12|           4|           2|
    |icmp_ln42_689_fu_4482_p2    |      icmp|   0|  0|  12|           4|           1|
    |icmp_ln42_690_fu_4597_p2    |      icmp|   0|  0|  15|           8|           1|
    |icmp_ln42_691_fu_4663_p2    |      icmp|   0|  0|  10|           3|           2|
    |icmp_ln42_692_fu_4679_p2    |      icmp|   0|  0|  12|           4|           2|
    |icmp_ln42_693_fu_4685_p2    |      icmp|   0|  0|  12|           4|           1|
    |icmp_ln42_fu_1348_p2        |      icmp|   0|  0|  15|           8|           1|
    |or_ln42_471_fu_1484_p2      |        or|   0|  0|   2|           1|           1|
    |or_ln42_472_fu_4784_p2      |        or|   0|  0|   2|           1|           1|
    |or_ln42_473_fu_1565_p2      |        or|   0|  0|   2|           1|           1|
    |or_ln42_474_fu_1687_p2      |        or|   0|  0|   2|           1|           1|
    |or_ln42_475_fu_4823_p2      |        or|   0|  0|   2|           1|           1|
    |or_ln42_476_fu_1768_p2      |        or|   0|  0|   2|           1|           1|
    |or_ln42_477_fu_1890_p2      |        or|   0|  0|   2|           1|           1|
    |or_ln42_478_fu_4862_p2      |        or|   0|  0|   2|           1|           1|
    |or_ln42_479_fu_1971_p2      |        or|   0|  0|   2|           1|           1|
    |or_ln42_480_fu_2093_p2      |        or|   0|  0|   2|           1|           1|
    |or_ln42_481_fu_4901_p2      |        or|   0|  0|   2|           1|           1|
    |or_ln42_482_fu_2242_p2      |        or|   0|  0|   2|           1|           1|
    |or_ln42_483_fu_2364_p2      |        or|   0|  0|   2|           1|           1|
    |or_ln42_484_fu_4940_p2      |        or|   0|  0|   2|           1|           1|
    |or_ln42_485_fu_2445_p2      |        or|   0|  0|   2|           1|           1|
    |or_ln42_486_fu_2567_p2      |        or|   0|  0|   2|           1|           1|
    |or_ln42_487_fu_4979_p2      |        or|   0|  0|   2|           1|           1|
    |or_ln42_488_fu_2648_p2      |        or|   0|  0|   2|           1|           1|
    |or_ln42_489_fu_2770_p2      |        or|   0|  0|   2|           1|           1|
    |or_ln42_490_fu_5018_p2      |        or|   0|  0|   2|           1|           1|
    |or_ln42_491_fu_2851_p2      |        or|   0|  0|   2|           1|           1|
    |or_ln42_492_fu_2973_p2      |        or|   0|  0|   2|           1|           1|
    |or_ln42_493_fu_5057_p2      |        or|   0|  0|   2|           1|           1|
    |or_ln42_494_fu_3122_p2      |        or|   0|  0|   2|           1|           1|
    |or_ln42_495_fu_3244_p2      |        or|   0|  0|   2|           1|           1|
    |or_ln42_496_fu_5096_p2      |        or|   0|  0|   2|           1|           1|
    |or_ln42_497_fu_3325_p2      |        or|   0|  0|   2|           1|           1|
    |or_ln42_498_fu_3447_p2      |        or|   0|  0|   2|           1|           1|
    |or_ln42_499_fu_5135_p2      |        or|   0|  0|   2|           1|           1|
    |or_ln42_500_fu_3528_p2      |        or|   0|  0|   2|           1|           1|
    |or_ln42_501_fu_3650_p2      |        or|   0|  0|   2|           1|           1|
    |or_ln42_502_fu_5174_p2      |        or|   0|  0|   2|           1|           1|
    |or_ln42_503_fu_3731_p2      |        or|   0|  0|   2|           1|           1|
    |or_ln42_504_fu_3853_p2      |        or|   0|  0|   2|           1|           1|
    |or_ln42_505_fu_5213_p2      |        or|   0|  0|   2|           1|           1|
    |or_ln42_506_fu_4002_p2      |        or|   0|  0|   2|           1|           1|
    |or_ln42_507_fu_4124_p2      |        or|   0|  0|   2|           1|           1|
    |or_ln42_508_fu_5252_p2      |        or|   0|  0|   2|           1|           1|
    |or_ln42_509_fu_4205_p2      |        or|   0|  0|   2|           1|           1|
    |or_ln42_510_fu_4327_p2      |        or|   0|  0|   2|           1|           1|
    |or_ln42_511_fu_5291_p2      |        or|   0|  0|   2|           1|           1|
    |or_ln42_512_fu_4408_p2      |        or|   0|  0|   2|           1|           1|
    |or_ln42_513_fu_4530_p2      |        or|   0|  0|   2|           1|           1|
    |or_ln42_514_fu_5330_p2      |        or|   0|  0|   2|           1|           1|
    |or_ln42_515_fu_4611_p2      |        or|   0|  0|   2|           1|           1|
    |or_ln42_516_fu_4733_p2      |        or|   0|  0|   2|           1|           1|
    |or_ln42_517_fu_5369_p2      |        or|   0|  0|   2|           1|           1|
    |or_ln42_518_fu_4761_p2      |        or|   0|  0|   2|           1|           1|
    |or_ln42_519_fu_4800_p2      |        or|   0|  0|   2|           1|           1|
    |or_ln42_520_fu_4839_p2      |        or|   0|  0|   2|           1|           1|
    |or_ln42_521_fu_4878_p2      |        or|   0|  0|   2|           1|           1|
    |or_ln42_522_fu_4917_p2      |        or|   0|  0|   2|           1|           1|
    |or_ln42_523_fu_4956_p2      |        or|   0|  0|   2|           1|           1|
    |or_ln42_524_fu_4995_p2      |        or|   0|  0|   2|           1|           1|
    |or_ln42_525_fu_5034_p2      |        or|   0|  0|   2|           1|           1|
    |or_ln42_526_fu_5073_p2      |        or|   0|  0|   2|           1|           1|
    |or_ln42_527_fu_5112_p2      |        or|   0|  0|   2|           1|           1|
    |or_ln42_528_fu_5151_p2      |        or|   0|  0|   2|           1|           1|
    |or_ln42_529_fu_5190_p2      |        or|   0|  0|   2|           1|           1|
    |or_ln42_530_fu_5229_p2      |        or|   0|  0|   2|           1|           1|
    |or_ln42_531_fu_5268_p2      |        or|   0|  0|   2|           1|           1|
    |or_ln42_532_fu_5307_p2      |        or|   0|  0|   2|           1|           1|
    |or_ln42_533_fu_5346_p2      |        or|   0|  0|   2|           1|           1|
    |or_ln42_fu_1362_p2          |        or|   0|  0|   2|           1|           1|
    |or_ln58_111_fu_5555_p2      |        or|   0|  0|   2|           1|           1|
    |or_ln58_112_fu_5657_p2      |        or|   0|  0|   2|           1|           1|
    |or_ln58_113_fu_5759_p2      |        or|   0|  0|   2|           1|           1|
    |or_ln58_114_fu_5861_p2      |        or|   0|  0|   2|           1|           1|
    |or_ln58_115_fu_5963_p2      |        or|   0|  0|   2|           1|           1|
    |or_ln58_116_fu_6065_p2      |        or|   0|  0|   2|           1|           1|
    |or_ln58_117_fu_6167_p2      |        or|   0|  0|   2|           1|           1|
    |or_ln58_118_fu_6371_p2      |        or|   0|  0|   2|           1|           1|
    |or_ln58_119_fu_6429_p2      |        or|   0|  0|   2|           1|           1|
    |or_ln58_120_fu_6487_p2      |        or|   0|  0|   2|           1|           1|
    |or_ln58_121_fu_6545_p2      |        or|   0|  0|   2|           1|           1|
    |or_ln58_fu_5453_p2          |        or|   0|  0|   2|           1|           1|
    |select_ln42_631_fu_1470_p3  |    select|   0|  0|   2|           1|           1|
    |select_ln42_632_fu_4777_p3  |    select|   0|  0|  14|           1|          12|
    |select_ln42_633_fu_4789_p3  |    select|   0|  0|  13|           1|          13|
    |select_ln42_634_fu_1645_p3  |    select|   0|  0|   2|           1|           1|
    |select_ln42_635_fu_1673_p3  |    select|   0|  0|   2|           1|           1|
    |select_ln42_636_fu_4816_p3  |    select|   0|  0|  14|           1|          12|
    |select_ln42_637_fu_4828_p3  |    select|   0|  0|  13|           1|          13|
    |select_ln42_638_fu_1848_p3  |    select|   0|  0|   2|           1|           1|
    |select_ln42_639_fu_1876_p3  |    select|   0|  0|   2|           1|           1|
    |select_ln42_640_fu_4855_p3  |    select|   0|  0|  14|           1|          12|
    |select_ln42_641_fu_4867_p3  |    select|   0|  0|  13|           1|          13|
    |select_ln42_642_fu_2051_p3  |    select|   0|  0|   2|           1|           1|
    |select_ln42_643_fu_2079_p3  |    select|   0|  0|   2|           1|           1|
    |select_ln42_644_fu_4894_p3  |    select|   0|  0|  14|           1|          12|
    |select_ln42_645_fu_4906_p3  |    select|   0|  0|  13|           1|          13|
    |select_ln42_646_fu_2322_p3  |    select|   0|  0|   2|           1|           1|
    |select_ln42_647_fu_2350_p3  |    select|   0|  0|   2|           1|           1|
    |select_ln42_648_fu_4933_p3  |    select|   0|  0|  14|           1|          12|
    |select_ln42_649_fu_4945_p3  |    select|   0|  0|  13|           1|          13|
    |select_ln42_650_fu_2525_p3  |    select|   0|  0|   2|           1|           1|
    |select_ln42_651_fu_2553_p3  |    select|   0|  0|   2|           1|           1|
    |select_ln42_652_fu_4972_p3  |    select|   0|  0|  14|           1|          12|
    |select_ln42_653_fu_4984_p3  |    select|   0|  0|  13|           1|          13|
    |select_ln42_654_fu_2728_p3  |    select|   0|  0|   2|           1|           1|
    |select_ln42_655_fu_2756_p3  |    select|   0|  0|   2|           1|           1|
    |select_ln42_656_fu_5011_p3  |    select|   0|  0|  14|           1|          12|
    |select_ln42_657_fu_5023_p3  |    select|   0|  0|  13|           1|          13|
    |select_ln42_658_fu_2931_p3  |    select|   0|  0|   2|           1|           1|
    |select_ln42_659_fu_2959_p3  |    select|   0|  0|   2|           1|           1|
    |select_ln42_660_fu_5050_p3  |    select|   0|  0|  14|           1|          12|
    |select_ln42_661_fu_5062_p3  |    select|   0|  0|  13|           1|          13|
    |select_ln42_662_fu_3202_p3  |    select|   0|  0|   2|           1|           1|
    |select_ln42_663_fu_3230_p3  |    select|   0|  0|   2|           1|           1|
    |select_ln42_664_fu_5089_p3  |    select|   0|  0|  14|           1|          12|
    |select_ln42_665_fu_5101_p3  |    select|   0|  0|  13|           1|          13|
    |select_ln42_666_fu_3405_p3  |    select|   0|  0|   2|           1|           1|
    |select_ln42_667_fu_3433_p3  |    select|   0|  0|   2|           1|           1|
    |select_ln42_668_fu_5128_p3  |    select|   0|  0|  14|           1|          12|
    |select_ln42_669_fu_5140_p3  |    select|   0|  0|  13|           1|          13|
    |select_ln42_670_fu_3608_p3  |    select|   0|  0|   2|           1|           1|
    |select_ln42_671_fu_3636_p3  |    select|   0|  0|   2|           1|           1|
    |select_ln42_672_fu_5167_p3  |    select|   0|  0|  14|           1|          12|
    |select_ln42_673_fu_5179_p3  |    select|   0|  0|  13|           1|          13|
    |select_ln42_674_fu_3811_p3  |    select|   0|  0|   2|           1|           1|
    |select_ln42_675_fu_3839_p3  |    select|   0|  0|   2|           1|           1|
    |select_ln42_676_fu_5206_p3  |    select|   0|  0|  14|           1|          12|
    |select_ln42_677_fu_5218_p3  |    select|   0|  0|  13|           1|          13|
    |select_ln42_678_fu_4082_p3  |    select|   0|  0|   2|           1|           1|
    |select_ln42_679_fu_4110_p3  |    select|   0|  0|   2|           1|           1|
    |select_ln42_680_fu_5245_p3  |    select|   0|  0|  14|           1|          12|
    |select_ln42_681_fu_5257_p3  |    select|   0|  0|  13|           1|          13|
    |select_ln42_682_fu_4285_p3  |    select|   0|  0|   2|           1|           1|
    |select_ln42_683_fu_4313_p3  |    select|   0|  0|   2|           1|           1|
    |select_ln42_684_fu_5284_p3  |    select|   0|  0|  14|           1|          12|
    |select_ln42_685_fu_5296_p3  |    select|   0|  0|  13|           1|          13|
    |select_ln42_686_fu_4488_p3  |    select|   0|  0|   2|           1|           1|
    |select_ln42_687_fu_4516_p3  |    select|   0|  0|   2|           1|           1|
    |select_ln42_688_fu_5323_p3  |    select|   0|  0|  14|           1|          12|
    |select_ln42_689_fu_5335_p3  |    select|   0|  0|  13|           1|          13|
    |select_ln42_690_fu_4691_p3  |    select|   0|  0|   2|           1|           1|
    |select_ln42_691_fu_4719_p3  |    select|   0|  0|   2|           1|           1|
    |select_ln42_692_fu_5362_p3  |    select|   0|  0|  14|           1|          12|
    |select_ln42_693_fu_5374_p3  |    select|   0|  0|  13|           1|          13|
    |select_ln42_fu_1442_p3      |    select|   0|  0|   2|           1|           1|
    |select_ln58_351_fu_5467_p3  |    select|   0|  0|  14|           1|          14|
    |select_ln58_352_fu_5475_p3  |    select|   0|  0|  13|           1|          13|
    |select_ln58_353_fu_5561_p3  |    select|   0|  0|  13|           1|          12|
    |select_ln58_354_fu_5569_p3  |    select|   0|  0|  14|           1|          14|
    |select_ln58_355_fu_5577_p3  |    select|   0|  0|  13|           1|          13|
    |select_ln58_356_fu_5663_p3  |    select|   0|  0|  13|           1|          12|
    |select_ln58_357_fu_5671_p3  |    select|   0|  0|  14|           1|          14|
    |select_ln58_358_fu_5679_p3  |    select|   0|  0|  13|           1|          13|
    |select_ln58_359_fu_5765_p3  |    select|   0|  0|  13|           1|          12|
    |select_ln58_360_fu_5773_p3  |    select|   0|  0|  14|           1|          14|
    |select_ln58_361_fu_5781_p3  |    select|   0|  0|  13|           1|          13|
    |select_ln58_362_fu_5867_p3  |    select|   0|  0|  13|           1|          12|
    |select_ln58_363_fu_5875_p3  |    select|   0|  0|  14|           1|          14|
    |select_ln58_364_fu_5883_p3  |    select|   0|  0|  13|           1|          13|
    |select_ln58_365_fu_5969_p3  |    select|   0|  0|  13|           1|          12|
    |select_ln58_366_fu_5977_p3  |    select|   0|  0|  14|           1|          14|
    |select_ln58_367_fu_5985_p3  |    select|   0|  0|  13|           1|          13|
    |select_ln58_368_fu_6071_p3  |    select|   0|  0|  13|           1|          12|
    |select_ln58_369_fu_6079_p3  |    select|   0|  0|  14|           1|          14|
    |select_ln58_370_fu_6087_p3  |    select|   0|  0|  13|           1|          13|
    |select_ln58_371_fu_6173_p3  |    select|   0|  0|  13|           1|          12|
    |select_ln58_372_fu_6181_p3  |    select|   0|  0|  14|           1|          14|
    |select_ln58_373_fu_6189_p3  |    select|   0|  0|  13|           1|          13|
    |select_ln58_374_fu_6377_p3  |    select|   0|  0|  13|           1|          12|
    |select_ln58_375_fu_6384_p3  |    select|   0|  0|  14|           1|          14|
    |select_ln58_376_fu_6391_p3  |    select|   0|  0|  13|           1|          13|
    |select_ln58_377_fu_6435_p3  |    select|   0|  0|  13|           1|          12|
    |select_ln58_378_fu_6442_p3  |    select|   0|  0|  14|           1|          14|
    |select_ln58_379_fu_6449_p3  |    select|   0|  0|  13|           1|          13|
    |select_ln58_380_fu_6493_p3  |    select|   0|  0|  13|           1|          12|
    |select_ln58_381_fu_6500_p3  |    select|   0|  0|  14|           1|          14|
    |select_ln58_382_fu_6507_p3  |    select|   0|  0|  13|           1|          13|
    |select_ln58_383_fu_6551_p3  |    select|   0|  0|  13|           1|          12|
    |select_ln58_384_fu_6558_p3  |    select|   0|  0|  14|           1|          14|
    |select_ln58_385_fu_6565_p3  |    select|   0|  0|  13|           1|          13|
    |select_ln58_fu_5459_p3      |    select|   0|  0|  13|           1|          12|
    |xor_ln42_631_fu_1478_p2     |       xor|   0|  0|   2|           1|           2|
    |xor_ln42_632_fu_1490_p2     |       xor|   0|  0|   2|           1|           2|
    |xor_ln42_633_fu_4766_p2     |       xor|   0|  0|   2|           1|           2|
    |xor_ln42_634_fu_1595_p2     |       xor|   0|  0|   2|           1|           2|
    |xor_ln42_635_fu_1681_p2     |       xor|   0|  0|   2|           1|           2|
    |xor_ln42_636_fu_1693_p2     |       xor|   0|  0|   2|           1|           2|
    |xor_ln42_637_fu_4805_p2     |       xor|   0|  0|   2|           1|           2|
    |xor_ln42_638_fu_1798_p2     |       xor|   0|  0|   2|           1|           2|
    |xor_ln42_639_fu_1884_p2     |       xor|   0|  0|   2|           1|           2|
    |xor_ln42_640_fu_1896_p2     |       xor|   0|  0|   2|           1|           2|
    |xor_ln42_641_fu_4844_p2     |       xor|   0|  0|   2|           1|           2|
    |xor_ln42_642_fu_2001_p2     |       xor|   0|  0|   2|           1|           2|
    |xor_ln42_643_fu_2087_p2     |       xor|   0|  0|   2|           1|           2|
    |xor_ln42_644_fu_2099_p2     |       xor|   0|  0|   2|           1|           2|
    |xor_ln42_645_fu_4883_p2     |       xor|   0|  0|   2|           1|           2|
    |xor_ln42_646_fu_2272_p2     |       xor|   0|  0|   2|           1|           2|
    |xor_ln42_647_fu_2358_p2     |       xor|   0|  0|   2|           1|           2|
    |xor_ln42_648_fu_2370_p2     |       xor|   0|  0|   2|           1|           2|
    |xor_ln42_649_fu_4922_p2     |       xor|   0|  0|   2|           1|           2|
    |xor_ln42_650_fu_2475_p2     |       xor|   0|  0|   2|           1|           2|
    |xor_ln42_651_fu_2561_p2     |       xor|   0|  0|   2|           1|           2|
    |xor_ln42_652_fu_2573_p2     |       xor|   0|  0|   2|           1|           2|
    |xor_ln42_653_fu_4961_p2     |       xor|   0|  0|   2|           1|           2|
    |xor_ln42_654_fu_2678_p2     |       xor|   0|  0|   2|           1|           2|
    |xor_ln42_655_fu_2764_p2     |       xor|   0|  0|   2|           1|           2|
    |xor_ln42_656_fu_2776_p2     |       xor|   0|  0|   2|           1|           2|
    |xor_ln42_657_fu_5000_p2     |       xor|   0|  0|   2|           1|           2|
    |xor_ln42_658_fu_2881_p2     |       xor|   0|  0|   2|           1|           2|
    |xor_ln42_659_fu_2967_p2     |       xor|   0|  0|   2|           1|           2|
    |xor_ln42_660_fu_2979_p2     |       xor|   0|  0|   2|           1|           2|
    |xor_ln42_661_fu_5039_p2     |       xor|   0|  0|   2|           1|           2|
    |xor_ln42_662_fu_3152_p2     |       xor|   0|  0|   2|           1|           2|
    |xor_ln42_663_fu_3238_p2     |       xor|   0|  0|   2|           1|           2|
    |xor_ln42_664_fu_3250_p2     |       xor|   0|  0|   2|           1|           2|
    |xor_ln42_665_fu_5078_p2     |       xor|   0|  0|   2|           1|           2|
    |xor_ln42_666_fu_3355_p2     |       xor|   0|  0|   2|           1|           2|
    |xor_ln42_667_fu_3441_p2     |       xor|   0|  0|   2|           1|           2|
    |xor_ln42_668_fu_3453_p2     |       xor|   0|  0|   2|           1|           2|
    |xor_ln42_669_fu_5117_p2     |       xor|   0|  0|   2|           1|           2|
    |xor_ln42_670_fu_3558_p2     |       xor|   0|  0|   2|           1|           2|
    |xor_ln42_671_fu_3644_p2     |       xor|   0|  0|   2|           1|           2|
    |xor_ln42_672_fu_3656_p2     |       xor|   0|  0|   2|           1|           2|
    |xor_ln42_673_fu_5156_p2     |       xor|   0|  0|   2|           1|           2|
    |xor_ln42_674_fu_3761_p2     |       xor|   0|  0|   2|           1|           2|
    |xor_ln42_675_fu_3847_p2     |       xor|   0|  0|   2|           1|           2|
    |xor_ln42_676_fu_3859_p2     |       xor|   0|  0|   2|           1|           2|
    |xor_ln42_677_fu_5195_p2     |       xor|   0|  0|   2|           1|           2|
    |xor_ln42_678_fu_4032_p2     |       xor|   0|  0|   2|           1|           2|
    |xor_ln42_679_fu_4118_p2     |       xor|   0|  0|   2|           1|           2|
    |xor_ln42_680_fu_4130_p2     |       xor|   0|  0|   2|           1|           2|
    |xor_ln42_681_fu_5234_p2     |       xor|   0|  0|   2|           1|           2|
    |xor_ln42_682_fu_4235_p2     |       xor|   0|  0|   2|           1|           2|
    |xor_ln42_683_fu_4321_p2     |       xor|   0|  0|   2|           1|           2|
    |xor_ln42_684_fu_4333_p2     |       xor|   0|  0|   2|           1|           2|
    |xor_ln42_685_fu_5273_p2     |       xor|   0|  0|   2|           1|           2|
    |xor_ln42_686_fu_4438_p2     |       xor|   0|  0|   2|           1|           2|
    |xor_ln42_687_fu_4524_p2     |       xor|   0|  0|   2|           1|           2|
    |xor_ln42_688_fu_4536_p2     |       xor|   0|  0|   2|           1|           2|
    |xor_ln42_689_fu_5312_p2     |       xor|   0|  0|   2|           1|           2|
    |xor_ln42_690_fu_4641_p2     |       xor|   0|  0|   2|           1|           2|
    |xor_ln42_691_fu_4727_p2     |       xor|   0|  0|   2|           1|           2|
    |xor_ln42_692_fu_4739_p2     |       xor|   0|  0|   2|           1|           2|
    |xor_ln42_693_fu_5351_p2     |       xor|   0|  0|   2|           1|           2|
    |xor_ln42_694_fu_1458_p2     |       xor|   0|  0|   2|           1|           2|
    |xor_ln42_695_fu_1661_p2     |       xor|   0|  0|   2|           1|           2|
    |xor_ln42_696_fu_1864_p2     |       xor|   0|  0|   2|           1|           2|
    |xor_ln42_697_fu_2067_p2     |       xor|   0|  0|   2|           1|           2|
    |xor_ln42_698_fu_2338_p2     |       xor|   0|  0|   2|           1|           2|
    |xor_ln42_699_fu_2541_p2     |       xor|   0|  0|   2|           1|           2|
    |xor_ln42_700_fu_2744_p2     |       xor|   0|  0|   2|           1|           2|
    |xor_ln42_701_fu_2947_p2     |       xor|   0|  0|   2|           1|           2|
    |xor_ln42_702_fu_3218_p2     |       xor|   0|  0|   2|           1|           2|
    |xor_ln42_703_fu_3421_p2     |       xor|   0|  0|   2|           1|           2|
    |xor_ln42_704_fu_3624_p2     |       xor|   0|  0|   2|           1|           2|
    |xor_ln42_705_fu_3827_p2     |       xor|   0|  0|   2|           1|           2|
    |xor_ln42_706_fu_4098_p2     |       xor|   0|  0|   2|           1|           2|
    |xor_ln42_707_fu_4301_p2     |       xor|   0|  0|   2|           1|           2|
    |xor_ln42_708_fu_4504_p2     |       xor|   0|  0|   2|           1|           2|
    |xor_ln42_709_fu_4707_p2     |       xor|   0|  0|   2|           1|           2|
    |xor_ln42_fu_1392_p2         |       xor|   0|  0|   2|           1|           2|
    |xor_ln58_471_fu_5429_p2     |       xor|   0|  0|   2|           1|           2|
    |xor_ln58_472_fu_5441_p2     |       xor|   0|  0|   2|           1|           1|
    |xor_ln58_473_fu_5447_p2     |       xor|   0|  0|   2|           1|           2|
    |xor_ln58_474_fu_5519_p2     |       xor|   0|  0|   2|           1|           2|
    |xor_ln58_475_fu_5531_p2     |       xor|   0|  0|   2|           1|           2|
    |xor_ln58_476_fu_5543_p2     |       xor|   0|  0|   2|           1|           1|
    |xor_ln58_477_fu_5549_p2     |       xor|   0|  0|   2|           1|           2|
    |xor_ln58_478_fu_5621_p2     |       xor|   0|  0|   2|           1|           2|
    |xor_ln58_479_fu_5633_p2     |       xor|   0|  0|   2|           1|           2|
    |xor_ln58_480_fu_5645_p2     |       xor|   0|  0|   2|           1|           1|
    |xor_ln58_481_fu_5651_p2     |       xor|   0|  0|   2|           1|           2|
    |xor_ln58_482_fu_5723_p2     |       xor|   0|  0|   2|           1|           2|
    |xor_ln58_483_fu_5735_p2     |       xor|   0|  0|   2|           1|           2|
    |xor_ln58_484_fu_5747_p2     |       xor|   0|  0|   2|           1|           1|
    |xor_ln58_485_fu_5753_p2     |       xor|   0|  0|   2|           1|           2|
    |xor_ln58_486_fu_5825_p2     |       xor|   0|  0|   2|           1|           2|
    |xor_ln58_487_fu_5837_p2     |       xor|   0|  0|   2|           1|           2|
    |xor_ln58_488_fu_5849_p2     |       xor|   0|  0|   2|           1|           1|
    |xor_ln58_489_fu_5855_p2     |       xor|   0|  0|   2|           1|           2|
    |xor_ln58_490_fu_5927_p2     |       xor|   0|  0|   2|           1|           2|
    |xor_ln58_491_fu_5939_p2     |       xor|   0|  0|   2|           1|           2|
    |xor_ln58_492_fu_5951_p2     |       xor|   0|  0|   2|           1|           1|
    |xor_ln58_493_fu_5957_p2     |       xor|   0|  0|   2|           1|           2|
    |xor_ln58_494_fu_6029_p2     |       xor|   0|  0|   2|           1|           2|
    |xor_ln58_495_fu_6041_p2     |       xor|   0|  0|   2|           1|           2|
    |xor_ln58_496_fu_6053_p2     |       xor|   0|  0|   2|           1|           1|
    |xor_ln58_497_fu_6059_p2     |       xor|   0|  0|   2|           1|           2|
    |xor_ln58_498_fu_6131_p2     |       xor|   0|  0|   2|           1|           2|
    |xor_ln58_499_fu_6143_p2     |       xor|   0|  0|   2|           1|           2|
    |xor_ln58_500_fu_6155_p2     |       xor|   0|  0|   2|           1|           1|
    |xor_ln58_501_fu_6161_p2     |       xor|   0|  0|   2|           1|           2|
    |xor_ln58_502_fu_6341_p2     |       xor|   0|  0|   2|           1|           2|
    |xor_ln58_503_fu_6351_p2     |       xor|   0|  0|   2|           1|           2|
    |xor_ln58_504_fu_6361_p2     |       xor|   0|  0|   2|           1|           1|
    |xor_ln58_505_fu_6365_p2     |       xor|   0|  0|   2|           1|           2|
    |xor_ln58_506_fu_6399_p2     |       xor|   0|  0|   2|           1|           2|
    |xor_ln58_507_fu_6409_p2     |       xor|   0|  0|   2|           1|           2|
    |xor_ln58_508_fu_6419_p2     |       xor|   0|  0|   2|           1|           1|
    |xor_ln58_509_fu_6423_p2     |       xor|   0|  0|   2|           1|           2|
    |xor_ln58_510_fu_6457_p2     |       xor|   0|  0|   2|           1|           2|
    |xor_ln58_511_fu_6467_p2     |       xor|   0|  0|   2|           1|           2|
    |xor_ln58_512_fu_6477_p2     |       xor|   0|  0|   2|           1|           1|
    |xor_ln58_513_fu_6481_p2     |       xor|   0|  0|   2|           1|           2|
    |xor_ln58_514_fu_6515_p2     |       xor|   0|  0|   2|           1|           2|
    |xor_ln58_515_fu_6525_p2     |       xor|   0|  0|   2|           1|           2|
    |xor_ln58_516_fu_6535_p2     |       xor|   0|  0|   2|           1|           1|
    |xor_ln58_517_fu_6539_p2     |       xor|   0|  0|   2|           1|           2|
    |xor_ln58_fu_5417_p2         |       xor|   0|  0|   2|           1|           2|
    +----------------------------+----------+----+---+----+------------+------------+
    |Total                       |          |   0|  0|3252|        1276|        1984|
    +----------------------------+----------+----+---+----+------------+------------+

    * Multiplexer: 
    N/A

    * Register: 
    +------------------------+----+----+-----+-----------+
    |          Name          | FF | LUT| Bits| Const Bits|
    +------------------------+----+----+-----+-----------+
    |add_ln42_151_reg_6633   |  13|   0|   13|          0|
    |add_ln42_152_reg_6664   |  13|   0|   13|          0|
    |add_ln42_153_reg_6695   |  13|   0|   13|          0|
    |add_ln42_154_reg_6726   |  13|   0|   13|          0|
    |add_ln42_155_reg_6757   |  13|   0|   13|          0|
    |add_ln42_156_reg_6788   |  13|   0|   13|          0|
    |add_ln42_157_reg_6819   |  13|   0|   13|          0|
    |add_ln42_158_reg_6850   |  13|   0|   13|          0|
    |add_ln42_159_reg_6881   |  13|   0|   13|          0|
    |add_ln42_160_reg_6912   |  13|   0|   13|          0|
    |add_ln42_161_reg_6943   |  13|   0|   13|          0|
    |add_ln42_162_reg_6974   |  13|   0|   13|          0|
    |add_ln42_163_reg_7005   |  13|   0|   13|          0|
    |add_ln42_164_reg_7036   |  13|   0|   13|          0|
    |add_ln42_165_reg_7067   |  13|   0|   13|          0|
    |add_ln42_reg_6602       |  13|   0|   13|          0|
    |add_ln58_140_reg_7093   |  13|   0|   13|          0|
    |add_ln58_141_reg_7113   |  13|   0|   13|          0|
    |add_ln58_142_reg_7133   |  13|   0|   13|          0|
    |add_ln58_143_reg_7153   |  13|   0|   13|          0|
    |and_ln42_1111_reg_6607  |   1|   0|    1|          0|
    |and_ln42_1114_reg_6617  |   1|   0|    1|          0|
    |and_ln42_1115_reg_6623  |   1|   0|    1|          0|
    |and_ln42_1118_reg_6638  |   1|   0|    1|          0|
    |and_ln42_1121_reg_6648  |   1|   0|    1|          0|
    |and_ln42_1122_reg_6654  |   1|   0|    1|          0|
    |and_ln42_1125_reg_6669  |   1|   0|    1|          0|
    |and_ln42_1128_reg_6679  |   1|   0|    1|          0|
    |and_ln42_1129_reg_6685  |   1|   0|    1|          0|
    |and_ln42_1132_reg_6700  |   1|   0|    1|          0|
    |and_ln42_1135_reg_6710  |   1|   0|    1|          0|
    |and_ln42_1136_reg_6716  |   1|   0|    1|          0|
    |and_ln42_1139_reg_6731  |   1|   0|    1|          0|
    |and_ln42_1142_reg_6741  |   1|   0|    1|          0|
    |and_ln42_1143_reg_6747  |   1|   0|    1|          0|
    |and_ln42_1146_reg_6762  |   1|   0|    1|          0|
    |and_ln42_1149_reg_6772  |   1|   0|    1|          0|
    |and_ln42_1150_reg_6778  |   1|   0|    1|          0|
    |and_ln42_1153_reg_6793  |   1|   0|    1|          0|
    |and_ln42_1156_reg_6803  |   1|   0|    1|          0|
    |and_ln42_1157_reg_6809  |   1|   0|    1|          0|
    |and_ln42_1160_reg_6824  |   1|   0|    1|          0|
    |and_ln42_1163_reg_6834  |   1|   0|    1|          0|
    |and_ln42_1164_reg_6840  |   1|   0|    1|          0|
    |and_ln42_1167_reg_6855  |   1|   0|    1|          0|
    |and_ln42_1170_reg_6865  |   1|   0|    1|          0|
    |and_ln42_1171_reg_6871  |   1|   0|    1|          0|
    |and_ln42_1174_reg_6886  |   1|   0|    1|          0|
    |and_ln42_1177_reg_6896  |   1|   0|    1|          0|
    |and_ln42_1178_reg_6902  |   1|   0|    1|          0|
    |and_ln42_1181_reg_6917  |   1|   0|    1|          0|
    |and_ln42_1184_reg_6927  |   1|   0|    1|          0|
    |and_ln42_1185_reg_6933  |   1|   0|    1|          0|
    |and_ln42_1188_reg_6948  |   1|   0|    1|          0|
    |and_ln42_1191_reg_6958  |   1|   0|    1|          0|
    |and_ln42_1192_reg_6964  |   1|   0|    1|          0|
    |and_ln42_1195_reg_6979  |   1|   0|    1|          0|
    |and_ln42_1198_reg_6989  |   1|   0|    1|          0|
    |and_ln42_1199_reg_6995  |   1|   0|    1|          0|
    |and_ln42_1202_reg_7010  |   1|   0|    1|          0|
    |and_ln42_1205_reg_7020  |   1|   0|    1|          0|
    |and_ln42_1206_reg_7026  |   1|   0|    1|          0|
    |and_ln42_1209_reg_7041  |   1|   0|    1|          0|
    |and_ln42_1212_reg_7051  |   1|   0|    1|          0|
    |and_ln42_1213_reg_7057  |   1|   0|    1|          0|
    |and_ln42_1216_reg_7072  |   1|   0|    1|          0|
    |and_ln42_1219_reg_7082  |   1|   0|    1|          0|
    |and_ln42_1220_reg_7088  |   1|   0|    1|          0|
    |data_16_val_int_reg     |  13|   0|   13|          0|
    |data_17_val_int_reg     |  13|   0|   13|          0|
    |data_18_val_int_reg     |  13|   0|   13|          0|
    |data_19_val_int_reg     |  13|   0|   13|          0|
    |data_20_val_int_reg     |  13|   0|   13|          0|
    |data_21_val_int_reg     |  13|   0|   13|          0|
    |data_22_val_int_reg     |  13|   0|   13|          0|
    |data_23_val_int_reg     |  13|   0|   13|          0|
    |data_24_val_int_reg     |  13|   0|   13|          0|
    |data_25_val_int_reg     |  13|   0|   13|          0|
    |data_26_val_int_reg     |  13|   0|   13|          0|
    |data_27_val_int_reg     |  13|   0|   13|          0|
    |data_28_val_int_reg     |  13|   0|   13|          0|
    |data_29_val_int_reg     |  13|   0|   13|          0|
    |data_30_val_int_reg     |  13|   0|   13|          0|
    |data_31_val_int_reg     |  13|   0|   13|          0|
    |icmp_ln42_632_reg_6612  |   1|   0|    1|          0|
    |icmp_ln42_636_reg_6643  |   1|   0|    1|          0|
    |icmp_ln42_640_reg_6674  |   1|   0|    1|          0|
    |icmp_ln42_644_reg_6705  |   1|   0|    1|          0|
    |icmp_ln42_648_reg_6736  |   1|   0|    1|          0|
    |icmp_ln42_652_reg_6767  |   1|   0|    1|          0|
    |icmp_ln42_656_reg_6798  |   1|   0|    1|          0|
    |icmp_ln42_660_reg_6829  |   1|   0|    1|          0|
    |icmp_ln42_664_reg_6860  |   1|   0|    1|          0|
    |icmp_ln42_668_reg_6891  |   1|   0|    1|          0|
    |icmp_ln42_672_reg_6922  |   1|   0|    1|          0|
    |icmp_ln42_676_reg_6953  |   1|   0|    1|          0|
    |icmp_ln42_680_reg_6984  |   1|   0|    1|          0|
    |icmp_ln42_684_reg_7015  |   1|   0|    1|          0|
    |icmp_ln42_688_reg_7046  |   1|   0|    1|          0|
    |icmp_ln42_692_reg_7077  |   1|   0|    1|          0|
    |idx_int_reg             |   5|   0|    5|          0|
    |tmp_14490_reg_6628      |   1|   0|    1|          0|
    |tmp_14496_reg_6659      |   1|   0|    1|          0|
    |tmp_14502_reg_6690      |   1|   0|    1|          0|
    |tmp_14508_reg_6721      |   1|   0|    1|          0|
    |tmp_14514_reg_6752      |   1|   0|    1|          0|
    |tmp_14520_reg_6783      |   1|   0|    1|          0|
    |tmp_14526_reg_6814      |   1|   0|    1|          0|
    |tmp_14532_reg_6845      |   1|   0|    1|          0|
    |tmp_14538_reg_6876      |   1|   0|    1|          0|
    |tmp_14544_reg_6907      |   1|   0|    1|          0|
    |tmp_14550_reg_6938      |   1|   0|    1|          0|
    |tmp_14556_reg_6969      |   1|   0|    1|          0|
    |tmp_14562_reg_7000      |   1|   0|    1|          0|
    |tmp_14568_reg_7031      |   1|   0|    1|          0|
    |tmp_14574_reg_7062      |   1|   0|    1|          0|
    |tmp_14596_reg_7099      |   1|   0|    1|          0|
    |tmp_14597_reg_7106      |   1|   0|    1|          0|
    |tmp_14598_reg_7119      |   1|   0|    1|          0|
    |tmp_14599_reg_7126      |   1|   0|    1|          0|
    |tmp_14600_reg_7139      |   1|   0|    1|          0|
    |tmp_14601_reg_7146      |   1|   0|    1|          0|
    |tmp_14602_reg_7159      |   1|   0|    1|          0|
    |tmp_14603_reg_7166      |   1|   0|    1|          0|
    |tmp_reg_6597            |   1|   0|    1|          0|
    |weights_16_val_int_reg  |  13|   0|   13|          0|
    |weights_17_val_int_reg  |  13|   0|   13|          0|
    |weights_18_val_int_reg  |  13|   0|   13|          0|
    |weights_19_val_int_reg  |  13|   0|   13|          0|
    |weights_20_val_int_reg  |  13|   0|   13|          0|
    |weights_21_val_int_reg  |  13|   0|   13|          0|
    |weights_22_val_int_reg  |  13|   0|   13|          0|
    |weights_23_val_int_reg  |  13|   0|   13|          0|
    |weights_24_val_int_reg  |  13|   0|   13|          0|
    |weights_25_val_int_reg  |  13|   0|   13|          0|
    |weights_26_val_int_reg  |  13|   0|   13|          0|
    |weights_27_val_int_reg  |  13|   0|   13|          0|
    |weights_28_val_int_reg  |  13|   0|   13|          0|
    |weights_29_val_int_reg  |  13|   0|   13|          0|
    |weights_30_val_int_reg  |  13|   0|   13|          0|
    |weights_31_val_int_reg  |  13|   0|   13|          0|
    +------------------------+----+----+-----+-----------+
    |Total                   | 769|   0|  769|          0|
    +------------------------+----+----+-----+-----------+



================================================================
== Interface
================================================================
* Summary: 
+----------------+-----+-----+------------+------------------------------------------------------------------------------------+--------------+
|    RTL Ports   | Dir | Bits|  Protocol  |                                    Source Object                                   |    C Type    |
+----------------+-----+-----+------------+------------------------------------------------------------------------------------+--------------+
|ap_clk          |   in|    1|  ap_ctrl_hs|  dense_latency<ap_fixed<13, 4, 4, 0, 0>, ap_fixed<13, 4, 4, 0, 0>, config5_dense>.1|  return value|
|ap_rst          |   in|    1|  ap_ctrl_hs|  dense_latency<ap_fixed<13, 4, 4, 0, 0>, ap_fixed<13, 4, 4, 0, 0>, config5_dense>.1|  return value|
|ap_return_0     |  out|   13|  ap_ctrl_hs|  dense_latency<ap_fixed<13, 4, 4, 0, 0>, ap_fixed<13, 4, 4, 0, 0>, config5_dense>.1|  return value|
|ap_return_1     |  out|   13|  ap_ctrl_hs|  dense_latency<ap_fixed<13, 4, 4, 0, 0>, ap_fixed<13, 4, 4, 0, 0>, config5_dense>.1|  return value|
|ap_return_2     |  out|   13|  ap_ctrl_hs|  dense_latency<ap_fixed<13, 4, 4, 0, 0>, ap_fixed<13, 4, 4, 0, 0>, config5_dense>.1|  return value|
|ap_return_3     |  out|   13|  ap_ctrl_hs|  dense_latency<ap_fixed<13, 4, 4, 0, 0>, ap_fixed<13, 4, 4, 0, 0>, config5_dense>.1|  return value|
|ap_ce           |   in|    1|  ap_ctrl_hs|  dense_latency<ap_fixed<13, 4, 4, 0, 0>, ap_fixed<13, 4, 4, 0, 0>, config5_dense>.1|  return value|
|data_16_val     |   in|   13|     ap_none|                                                                         data_16_val|        scalar|
|data_17_val     |   in|   13|     ap_none|                                                                         data_17_val|        scalar|
|data_18_val     |   in|   13|     ap_none|                                                                         data_18_val|        scalar|
|data_19_val     |   in|   13|     ap_none|                                                                         data_19_val|        scalar|
|data_20_val     |   in|   13|     ap_none|                                                                         data_20_val|        scalar|
|data_21_val     |   in|   13|     ap_none|                                                                         data_21_val|        scalar|
|data_22_val     |   in|   13|     ap_none|                                                                         data_22_val|        scalar|
|data_23_val     |   in|   13|     ap_none|                                                                         data_23_val|        scalar|
|data_24_val     |   in|   13|     ap_none|                                                                         data_24_val|        scalar|
|data_25_val     |   in|   13|     ap_none|                                                                         data_25_val|        scalar|
|data_26_val     |   in|   13|     ap_none|                                                                         data_26_val|        scalar|
|data_27_val     |   in|   13|     ap_none|                                                                         data_27_val|        scalar|
|data_28_val     |   in|   13|     ap_none|                                                                         data_28_val|        scalar|
|data_29_val     |   in|   13|     ap_none|                                                                         data_29_val|        scalar|
|data_30_val     |   in|   13|     ap_none|                                                                         data_30_val|        scalar|
|data_31_val     |   in|   13|     ap_none|                                                                         data_31_val|        scalar|
|weights_16_val  |   in|   13|     ap_none|                                                                      weights_16_val|        scalar|
|weights_17_val  |   in|   13|     ap_none|                                                                      weights_17_val|        scalar|
|weights_18_val  |   in|   13|     ap_none|                                                                      weights_18_val|        scalar|
|weights_19_val  |   in|   13|     ap_none|                                                                      weights_19_val|        scalar|
|weights_20_val  |   in|   13|     ap_none|                                                                      weights_20_val|        scalar|
|weights_21_val  |   in|   13|     ap_none|                                                                      weights_21_val|        scalar|
|weights_22_val  |   in|   13|     ap_none|                                                                      weights_22_val|        scalar|
|weights_23_val  |   in|   13|     ap_none|                                                                      weights_23_val|        scalar|
|weights_24_val  |   in|   13|     ap_none|                                                                      weights_24_val|        scalar|
|weights_25_val  |   in|   13|     ap_none|                                                                      weights_25_val|        scalar|
|weights_26_val  |   in|   13|     ap_none|                                                                      weights_26_val|        scalar|
|weights_27_val  |   in|   13|     ap_none|                                                                      weights_27_val|        scalar|
|weights_28_val  |   in|   13|     ap_none|                                                                      weights_28_val|        scalar|
|weights_29_val  |   in|   13|     ap_none|                                                                      weights_29_val|        scalar|
|weights_30_val  |   in|   13|     ap_none|                                                                      weights_30_val|        scalar|
|weights_31_val  |   in|   13|     ap_none|                                                                      weights_31_val|        scalar|
|idx             |   in|    5|     ap_none|                                                                                 idx|        scalar|
+----------------+-----+-----+------------+------------------------------------------------------------------------------------+--------------+

