================================================================
== Design Size Report
================================================================

* Total Instructions per Compilation Phase
+---------------+-----------------------------+--------------+----------------------------------------------------------------------------------------+
| Phase         | Step                        | Instructions | Description                                                                            |
+---------------+-----------------------------+--------------+----------------------------------------------------------------------------------------+
| Compile/Link  |                             | 1,518        | After all functions are compiled and linked into a single design                       |
|               |                             |              |                                                                                        |
| Unroll/Inline |                             |              | After user unroll and inline pragmas are applied                                       |
|               | (1) unroll                  | 3,499        | user unroll pragmas are applied                                                        |
|               | (2) simplification          |   552        | simplification of applied user unroll pragmas                                          |
|               | (3) inline                  |   468        | user inline pragmas are applied                                                        |
|               | (4) simplification          |   468        | simplification of applied user inline pragmas                                          |
|               |                             |              |                                                                                        |
| Array/Struct  |                             |              | After user array partition and struct aggregate/disaggregate pragmas are applied       |
|               | (1) array partition         |   488        | user array partition pragmas are applied                                               |
|               | (2) simplification          |   488        | simplification of applied user array partition & struct aggregate/disaggregate pragmas |
|               | (3) aggregate/disaggregate  |   488        | user struct aggregate/disaggregate pragmas are applied                                 |
|               | (4) array reshape           |   488        | apply array reshape pragmas                                                            |
|               | (5) access patterns         |   488        | array access pattern optmizations                                                      |
|               |                             |              |                                                                                        |
| Performance   |                             |              | After transformations are applied to meet performance pragma targets                   |
|               | (1) loop simplification     |   467        | loop and instruction simplification                                                    |
|               | (2) parallelization         |   467        | loops are unrolled or pipelined to meet performance targets                            |
|               | (3) array partition         |   467        | arrays are partitioned to meet performance targets                                     |
|               | (4) simplification          |   467        | simplification of design after performance transformations                             |
|               |                             |              |                                                                                        |
| HW Transforms |                             |              | After hardware transfomations                                                          |
|               | (1) lowering                |   509        | initial conversion to HW specific instructions                                         |
|               | (2) optimizations           |   490        | high level synthesis optimizations                                                     |
+---------------+-----------------------------+--------------+----------------------------------------------------------------------------------------+

* Instructions per Function for each Compilation Phase
+------------------------------------+------------------+--------------+----------------+----------------+----------------+----------------+
| Function                           | Location         | Compile/Link | Unroll/Inline  | Array/Struct   | Performance    | HW Transforms  |
+------------------------------------+------------------+--------------+----------------+----------------+----------------+----------------+
| + myproject                        | myproject.cpp:7  | 1,518        | 468            | 488            | 467            | 490            |
|  + uniform<ap_fixed<16, 6, AP_T... | nnet_random.h:66 | 1,512        | 464            | 444            | 413            | 392            |
|     lfsr_16bit<config2>            | nnet_random.h:58 |  592         | 270 (10 calls) | 270 (10 calls) | 260 (10 calls) | 260 (10 calls) |
+------------------------------------+------------------+--------------+----------------+----------------+----------------+----------------+

* Design Size Message Settings
+---------------------------------------------+--------+------------------------------------------------------------------+
| Message Setting                             | Value  | Description                                                      |
+---------------------------------------------+--------+------------------------------------------------------------------+
| config_compile -design_size_maximum_warning | 100000 | Show a warning when total design instructions exceeds this value |
+---------------------------------------------+--------+------------------------------------------------------------------+


