

================================================================
== Vitis HLS Report for 'bmm_ap_fixed_13_4_4_0_0_ap_fixed_13_4_4_0_0_config5_s'
================================================================
* Date:           Sun Feb  9 20:16:13 2025

* Version:        2023.2 (Build 4023990 on Oct 11 2023)
* Project:        myproject_prj
* Solution:       solution1 (Vivado IP Flow Target)
* Product family: virtexuplus
* Target device:  xcvu13p-flga2577-2-e


================================================================
== Performance Estimates
================================================================
+ Timing: 
    * Summary: 
    +--------+---------+----------+------------+
    |  Clock |  Target | Estimated| Uncertainty|
    +--------+---------+----------+------------+
    |ap_clk  |  5.00 ns|  4.339 ns|     0.62 ns|
    +--------+---------+----------+------------+

+ Latency: 
    * Summary: 
    +---------+---------+-----------+-----------+-----+-----+---------+
    |  Latency (cycles) |   Latency (absolute)  |  Interval | Pipeline|
    |   min   |   max   |    min    |    max    | min | max |   Type  |
    +---------+---------+-----------+-----------+-----+-----+---------+
    |        3|        3|  15.000 ns|  15.000 ns|    1|    1|      yes|
    +---------+---------+-----------+-----------+-----+-----+---------+

    + Detail: 
        * Instance: 
        +-----------------------------------------------------------------------------------+-----------------------------------------------------------------------+---------+---------+-----------+-----------+-----+-----+---------+
        |                                                                                   |                                                                       |  Latency (cycles) |   Latency (absolute)  |  Interval | Pipeline|
        |                                      Instance                                     |                                 Module                                |   min   |   max   |    min    |    max    | min | max |   Type  |
        +-----------------------------------------------------------------------------------+-----------------------------------------------------------------------+---------+---------+-----------+-----------+-----+-----+---------+
        |grp_dense_latency_ap_fixed_13_4_4_0_0_ap_fixed_13_4_4_0_0_config5_dense_s_fu_1060  |dense_latency_ap_fixed_13_4_4_0_0_ap_fixed_13_4_4_0_0_config5_dense_s  |        2|        2|  10.000 ns|  10.000 ns|    1|    1|      yes|
        |grp_dense_latency_ap_fixed_13_4_4_0_0_ap_fixed_13_4_4_0_0_config5_dense_s_fu_1130  |dense_latency_ap_fixed_13_4_4_0_0_ap_fixed_13_4_4_0_0_config5_dense_s  |        2|        2|  10.000 ns|  10.000 ns|    1|    1|      yes|
        |grp_dense_latency_ap_fixed_13_4_4_0_0_ap_fixed_13_4_4_0_0_config5_dense_s_fu_1200  |dense_latency_ap_fixed_13_4_4_0_0_ap_fixed_13_4_4_0_0_config5_dense_s  |        2|        2|  10.000 ns|  10.000 ns|    1|    1|      yes|
        |grp_dense_latency_ap_fixed_13_4_4_0_0_ap_fixed_13_4_4_0_0_config5_dense_s_fu_1270  |dense_latency_ap_fixed_13_4_4_0_0_ap_fixed_13_4_4_0_0_config5_dense_s  |        2|        2|  10.000 ns|  10.000 ns|    1|    1|      yes|
        |grp_dense_latency_ap_fixed_13_4_4_0_0_ap_fixed_13_4_4_0_0_config5_dense_1_fu_1340  |dense_latency_ap_fixed_13_4_4_0_0_ap_fixed_13_4_4_0_0_config5_dense_1  |        2|        2|  10.000 ns|  10.000 ns|    1|    1|      yes|
        |grp_dense_latency_ap_fixed_13_4_4_0_0_ap_fixed_13_4_4_0_0_config5_dense_1_fu_1410  |dense_latency_ap_fixed_13_4_4_0_0_ap_fixed_13_4_4_0_0_config5_dense_1  |        2|        2|  10.000 ns|  10.000 ns|    1|    1|      yes|
        |grp_dense_latency_ap_fixed_13_4_4_0_0_ap_fixed_13_4_4_0_0_config5_dense_1_fu_1480  |dense_latency_ap_fixed_13_4_4_0_0_ap_fixed_13_4_4_0_0_config5_dense_1  |        2|        2|  10.000 ns|  10.000 ns|    1|    1|      yes|
        |grp_dense_latency_ap_fixed_13_4_4_0_0_ap_fixed_13_4_4_0_0_config5_dense_1_fu_1550  |dense_latency_ap_fixed_13_4_4_0_0_ap_fixed_13_4_4_0_0_config5_dense_1  |        2|        2|  10.000 ns|  10.000 ns|    1|    1|      yes|
        |grp_dense_latency_ap_fixed_13_4_4_0_0_ap_fixed_13_4_4_0_0_config5_dense_2_fu_1620  |dense_latency_ap_fixed_13_4_4_0_0_ap_fixed_13_4_4_0_0_config5_dense_2  |        2|        2|  10.000 ns|  10.000 ns|    1|    1|      yes|
        |grp_dense_latency_ap_fixed_13_4_4_0_0_ap_fixed_13_4_4_0_0_config5_dense_2_fu_1690  |dense_latency_ap_fixed_13_4_4_0_0_ap_fixed_13_4_4_0_0_config5_dense_2  |        2|        2|  10.000 ns|  10.000 ns|    1|    1|      yes|
        |grp_dense_latency_ap_fixed_13_4_4_0_0_ap_fixed_13_4_4_0_0_config5_dense_2_fu_1760  |dense_latency_ap_fixed_13_4_4_0_0_ap_fixed_13_4_4_0_0_config5_dense_2  |        2|        2|  10.000 ns|  10.000 ns|    1|    1|      yes|
        |grp_dense_latency_ap_fixed_13_4_4_0_0_ap_fixed_13_4_4_0_0_config5_dense_2_fu_1830  |dense_latency_ap_fixed_13_4_4_0_0_ap_fixed_13_4_4_0_0_config5_dense_2  |        2|        2|  10.000 ns|  10.000 ns|    1|    1|      yes|
        |grp_dense_latency_ap_fixed_13_4_4_0_0_ap_fixed_13_4_4_0_0_config5_dense_3_fu_1900  |dense_latency_ap_fixed_13_4_4_0_0_ap_fixed_13_4_4_0_0_config5_dense_3  |        2|        2|  10.000 ns|  10.000 ns|    1|    1|      yes|
        |grp_dense_latency_ap_fixed_13_4_4_0_0_ap_fixed_13_4_4_0_0_config5_dense_3_fu_1970  |dense_latency_ap_fixed_13_4_4_0_0_ap_fixed_13_4_4_0_0_config5_dense_3  |        2|        2|  10.000 ns|  10.000 ns|    1|    1|      yes|
        |grp_dense_latency_ap_fixed_13_4_4_0_0_ap_fixed_13_4_4_0_0_config5_dense_3_fu_2040  |dense_latency_ap_fixed_13_4_4_0_0_ap_fixed_13_4_4_0_0_config5_dense_3  |        2|        2|  10.000 ns|  10.000 ns|    1|    1|      yes|
        |grp_dense_latency_ap_fixed_13_4_4_0_0_ap_fixed_13_4_4_0_0_config5_dense_3_fu_2110  |dense_latency_ap_fixed_13_4_4_0_0_ap_fixed_13_4_4_0_0_config5_dense_3  |        2|        2|  10.000 ns|  10.000 ns|    1|    1|      yes|
        +-----------------------------------------------------------------------------------+-----------------------------------------------------------------------+---------+---------+-----------+-----------+-----+-----+---------+

        * Loop: 
        N/A



================================================================
== Utilization Estimates
================================================================
* Summary: 
+---------------------+---------+-------+---------+---------+------+
|         Name        | BRAM_18K|  DSP  |    FF   |   LUT   | URAM |
+---------------------+---------+-------+---------+---------+------+
|DSP                  |        -|      -|        -|        -|     -|
|Expression           |        -|      -|        -|        -|     -|
|FIFO                 |        -|      -|        -|        -|     -|
|Instance             |        -|    256|    12304|    57216|     -|
|Memory               |        -|      -|        -|        -|     -|
|Multiplexer          |        -|      -|        -|      896|     -|
|Register             |        -|      -|     2497|        -|     -|
+---------------------+---------+-------+---------+---------+------+
|Total                |        0|    256|    14801|    58112|     0|
+---------------------+---------+-------+---------+---------+------+
|Available SLR        |     1344|   3072|   864000|   432000|   320|
+---------------------+---------+-------+---------+---------+------+
|Utilization SLR (%)  |        0|      8|        1|       13|     0|
+---------------------+---------+-------+---------+---------+------+
|Available            |     5376|  12288|  3456000|  1728000|  1280|
+---------------------+---------+-------+---------+---------+------+
|Utilization (%)      |        0|      2|       ~0|        3|     0|
+---------------------+---------+-------+---------+---------+------+

+ Detail: 
    * Instance: 
    +-----------------------------------------------------------------------------------+-----------------------------------------------------------------------+---------+----+-----+------+-----+
    |                                      Instance                                     |                                 Module                                | BRAM_18K| DSP|  FF |  LUT | URAM|
    +-----------------------------------------------------------------------------------+-----------------------------------------------------------------------+---------+----+-----+------+-----+
    |grp_dense_latency_ap_fixed_13_4_4_0_0_ap_fixed_13_4_4_0_0_config5_dense_1_fu_1340  |dense_latency_ap_fixed_13_4_4_0_0_ap_fixed_13_4_4_0_0_config5_dense_1  |        0|  16|  769|  3576|    0|
    |grp_dense_latency_ap_fixed_13_4_4_0_0_ap_fixed_13_4_4_0_0_config5_dense_1_fu_1410  |dense_latency_ap_fixed_13_4_4_0_0_ap_fixed_13_4_4_0_0_config5_dense_1  |        0|  16|  769|  3576|    0|
    |grp_dense_latency_ap_fixed_13_4_4_0_0_ap_fixed_13_4_4_0_0_config5_dense_1_fu_1480  |dense_latency_ap_fixed_13_4_4_0_0_ap_fixed_13_4_4_0_0_config5_dense_1  |        0|  16|  769|  3576|    0|
    |grp_dense_latency_ap_fixed_13_4_4_0_0_ap_fixed_13_4_4_0_0_config5_dense_1_fu_1550  |dense_latency_ap_fixed_13_4_4_0_0_ap_fixed_13_4_4_0_0_config5_dense_1  |        0|  16|  769|  3576|    0|
    |grp_dense_latency_ap_fixed_13_4_4_0_0_ap_fixed_13_4_4_0_0_config5_dense_2_fu_1620  |dense_latency_ap_fixed_13_4_4_0_0_ap_fixed_13_4_4_0_0_config5_dense_2  |        0|  16|  770|  3576|    0|
    |grp_dense_latency_ap_fixed_13_4_4_0_0_ap_fixed_13_4_4_0_0_config5_dense_2_fu_1690  |dense_latency_ap_fixed_13_4_4_0_0_ap_fixed_13_4_4_0_0_config5_dense_2  |        0|  16|  770|  3576|    0|
    |grp_dense_latency_ap_fixed_13_4_4_0_0_ap_fixed_13_4_4_0_0_config5_dense_2_fu_1760  |dense_latency_ap_fixed_13_4_4_0_0_ap_fixed_13_4_4_0_0_config5_dense_2  |        0|  16|  770|  3576|    0|
    |grp_dense_latency_ap_fixed_13_4_4_0_0_ap_fixed_13_4_4_0_0_config5_dense_2_fu_1830  |dense_latency_ap_fixed_13_4_4_0_0_ap_fixed_13_4_4_0_0_config5_dense_2  |        0|  16|  770|  3576|    0|
    |grp_dense_latency_ap_fixed_13_4_4_0_0_ap_fixed_13_4_4_0_0_config5_dense_3_fu_1900  |dense_latency_ap_fixed_13_4_4_0_0_ap_fixed_13_4_4_0_0_config5_dense_3  |        0|  16|  769|  3576|    0|
    |grp_dense_latency_ap_fixed_13_4_4_0_0_ap_fixed_13_4_4_0_0_config5_dense_3_fu_1970  |dense_latency_ap_fixed_13_4_4_0_0_ap_fixed_13_4_4_0_0_config5_dense_3  |        0|  16|  769|  3576|    0|
    |grp_dense_latency_ap_fixed_13_4_4_0_0_ap_fixed_13_4_4_0_0_config5_dense_3_fu_2040  |dense_latency_ap_fixed_13_4_4_0_0_ap_fixed_13_4_4_0_0_config5_dense_3  |        0|  16|  769|  3576|    0|
    |grp_dense_latency_ap_fixed_13_4_4_0_0_ap_fixed_13_4_4_0_0_config5_dense_3_fu_2110  |dense_latency_ap_fixed_13_4_4_0_0_ap_fixed_13_4_4_0_0_config5_dense_3  |        0|  16|  769|  3576|    0|
    |grp_dense_latency_ap_fixed_13_4_4_0_0_ap_fixed_13_4_4_0_0_config5_dense_s_fu_1060  |dense_latency_ap_fixed_13_4_4_0_0_ap_fixed_13_4_4_0_0_config5_dense_s  |        0|  16|  768|  3576|    0|
    |grp_dense_latency_ap_fixed_13_4_4_0_0_ap_fixed_13_4_4_0_0_config5_dense_s_fu_1130  |dense_latency_ap_fixed_13_4_4_0_0_ap_fixed_13_4_4_0_0_config5_dense_s  |        0|  16|  768|  3576|    0|
    |grp_dense_latency_ap_fixed_13_4_4_0_0_ap_fixed_13_4_4_0_0_config5_dense_s_fu_1200  |dense_latency_ap_fixed_13_4_4_0_0_ap_fixed_13_4_4_0_0_config5_dense_s  |        0|  16|  768|  3576|    0|
    |grp_dense_latency_ap_fixed_13_4_4_0_0_ap_fixed_13_4_4_0_0_config5_dense_s_fu_1270  |dense_latency_ap_fixed_13_4_4_0_0_ap_fixed_13_4_4_0_0_config5_dense_s  |        0|  16|  768|  3576|    0|
    +-----------------------------------------------------------------------------------+-----------------------------------------------------------------------+---------+----+-----+------+-----+
    |Total                                                                              |                                                                       |        0| 256|12304| 57216|    0|
    +-----------------------------------------------------------------------------------+-----------------------------------------------------------------------+---------+----+-----+------+-----+

    * DSP: 
    N/A

    * Memory: 
    N/A

    * FIFO: 
    N/A

    * Expression: 
    N/A

    * Multiplexer: 
    +--------------+----+-----------+-----+-----------+
    |     Name     | LUT| Input Size| Bits| Total Bits|
    +--------------+----+-----------+-----+-----------+
    |ap_return_0   |  14|          3|   13|         39|
    |ap_return_1   |  14|          3|   13|         39|
    |ap_return_10  |  14|          3|   13|         39|
    |ap_return_11  |  14|          3|   13|         39|
    |ap_return_12  |  14|          3|   13|         39|
    |ap_return_13  |  14|          3|   13|         39|
    |ap_return_14  |  14|          3|   13|         39|
    |ap_return_15  |  14|          3|   13|         39|
    |ap_return_16  |  14|          3|   13|         39|
    |ap_return_17  |  14|          3|   13|         39|
    |ap_return_18  |  14|          3|   13|         39|
    |ap_return_19  |  14|          3|   13|         39|
    |ap_return_2   |  14|          3|   13|         39|
    |ap_return_20  |  14|          3|   13|         39|
    |ap_return_21  |  14|          3|   13|         39|
    |ap_return_22  |  14|          3|   13|         39|
    |ap_return_23  |  14|          3|   13|         39|
    |ap_return_24  |  14|          3|   13|         39|
    |ap_return_25  |  14|          3|   13|         39|
    |ap_return_26  |  14|          3|   13|         39|
    |ap_return_27  |  14|          3|   13|         39|
    |ap_return_28  |  14|          3|   13|         39|
    |ap_return_29  |  14|          3|   13|         39|
    |ap_return_3   |  14|          3|   13|         39|
    |ap_return_30  |  14|          3|   13|         39|
    |ap_return_31  |  14|          3|   13|         39|
    |ap_return_32  |  14|          3|   13|         39|
    |ap_return_33  |  14|          3|   13|         39|
    |ap_return_34  |  14|          3|   13|         39|
    |ap_return_35  |  14|          3|   13|         39|
    |ap_return_36  |  14|          3|   13|         39|
    |ap_return_37  |  14|          3|   13|         39|
    |ap_return_38  |  14|          3|   13|         39|
    |ap_return_39  |  14|          3|   13|         39|
    |ap_return_4   |  14|          3|   13|         39|
    |ap_return_40  |  14|          3|   13|         39|
    |ap_return_41  |  14|          3|   13|         39|
    |ap_return_42  |  14|          3|   13|         39|
    |ap_return_43  |  14|          3|   13|         39|
    |ap_return_44  |  14|          3|   13|         39|
    |ap_return_45  |  14|          3|   13|         39|
    |ap_return_46  |  14|          3|   13|         39|
    |ap_return_47  |  14|          3|   13|         39|
    |ap_return_48  |  14|          3|   13|         39|
    |ap_return_49  |  14|          3|   13|         39|
    |ap_return_5   |  14|          3|   13|         39|
    |ap_return_50  |  14|          3|   13|         39|
    |ap_return_51  |  14|          3|   13|         39|
    |ap_return_52  |  14|          3|   13|         39|
    |ap_return_53  |  14|          3|   13|         39|
    |ap_return_54  |  14|          3|   13|         39|
    |ap_return_55  |  14|          3|   13|         39|
    |ap_return_56  |  14|          3|   13|         39|
    |ap_return_57  |  14|          3|   13|         39|
    |ap_return_58  |  14|          3|   13|         39|
    |ap_return_59  |  14|          3|   13|         39|
    |ap_return_6   |  14|          3|   13|         39|
    |ap_return_60  |  14|          3|   13|         39|
    |ap_return_61  |  14|          3|   13|         39|
    |ap_return_62  |  14|          3|   13|         39|
    |ap_return_63  |  14|          3|   13|         39|
    |ap_return_7   |  14|          3|   13|         39|
    |ap_return_8   |  14|          3|   13|         39|
    |ap_return_9   |  14|          3|   13|         39|
    +--------------+----+-----------+-----+-----------+
    |Total         | 896|        192|  832|       2496|
    +--------------+----+-----------+-----+-----------+

    * Register: 
    +--------------------------+----+----+-----+-----------+
    |           Name           | FF | LUT| Bits| Const Bits|
    +--------------------------+----+----+-----+-----------+
    |ap_ce_reg                 |   1|   0|    1|          0|
    |ap_return_0_int_reg       |  13|   0|   13|          0|
    |ap_return_10_int_reg      |  13|   0|   13|          0|
    |ap_return_11_int_reg      |  13|   0|   13|          0|
    |ap_return_12_int_reg      |  13|   0|   13|          0|
    |ap_return_13_int_reg      |  13|   0|   13|          0|
    |ap_return_14_int_reg      |  13|   0|   13|          0|
    |ap_return_15_int_reg      |  13|   0|   13|          0|
    |ap_return_16_int_reg      |  13|   0|   13|          0|
    |ap_return_17_int_reg      |  13|   0|   13|          0|
    |ap_return_18_int_reg      |  13|   0|   13|          0|
    |ap_return_19_int_reg      |  13|   0|   13|          0|
    |ap_return_1_int_reg       |  13|   0|   13|          0|
    |ap_return_20_int_reg      |  13|   0|   13|          0|
    |ap_return_21_int_reg      |  13|   0|   13|          0|
    |ap_return_22_int_reg      |  13|   0|   13|          0|
    |ap_return_23_int_reg      |  13|   0|   13|          0|
    |ap_return_24_int_reg      |  13|   0|   13|          0|
    |ap_return_25_int_reg      |  13|   0|   13|          0|
    |ap_return_26_int_reg      |  13|   0|   13|          0|
    |ap_return_27_int_reg      |  13|   0|   13|          0|
    |ap_return_28_int_reg      |  13|   0|   13|          0|
    |ap_return_29_int_reg      |  13|   0|   13|          0|
    |ap_return_2_int_reg       |  13|   0|   13|          0|
    |ap_return_30_int_reg      |  13|   0|   13|          0|
    |ap_return_31_int_reg      |  13|   0|   13|          0|
    |ap_return_32_int_reg      |  13|   0|   13|          0|
    |ap_return_33_int_reg      |  13|   0|   13|          0|
    |ap_return_34_int_reg      |  13|   0|   13|          0|
    |ap_return_35_int_reg      |  13|   0|   13|          0|
    |ap_return_36_int_reg      |  13|   0|   13|          0|
    |ap_return_37_int_reg      |  13|   0|   13|          0|
    |ap_return_38_int_reg      |  13|   0|   13|          0|
    |ap_return_39_int_reg      |  13|   0|   13|          0|
    |ap_return_3_int_reg       |  13|   0|   13|          0|
    |ap_return_40_int_reg      |  13|   0|   13|          0|
    |ap_return_41_int_reg      |  13|   0|   13|          0|
    |ap_return_42_int_reg      |  13|   0|   13|          0|
    |ap_return_43_int_reg      |  13|   0|   13|          0|
    |ap_return_44_int_reg      |  13|   0|   13|          0|
    |ap_return_45_int_reg      |  13|   0|   13|          0|
    |ap_return_46_int_reg      |  13|   0|   13|          0|
    |ap_return_47_int_reg      |  13|   0|   13|          0|
    |ap_return_48_int_reg      |  13|   0|   13|          0|
    |ap_return_49_int_reg      |  13|   0|   13|          0|
    |ap_return_4_int_reg       |  13|   0|   13|          0|
    |ap_return_50_int_reg      |  13|   0|   13|          0|
    |ap_return_51_int_reg      |  13|   0|   13|          0|
    |ap_return_52_int_reg      |  13|   0|   13|          0|
    |ap_return_53_int_reg      |  13|   0|   13|          0|
    |ap_return_54_int_reg      |  13|   0|   13|          0|
    |ap_return_55_int_reg      |  13|   0|   13|          0|
    |ap_return_56_int_reg      |  13|   0|   13|          0|
    |ap_return_57_int_reg      |  13|   0|   13|          0|
    |ap_return_58_int_reg      |  13|   0|   13|          0|
    |ap_return_59_int_reg      |  13|   0|   13|          0|
    |ap_return_5_int_reg       |  13|   0|   13|          0|
    |ap_return_60_int_reg      |  13|   0|   13|          0|
    |ap_return_61_int_reg      |  13|   0|   13|          0|
    |ap_return_62_int_reg      |  13|   0|   13|          0|
    |ap_return_63_int_reg      |  13|   0|   13|          0|
    |ap_return_6_int_reg       |  13|   0|   13|          0|
    |ap_return_7_int_reg       |  13|   0|   13|          0|
    |ap_return_8_int_reg       |  13|   0|   13|          0|
    |ap_return_9_int_reg       |  13|   0|   13|          0|
    |qk_0_val17_int_reg        |  13|   0|   13|          0|
    |qk_10_val178_int_reg      |  13|   0|   13|          0|
    |qk_11_val195_int_reg      |  13|   0|   13|          0|
    |qk_12_val211_int_reg      |  13|   0|   13|          0|
    |qk_13_val227_int_reg      |  13|   0|   13|          0|
    |qk_14_val243_int_reg      |  13|   0|   13|          0|
    |qk_15_val259_int_reg      |  13|   0|   13|          0|
    |qk_16_val276_int_reg      |  13|   0|   13|          0|
    |qk_17_val292_int_reg      |  13|   0|   13|          0|
    |qk_18_val308_int_reg      |  13|   0|   13|          0|
    |qk_19_val324_int_reg      |  13|   0|   13|          0|
    |qk_1_val33_int_reg        |  13|   0|   13|          0|
    |qk_20_val340_int_reg      |  13|   0|   13|          0|
    |qk_21_val357_int_reg      |  13|   0|   13|          0|
    |qk_22_val373_int_reg      |  13|   0|   13|          0|
    |qk_23_val389_int_reg      |  13|   0|   13|          0|
    |qk_24_val405_int_reg      |  13|   0|   13|          0|
    |qk_25_val421_int_reg      |  13|   0|   13|          0|
    |qk_26_val438_int_reg      |  13|   0|   13|          0|
    |qk_27_val454_int_reg      |  13|   0|   13|          0|
    |qk_28_val470_int_reg      |  13|   0|   13|          0|
    |qk_29_val486_int_reg      |  13|   0|   13|          0|
    |qk_2_val49_int_reg        |  13|   0|   13|          0|
    |qk_30_val502_int_reg      |  13|   0|   13|          0|
    |qk_31_val518_int_reg      |  13|   0|   13|          0|
    |qk_32_val535_int_reg      |  13|   0|   13|          0|
    |qk_33_val551_int_reg      |  13|   0|   13|          0|
    |qk_34_val567_int_reg      |  13|   0|   13|          0|
    |qk_35_val583_int_reg      |  13|   0|   13|          0|
    |qk_36_val599_int_reg      |  13|   0|   13|          0|
    |qk_37_val615_int_reg      |  13|   0|   13|          0|
    |qk_38_val631_int_reg      |  13|   0|   13|          0|
    |qk_39_val647_int_reg      |  13|   0|   13|          0|
    |qk_3_val65_int_reg        |  13|   0|   13|          0|
    |qk_40_val663_int_reg      |  13|   0|   13|          0|
    |qk_41_val679_int_reg      |  13|   0|   13|          0|
    |qk_42_val696_int_reg      |  13|   0|   13|          0|
    |qk_43_val712_int_reg      |  13|   0|   13|          0|
    |qk_44_val728_int_reg      |  13|   0|   13|          0|
    |qk_45_val744_int_reg      |  13|   0|   13|          0|
    |qk_46_val760_int_reg      |  13|   0|   13|          0|
    |qk_47_val776_int_reg      |  13|   0|   13|          0|
    |qk_48_val792_int_reg      |  13|   0|   13|          0|
    |qk_49_val808_int_reg      |  13|   0|   13|          0|
    |qk_4_val81_int_reg        |  13|   0|   13|          0|
    |qk_50_val824_int_reg      |  13|   0|   13|          0|
    |qk_51_val840_int_reg      |  13|   0|   13|          0|
    |qk_52_val856_int_reg      |  13|   0|   13|          0|
    |qk_53_val872_int_reg      |  13|   0|   13|          0|
    |qk_54_val888_int_reg      |  13|   0|   13|          0|
    |qk_55_val904_int_reg      |  13|   0|   13|          0|
    |qk_56_val920_int_reg      |  13|   0|   13|          0|
    |qk_57_val936_int_reg      |  13|   0|   13|          0|
    |qk_58_val952_int_reg      |  13|   0|   13|          0|
    |qk_59_val968_int_reg      |  13|   0|   13|          0|
    |qk_5_val98_int_reg        |  13|   0|   13|          0|
    |qk_60_val984_int_reg      |  13|   0|   13|          0|
    |qk_61_val1000_int_reg     |  13|   0|   13|          0|
    |qk_62_val1016_int_reg     |  13|   0|   13|          0|
    |qk_63_val1032_int_reg     |  13|   0|   13|          0|
    |qk_6_val114_int_reg       |  13|   0|   13|          0|
    |qk_7_val130_int_reg       |  13|   0|   13|          0|
    |qk_8_val146_int_reg       |  13|   0|   13|          0|
    |qk_9_val162_int_reg       |  13|   0|   13|          0|
    |value_0_val1036_int_reg   |  13|   0|   13|          0|
    |value_10_val1076_int_reg  |  13|   0|   13|          0|
    |value_11_val1080_int_reg  |  13|   0|   13|          0|
    |value_12_val1084_int_reg  |  13|   0|   13|          0|
    |value_13_val1088_int_reg  |  13|   0|   13|          0|
    |value_14_val1092_int_reg  |  13|   0|   13|          0|
    |value_15_val1096_int_reg  |  13|   0|   13|          0|
    |value_16_val1100_int_reg  |  13|   0|   13|          0|
    |value_17_val1104_int_reg  |  13|   0|   13|          0|
    |value_18_val1108_int_reg  |  13|   0|   13|          0|
    |value_19_val1112_int_reg  |  13|   0|   13|          0|
    |value_1_val1040_int_reg   |  13|   0|   13|          0|
    |value_20_val1116_int_reg  |  13|   0|   13|          0|
    |value_21_val1120_int_reg  |  13|   0|   13|          0|
    |value_22_val1124_int_reg  |  13|   0|   13|          0|
    |value_23_val1128_int_reg  |  13|   0|   13|          0|
    |value_24_val1132_int_reg  |  13|   0|   13|          0|
    |value_25_val1136_int_reg  |  13|   0|   13|          0|
    |value_26_val1140_int_reg  |  13|   0|   13|          0|
    |value_27_val1144_int_reg  |  13|   0|   13|          0|
    |value_28_val1148_int_reg  |  13|   0|   13|          0|
    |value_29_val1152_int_reg  |  13|   0|   13|          0|
    |value_2_val1044_int_reg   |  13|   0|   13|          0|
    |value_30_val1156_int_reg  |  13|   0|   13|          0|
    |value_31_val1160_int_reg  |  13|   0|   13|          0|
    |value_32_val1164_int_reg  |  13|   0|   13|          0|
    |value_33_val1168_int_reg  |  13|   0|   13|          0|
    |value_34_val1172_int_reg  |  13|   0|   13|          0|
    |value_35_val1176_int_reg  |  13|   0|   13|          0|
    |value_36_val1180_int_reg  |  13|   0|   13|          0|
    |value_37_val1184_int_reg  |  13|   0|   13|          0|
    |value_38_val1188_int_reg  |  13|   0|   13|          0|
    |value_39_val1192_int_reg  |  13|   0|   13|          0|
    |value_3_val1048_int_reg   |  13|   0|   13|          0|
    |value_40_val1196_int_reg  |  13|   0|   13|          0|
    |value_41_val1200_int_reg  |  13|   0|   13|          0|
    |value_42_val1204_int_reg  |  13|   0|   13|          0|
    |value_43_val1208_int_reg  |  13|   0|   13|          0|
    |value_44_val1212_int_reg  |  13|   0|   13|          0|
    |value_45_val1216_int_reg  |  13|   0|   13|          0|
    |value_46_val1220_int_reg  |  13|   0|   13|          0|
    |value_47_val1224_int_reg  |  13|   0|   13|          0|
    |value_48_val1228_int_reg  |  13|   0|   13|          0|
    |value_49_val1232_int_reg  |  13|   0|   13|          0|
    |value_4_val1052_int_reg   |  13|   0|   13|          0|
    |value_50_val1236_int_reg  |  13|   0|   13|          0|
    |value_51_val1240_int_reg  |  13|   0|   13|          0|
    |value_52_val1244_int_reg  |  13|   0|   13|          0|
    |value_53_val1248_int_reg  |  13|   0|   13|          0|
    |value_54_val1252_int_reg  |  13|   0|   13|          0|
    |value_55_val1256_int_reg  |  13|   0|   13|          0|
    |value_56_val1260_int_reg  |  13|   0|   13|          0|
    |value_57_val1264_int_reg  |  13|   0|   13|          0|
    |value_58_val1268_int_reg  |  13|   0|   13|          0|
    |value_59_val1272_int_reg  |  13|   0|   13|          0|
    |value_5_val1056_int_reg   |  13|   0|   13|          0|
    |value_60_val1276_int_reg  |  13|   0|   13|          0|
    |value_61_val1280_int_reg  |  13|   0|   13|          0|
    |value_62_val1284_int_reg  |  13|   0|   13|          0|
    |value_63_val1288_int_reg  |  13|   0|   13|          0|
    |value_6_val1060_int_reg   |  13|   0|   13|          0|
    |value_7_val1064_int_reg   |  13|   0|   13|          0|
    |value_8_val1068_int_reg   |  13|   0|   13|          0|
    |value_9_val1072_int_reg   |  13|   0|   13|          0|
    +--------------------------+----+----+-----+-----------+
    |Total                     |2497|   0| 2497|          0|
    +--------------------------+----+----+-----+-----------+



================================================================
== Interface
================================================================
* Summary: 
+------------------+-----+-----+------------+------------------------------------------------------------------+--------------+
|     RTL Ports    | Dir | Bits|  Protocol  |                           Source Object                          |    C Type    |
+------------------+-----+-----+------------+------------------------------------------------------------------+--------------+
|ap_clk            |   in|    1|  ap_ctrl_hs|  bmm<ap_fixed<13, 4, 4, 0, 0>, ap_fixed<13, 4, 4, 0, 0>, config5>|  return value|
|ap_rst            |   in|    1|  ap_ctrl_hs|  bmm<ap_fixed<13, 4, 4, 0, 0>, ap_fixed<13, 4, 4, 0, 0>, config5>|  return value|
|ap_return_0       |  out|   13|  ap_ctrl_hs|  bmm<ap_fixed<13, 4, 4, 0, 0>, ap_fixed<13, 4, 4, 0, 0>, config5>|  return value|
|ap_return_1       |  out|   13|  ap_ctrl_hs|  bmm<ap_fixed<13, 4, 4, 0, 0>, ap_fixed<13, 4, 4, 0, 0>, config5>|  return value|
|ap_return_2       |  out|   13|  ap_ctrl_hs|  bmm<ap_fixed<13, 4, 4, 0, 0>, ap_fixed<13, 4, 4, 0, 0>, config5>|  return value|
|ap_return_3       |  out|   13|  ap_ctrl_hs|  bmm<ap_fixed<13, 4, 4, 0, 0>, ap_fixed<13, 4, 4, 0, 0>, config5>|  return value|
|ap_return_4       |  out|   13|  ap_ctrl_hs|  bmm<ap_fixed<13, 4, 4, 0, 0>, ap_fixed<13, 4, 4, 0, 0>, config5>|  return value|
|ap_return_5       |  out|   13|  ap_ctrl_hs|  bmm<ap_fixed<13, 4, 4, 0, 0>, ap_fixed<13, 4, 4, 0, 0>, config5>|  return value|
|ap_return_6       |  out|   13|  ap_ctrl_hs|  bmm<ap_fixed<13, 4, 4, 0, 0>, ap_fixed<13, 4, 4, 0, 0>, config5>|  return value|
|ap_return_7       |  out|   13|  ap_ctrl_hs|  bmm<ap_fixed<13, 4, 4, 0, 0>, ap_fixed<13, 4, 4, 0, 0>, config5>|  return value|
|ap_return_8       |  out|   13|  ap_ctrl_hs|  bmm<ap_fixed<13, 4, 4, 0, 0>, ap_fixed<13, 4, 4, 0, 0>, config5>|  return value|
|ap_return_9       |  out|   13|  ap_ctrl_hs|  bmm<ap_fixed<13, 4, 4, 0, 0>, ap_fixed<13, 4, 4, 0, 0>, config5>|  return value|
|ap_return_10      |  out|   13|  ap_ctrl_hs|  bmm<ap_fixed<13, 4, 4, 0, 0>, ap_fixed<13, 4, 4, 0, 0>, config5>|  return value|
|ap_return_11      |  out|   13|  ap_ctrl_hs|  bmm<ap_fixed<13, 4, 4, 0, 0>, ap_fixed<13, 4, 4, 0, 0>, config5>|  return value|
|ap_return_12      |  out|   13|  ap_ctrl_hs|  bmm<ap_fixed<13, 4, 4, 0, 0>, ap_fixed<13, 4, 4, 0, 0>, config5>|  return value|
|ap_return_13      |  out|   13|  ap_ctrl_hs|  bmm<ap_fixed<13, 4, 4, 0, 0>, ap_fixed<13, 4, 4, 0, 0>, config5>|  return value|
|ap_return_14      |  out|   13|  ap_ctrl_hs|  bmm<ap_fixed<13, 4, 4, 0, 0>, ap_fixed<13, 4, 4, 0, 0>, config5>|  return value|
|ap_return_15      |  out|   13|  ap_ctrl_hs|  bmm<ap_fixed<13, 4, 4, 0, 0>, ap_fixed<13, 4, 4, 0, 0>, config5>|  return value|
|ap_return_16      |  out|   13|  ap_ctrl_hs|  bmm<ap_fixed<13, 4, 4, 0, 0>, ap_fixed<13, 4, 4, 0, 0>, config5>|  return value|
|ap_return_17      |  out|   13|  ap_ctrl_hs|  bmm<ap_fixed<13, 4, 4, 0, 0>, ap_fixed<13, 4, 4, 0, 0>, config5>|  return value|
|ap_return_18      |  out|   13|  ap_ctrl_hs|  bmm<ap_fixed<13, 4, 4, 0, 0>, ap_fixed<13, 4, 4, 0, 0>, config5>|  return value|
|ap_return_19      |  out|   13|  ap_ctrl_hs|  bmm<ap_fixed<13, 4, 4, 0, 0>, ap_fixed<13, 4, 4, 0, 0>, config5>|  return value|
|ap_return_20      |  out|   13|  ap_ctrl_hs|  bmm<ap_fixed<13, 4, 4, 0, 0>, ap_fixed<13, 4, 4, 0, 0>, config5>|  return value|
|ap_return_21      |  out|   13|  ap_ctrl_hs|  bmm<ap_fixed<13, 4, 4, 0, 0>, ap_fixed<13, 4, 4, 0, 0>, config5>|  return value|
|ap_return_22      |  out|   13|  ap_ctrl_hs|  bmm<ap_fixed<13, 4, 4, 0, 0>, ap_fixed<13, 4, 4, 0, 0>, config5>|  return value|
|ap_return_23      |  out|   13|  ap_ctrl_hs|  bmm<ap_fixed<13, 4, 4, 0, 0>, ap_fixed<13, 4, 4, 0, 0>, config5>|  return value|
|ap_return_24      |  out|   13|  ap_ctrl_hs|  bmm<ap_fixed<13, 4, 4, 0, 0>, ap_fixed<13, 4, 4, 0, 0>, config5>|  return value|
|ap_return_25      |  out|   13|  ap_ctrl_hs|  bmm<ap_fixed<13, 4, 4, 0, 0>, ap_fixed<13, 4, 4, 0, 0>, config5>|  return value|
|ap_return_26      |  out|   13|  ap_ctrl_hs|  bmm<ap_fixed<13, 4, 4, 0, 0>, ap_fixed<13, 4, 4, 0, 0>, config5>|  return value|
|ap_return_27      |  out|   13|  ap_ctrl_hs|  bmm<ap_fixed<13, 4, 4, 0, 0>, ap_fixed<13, 4, 4, 0, 0>, config5>|  return value|
|ap_return_28      |  out|   13|  ap_ctrl_hs|  bmm<ap_fixed<13, 4, 4, 0, 0>, ap_fixed<13, 4, 4, 0, 0>, config5>|  return value|
|ap_return_29      |  out|   13|  ap_ctrl_hs|  bmm<ap_fixed<13, 4, 4, 0, 0>, ap_fixed<13, 4, 4, 0, 0>, config5>|  return value|
|ap_return_30      |  out|   13|  ap_ctrl_hs|  bmm<ap_fixed<13, 4, 4, 0, 0>, ap_fixed<13, 4, 4, 0, 0>, config5>|  return value|
|ap_return_31      |  out|   13|  ap_ctrl_hs|  bmm<ap_fixed<13, 4, 4, 0, 0>, ap_fixed<13, 4, 4, 0, 0>, config5>|  return value|
|ap_return_32      |  out|   13|  ap_ctrl_hs|  bmm<ap_fixed<13, 4, 4, 0, 0>, ap_fixed<13, 4, 4, 0, 0>, config5>|  return value|
|ap_return_33      |  out|   13|  ap_ctrl_hs|  bmm<ap_fixed<13, 4, 4, 0, 0>, ap_fixed<13, 4, 4, 0, 0>, config5>|  return value|
|ap_return_34      |  out|   13|  ap_ctrl_hs|  bmm<ap_fixed<13, 4, 4, 0, 0>, ap_fixed<13, 4, 4, 0, 0>, config5>|  return value|
|ap_return_35      |  out|   13|  ap_ctrl_hs|  bmm<ap_fixed<13, 4, 4, 0, 0>, ap_fixed<13, 4, 4, 0, 0>, config5>|  return value|
|ap_return_36      |  out|   13|  ap_ctrl_hs|  bmm<ap_fixed<13, 4, 4, 0, 0>, ap_fixed<13, 4, 4, 0, 0>, config5>|  return value|
|ap_return_37      |  out|   13|  ap_ctrl_hs|  bmm<ap_fixed<13, 4, 4, 0, 0>, ap_fixed<13, 4, 4, 0, 0>, config5>|  return value|
|ap_return_38      |  out|   13|  ap_ctrl_hs|  bmm<ap_fixed<13, 4, 4, 0, 0>, ap_fixed<13, 4, 4, 0, 0>, config5>|  return value|
|ap_return_39      |  out|   13|  ap_ctrl_hs|  bmm<ap_fixed<13, 4, 4, 0, 0>, ap_fixed<13, 4, 4, 0, 0>, config5>|  return value|
|ap_return_40      |  out|   13|  ap_ctrl_hs|  bmm<ap_fixed<13, 4, 4, 0, 0>, ap_fixed<13, 4, 4, 0, 0>, config5>|  return value|
|ap_return_41      |  out|   13|  ap_ctrl_hs|  bmm<ap_fixed<13, 4, 4, 0, 0>, ap_fixed<13, 4, 4, 0, 0>, config5>|  return value|
|ap_return_42      |  out|   13|  ap_ctrl_hs|  bmm<ap_fixed<13, 4, 4, 0, 0>, ap_fixed<13, 4, 4, 0, 0>, config5>|  return value|
|ap_return_43      |  out|   13|  ap_ctrl_hs|  bmm<ap_fixed<13, 4, 4, 0, 0>, ap_fixed<13, 4, 4, 0, 0>, config5>|  return value|
|ap_return_44      |  out|   13|  ap_ctrl_hs|  bmm<ap_fixed<13, 4, 4, 0, 0>, ap_fixed<13, 4, 4, 0, 0>, config5>|  return value|
|ap_return_45      |  out|   13|  ap_ctrl_hs|  bmm<ap_fixed<13, 4, 4, 0, 0>, ap_fixed<13, 4, 4, 0, 0>, config5>|  return value|
|ap_return_46      |  out|   13|  ap_ctrl_hs|  bmm<ap_fixed<13, 4, 4, 0, 0>, ap_fixed<13, 4, 4, 0, 0>, config5>|  return value|
|ap_return_47      |  out|   13|  ap_ctrl_hs|  bmm<ap_fixed<13, 4, 4, 0, 0>, ap_fixed<13, 4, 4, 0, 0>, config5>|  return value|
|ap_return_48      |  out|   13|  ap_ctrl_hs|  bmm<ap_fixed<13, 4, 4, 0, 0>, ap_fixed<13, 4, 4, 0, 0>, config5>|  return value|
|ap_return_49      |  out|   13|  ap_ctrl_hs|  bmm<ap_fixed<13, 4, 4, 0, 0>, ap_fixed<13, 4, 4, 0, 0>, config5>|  return value|
|ap_return_50      |  out|   13|  ap_ctrl_hs|  bmm<ap_fixed<13, 4, 4, 0, 0>, ap_fixed<13, 4, 4, 0, 0>, config5>|  return value|
|ap_return_51      |  out|   13|  ap_ctrl_hs|  bmm<ap_fixed<13, 4, 4, 0, 0>, ap_fixed<13, 4, 4, 0, 0>, config5>|  return value|
|ap_return_52      |  out|   13|  ap_ctrl_hs|  bmm<ap_fixed<13, 4, 4, 0, 0>, ap_fixed<13, 4, 4, 0, 0>, config5>|  return value|
|ap_return_53      |  out|   13|  ap_ctrl_hs|  bmm<ap_fixed<13, 4, 4, 0, 0>, ap_fixed<13, 4, 4, 0, 0>, config5>|  return value|
|ap_return_54      |  out|   13|  ap_ctrl_hs|  bmm<ap_fixed<13, 4, 4, 0, 0>, ap_fixed<13, 4, 4, 0, 0>, config5>|  return value|
|ap_return_55      |  out|   13|  ap_ctrl_hs|  bmm<ap_fixed<13, 4, 4, 0, 0>, ap_fixed<13, 4, 4, 0, 0>, config5>|  return value|
|ap_return_56      |  out|   13|  ap_ctrl_hs|  bmm<ap_fixed<13, 4, 4, 0, 0>, ap_fixed<13, 4, 4, 0, 0>, config5>|  return value|
|ap_return_57      |  out|   13|  ap_ctrl_hs|  bmm<ap_fixed<13, 4, 4, 0, 0>, ap_fixed<13, 4, 4, 0, 0>, config5>|  return value|
|ap_return_58      |  out|   13|  ap_ctrl_hs|  bmm<ap_fixed<13, 4, 4, 0, 0>, ap_fixed<13, 4, 4, 0, 0>, config5>|  return value|
|ap_return_59      |  out|   13|  ap_ctrl_hs|  bmm<ap_fixed<13, 4, 4, 0, 0>, ap_fixed<13, 4, 4, 0, 0>, config5>|  return value|
|ap_return_60      |  out|   13|  ap_ctrl_hs|  bmm<ap_fixed<13, 4, 4, 0, 0>, ap_fixed<13, 4, 4, 0, 0>, config5>|  return value|
|ap_return_61      |  out|   13|  ap_ctrl_hs|  bmm<ap_fixed<13, 4, 4, 0, 0>, ap_fixed<13, 4, 4, 0, 0>, config5>|  return value|
|ap_return_62      |  out|   13|  ap_ctrl_hs|  bmm<ap_fixed<13, 4, 4, 0, 0>, ap_fixed<13, 4, 4, 0, 0>, config5>|  return value|
|ap_return_63      |  out|   13|  ap_ctrl_hs|  bmm<ap_fixed<13, 4, 4, 0, 0>, ap_fixed<13, 4, 4, 0, 0>, config5>|  return value|
|ap_ce             |   in|    1|  ap_ctrl_hs|  bmm<ap_fixed<13, 4, 4, 0, 0>, ap_fixed<13, 4, 4, 0, 0>, config5>|  return value|
|qk_0_val17        |   in|   13|     ap_none|                                                        qk_0_val17|        scalar|
|qk_1_val33        |   in|   13|     ap_none|                                                        qk_1_val33|        scalar|
|qk_2_val49        |   in|   13|     ap_none|                                                        qk_2_val49|        scalar|
|qk_3_val65        |   in|   13|     ap_none|                                                        qk_3_val65|        scalar|
|qk_4_val81        |   in|   13|     ap_none|                                                        qk_4_val81|        scalar|
|qk_5_val98        |   in|   13|     ap_none|                                                        qk_5_val98|        scalar|
|qk_6_val114       |   in|   13|     ap_none|                                                       qk_6_val114|        scalar|
|qk_7_val130       |   in|   13|     ap_none|                                                       qk_7_val130|        scalar|
|qk_8_val146       |   in|   13|     ap_none|                                                       qk_8_val146|        scalar|
|qk_9_val162       |   in|   13|     ap_none|                                                       qk_9_val162|        scalar|
|qk_10_val178      |   in|   13|     ap_none|                                                      qk_10_val178|        scalar|
|qk_11_val195      |   in|   13|     ap_none|                                                      qk_11_val195|        scalar|
|qk_12_val211      |   in|   13|     ap_none|                                                      qk_12_val211|        scalar|
|qk_13_val227      |   in|   13|     ap_none|                                                      qk_13_val227|        scalar|
|qk_14_val243      |   in|   13|     ap_none|                                                      qk_14_val243|        scalar|
|qk_15_val259      |   in|   13|     ap_none|                                                      qk_15_val259|        scalar|
|qk_16_val276      |   in|   13|     ap_none|                                                      qk_16_val276|        scalar|
|qk_17_val292      |   in|   13|     ap_none|                                                      qk_17_val292|        scalar|
|qk_18_val308      |   in|   13|     ap_none|                                                      qk_18_val308|        scalar|
|qk_19_val324      |   in|   13|     ap_none|                                                      qk_19_val324|        scalar|
|qk_20_val340      |   in|   13|     ap_none|                                                      qk_20_val340|        scalar|
|qk_21_val357      |   in|   13|     ap_none|                                                      qk_21_val357|        scalar|
|qk_22_val373      |   in|   13|     ap_none|                                                      qk_22_val373|        scalar|
|qk_23_val389      |   in|   13|     ap_none|                                                      qk_23_val389|        scalar|
|qk_24_val405      |   in|   13|     ap_none|                                                      qk_24_val405|        scalar|
|qk_25_val421      |   in|   13|     ap_none|                                                      qk_25_val421|        scalar|
|qk_26_val438      |   in|   13|     ap_none|                                                      qk_26_val438|        scalar|
|qk_27_val454      |   in|   13|     ap_none|                                                      qk_27_val454|        scalar|
|qk_28_val470      |   in|   13|     ap_none|                                                      qk_28_val470|        scalar|
|qk_29_val486      |   in|   13|     ap_none|                                                      qk_29_val486|        scalar|
|qk_30_val502      |   in|   13|     ap_none|                                                      qk_30_val502|        scalar|
|qk_31_val518      |   in|   13|     ap_none|                                                      qk_31_val518|        scalar|
|qk_32_val535      |   in|   13|     ap_none|                                                      qk_32_val535|        scalar|
|qk_33_val551      |   in|   13|     ap_none|                                                      qk_33_val551|        scalar|
|qk_34_val567      |   in|   13|     ap_none|                                                      qk_34_val567|        scalar|
|qk_35_val583      |   in|   13|     ap_none|                                                      qk_35_val583|        scalar|
|qk_36_val599      |   in|   13|     ap_none|                                                      qk_36_val599|        scalar|
|qk_37_val615      |   in|   13|     ap_none|                                                      qk_37_val615|        scalar|
|qk_38_val631      |   in|   13|     ap_none|                                                      qk_38_val631|        scalar|
|qk_39_val647      |   in|   13|     ap_none|                                                      qk_39_val647|        scalar|
|qk_40_val663      |   in|   13|     ap_none|                                                      qk_40_val663|        scalar|
|qk_41_val679      |   in|   13|     ap_none|                                                      qk_41_val679|        scalar|
|qk_42_val696      |   in|   13|     ap_none|                                                      qk_42_val696|        scalar|
|qk_43_val712      |   in|   13|     ap_none|                                                      qk_43_val712|        scalar|
|qk_44_val728      |   in|   13|     ap_none|                                                      qk_44_val728|        scalar|
|qk_45_val744      |   in|   13|     ap_none|                                                      qk_45_val744|        scalar|
|qk_46_val760      |   in|   13|     ap_none|                                                      qk_46_val760|        scalar|
|qk_47_val776      |   in|   13|     ap_none|                                                      qk_47_val776|        scalar|
|qk_48_val792      |   in|   13|     ap_none|                                                      qk_48_val792|        scalar|
|qk_49_val808      |   in|   13|     ap_none|                                                      qk_49_val808|        scalar|
|qk_50_val824      |   in|   13|     ap_none|                                                      qk_50_val824|        scalar|
|qk_51_val840      |   in|   13|     ap_none|                                                      qk_51_val840|        scalar|
|qk_52_val856      |   in|   13|     ap_none|                                                      qk_52_val856|        scalar|
|qk_53_val872      |   in|   13|     ap_none|                                                      qk_53_val872|        scalar|
|qk_54_val888      |   in|   13|     ap_none|                                                      qk_54_val888|        scalar|
|qk_55_val904      |   in|   13|     ap_none|                                                      qk_55_val904|        scalar|
|qk_56_val920      |   in|   13|     ap_none|                                                      qk_56_val920|        scalar|
|qk_57_val936      |   in|   13|     ap_none|                                                      qk_57_val936|        scalar|
|qk_58_val952      |   in|   13|     ap_none|                                                      qk_58_val952|        scalar|
|qk_59_val968      |   in|   13|     ap_none|                                                      qk_59_val968|        scalar|
|qk_60_val984      |   in|   13|     ap_none|                                                      qk_60_val984|        scalar|
|qk_61_val1000     |   in|   13|     ap_none|                                                     qk_61_val1000|        scalar|
|qk_62_val1016     |   in|   13|     ap_none|                                                     qk_62_val1016|        scalar|
|qk_63_val1032     |   in|   13|     ap_none|                                                     qk_63_val1032|        scalar|
|value_0_val1036   |   in|   13|     ap_none|                                                   value_0_val1036|        scalar|
|value_1_val1040   |   in|   13|     ap_none|                                                   value_1_val1040|        scalar|
|value_2_val1044   |   in|   13|     ap_none|                                                   value_2_val1044|        scalar|
|value_3_val1048   |   in|   13|     ap_none|                                                   value_3_val1048|        scalar|
|value_4_val1052   |   in|   13|     ap_none|                                                   value_4_val1052|        scalar|
|value_5_val1056   |   in|   13|     ap_none|                                                   value_5_val1056|        scalar|
|value_6_val1060   |   in|   13|     ap_none|                                                   value_6_val1060|        scalar|
|value_7_val1064   |   in|   13|     ap_none|                                                   value_7_val1064|        scalar|
|value_8_val1068   |   in|   13|     ap_none|                                                   value_8_val1068|        scalar|
|value_9_val1072   |   in|   13|     ap_none|                                                   value_9_val1072|        scalar|
|value_10_val1076  |   in|   13|     ap_none|                                                  value_10_val1076|        scalar|
|value_11_val1080  |   in|   13|     ap_none|                                                  value_11_val1080|        scalar|
|value_12_val1084  |   in|   13|     ap_none|                                                  value_12_val1084|        scalar|
|value_13_val1088  |   in|   13|     ap_none|                                                  value_13_val1088|        scalar|
|value_14_val1092  |   in|   13|     ap_none|                                                  value_14_val1092|        scalar|
|value_15_val1096  |   in|   13|     ap_none|                                                  value_15_val1096|        scalar|
|value_16_val1100  |   in|   13|     ap_none|                                                  value_16_val1100|        scalar|
|value_17_val1104  |   in|   13|     ap_none|                                                  value_17_val1104|        scalar|
|value_18_val1108  |   in|   13|     ap_none|                                                  value_18_val1108|        scalar|
|value_19_val1112  |   in|   13|     ap_none|                                                  value_19_val1112|        scalar|
|value_20_val1116  |   in|   13|     ap_none|                                                  value_20_val1116|        scalar|
|value_21_val1120  |   in|   13|     ap_none|                                                  value_21_val1120|        scalar|
|value_22_val1124  |   in|   13|     ap_none|                                                  value_22_val1124|        scalar|
|value_23_val1128  |   in|   13|     ap_none|                                                  value_23_val1128|        scalar|
|value_24_val1132  |   in|   13|     ap_none|                                                  value_24_val1132|        scalar|
|value_25_val1136  |   in|   13|     ap_none|                                                  value_25_val1136|        scalar|
|value_26_val1140  |   in|   13|     ap_none|                                                  value_26_val1140|        scalar|
|value_27_val1144  |   in|   13|     ap_none|                                                  value_27_val1144|        scalar|
|value_28_val1148  |   in|   13|     ap_none|                                                  value_28_val1148|        scalar|
|value_29_val1152  |   in|   13|     ap_none|                                                  value_29_val1152|        scalar|
|value_30_val1156  |   in|   13|     ap_none|                                                  value_30_val1156|        scalar|
|value_31_val1160  |   in|   13|     ap_none|                                                  value_31_val1160|        scalar|
|value_32_val1164  |   in|   13|     ap_none|                                                  value_32_val1164|        scalar|
|value_33_val1168  |   in|   13|     ap_none|                                                  value_33_val1168|        scalar|
|value_34_val1172  |   in|   13|     ap_none|                                                  value_34_val1172|        scalar|
|value_35_val1176  |   in|   13|     ap_none|                                                  value_35_val1176|        scalar|
|value_36_val1180  |   in|   13|     ap_none|                                                  value_36_val1180|        scalar|
|value_37_val1184  |   in|   13|     ap_none|                                                  value_37_val1184|        scalar|
|value_38_val1188  |   in|   13|     ap_none|                                                  value_38_val1188|        scalar|
|value_39_val1192  |   in|   13|     ap_none|                                                  value_39_val1192|        scalar|
|value_40_val1196  |   in|   13|     ap_none|                                                  value_40_val1196|        scalar|
|value_41_val1200  |   in|   13|     ap_none|                                                  value_41_val1200|        scalar|
|value_42_val1204  |   in|   13|     ap_none|                                                  value_42_val1204|        scalar|
|value_43_val1208  |   in|   13|     ap_none|                                                  value_43_val1208|        scalar|
|value_44_val1212  |   in|   13|     ap_none|                                                  value_44_val1212|        scalar|
|value_45_val1216  |   in|   13|     ap_none|                                                  value_45_val1216|        scalar|
|value_46_val1220  |   in|   13|     ap_none|                                                  value_46_val1220|        scalar|
|value_47_val1224  |   in|   13|     ap_none|                                                  value_47_val1224|        scalar|
|value_48_val1228  |   in|   13|     ap_none|                                                  value_48_val1228|        scalar|
|value_49_val1232  |   in|   13|     ap_none|                                                  value_49_val1232|        scalar|
|value_50_val1236  |   in|   13|     ap_none|                                                  value_50_val1236|        scalar|
|value_51_val1240  |   in|   13|     ap_none|                                                  value_51_val1240|        scalar|
|value_52_val1244  |   in|   13|     ap_none|                                                  value_52_val1244|        scalar|
|value_53_val1248  |   in|   13|     ap_none|                                                  value_53_val1248|        scalar|
|value_54_val1252  |   in|   13|     ap_none|                                                  value_54_val1252|        scalar|
|value_55_val1256  |   in|   13|     ap_none|                                                  value_55_val1256|        scalar|
|value_56_val1260  |   in|   13|     ap_none|                                                  value_56_val1260|        scalar|
|value_57_val1264  |   in|   13|     ap_none|                                                  value_57_val1264|        scalar|
|value_58_val1268  |   in|   13|     ap_none|                                                  value_58_val1268|        scalar|
|value_59_val1272  |   in|   13|     ap_none|                                                  value_59_val1272|        scalar|
|value_60_val1276  |   in|   13|     ap_none|                                                  value_60_val1276|        scalar|
|value_61_val1280  |   in|   13|     ap_none|                                                  value_61_val1280|        scalar|
|value_62_val1284  |   in|   13|     ap_none|                                                  value_62_val1284|        scalar|
|value_63_val1288  |   in|   13|     ap_none|                                                  value_63_val1288|        scalar|
+------------------+-----+-----+------------+------------------------------------------------------------------+--------------+

