

================================================================
== Vitis HLS Report for 'dense_latency_ap_fixed_16_6_4_0_0_ap_fixed_16_6_4_0_0_config5_dense_4'
================================================================
* Date:           Sun Feb  2 15:41:43 2025

* Version:        2023.2 (Build 4023990 on Oct 11 2023)
* Project:        myproject
* Solution:       hls (Vivado IP Flow Target)
* Product family: virtexuplus
* Target device:  xcvu13p-flga2577-2-e


================================================================
== Performance Estimates
================================================================
+ Timing: 
    * Summary: 
    +--------+---------+----------+------------+
    |  Clock |  Target | Estimated| Uncertainty|
    +--------+---------+----------+------------+
    |ap_clk  |  5.00 ns|  4.113 ns|     0.62 ns|
    +--------+---------+----------+------------+

+ Latency: 
    * Summary: 
    +---------+---------+----------+----------+-----+-----+---------+
    |  Latency (cycles) |  Latency (absolute) |  Interval | Pipeline|
    |   min   |   max   |    min   |    max   | min | max |   Type  |
    +---------+---------+----------+----------+-----+-----+---------+
    |        1|        1|  5.000 ns|  5.000 ns|    1|    1|      yes|
    +---------+---------+----------+----------+-----+-----+---------+

    + Detail: 
        * Instance: 
        N/A

        * Loop: 
        N/A



================================================================
== Utilization Estimates
================================================================
* Summary: 
+---------------------+---------+-------+---------+---------+------+
|         Name        | BRAM_18K|  DSP  |    FF   |   LUT   | URAM |
+---------------------+---------+-------+---------+---------+------+
|DSP                  |        -|      -|        -|        -|     -|
|Expression           |        -|      -|        0|     3948|     -|
|FIFO                 |        -|      -|        -|        -|     -|
|Instance             |        -|     18|        0|      201|     -|
|Memory               |        -|      -|        -|        -|     -|
|Multiplexer          |        -|      -|        -|        -|     -|
|Register             |        -|      -|      972|        -|     -|
+---------------------+---------+-------+---------+---------+------+
|Total                |        0|     18|      972|     4149|     0|
+---------------------+---------+-------+---------+---------+------+
|Available SLR        |     1344|   3072|   864000|   432000|   320|
+---------------------+---------+-------+---------+---------+------+
|Utilization SLR (%)  |        0|     ~0|       ~0|       ~0|     0|
+---------------------+---------+-------+---------+---------+------+
|Available            |     5376|  12288|  3456000|  1728000|  1280|
+---------------------+---------+-------+---------+---------+------+
|Utilization (%)      |        0|     ~0|       ~0|       ~0|     0|
+---------------------+---------+-------+---------+---------+------+

+ Detail: 
    * Instance: 
    +-------------------------------+-------------------------+---------+----+---+----+-----+
    |            Instance           |          Module         | BRAM_18K| DSP| FF| LUT| URAM|
    +-------------------------------+-------------------------+---------+----+---+----+-----+
    |mul_16s_16s_32_1_1_U2379       |mul_16s_16s_32_1_1       |        0|   1|  0|   5|    0|
    |mul_16s_16s_32_1_1_U2380       |mul_16s_16s_32_1_1       |        0|   1|  0|   5|    0|
    |mul_16s_16s_32_1_1_U2381       |mul_16s_16s_32_1_1       |        0|   1|  0|   5|    0|
    |mul_16s_16s_32_1_1_U2382       |mul_16s_16s_32_1_1       |        0|   1|  0|   5|    0|
    |mul_16s_16s_32_1_1_U2383       |mul_16s_16s_32_1_1       |        0|   1|  0|   5|    0|
    |mul_16s_16s_32_1_1_U2384       |mul_16s_16s_32_1_1       |        0|   1|  0|   5|    0|
    |mul_16s_16s_32_1_1_U2385       |mul_16s_16s_32_1_1       |        0|   1|  0|   5|    0|
    |mul_16s_16s_32_1_1_U2386       |mul_16s_16s_32_1_1       |        0|   1|  0|   5|    0|
    |mul_16s_16s_32_1_1_U2387       |mul_16s_16s_32_1_1       |        0|   1|  0|   5|    0|
    |mul_16s_16s_32_1_1_U2388       |mul_16s_16s_32_1_1       |        0|   1|  0|   5|    0|
    |mul_16s_16s_32_1_1_U2389       |mul_16s_16s_32_1_1       |        0|   1|  0|   5|    0|
    |mul_16s_16s_32_1_1_U2390       |mul_16s_16s_32_1_1       |        0|   1|  0|   5|    0|
    |mul_16s_16s_32_1_1_U2391       |mul_16s_16s_32_1_1       |        0|   1|  0|   5|    0|
    |mul_16s_16s_32_1_1_U2392       |mul_16s_16s_32_1_1       |        0|   1|  0|   5|    0|
    |mul_16s_16s_32_1_1_U2393       |mul_16s_16s_32_1_1       |        0|   1|  0|   5|    0|
    |mul_16s_16s_32_1_1_U2394       |mul_16s_16s_32_1_1       |        0|   1|  0|   5|    0|
    |mul_16s_16s_32_1_1_U2395       |mul_16s_16s_32_1_1       |        0|   1|  0|   5|    0|
    |mul_16s_16s_32_1_1_U2396       |mul_16s_16s_32_1_1       |        0|   1|  0|   5|    0|
    |sparsemux_15_6_16_1_1_x_U2397  |sparsemux_15_6_16_1_1_x  |        0|   0|  0|  37|    0|
    |sparsemux_15_6_16_1_1_x_U2398  |sparsemux_15_6_16_1_1_x  |        0|   0|  0|  37|    0|
    |sparsemux_15_6_16_1_1_x_U2399  |sparsemux_15_6_16_1_1_x  |        0|   0|  0|  37|    0|
    +-------------------------------+-------------------------+---------+----+---+----+-----+
    |Total                          |                         |        0|  18|  0| 201|    0|
    +-------------------------------+-------------------------+---------+----+---+----+-----+

    * DSP: 
    N/A

    * Memory: 
    N/A

    * FIFO: 
    N/A

    * Expression: 
    +----------------------------+----------+----+---+----+------------+------------+
    |        Variable Name       | Operation| DSP| FF| LUT| Bitwidth P0| Bitwidth P1|
    +----------------------------+----------+----+---+----+------------+------------+
    |add_ln42_52_fu_1677_p2      |         +|   0|  0|  23|          16|          16|
    |add_ln42_53_fu_1814_p2      |         +|   0|  0|  23|          16|          16|
    |add_ln42_54_fu_1951_p2      |         +|   0|  0|  23|          16|          16|
    |add_ln42_55_fu_2088_p2      |         +|   0|  0|  23|          16|          16|
    |add_ln42_56_fu_2225_p2      |         +|   0|  0|  23|          16|          16|
    |add_ln42_57_fu_2408_p2      |         +|   0|  0|  23|          16|          16|
    |add_ln42_58_fu_2545_p2      |         +|   0|  0|  23|          16|          16|
    |add_ln42_59_fu_2682_p2      |         +|   0|  0|  23|          16|          16|
    |add_ln42_60_fu_2819_p2      |         +|   0|  0|  23|          16|          16|
    |add_ln42_61_fu_2956_p2      |         +|   0|  0|  23|          16|          16|
    |add_ln42_62_fu_3093_p2      |         +|   0|  0|  23|          16|          16|
    |add_ln42_63_fu_3276_p2      |         +|   0|  0|  23|          16|          16|
    |add_ln42_64_fu_3413_p2      |         +|   0|  0|  23|          16|          16|
    |add_ln42_65_fu_3550_p2      |         +|   0|  0|  23|          16|          16|
    |add_ln42_66_fu_3687_p2      |         +|   0|  0|  23|          16|          16|
    |add_ln42_67_fu_3824_p2      |         +|   0|  0|  23|          16|          16|
    |add_ln42_68_fu_3961_p2      |         +|   0|  0|  23|          16|          16|
    |add_ln42_fu_1540_p2         |         +|   0|  0|  23|          16|          16|
    |add_ln58_34_fu_5923_p2      |         +|   0|  0|  24|          17|          17|
    |add_ln58_35_fu_6025_p2      |         +|   0|  0|  24|          17|          17|
    |add_ln58_36_fu_6127_p2      |         +|   0|  0|  24|          17|          17|
    |add_ln58_37_fu_6229_p2      |         +|   0|  0|  24|          17|          17|
    |add_ln58_38_fu_6331_p2      |         +|   0|  0|  24|          17|          17|
    |add_ln58_39_fu_6433_p2      |         +|   0|  0|  24|          17|          17|
    |add_ln58_40_fu_6535_p2      |         +|   0|  0|  24|          17|          17|
    |add_ln58_41_fu_6637_p2      |         +|   0|  0|  24|          17|          17|
    |add_ln58_42_fu_6739_p2      |         +|   0|  0|  24|          17|          17|
    |add_ln58_43_fu_6841_p2      |         +|   0|  0|  24|          17|          17|
    |add_ln58_44_fu_6943_p2      |         +|   0|  0|  24|          17|          17|
    |add_ln58_48_fu_5815_p2      |         +|   0|  0|  23|          16|          16|
    |add_ln58_49_fu_5917_p2      |         +|   0|  0|  23|          16|          16|
    |add_ln58_50_fu_6019_p2      |         +|   0|  0|  23|          16|          16|
    |add_ln58_51_fu_6121_p2      |         +|   0|  0|  23|          16|          16|
    |add_ln58_52_fu_6223_p2      |         +|   0|  0|  23|          16|          16|
    |add_ln58_53_fu_6325_p2      |         +|   0|  0|  23|          16|          16|
    |add_ln58_54_fu_6427_p2      |         +|   0|  0|  23|          16|          16|
    |add_ln58_55_fu_6529_p2      |         +|   0|  0|  23|          16|          16|
    |add_ln58_56_fu_6631_p2      |         +|   0|  0|  23|          16|          16|
    |add_ln58_57_fu_6733_p2      |         +|   0|  0|  23|          16|          16|
    |add_ln58_58_fu_6835_p2      |         +|   0|  0|  23|          16|          16|
    |add_ln58_59_fu_6937_p2      |         +|   0|  0|  23|          16|          16|
    |add_ln58_fu_5821_p2         |         +|   0|  0|  24|          17|          17|
    |and_ln42_376_fu_1560_p2     |       and|   0|  0|   2|           1|           1|
    |and_ln42_377_fu_4044_p2     |       and|   0|  0|   2|           1|           1|
    |and_ln42_378_fu_4055_p2     |       and|   0|  0|   2|           1|           1|
    |and_ln42_379_fu_4075_p2     |       and|   0|  0|   2|           1|           1|
    |and_ln42_380_fu_4081_p2     |       and|   0|  0|   2|           1|           1|
    |and_ln42_381_fu_4098_p2     |       and|   0|  0|   2|           1|           1|
    |and_ln42_382_fu_1667_p2     |       and|   0|  0|   2|           1|           1|
    |and_ln42_383_fu_1697_p2     |       and|   0|  0|   2|           1|           1|
    |and_ln42_384_fu_4143_p2     |       and|   0|  0|   2|           1|           1|
    |and_ln42_385_fu_4154_p2     |       and|   0|  0|   2|           1|           1|
    |and_ln42_386_fu_4174_p2     |       and|   0|  0|   2|           1|           1|
    |and_ln42_387_fu_4180_p2     |       and|   0|  0|   2|           1|           1|
    |and_ln42_388_fu_4197_p2     |       and|   0|  0|   2|           1|           1|
    |and_ln42_389_fu_1804_p2     |       and|   0|  0|   2|           1|           1|
    |and_ln42_390_fu_1834_p2     |       and|   0|  0|   2|           1|           1|
    |and_ln42_391_fu_4242_p2     |       and|   0|  0|   2|           1|           1|
    |and_ln42_392_fu_4253_p2     |       and|   0|  0|   2|           1|           1|
    |and_ln42_393_fu_4273_p2     |       and|   0|  0|   2|           1|           1|
    |and_ln42_394_fu_4279_p2     |       and|   0|  0|   2|           1|           1|
    |and_ln42_395_fu_4296_p2     |       and|   0|  0|   2|           1|           1|
    |and_ln42_396_fu_1941_p2     |       and|   0|  0|   2|           1|           1|
    |and_ln42_397_fu_1971_p2     |       and|   0|  0|   2|           1|           1|
    |and_ln42_398_fu_4341_p2     |       and|   0|  0|   2|           1|           1|
    |and_ln42_399_fu_4352_p2     |       and|   0|  0|   2|           1|           1|
    |and_ln42_400_fu_4372_p2     |       and|   0|  0|   2|           1|           1|
    |and_ln42_401_fu_4378_p2     |       and|   0|  0|   2|           1|           1|
    |and_ln42_402_fu_4395_p2     |       and|   0|  0|   2|           1|           1|
    |and_ln42_403_fu_2078_p2     |       and|   0|  0|   2|           1|           1|
    |and_ln42_404_fu_2108_p2     |       and|   0|  0|   2|           1|           1|
    |and_ln42_405_fu_4440_p2     |       and|   0|  0|   2|           1|           1|
    |and_ln42_406_fu_4451_p2     |       and|   0|  0|   2|           1|           1|
    |and_ln42_407_fu_4471_p2     |       and|   0|  0|   2|           1|           1|
    |and_ln42_408_fu_4477_p2     |       and|   0|  0|   2|           1|           1|
    |and_ln42_409_fu_4494_p2     |       and|   0|  0|   2|           1|           1|
    |and_ln42_410_fu_2215_p2     |       and|   0|  0|   2|           1|           1|
    |and_ln42_411_fu_2245_p2     |       and|   0|  0|   2|           1|           1|
    |and_ln42_412_fu_4539_p2     |       and|   0|  0|   2|           1|           1|
    |and_ln42_413_fu_4550_p2     |       and|   0|  0|   2|           1|           1|
    |and_ln42_414_fu_4570_p2     |       and|   0|  0|   2|           1|           1|
    |and_ln42_415_fu_4576_p2     |       and|   0|  0|   2|           1|           1|
    |and_ln42_416_fu_4593_p2     |       and|   0|  0|   2|           1|           1|
    |and_ln42_417_fu_2398_p2     |       and|   0|  0|   2|           1|           1|
    |and_ln42_418_fu_2428_p2     |       and|   0|  0|   2|           1|           1|
    |and_ln42_419_fu_4638_p2     |       and|   0|  0|   2|           1|           1|
    |and_ln42_420_fu_4649_p2     |       and|   0|  0|   2|           1|           1|
    |and_ln42_421_fu_4669_p2     |       and|   0|  0|   2|           1|           1|
    |and_ln42_422_fu_4675_p2     |       and|   0|  0|   2|           1|           1|
    |and_ln42_423_fu_4692_p2     |       and|   0|  0|   2|           1|           1|
    |and_ln42_424_fu_2535_p2     |       and|   0|  0|   2|           1|           1|
    |and_ln42_425_fu_2565_p2     |       and|   0|  0|   2|           1|           1|
    |and_ln42_426_fu_4737_p2     |       and|   0|  0|   2|           1|           1|
    |and_ln42_427_fu_4748_p2     |       and|   0|  0|   2|           1|           1|
    |and_ln42_428_fu_4768_p2     |       and|   0|  0|   2|           1|           1|
    |and_ln42_429_fu_4774_p2     |       and|   0|  0|   2|           1|           1|
    |and_ln42_430_fu_4791_p2     |       and|   0|  0|   2|           1|           1|
    |and_ln42_431_fu_2672_p2     |       and|   0|  0|   2|           1|           1|
    |and_ln42_432_fu_2702_p2     |       and|   0|  0|   2|           1|           1|
    |and_ln42_433_fu_4836_p2     |       and|   0|  0|   2|           1|           1|
    |and_ln42_434_fu_4847_p2     |       and|   0|  0|   2|           1|           1|
    |and_ln42_435_fu_4867_p2     |       and|   0|  0|   2|           1|           1|
    |and_ln42_436_fu_4873_p2     |       and|   0|  0|   2|           1|           1|
    |and_ln42_437_fu_4890_p2     |       and|   0|  0|   2|           1|           1|
    |and_ln42_438_fu_2809_p2     |       and|   0|  0|   2|           1|           1|
    |and_ln42_439_fu_2839_p2     |       and|   0|  0|   2|           1|           1|
    |and_ln42_440_fu_4935_p2     |       and|   0|  0|   2|           1|           1|
    |and_ln42_441_fu_4946_p2     |       and|   0|  0|   2|           1|           1|
    |and_ln42_442_fu_4966_p2     |       and|   0|  0|   2|           1|           1|
    |and_ln42_443_fu_4972_p2     |       and|   0|  0|   2|           1|           1|
    |and_ln42_444_fu_4989_p2     |       and|   0|  0|   2|           1|           1|
    |and_ln42_445_fu_2946_p2     |       and|   0|  0|   2|           1|           1|
    |and_ln42_446_fu_2976_p2     |       and|   0|  0|   2|           1|           1|
    |and_ln42_447_fu_5034_p2     |       and|   0|  0|   2|           1|           1|
    |and_ln42_448_fu_5045_p2     |       and|   0|  0|   2|           1|           1|
    |and_ln42_449_fu_5065_p2     |       and|   0|  0|   2|           1|           1|
    |and_ln42_450_fu_5071_p2     |       and|   0|  0|   2|           1|           1|
    |and_ln42_451_fu_5088_p2     |       and|   0|  0|   2|           1|           1|
    |and_ln42_452_fu_3083_p2     |       and|   0|  0|   2|           1|           1|
    |and_ln42_453_fu_3113_p2     |       and|   0|  0|   2|           1|           1|
    |and_ln42_454_fu_5133_p2     |       and|   0|  0|   2|           1|           1|
    |and_ln42_455_fu_5144_p2     |       and|   0|  0|   2|           1|           1|
    |and_ln42_456_fu_5164_p2     |       and|   0|  0|   2|           1|           1|
    |and_ln42_457_fu_5170_p2     |       and|   0|  0|   2|           1|           1|
    |and_ln42_458_fu_5187_p2     |       and|   0|  0|   2|           1|           1|
    |and_ln42_459_fu_3266_p2     |       and|   0|  0|   2|           1|           1|
    |and_ln42_460_fu_3296_p2     |       and|   0|  0|   2|           1|           1|
    |and_ln42_461_fu_5232_p2     |       and|   0|  0|   2|           1|           1|
    |and_ln42_462_fu_5243_p2     |       and|   0|  0|   2|           1|           1|
    |and_ln42_463_fu_5263_p2     |       and|   0|  0|   2|           1|           1|
    |and_ln42_464_fu_5269_p2     |       and|   0|  0|   2|           1|           1|
    |and_ln42_465_fu_5286_p2     |       and|   0|  0|   2|           1|           1|
    |and_ln42_466_fu_3403_p2     |       and|   0|  0|   2|           1|           1|
    |and_ln42_467_fu_3433_p2     |       and|   0|  0|   2|           1|           1|
    |and_ln42_468_fu_5331_p2     |       and|   0|  0|   2|           1|           1|
    |and_ln42_469_fu_5342_p2     |       and|   0|  0|   2|           1|           1|
    |and_ln42_470_fu_5362_p2     |       and|   0|  0|   2|           1|           1|
    |and_ln42_471_fu_5368_p2     |       and|   0|  0|   2|           1|           1|
    |and_ln42_472_fu_5385_p2     |       and|   0|  0|   2|           1|           1|
    |and_ln42_473_fu_3540_p2     |       and|   0|  0|   2|           1|           1|
    |and_ln42_474_fu_3570_p2     |       and|   0|  0|   2|           1|           1|
    |and_ln42_475_fu_5430_p2     |       and|   0|  0|   2|           1|           1|
    |and_ln42_476_fu_5441_p2     |       and|   0|  0|   2|           1|           1|
    |and_ln42_477_fu_5461_p2     |       and|   0|  0|   2|           1|           1|
    |and_ln42_478_fu_5467_p2     |       and|   0|  0|   2|           1|           1|
    |and_ln42_479_fu_5484_p2     |       and|   0|  0|   2|           1|           1|
    |and_ln42_480_fu_3677_p2     |       and|   0|  0|   2|           1|           1|
    |and_ln42_481_fu_3707_p2     |       and|   0|  0|   2|           1|           1|
    |and_ln42_482_fu_5529_p2     |       and|   0|  0|   2|           1|           1|
    |and_ln42_483_fu_5540_p2     |       and|   0|  0|   2|           1|           1|
    |and_ln42_484_fu_5560_p2     |       and|   0|  0|   2|           1|           1|
    |and_ln42_485_fu_5566_p2     |       and|   0|  0|   2|           1|           1|
    |and_ln42_486_fu_5583_p2     |       and|   0|  0|   2|           1|           1|
    |and_ln42_487_fu_3814_p2     |       and|   0|  0|   2|           1|           1|
    |and_ln42_488_fu_3844_p2     |       and|   0|  0|   2|           1|           1|
    |and_ln42_489_fu_5628_p2     |       and|   0|  0|   2|           1|           1|
    |and_ln42_490_fu_5639_p2     |       and|   0|  0|   2|           1|           1|
    |and_ln42_491_fu_5659_p2     |       and|   0|  0|   2|           1|           1|
    |and_ln42_492_fu_5665_p2     |       and|   0|  0|   2|           1|           1|
    |and_ln42_493_fu_5682_p2     |       and|   0|  0|   2|           1|           1|
    |and_ln42_494_fu_3951_p2     |       and|   0|  0|   2|           1|           1|
    |and_ln42_495_fu_3981_p2     |       and|   0|  0|   2|           1|           1|
    |and_ln42_496_fu_5727_p2     |       and|   0|  0|   2|           1|           1|
    |and_ln42_497_fu_5738_p2     |       and|   0|  0|   2|           1|           1|
    |and_ln42_498_fu_5758_p2     |       and|   0|  0|   2|           1|           1|
    |and_ln42_499_fu_5764_p2     |       and|   0|  0|   2|           1|           1|
    |and_ln42_500_fu_5781_p2     |       and|   0|  0|   2|           1|           1|
    |and_ln42_fu_1530_p2         |       and|   0|  0|   2|           1|           1|
    |and_ln58_70_fu_5861_p2      |       and|   0|  0|   2|           1|           1|
    |and_ln58_71_fu_5951_p2      |       and|   0|  0|   2|           1|           1|
    |and_ln58_72_fu_5963_p2      |       and|   0|  0|   2|           1|           1|
    |and_ln58_73_fu_6053_p2      |       and|   0|  0|   2|           1|           1|
    |and_ln58_74_fu_6065_p2      |       and|   0|  0|   2|           1|           1|
    |and_ln58_75_fu_6155_p2      |       and|   0|  0|   2|           1|           1|
    |and_ln58_76_fu_6167_p2      |       and|   0|  0|   2|           1|           1|
    |and_ln58_77_fu_6257_p2      |       and|   0|  0|   2|           1|           1|
    |and_ln58_78_fu_6269_p2      |       and|   0|  0|   2|           1|           1|
    |and_ln58_79_fu_6359_p2      |       and|   0|  0|   2|           1|           1|
    |and_ln58_80_fu_6371_p2      |       and|   0|  0|   2|           1|           1|
    |and_ln58_81_fu_6461_p2      |       and|   0|  0|   2|           1|           1|
    |and_ln58_82_fu_6473_p2      |       and|   0|  0|   2|           1|           1|
    |and_ln58_83_fu_6563_p2      |       and|   0|  0|   2|           1|           1|
    |and_ln58_84_fu_6575_p2      |       and|   0|  0|   2|           1|           1|
    |and_ln58_85_fu_6665_p2      |       and|   0|  0|   2|           1|           1|
    |and_ln58_86_fu_6677_p2      |       and|   0|  0|   2|           1|           1|
    |and_ln58_87_fu_6767_p2      |       and|   0|  0|   2|           1|           1|
    |and_ln58_88_fu_6779_p2      |       and|   0|  0|   2|           1|           1|
    |and_ln58_89_fu_6869_p2      |       and|   0|  0|   2|           1|           1|
    |and_ln58_90_fu_6881_p2      |       and|   0|  0|   2|           1|           1|
    |and_ln58_91_fu_6971_p2      |       and|   0|  0|   2|           1|           1|
    |and_ln58_92_fu_6983_p2      |       and|   0|  0|   2|           1|           1|
    |and_ln58_fu_5849_p2         |       and|   0|  0|   2|           1|           1|
    |icmp_ln42_214_fu_1576_p2    |      icmp|   0|  0|  12|           5|           2|
    |icmp_ln42_215_fu_1592_p2    |      icmp|   0|  0|  13|           6|           2|
    |icmp_ln42_216_fu_1598_p2    |      icmp|   0|  0|  13|           6|           1|
    |icmp_ln42_217_fu_1647_p2    |      icmp|   0|  0|  16|           9|           1|
    |icmp_ln42_218_fu_1713_p2    |      icmp|   0|  0|  12|           5|           2|
    |icmp_ln42_219_fu_1729_p2    |      icmp|   0|  0|  13|           6|           2|
    |icmp_ln42_220_fu_1735_p2    |      icmp|   0|  0|  13|           6|           1|
    |icmp_ln42_221_fu_1784_p2    |      icmp|   0|  0|  16|           9|           1|
    |icmp_ln42_222_fu_1850_p2    |      icmp|   0|  0|  12|           5|           2|
    |icmp_ln42_223_fu_1866_p2    |      icmp|   0|  0|  13|           6|           2|
    |icmp_ln42_224_fu_1872_p2    |      icmp|   0|  0|  13|           6|           1|
    |icmp_ln42_225_fu_1921_p2    |      icmp|   0|  0|  16|           9|           1|
    |icmp_ln42_226_fu_1987_p2    |      icmp|   0|  0|  12|           5|           2|
    |icmp_ln42_227_fu_2003_p2    |      icmp|   0|  0|  13|           6|           2|
    |icmp_ln42_228_fu_2009_p2    |      icmp|   0|  0|  13|           6|           1|
    |icmp_ln42_229_fu_2058_p2    |      icmp|   0|  0|  16|           9|           1|
    |icmp_ln42_230_fu_2124_p2    |      icmp|   0|  0|  12|           5|           2|
    |icmp_ln42_231_fu_2140_p2    |      icmp|   0|  0|  13|           6|           2|
    |icmp_ln42_232_fu_2146_p2    |      icmp|   0|  0|  13|           6|           1|
    |icmp_ln42_233_fu_2195_p2    |      icmp|   0|  0|  16|           9|           1|
    |icmp_ln42_234_fu_2261_p2    |      icmp|   0|  0|  12|           5|           2|
    |icmp_ln42_235_fu_2277_p2    |      icmp|   0|  0|  13|           6|           2|
    |icmp_ln42_236_fu_2283_p2    |      icmp|   0|  0|  13|           6|           1|
    |icmp_ln42_237_fu_2378_p2    |      icmp|   0|  0|  16|           9|           1|
    |icmp_ln42_238_fu_2444_p2    |      icmp|   0|  0|  12|           5|           2|
    |icmp_ln42_239_fu_2460_p2    |      icmp|   0|  0|  13|           6|           2|
    |icmp_ln42_240_fu_2466_p2    |      icmp|   0|  0|  13|           6|           1|
    |icmp_ln42_241_fu_2515_p2    |      icmp|   0|  0|  16|           9|           1|
    |icmp_ln42_242_fu_2581_p2    |      icmp|   0|  0|  12|           5|           2|
    |icmp_ln42_243_fu_2597_p2    |      icmp|   0|  0|  13|           6|           2|
    |icmp_ln42_244_fu_2603_p2    |      icmp|   0|  0|  13|           6|           1|
    |icmp_ln42_245_fu_2652_p2    |      icmp|   0|  0|  16|           9|           1|
    |icmp_ln42_246_fu_2718_p2    |      icmp|   0|  0|  12|           5|           2|
    |icmp_ln42_247_fu_2734_p2    |      icmp|   0|  0|  13|           6|           2|
    |icmp_ln42_248_fu_2740_p2    |      icmp|   0|  0|  13|           6|           1|
    |icmp_ln42_249_fu_2789_p2    |      icmp|   0|  0|  16|           9|           1|
    |icmp_ln42_250_fu_2855_p2    |      icmp|   0|  0|  12|           5|           2|
    |icmp_ln42_251_fu_2871_p2    |      icmp|   0|  0|  13|           6|           2|
    |icmp_ln42_252_fu_2877_p2    |      icmp|   0|  0|  13|           6|           1|
    |icmp_ln42_253_fu_2926_p2    |      icmp|   0|  0|  16|           9|           1|
    |icmp_ln42_254_fu_2992_p2    |      icmp|   0|  0|  12|           5|           2|
    |icmp_ln42_255_fu_3008_p2    |      icmp|   0|  0|  13|           6|           2|
    |icmp_ln42_256_fu_3014_p2    |      icmp|   0|  0|  13|           6|           1|
    |icmp_ln42_257_fu_3063_p2    |      icmp|   0|  0|  16|           9|           1|
    |icmp_ln42_258_fu_3129_p2    |      icmp|   0|  0|  12|           5|           2|
    |icmp_ln42_259_fu_3145_p2    |      icmp|   0|  0|  13|           6|           2|
    |icmp_ln42_260_fu_3151_p2    |      icmp|   0|  0|  13|           6|           1|
    |icmp_ln42_261_fu_3246_p2    |      icmp|   0|  0|  16|           9|           1|
    |icmp_ln42_262_fu_3312_p2    |      icmp|   0|  0|  12|           5|           2|
    |icmp_ln42_263_fu_3328_p2    |      icmp|   0|  0|  13|           6|           2|
    |icmp_ln42_264_fu_3334_p2    |      icmp|   0|  0|  13|           6|           1|
    |icmp_ln42_265_fu_3383_p2    |      icmp|   0|  0|  16|           9|           1|
    |icmp_ln42_266_fu_3449_p2    |      icmp|   0|  0|  12|           5|           2|
    |icmp_ln42_267_fu_3465_p2    |      icmp|   0|  0|  13|           6|           2|
    |icmp_ln42_268_fu_3471_p2    |      icmp|   0|  0|  13|           6|           1|
    |icmp_ln42_269_fu_3520_p2    |      icmp|   0|  0|  16|           9|           1|
    |icmp_ln42_270_fu_3586_p2    |      icmp|   0|  0|  12|           5|           2|
    |icmp_ln42_271_fu_3602_p2    |      icmp|   0|  0|  13|           6|           2|
    |icmp_ln42_272_fu_3608_p2    |      icmp|   0|  0|  13|           6|           1|
    |icmp_ln42_273_fu_3657_p2    |      icmp|   0|  0|  16|           9|           1|
    |icmp_ln42_274_fu_3723_p2    |      icmp|   0|  0|  12|           5|           2|
    |icmp_ln42_275_fu_3739_p2    |      icmp|   0|  0|  13|           6|           2|
    |icmp_ln42_276_fu_3745_p2    |      icmp|   0|  0|  13|           6|           1|
    |icmp_ln42_277_fu_3794_p2    |      icmp|   0|  0|  16|           9|           1|
    |icmp_ln42_278_fu_3860_p2    |      icmp|   0|  0|  12|           5|           2|
    |icmp_ln42_279_fu_3876_p2    |      icmp|   0|  0|  13|           6|           2|
    |icmp_ln42_280_fu_3882_p2    |      icmp|   0|  0|  13|           6|           1|
    |icmp_ln42_281_fu_3931_p2    |      icmp|   0|  0|  16|           9|           1|
    |icmp_ln42_282_fu_3997_p2    |      icmp|   0|  0|  12|           5|           2|
    |icmp_ln42_283_fu_4013_p2    |      icmp|   0|  0|  13|           6|           2|
    |icmp_ln42_284_fu_4019_p2    |      icmp|   0|  0|  13|           6|           1|
    |icmp_ln42_fu_1510_p2        |      icmp|   0|  0|  16|           9|           1|
    |or_ln42_160_fu_4065_p2      |        or|   0|  0|   2|           1|           1|
    |or_ln42_161_fu_4111_p2      |        or|   0|  0|   2|           1|           1|
    |or_ln42_162_fu_1661_p2      |        or|   0|  0|   2|           1|           1|
    |or_ln42_163_fu_4164_p2      |        or|   0|  0|   2|           1|           1|
    |or_ln42_164_fu_4210_p2      |        or|   0|  0|   2|           1|           1|
    |or_ln42_165_fu_1798_p2      |        or|   0|  0|   2|           1|           1|
    |or_ln42_166_fu_4263_p2      |        or|   0|  0|   2|           1|           1|
    |or_ln42_167_fu_4309_p2      |        or|   0|  0|   2|           1|           1|
    |or_ln42_168_fu_1935_p2      |        or|   0|  0|   2|           1|           1|
    |or_ln42_169_fu_4362_p2      |        or|   0|  0|   2|           1|           1|
    |or_ln42_170_fu_4408_p2      |        or|   0|  0|   2|           1|           1|
    |or_ln42_171_fu_2072_p2      |        or|   0|  0|   2|           1|           1|
    |or_ln42_172_fu_4461_p2      |        or|   0|  0|   2|           1|           1|
    |or_ln42_173_fu_4507_p2      |        or|   0|  0|   2|           1|           1|
    |or_ln42_174_fu_2209_p2      |        or|   0|  0|   2|           1|           1|
    |or_ln42_175_fu_4560_p2      |        or|   0|  0|   2|           1|           1|
    |or_ln42_176_fu_4606_p2      |        or|   0|  0|   2|           1|           1|
    |or_ln42_177_fu_2392_p2      |        or|   0|  0|   2|           1|           1|
    |or_ln42_178_fu_4659_p2      |        or|   0|  0|   2|           1|           1|
    |or_ln42_179_fu_4705_p2      |        or|   0|  0|   2|           1|           1|
    |or_ln42_180_fu_2529_p2      |        or|   0|  0|   2|           1|           1|
    |or_ln42_181_fu_4758_p2      |        or|   0|  0|   2|           1|           1|
    |or_ln42_182_fu_4804_p2      |        or|   0|  0|   2|           1|           1|
    |or_ln42_183_fu_2666_p2      |        or|   0|  0|   2|           1|           1|
    |or_ln42_184_fu_4857_p2      |        or|   0|  0|   2|           1|           1|
    |or_ln42_185_fu_4903_p2      |        or|   0|  0|   2|           1|           1|
    |or_ln42_186_fu_2803_p2      |        or|   0|  0|   2|           1|           1|
    |or_ln42_187_fu_4956_p2      |        or|   0|  0|   2|           1|           1|
    |or_ln42_188_fu_5002_p2      |        or|   0|  0|   2|           1|           1|
    |or_ln42_189_fu_2940_p2      |        or|   0|  0|   2|           1|           1|
    |or_ln42_190_fu_5055_p2      |        or|   0|  0|   2|           1|           1|
    |or_ln42_191_fu_5101_p2      |        or|   0|  0|   2|           1|           1|
    |or_ln42_192_fu_3077_p2      |        or|   0|  0|   2|           1|           1|
    |or_ln42_193_fu_5154_p2      |        or|   0|  0|   2|           1|           1|
    |or_ln42_194_fu_5200_p2      |        or|   0|  0|   2|           1|           1|
    |or_ln42_195_fu_3260_p2      |        or|   0|  0|   2|           1|           1|
    |or_ln42_196_fu_5253_p2      |        or|   0|  0|   2|           1|           1|
    |or_ln42_197_fu_5299_p2      |        or|   0|  0|   2|           1|           1|
    |or_ln42_198_fu_3397_p2      |        or|   0|  0|   2|           1|           1|
    |or_ln42_199_fu_5352_p2      |        or|   0|  0|   2|           1|           1|
    |or_ln42_200_fu_5398_p2      |        or|   0|  0|   2|           1|           1|
    |or_ln42_201_fu_3534_p2      |        or|   0|  0|   2|           1|           1|
    |or_ln42_202_fu_5451_p2      |        or|   0|  0|   2|           1|           1|
    |or_ln42_203_fu_5497_p2      |        or|   0|  0|   2|           1|           1|
    |or_ln42_204_fu_3671_p2      |        or|   0|  0|   2|           1|           1|
    |or_ln42_205_fu_5550_p2      |        or|   0|  0|   2|           1|           1|
    |or_ln42_206_fu_5596_p2      |        or|   0|  0|   2|           1|           1|
    |or_ln42_207_fu_3808_p2      |        or|   0|  0|   2|           1|           1|
    |or_ln42_208_fu_5649_p2      |        or|   0|  0|   2|           1|           1|
    |or_ln42_209_fu_5695_p2      |        or|   0|  0|   2|           1|           1|
    |or_ln42_210_fu_3945_p2      |        or|   0|  0|   2|           1|           1|
    |or_ln42_211_fu_5748_p2      |        or|   0|  0|   2|           1|           1|
    |or_ln42_212_fu_5794_p2      |        or|   0|  0|   2|           1|           1|
    |or_ln42_213_fu_4086_p2      |        or|   0|  0|   2|           1|           1|
    |or_ln42_214_fu_4185_p2      |        or|   0|  0|   2|           1|           1|
    |or_ln42_215_fu_4284_p2      |        or|   0|  0|   2|           1|           1|
    |or_ln42_216_fu_4383_p2      |        or|   0|  0|   2|           1|           1|
    |or_ln42_217_fu_4482_p2      |        or|   0|  0|   2|           1|           1|
    |or_ln42_218_fu_4581_p2      |        or|   0|  0|   2|           1|           1|
    |or_ln42_219_fu_4680_p2      |        or|   0|  0|   2|           1|           1|
    |or_ln42_220_fu_4779_p2      |        or|   0|  0|   2|           1|           1|
    |or_ln42_221_fu_4878_p2      |        or|   0|  0|   2|           1|           1|
    |or_ln42_222_fu_4977_p2      |        or|   0|  0|   2|           1|           1|
    |or_ln42_223_fu_5076_p2      |        or|   0|  0|   2|           1|           1|
    |or_ln42_224_fu_5175_p2      |        or|   0|  0|   2|           1|           1|
    |or_ln42_225_fu_5274_p2      |        or|   0|  0|   2|           1|           1|
    |or_ln42_226_fu_5373_p2      |        or|   0|  0|   2|           1|           1|
    |or_ln42_227_fu_5472_p2      |        or|   0|  0|   2|           1|           1|
    |or_ln42_228_fu_5571_p2      |        or|   0|  0|   2|           1|           1|
    |or_ln42_229_fu_5670_p2      |        or|   0|  0|   2|           1|           1|
    |or_ln42_230_fu_5769_p2      |        or|   0|  0|   2|           1|           1|
    |or_ln42_fu_1524_p2          |        or|   0|  0|   2|           1|           1|
    |or_ln58_34_fu_5981_p2       |        or|   0|  0|   2|           1|           1|
    |or_ln58_35_fu_6083_p2       |        or|   0|  0|   2|           1|           1|
    |or_ln58_36_fu_6185_p2       |        or|   0|  0|   2|           1|           1|
    |or_ln58_37_fu_6287_p2       |        or|   0|  0|   2|           1|           1|
    |or_ln58_38_fu_6389_p2       |        or|   0|  0|   2|           1|           1|
    |or_ln58_39_fu_6491_p2       |        or|   0|  0|   2|           1|           1|
    |or_ln58_40_fu_6593_p2       |        or|   0|  0|   2|           1|           1|
    |or_ln58_41_fu_6695_p2       |        or|   0|  0|   2|           1|           1|
    |or_ln58_42_fu_6797_p2       |        or|   0|  0|   2|           1|           1|
    |or_ln58_43_fu_6899_p2       |        or|   0|  0|   2|           1|           1|
    |or_ln58_44_fu_7001_p2       |        or|   0|  0|   2|           1|           1|
    |or_ln58_fu_5879_p2          |        or|   0|  0|   2|           1|           1|
    |select_ln42_214_fu_4049_p3  |    select|   0|  0|   2|           1|           1|
    |select_ln42_215_fu_4103_p3  |    select|   0|  0|  17|           1|          15|
    |select_ln42_216_fu_4117_p3  |    select|   0|  0|  16|           1|          16|
    |select_ln42_217_fu_4124_p3  |    select|   0|  0|   2|           1|           1|
    |select_ln42_218_fu_4148_p3  |    select|   0|  0|   2|           1|           1|
    |select_ln42_219_fu_4202_p3  |    select|   0|  0|  17|           1|          15|
    |select_ln42_220_fu_4216_p3  |    select|   0|  0|  16|           1|          16|
    |select_ln42_221_fu_4223_p3  |    select|   0|  0|   2|           1|           1|
    |select_ln42_222_fu_4247_p3  |    select|   0|  0|   2|           1|           1|
    |select_ln42_223_fu_4301_p3  |    select|   0|  0|  17|           1|          15|
    |select_ln42_224_fu_4315_p3  |    select|   0|  0|  16|           1|          16|
    |select_ln42_225_fu_4322_p3  |    select|   0|  0|   2|           1|           1|
    |select_ln42_226_fu_4346_p3  |    select|   0|  0|   2|           1|           1|
    |select_ln42_227_fu_4400_p3  |    select|   0|  0|  17|           1|          15|
    |select_ln42_228_fu_4414_p3  |    select|   0|  0|  16|           1|          16|
    |select_ln42_229_fu_4421_p3  |    select|   0|  0|   2|           1|           1|
    |select_ln42_230_fu_4445_p3  |    select|   0|  0|   2|           1|           1|
    |select_ln42_231_fu_4499_p3  |    select|   0|  0|  17|           1|          15|
    |select_ln42_232_fu_4513_p3  |    select|   0|  0|  16|           1|          16|
    |select_ln42_233_fu_4520_p3  |    select|   0|  0|   2|           1|           1|
    |select_ln42_234_fu_4544_p3  |    select|   0|  0|   2|           1|           1|
    |select_ln42_235_fu_4598_p3  |    select|   0|  0|  17|           1|          15|
    |select_ln42_236_fu_4612_p3  |    select|   0|  0|  16|           1|          16|
    |select_ln42_237_fu_4619_p3  |    select|   0|  0|   2|           1|           1|
    |select_ln42_238_fu_4643_p3  |    select|   0|  0|   2|           1|           1|
    |select_ln42_239_fu_4697_p3  |    select|   0|  0|  17|           1|          15|
    |select_ln42_240_fu_4711_p3  |    select|   0|  0|  16|           1|          16|
    |select_ln42_241_fu_4718_p3  |    select|   0|  0|   2|           1|           1|
    |select_ln42_242_fu_4742_p3  |    select|   0|  0|   2|           1|           1|
    |select_ln42_243_fu_4796_p3  |    select|   0|  0|  17|           1|          15|
    |select_ln42_244_fu_4810_p3  |    select|   0|  0|  16|           1|          16|
    |select_ln42_245_fu_4817_p3  |    select|   0|  0|   2|           1|           1|
    |select_ln42_246_fu_4841_p3  |    select|   0|  0|   2|           1|           1|
    |select_ln42_247_fu_4895_p3  |    select|   0|  0|  17|           1|          15|
    |select_ln42_248_fu_4909_p3  |    select|   0|  0|  16|           1|          16|
    |select_ln42_249_fu_4916_p3  |    select|   0|  0|   2|           1|           1|
    |select_ln42_250_fu_4940_p3  |    select|   0|  0|   2|           1|           1|
    |select_ln42_251_fu_4994_p3  |    select|   0|  0|  17|           1|          15|
    |select_ln42_252_fu_5008_p3  |    select|   0|  0|  16|           1|          16|
    |select_ln42_253_fu_5015_p3  |    select|   0|  0|   2|           1|           1|
    |select_ln42_254_fu_5039_p3  |    select|   0|  0|   2|           1|           1|
    |select_ln42_255_fu_5093_p3  |    select|   0|  0|  17|           1|          15|
    |select_ln42_256_fu_5107_p3  |    select|   0|  0|  16|           1|          16|
    |select_ln42_257_fu_5114_p3  |    select|   0|  0|   2|           1|           1|
    |select_ln42_258_fu_5138_p3  |    select|   0|  0|   2|           1|           1|
    |select_ln42_259_fu_5192_p3  |    select|   0|  0|  17|           1|          15|
    |select_ln42_260_fu_5206_p3  |    select|   0|  0|  16|           1|          16|
    |select_ln42_261_fu_5213_p3  |    select|   0|  0|   2|           1|           1|
    |select_ln42_262_fu_5237_p3  |    select|   0|  0|   2|           1|           1|
    |select_ln42_263_fu_5291_p3  |    select|   0|  0|  17|           1|          15|
    |select_ln42_264_fu_5305_p3  |    select|   0|  0|  16|           1|          16|
    |select_ln42_265_fu_5312_p3  |    select|   0|  0|   2|           1|           1|
    |select_ln42_266_fu_5336_p3  |    select|   0|  0|   2|           1|           1|
    |select_ln42_267_fu_5390_p3  |    select|   0|  0|  17|           1|          15|
    |select_ln42_268_fu_5404_p3  |    select|   0|  0|  16|           1|          16|
    |select_ln42_269_fu_5411_p3  |    select|   0|  0|   2|           1|           1|
    |select_ln42_270_fu_5435_p3  |    select|   0|  0|   2|           1|           1|
    |select_ln42_271_fu_5489_p3  |    select|   0|  0|  17|           1|          15|
    |select_ln42_272_fu_5503_p3  |    select|   0|  0|  16|           1|          16|
    |select_ln42_273_fu_5510_p3  |    select|   0|  0|   2|           1|           1|
    |select_ln42_274_fu_5534_p3  |    select|   0|  0|   2|           1|           1|
    |select_ln42_275_fu_5588_p3  |    select|   0|  0|  17|           1|          15|
    |select_ln42_276_fu_5602_p3  |    select|   0|  0|  16|           1|          16|
    |select_ln42_277_fu_5609_p3  |    select|   0|  0|   2|           1|           1|
    |select_ln42_278_fu_5633_p3  |    select|   0|  0|   2|           1|           1|
    |select_ln42_279_fu_5687_p3  |    select|   0|  0|  17|           1|          15|
    |select_ln42_280_fu_5701_p3  |    select|   0|  0|  16|           1|          16|
    |select_ln42_281_fu_5708_p3  |    select|   0|  0|   2|           1|           1|
    |select_ln42_282_fu_5732_p3  |    select|   0|  0|   2|           1|           1|
    |select_ln42_283_fu_5786_p3  |    select|   0|  0|  17|           1|          15|
    |select_ln42_284_fu_5800_p3  |    select|   0|  0|  16|           1|          16|
    |select_ln42_fu_4025_p3      |    select|   0|  0|   2|           1|           1|
    |select_ln58_106_fu_5893_p3  |    select|   0|  0|  17|           1|          17|
    |select_ln58_107_fu_5901_p3  |    select|   0|  0|  16|           1|          16|
    |select_ln58_108_fu_5987_p3  |    select|   0|  0|  16|           1|          15|
    |select_ln58_109_fu_5995_p3  |    select|   0|  0|  17|           1|          17|
    |select_ln58_110_fu_6003_p3  |    select|   0|  0|  16|           1|          16|
    |select_ln58_111_fu_6089_p3  |    select|   0|  0|  16|           1|          15|
    |select_ln58_112_fu_6097_p3  |    select|   0|  0|  17|           1|          17|
    |select_ln58_113_fu_6105_p3  |    select|   0|  0|  16|           1|          16|
    |select_ln58_114_fu_6191_p3  |    select|   0|  0|  16|           1|          15|
    |select_ln58_115_fu_6199_p3  |    select|   0|  0|  17|           1|          17|
    |select_ln58_116_fu_6207_p3  |    select|   0|  0|  16|           1|          16|
    |select_ln58_117_fu_6293_p3  |    select|   0|  0|  16|           1|          15|
    |select_ln58_118_fu_6301_p3  |    select|   0|  0|  17|           1|          17|
    |select_ln58_119_fu_6309_p3  |    select|   0|  0|  16|           1|          16|
    |select_ln58_120_fu_6395_p3  |    select|   0|  0|  16|           1|          15|
    |select_ln58_121_fu_6403_p3  |    select|   0|  0|  17|           1|          17|
    |select_ln58_122_fu_6411_p3  |    select|   0|  0|  16|           1|          16|
    |select_ln58_123_fu_6497_p3  |    select|   0|  0|  16|           1|          15|
    |select_ln58_124_fu_6505_p3  |    select|   0|  0|  17|           1|          17|
    |select_ln58_125_fu_6513_p3  |    select|   0|  0|  16|           1|          16|
    |select_ln58_126_fu_6599_p3  |    select|   0|  0|  16|           1|          15|
    |select_ln58_127_fu_6607_p3  |    select|   0|  0|  17|           1|          17|
    |select_ln58_128_fu_6615_p3  |    select|   0|  0|  16|           1|          16|
    |select_ln58_129_fu_6701_p3  |    select|   0|  0|  16|           1|          15|
    |select_ln58_130_fu_6709_p3  |    select|   0|  0|  17|           1|          17|
    |select_ln58_131_fu_6717_p3  |    select|   0|  0|  16|           1|          16|
    |select_ln58_132_fu_6803_p3  |    select|   0|  0|  16|           1|          15|
    |select_ln58_133_fu_6811_p3  |    select|   0|  0|  17|           1|          17|
    |select_ln58_134_fu_6819_p3  |    select|   0|  0|  16|           1|          16|
    |select_ln58_135_fu_6905_p3  |    select|   0|  0|  16|           1|          15|
    |select_ln58_136_fu_6913_p3  |    select|   0|  0|  17|           1|          17|
    |select_ln58_137_fu_6921_p3  |    select|   0|  0|  16|           1|          16|
    |select_ln58_138_fu_7007_p3  |    select|   0|  0|  16|           1|          15|
    |select_ln58_139_fu_7015_p3  |    select|   0|  0|  17|           1|          17|
    |select_ln58_140_fu_7023_p3  |    select|   0|  0|  16|           1|          16|
    |select_ln58_fu_5885_p3      |    select|   0|  0|  16|           1|          15|
    |xor_ln42_214_fu_4059_p2     |       xor|   0|  0|   2|           1|           2|
    |xor_ln42_215_fu_4070_p2     |       xor|   0|  0|   2|           1|           2|
    |xor_ln42_216_fu_4092_p2     |       xor|   0|  0|   2|           1|           2|
    |xor_ln42_217_fu_1691_p2     |       xor|   0|  0|   2|           1|           2|
    |xor_ln42_218_fu_4158_p2     |       xor|   0|  0|   2|           1|           2|
    |xor_ln42_219_fu_4169_p2     |       xor|   0|  0|   2|           1|           2|
    |xor_ln42_220_fu_4191_p2     |       xor|   0|  0|   2|           1|           2|
    |xor_ln42_221_fu_1828_p2     |       xor|   0|  0|   2|           1|           2|
    |xor_ln42_222_fu_4257_p2     |       xor|   0|  0|   2|           1|           2|
    |xor_ln42_223_fu_4268_p2     |       xor|   0|  0|   2|           1|           2|
    |xor_ln42_224_fu_4290_p2     |       xor|   0|  0|   2|           1|           2|
    |xor_ln42_225_fu_1965_p2     |       xor|   0|  0|   2|           1|           2|
    |xor_ln42_226_fu_4356_p2     |       xor|   0|  0|   2|           1|           2|
    |xor_ln42_227_fu_4367_p2     |       xor|   0|  0|   2|           1|           2|
    |xor_ln42_228_fu_4389_p2     |       xor|   0|  0|   2|           1|           2|
    |xor_ln42_229_fu_2102_p2     |       xor|   0|  0|   2|           1|           2|
    |xor_ln42_230_fu_4455_p2     |       xor|   0|  0|   2|           1|           2|
    |xor_ln42_231_fu_4466_p2     |       xor|   0|  0|   2|           1|           2|
    |xor_ln42_232_fu_4488_p2     |       xor|   0|  0|   2|           1|           2|
    |xor_ln42_233_fu_2239_p2     |       xor|   0|  0|   2|           1|           2|
    |xor_ln42_234_fu_4554_p2     |       xor|   0|  0|   2|           1|           2|
    |xor_ln42_235_fu_4565_p2     |       xor|   0|  0|   2|           1|           2|
    |xor_ln42_236_fu_4587_p2     |       xor|   0|  0|   2|           1|           2|
    |xor_ln42_237_fu_2422_p2     |       xor|   0|  0|   2|           1|           2|
    |xor_ln42_238_fu_4653_p2     |       xor|   0|  0|   2|           1|           2|
    |xor_ln42_239_fu_4664_p2     |       xor|   0|  0|   2|           1|           2|
    |xor_ln42_240_fu_4686_p2     |       xor|   0|  0|   2|           1|           2|
    |xor_ln42_241_fu_2559_p2     |       xor|   0|  0|   2|           1|           2|
    |xor_ln42_242_fu_4752_p2     |       xor|   0|  0|   2|           1|           2|
    |xor_ln42_243_fu_4763_p2     |       xor|   0|  0|   2|           1|           2|
    |xor_ln42_244_fu_4785_p2     |       xor|   0|  0|   2|           1|           2|
    |xor_ln42_245_fu_2696_p2     |       xor|   0|  0|   2|           1|           2|
    |xor_ln42_246_fu_4851_p2     |       xor|   0|  0|   2|           1|           2|
    |xor_ln42_247_fu_4862_p2     |       xor|   0|  0|   2|           1|           2|
    |xor_ln42_248_fu_4884_p2     |       xor|   0|  0|   2|           1|           2|
    |xor_ln42_249_fu_2833_p2     |       xor|   0|  0|   2|           1|           2|
    |xor_ln42_250_fu_4950_p2     |       xor|   0|  0|   2|           1|           2|
    |xor_ln42_251_fu_4961_p2     |       xor|   0|  0|   2|           1|           2|
    |xor_ln42_252_fu_4983_p2     |       xor|   0|  0|   2|           1|           2|
    |xor_ln42_253_fu_2970_p2     |       xor|   0|  0|   2|           1|           2|
    |xor_ln42_254_fu_5049_p2     |       xor|   0|  0|   2|           1|           2|
    |xor_ln42_255_fu_5060_p2     |       xor|   0|  0|   2|           1|           2|
    |xor_ln42_256_fu_5082_p2     |       xor|   0|  0|   2|           1|           2|
    |xor_ln42_257_fu_3107_p2     |       xor|   0|  0|   2|           1|           2|
    |xor_ln42_258_fu_5148_p2     |       xor|   0|  0|   2|           1|           2|
    |xor_ln42_259_fu_5159_p2     |       xor|   0|  0|   2|           1|           2|
    |xor_ln42_260_fu_5181_p2     |       xor|   0|  0|   2|           1|           2|
    |xor_ln42_261_fu_3290_p2     |       xor|   0|  0|   2|           1|           2|
    |xor_ln42_262_fu_5247_p2     |       xor|   0|  0|   2|           1|           2|
    |xor_ln42_263_fu_5258_p2     |       xor|   0|  0|   2|           1|           2|
    |xor_ln42_264_fu_5280_p2     |       xor|   0|  0|   2|           1|           2|
    |xor_ln42_265_fu_3427_p2     |       xor|   0|  0|   2|           1|           2|
    |xor_ln42_266_fu_5346_p2     |       xor|   0|  0|   2|           1|           2|
    |xor_ln42_267_fu_5357_p2     |       xor|   0|  0|   2|           1|           2|
    |xor_ln42_268_fu_5379_p2     |       xor|   0|  0|   2|           1|           2|
    |xor_ln42_269_fu_3564_p2     |       xor|   0|  0|   2|           1|           2|
    |xor_ln42_270_fu_5445_p2     |       xor|   0|  0|   2|           1|           2|
    |xor_ln42_271_fu_5456_p2     |       xor|   0|  0|   2|           1|           2|
    |xor_ln42_272_fu_5478_p2     |       xor|   0|  0|   2|           1|           2|
    |xor_ln42_273_fu_3701_p2     |       xor|   0|  0|   2|           1|           2|
    |xor_ln42_274_fu_5544_p2     |       xor|   0|  0|   2|           1|           2|
    |xor_ln42_275_fu_5555_p2     |       xor|   0|  0|   2|           1|           2|
    |xor_ln42_276_fu_5577_p2     |       xor|   0|  0|   2|           1|           2|
    |xor_ln42_277_fu_3838_p2     |       xor|   0|  0|   2|           1|           2|
    |xor_ln42_278_fu_5643_p2     |       xor|   0|  0|   2|           1|           2|
    |xor_ln42_279_fu_5654_p2     |       xor|   0|  0|   2|           1|           2|
    |xor_ln42_280_fu_5676_p2     |       xor|   0|  0|   2|           1|           2|
    |xor_ln42_281_fu_3975_p2     |       xor|   0|  0|   2|           1|           2|
    |xor_ln42_282_fu_5742_p2     |       xor|   0|  0|   2|           1|           2|
    |xor_ln42_283_fu_5753_p2     |       xor|   0|  0|   2|           1|           2|
    |xor_ln42_284_fu_5775_p2     |       xor|   0|  0|   2|           1|           2|
    |xor_ln42_285_fu_4038_p2     |       xor|   0|  0|   2|           1|           2|
    |xor_ln42_286_fu_4137_p2     |       xor|   0|  0|   2|           1|           2|
    |xor_ln42_287_fu_4236_p2     |       xor|   0|  0|   2|           1|           2|
    |xor_ln42_288_fu_4335_p2     |       xor|   0|  0|   2|           1|           2|
    |xor_ln42_289_fu_4434_p2     |       xor|   0|  0|   2|           1|           2|
    |xor_ln42_290_fu_4533_p2     |       xor|   0|  0|   2|           1|           2|
    |xor_ln42_291_fu_4632_p2     |       xor|   0|  0|   2|           1|           2|
    |xor_ln42_292_fu_4731_p2     |       xor|   0|  0|   2|           1|           2|
    |xor_ln42_293_fu_4830_p2     |       xor|   0|  0|   2|           1|           2|
    |xor_ln42_294_fu_4929_p2     |       xor|   0|  0|   2|           1|           2|
    |xor_ln42_295_fu_5028_p2     |       xor|   0|  0|   2|           1|           2|
    |xor_ln42_296_fu_5127_p2     |       xor|   0|  0|   2|           1|           2|
    |xor_ln42_297_fu_5226_p2     |       xor|   0|  0|   2|           1|           2|
    |xor_ln42_298_fu_5325_p2     |       xor|   0|  0|   2|           1|           2|
    |xor_ln42_299_fu_5424_p2     |       xor|   0|  0|   2|           1|           2|
    |xor_ln42_300_fu_5523_p2     |       xor|   0|  0|   2|           1|           2|
    |xor_ln42_301_fu_5622_p2     |       xor|   0|  0|   2|           1|           2|
    |xor_ln42_302_fu_5721_p2     |       xor|   0|  0|   2|           1|           2|
    |xor_ln42_fu_1554_p2         |       xor|   0|  0|   2|           1|           2|
    |xor_ln58_142_fu_5855_p2     |       xor|   0|  0|   2|           1|           2|
    |xor_ln58_143_fu_5867_p2     |       xor|   0|  0|   2|           1|           1|
    |xor_ln58_144_fu_5873_p2     |       xor|   0|  0|   2|           1|           2|
    |xor_ln58_145_fu_5945_p2     |       xor|   0|  0|   2|           1|           2|
    |xor_ln58_146_fu_5957_p2     |       xor|   0|  0|   2|           1|           2|
    |xor_ln58_147_fu_5969_p2     |       xor|   0|  0|   2|           1|           1|
    |xor_ln58_148_fu_5975_p2     |       xor|   0|  0|   2|           1|           2|
    |xor_ln58_149_fu_6047_p2     |       xor|   0|  0|   2|           1|           2|
    |xor_ln58_150_fu_6059_p2     |       xor|   0|  0|   2|           1|           2|
    |xor_ln58_151_fu_6071_p2     |       xor|   0|  0|   2|           1|           1|
    |xor_ln58_152_fu_6077_p2     |       xor|   0|  0|   2|           1|           2|
    |xor_ln58_153_fu_6149_p2     |       xor|   0|  0|   2|           1|           2|
    |xor_ln58_154_fu_6161_p2     |       xor|   0|  0|   2|           1|           2|
    |xor_ln58_155_fu_6173_p2     |       xor|   0|  0|   2|           1|           1|
    |xor_ln58_156_fu_6179_p2     |       xor|   0|  0|   2|           1|           2|
    |xor_ln58_157_fu_6251_p2     |       xor|   0|  0|   2|           1|           2|
    |xor_ln58_158_fu_6263_p2     |       xor|   0|  0|   2|           1|           2|
    |xor_ln58_159_fu_6275_p2     |       xor|   0|  0|   2|           1|           1|
    |xor_ln58_160_fu_6281_p2     |       xor|   0|  0|   2|           1|           2|
    |xor_ln58_161_fu_6353_p2     |       xor|   0|  0|   2|           1|           2|
    |xor_ln58_162_fu_6365_p2     |       xor|   0|  0|   2|           1|           2|
    |xor_ln58_163_fu_6377_p2     |       xor|   0|  0|   2|           1|           1|
    |xor_ln58_164_fu_6383_p2     |       xor|   0|  0|   2|           1|           2|
    |xor_ln58_165_fu_6455_p2     |       xor|   0|  0|   2|           1|           2|
    |xor_ln58_166_fu_6467_p2     |       xor|   0|  0|   2|           1|           2|
    |xor_ln58_167_fu_6479_p2     |       xor|   0|  0|   2|           1|           1|
    |xor_ln58_168_fu_6485_p2     |       xor|   0|  0|   2|           1|           2|
    |xor_ln58_169_fu_6557_p2     |       xor|   0|  0|   2|           1|           2|
    |xor_ln58_170_fu_6569_p2     |       xor|   0|  0|   2|           1|           2|
    |xor_ln58_171_fu_6581_p2     |       xor|   0|  0|   2|           1|           1|
    |xor_ln58_172_fu_6587_p2     |       xor|   0|  0|   2|           1|           2|
    |xor_ln58_173_fu_6659_p2     |       xor|   0|  0|   2|           1|           2|
    |xor_ln58_174_fu_6671_p2     |       xor|   0|  0|   2|           1|           2|
    |xor_ln58_175_fu_6683_p2     |       xor|   0|  0|   2|           1|           1|
    |xor_ln58_176_fu_6689_p2     |       xor|   0|  0|   2|           1|           2|
    |xor_ln58_177_fu_6761_p2     |       xor|   0|  0|   2|           1|           2|
    |xor_ln58_178_fu_6773_p2     |       xor|   0|  0|   2|           1|           2|
    |xor_ln58_179_fu_6785_p2     |       xor|   0|  0|   2|           1|           1|
    |xor_ln58_180_fu_6791_p2     |       xor|   0|  0|   2|           1|           2|
    |xor_ln58_181_fu_6863_p2     |       xor|   0|  0|   2|           1|           2|
    |xor_ln58_182_fu_6875_p2     |       xor|   0|  0|   2|           1|           2|
    |xor_ln58_183_fu_6887_p2     |       xor|   0|  0|   2|           1|           1|
    |xor_ln58_184_fu_6893_p2     |       xor|   0|  0|   2|           1|           2|
    |xor_ln58_185_fu_6965_p2     |       xor|   0|  0|   2|           1|           2|
    |xor_ln58_186_fu_6977_p2     |       xor|   0|  0|   2|           1|           2|
    |xor_ln58_187_fu_6989_p2     |       xor|   0|  0|   2|           1|           1|
    |xor_ln58_188_fu_6995_p2     |       xor|   0|  0|   2|           1|           2|
    |xor_ln58_fu_5843_p2         |       xor|   0|  0|   2|           1|           2|
    +----------------------------+----------+----+---+----+------------+------------+
    |Total                       |          |   0|  0|3948|        1632|        2460|
    +----------------------------+----------+----+---+----+------------+------------+

    * Multiplexer: 
    N/A

    * Register: 
    +------------------------+----+----+-----+-----------+
    |          Name          | FF | LUT| Bits| Const Bits|
    +------------------------+----+----+-----+-----------+
    |add_ln42_52_reg_7114    |  16|   0|   16|          0|
    |add_ln42_53_reg_7155    |  16|   0|   16|          0|
    |add_ln42_54_reg_7196    |  16|   0|   16|          0|
    |add_ln42_55_reg_7237    |  16|   0|   16|          0|
    |add_ln42_56_reg_7278    |  16|   0|   16|          0|
    |add_ln42_57_reg_7319    |  16|   0|   16|          0|
    |add_ln42_58_reg_7360    |  16|   0|   16|          0|
    |add_ln42_59_reg_7401    |  16|   0|   16|          0|
    |add_ln42_60_reg_7442    |  16|   0|   16|          0|
    |add_ln42_61_reg_7483    |  16|   0|   16|          0|
    |add_ln42_62_reg_7524    |  16|   0|   16|          0|
    |add_ln42_63_reg_7565    |  16|   0|   16|          0|
    |add_ln42_64_reg_7606    |  16|   0|   16|          0|
    |add_ln42_65_reg_7647    |  16|   0|   16|          0|
    |add_ln42_66_reg_7688    |  16|   0|   16|          0|
    |add_ln42_67_reg_7729    |  16|   0|   16|          0|
    |add_ln42_68_reg_7770    |  16|   0|   16|          0|
    |add_ln42_reg_7073       |  16|   0|   16|          0|
    |and_ln42_376_reg_7084   |   1|   0|    1|          0|
    |and_ln42_383_reg_7125   |   1|   0|    1|          0|
    |and_ln42_390_reg_7166   |   1|   0|    1|          0|
    |and_ln42_397_reg_7207   |   1|   0|    1|          0|
    |and_ln42_404_reg_7248   |   1|   0|    1|          0|
    |and_ln42_411_reg_7289   |   1|   0|    1|          0|
    |and_ln42_418_reg_7330   |   1|   0|    1|          0|
    |and_ln42_425_reg_7371   |   1|   0|    1|          0|
    |and_ln42_432_reg_7412   |   1|   0|    1|          0|
    |and_ln42_439_reg_7453   |   1|   0|    1|          0|
    |and_ln42_446_reg_7494   |   1|   0|    1|          0|
    |and_ln42_453_reg_7535   |   1|   0|    1|          0|
    |and_ln42_460_reg_7576   |   1|   0|    1|          0|
    |and_ln42_467_reg_7617   |   1|   0|    1|          0|
    |and_ln42_474_reg_7658   |   1|   0|    1|          0|
    |and_ln42_481_reg_7699   |   1|   0|    1|          0|
    |and_ln42_488_reg_7740   |   1|   0|    1|          0|
    |and_ln42_495_reg_7781   |   1|   0|    1|          0|
    |icmp_ln42_214_reg_7091  |   1|   0|    1|          0|
    |icmp_ln42_215_reg_7096  |   1|   0|    1|          0|
    |icmp_ln42_216_reg_7103  |   1|   0|    1|          0|
    |icmp_ln42_218_reg_7132  |   1|   0|    1|          0|
    |icmp_ln42_219_reg_7137  |   1|   0|    1|          0|
    |icmp_ln42_220_reg_7144  |   1|   0|    1|          0|
    |icmp_ln42_222_reg_7173  |   1|   0|    1|          0|
    |icmp_ln42_223_reg_7178  |   1|   0|    1|          0|
    |icmp_ln42_224_reg_7185  |   1|   0|    1|          0|
    |icmp_ln42_226_reg_7214  |   1|   0|    1|          0|
    |icmp_ln42_227_reg_7219  |   1|   0|    1|          0|
    |icmp_ln42_228_reg_7226  |   1|   0|    1|          0|
    |icmp_ln42_230_reg_7255  |   1|   0|    1|          0|
    |icmp_ln42_231_reg_7260  |   1|   0|    1|          0|
    |icmp_ln42_232_reg_7267  |   1|   0|    1|          0|
    |icmp_ln42_234_reg_7296  |   1|   0|    1|          0|
    |icmp_ln42_235_reg_7301  |   1|   0|    1|          0|
    |icmp_ln42_236_reg_7308  |   1|   0|    1|          0|
    |icmp_ln42_238_reg_7337  |   1|   0|    1|          0|
    |icmp_ln42_239_reg_7342  |   1|   0|    1|          0|
    |icmp_ln42_240_reg_7349  |   1|   0|    1|          0|
    |icmp_ln42_242_reg_7378  |   1|   0|    1|          0|
    |icmp_ln42_243_reg_7383  |   1|   0|    1|          0|
    |icmp_ln42_244_reg_7390  |   1|   0|    1|          0|
    |icmp_ln42_246_reg_7419  |   1|   0|    1|          0|
    |icmp_ln42_247_reg_7424  |   1|   0|    1|          0|
    |icmp_ln42_248_reg_7431  |   1|   0|    1|          0|
    |icmp_ln42_250_reg_7460  |   1|   0|    1|          0|
    |icmp_ln42_251_reg_7465  |   1|   0|    1|          0|
    |icmp_ln42_252_reg_7472  |   1|   0|    1|          0|
    |icmp_ln42_254_reg_7501  |   1|   0|    1|          0|
    |icmp_ln42_255_reg_7506  |   1|   0|    1|          0|
    |icmp_ln42_256_reg_7513  |   1|   0|    1|          0|
    |icmp_ln42_258_reg_7542  |   1|   0|    1|          0|
    |icmp_ln42_259_reg_7547  |   1|   0|    1|          0|
    |icmp_ln42_260_reg_7554  |   1|   0|    1|          0|
    |icmp_ln42_262_reg_7583  |   1|   0|    1|          0|
    |icmp_ln42_263_reg_7588  |   1|   0|    1|          0|
    |icmp_ln42_264_reg_7595  |   1|   0|    1|          0|
    |icmp_ln42_266_reg_7624  |   1|   0|    1|          0|
    |icmp_ln42_267_reg_7629  |   1|   0|    1|          0|
    |icmp_ln42_268_reg_7636  |   1|   0|    1|          0|
    |icmp_ln42_270_reg_7665  |   1|   0|    1|          0|
    |icmp_ln42_271_reg_7670  |   1|   0|    1|          0|
    |icmp_ln42_272_reg_7677  |   1|   0|    1|          0|
    |icmp_ln42_274_reg_7706  |   1|   0|    1|          0|
    |icmp_ln42_275_reg_7711  |   1|   0|    1|          0|
    |icmp_ln42_276_reg_7718  |   1|   0|    1|          0|
    |icmp_ln42_278_reg_7747  |   1|   0|    1|          0|
    |icmp_ln42_279_reg_7752  |   1|   0|    1|          0|
    |icmp_ln42_280_reg_7759  |   1|   0|    1|          0|
    |icmp_ln42_282_reg_7788  |   1|   0|    1|          0|
    |icmp_ln42_283_reg_7793  |   1|   0|    1|          0|
    |icmp_ln42_284_reg_7800  |   1|   0|    1|          0|
    |mul_ln73_52_reg_1352    |  32|   0|   32|          0|
    |mul_ln73_53_reg_1356    |  32|   0|   32|          0|
    |mul_ln73_54_reg_1360    |  32|   0|   32|          0|
    |mul_ln73_55_reg_1364    |  32|   0|   32|          0|
    |mul_ln73_56_reg_1368    |  32|   0|   32|          0|
    |mul_ln73_57_reg_1372    |  32|   0|   32|          0|
    |mul_ln73_58_reg_1376    |  32|   0|   32|          0|
    |mul_ln73_59_reg_1380    |  32|   0|   32|          0|
    |mul_ln73_60_reg_1384    |  32|   0|   32|          0|
    |mul_ln73_61_reg_1388    |  32|   0|   32|          0|
    |mul_ln73_62_reg_1392    |  32|   0|   32|          0|
    |mul_ln73_63_reg_1396    |  32|   0|   32|          0|
    |mul_ln73_64_reg_1400    |  32|   0|   32|          0|
    |mul_ln73_65_reg_1404    |  32|   0|   32|          0|
    |mul_ln73_66_reg_1408    |  32|   0|   32|          0|
    |mul_ln73_67_reg_1412    |  32|   0|   32|          0|
    |mul_ln73_68_reg_1416    |  32|   0|   32|          0|
    |mul_ln73_reg_1348       |  32|   0|   32|          0|
    |tmp_8915_reg_7078       |   1|   0|    1|          0|
    |tmp_8917_reg_7108       |   1|   0|    1|          0|
    |tmp_8921_reg_7119       |   1|   0|    1|          0|
    |tmp_8923_reg_7149       |   1|   0|    1|          0|
    |tmp_8927_reg_7160       |   1|   0|    1|          0|
    |tmp_8929_reg_7190       |   1|   0|    1|          0|
    |tmp_8933_reg_7201       |   1|   0|    1|          0|
    |tmp_8935_reg_7231       |   1|   0|    1|          0|
    |tmp_8939_reg_7242       |   1|   0|    1|          0|
    |tmp_8941_reg_7272       |   1|   0|    1|          0|
    |tmp_8945_reg_7283       |   1|   0|    1|          0|
    |tmp_8947_reg_7313       |   1|   0|    1|          0|
    |tmp_8951_reg_7324       |   1|   0|    1|          0|
    |tmp_8953_reg_7354       |   1|   0|    1|          0|
    |tmp_8957_reg_7365       |   1|   0|    1|          0|
    |tmp_8959_reg_7395       |   1|   0|    1|          0|
    |tmp_8963_reg_7406       |   1|   0|    1|          0|
    |tmp_8965_reg_7436       |   1|   0|    1|          0|
    |tmp_8969_reg_7447       |   1|   0|    1|          0|
    |tmp_8971_reg_7477       |   1|   0|    1|          0|
    |tmp_8975_reg_7488       |   1|   0|    1|          0|
    |tmp_8977_reg_7518       |   1|   0|    1|          0|
    |tmp_8981_reg_7529       |   1|   0|    1|          0|
    |tmp_8983_reg_7559       |   1|   0|    1|          0|
    |tmp_8987_reg_7570       |   1|   0|    1|          0|
    |tmp_8989_reg_7600       |   1|   0|    1|          0|
    |tmp_8993_reg_7611       |   1|   0|    1|          0|
    |tmp_8995_reg_7641       |   1|   0|    1|          0|
    |tmp_8999_reg_7652       |   1|   0|    1|          0|
    |tmp_9001_reg_7682       |   1|   0|    1|          0|
    |tmp_9005_reg_7693       |   1|   0|    1|          0|
    |tmp_9007_reg_7723       |   1|   0|    1|          0|
    |tmp_9011_reg_7734       |   1|   0|    1|          0|
    |tmp_9013_reg_7764       |   1|   0|    1|          0|
    |tmp_9017_reg_7775       |   1|   0|    1|          0|
    |tmp_reg_7067            |   1|   0|    1|          0|
    +------------------------+----+----+-----+-----------+
    |Total                   | 972|   0|  972|          0|
    +------------------------+----+----+-----+-----------+



================================================================
== Interface
================================================================
* Summary: 
+----------------+-----+-----+------------+------------------------------------------------------------------------------------+--------------+
|    RTL Ports   | Dir | Bits|  Protocol  |                                    Source Object                                   |    C Type    |
+----------------+-----+-----+------------+------------------------------------------------------------------------------------+--------------+
|ap_clk          |   in|    1|  ap_ctrl_hs|  dense_latency<ap_fixed<16, 6, 4, 0, 0>, ap_fixed<16, 6, 4, 0, 0>, config5_dense>.4|  return value|
|ap_rst          |   in|    1|  ap_ctrl_hs|  dense_latency<ap_fixed<16, 6, 4, 0, 0>, ap_fixed<16, 6, 4, 0, 0>, config5_dense>.4|  return value|
|ap_return_0     |  out|   16|  ap_ctrl_hs|  dense_latency<ap_fixed<16, 6, 4, 0, 0>, ap_fixed<16, 6, 4, 0, 0>, config5_dense>.4|  return value|
|ap_return_1     |  out|   16|  ap_ctrl_hs|  dense_latency<ap_fixed<16, 6, 4, 0, 0>, ap_fixed<16, 6, 4, 0, 0>, config5_dense>.4|  return value|
|ap_return_2     |  out|   16|  ap_ctrl_hs|  dense_latency<ap_fixed<16, 6, 4, 0, 0>, ap_fixed<16, 6, 4, 0, 0>, config5_dense>.4|  return value|
|ap_return_3     |  out|   16|  ap_ctrl_hs|  dense_latency<ap_fixed<16, 6, 4, 0, 0>, ap_fixed<16, 6, 4, 0, 0>, config5_dense>.4|  return value|
|ap_return_4     |  out|   16|  ap_ctrl_hs|  dense_latency<ap_fixed<16, 6, 4, 0, 0>, ap_fixed<16, 6, 4, 0, 0>, config5_dense>.4|  return value|
|ap_return_5     |  out|   16|  ap_ctrl_hs|  dense_latency<ap_fixed<16, 6, 4, 0, 0>, ap_fixed<16, 6, 4, 0, 0>, config5_dense>.4|  return value|
|ap_ce           |   in|    1|  ap_ctrl_hs|  dense_latency<ap_fixed<16, 6, 4, 0, 0>, ap_fixed<16, 6, 4, 0, 0>, config5_dense>.4|  return value|
|data_36_val     |   in|   16|     ap_none|                                                                         data_36_val|        scalar|
|data_37_val     |   in|   16|     ap_none|                                                                         data_37_val|        scalar|
|data_38_val     |   in|   16|     ap_none|                                                                         data_38_val|        scalar|
|data_39_val     |   in|   16|     ap_none|                                                                         data_39_val|        scalar|
|data_40_val     |   in|   16|     ap_none|                                                                         data_40_val|        scalar|
|data_41_val     |   in|   16|     ap_none|                                                                         data_41_val|        scalar|
|data_42_val     |   in|   16|     ap_none|                                                                         data_42_val|        scalar|
|data_43_val     |   in|   16|     ap_none|                                                                         data_43_val|        scalar|
|data_44_val     |   in|   16|     ap_none|                                                                         data_44_val|        scalar|
|weights_72_val  |   in|   16|     ap_none|                                                                      weights_72_val|        scalar|
|weights_73_val  |   in|   16|     ap_none|                                                                      weights_73_val|        scalar|
|weights_74_val  |   in|   16|     ap_none|                                                                      weights_74_val|        scalar|
|weights_75_val  |   in|   16|     ap_none|                                                                      weights_75_val|        scalar|
|weights_76_val  |   in|   16|     ap_none|                                                                      weights_76_val|        scalar|
|weights_77_val  |   in|   16|     ap_none|                                                                      weights_77_val|        scalar|
|weights_78_val  |   in|   16|     ap_none|                                                                      weights_78_val|        scalar|
|weights_79_val  |   in|   16|     ap_none|                                                                      weights_79_val|        scalar|
|weights_80_val  |   in|   16|     ap_none|                                                                      weights_80_val|        scalar|
|weights_81_val  |   in|   16|     ap_none|                                                                      weights_81_val|        scalar|
|weights_82_val  |   in|   16|     ap_none|                                                                      weights_82_val|        scalar|
|weights_83_val  |   in|   16|     ap_none|                                                                      weights_83_val|        scalar|
|weights_84_val  |   in|   16|     ap_none|                                                                      weights_84_val|        scalar|
|weights_85_val  |   in|   16|     ap_none|                                                                      weights_85_val|        scalar|
|weights_86_val  |   in|   16|     ap_none|                                                                      weights_86_val|        scalar|
|weights_87_val  |   in|   16|     ap_none|                                                                      weights_87_val|        scalar|
|weights_88_val  |   in|   16|     ap_none|                                                                      weights_88_val|        scalar|
|weights_89_val  |   in|   16|     ap_none|                                                                      weights_89_val|        scalar|
|idx             |   in|    6|     ap_none|                                                                                 idx|        scalar|
+----------------+-----+-----+------------+------------------------------------------------------------------------------------+--------------+

