

================================================================
== Vitis HLS Report for 'bmm_ap_fixed_13_4_4_0_0_ap_fixed_13_4_4_0_0_config5_s'
================================================================
* Date:           Tue Feb 11 02:57:07 2025

* Version:        2023.2 (Build 4023990 on Oct 11 2023)
* Project:        myproject_prj
* Solution:       solution1 (Vivado IP Flow Target)
* Product family: virtexuplus
* Target device:  xcvu13p-flga2577-2-e


================================================================
== Performance Estimates
================================================================
+ Timing: 
    * Summary: 
    +--------+---------+----------+------------+
    |  Clock |  Target | Estimated| Uncertainty|
    +--------+---------+----------+------------+
    |ap_clk  |  5.00 ns|  4.224 ns|     0.62 ns|
    +--------+---------+----------+------------+

+ Latency: 
    * Summary: 
    +---------+---------+-----------+-----------+-----+-----+---------+
    |  Latency (cycles) |   Latency (absolute)  |  Interval | Pipeline|
    |   min   |   max   |    min    |    max    | min | max |   Type  |
    +---------+---------+-----------+-----------+-----+-----+---------+
    |        4|        4|  20.000 ns|  20.000 ns|    1|    1|      yes|
    +---------+---------+-----------+-----------+-----+-----+---------+

    + Detail: 
        * Instance: 
        +-----------------------------------------------------------------------------------+-----------------------------------------------------------------------+---------+---------+-----------+-----------+-----+-----+---------+
        |                                                                                   |                                                                       |  Latency (cycles) |   Latency (absolute)  |  Interval | Pipeline|
        |                                      Instance                                     |                                 Module                                |   min   |   max   |    min    |    max    | min | max |   Type  |
        +-----------------------------------------------------------------------------------+-----------------------------------------------------------------------+---------+---------+-----------+-----------+-----+-----+---------+
        |grp_dense_latency_ap_fixed_13_4_4_0_0_ap_fixed_13_4_4_0_0_config5_dense_s_fu_2620  |dense_latency_ap_fixed_13_4_4_0_0_ap_fixed_13_4_4_0_0_config5_dense_s  |        3|        3|  15.000 ns|  15.000 ns|    1|    1|      yes|
        |grp_dense_latency_ap_fixed_13_4_4_0_0_ap_fixed_13_4_4_0_0_config5_dense_s_fu_2786  |dense_latency_ap_fixed_13_4_4_0_0_ap_fixed_13_4_4_0_0_config5_dense_s  |        3|        3|  15.000 ns|  15.000 ns|    1|    1|      yes|
        |grp_dense_latency_ap_fixed_13_4_4_0_0_ap_fixed_13_4_4_0_0_config5_dense_s_fu_2952  |dense_latency_ap_fixed_13_4_4_0_0_ap_fixed_13_4_4_0_0_config5_dense_s  |        3|        3|  15.000 ns|  15.000 ns|    1|    1|      yes|
        |grp_dense_latency_ap_fixed_13_4_4_0_0_ap_fixed_13_4_4_0_0_config5_dense_s_fu_3118  |dense_latency_ap_fixed_13_4_4_0_0_ap_fixed_13_4_4_0_0_config5_dense_s  |        3|        3|  15.000 ns|  15.000 ns|    1|    1|      yes|
        |grp_dense_latency_ap_fixed_13_4_4_0_0_ap_fixed_13_4_4_0_0_config5_dense_s_fu_3284  |dense_latency_ap_fixed_13_4_4_0_0_ap_fixed_13_4_4_0_0_config5_dense_s  |        3|        3|  15.000 ns|  15.000 ns|    1|    1|      yes|
        |grp_dense_latency_ap_fixed_13_4_4_0_0_ap_fixed_13_4_4_0_0_config5_dense_s_fu_3450  |dense_latency_ap_fixed_13_4_4_0_0_ap_fixed_13_4_4_0_0_config5_dense_s  |        3|        3|  15.000 ns|  15.000 ns|    1|    1|      yes|
        |grp_dense_latency_ap_fixed_13_4_4_0_0_ap_fixed_13_4_4_0_0_config5_dense_s_fu_3616  |dense_latency_ap_fixed_13_4_4_0_0_ap_fixed_13_4_4_0_0_config5_dense_s  |        3|        3|  15.000 ns|  15.000 ns|    1|    1|      yes|
        |grp_dense_latency_ap_fixed_13_4_4_0_0_ap_fixed_13_4_4_0_0_config5_dense_s_fu_3782  |dense_latency_ap_fixed_13_4_4_0_0_ap_fixed_13_4_4_0_0_config5_dense_s  |        3|        3|  15.000 ns|  15.000 ns|    1|    1|      yes|
        |grp_dense_latency_ap_fixed_13_4_4_0_0_ap_fixed_13_4_4_0_0_config5_dense_1_fu_3948  |dense_latency_ap_fixed_13_4_4_0_0_ap_fixed_13_4_4_0_0_config5_dense_1  |        3|        3|  15.000 ns|  15.000 ns|    1|    1|      yes|
        |grp_dense_latency_ap_fixed_13_4_4_0_0_ap_fixed_13_4_4_0_0_config5_dense_1_fu_4114  |dense_latency_ap_fixed_13_4_4_0_0_ap_fixed_13_4_4_0_0_config5_dense_1  |        3|        3|  15.000 ns|  15.000 ns|    1|    1|      yes|
        |grp_dense_latency_ap_fixed_13_4_4_0_0_ap_fixed_13_4_4_0_0_config5_dense_1_fu_4280  |dense_latency_ap_fixed_13_4_4_0_0_ap_fixed_13_4_4_0_0_config5_dense_1  |        3|        3|  15.000 ns|  15.000 ns|    1|    1|      yes|
        |grp_dense_latency_ap_fixed_13_4_4_0_0_ap_fixed_13_4_4_0_0_config5_dense_1_fu_4446  |dense_latency_ap_fixed_13_4_4_0_0_ap_fixed_13_4_4_0_0_config5_dense_1  |        3|        3|  15.000 ns|  15.000 ns|    1|    1|      yes|
        |grp_dense_latency_ap_fixed_13_4_4_0_0_ap_fixed_13_4_4_0_0_config5_dense_1_fu_4612  |dense_latency_ap_fixed_13_4_4_0_0_ap_fixed_13_4_4_0_0_config5_dense_1  |        3|        3|  15.000 ns|  15.000 ns|    1|    1|      yes|
        |grp_dense_latency_ap_fixed_13_4_4_0_0_ap_fixed_13_4_4_0_0_config5_dense_1_fu_4778  |dense_latency_ap_fixed_13_4_4_0_0_ap_fixed_13_4_4_0_0_config5_dense_1  |        3|        3|  15.000 ns|  15.000 ns|    1|    1|      yes|
        |grp_dense_latency_ap_fixed_13_4_4_0_0_ap_fixed_13_4_4_0_0_config5_dense_1_fu_4944  |dense_latency_ap_fixed_13_4_4_0_0_ap_fixed_13_4_4_0_0_config5_dense_1  |        3|        3|  15.000 ns|  15.000 ns|    1|    1|      yes|
        |grp_dense_latency_ap_fixed_13_4_4_0_0_ap_fixed_13_4_4_0_0_config5_dense_1_fu_5110  |dense_latency_ap_fixed_13_4_4_0_0_ap_fixed_13_4_4_0_0_config5_dense_1  |        3|        3|  15.000 ns|  15.000 ns|    1|    1|      yes|
        |grp_dense_latency_ap_fixed_13_4_4_0_0_ap_fixed_13_4_4_0_0_config5_dense_2_fu_5276  |dense_latency_ap_fixed_13_4_4_0_0_ap_fixed_13_4_4_0_0_config5_dense_2  |        3|        3|  15.000 ns|  15.000 ns|    1|    1|      yes|
        |grp_dense_latency_ap_fixed_13_4_4_0_0_ap_fixed_13_4_4_0_0_config5_dense_2_fu_5442  |dense_latency_ap_fixed_13_4_4_0_0_ap_fixed_13_4_4_0_0_config5_dense_2  |        3|        3|  15.000 ns|  15.000 ns|    1|    1|      yes|
        |grp_dense_latency_ap_fixed_13_4_4_0_0_ap_fixed_13_4_4_0_0_config5_dense_2_fu_5608  |dense_latency_ap_fixed_13_4_4_0_0_ap_fixed_13_4_4_0_0_config5_dense_2  |        3|        3|  15.000 ns|  15.000 ns|    1|    1|      yes|
        |grp_dense_latency_ap_fixed_13_4_4_0_0_ap_fixed_13_4_4_0_0_config5_dense_2_fu_5774  |dense_latency_ap_fixed_13_4_4_0_0_ap_fixed_13_4_4_0_0_config5_dense_2  |        3|        3|  15.000 ns|  15.000 ns|    1|    1|      yes|
        |grp_dense_latency_ap_fixed_13_4_4_0_0_ap_fixed_13_4_4_0_0_config5_dense_2_fu_5940  |dense_latency_ap_fixed_13_4_4_0_0_ap_fixed_13_4_4_0_0_config5_dense_2  |        3|        3|  15.000 ns|  15.000 ns|    1|    1|      yes|
        |grp_dense_latency_ap_fixed_13_4_4_0_0_ap_fixed_13_4_4_0_0_config5_dense_2_fu_6106  |dense_latency_ap_fixed_13_4_4_0_0_ap_fixed_13_4_4_0_0_config5_dense_2  |        3|        3|  15.000 ns|  15.000 ns|    1|    1|      yes|
        |grp_dense_latency_ap_fixed_13_4_4_0_0_ap_fixed_13_4_4_0_0_config5_dense_2_fu_6272  |dense_latency_ap_fixed_13_4_4_0_0_ap_fixed_13_4_4_0_0_config5_dense_2  |        3|        3|  15.000 ns|  15.000 ns|    1|    1|      yes|
        |grp_dense_latency_ap_fixed_13_4_4_0_0_ap_fixed_13_4_4_0_0_config5_dense_2_fu_6438  |dense_latency_ap_fixed_13_4_4_0_0_ap_fixed_13_4_4_0_0_config5_dense_2  |        3|        3|  15.000 ns|  15.000 ns|    1|    1|      yes|
        |grp_dense_latency_ap_fixed_13_4_4_0_0_ap_fixed_13_4_4_0_0_config5_dense_3_fu_6604  |dense_latency_ap_fixed_13_4_4_0_0_ap_fixed_13_4_4_0_0_config5_dense_3  |        3|        3|  15.000 ns|  15.000 ns|    1|    1|      yes|
        |grp_dense_latency_ap_fixed_13_4_4_0_0_ap_fixed_13_4_4_0_0_config5_dense_3_fu_6770  |dense_latency_ap_fixed_13_4_4_0_0_ap_fixed_13_4_4_0_0_config5_dense_3  |        3|        3|  15.000 ns|  15.000 ns|    1|    1|      yes|
        |grp_dense_latency_ap_fixed_13_4_4_0_0_ap_fixed_13_4_4_0_0_config5_dense_3_fu_6936  |dense_latency_ap_fixed_13_4_4_0_0_ap_fixed_13_4_4_0_0_config5_dense_3  |        3|        3|  15.000 ns|  15.000 ns|    1|    1|      yes|
        |grp_dense_latency_ap_fixed_13_4_4_0_0_ap_fixed_13_4_4_0_0_config5_dense_3_fu_7102  |dense_latency_ap_fixed_13_4_4_0_0_ap_fixed_13_4_4_0_0_config5_dense_3  |        3|        3|  15.000 ns|  15.000 ns|    1|    1|      yes|
        |grp_dense_latency_ap_fixed_13_4_4_0_0_ap_fixed_13_4_4_0_0_config5_dense_3_fu_7268  |dense_latency_ap_fixed_13_4_4_0_0_ap_fixed_13_4_4_0_0_config5_dense_3  |        3|        3|  15.000 ns|  15.000 ns|    1|    1|      yes|
        |grp_dense_latency_ap_fixed_13_4_4_0_0_ap_fixed_13_4_4_0_0_config5_dense_3_fu_7434  |dense_latency_ap_fixed_13_4_4_0_0_ap_fixed_13_4_4_0_0_config5_dense_3  |        3|        3|  15.000 ns|  15.000 ns|    1|    1|      yes|
        |grp_dense_latency_ap_fixed_13_4_4_0_0_ap_fixed_13_4_4_0_0_config5_dense_3_fu_7600  |dense_latency_ap_fixed_13_4_4_0_0_ap_fixed_13_4_4_0_0_config5_dense_3  |        3|        3|  15.000 ns|  15.000 ns|    1|    1|      yes|
        |grp_dense_latency_ap_fixed_13_4_4_0_0_ap_fixed_13_4_4_0_0_config5_dense_3_fu_7766  |dense_latency_ap_fixed_13_4_4_0_0_ap_fixed_13_4_4_0_0_config5_dense_3  |        3|        3|  15.000 ns|  15.000 ns|    1|    1|      yes|
        +-----------------------------------------------------------------------------------+-----------------------------------------------------------------------+---------+---------+-----------+-----------+-----+-----+---------+

        * Loop: 
        N/A



================================================================
== Utilization Estimates
================================================================
* Summary: 
+---------------------+---------+-------+---------+---------+------+
|         Name        | BRAM_18K|  DSP  |    FF   |   LUT   | URAM |
+---------------------+---------+-------+---------+---------+------+
|DSP                  |        -|      -|        -|        -|     -|
|Expression           |        -|      -|        -|        -|     -|
|FIFO                 |        -|      -|        -|        -|     -|
|Instance             |        -|    512|    55904|   174912|     -|
|Memory               |        -|      -|        -|        -|     -|
|Multiplexer          |        -|      -|        -|      896|     -|
|Register             |        -|      -|     4993|        -|     -|
+---------------------+---------+-------+---------+---------+------+
|Total                |        0|    512|    60897|   175808|     0|
+---------------------+---------+-------+---------+---------+------+
|Available SLR        |     1344|   3072|   864000|   432000|   320|
+---------------------+---------+-------+---------+---------+------+
|Utilization SLR (%)  |        0|     16|        7|       40|     0|
+---------------------+---------+-------+---------+---------+------+
|Available            |     5376|  12288|  3456000|  1728000|  1280|
+---------------------+---------+-------+---------+---------+------+
|Utilization (%)      |        0|      4|        1|       10|     0|
+---------------------+---------+-------+---------+---------+------+

+ Detail: 
    * Instance: 
    +-----------------------------------------------------------------------------------+-----------------------------------------------------------------------+---------+----+------+------+-----+
    |                                      Instance                                     |                                 Module                                | BRAM_18K| DSP|  FF  |  LUT | URAM|
    +-----------------------------------------------------------------------------------+-----------------------------------------------------------------------+---------+----+------+------+-----+
    |grp_dense_latency_ap_fixed_13_4_4_0_0_ap_fixed_13_4_4_0_0_config5_dense_1_fu_3948  |dense_latency_ap_fixed_13_4_4_0_0_ap_fixed_13_4_4_0_0_config5_dense_1  |        0|  16|  1747|  5466|    0|
    |grp_dense_latency_ap_fixed_13_4_4_0_0_ap_fixed_13_4_4_0_0_config5_dense_1_fu_4114  |dense_latency_ap_fixed_13_4_4_0_0_ap_fixed_13_4_4_0_0_config5_dense_1  |        0|  16|  1747|  5466|    0|
    |grp_dense_latency_ap_fixed_13_4_4_0_0_ap_fixed_13_4_4_0_0_config5_dense_1_fu_4280  |dense_latency_ap_fixed_13_4_4_0_0_ap_fixed_13_4_4_0_0_config5_dense_1  |        0|  16|  1747|  5466|    0|
    |grp_dense_latency_ap_fixed_13_4_4_0_0_ap_fixed_13_4_4_0_0_config5_dense_1_fu_4446  |dense_latency_ap_fixed_13_4_4_0_0_ap_fixed_13_4_4_0_0_config5_dense_1  |        0|  16|  1747|  5466|    0|
    |grp_dense_latency_ap_fixed_13_4_4_0_0_ap_fixed_13_4_4_0_0_config5_dense_1_fu_4612  |dense_latency_ap_fixed_13_4_4_0_0_ap_fixed_13_4_4_0_0_config5_dense_1  |        0|  16|  1747|  5466|    0|
    |grp_dense_latency_ap_fixed_13_4_4_0_0_ap_fixed_13_4_4_0_0_config5_dense_1_fu_4778  |dense_latency_ap_fixed_13_4_4_0_0_ap_fixed_13_4_4_0_0_config5_dense_1  |        0|  16|  1747|  5466|    0|
    |grp_dense_latency_ap_fixed_13_4_4_0_0_ap_fixed_13_4_4_0_0_config5_dense_1_fu_4944  |dense_latency_ap_fixed_13_4_4_0_0_ap_fixed_13_4_4_0_0_config5_dense_1  |        0|  16|  1747|  5466|    0|
    |grp_dense_latency_ap_fixed_13_4_4_0_0_ap_fixed_13_4_4_0_0_config5_dense_1_fu_5110  |dense_latency_ap_fixed_13_4_4_0_0_ap_fixed_13_4_4_0_0_config5_dense_1  |        0|  16|  1747|  5466|    0|
    |grp_dense_latency_ap_fixed_13_4_4_0_0_ap_fixed_13_4_4_0_0_config5_dense_2_fu_5276  |dense_latency_ap_fixed_13_4_4_0_0_ap_fixed_13_4_4_0_0_config5_dense_2  |        0|  16|  1748|  5466|    0|
    |grp_dense_latency_ap_fixed_13_4_4_0_0_ap_fixed_13_4_4_0_0_config5_dense_2_fu_5442  |dense_latency_ap_fixed_13_4_4_0_0_ap_fixed_13_4_4_0_0_config5_dense_2  |        0|  16|  1748|  5466|    0|
    |grp_dense_latency_ap_fixed_13_4_4_0_0_ap_fixed_13_4_4_0_0_config5_dense_2_fu_5608  |dense_latency_ap_fixed_13_4_4_0_0_ap_fixed_13_4_4_0_0_config5_dense_2  |        0|  16|  1748|  5466|    0|
    |grp_dense_latency_ap_fixed_13_4_4_0_0_ap_fixed_13_4_4_0_0_config5_dense_2_fu_5774  |dense_latency_ap_fixed_13_4_4_0_0_ap_fixed_13_4_4_0_0_config5_dense_2  |        0|  16|  1748|  5466|    0|
    |grp_dense_latency_ap_fixed_13_4_4_0_0_ap_fixed_13_4_4_0_0_config5_dense_2_fu_5940  |dense_latency_ap_fixed_13_4_4_0_0_ap_fixed_13_4_4_0_0_config5_dense_2  |        0|  16|  1748|  5466|    0|
    |grp_dense_latency_ap_fixed_13_4_4_0_0_ap_fixed_13_4_4_0_0_config5_dense_2_fu_6106  |dense_latency_ap_fixed_13_4_4_0_0_ap_fixed_13_4_4_0_0_config5_dense_2  |        0|  16|  1748|  5466|    0|
    |grp_dense_latency_ap_fixed_13_4_4_0_0_ap_fixed_13_4_4_0_0_config5_dense_2_fu_6272  |dense_latency_ap_fixed_13_4_4_0_0_ap_fixed_13_4_4_0_0_config5_dense_2  |        0|  16|  1748|  5466|    0|
    |grp_dense_latency_ap_fixed_13_4_4_0_0_ap_fixed_13_4_4_0_0_config5_dense_2_fu_6438  |dense_latency_ap_fixed_13_4_4_0_0_ap_fixed_13_4_4_0_0_config5_dense_2  |        0|  16|  1748|  5466|    0|
    |grp_dense_latency_ap_fixed_13_4_4_0_0_ap_fixed_13_4_4_0_0_config5_dense_3_fu_6604  |dense_latency_ap_fixed_13_4_4_0_0_ap_fixed_13_4_4_0_0_config5_dense_3  |        0|  16|  1747|  5466|    0|
    |grp_dense_latency_ap_fixed_13_4_4_0_0_ap_fixed_13_4_4_0_0_config5_dense_3_fu_6770  |dense_latency_ap_fixed_13_4_4_0_0_ap_fixed_13_4_4_0_0_config5_dense_3  |        0|  16|  1747|  5466|    0|
    |grp_dense_latency_ap_fixed_13_4_4_0_0_ap_fixed_13_4_4_0_0_config5_dense_3_fu_6936  |dense_latency_ap_fixed_13_4_4_0_0_ap_fixed_13_4_4_0_0_config5_dense_3  |        0|  16|  1747|  5466|    0|
    |grp_dense_latency_ap_fixed_13_4_4_0_0_ap_fixed_13_4_4_0_0_config5_dense_3_fu_7102  |dense_latency_ap_fixed_13_4_4_0_0_ap_fixed_13_4_4_0_0_config5_dense_3  |        0|  16|  1747|  5466|    0|
    |grp_dense_latency_ap_fixed_13_4_4_0_0_ap_fixed_13_4_4_0_0_config5_dense_3_fu_7268  |dense_latency_ap_fixed_13_4_4_0_0_ap_fixed_13_4_4_0_0_config5_dense_3  |        0|  16|  1747|  5466|    0|
    |grp_dense_latency_ap_fixed_13_4_4_0_0_ap_fixed_13_4_4_0_0_config5_dense_3_fu_7434  |dense_latency_ap_fixed_13_4_4_0_0_ap_fixed_13_4_4_0_0_config5_dense_3  |        0|  16|  1747|  5466|    0|
    |grp_dense_latency_ap_fixed_13_4_4_0_0_ap_fixed_13_4_4_0_0_config5_dense_3_fu_7600  |dense_latency_ap_fixed_13_4_4_0_0_ap_fixed_13_4_4_0_0_config5_dense_3  |        0|  16|  1747|  5466|    0|
    |grp_dense_latency_ap_fixed_13_4_4_0_0_ap_fixed_13_4_4_0_0_config5_dense_3_fu_7766  |dense_latency_ap_fixed_13_4_4_0_0_ap_fixed_13_4_4_0_0_config5_dense_3  |        0|  16|  1747|  5466|    0|
    |grp_dense_latency_ap_fixed_13_4_4_0_0_ap_fixed_13_4_4_0_0_config5_dense_s_fu_2620  |dense_latency_ap_fixed_13_4_4_0_0_ap_fixed_13_4_4_0_0_config5_dense_s  |        0|  16|  1746|  5466|    0|
    |grp_dense_latency_ap_fixed_13_4_4_0_0_ap_fixed_13_4_4_0_0_config5_dense_s_fu_2786  |dense_latency_ap_fixed_13_4_4_0_0_ap_fixed_13_4_4_0_0_config5_dense_s  |        0|  16|  1746|  5466|    0|
    |grp_dense_latency_ap_fixed_13_4_4_0_0_ap_fixed_13_4_4_0_0_config5_dense_s_fu_2952  |dense_latency_ap_fixed_13_4_4_0_0_ap_fixed_13_4_4_0_0_config5_dense_s  |        0|  16|  1746|  5466|    0|
    |grp_dense_latency_ap_fixed_13_4_4_0_0_ap_fixed_13_4_4_0_0_config5_dense_s_fu_3118  |dense_latency_ap_fixed_13_4_4_0_0_ap_fixed_13_4_4_0_0_config5_dense_s  |        0|  16|  1746|  5466|    0|
    |grp_dense_latency_ap_fixed_13_4_4_0_0_ap_fixed_13_4_4_0_0_config5_dense_s_fu_3284  |dense_latency_ap_fixed_13_4_4_0_0_ap_fixed_13_4_4_0_0_config5_dense_s  |        0|  16|  1746|  5466|    0|
    |grp_dense_latency_ap_fixed_13_4_4_0_0_ap_fixed_13_4_4_0_0_config5_dense_s_fu_3450  |dense_latency_ap_fixed_13_4_4_0_0_ap_fixed_13_4_4_0_0_config5_dense_s  |        0|  16|  1746|  5466|    0|
    |grp_dense_latency_ap_fixed_13_4_4_0_0_ap_fixed_13_4_4_0_0_config5_dense_s_fu_3616  |dense_latency_ap_fixed_13_4_4_0_0_ap_fixed_13_4_4_0_0_config5_dense_s  |        0|  16|  1746|  5466|    0|
    |grp_dense_latency_ap_fixed_13_4_4_0_0_ap_fixed_13_4_4_0_0_config5_dense_s_fu_3782  |dense_latency_ap_fixed_13_4_4_0_0_ap_fixed_13_4_4_0_0_config5_dense_s  |        0|  16|  1746|  5466|    0|
    +-----------------------------------------------------------------------------------+-----------------------------------------------------------------------+---------+----+------+------+-----+
    |Total                                                                              |                                                                       |        0| 512| 55904|174912|    0|
    +-----------------------------------------------------------------------------------+-----------------------------------------------------------------------+---------+----+------+------+-----+

    * DSP: 
    N/A

    * Memory: 
    N/A

    * FIFO: 
    N/A

    * Expression: 
    N/A

    * Multiplexer: 
    +--------------+----+-----------+-----+-----------+
    |     Name     | LUT| Input Size| Bits| Total Bits|
    +--------------+----+-----------+-----+-----------+
    |ap_return_0   |  14|          3|   13|         39|
    |ap_return_1   |  14|          3|   13|         39|
    |ap_return_10  |  14|          3|   13|         39|
    |ap_return_11  |  14|          3|   13|         39|
    |ap_return_12  |  14|          3|   13|         39|
    |ap_return_13  |  14|          3|   13|         39|
    |ap_return_14  |  14|          3|   13|         39|
    |ap_return_15  |  14|          3|   13|         39|
    |ap_return_16  |  14|          3|   13|         39|
    |ap_return_17  |  14|          3|   13|         39|
    |ap_return_18  |  14|          3|   13|         39|
    |ap_return_19  |  14|          3|   13|         39|
    |ap_return_2   |  14|          3|   13|         39|
    |ap_return_20  |  14|          3|   13|         39|
    |ap_return_21  |  14|          3|   13|         39|
    |ap_return_22  |  14|          3|   13|         39|
    |ap_return_23  |  14|          3|   13|         39|
    |ap_return_24  |  14|          3|   13|         39|
    |ap_return_25  |  14|          3|   13|         39|
    |ap_return_26  |  14|          3|   13|         39|
    |ap_return_27  |  14|          3|   13|         39|
    |ap_return_28  |  14|          3|   13|         39|
    |ap_return_29  |  14|          3|   13|         39|
    |ap_return_3   |  14|          3|   13|         39|
    |ap_return_30  |  14|          3|   13|         39|
    |ap_return_31  |  14|          3|   13|         39|
    |ap_return_32  |  14|          3|   13|         39|
    |ap_return_33  |  14|          3|   13|         39|
    |ap_return_34  |  14|          3|   13|         39|
    |ap_return_35  |  14|          3|   13|         39|
    |ap_return_36  |  14|          3|   13|         39|
    |ap_return_37  |  14|          3|   13|         39|
    |ap_return_38  |  14|          3|   13|         39|
    |ap_return_39  |  14|          3|   13|         39|
    |ap_return_4   |  14|          3|   13|         39|
    |ap_return_40  |  14|          3|   13|         39|
    |ap_return_41  |  14|          3|   13|         39|
    |ap_return_42  |  14|          3|   13|         39|
    |ap_return_43  |  14|          3|   13|         39|
    |ap_return_44  |  14|          3|   13|         39|
    |ap_return_45  |  14|          3|   13|         39|
    |ap_return_46  |  14|          3|   13|         39|
    |ap_return_47  |  14|          3|   13|         39|
    |ap_return_48  |  14|          3|   13|         39|
    |ap_return_49  |  14|          3|   13|         39|
    |ap_return_5   |  14|          3|   13|         39|
    |ap_return_50  |  14|          3|   13|         39|
    |ap_return_51  |  14|          3|   13|         39|
    |ap_return_52  |  14|          3|   13|         39|
    |ap_return_53  |  14|          3|   13|         39|
    |ap_return_54  |  14|          3|   13|         39|
    |ap_return_55  |  14|          3|   13|         39|
    |ap_return_56  |  14|          3|   13|         39|
    |ap_return_57  |  14|          3|   13|         39|
    |ap_return_58  |  14|          3|   13|         39|
    |ap_return_59  |  14|          3|   13|         39|
    |ap_return_6   |  14|          3|   13|         39|
    |ap_return_60  |  14|          3|   13|         39|
    |ap_return_61  |  14|          3|   13|         39|
    |ap_return_62  |  14|          3|   13|         39|
    |ap_return_63  |  14|          3|   13|         39|
    |ap_return_7   |  14|          3|   13|         39|
    |ap_return_8   |  14|          3|   13|         39|
    |ap_return_9   |  14|          3|   13|         39|
    +--------------+----+-----------+-----+-----------+
    |Total         | 896|        192|  832|       2496|
    +--------------+----+-----------+-----+-----------+

    * Register: 
    +--------------------------+----+----+-----+-----------+
    |           Name           | FF | LUT| Bits| Const Bits|
    +--------------------------+----+----+-----+-----------+
    |ap_ce_reg                 |   1|   0|    1|          0|
    |ap_return_0_int_reg       |  13|   0|   13|          0|
    |ap_return_10_int_reg      |  13|   0|   13|          0|
    |ap_return_11_int_reg      |  13|   0|   13|          0|
    |ap_return_12_int_reg      |  13|   0|   13|          0|
    |ap_return_13_int_reg      |  13|   0|   13|          0|
    |ap_return_14_int_reg      |  13|   0|   13|          0|
    |ap_return_15_int_reg      |  13|   0|   13|          0|
    |ap_return_16_int_reg      |  13|   0|   13|          0|
    |ap_return_17_int_reg      |  13|   0|   13|          0|
    |ap_return_18_int_reg      |  13|   0|   13|          0|
    |ap_return_19_int_reg      |  13|   0|   13|          0|
    |ap_return_1_int_reg       |  13|   0|   13|          0|
    |ap_return_20_int_reg      |  13|   0|   13|          0|
    |ap_return_21_int_reg      |  13|   0|   13|          0|
    |ap_return_22_int_reg      |  13|   0|   13|          0|
    |ap_return_23_int_reg      |  13|   0|   13|          0|
    |ap_return_24_int_reg      |  13|   0|   13|          0|
    |ap_return_25_int_reg      |  13|   0|   13|          0|
    |ap_return_26_int_reg      |  13|   0|   13|          0|
    |ap_return_27_int_reg      |  13|   0|   13|          0|
    |ap_return_28_int_reg      |  13|   0|   13|          0|
    |ap_return_29_int_reg      |  13|   0|   13|          0|
    |ap_return_2_int_reg       |  13|   0|   13|          0|
    |ap_return_30_int_reg      |  13|   0|   13|          0|
    |ap_return_31_int_reg      |  13|   0|   13|          0|
    |ap_return_32_int_reg      |  13|   0|   13|          0|
    |ap_return_33_int_reg      |  13|   0|   13|          0|
    |ap_return_34_int_reg      |  13|   0|   13|          0|
    |ap_return_35_int_reg      |  13|   0|   13|          0|
    |ap_return_36_int_reg      |  13|   0|   13|          0|
    |ap_return_37_int_reg      |  13|   0|   13|          0|
    |ap_return_38_int_reg      |  13|   0|   13|          0|
    |ap_return_39_int_reg      |  13|   0|   13|          0|
    |ap_return_3_int_reg       |  13|   0|   13|          0|
    |ap_return_40_int_reg      |  13|   0|   13|          0|
    |ap_return_41_int_reg      |  13|   0|   13|          0|
    |ap_return_42_int_reg      |  13|   0|   13|          0|
    |ap_return_43_int_reg      |  13|   0|   13|          0|
    |ap_return_44_int_reg      |  13|   0|   13|          0|
    |ap_return_45_int_reg      |  13|   0|   13|          0|
    |ap_return_46_int_reg      |  13|   0|   13|          0|
    |ap_return_47_int_reg      |  13|   0|   13|          0|
    |ap_return_48_int_reg      |  13|   0|   13|          0|
    |ap_return_49_int_reg      |  13|   0|   13|          0|
    |ap_return_4_int_reg       |  13|   0|   13|          0|
    |ap_return_50_int_reg      |  13|   0|   13|          0|
    |ap_return_51_int_reg      |  13|   0|   13|          0|
    |ap_return_52_int_reg      |  13|   0|   13|          0|
    |ap_return_53_int_reg      |  13|   0|   13|          0|
    |ap_return_54_int_reg      |  13|   0|   13|          0|
    |ap_return_55_int_reg      |  13|   0|   13|          0|
    |ap_return_56_int_reg      |  13|   0|   13|          0|
    |ap_return_57_int_reg      |  13|   0|   13|          0|
    |ap_return_58_int_reg      |  13|   0|   13|          0|
    |ap_return_59_int_reg      |  13|   0|   13|          0|
    |ap_return_5_int_reg       |  13|   0|   13|          0|
    |ap_return_60_int_reg      |  13|   0|   13|          0|
    |ap_return_61_int_reg      |  13|   0|   13|          0|
    |ap_return_62_int_reg      |  13|   0|   13|          0|
    |ap_return_63_int_reg      |  13|   0|   13|          0|
    |ap_return_6_int_reg       |  13|   0|   13|          0|
    |ap_return_7_int_reg       |  13|   0|   13|          0|
    |ap_return_8_int_reg       |  13|   0|   13|          0|
    |ap_return_9_int_reg       |  13|   0|   13|          0|
    |qk_0_val33_int_reg        |  13|   0|   13|          0|
    |qk_100_val3241_int_reg    |  13|   0|   13|          0|
    |qk_101_val3273_int_reg    |  13|   0|   13|          0|
    |qk_102_val3305_int_reg    |  13|   0|   13|          0|
    |qk_103_val3337_int_reg    |  13|   0|   13|          0|
    |qk_104_val3369_int_reg    |  13|   0|   13|          0|
    |qk_105_val3402_int_reg    |  13|   0|   13|          0|
    |qk_106_val3434_int_reg    |  13|   0|   13|          0|
    |qk_107_val3466_int_reg    |  13|   0|   13|          0|
    |qk_108_val3498_int_reg    |  13|   0|   13|          0|
    |qk_109_val3530_int_reg    |  13|   0|   13|          0|
    |qk_10_val354_int_reg      |  13|   0|   13|          0|
    |qk_110_val3562_int_reg    |  13|   0|   13|          0|
    |qk_111_val3594_int_reg    |  13|   0|   13|          0|
    |qk_112_val3626_int_reg    |  13|   0|   13|          0|
    |qk_113_val3658_int_reg    |  13|   0|   13|          0|
    |qk_114_val3691_int_reg    |  13|   0|   13|          0|
    |qk_115_val3723_int_reg    |  13|   0|   13|          0|
    |qk_116_val3755_int_reg    |  13|   0|   13|          0|
    |qk_117_val3787_int_reg    |  13|   0|   13|          0|
    |qk_118_val3819_int_reg    |  13|   0|   13|          0|
    |qk_119_val3851_int_reg    |  13|   0|   13|          0|
    |qk_11_val386_int_reg      |  13|   0|   13|          0|
    |qk_120_val3883_int_reg    |  13|   0|   13|          0|
    |qk_121_val3915_int_reg    |  13|   0|   13|          0|
    |qk_122_val3947_int_reg    |  13|   0|   13|          0|
    |qk_123_val3979_int_reg    |  13|   0|   13|          0|
    |qk_124_val4011_int_reg    |  13|   0|   13|          0|
    |qk_125_val4043_int_reg    |  13|   0|   13|          0|
    |qk_126_val4075_int_reg    |  13|   0|   13|          0|
    |qk_127_val4107_int_reg    |  13|   0|   13|          0|
    |qk_128_val4139_int_reg    |  13|   0|   13|          0|
    |qk_129_val4171_int_reg    |  13|   0|   13|          0|
    |qk_12_val418_int_reg      |  13|   0|   13|          0|
    |qk_130_val4203_int_reg    |  13|   0|   13|          0|
    |qk_131_val4235_int_reg    |  13|   0|   13|          0|
    |qk_132_val4267_int_reg    |  13|   0|   13|          0|
    |qk_133_val4299_int_reg    |  13|   0|   13|          0|
    |qk_134_val4331_int_reg    |  13|   0|   13|          0|
    |qk_135_val4363_int_reg    |  13|   0|   13|          0|
    |qk_136_val4395_int_reg    |  13|   0|   13|          0|
    |qk_137_val4427_int_reg    |  13|   0|   13|          0|
    |qk_138_val4459_int_reg    |  13|   0|   13|          0|
    |qk_139_val4491_int_reg    |  13|   0|   13|          0|
    |qk_13_val450_int_reg      |  13|   0|   13|          0|
    |qk_140_val4524_int_reg    |  13|   0|   13|          0|
    |qk_141_val4556_int_reg    |  13|   0|   13|          0|
    |qk_142_val4588_int_reg    |  13|   0|   13|          0|
    |qk_143_val4620_int_reg    |  13|   0|   13|          0|
    |qk_144_val4652_int_reg    |  13|   0|   13|          0|
    |qk_145_val4684_int_reg    |  13|   0|   13|          0|
    |qk_146_val4716_int_reg    |  13|   0|   13|          0|
    |qk_147_val4748_int_reg    |  13|   0|   13|          0|
    |qk_148_val4780_int_reg    |  13|   0|   13|          0|
    |qk_149_val4812_int_reg    |  13|   0|   13|          0|
    |qk_14_val482_int_reg      |  13|   0|   13|          0|
    |qk_150_val4844_int_reg    |  13|   0|   13|          0|
    |qk_151_val4876_int_reg    |  13|   0|   13|          0|
    |qk_152_val4908_int_reg    |  13|   0|   13|          0|
    |qk_153_val4940_int_reg    |  13|   0|   13|          0|
    |qk_154_val4972_int_reg    |  13|   0|   13|          0|
    |qk_155_val5004_int_reg    |  13|   0|   13|          0|
    |qk_156_val5036_int_reg    |  13|   0|   13|          0|
    |qk_157_val5068_int_reg    |  13|   0|   13|          0|
    |qk_158_val5100_int_reg    |  13|   0|   13|          0|
    |qk_159_val5132_int_reg    |  13|   0|   13|          0|
    |qk_15_val514_int_reg      |  13|   0|   13|          0|
    |qk_160_val5164_int_reg    |  13|   0|   13|          0|
    |qk_161_val5196_int_reg    |  13|   0|   13|          0|
    |qk_162_val5228_int_reg    |  13|   0|   13|          0|
    |qk_163_val5260_int_reg    |  13|   0|   13|          0|
    |qk_164_val5292_int_reg    |  13|   0|   13|          0|
    |qk_165_val5324_int_reg    |  13|   0|   13|          0|
    |qk_166_val5356_int_reg    |  13|   0|   13|          0|
    |qk_167_val5388_int_reg    |  13|   0|   13|          0|
    |qk_168_val5420_int_reg    |  13|   0|   13|          0|
    |qk_169_val5452_int_reg    |  13|   0|   13|          0|
    |qk_16_val546_int_reg      |  13|   0|   13|          0|
    |qk_170_val5484_int_reg    |  13|   0|   13|          0|
    |qk_171_val5516_int_reg    |  13|   0|   13|          0|
    |qk_172_val5548_int_reg    |  13|   0|   13|          0|
    |qk_173_val5580_int_reg    |  13|   0|   13|          0|
    |qk_174_val5612_int_reg    |  13|   0|   13|          0|
    |qk_175_val5644_int_reg    |  13|   0|   13|          0|
    |qk_176_val5676_int_reg    |  13|   0|   13|          0|
    |qk_177_val5708_int_reg    |  13|   0|   13|          0|
    |qk_178_val5740_int_reg    |  13|   0|   13|          0|
    |qk_179_val5772_int_reg    |  13|   0|   13|          0|
    |qk_17_val579_int_reg      |  13|   0|   13|          0|
    |qk_180_val5804_int_reg    |  13|   0|   13|          0|
    |qk_181_val5836_int_reg    |  13|   0|   13|          0|
    |qk_182_val5868_int_reg    |  13|   0|   13|          0|
    |qk_183_val5900_int_reg    |  13|   0|   13|          0|
    |qk_184_val5933_int_reg    |  13|   0|   13|          0|
    |qk_185_val5965_int_reg    |  13|   0|   13|          0|
    |qk_186_val5997_int_reg    |  13|   0|   13|          0|
    |qk_187_val6029_int_reg    |  13|   0|   13|          0|
    |qk_188_val6061_int_reg    |  13|   0|   13|          0|
    |qk_189_val6093_int_reg    |  13|   0|   13|          0|
    |qk_18_val611_int_reg      |  13|   0|   13|          0|
    |qk_190_val6125_int_reg    |  13|   0|   13|          0|
    |qk_191_val6157_int_reg    |  13|   0|   13|          0|
    |qk_192_val6189_int_reg    |  13|   0|   13|          0|
    |qk_193_val6222_int_reg    |  13|   0|   13|          0|
    |qk_194_val6254_int_reg    |  13|   0|   13|          0|
    |qk_195_val6286_int_reg    |  13|   0|   13|          0|
    |qk_196_val6318_int_reg    |  13|   0|   13|          0|
    |qk_197_val6350_int_reg    |  13|   0|   13|          0|
    |qk_198_val6382_int_reg    |  13|   0|   13|          0|
    |qk_199_val6414_int_reg    |  13|   0|   13|          0|
    |qk_19_val643_int_reg      |  13|   0|   13|          0|
    |qk_1_val65_int_reg        |  13|   0|   13|          0|
    |qk_200_val6446_int_reg    |  13|   0|   13|          0|
    |qk_201_val6478_int_reg    |  13|   0|   13|          0|
    |qk_202_val6510_int_reg    |  13|   0|   13|          0|
    |qk_203_val6542_int_reg    |  13|   0|   13|          0|
    |qk_204_val6574_int_reg    |  13|   0|   13|          0|
    |qk_205_val6606_int_reg    |  13|   0|   13|          0|
    |qk_206_val6638_int_reg    |  13|   0|   13|          0|
    |qk_207_val6670_int_reg    |  13|   0|   13|          0|
    |qk_208_val6702_int_reg    |  13|   0|   13|          0|
    |qk_209_val6734_int_reg    |  13|   0|   13|          0|
    |qk_20_val675_int_reg      |  13|   0|   13|          0|
    |qk_210_val6767_int_reg    |  13|   0|   13|          0|
    |qk_211_val6799_int_reg    |  13|   0|   13|          0|
    |qk_212_val6831_int_reg    |  13|   0|   13|          0|
    |qk_213_val6863_int_reg    |  13|   0|   13|          0|
    |qk_214_val6895_int_reg    |  13|   0|   13|          0|
    |qk_215_val6927_int_reg    |  13|   0|   13|          0|
    |qk_216_val6959_int_reg    |  13|   0|   13|          0|
    |qk_217_val6991_int_reg    |  13|   0|   13|          0|
    |qk_218_val7023_int_reg    |  13|   0|   13|          0|
    |qk_219_val7055_int_reg    |  13|   0|   13|          0|
    |qk_21_val707_int_reg      |  13|   0|   13|          0|
    |qk_220_val7087_int_reg    |  13|   0|   13|          0|
    |qk_221_val7119_int_reg    |  13|   0|   13|          0|
    |qk_222_val7151_int_reg    |  13|   0|   13|          0|
    |qk_223_val7183_int_reg    |  13|   0|   13|          0|
    |qk_224_val7215_int_reg    |  13|   0|   13|          0|
    |qk_225_val7247_int_reg    |  13|   0|   13|          0|
    |qk_226_val7279_int_reg    |  13|   0|   13|          0|
    |qk_227_val7311_int_reg    |  13|   0|   13|          0|
    |qk_228_val7343_int_reg    |  13|   0|   13|          0|
    |qk_229_val7375_int_reg    |  13|   0|   13|          0|
    |qk_22_val739_int_reg      |  13|   0|   13|          0|
    |qk_230_val7407_int_reg    |  13|   0|   13|          0|
    |qk_231_val7439_int_reg    |  13|   0|   13|          0|
    |qk_232_val7471_int_reg    |  13|   0|   13|          0|
    |qk_233_val7503_int_reg    |  13|   0|   13|          0|
    |qk_234_val7535_int_reg    |  13|   0|   13|          0|
    |qk_235_val7567_int_reg    |  13|   0|   13|          0|
    |qk_236_val7599_int_reg    |  13|   0|   13|          0|
    |qk_237_val7631_int_reg    |  13|   0|   13|          0|
    |qk_238_val7663_int_reg    |  13|   0|   13|          0|
    |qk_239_val7695_int_reg    |  13|   0|   13|          0|
    |qk_23_val771_int_reg      |  13|   0|   13|          0|
    |qk_240_val7727_int_reg    |  13|   0|   13|          0|
    |qk_241_val7759_int_reg    |  13|   0|   13|          0|
    |qk_242_val7791_int_reg    |  13|   0|   13|          0|
    |qk_243_val7823_int_reg    |  13|   0|   13|          0|
    |qk_244_val7855_int_reg    |  13|   0|   13|          0|
    |qk_245_val7887_int_reg    |  13|   0|   13|          0|
    |qk_246_val7919_int_reg    |  13|   0|   13|          0|
    |qk_247_val7951_int_reg    |  13|   0|   13|          0|
    |qk_248_val7983_int_reg    |  13|   0|   13|          0|
    |qk_249_val8015_int_reg    |  13|   0|   13|          0|
    |qk_24_val803_int_reg      |  13|   0|   13|          0|
    |qk_250_val8047_int_reg    |  13|   0|   13|          0|
    |qk_251_val8079_int_reg    |  13|   0|   13|          0|
    |qk_252_val8111_int_reg    |  13|   0|   13|          0|
    |qk_253_val8143_int_reg    |  13|   0|   13|          0|
    |qk_254_val8175_int_reg    |  13|   0|   13|          0|
    |qk_255_val8207_int_reg    |  13|   0|   13|          0|
    |qk_25_val835_int_reg      |  13|   0|   13|          0|
    |qk_26_val868_int_reg      |  13|   0|   13|          0|
    |qk_27_val900_int_reg      |  13|   0|   13|          0|
    |qk_28_val932_int_reg      |  13|   0|   13|          0|
    |qk_29_val964_int_reg      |  13|   0|   13|          0|
    |qk_2_val97_int_reg        |  13|   0|   13|          0|
    |qk_30_val996_int_reg      |  13|   0|   13|          0|
    |qk_31_val1028_int_reg     |  13|   0|   13|          0|
    |qk_32_val1060_int_reg     |  13|   0|   13|          0|
    |qk_33_val1092_int_reg     |  13|   0|   13|          0|
    |qk_34_val1124_int_reg     |  13|   0|   13|          0|
    |qk_35_val1157_int_reg     |  13|   0|   13|          0|
    |qk_36_val1189_int_reg     |  13|   0|   13|          0|
    |qk_37_val1221_int_reg     |  13|   0|   13|          0|
    |qk_38_val1253_int_reg     |  13|   0|   13|          0|
    |qk_39_val1285_int_reg     |  13|   0|   13|          0|
    |qk_3_val129_int_reg       |  13|   0|   13|          0|
    |qk_40_val1317_int_reg     |  13|   0|   13|          0|
    |qk_41_val1349_int_reg     |  13|   0|   13|          0|
    |qk_42_val1381_int_reg     |  13|   0|   13|          0|
    |qk_43_val1413_int_reg     |  13|   0|   13|          0|
    |qk_44_val1446_int_reg     |  13|   0|   13|          0|
    |qk_45_val1478_int_reg     |  13|   0|   13|          0|
    |qk_46_val1510_int_reg     |  13|   0|   13|          0|
    |qk_47_val1542_int_reg     |  13|   0|   13|          0|
    |qk_48_val1574_int_reg     |  13|   0|   13|          0|
    |qk_49_val1606_int_reg     |  13|   0|   13|          0|
    |qk_4_val161_int_reg       |  13|   0|   13|          0|
    |qk_50_val1638_int_reg     |  13|   0|   13|          0|
    |qk_51_val1670_int_reg     |  13|   0|   13|          0|
    |qk_52_val1702_int_reg     |  13|   0|   13|          0|
    |qk_53_val1734_int_reg     |  13|   0|   13|          0|
    |qk_54_val1766_int_reg     |  13|   0|   13|          0|
    |qk_55_val1798_int_reg     |  13|   0|   13|          0|
    |qk_56_val1830_int_reg     |  13|   0|   13|          0|
    |qk_57_val1862_int_reg     |  13|   0|   13|          0|
    |qk_58_val1894_int_reg     |  13|   0|   13|          0|
    |qk_59_val1926_int_reg     |  13|   0|   13|          0|
    |qk_5_val193_int_reg       |  13|   0|   13|          0|
    |qk_60_val1958_int_reg     |  13|   0|   13|          0|
    |qk_61_val1991_int_reg     |  13|   0|   13|          0|
    |qk_62_val2023_int_reg     |  13|   0|   13|          0|
    |qk_63_val2055_int_reg     |  13|   0|   13|          0|
    |qk_64_val2087_int_reg     |  13|   0|   13|          0|
    |qk_65_val2119_int_reg     |  13|   0|   13|          0|
    |qk_66_val2151_int_reg     |  13|   0|   13|          0|
    |qk_67_val2183_int_reg     |  13|   0|   13|          0|
    |qk_68_val2215_int_reg     |  13|   0|   13|          0|
    |qk_69_val2247_int_reg     |  13|   0|   13|          0|
    |qk_6_val225_int_reg       |  13|   0|   13|          0|
    |qk_70_val2279_int_reg     |  13|   0|   13|          0|
    |qk_71_val2311_int_reg     |  13|   0|   13|          0|
    |qk_72_val2343_int_reg     |  13|   0|   13|          0|
    |qk_73_val2375_int_reg     |  13|   0|   13|          0|
    |qk_74_val2407_int_reg     |  13|   0|   13|          0|
    |qk_75_val2439_int_reg     |  13|   0|   13|          0|
    |qk_76_val2471_int_reg     |  13|   0|   13|          0|
    |qk_77_val2503_int_reg     |  13|   0|   13|          0|
    |qk_78_val2535_int_reg     |  13|   0|   13|          0|
    |qk_79_val2567_int_reg     |  13|   0|   13|          0|
    |qk_7_val257_int_reg       |  13|   0|   13|          0|
    |qk_80_val2599_int_reg     |  13|   0|   13|          0|
    |qk_81_val2631_int_reg     |  13|   0|   13|          0|
    |qk_82_val2663_int_reg     |  13|   0|   13|          0|
    |qk_83_val2695_int_reg     |  13|   0|   13|          0|
    |qk_84_val2727_int_reg     |  13|   0|   13|          0|
    |qk_85_val2759_int_reg     |  13|   0|   13|          0|
    |qk_86_val2791_int_reg     |  13|   0|   13|          0|
    |qk_87_val2824_int_reg     |  13|   0|   13|          0|
    |qk_88_val2856_int_reg     |  13|   0|   13|          0|
    |qk_89_val2888_int_reg     |  13|   0|   13|          0|
    |qk_8_val290_int_reg       |  13|   0|   13|          0|
    |qk_90_val2920_int_reg     |  13|   0|   13|          0|
    |qk_91_val2952_int_reg     |  13|   0|   13|          0|
    |qk_92_val2984_int_reg     |  13|   0|   13|          0|
    |qk_93_val3016_int_reg     |  13|   0|   13|          0|
    |qk_94_val3048_int_reg     |  13|   0|   13|          0|
    |qk_95_val3080_int_reg     |  13|   0|   13|          0|
    |qk_96_val3113_int_reg     |  13|   0|   13|          0|
    |qk_97_val3145_int_reg     |  13|   0|   13|          0|
    |qk_98_val3177_int_reg     |  13|   0|   13|          0|
    |qk_99_val3209_int_reg     |  13|   0|   13|          0|
    |qk_9_val322_int_reg       |  13|   0|   13|          0|
    |value_0_val8215_int_reg   |  13|   0|   13|          0|
    |value_10_val8295_int_reg  |  13|   0|   13|          0|
    |value_11_val8303_int_reg  |  13|   0|   13|          0|
    |value_12_val8311_int_reg  |  13|   0|   13|          0|
    |value_13_val8319_int_reg  |  13|   0|   13|          0|
    |value_14_val8327_int_reg  |  13|   0|   13|          0|
    |value_15_val8335_int_reg  |  13|   0|   13|          0|
    |value_16_val8343_int_reg  |  13|   0|   13|          0|
    |value_17_val8351_int_reg  |  13|   0|   13|          0|
    |value_18_val8359_int_reg  |  13|   0|   13|          0|
    |value_19_val8367_int_reg  |  13|   0|   13|          0|
    |value_1_val8223_int_reg   |  13|   0|   13|          0|
    |value_20_val8375_int_reg  |  13|   0|   13|          0|
    |value_21_val8383_int_reg  |  13|   0|   13|          0|
    |value_22_val8391_int_reg  |  13|   0|   13|          0|
    |value_23_val8399_int_reg  |  13|   0|   13|          0|
    |value_24_val8407_int_reg  |  13|   0|   13|          0|
    |value_25_val8415_int_reg  |  13|   0|   13|          0|
    |value_26_val8423_int_reg  |  13|   0|   13|          0|
    |value_27_val8431_int_reg  |  13|   0|   13|          0|
    |value_28_val8439_int_reg  |  13|   0|   13|          0|
    |value_29_val8447_int_reg  |  13|   0|   13|          0|
    |value_2_val8231_int_reg   |  13|   0|   13|          0|
    |value_30_val8455_int_reg  |  13|   0|   13|          0|
    |value_31_val8463_int_reg  |  13|   0|   13|          0|
    |value_32_val8471_int_reg  |  13|   0|   13|          0|
    |value_33_val8479_int_reg  |  13|   0|   13|          0|
    |value_34_val8487_int_reg  |  13|   0|   13|          0|
    |value_35_val8495_int_reg  |  13|   0|   13|          0|
    |value_36_val8503_int_reg  |  13|   0|   13|          0|
    |value_37_val8511_int_reg  |  13|   0|   13|          0|
    |value_38_val8519_int_reg  |  13|   0|   13|          0|
    |value_39_val8527_int_reg  |  13|   0|   13|          0|
    |value_3_val8239_int_reg   |  13|   0|   13|          0|
    |value_40_val8535_int_reg  |  13|   0|   13|          0|
    |value_41_val8543_int_reg  |  13|   0|   13|          0|
    |value_42_val8551_int_reg  |  13|   0|   13|          0|
    |value_43_val8559_int_reg  |  13|   0|   13|          0|
    |value_44_val8567_int_reg  |  13|   0|   13|          0|
    |value_45_val8575_int_reg  |  13|   0|   13|          0|
    |value_46_val8583_int_reg  |  13|   0|   13|          0|
    |value_47_val8591_int_reg  |  13|   0|   13|          0|
    |value_48_val8599_int_reg  |  13|   0|   13|          0|
    |value_49_val8607_int_reg  |  13|   0|   13|          0|
    |value_4_val8247_int_reg   |  13|   0|   13|          0|
    |value_50_val8615_int_reg  |  13|   0|   13|          0|
    |value_51_val8623_int_reg  |  13|   0|   13|          0|
    |value_52_val8631_int_reg  |  13|   0|   13|          0|
    |value_53_val8639_int_reg  |  13|   0|   13|          0|
    |value_54_val8647_int_reg  |  13|   0|   13|          0|
    |value_55_val8655_int_reg  |  13|   0|   13|          0|
    |value_56_val8663_int_reg  |  13|   0|   13|          0|
    |value_57_val8671_int_reg  |  13|   0|   13|          0|
    |value_58_val8679_int_reg  |  13|   0|   13|          0|
    |value_59_val8687_int_reg  |  13|   0|   13|          0|
    |value_5_val8255_int_reg   |  13|   0|   13|          0|
    |value_60_val8695_int_reg  |  13|   0|   13|          0|
    |value_61_val8703_int_reg  |  13|   0|   13|          0|
    |value_62_val8711_int_reg  |  13|   0|   13|          0|
    |value_63_val8719_int_reg  |  13|   0|   13|          0|
    |value_6_val8263_int_reg   |  13|   0|   13|          0|
    |value_7_val8271_int_reg   |  13|   0|   13|          0|
    |value_8_val8279_int_reg   |  13|   0|   13|          0|
    |value_9_val8287_int_reg   |  13|   0|   13|          0|
    +--------------------------+----+----+-----+-----------+
    |Total                     |4993|   0| 4993|          0|
    +--------------------------+----+----+-----+-----------+



================================================================
== Interface
================================================================
* Summary: 
+------------------+-----+-----+------------+------------------------------------------------------------------+--------------+
|     RTL Ports    | Dir | Bits|  Protocol  |                           Source Object                          |    C Type    |
+------------------+-----+-----+------------+------------------------------------------------------------------+--------------+
|ap_clk            |   in|    1|  ap_ctrl_hs|  bmm<ap_fixed<13, 4, 4, 0, 0>, ap_fixed<13, 4, 4, 0, 0>, config5>|  return value|
|ap_rst            |   in|    1|  ap_ctrl_hs|  bmm<ap_fixed<13, 4, 4, 0, 0>, ap_fixed<13, 4, 4, 0, 0>, config5>|  return value|
|ap_return_0       |  out|   13|  ap_ctrl_hs|  bmm<ap_fixed<13, 4, 4, 0, 0>, ap_fixed<13, 4, 4, 0, 0>, config5>|  return value|
|ap_return_1       |  out|   13|  ap_ctrl_hs|  bmm<ap_fixed<13, 4, 4, 0, 0>, ap_fixed<13, 4, 4, 0, 0>, config5>|  return value|
|ap_return_2       |  out|   13|  ap_ctrl_hs|  bmm<ap_fixed<13, 4, 4, 0, 0>, ap_fixed<13, 4, 4, 0, 0>, config5>|  return value|
|ap_return_3       |  out|   13|  ap_ctrl_hs|  bmm<ap_fixed<13, 4, 4, 0, 0>, ap_fixed<13, 4, 4, 0, 0>, config5>|  return value|
|ap_return_4       |  out|   13|  ap_ctrl_hs|  bmm<ap_fixed<13, 4, 4, 0, 0>, ap_fixed<13, 4, 4, 0, 0>, config5>|  return value|
|ap_return_5       |  out|   13|  ap_ctrl_hs|  bmm<ap_fixed<13, 4, 4, 0, 0>, ap_fixed<13, 4, 4, 0, 0>, config5>|  return value|
|ap_return_6       |  out|   13|  ap_ctrl_hs|  bmm<ap_fixed<13, 4, 4, 0, 0>, ap_fixed<13, 4, 4, 0, 0>, config5>|  return value|
|ap_return_7       |  out|   13|  ap_ctrl_hs|  bmm<ap_fixed<13, 4, 4, 0, 0>, ap_fixed<13, 4, 4, 0, 0>, config5>|  return value|
|ap_return_8       |  out|   13|  ap_ctrl_hs|  bmm<ap_fixed<13, 4, 4, 0, 0>, ap_fixed<13, 4, 4, 0, 0>, config5>|  return value|
|ap_return_9       |  out|   13|  ap_ctrl_hs|  bmm<ap_fixed<13, 4, 4, 0, 0>, ap_fixed<13, 4, 4, 0, 0>, config5>|  return value|
|ap_return_10      |  out|   13|  ap_ctrl_hs|  bmm<ap_fixed<13, 4, 4, 0, 0>, ap_fixed<13, 4, 4, 0, 0>, config5>|  return value|
|ap_return_11      |  out|   13|  ap_ctrl_hs|  bmm<ap_fixed<13, 4, 4, 0, 0>, ap_fixed<13, 4, 4, 0, 0>, config5>|  return value|
|ap_return_12      |  out|   13|  ap_ctrl_hs|  bmm<ap_fixed<13, 4, 4, 0, 0>, ap_fixed<13, 4, 4, 0, 0>, config5>|  return value|
|ap_return_13      |  out|   13|  ap_ctrl_hs|  bmm<ap_fixed<13, 4, 4, 0, 0>, ap_fixed<13, 4, 4, 0, 0>, config5>|  return value|
|ap_return_14      |  out|   13|  ap_ctrl_hs|  bmm<ap_fixed<13, 4, 4, 0, 0>, ap_fixed<13, 4, 4, 0, 0>, config5>|  return value|
|ap_return_15      |  out|   13|  ap_ctrl_hs|  bmm<ap_fixed<13, 4, 4, 0, 0>, ap_fixed<13, 4, 4, 0, 0>, config5>|  return value|
|ap_return_16      |  out|   13|  ap_ctrl_hs|  bmm<ap_fixed<13, 4, 4, 0, 0>, ap_fixed<13, 4, 4, 0, 0>, config5>|  return value|
|ap_return_17      |  out|   13|  ap_ctrl_hs|  bmm<ap_fixed<13, 4, 4, 0, 0>, ap_fixed<13, 4, 4, 0, 0>, config5>|  return value|
|ap_return_18      |  out|   13|  ap_ctrl_hs|  bmm<ap_fixed<13, 4, 4, 0, 0>, ap_fixed<13, 4, 4, 0, 0>, config5>|  return value|
|ap_return_19      |  out|   13|  ap_ctrl_hs|  bmm<ap_fixed<13, 4, 4, 0, 0>, ap_fixed<13, 4, 4, 0, 0>, config5>|  return value|
|ap_return_20      |  out|   13|  ap_ctrl_hs|  bmm<ap_fixed<13, 4, 4, 0, 0>, ap_fixed<13, 4, 4, 0, 0>, config5>|  return value|
|ap_return_21      |  out|   13|  ap_ctrl_hs|  bmm<ap_fixed<13, 4, 4, 0, 0>, ap_fixed<13, 4, 4, 0, 0>, config5>|  return value|
|ap_return_22      |  out|   13|  ap_ctrl_hs|  bmm<ap_fixed<13, 4, 4, 0, 0>, ap_fixed<13, 4, 4, 0, 0>, config5>|  return value|
|ap_return_23      |  out|   13|  ap_ctrl_hs|  bmm<ap_fixed<13, 4, 4, 0, 0>, ap_fixed<13, 4, 4, 0, 0>, config5>|  return value|
|ap_return_24      |  out|   13|  ap_ctrl_hs|  bmm<ap_fixed<13, 4, 4, 0, 0>, ap_fixed<13, 4, 4, 0, 0>, config5>|  return value|
|ap_return_25      |  out|   13|  ap_ctrl_hs|  bmm<ap_fixed<13, 4, 4, 0, 0>, ap_fixed<13, 4, 4, 0, 0>, config5>|  return value|
|ap_return_26      |  out|   13|  ap_ctrl_hs|  bmm<ap_fixed<13, 4, 4, 0, 0>, ap_fixed<13, 4, 4, 0, 0>, config5>|  return value|
|ap_return_27      |  out|   13|  ap_ctrl_hs|  bmm<ap_fixed<13, 4, 4, 0, 0>, ap_fixed<13, 4, 4, 0, 0>, config5>|  return value|
|ap_return_28      |  out|   13|  ap_ctrl_hs|  bmm<ap_fixed<13, 4, 4, 0, 0>, ap_fixed<13, 4, 4, 0, 0>, config5>|  return value|
|ap_return_29      |  out|   13|  ap_ctrl_hs|  bmm<ap_fixed<13, 4, 4, 0, 0>, ap_fixed<13, 4, 4, 0, 0>, config5>|  return value|
|ap_return_30      |  out|   13|  ap_ctrl_hs|  bmm<ap_fixed<13, 4, 4, 0, 0>, ap_fixed<13, 4, 4, 0, 0>, config5>|  return value|
|ap_return_31      |  out|   13|  ap_ctrl_hs|  bmm<ap_fixed<13, 4, 4, 0, 0>, ap_fixed<13, 4, 4, 0, 0>, config5>|  return value|
|ap_return_32      |  out|   13|  ap_ctrl_hs|  bmm<ap_fixed<13, 4, 4, 0, 0>, ap_fixed<13, 4, 4, 0, 0>, config5>|  return value|
|ap_return_33      |  out|   13|  ap_ctrl_hs|  bmm<ap_fixed<13, 4, 4, 0, 0>, ap_fixed<13, 4, 4, 0, 0>, config5>|  return value|
|ap_return_34      |  out|   13|  ap_ctrl_hs|  bmm<ap_fixed<13, 4, 4, 0, 0>, ap_fixed<13, 4, 4, 0, 0>, config5>|  return value|
|ap_return_35      |  out|   13|  ap_ctrl_hs|  bmm<ap_fixed<13, 4, 4, 0, 0>, ap_fixed<13, 4, 4, 0, 0>, config5>|  return value|
|ap_return_36      |  out|   13|  ap_ctrl_hs|  bmm<ap_fixed<13, 4, 4, 0, 0>, ap_fixed<13, 4, 4, 0, 0>, config5>|  return value|
|ap_return_37      |  out|   13|  ap_ctrl_hs|  bmm<ap_fixed<13, 4, 4, 0, 0>, ap_fixed<13, 4, 4, 0, 0>, config5>|  return value|
|ap_return_38      |  out|   13|  ap_ctrl_hs|  bmm<ap_fixed<13, 4, 4, 0, 0>, ap_fixed<13, 4, 4, 0, 0>, config5>|  return value|
|ap_return_39      |  out|   13|  ap_ctrl_hs|  bmm<ap_fixed<13, 4, 4, 0, 0>, ap_fixed<13, 4, 4, 0, 0>, config5>|  return value|
|ap_return_40      |  out|   13|  ap_ctrl_hs|  bmm<ap_fixed<13, 4, 4, 0, 0>, ap_fixed<13, 4, 4, 0, 0>, config5>|  return value|
|ap_return_41      |  out|   13|  ap_ctrl_hs|  bmm<ap_fixed<13, 4, 4, 0, 0>, ap_fixed<13, 4, 4, 0, 0>, config5>|  return value|
|ap_return_42      |  out|   13|  ap_ctrl_hs|  bmm<ap_fixed<13, 4, 4, 0, 0>, ap_fixed<13, 4, 4, 0, 0>, config5>|  return value|
|ap_return_43      |  out|   13|  ap_ctrl_hs|  bmm<ap_fixed<13, 4, 4, 0, 0>, ap_fixed<13, 4, 4, 0, 0>, config5>|  return value|
|ap_return_44      |  out|   13|  ap_ctrl_hs|  bmm<ap_fixed<13, 4, 4, 0, 0>, ap_fixed<13, 4, 4, 0, 0>, config5>|  return value|
|ap_return_45      |  out|   13|  ap_ctrl_hs|  bmm<ap_fixed<13, 4, 4, 0, 0>, ap_fixed<13, 4, 4, 0, 0>, config5>|  return value|
|ap_return_46      |  out|   13|  ap_ctrl_hs|  bmm<ap_fixed<13, 4, 4, 0, 0>, ap_fixed<13, 4, 4, 0, 0>, config5>|  return value|
|ap_return_47      |  out|   13|  ap_ctrl_hs|  bmm<ap_fixed<13, 4, 4, 0, 0>, ap_fixed<13, 4, 4, 0, 0>, config5>|  return value|
|ap_return_48      |  out|   13|  ap_ctrl_hs|  bmm<ap_fixed<13, 4, 4, 0, 0>, ap_fixed<13, 4, 4, 0, 0>, config5>|  return value|
|ap_return_49      |  out|   13|  ap_ctrl_hs|  bmm<ap_fixed<13, 4, 4, 0, 0>, ap_fixed<13, 4, 4, 0, 0>, config5>|  return value|
|ap_return_50      |  out|   13|  ap_ctrl_hs|  bmm<ap_fixed<13, 4, 4, 0, 0>, ap_fixed<13, 4, 4, 0, 0>, config5>|  return value|
|ap_return_51      |  out|   13|  ap_ctrl_hs|  bmm<ap_fixed<13, 4, 4, 0, 0>, ap_fixed<13, 4, 4, 0, 0>, config5>|  return value|
|ap_return_52      |  out|   13|  ap_ctrl_hs|  bmm<ap_fixed<13, 4, 4, 0, 0>, ap_fixed<13, 4, 4, 0, 0>, config5>|  return value|
|ap_return_53      |  out|   13|  ap_ctrl_hs|  bmm<ap_fixed<13, 4, 4, 0, 0>, ap_fixed<13, 4, 4, 0, 0>, config5>|  return value|
|ap_return_54      |  out|   13|  ap_ctrl_hs|  bmm<ap_fixed<13, 4, 4, 0, 0>, ap_fixed<13, 4, 4, 0, 0>, config5>|  return value|
|ap_return_55      |  out|   13|  ap_ctrl_hs|  bmm<ap_fixed<13, 4, 4, 0, 0>, ap_fixed<13, 4, 4, 0, 0>, config5>|  return value|
|ap_return_56      |  out|   13|  ap_ctrl_hs|  bmm<ap_fixed<13, 4, 4, 0, 0>, ap_fixed<13, 4, 4, 0, 0>, config5>|  return value|
|ap_return_57      |  out|   13|  ap_ctrl_hs|  bmm<ap_fixed<13, 4, 4, 0, 0>, ap_fixed<13, 4, 4, 0, 0>, config5>|  return value|
|ap_return_58      |  out|   13|  ap_ctrl_hs|  bmm<ap_fixed<13, 4, 4, 0, 0>, ap_fixed<13, 4, 4, 0, 0>, config5>|  return value|
|ap_return_59      |  out|   13|  ap_ctrl_hs|  bmm<ap_fixed<13, 4, 4, 0, 0>, ap_fixed<13, 4, 4, 0, 0>, config5>|  return value|
|ap_return_60      |  out|   13|  ap_ctrl_hs|  bmm<ap_fixed<13, 4, 4, 0, 0>, ap_fixed<13, 4, 4, 0, 0>, config5>|  return value|
|ap_return_61      |  out|   13|  ap_ctrl_hs|  bmm<ap_fixed<13, 4, 4, 0, 0>, ap_fixed<13, 4, 4, 0, 0>, config5>|  return value|
|ap_return_62      |  out|   13|  ap_ctrl_hs|  bmm<ap_fixed<13, 4, 4, 0, 0>, ap_fixed<13, 4, 4, 0, 0>, config5>|  return value|
|ap_return_63      |  out|   13|  ap_ctrl_hs|  bmm<ap_fixed<13, 4, 4, 0, 0>, ap_fixed<13, 4, 4, 0, 0>, config5>|  return value|
|ap_ce             |   in|    1|  ap_ctrl_hs|  bmm<ap_fixed<13, 4, 4, 0, 0>, ap_fixed<13, 4, 4, 0, 0>, config5>|  return value|
|qk_0_val33        |   in|   13|     ap_none|                                                        qk_0_val33|        scalar|
|qk_1_val65        |   in|   13|     ap_none|                                                        qk_1_val65|        scalar|
|qk_2_val97        |   in|   13|     ap_none|                                                        qk_2_val97|        scalar|
|qk_3_val129       |   in|   13|     ap_none|                                                       qk_3_val129|        scalar|
|qk_4_val161       |   in|   13|     ap_none|                                                       qk_4_val161|        scalar|
|qk_5_val193       |   in|   13|     ap_none|                                                       qk_5_val193|        scalar|
|qk_6_val225       |   in|   13|     ap_none|                                                       qk_6_val225|        scalar|
|qk_7_val257       |   in|   13|     ap_none|                                                       qk_7_val257|        scalar|
|qk_8_val290       |   in|   13|     ap_none|                                                       qk_8_val290|        scalar|
|qk_9_val322       |   in|   13|     ap_none|                                                       qk_9_val322|        scalar|
|qk_10_val354      |   in|   13|     ap_none|                                                      qk_10_val354|        scalar|
|qk_11_val386      |   in|   13|     ap_none|                                                      qk_11_val386|        scalar|
|qk_12_val418      |   in|   13|     ap_none|                                                      qk_12_val418|        scalar|
|qk_13_val450      |   in|   13|     ap_none|                                                      qk_13_val450|        scalar|
|qk_14_val482      |   in|   13|     ap_none|                                                      qk_14_val482|        scalar|
|qk_15_val514      |   in|   13|     ap_none|                                                      qk_15_val514|        scalar|
|qk_16_val546      |   in|   13|     ap_none|                                                      qk_16_val546|        scalar|
|qk_17_val579      |   in|   13|     ap_none|                                                      qk_17_val579|        scalar|
|qk_18_val611      |   in|   13|     ap_none|                                                      qk_18_val611|        scalar|
|qk_19_val643      |   in|   13|     ap_none|                                                      qk_19_val643|        scalar|
|qk_20_val675      |   in|   13|     ap_none|                                                      qk_20_val675|        scalar|
|qk_21_val707      |   in|   13|     ap_none|                                                      qk_21_val707|        scalar|
|qk_22_val739      |   in|   13|     ap_none|                                                      qk_22_val739|        scalar|
|qk_23_val771      |   in|   13|     ap_none|                                                      qk_23_val771|        scalar|
|qk_24_val803      |   in|   13|     ap_none|                                                      qk_24_val803|        scalar|
|qk_25_val835      |   in|   13|     ap_none|                                                      qk_25_val835|        scalar|
|qk_26_val868      |   in|   13|     ap_none|                                                      qk_26_val868|        scalar|
|qk_27_val900      |   in|   13|     ap_none|                                                      qk_27_val900|        scalar|
|qk_28_val932      |   in|   13|     ap_none|                                                      qk_28_val932|        scalar|
|qk_29_val964      |   in|   13|     ap_none|                                                      qk_29_val964|        scalar|
|qk_30_val996      |   in|   13|     ap_none|                                                      qk_30_val996|        scalar|
|qk_31_val1028     |   in|   13|     ap_none|                                                     qk_31_val1028|        scalar|
|qk_32_val1060     |   in|   13|     ap_none|                                                     qk_32_val1060|        scalar|
|qk_33_val1092     |   in|   13|     ap_none|                                                     qk_33_val1092|        scalar|
|qk_34_val1124     |   in|   13|     ap_none|                                                     qk_34_val1124|        scalar|
|qk_35_val1157     |   in|   13|     ap_none|                                                     qk_35_val1157|        scalar|
|qk_36_val1189     |   in|   13|     ap_none|                                                     qk_36_val1189|        scalar|
|qk_37_val1221     |   in|   13|     ap_none|                                                     qk_37_val1221|        scalar|
|qk_38_val1253     |   in|   13|     ap_none|                                                     qk_38_val1253|        scalar|
|qk_39_val1285     |   in|   13|     ap_none|                                                     qk_39_val1285|        scalar|
|qk_40_val1317     |   in|   13|     ap_none|                                                     qk_40_val1317|        scalar|
|qk_41_val1349     |   in|   13|     ap_none|                                                     qk_41_val1349|        scalar|
|qk_42_val1381     |   in|   13|     ap_none|                                                     qk_42_val1381|        scalar|
|qk_43_val1413     |   in|   13|     ap_none|                                                     qk_43_val1413|        scalar|
|qk_44_val1446     |   in|   13|     ap_none|                                                     qk_44_val1446|        scalar|
|qk_45_val1478     |   in|   13|     ap_none|                                                     qk_45_val1478|        scalar|
|qk_46_val1510     |   in|   13|     ap_none|                                                     qk_46_val1510|        scalar|
|qk_47_val1542     |   in|   13|     ap_none|                                                     qk_47_val1542|        scalar|
|qk_48_val1574     |   in|   13|     ap_none|                                                     qk_48_val1574|        scalar|
|qk_49_val1606     |   in|   13|     ap_none|                                                     qk_49_val1606|        scalar|
|qk_50_val1638     |   in|   13|     ap_none|                                                     qk_50_val1638|        scalar|
|qk_51_val1670     |   in|   13|     ap_none|                                                     qk_51_val1670|        scalar|
|qk_52_val1702     |   in|   13|     ap_none|                                                     qk_52_val1702|        scalar|
|qk_53_val1734     |   in|   13|     ap_none|                                                     qk_53_val1734|        scalar|
|qk_54_val1766     |   in|   13|     ap_none|                                                     qk_54_val1766|        scalar|
|qk_55_val1798     |   in|   13|     ap_none|                                                     qk_55_val1798|        scalar|
|qk_56_val1830     |   in|   13|     ap_none|                                                     qk_56_val1830|        scalar|
|qk_57_val1862     |   in|   13|     ap_none|                                                     qk_57_val1862|        scalar|
|qk_58_val1894     |   in|   13|     ap_none|                                                     qk_58_val1894|        scalar|
|qk_59_val1926     |   in|   13|     ap_none|                                                     qk_59_val1926|        scalar|
|qk_60_val1958     |   in|   13|     ap_none|                                                     qk_60_val1958|        scalar|
|qk_61_val1991     |   in|   13|     ap_none|                                                     qk_61_val1991|        scalar|
|qk_62_val2023     |   in|   13|     ap_none|                                                     qk_62_val2023|        scalar|
|qk_63_val2055     |   in|   13|     ap_none|                                                     qk_63_val2055|        scalar|
|qk_64_val2087     |   in|   13|     ap_none|                                                     qk_64_val2087|        scalar|
|qk_65_val2119     |   in|   13|     ap_none|                                                     qk_65_val2119|        scalar|
|qk_66_val2151     |   in|   13|     ap_none|                                                     qk_66_val2151|        scalar|
|qk_67_val2183     |   in|   13|     ap_none|                                                     qk_67_val2183|        scalar|
|qk_68_val2215     |   in|   13|     ap_none|                                                     qk_68_val2215|        scalar|
|qk_69_val2247     |   in|   13|     ap_none|                                                     qk_69_val2247|        scalar|
|qk_70_val2279     |   in|   13|     ap_none|                                                     qk_70_val2279|        scalar|
|qk_71_val2311     |   in|   13|     ap_none|                                                     qk_71_val2311|        scalar|
|qk_72_val2343     |   in|   13|     ap_none|                                                     qk_72_val2343|        scalar|
|qk_73_val2375     |   in|   13|     ap_none|                                                     qk_73_val2375|        scalar|
|qk_74_val2407     |   in|   13|     ap_none|                                                     qk_74_val2407|        scalar|
|qk_75_val2439     |   in|   13|     ap_none|                                                     qk_75_val2439|        scalar|
|qk_76_val2471     |   in|   13|     ap_none|                                                     qk_76_val2471|        scalar|
|qk_77_val2503     |   in|   13|     ap_none|                                                     qk_77_val2503|        scalar|
|qk_78_val2535     |   in|   13|     ap_none|                                                     qk_78_val2535|        scalar|
|qk_79_val2567     |   in|   13|     ap_none|                                                     qk_79_val2567|        scalar|
|qk_80_val2599     |   in|   13|     ap_none|                                                     qk_80_val2599|        scalar|
|qk_81_val2631     |   in|   13|     ap_none|                                                     qk_81_val2631|        scalar|
|qk_82_val2663     |   in|   13|     ap_none|                                                     qk_82_val2663|        scalar|
|qk_83_val2695     |   in|   13|     ap_none|                                                     qk_83_val2695|        scalar|
|qk_84_val2727     |   in|   13|     ap_none|                                                     qk_84_val2727|        scalar|
|qk_85_val2759     |   in|   13|     ap_none|                                                     qk_85_val2759|        scalar|
|qk_86_val2791     |   in|   13|     ap_none|                                                     qk_86_val2791|        scalar|
|qk_87_val2824     |   in|   13|     ap_none|                                                     qk_87_val2824|        scalar|
|qk_88_val2856     |   in|   13|     ap_none|                                                     qk_88_val2856|        scalar|
|qk_89_val2888     |   in|   13|     ap_none|                                                     qk_89_val2888|        scalar|
|qk_90_val2920     |   in|   13|     ap_none|                                                     qk_90_val2920|        scalar|
|qk_91_val2952     |   in|   13|     ap_none|                                                     qk_91_val2952|        scalar|
|qk_92_val2984     |   in|   13|     ap_none|                                                     qk_92_val2984|        scalar|
|qk_93_val3016     |   in|   13|     ap_none|                                                     qk_93_val3016|        scalar|
|qk_94_val3048     |   in|   13|     ap_none|                                                     qk_94_val3048|        scalar|
|qk_95_val3080     |   in|   13|     ap_none|                                                     qk_95_val3080|        scalar|
|qk_96_val3113     |   in|   13|     ap_none|                                                     qk_96_val3113|        scalar|
|qk_97_val3145     |   in|   13|     ap_none|                                                     qk_97_val3145|        scalar|
|qk_98_val3177     |   in|   13|     ap_none|                                                     qk_98_val3177|        scalar|
|qk_99_val3209     |   in|   13|     ap_none|                                                     qk_99_val3209|        scalar|
|qk_100_val3241    |   in|   13|     ap_none|                                                    qk_100_val3241|        scalar|
|qk_101_val3273    |   in|   13|     ap_none|                                                    qk_101_val3273|        scalar|
|qk_102_val3305    |   in|   13|     ap_none|                                                    qk_102_val3305|        scalar|
|qk_103_val3337    |   in|   13|     ap_none|                                                    qk_103_val3337|        scalar|
|qk_104_val3369    |   in|   13|     ap_none|                                                    qk_104_val3369|        scalar|
|qk_105_val3402    |   in|   13|     ap_none|                                                    qk_105_val3402|        scalar|
|qk_106_val3434    |   in|   13|     ap_none|                                                    qk_106_val3434|        scalar|
|qk_107_val3466    |   in|   13|     ap_none|                                                    qk_107_val3466|        scalar|
|qk_108_val3498    |   in|   13|     ap_none|                                                    qk_108_val3498|        scalar|
|qk_109_val3530    |   in|   13|     ap_none|                                                    qk_109_val3530|        scalar|
|qk_110_val3562    |   in|   13|     ap_none|                                                    qk_110_val3562|        scalar|
|qk_111_val3594    |   in|   13|     ap_none|                                                    qk_111_val3594|        scalar|
|qk_112_val3626    |   in|   13|     ap_none|                                                    qk_112_val3626|        scalar|
|qk_113_val3658    |   in|   13|     ap_none|                                                    qk_113_val3658|        scalar|
|qk_114_val3691    |   in|   13|     ap_none|                                                    qk_114_val3691|        scalar|
|qk_115_val3723    |   in|   13|     ap_none|                                                    qk_115_val3723|        scalar|
|qk_116_val3755    |   in|   13|     ap_none|                                                    qk_116_val3755|        scalar|
|qk_117_val3787    |   in|   13|     ap_none|                                                    qk_117_val3787|        scalar|
|qk_118_val3819    |   in|   13|     ap_none|                                                    qk_118_val3819|        scalar|
|qk_119_val3851    |   in|   13|     ap_none|                                                    qk_119_val3851|        scalar|
|qk_120_val3883    |   in|   13|     ap_none|                                                    qk_120_val3883|        scalar|
|qk_121_val3915    |   in|   13|     ap_none|                                                    qk_121_val3915|        scalar|
|qk_122_val3947    |   in|   13|     ap_none|                                                    qk_122_val3947|        scalar|
|qk_123_val3979    |   in|   13|     ap_none|                                                    qk_123_val3979|        scalar|
|qk_124_val4011    |   in|   13|     ap_none|                                                    qk_124_val4011|        scalar|
|qk_125_val4043    |   in|   13|     ap_none|                                                    qk_125_val4043|        scalar|
|qk_126_val4075    |   in|   13|     ap_none|                                                    qk_126_val4075|        scalar|
|qk_127_val4107    |   in|   13|     ap_none|                                                    qk_127_val4107|        scalar|
|qk_128_val4139    |   in|   13|     ap_none|                                                    qk_128_val4139|        scalar|
|qk_129_val4171    |   in|   13|     ap_none|                                                    qk_129_val4171|        scalar|
|qk_130_val4203    |   in|   13|     ap_none|                                                    qk_130_val4203|        scalar|
|qk_131_val4235    |   in|   13|     ap_none|                                                    qk_131_val4235|        scalar|
|qk_132_val4267    |   in|   13|     ap_none|                                                    qk_132_val4267|        scalar|
|qk_133_val4299    |   in|   13|     ap_none|                                                    qk_133_val4299|        scalar|
|qk_134_val4331    |   in|   13|     ap_none|                                                    qk_134_val4331|        scalar|
|qk_135_val4363    |   in|   13|     ap_none|                                                    qk_135_val4363|        scalar|
|qk_136_val4395    |   in|   13|     ap_none|                                                    qk_136_val4395|        scalar|
|qk_137_val4427    |   in|   13|     ap_none|                                                    qk_137_val4427|        scalar|
|qk_138_val4459    |   in|   13|     ap_none|                                                    qk_138_val4459|        scalar|
|qk_139_val4491    |   in|   13|     ap_none|                                                    qk_139_val4491|        scalar|
|qk_140_val4524    |   in|   13|     ap_none|                                                    qk_140_val4524|        scalar|
|qk_141_val4556    |   in|   13|     ap_none|                                                    qk_141_val4556|        scalar|
|qk_142_val4588    |   in|   13|     ap_none|                                                    qk_142_val4588|        scalar|
|qk_143_val4620    |   in|   13|     ap_none|                                                    qk_143_val4620|        scalar|
|qk_144_val4652    |   in|   13|     ap_none|                                                    qk_144_val4652|        scalar|
|qk_145_val4684    |   in|   13|     ap_none|                                                    qk_145_val4684|        scalar|
|qk_146_val4716    |   in|   13|     ap_none|                                                    qk_146_val4716|        scalar|
|qk_147_val4748    |   in|   13|     ap_none|                                                    qk_147_val4748|        scalar|
|qk_148_val4780    |   in|   13|     ap_none|                                                    qk_148_val4780|        scalar|
|qk_149_val4812    |   in|   13|     ap_none|                                                    qk_149_val4812|        scalar|
|qk_150_val4844    |   in|   13|     ap_none|                                                    qk_150_val4844|        scalar|
|qk_151_val4876    |   in|   13|     ap_none|                                                    qk_151_val4876|        scalar|
|qk_152_val4908    |   in|   13|     ap_none|                                                    qk_152_val4908|        scalar|
|qk_153_val4940    |   in|   13|     ap_none|                                                    qk_153_val4940|        scalar|
|qk_154_val4972    |   in|   13|     ap_none|                                                    qk_154_val4972|        scalar|
|qk_155_val5004    |   in|   13|     ap_none|                                                    qk_155_val5004|        scalar|
|qk_156_val5036    |   in|   13|     ap_none|                                                    qk_156_val5036|        scalar|
|qk_157_val5068    |   in|   13|     ap_none|                                                    qk_157_val5068|        scalar|
|qk_158_val5100    |   in|   13|     ap_none|                                                    qk_158_val5100|        scalar|
|qk_159_val5132    |   in|   13|     ap_none|                                                    qk_159_val5132|        scalar|
|qk_160_val5164    |   in|   13|     ap_none|                                                    qk_160_val5164|        scalar|
|qk_161_val5196    |   in|   13|     ap_none|                                                    qk_161_val5196|        scalar|
|qk_162_val5228    |   in|   13|     ap_none|                                                    qk_162_val5228|        scalar|
|qk_163_val5260    |   in|   13|     ap_none|                                                    qk_163_val5260|        scalar|
|qk_164_val5292    |   in|   13|     ap_none|                                                    qk_164_val5292|        scalar|
|qk_165_val5324    |   in|   13|     ap_none|                                                    qk_165_val5324|        scalar|
|qk_166_val5356    |   in|   13|     ap_none|                                                    qk_166_val5356|        scalar|
|qk_167_val5388    |   in|   13|     ap_none|                                                    qk_167_val5388|        scalar|
|qk_168_val5420    |   in|   13|     ap_none|                                                    qk_168_val5420|        scalar|
|qk_169_val5452    |   in|   13|     ap_none|                                                    qk_169_val5452|        scalar|
|qk_170_val5484    |   in|   13|     ap_none|                                                    qk_170_val5484|        scalar|
|qk_171_val5516    |   in|   13|     ap_none|                                                    qk_171_val5516|        scalar|
|qk_172_val5548    |   in|   13|     ap_none|                                                    qk_172_val5548|        scalar|
|qk_173_val5580    |   in|   13|     ap_none|                                                    qk_173_val5580|        scalar|
|qk_174_val5612    |   in|   13|     ap_none|                                                    qk_174_val5612|        scalar|
|qk_175_val5644    |   in|   13|     ap_none|                                                    qk_175_val5644|        scalar|
|qk_176_val5676    |   in|   13|     ap_none|                                                    qk_176_val5676|        scalar|
|qk_177_val5708    |   in|   13|     ap_none|                                                    qk_177_val5708|        scalar|
|qk_178_val5740    |   in|   13|     ap_none|                                                    qk_178_val5740|        scalar|
|qk_179_val5772    |   in|   13|     ap_none|                                                    qk_179_val5772|        scalar|
|qk_180_val5804    |   in|   13|     ap_none|                                                    qk_180_val5804|        scalar|
|qk_181_val5836    |   in|   13|     ap_none|                                                    qk_181_val5836|        scalar|
|qk_182_val5868    |   in|   13|     ap_none|                                                    qk_182_val5868|        scalar|
|qk_183_val5900    |   in|   13|     ap_none|                                                    qk_183_val5900|        scalar|
|qk_184_val5933    |   in|   13|     ap_none|                                                    qk_184_val5933|        scalar|
|qk_185_val5965    |   in|   13|     ap_none|                                                    qk_185_val5965|        scalar|
|qk_186_val5997    |   in|   13|     ap_none|                                                    qk_186_val5997|        scalar|
|qk_187_val6029    |   in|   13|     ap_none|                                                    qk_187_val6029|        scalar|
|qk_188_val6061    |   in|   13|     ap_none|                                                    qk_188_val6061|        scalar|
|qk_189_val6093    |   in|   13|     ap_none|                                                    qk_189_val6093|        scalar|
|qk_190_val6125    |   in|   13|     ap_none|                                                    qk_190_val6125|        scalar|
|qk_191_val6157    |   in|   13|     ap_none|                                                    qk_191_val6157|        scalar|
|qk_192_val6189    |   in|   13|     ap_none|                                                    qk_192_val6189|        scalar|
|qk_193_val6222    |   in|   13|     ap_none|                                                    qk_193_val6222|        scalar|
|qk_194_val6254    |   in|   13|     ap_none|                                                    qk_194_val6254|        scalar|
|qk_195_val6286    |   in|   13|     ap_none|                                                    qk_195_val6286|        scalar|
|qk_196_val6318    |   in|   13|     ap_none|                                                    qk_196_val6318|        scalar|
|qk_197_val6350    |   in|   13|     ap_none|                                                    qk_197_val6350|        scalar|
|qk_198_val6382    |   in|   13|     ap_none|                                                    qk_198_val6382|        scalar|
|qk_199_val6414    |   in|   13|     ap_none|                                                    qk_199_val6414|        scalar|
|qk_200_val6446    |   in|   13|     ap_none|                                                    qk_200_val6446|        scalar|
|qk_201_val6478    |   in|   13|     ap_none|                                                    qk_201_val6478|        scalar|
|qk_202_val6510    |   in|   13|     ap_none|                                                    qk_202_val6510|        scalar|
|qk_203_val6542    |   in|   13|     ap_none|                                                    qk_203_val6542|        scalar|
|qk_204_val6574    |   in|   13|     ap_none|                                                    qk_204_val6574|        scalar|
|qk_205_val6606    |   in|   13|     ap_none|                                                    qk_205_val6606|        scalar|
|qk_206_val6638    |   in|   13|     ap_none|                                                    qk_206_val6638|        scalar|
|qk_207_val6670    |   in|   13|     ap_none|                                                    qk_207_val6670|        scalar|
|qk_208_val6702    |   in|   13|     ap_none|                                                    qk_208_val6702|        scalar|
|qk_209_val6734    |   in|   13|     ap_none|                                                    qk_209_val6734|        scalar|
|qk_210_val6767    |   in|   13|     ap_none|                                                    qk_210_val6767|        scalar|
|qk_211_val6799    |   in|   13|     ap_none|                                                    qk_211_val6799|        scalar|
|qk_212_val6831    |   in|   13|     ap_none|                                                    qk_212_val6831|        scalar|
|qk_213_val6863    |   in|   13|     ap_none|                                                    qk_213_val6863|        scalar|
|qk_214_val6895    |   in|   13|     ap_none|                                                    qk_214_val6895|        scalar|
|qk_215_val6927    |   in|   13|     ap_none|                                                    qk_215_val6927|        scalar|
|qk_216_val6959    |   in|   13|     ap_none|                                                    qk_216_val6959|        scalar|
|qk_217_val6991    |   in|   13|     ap_none|                                                    qk_217_val6991|        scalar|
|qk_218_val7023    |   in|   13|     ap_none|                                                    qk_218_val7023|        scalar|
|qk_219_val7055    |   in|   13|     ap_none|                                                    qk_219_val7055|        scalar|
|qk_220_val7087    |   in|   13|     ap_none|                                                    qk_220_val7087|        scalar|
|qk_221_val7119    |   in|   13|     ap_none|                                                    qk_221_val7119|        scalar|
|qk_222_val7151    |   in|   13|     ap_none|                                                    qk_222_val7151|        scalar|
|qk_223_val7183    |   in|   13|     ap_none|                                                    qk_223_val7183|        scalar|
|qk_224_val7215    |   in|   13|     ap_none|                                                    qk_224_val7215|        scalar|
|qk_225_val7247    |   in|   13|     ap_none|                                                    qk_225_val7247|        scalar|
|qk_226_val7279    |   in|   13|     ap_none|                                                    qk_226_val7279|        scalar|
|qk_227_val7311    |   in|   13|     ap_none|                                                    qk_227_val7311|        scalar|
|qk_228_val7343    |   in|   13|     ap_none|                                                    qk_228_val7343|        scalar|
|qk_229_val7375    |   in|   13|     ap_none|                                                    qk_229_val7375|        scalar|
|qk_230_val7407    |   in|   13|     ap_none|                                                    qk_230_val7407|        scalar|
|qk_231_val7439    |   in|   13|     ap_none|                                                    qk_231_val7439|        scalar|
|qk_232_val7471    |   in|   13|     ap_none|                                                    qk_232_val7471|        scalar|
|qk_233_val7503    |   in|   13|     ap_none|                                                    qk_233_val7503|        scalar|
|qk_234_val7535    |   in|   13|     ap_none|                                                    qk_234_val7535|        scalar|
|qk_235_val7567    |   in|   13|     ap_none|                                                    qk_235_val7567|        scalar|
|qk_236_val7599    |   in|   13|     ap_none|                                                    qk_236_val7599|        scalar|
|qk_237_val7631    |   in|   13|     ap_none|                                                    qk_237_val7631|        scalar|
|qk_238_val7663    |   in|   13|     ap_none|                                                    qk_238_val7663|        scalar|
|qk_239_val7695    |   in|   13|     ap_none|                                                    qk_239_val7695|        scalar|
|qk_240_val7727    |   in|   13|     ap_none|                                                    qk_240_val7727|        scalar|
|qk_241_val7759    |   in|   13|     ap_none|                                                    qk_241_val7759|        scalar|
|qk_242_val7791    |   in|   13|     ap_none|                                                    qk_242_val7791|        scalar|
|qk_243_val7823    |   in|   13|     ap_none|                                                    qk_243_val7823|        scalar|
|qk_244_val7855    |   in|   13|     ap_none|                                                    qk_244_val7855|        scalar|
|qk_245_val7887    |   in|   13|     ap_none|                                                    qk_245_val7887|        scalar|
|qk_246_val7919    |   in|   13|     ap_none|                                                    qk_246_val7919|        scalar|
|qk_247_val7951    |   in|   13|     ap_none|                                                    qk_247_val7951|        scalar|
|qk_248_val7983    |   in|   13|     ap_none|                                                    qk_248_val7983|        scalar|
|qk_249_val8015    |   in|   13|     ap_none|                                                    qk_249_val8015|        scalar|
|qk_250_val8047    |   in|   13|     ap_none|                                                    qk_250_val8047|        scalar|
|qk_251_val8079    |   in|   13|     ap_none|                                                    qk_251_val8079|        scalar|
|qk_252_val8111    |   in|   13|     ap_none|                                                    qk_252_val8111|        scalar|
|qk_253_val8143    |   in|   13|     ap_none|                                                    qk_253_val8143|        scalar|
|qk_254_val8175    |   in|   13|     ap_none|                                                    qk_254_val8175|        scalar|
|qk_255_val8207    |   in|   13|     ap_none|                                                    qk_255_val8207|        scalar|
|value_0_val8215   |   in|   13|     ap_none|                                                   value_0_val8215|        scalar|
|value_1_val8223   |   in|   13|     ap_none|                                                   value_1_val8223|        scalar|
|value_2_val8231   |   in|   13|     ap_none|                                                   value_2_val8231|        scalar|
|value_3_val8239   |   in|   13|     ap_none|                                                   value_3_val8239|        scalar|
|value_4_val8247   |   in|   13|     ap_none|                                                   value_4_val8247|        scalar|
|value_5_val8255   |   in|   13|     ap_none|                                                   value_5_val8255|        scalar|
|value_6_val8263   |   in|   13|     ap_none|                                                   value_6_val8263|        scalar|
|value_7_val8271   |   in|   13|     ap_none|                                                   value_7_val8271|        scalar|
|value_8_val8279   |   in|   13|     ap_none|                                                   value_8_val8279|        scalar|
|value_9_val8287   |   in|   13|     ap_none|                                                   value_9_val8287|        scalar|
|value_10_val8295  |   in|   13|     ap_none|                                                  value_10_val8295|        scalar|
|value_11_val8303  |   in|   13|     ap_none|                                                  value_11_val8303|        scalar|
|value_12_val8311  |   in|   13|     ap_none|                                                  value_12_val8311|        scalar|
|value_13_val8319  |   in|   13|     ap_none|                                                  value_13_val8319|        scalar|
|value_14_val8327  |   in|   13|     ap_none|                                                  value_14_val8327|        scalar|
|value_15_val8335  |   in|   13|     ap_none|                                                  value_15_val8335|        scalar|
|value_16_val8343  |   in|   13|     ap_none|                                                  value_16_val8343|        scalar|
|value_17_val8351  |   in|   13|     ap_none|                                                  value_17_val8351|        scalar|
|value_18_val8359  |   in|   13|     ap_none|                                                  value_18_val8359|        scalar|
|value_19_val8367  |   in|   13|     ap_none|                                                  value_19_val8367|        scalar|
|value_20_val8375  |   in|   13|     ap_none|                                                  value_20_val8375|        scalar|
|value_21_val8383  |   in|   13|     ap_none|                                                  value_21_val8383|        scalar|
|value_22_val8391  |   in|   13|     ap_none|                                                  value_22_val8391|        scalar|
|value_23_val8399  |   in|   13|     ap_none|                                                  value_23_val8399|        scalar|
|value_24_val8407  |   in|   13|     ap_none|                                                  value_24_val8407|        scalar|
|value_25_val8415  |   in|   13|     ap_none|                                                  value_25_val8415|        scalar|
|value_26_val8423  |   in|   13|     ap_none|                                                  value_26_val8423|        scalar|
|value_27_val8431  |   in|   13|     ap_none|                                                  value_27_val8431|        scalar|
|value_28_val8439  |   in|   13|     ap_none|                                                  value_28_val8439|        scalar|
|value_29_val8447  |   in|   13|     ap_none|                                                  value_29_val8447|        scalar|
|value_30_val8455  |   in|   13|     ap_none|                                                  value_30_val8455|        scalar|
|value_31_val8463  |   in|   13|     ap_none|                                                  value_31_val8463|        scalar|
|value_32_val8471  |   in|   13|     ap_none|                                                  value_32_val8471|        scalar|
|value_33_val8479  |   in|   13|     ap_none|                                                  value_33_val8479|        scalar|
|value_34_val8487  |   in|   13|     ap_none|                                                  value_34_val8487|        scalar|
|value_35_val8495  |   in|   13|     ap_none|                                                  value_35_val8495|        scalar|
|value_36_val8503  |   in|   13|     ap_none|                                                  value_36_val8503|        scalar|
|value_37_val8511  |   in|   13|     ap_none|                                                  value_37_val8511|        scalar|
|value_38_val8519  |   in|   13|     ap_none|                                                  value_38_val8519|        scalar|
|value_39_val8527  |   in|   13|     ap_none|                                                  value_39_val8527|        scalar|
|value_40_val8535  |   in|   13|     ap_none|                                                  value_40_val8535|        scalar|
|value_41_val8543  |   in|   13|     ap_none|                                                  value_41_val8543|        scalar|
|value_42_val8551  |   in|   13|     ap_none|                                                  value_42_val8551|        scalar|
|value_43_val8559  |   in|   13|     ap_none|                                                  value_43_val8559|        scalar|
|value_44_val8567  |   in|   13|     ap_none|                                                  value_44_val8567|        scalar|
|value_45_val8575  |   in|   13|     ap_none|                                                  value_45_val8575|        scalar|
|value_46_val8583  |   in|   13|     ap_none|                                                  value_46_val8583|        scalar|
|value_47_val8591  |   in|   13|     ap_none|                                                  value_47_val8591|        scalar|
|value_48_val8599  |   in|   13|     ap_none|                                                  value_48_val8599|        scalar|
|value_49_val8607  |   in|   13|     ap_none|                                                  value_49_val8607|        scalar|
|value_50_val8615  |   in|   13|     ap_none|                                                  value_50_val8615|        scalar|
|value_51_val8623  |   in|   13|     ap_none|                                                  value_51_val8623|        scalar|
|value_52_val8631  |   in|   13|     ap_none|                                                  value_52_val8631|        scalar|
|value_53_val8639  |   in|   13|     ap_none|                                                  value_53_val8639|        scalar|
|value_54_val8647  |   in|   13|     ap_none|                                                  value_54_val8647|        scalar|
|value_55_val8655  |   in|   13|     ap_none|                                                  value_55_val8655|        scalar|
|value_56_val8663  |   in|   13|     ap_none|                                                  value_56_val8663|        scalar|
|value_57_val8671  |   in|   13|     ap_none|                                                  value_57_val8671|        scalar|
|value_58_val8679  |   in|   13|     ap_none|                                                  value_58_val8679|        scalar|
|value_59_val8687  |   in|   13|     ap_none|                                                  value_59_val8687|        scalar|
|value_60_val8695  |   in|   13|     ap_none|                                                  value_60_val8695|        scalar|
|value_61_val8703  |   in|   13|     ap_none|                                                  value_61_val8703|        scalar|
|value_62_val8711  |   in|   13|     ap_none|                                                  value_62_val8711|        scalar|
|value_63_val8719  |   in|   13|     ap_none|                                                  value_63_val8719|        scalar|
+------------------+-----+-----+------------+------------------------------------------------------------------+--------------+

