================================================================
== Design Size Report
================================================================

* Total Instructions per Compilation Phase
+---------------+-----------------------------+--------------+----------------------------------------------------------------------------------------+
| Phase         | Step                        | Instructions | Description                                                                            |
+---------------+-----------------------------+--------------+----------------------------------------------------------------------------------------+
| Compile/Link  |                             |  3,948       | After all functions are compiled and linked into a single design                       |
|               |                             |              |                                                                                        |
| Unroll/Inline |                             |              | After user unroll and inline pragmas are applied                                       |
|               | (1) unroll                  | 83,973       | user unroll pragmas are applied                                                        |
|               | (2) simplification          | 33,065       | simplification of applied user unroll pragmas                                          |
|               | (3) inline                  | 33,063       | user inline pragmas are applied                                                        |
|               | (4) simplification          | 30,723       | simplification of applied user inline pragmas                                          |
|               |                             |              |                                                                                        |
| Array/Struct  |                             |              | After user array partition and struct aggregate/disaggregate pragmas are applied       |
|               | (1) array partition         | 30,723       | user array partition pragmas are applied                                               |
|               | (2) simplification          | 30,723       | simplification of applied user array partition & struct aggregate/disaggregate pragmas |
|               | (3) aggregate/disaggregate  | 30,723       | user struct aggregate/disaggregate pragmas are applied                                 |
|               | (4) array reshape           | 30,723       | apply array reshape pragmas                                                            |
|               | (5) access patterns         | 30,723       | array access pattern optmizations                                                      |
|               |                             |              |                                                                                        |
| Performance   |                             |              | After transformations are applied to meet performance pragma targets                   |
|               | (1) loop simplification     | 30,723       | loop and instruction simplification                                                    |
|               | (2) parallelization         | 30,723       | loops are unrolled or pipelined to meet performance targets                            |
|               | (3) array partition         | 30,723       | arrays are partitioned to meet performance targets                                     |
|               | (4) simplification          | 30,723       | simplification of design after performance transformations                             |
|               |                             |              |                                                                                        |
| HW Transforms |                             |              | After hardware transfomations                                                          |
|               | (1) lowering                | 31,203       | initial conversion to HW specific instructions                                         |
|               | (2) optimizations           | 31,205       | high level synthesis optimizations                                                     |
+---------------+-----------------------------+--------------+----------------------------------------------------------------------------------------+

* Instructions per Function for each Compilation Phase
+--------------------------------------+----------------------------+--------------+---------------+--------------+-------------+---------------+
| Function                             | Location                   | Compile/Link | Unroll/Inline | Array/Struct | Performance | HW Transforms |
+--------------------------------------+----------------------------+--------------+---------------+--------------+-------------+---------------+
| + myproject                          | myproject.cpp:7            | 3,948        | 30,723        | 30,723       | 30,723      | 31,205        |
|  + hept_simplified<ap_fixed<16,...   | nnet_hept_simplified.h:105 | 3,940        |               |              |             |               |
|   + pairwise_dist_sq_rbf<ap_fixe...  | nnet_hept_simplified.h:54  | 3,938        |               |              |             |               |
|      init_exp_table<config3, 1024... | nnet_hept_simplified.h:46  |  422         |               |              |             |               |
|    pairwise_dist_sq_rbf<ap_fixe...   | nnet_hept_simplified.h:54  |              | 30,718        | 30,241       | 29,821      | 29,821        |
+--------------------------------------+----------------------------+--------------+---------------+--------------+-------------+---------------+

* Design Size Message Settings
+---------------------------------------------+--------+------------------------------------------------------------------+
| Message Setting                             | Value  | Description                                                      |
+---------------------------------------------+--------+------------------------------------------------------------------+
| config_compile -design_size_maximum_warning | 100000 | Show a warning when total design instructions exceeds this value |
+---------------------------------------------+--------+------------------------------------------------------------------+


