

================================================================
== Synthesis Summary Report of 'myproject'
================================================================
+ General Information: 
    * Date:           Tue Feb 18 18:36:41 2025
    * Version:        2023.2 (Build 4023990 on Oct 11 2023)
    * Project:        myproject_prj
    * Solution:       solution1 (Vivado IP Flow Target)
    * Product family: virtexuplus
    * Target device:  xcvu13p-flga2577-2-e
    

+ Performance & Resource Estimates: 
    
    PS: '+' for module; 'o' for loop; '*' for dataflow
    +---------------------------------------------------------------+------+------+---------+--------+----------+---------+------+----------+------+----+------------+------------+-----+
    |                            Modules                            | Issue|      | Latency | Latency| Iteration|         | Trip |          |      |    |            |            |     |
    |                            & Loops                            | Type | Slack| (cycles)|  (ns)  |  Latency | Interval| Count| Pipelined| BRAM | DSP|     FF     |     LUT    | URAM|
    +---------------------------------------------------------------+------+------+---------+--------+----------+---------+------+----------+------+----+------------+------------+-----+
    |+ myproject                                                    |    II|  3.58|        0|   0.000|         -|        1|     -|       yes|     -|   -|  1626 (~0%)|  3202 (~0%)|    -|
    | + uniform_ap_fixed_16_6_5_3_0_ap_ufixed_16_0_5_3_0_config2_s  |    II|  3.58|        0|   0.000|         -|        1|     -|       yes|     -|   -|           -|  2300 (~0%)|    -|
    +---------------------------------------------------------------+------+------+---------+--------+----------+---------+------+----------+------+----+------------+------------+-----+


================================================================
== HW Interfaces
================================================================
* Other Ports
+---------------+--------+-----------+----------+
| Port          | Mode   | Direction | Bitwidth |
+---------------+--------+-----------+----------+
| layer2_out_0  | ap_vld | out       | 16       |
| layer2_out_1  | ap_vld | out       | 16       |
| layer2_out_10 | ap_vld | out       | 16       |
| layer2_out_11 | ap_vld | out       | 16       |
| layer2_out_12 | ap_vld | out       | 16       |
| layer2_out_13 | ap_vld | out       | 16       |
| layer2_out_14 | ap_vld | out       | 16       |
| layer2_out_15 | ap_vld | out       | 16       |
| layer2_out_16 | ap_vld | out       | 16       |
| layer2_out_17 | ap_vld | out       | 16       |
| layer2_out_18 | ap_vld | out       | 16       |
| layer2_out_19 | ap_vld | out       | 16       |
| layer2_out_2  | ap_vld | out       | 16       |
| layer2_out_20 | ap_vld | out       | 16       |
| layer2_out_21 | ap_vld | out       | 16       |
| layer2_out_22 | ap_vld | out       | 16       |
| layer2_out_23 | ap_vld | out       | 16       |
| layer2_out_24 | ap_vld | out       | 16       |
| layer2_out_25 | ap_vld | out       | 16       |
| layer2_out_26 | ap_vld | out       | 16       |
| layer2_out_27 | ap_vld | out       | 16       |
| layer2_out_28 | ap_vld | out       | 16       |
| layer2_out_29 | ap_vld | out       | 16       |
| layer2_out_3  | ap_vld | out       | 16       |
| layer2_out_30 | ap_vld | out       | 16       |
| layer2_out_31 | ap_vld | out       | 16       |
| layer2_out_32 | ap_vld | out       | 16       |
| layer2_out_33 | ap_vld | out       | 16       |
| layer2_out_34 | ap_vld | out       | 16       |
| layer2_out_35 | ap_vld | out       | 16       |
| layer2_out_36 | ap_vld | out       | 16       |
| layer2_out_37 | ap_vld | out       | 16       |
| layer2_out_38 | ap_vld | out       | 16       |
| layer2_out_39 | ap_vld | out       | 16       |
| layer2_out_4  | ap_vld | out       | 16       |
| layer2_out_40 | ap_vld | out       | 16       |
| layer2_out_41 | ap_vld | out       | 16       |
| layer2_out_42 | ap_vld | out       | 16       |
| layer2_out_43 | ap_vld | out       | 16       |
| layer2_out_44 | ap_vld | out       | 16       |
| layer2_out_45 | ap_vld | out       | 16       |
| layer2_out_46 | ap_vld | out       | 16       |
| layer2_out_47 | ap_vld | out       | 16       |
| layer2_out_48 | ap_vld | out       | 16       |
| layer2_out_49 | ap_vld | out       | 16       |
| layer2_out_5  | ap_vld | out       | 16       |
| layer2_out_50 | ap_vld | out       | 16       |
| layer2_out_51 | ap_vld | out       | 16       |
| layer2_out_52 | ap_vld | out       | 16       |
| layer2_out_53 | ap_vld | out       | 16       |
| layer2_out_54 | ap_vld | out       | 16       |
| layer2_out_55 | ap_vld | out       | 16       |
| layer2_out_56 | ap_vld | out       | 16       |
| layer2_out_57 | ap_vld | out       | 16       |
| layer2_out_58 | ap_vld | out       | 16       |
| layer2_out_59 | ap_vld | out       | 16       |
| layer2_out_6  | ap_vld | out       | 16       |
| layer2_out_60 | ap_vld | out       | 16       |
| layer2_out_61 | ap_vld | out       | 16       |
| layer2_out_62 | ap_vld | out       | 16       |
| layer2_out_63 | ap_vld | out       | 16       |
| layer2_out_64 | ap_vld | out       | 16       |
| layer2_out_65 | ap_vld | out       | 16       |
| layer2_out_66 | ap_vld | out       | 16       |
| layer2_out_67 | ap_vld | out       | 16       |
| layer2_out_68 | ap_vld | out       | 16       |
| layer2_out_69 | ap_vld | out       | 16       |
| layer2_out_7  | ap_vld | out       | 16       |
| layer2_out_70 | ap_vld | out       | 16       |
| layer2_out_71 | ap_vld | out       | 16       |
| layer2_out_72 | ap_vld | out       | 16       |
| layer2_out_73 | ap_vld | out       | 16       |
| layer2_out_74 | ap_vld | out       | 16       |
| layer2_out_75 | ap_vld | out       | 16       |
| layer2_out_76 | ap_vld | out       | 16       |
| layer2_out_77 | ap_vld | out       | 16       |
| layer2_out_78 | ap_vld | out       | 16       |
| layer2_out_79 | ap_vld | out       | 16       |
| layer2_out_8  | ap_vld | out       | 16       |
| layer2_out_80 | ap_vld | out       | 16       |
| layer2_out_81 | ap_vld | out       | 16       |
| layer2_out_82 | ap_vld | out       | 16       |
| layer2_out_83 | ap_vld | out       | 16       |
| layer2_out_84 | ap_vld | out       | 16       |
| layer2_out_85 | ap_vld | out       | 16       |
| layer2_out_86 | ap_vld | out       | 16       |
| layer2_out_87 | ap_vld | out       | 16       |
| layer2_out_88 | ap_vld | out       | 16       |
| layer2_out_89 | ap_vld | out       | 16       |
| layer2_out_9  | ap_vld | out       | 16       |
| layer2_out_90 | ap_vld | out       | 16       |
| layer2_out_91 | ap_vld | out       | 16       |
| layer2_out_92 | ap_vld | out       | 16       |
| layer2_out_93 | ap_vld | out       | 16       |
| layer2_out_94 | ap_vld | out       | 16       |
| layer2_out_95 | ap_vld | out       | 16       |
| layer2_out_96 | ap_vld | out       | 16       |
| layer2_out_97 | ap_vld | out       | 16       |
| layer2_out_98 | ap_vld | out       | 16       |
| layer2_out_99 | ap_vld | out       | 16       |
| x_0           | ap_vld | in        | 64       |
| x_1           | ap_vld | in        | 64       |
| x_10          | ap_vld | in        | 64       |
| x_11          | ap_vld | in        | 64       |
| x_12          | ap_vld | in        | 64       |
| x_13          | ap_vld | in        | 64       |
| x_14          | ap_vld | in        | 64       |
| x_15          | ap_vld | in        | 64       |
| x_16          | ap_vld | in        | 64       |
| x_17          | ap_vld | in        | 64       |
| x_18          | ap_vld | in        | 64       |
| x_19          | ap_vld | in        | 64       |
| x_2           | ap_vld | in        | 64       |
| x_20          | ap_vld | in        | 64       |
| x_21          | ap_vld | in        | 64       |
| x_22          | ap_vld | in        | 64       |
| x_23          | ap_vld | in        | 64       |
| x_24          | ap_vld | in        | 64       |
| x_25          | ap_vld | in        | 64       |
| x_26          | ap_vld | in        | 64       |
| x_27          | ap_vld | in        | 64       |
| x_28          | ap_vld | in        | 64       |
| x_29          | ap_vld | in        | 64       |
| x_3           | ap_vld | in        | 64       |
| x_30          | ap_vld | in        | 64       |
| x_31          | ap_vld | in        | 64       |
| x_4           | ap_vld | in        | 64       |
| x_5           | ap_vld | in        | 64       |
| x_6           | ap_vld | in        | 64       |
| x_7           | ap_vld | in        | 64       |
| x_8           | ap_vld | in        | 64       |
| x_9           | ap_vld | in        | 64       |
+---------------+--------+-----------+----------+

* TOP LEVEL CONTROL
+-----------+------------+-----------------------------------+
| Interface | Type       | Ports                             |
+-----------+------------+-----------------------------------+
| ap_clk    | clock      | ap_clk                            |
| ap_rst    | reset      | ap_rst                            |
| ap_ctrl   | ap_ctrl_hs | ap_done ap_idle ap_ready ap_start |
+-----------+------------+-----------------------------------+


================================================================
== SW I/O Information
================================================================
* Top Function Arguments
+------------+-----------+---------------------------------------+
| Argument   | Direction | Datatype                              |
+------------+-----------+---------------------------------------+
| x          | in        | ap_fixed<16, 6, AP_TRN, AP_WRAP, 0>*  |
| layer2_out | out       | ap_ufixed<16, 0, AP_TRN, AP_WRAP, 0>* |
+------------+-----------+---------------------------------------+

* SW-to-HW Mapping
+------------+----------------------+---------+
| Argument   | HW Interface         | HW Type |
+------------+----------------------+---------+
| x          | x_0                  | port    |
| x          | x_0_ap_vld           | port    |
| x          | x_1                  | port    |
| x          | x_1_ap_vld           | port    |
| x          | x_2                  | port    |
| x          | x_2_ap_vld           | port    |
| x          | x_3                  | port    |
| x          | x_3_ap_vld           | port    |
| x          | x_4                  | port    |
| x          | x_4_ap_vld           | port    |
| x          | x_5                  | port    |
| x          | x_5_ap_vld           | port    |
| x          | x_6                  | port    |
| x          | x_6_ap_vld           | port    |
| x          | x_7                  | port    |
| x          | x_7_ap_vld           | port    |
| x          | x_8                  | port    |
| x          | x_8_ap_vld           | port    |
| x          | x_9                  | port    |
| x          | x_9_ap_vld           | port    |
| x          | x_10                 | port    |
| x          | x_10_ap_vld          | port    |
| x          | x_11                 | port    |
| x          | x_11_ap_vld          | port    |
| x          | x_12                 | port    |
| x          | x_12_ap_vld          | port    |
| x          | x_13                 | port    |
| x          | x_13_ap_vld          | port    |
| x          | x_14                 | port    |
| x          | x_14_ap_vld          | port    |
| x          | x_15                 | port    |
| x          | x_15_ap_vld          | port    |
| x          | x_16                 | port    |
| x          | x_16_ap_vld          | port    |
| x          | x_17                 | port    |
| x          | x_17_ap_vld          | port    |
| x          | x_18                 | port    |
| x          | x_18_ap_vld          | port    |
| x          | x_19                 | port    |
| x          | x_19_ap_vld          | port    |
| x          | x_20                 | port    |
| x          | x_20_ap_vld          | port    |
| x          | x_21                 | port    |
| x          | x_21_ap_vld          | port    |
| x          | x_22                 | port    |
| x          | x_22_ap_vld          | port    |
| x          | x_23                 | port    |
| x          | x_23_ap_vld          | port    |
| x          | x_24                 | port    |
| x          | x_24_ap_vld          | port    |
| x          | x_25                 | port    |
| x          | x_25_ap_vld          | port    |
| x          | x_26                 | port    |
| x          | x_26_ap_vld          | port    |
| x          | x_27                 | port    |
| x          | x_27_ap_vld          | port    |
| x          | x_28                 | port    |
| x          | x_28_ap_vld          | port    |
| x          | x_29                 | port    |
| x          | x_29_ap_vld          | port    |
| x          | x_30                 | port    |
| x          | x_30_ap_vld          | port    |
| x          | x_31                 | port    |
| x          | x_31_ap_vld          | port    |
| layer2_out | layer2_out_0         | port    |
| layer2_out | layer2_out_0_ap_vld  | port    |
| layer2_out | layer2_out_1         | port    |
| layer2_out | layer2_out_1_ap_vld  | port    |
| layer2_out | layer2_out_2         | port    |
| layer2_out | layer2_out_2_ap_vld  | port    |
| layer2_out | layer2_out_3         | port    |
| layer2_out | layer2_out_3_ap_vld  | port    |
| layer2_out | layer2_out_4         | port    |
| layer2_out | layer2_out_4_ap_vld  | port    |
| layer2_out | layer2_out_5         | port    |
| layer2_out | layer2_out_5_ap_vld  | port    |
| layer2_out | layer2_out_6         | port    |
| layer2_out | layer2_out_6_ap_vld  | port    |
| layer2_out | layer2_out_7         | port    |
| layer2_out | layer2_out_7_ap_vld  | port    |
| layer2_out | layer2_out_8         | port    |
| layer2_out | layer2_out_8_ap_vld  | port    |
| layer2_out | layer2_out_9         | port    |
| layer2_out | layer2_out_9_ap_vld  | port    |
| layer2_out | layer2_out_10        | port    |
| layer2_out | layer2_out_10_ap_vld | port    |
| layer2_out | layer2_out_11        | port    |
| layer2_out | layer2_out_11_ap_vld | port    |
| layer2_out | layer2_out_12        | port    |
| layer2_out | layer2_out_12_ap_vld | port    |
| layer2_out | layer2_out_13        | port    |
| layer2_out | layer2_out_13_ap_vld | port    |
| layer2_out | layer2_out_14        | port    |
| layer2_out | layer2_out_14_ap_vld | port    |
| layer2_out | layer2_out_15        | port    |
| layer2_out | layer2_out_15_ap_vld | port    |
| layer2_out | layer2_out_16        | port    |
| layer2_out | layer2_out_16_ap_vld | port    |
| layer2_out | layer2_out_17        | port    |
| layer2_out | layer2_out_17_ap_vld | port    |
| layer2_out | layer2_out_18        | port    |
| layer2_out | layer2_out_18_ap_vld | port    |
| layer2_out | layer2_out_19        | port    |
| layer2_out | layer2_out_19_ap_vld | port    |
| layer2_out | layer2_out_20        | port    |
| layer2_out | layer2_out_20_ap_vld | port    |
| layer2_out | layer2_out_21        | port    |
| layer2_out | layer2_out_21_ap_vld | port    |
| layer2_out | layer2_out_22        | port    |
| layer2_out | layer2_out_22_ap_vld | port    |
| layer2_out | layer2_out_23        | port    |
| layer2_out | layer2_out_23_ap_vld | port    |
| layer2_out | layer2_out_24        | port    |
| layer2_out | layer2_out_24_ap_vld | port    |
| layer2_out | layer2_out_25        | port    |
| layer2_out | layer2_out_25_ap_vld | port    |
| layer2_out | layer2_out_26        | port    |
| layer2_out | layer2_out_26_ap_vld | port    |
| layer2_out | layer2_out_27        | port    |
| layer2_out | layer2_out_27_ap_vld | port    |
| layer2_out | layer2_out_28        | port    |
| layer2_out | layer2_out_28_ap_vld | port    |
| layer2_out | layer2_out_29        | port    |
| layer2_out | layer2_out_29_ap_vld | port    |
| layer2_out | layer2_out_30        | port    |
| layer2_out | layer2_out_30_ap_vld | port    |
| layer2_out | layer2_out_31        | port    |
| layer2_out | layer2_out_31_ap_vld | port    |
| layer2_out | layer2_out_32        | port    |
| layer2_out | layer2_out_32_ap_vld | port    |
| layer2_out | layer2_out_33        | port    |
| layer2_out | layer2_out_33_ap_vld | port    |
| layer2_out | layer2_out_34        | port    |
| layer2_out | layer2_out_34_ap_vld | port    |
| layer2_out | layer2_out_35        | port    |
| layer2_out | layer2_out_35_ap_vld | port    |
| layer2_out | layer2_out_36        | port    |
| layer2_out | layer2_out_36_ap_vld | port    |
| layer2_out | layer2_out_37        | port    |
| layer2_out | layer2_out_37_ap_vld | port    |
| layer2_out | layer2_out_38        | port    |
| layer2_out | layer2_out_38_ap_vld | port    |
| layer2_out | layer2_out_39        | port    |
| layer2_out | layer2_out_39_ap_vld | port    |
| layer2_out | layer2_out_40        | port    |
| layer2_out | layer2_out_40_ap_vld | port    |
| layer2_out | layer2_out_41        | port    |
| layer2_out | layer2_out_41_ap_vld | port    |
| layer2_out | layer2_out_42        | port    |
| layer2_out | layer2_out_42_ap_vld | port    |
| layer2_out | layer2_out_43        | port    |
| layer2_out | layer2_out_43_ap_vld | port    |
| layer2_out | layer2_out_44        | port    |
| layer2_out | layer2_out_44_ap_vld | port    |
| layer2_out | layer2_out_45        | port    |
| layer2_out | layer2_out_45_ap_vld | port    |
| layer2_out | layer2_out_46        | port    |
| layer2_out | layer2_out_46_ap_vld | port    |
| layer2_out | layer2_out_47        | port    |
| layer2_out | layer2_out_47_ap_vld | port    |
| layer2_out | layer2_out_48        | port    |
| layer2_out | layer2_out_48_ap_vld | port    |
| layer2_out | layer2_out_49        | port    |
| layer2_out | layer2_out_49_ap_vld | port    |
| layer2_out | layer2_out_50        | port    |
| layer2_out | layer2_out_50_ap_vld | port    |
| layer2_out | layer2_out_51        | port    |
| layer2_out | layer2_out_51_ap_vld | port    |
| layer2_out | layer2_out_52        | port    |
| layer2_out | layer2_out_52_ap_vld | port    |
| layer2_out | layer2_out_53        | port    |
| layer2_out | layer2_out_53_ap_vld | port    |
| layer2_out | layer2_out_54        | port    |
| layer2_out | layer2_out_54_ap_vld | port    |
| layer2_out | layer2_out_55        | port    |
| layer2_out | layer2_out_55_ap_vld | port    |
| layer2_out | layer2_out_56        | port    |
| layer2_out | layer2_out_56_ap_vld | port    |
| layer2_out | layer2_out_57        | port    |
| layer2_out | layer2_out_57_ap_vld | port    |
| layer2_out | layer2_out_58        | port    |
| layer2_out | layer2_out_58_ap_vld | port    |
| layer2_out | layer2_out_59        | port    |
| layer2_out | layer2_out_59_ap_vld | port    |
| layer2_out | layer2_out_60        | port    |
| layer2_out | layer2_out_60_ap_vld | port    |
| layer2_out | layer2_out_61        | port    |
| layer2_out | layer2_out_61_ap_vld | port    |
| layer2_out | layer2_out_62        | port    |
| layer2_out | layer2_out_62_ap_vld | port    |
| layer2_out | layer2_out_63        | port    |
| layer2_out | layer2_out_63_ap_vld | port    |
| layer2_out | layer2_out_64        | port    |
| layer2_out | layer2_out_64_ap_vld | port    |
| layer2_out | layer2_out_65        | port    |
| layer2_out | layer2_out_65_ap_vld | port    |
| layer2_out | layer2_out_66        | port    |
| layer2_out | layer2_out_66_ap_vld | port    |
| layer2_out | layer2_out_67        | port    |
| layer2_out | layer2_out_67_ap_vld | port    |
| layer2_out | layer2_out_68        | port    |
| layer2_out | layer2_out_68_ap_vld | port    |
| layer2_out | layer2_out_69        | port    |
| layer2_out | layer2_out_69_ap_vld | port    |
| layer2_out | layer2_out_70        | port    |
| layer2_out | layer2_out_70_ap_vld | port    |
| layer2_out | layer2_out_71        | port    |
| layer2_out | layer2_out_71_ap_vld | port    |
| layer2_out | layer2_out_72        | port    |
| layer2_out | layer2_out_72_ap_vld | port    |
| layer2_out | layer2_out_73        | port    |
| layer2_out | layer2_out_73_ap_vld | port    |
| layer2_out | layer2_out_74        | port    |
| layer2_out | layer2_out_74_ap_vld | port    |
| layer2_out | layer2_out_75        | port    |
| layer2_out | layer2_out_75_ap_vld | port    |
| layer2_out | layer2_out_76        | port    |
| layer2_out | layer2_out_76_ap_vld | port    |
| layer2_out | layer2_out_77        | port    |
| layer2_out | layer2_out_77_ap_vld | port    |
| layer2_out | layer2_out_78        | port    |
| layer2_out | layer2_out_78_ap_vld | port    |
| layer2_out | layer2_out_79        | port    |
| layer2_out | layer2_out_79_ap_vld | port    |
| layer2_out | layer2_out_80        | port    |
| layer2_out | layer2_out_80_ap_vld | port    |
| layer2_out | layer2_out_81        | port    |
| layer2_out | layer2_out_81_ap_vld | port    |
| layer2_out | layer2_out_82        | port    |
| layer2_out | layer2_out_82_ap_vld | port    |
| layer2_out | layer2_out_83        | port    |
| layer2_out | layer2_out_83_ap_vld | port    |
| layer2_out | layer2_out_84        | port    |
| layer2_out | layer2_out_84_ap_vld | port    |
| layer2_out | layer2_out_85        | port    |
| layer2_out | layer2_out_85_ap_vld | port    |
| layer2_out | layer2_out_86        | port    |
| layer2_out | layer2_out_86_ap_vld | port    |
| layer2_out | layer2_out_87        | port    |
| layer2_out | layer2_out_87_ap_vld | port    |
| layer2_out | layer2_out_88        | port    |
| layer2_out | layer2_out_88_ap_vld | port    |
| layer2_out | layer2_out_89        | port    |
| layer2_out | layer2_out_89_ap_vld | port    |
| layer2_out | layer2_out_90        | port    |
| layer2_out | layer2_out_90_ap_vld | port    |
| layer2_out | layer2_out_91        | port    |
| layer2_out | layer2_out_91_ap_vld | port    |
| layer2_out | layer2_out_92        | port    |
| layer2_out | layer2_out_92_ap_vld | port    |
| layer2_out | layer2_out_93        | port    |
| layer2_out | layer2_out_93_ap_vld | port    |
| layer2_out | layer2_out_94        | port    |
| layer2_out | layer2_out_94_ap_vld | port    |
| layer2_out | layer2_out_95        | port    |
| layer2_out | layer2_out_95_ap_vld | port    |
| layer2_out | layer2_out_96        | port    |
| layer2_out | layer2_out_96_ap_vld | port    |
| layer2_out | layer2_out_97        | port    |
| layer2_out | layer2_out_97_ap_vld | port    |
| layer2_out | layer2_out_98        | port    |
| layer2_out | layer2_out_98_ap_vld | port    |
| layer2_out | layer2_out_99        | port    |
| layer2_out | layer2_out_99_ap_vld | port    |
+------------+----------------------+---------+


================================================================
== Bind Op Report
================================================================
+---------------------------------------------------------------+-----+--------+-------------+-----+--------+---------+
| Name                                                          | DSP | Pragma | Variable    | Op  | Impl   | Latency |
+---------------------------------------------------------------+-----+--------+-------------+-----+--------+---------+
| + myproject                                                   | 0   |        |             |     |        |         |
|  + uniform_ap_fixed_16_6_5_3_0_ap_ufixed_16_0_5_3_0_config2_s | 0   |        |             |     |        |         |
|    add_ln91_fu_434_p2                                         |     |        | add_ln91    | add | fabric | 0       |
|    add_ln91_1_fu_458_p2                                       |     |        | add_ln91_1  | add | fabric | 0       |
|    add_ln91_2_fu_482_p2                                       |     |        | add_ln91_2  | add | fabric | 0       |
|    add_ln91_3_fu_506_p2                                       |     |        | add_ln91_3  | add | fabric | 0       |
|    add_ln91_4_fu_524_p2                                       |     |        | add_ln91_4  | add | fabric | 0       |
|    add_ln91_5_fu_548_p2                                       |     |        | add_ln91_5  | add | fabric | 0       |
|    add_ln91_6_fu_572_p2                                       |     |        | add_ln91_6  | add | fabric | 0       |
|    add_ln91_7_fu_596_p2                                       |     |        | add_ln91_7  | add | fabric | 0       |
|    add_ln91_8_fu_614_p2                                       |     |        | add_ln91_8  | add | fabric | 0       |
|    add_ln91_9_fu_638_p2                                       |     |        | add_ln91_9  | add | fabric | 0       |
|    add_ln91_10_fu_662_p2                                      |     |        | add_ln91_10 | add | fabric | 0       |
|    add_ln91_11_fu_686_p2                                      |     |        | add_ln91_11 | add | fabric | 0       |
|    add_ln91_12_fu_704_p2                                      |     |        | add_ln91_12 | add | fabric | 0       |
|    add_ln91_13_fu_728_p2                                      |     |        | add_ln91_13 | add | fabric | 0       |
|    add_ln91_14_fu_752_p2                                      |     |        | add_ln91_14 | add | fabric | 0       |
|    add_ln91_15_fu_776_p2                                      |     |        | add_ln91_15 | add | fabric | 0       |
|    add_ln91_16_fu_794_p2                                      |     |        | add_ln91_16 | add | fabric | 0       |
|    add_ln91_17_fu_818_p2                                      |     |        | add_ln91_17 | add | fabric | 0       |
|    add_ln91_18_fu_842_p2                                      |     |        | add_ln91_18 | add | fabric | 0       |
|    add_ln91_19_fu_866_p2                                      |     |        | add_ln91_19 | add | fabric | 0       |
|    add_ln91_20_fu_884_p2                                      |     |        | add_ln91_20 | add | fabric | 0       |
|    add_ln91_21_fu_908_p2                                      |     |        | add_ln91_21 | add | fabric | 0       |
|    add_ln91_22_fu_932_p2                                      |     |        | add_ln91_22 | add | fabric | 0       |
|    add_ln91_23_fu_956_p2                                      |     |        | add_ln91_23 | add | fabric | 0       |
|    add_ln91_24_fu_974_p2                                      |     |        | add_ln91_24 | add | fabric | 0       |
|    add_ln91_25_fu_998_p2                                      |     |        | add_ln91_25 | add | fabric | 0       |
|    add_ln91_26_fu_1022_p2                                     |     |        | add_ln91_26 | add | fabric | 0       |
|    add_ln91_27_fu_1046_p2                                     |     |        | add_ln91_27 | add | fabric | 0       |
|    add_ln91_28_fu_1064_p2                                     |     |        | add_ln91_28 | add | fabric | 0       |
|    add_ln91_29_fu_1088_p2                                     |     |        | add_ln91_29 | add | fabric | 0       |
|    add_ln91_30_fu_1112_p2                                     |     |        | add_ln91_30 | add | fabric | 0       |
|    add_ln91_31_fu_1136_p2                                     |     |        | add_ln91_31 | add | fabric | 0       |
|    add_ln91_32_fu_1154_p2                                     |     |        | add_ln91_32 | add | fabric | 0       |
|    add_ln91_33_fu_1178_p2                                     |     |        | add_ln91_33 | add | fabric | 0       |
|    add_ln91_34_fu_1202_p2                                     |     |        | add_ln91_34 | add | fabric | 0       |
|    add_ln91_35_fu_1226_p2                                     |     |        | add_ln91_35 | add | fabric | 0       |
|    add_ln91_36_fu_1244_p2                                     |     |        | add_ln91_36 | add | fabric | 0       |
|    add_ln91_37_fu_1268_p2                                     |     |        | add_ln91_37 | add | fabric | 0       |
|    add_ln91_38_fu_1292_p2                                     |     |        | add_ln91_38 | add | fabric | 0       |
|    add_ln91_39_fu_1316_p2                                     |     |        | add_ln91_39 | add | fabric | 0       |
|    add_ln91_40_fu_1334_p2                                     |     |        | add_ln91_40 | add | fabric | 0       |
|    add_ln91_41_fu_1358_p2                                     |     |        | add_ln91_41 | add | fabric | 0       |
|    add_ln91_42_fu_1382_p2                                     |     |        | add_ln91_42 | add | fabric | 0       |
|    add_ln91_43_fu_1406_p2                                     |     |        | add_ln91_43 | add | fabric | 0       |
|    add_ln91_44_fu_1424_p2                                     |     |        | add_ln91_44 | add | fabric | 0       |
|    add_ln91_45_fu_1448_p2                                     |     |        | add_ln91_45 | add | fabric | 0       |
|    add_ln91_46_fu_1472_p2                                     |     |        | add_ln91_46 | add | fabric | 0       |
|    add_ln91_47_fu_1496_p2                                     |     |        | add_ln91_47 | add | fabric | 0       |
|    add_ln91_48_fu_1514_p2                                     |     |        | add_ln91_48 | add | fabric | 0       |
|    add_ln91_49_fu_1538_p2                                     |     |        | add_ln91_49 | add | fabric | 0       |
|    add_ln91_50_fu_1562_p2                                     |     |        | add_ln91_50 | add | fabric | 0       |
|    add_ln91_51_fu_1586_p2                                     |     |        | add_ln91_51 | add | fabric | 0       |
|    add_ln91_52_fu_1604_p2                                     |     |        | add_ln91_52 | add | fabric | 0       |
|    add_ln91_53_fu_1628_p2                                     |     |        | add_ln91_53 | add | fabric | 0       |
|    add_ln91_54_fu_1652_p2                                     |     |        | add_ln91_54 | add | fabric | 0       |
|    add_ln91_55_fu_1676_p2                                     |     |        | add_ln91_55 | add | fabric | 0       |
|    add_ln91_56_fu_1694_p2                                     |     |        | add_ln91_56 | add | fabric | 0       |
|    add_ln91_57_fu_1718_p2                                     |     |        | add_ln91_57 | add | fabric | 0       |
|    add_ln91_58_fu_1742_p2                                     |     |        | add_ln91_58 | add | fabric | 0       |
|    add_ln91_59_fu_1766_p2                                     |     |        | add_ln91_59 | add | fabric | 0       |
|    add_ln91_60_fu_1784_p2                                     |     |        | add_ln91_60 | add | fabric | 0       |
|    add_ln91_61_fu_1808_p2                                     |     |        | add_ln91_61 | add | fabric | 0       |
|    add_ln91_62_fu_1832_p2                                     |     |        | add_ln91_62 | add | fabric | 0       |
|    add_ln91_63_fu_1856_p2                                     |     |        | add_ln91_63 | add | fabric | 0       |
|    add_ln91_64_fu_1874_p2                                     |     |        | add_ln91_64 | add | fabric | 0       |
|    add_ln91_65_fu_1898_p2                                     |     |        | add_ln91_65 | add | fabric | 0       |
|    add_ln91_66_fu_1922_p2                                     |     |        | add_ln91_66 | add | fabric | 0       |
|    add_ln91_67_fu_1946_p2                                     |     |        | add_ln91_67 | add | fabric | 0       |
|    add_ln91_68_fu_1964_p2                                     |     |        | add_ln91_68 | add | fabric | 0       |
|    add_ln91_69_fu_1988_p2                                     |     |        | add_ln91_69 | add | fabric | 0       |
|    add_ln91_70_fu_2012_p2                                     |     |        | add_ln91_70 | add | fabric | 0       |
|    add_ln91_71_fu_2036_p2                                     |     |        | add_ln91_71 | add | fabric | 0       |
|    add_ln91_72_fu_2054_p2                                     |     |        | add_ln91_72 | add | fabric | 0       |
|    add_ln91_73_fu_2078_p2                                     |     |        | add_ln91_73 | add | fabric | 0       |
|    add_ln91_74_fu_2102_p2                                     |     |        | add_ln91_74 | add | fabric | 0       |
|    add_ln91_75_fu_2126_p2                                     |     |        | add_ln91_75 | add | fabric | 0       |
|    add_ln91_76_fu_2144_p2                                     |     |        | add_ln91_76 | add | fabric | 0       |
|    add_ln91_77_fu_2168_p2                                     |     |        | add_ln91_77 | add | fabric | 0       |
|    add_ln91_78_fu_2192_p2                                     |     |        | add_ln91_78 | add | fabric | 0       |
|    add_ln91_79_fu_2216_p2                                     |     |        | add_ln91_79 | add | fabric | 0       |
|    add_ln91_80_fu_2234_p2                                     |     |        | add_ln91_80 | add | fabric | 0       |
|    add_ln91_81_fu_2258_p2                                     |     |        | add_ln91_81 | add | fabric | 0       |
|    add_ln91_82_fu_2282_p2                                     |     |        | add_ln91_82 | add | fabric | 0       |
|    add_ln91_83_fu_2306_p2                                     |     |        | add_ln91_83 | add | fabric | 0       |
|    add_ln91_84_fu_2324_p2                                     |     |        | add_ln91_84 | add | fabric | 0       |
|    add_ln91_85_fu_2348_p2                                     |     |        | add_ln91_85 | add | fabric | 0       |
|    add_ln91_86_fu_2372_p2                                     |     |        | add_ln91_86 | add | fabric | 0       |
|    add_ln91_87_fu_2396_p2                                     |     |        | add_ln91_87 | add | fabric | 0       |
|    add_ln91_88_fu_2414_p2                                     |     |        | add_ln91_88 | add | fabric | 0       |
|    add_ln91_89_fu_2438_p2                                     |     |        | add_ln91_89 | add | fabric | 0       |
|    add_ln91_90_fu_2462_p2                                     |     |        | add_ln91_90 | add | fabric | 0       |
|    add_ln91_91_fu_2486_p2                                     |     |        | add_ln91_91 | add | fabric | 0       |
|    add_ln91_92_fu_2504_p2                                     |     |        | add_ln91_92 | add | fabric | 0       |
|    add_ln91_93_fu_2528_p2                                     |     |        | add_ln91_93 | add | fabric | 0       |
|    add_ln91_94_fu_2552_p2                                     |     |        | add_ln91_94 | add | fabric | 0       |
|    add_ln91_95_fu_2576_p2                                     |     |        | add_ln91_95 | add | fabric | 0       |
|    add_ln91_96_fu_2594_p2                                     |     |        | add_ln91_96 | add | fabric | 0       |
|    add_ln91_97_fu_2618_p2                                     |     |        | add_ln91_97 | add | fabric | 0       |
|    add_ln91_98_fu_2642_p2                                     |     |        | add_ln91_98 | add | fabric | 0       |
|    add_ln91_99_fu_2666_p2                                     |     |        | add_ln91_99 | add | fabric | 0       |
+---------------------------------------------------------------+-----+--------+-------------+-----+--------+---------+


================================================================
== Storage Report
================================================================
  No bind storage info in design

================================================================
== Pragma Report
================================================================
* Valid Pragma Syntax
+----------------------+-----------------------------------------------------------------------+-----------------------------------------------------------------------------------------------+
| Type                 | Options                                                               | Location                                                                                      |
+----------------------+-----------------------------------------------------------------------+-----------------------------------------------------------------------------------------------+
| array_reshape        | variable=x complete dim=0                                             | firmware/myproject.cpp:13 in myproject, x                                                     |
| array_partition      | variable=layer2_out complete dim=0                                    | firmware/myproject.cpp:14 in myproject, layer2_out                                            |
| interface            | ap_vld port=x,layer2_out                                              | firmware/myproject.cpp:15 in myproject, x,layer2_out                                          |
| pipeline             |                                                                       | firmware/myproject.cpp:16 in myproject                                                        |
| array_partition      | variable=data_buf complete dim=0                                      | firmware/nnet_utils/nnet_conv1d_latency.h:19 in conv_1d_latency_cl, data_buf                  |
| array_partition      | variable=mult complete                                                | firmware/nnet_utils/nnet_conv1d_latency.h:22 in conv_1d_latency_cl, mult                      |
| array_partition      | variable=acc complete                                                 | firmware/nnet_utils/nnet_conv1d_latency.h:25 in conv_1d_latency_cl, acc                       |
| array_partition      | variable=weights complete                                             | firmware/nnet_utils/nnet_conv1d_latency.h:27 in conv_1d_latency_cl, weights                   |
| array_partition      | variable=biases complete                                              | firmware/nnet_utils/nnet_conv1d_latency.h:28 in conv_1d_latency_cl, biases                    |
| allocation           | operation instances=mul limit=CONFIG_T::mult_config::multiplier_limit | firmware/nnet_utils/nnet_conv1d_latency.h:31 in conv_1d_latency_cl                            |
| pipeline             | II=CONFIG_T::reuse_factor rewind                                      | firmware/nnet_utils/nnet_conv1d_latency.h:35 in conv_1d_latency_cl                            |
| unroll               |                                                                       | firmware/nnet_utils/nnet_conv1d_latency.h:41 in conv_1d_latency_cl                            |
| unroll               |                                                                       | firmware/nnet_utils/nnet_conv1d_latency.h:48 in conv_1d_latency_cl                            |
| unroll               |                                                                       | firmware/nnet_utils/nnet_conv1d_latency.h:52 in conv_1d_latency_cl                            |
| unroll               |                                                                       | firmware/nnet_utils/nnet_conv1d_latency.h:62 in conv_1d_latency_cl                            |
| unroll               |                                                                       | firmware/nnet_utils/nnet_conv1d_latency.h:69 in conv_1d_latency_cl                            |
| unroll               |                                                                       | firmware/nnet_utils/nnet_conv1d_latency.h:72 in conv_1d_latency_cl                            |
| unroll               |                                                                       | firmware/nnet_utils/nnet_conv1d_latency.h:80 in conv_1d_latency_cl                            |
| array_partition      | variable=mult complete dim=0                                          | firmware/nnet_utils/nnet_conv1d_latency.h:97 in pointwise_conv_1d_latency_cl, mult            |
| array_partition      | variable=acc complete dim=0                                           | firmware/nnet_utils/nnet_conv1d_latency.h:98 in pointwise_conv_1d_latency_cl, acc             |
| function_instantiate | variable=weights,biases                                               | firmware/nnet_utils/nnet_conv1d_latency.h:101 in pointwise_conv_1d_latency_cl, weights,biases |
| pipeline             | II=CONFIG_T::reuse_factor                                             | firmware/nnet_utils/nnet_conv1d_latency.h:104 in pointwise_conv_1d_latency_cl                 |
| array_partition      | variable=weights complete dim=0                                       | firmware/nnet_utils/nnet_conv1d_latency.h:105 in pointwise_conv_1d_latency_cl, weights        |
| array_partition      | variable=biases complete dim=0                                        | firmware/nnet_utils/nnet_conv1d_latency.h:106 in pointwise_conv_1d_latency_cl, biases         |
| allocation           | operation instances=mul limit=CONFIG_T::mult_config::multiplier_limit | firmware/nnet_utils/nnet_conv1d_latency.h:109 in pointwise_conv_1d_latency_cl                 |
| unroll               |                                                                       | firmware/nnet_utils/nnet_conv1d_latency.h:118 in pointwise_conv_1d_latency_cl                 |
| unroll               |                                                                       | firmware/nnet_utils/nnet_conv1d_latency.h:137 in pointwise_conv_1d_latency_cl                 |
| unroll               |                                                                       | firmware/nnet_utils/nnet_conv1d_latency.h:159 in pointwise_conv_1d_latency_cl                 |
| inline               |                                                                       | firmware/nnet_utils/nnet_math.h:42 in sincos_lut                                              |
| inline               |                                                                       | firmware/nnet_utils/nnet_math.h:161 in sin_lut                                                |
| inline               |                                                                       | firmware/nnet_utils/nnet_math.h:169 in cos_lut                                                |
| inline               |                                                                       | firmware/nnet_utils/nnet_mult.h:25 in product                                                 |
| inline               |                                                                       | firmware/nnet_utils/nnet_mult.h:34 in product                                                 |
| inline               |                                                                       | firmware/nnet_utils/nnet_mult.h:46 in product                                                 |
| inline               |                                                                       | firmware/nnet_utils/nnet_mult.h:58 in product                                                 |
| inline               |                                                                       | firmware/nnet_utils/nnet_mult.h:72 in product                                                 |
| inline               |                                                                       | firmware/nnet_utils/nnet_mult.h:82 in product                                                 |
| array_partition      | variable=lfsrs complete                                               | firmware/nnet_utils/nnet_random.h:75 in uniform, lfsrs                                        |
| array_partition      | variable=res type=block factor=32                                     | firmware/nnet_utils/nnet_random.h:76 in uniform, res                                          |
| array_partition      | variable=input type=block factor=32                                   | firmware/nnet_utils/nnet_random.h:77 in uniform, input                                        |
| unroll               |                                                                       | firmware/nnet_utils/nnet_random.h:83 in uniform                                               |
| pipeline             |                                                                       | firmware/nnet_utils/nnet_random.h:89 in uniform                                               |
| unroll               |                                                                       | firmware/nnet_utils/nnet_types.h:28 in operator=                                              |
+----------------------+-----------------------------------------------------------------------+-----------------------------------------------------------------------------------------------+


