

================================================================
== Vitis HLS Report for 'myproject'
================================================================
* Date:           Tue Feb 18 18:36:40 2025

* Version:        2023.2 (Build 4023990 on Oct 11 2023)
* Project:        myproject_prj
* Solution:       solution1 (Vivado IP Flow Target)
* Product family: virtexuplus
* Target device:  xcvu13p-flga2577-2-e


================================================================
== Performance Estimates
================================================================
+ Timing: 
    * Summary: 
    +--------+---------+----------+------------+
    |  Clock |  Target | Estimated| Uncertainty|
    +--------+---------+----------+------------+
    |ap_clk  |  5.00 ns|  0.785 ns|     0.62 ns|
    +--------+---------+----------+------------+

+ Latency: 
    * Summary: 
    +---------+---------+----------+----------+-----+-----+---------+
    |  Latency (cycles) |  Latency (absolute) |  Interval | Pipeline|
    |   min   |   max   |    min   |    max   | min | max |   Type  |
    +---------+---------+----------+----------+-----+-----+---------+
    |        0|        0|      0 ns|      0 ns|    1|    1|      yes|
    +---------+---------+----------+----------+-----+-----+---------+

    + Detail: 
        * Instance: 
        +-----------------------------------------------------------------------------+------------------------------------------------------------+---------+---------+----------+----------+-----+-----+---------+
        |                                                                             |                                                            |  Latency (cycles) |  Latency (absolute) |  Interval | Pipeline|
        |                                   Instance                                  |                           Module                           |   min   |   max   |    min   |    max   | min | max |   Type  |
        +-----------------------------------------------------------------------------+------------------------------------------------------------+---------+---------+----------+----------+-----+-----+---------+
        |call_ret_uniform_ap_fixed_16_6_5_3_0_ap_ufixed_16_0_5_3_0_config2_s_fu_1138  |uniform_ap_fixed_16_6_5_3_0_ap_ufixed_16_0_5_3_0_config2_s  |        0|        0|      0 ns|      0 ns|    1|    1|      yes|
        +-----------------------------------------------------------------------------+------------------------------------------------------------+---------+---------+----------+----------+-----+-----+---------+

        * Loop: 
        N/A



================================================================
== Utilization Estimates
================================================================
* Summary: 
+---------------------+---------+-------+---------+---------+------+
|         Name        | BRAM_18K|  DSP  |    FF   |   LUT   | URAM |
+---------------------+---------+-------+---------+---------+------+
|DSP                  |        -|      -|        -|        -|     -|
|Expression           |        -|      -|        0|        2|     -|
|FIFO                 |        -|      -|        -|        -|     -|
|Instance             |        -|      -|        0|     2300|     -|
|Memory               |        -|      -|        -|        -|     -|
|Multiplexer          |        -|      -|        -|      900|     -|
|Register             |        -|      -|     1626|        -|     -|
+---------------------+---------+-------+---------+---------+------+
|Total                |        0|      0|     1626|     3202|     0|
+---------------------+---------+-------+---------+---------+------+
|Available SLR        |     1344|   3072|   864000|   432000|   320|
+---------------------+---------+-------+---------+---------+------+
|Utilization SLR (%)  |        0|      0|       ~0|       ~0|     0|
+---------------------+---------+-------+---------+---------+------+
|Available            |     5376|  12288|  3456000|  1728000|  1280|
+---------------------+---------+-------+---------+---------+------+
|Utilization (%)      |        0|      0|       ~0|       ~0|     0|
+---------------------+---------+-------+---------+---------+------+

+ Detail: 
    * Instance: 
    +-----------------------------------------------------------------------------+------------------------------------------------------------+---------+----+---+------+-----+
    |                                   Instance                                  |                           Module                           | BRAM_18K| DSP| FF|  LUT | URAM|
    +-----------------------------------------------------------------------------+------------------------------------------------------------+---------+----+---+------+-----+
    |call_ret_uniform_ap_fixed_16_6_5_3_0_ap_ufixed_16_0_5_3_0_config2_s_fu_1138  |uniform_ap_fixed_16_6_5_3_0_ap_ufixed_16_0_5_3_0_config2_s  |        0|   0|  0|  2300|    0|
    +-----------------------------------------------------------------------------+------------------------------------------------------------+---------+----+---+------+-----+
    |Total                                                                        |                                                            |        0|   0|  0|  2300|    0|
    +-----------------------------------------------------------------------------+------------------------------------------------------------+---------+----+---+------+-----+

    * DSP: 
    N/A

    * Memory: 
    N/A

    * FIFO: 
    N/A

    * Expression: 
    +-----------------+----------+----+---+----+------------+------------+
    |  Variable Name  | Operation| DSP| FF| LUT| Bitwidth P0| Bitwidth P1|
    +-----------------+----------+----+---+----+------------+------------+
    |ap_block_state1  |        or|   0|  0|   2|           1|           1|
    +-----------------+----------+----+---+----+------------+------------+
    |Total            |          |   0|  0|   2|           1|           1|
    +-----------------+----------+----+---+----+------------+------------+

    * Multiplexer: 
    +--------------------+----+-----------+-----+-----------+
    |        Name        | LUT| Input Size| Bits| Total Bits|
    +--------------------+----+-----------+-----+-----------+
    |x_0_ap_vld_in_sig   |   9|          2|    1|          2|
    |x_0_ap_vld_preg     |   9|          2|    1|          2|
    |x_0_blk_n           |   9|          2|    1|          2|
    |x_0_in_sig          |   9|          2|   64|        128|
    |x_10_ap_vld_in_sig  |   9|          2|    1|          2|
    |x_10_ap_vld_preg    |   9|          2|    1|          2|
    |x_10_blk_n          |   9|          2|    1|          2|
    |x_10_in_sig         |   9|          2|   64|        128|
    |x_11_ap_vld_in_sig  |   9|          2|    1|          2|
    |x_11_ap_vld_preg    |   9|          2|    1|          2|
    |x_11_blk_n          |   9|          2|    1|          2|
    |x_11_in_sig         |   9|          2|   64|        128|
    |x_12_ap_vld_in_sig  |   9|          2|    1|          2|
    |x_12_ap_vld_preg    |   9|          2|    1|          2|
    |x_12_blk_n          |   9|          2|    1|          2|
    |x_12_in_sig         |   9|          2|   64|        128|
    |x_13_ap_vld_in_sig  |   9|          2|    1|          2|
    |x_13_ap_vld_preg    |   9|          2|    1|          2|
    |x_13_blk_n          |   9|          2|    1|          2|
    |x_13_in_sig         |   9|          2|   64|        128|
    |x_14_ap_vld_in_sig  |   9|          2|    1|          2|
    |x_14_ap_vld_preg    |   9|          2|    1|          2|
    |x_14_blk_n          |   9|          2|    1|          2|
    |x_14_in_sig         |   9|          2|   64|        128|
    |x_15_ap_vld_in_sig  |   9|          2|    1|          2|
    |x_15_ap_vld_preg    |   9|          2|    1|          2|
    |x_15_blk_n          |   9|          2|    1|          2|
    |x_15_in_sig         |   9|          2|   64|        128|
    |x_16_ap_vld_in_sig  |   9|          2|    1|          2|
    |x_16_ap_vld_preg    |   9|          2|    1|          2|
    |x_16_blk_n          |   9|          2|    1|          2|
    |x_16_in_sig         |   9|          2|   64|        128|
    |x_17_ap_vld_in_sig  |   9|          2|    1|          2|
    |x_17_ap_vld_preg    |   9|          2|    1|          2|
    |x_17_blk_n          |   9|          2|    1|          2|
    |x_17_in_sig         |   9|          2|   64|        128|
    |x_18_ap_vld_in_sig  |   9|          2|    1|          2|
    |x_18_ap_vld_preg    |   9|          2|    1|          2|
    |x_18_blk_n          |   9|          2|    1|          2|
    |x_18_in_sig         |   9|          2|   64|        128|
    |x_19_ap_vld_in_sig  |   9|          2|    1|          2|
    |x_19_ap_vld_preg    |   9|          2|    1|          2|
    |x_19_blk_n          |   9|          2|    1|          2|
    |x_19_in_sig         |   9|          2|   64|        128|
    |x_1_ap_vld_in_sig   |   9|          2|    1|          2|
    |x_1_ap_vld_preg     |   9|          2|    1|          2|
    |x_1_blk_n           |   9|          2|    1|          2|
    |x_1_in_sig          |   9|          2|   64|        128|
    |x_20_ap_vld_in_sig  |   9|          2|    1|          2|
    |x_20_ap_vld_preg    |   9|          2|    1|          2|
    |x_20_blk_n          |   9|          2|    1|          2|
    |x_20_in_sig         |   9|          2|   64|        128|
    |x_21_ap_vld_in_sig  |   9|          2|    1|          2|
    |x_21_ap_vld_preg    |   9|          2|    1|          2|
    |x_21_blk_n          |   9|          2|    1|          2|
    |x_21_in_sig         |   9|          2|   64|        128|
    |x_22_ap_vld_in_sig  |   9|          2|    1|          2|
    |x_22_ap_vld_preg    |   9|          2|    1|          2|
    |x_22_blk_n          |   9|          2|    1|          2|
    |x_22_in_sig         |   9|          2|   64|        128|
    |x_23_ap_vld_in_sig  |   9|          2|    1|          2|
    |x_23_ap_vld_preg    |   9|          2|    1|          2|
    |x_23_blk_n          |   9|          2|    1|          2|
    |x_23_in_sig         |   9|          2|   64|        128|
    |x_24_ap_vld_in_sig  |   9|          2|    1|          2|
    |x_24_ap_vld_preg    |   9|          2|    1|          2|
    |x_24_blk_n          |   9|          2|    1|          2|
    |x_24_in_sig         |   9|          2|   64|        128|
    |x_2_ap_vld_in_sig   |   9|          2|    1|          2|
    |x_2_ap_vld_preg     |   9|          2|    1|          2|
    |x_2_blk_n           |   9|          2|    1|          2|
    |x_2_in_sig          |   9|          2|   64|        128|
    |x_3_ap_vld_in_sig   |   9|          2|    1|          2|
    |x_3_ap_vld_preg     |   9|          2|    1|          2|
    |x_3_blk_n           |   9|          2|    1|          2|
    |x_3_in_sig          |   9|          2|   64|        128|
    |x_4_ap_vld_in_sig   |   9|          2|    1|          2|
    |x_4_ap_vld_preg     |   9|          2|    1|          2|
    |x_4_blk_n           |   9|          2|    1|          2|
    |x_4_in_sig          |   9|          2|   64|        128|
    |x_5_ap_vld_in_sig   |   9|          2|    1|          2|
    |x_5_ap_vld_preg     |   9|          2|    1|          2|
    |x_5_blk_n           |   9|          2|    1|          2|
    |x_5_in_sig          |   9|          2|   64|        128|
    |x_6_ap_vld_in_sig   |   9|          2|    1|          2|
    |x_6_ap_vld_preg     |   9|          2|    1|          2|
    |x_6_blk_n           |   9|          2|    1|          2|
    |x_6_in_sig          |   9|          2|   64|        128|
    |x_7_ap_vld_in_sig   |   9|          2|    1|          2|
    |x_7_ap_vld_preg     |   9|          2|    1|          2|
    |x_7_blk_n           |   9|          2|    1|          2|
    |x_7_in_sig          |   9|          2|   64|        128|
    |x_8_ap_vld_in_sig   |   9|          2|    1|          2|
    |x_8_ap_vld_preg     |   9|          2|    1|          2|
    |x_8_blk_n           |   9|          2|    1|          2|
    |x_8_in_sig          |   9|          2|   64|        128|
    |x_9_ap_vld_in_sig   |   9|          2|    1|          2|
    |x_9_ap_vld_preg     |   9|          2|    1|          2|
    |x_9_blk_n           |   9|          2|    1|          2|
    |x_9_in_sig          |   9|          2|   64|        128|
    +--------------------+----+-----------+-----+-----------+
    |Total               | 900|        200| 1675|       3350|
    +--------------------+----+-----------+-----+-----------+

    * Register: 
    +------------------+----+----+-----+-----------+
    |       Name       | FF | LUT| Bits| Const Bits|
    +------------------+----+----+-----+-----------+
    |ap_CS_fsm         |   1|   0|    1|          0|
    |x_0_ap_vld_preg   |   1|   0|    1|          0|
    |x_0_preg          |  64|   0|   64|          0|
    |x_10_ap_vld_preg  |   1|   0|    1|          0|
    |x_10_preg         |  64|   0|   64|          0|
    |x_11_ap_vld_preg  |   1|   0|    1|          0|
    |x_11_preg         |  64|   0|   64|          0|
    |x_12_ap_vld_preg  |   1|   0|    1|          0|
    |x_12_preg         |  64|   0|   64|          0|
    |x_13_ap_vld_preg  |   1|   0|    1|          0|
    |x_13_preg         |  64|   0|   64|          0|
    |x_14_ap_vld_preg  |   1|   0|    1|          0|
    |x_14_preg         |  64|   0|   64|          0|
    |x_15_ap_vld_preg  |   1|   0|    1|          0|
    |x_15_preg         |  64|   0|   64|          0|
    |x_16_ap_vld_preg  |   1|   0|    1|          0|
    |x_16_preg         |  64|   0|   64|          0|
    |x_17_ap_vld_preg  |   1|   0|    1|          0|
    |x_17_preg         |  64|   0|   64|          0|
    |x_18_ap_vld_preg  |   1|   0|    1|          0|
    |x_18_preg         |  64|   0|   64|          0|
    |x_19_ap_vld_preg  |   1|   0|    1|          0|
    |x_19_preg         |  64|   0|   64|          0|
    |x_1_ap_vld_preg   |   1|   0|    1|          0|
    |x_1_preg          |  64|   0|   64|          0|
    |x_20_ap_vld_preg  |   1|   0|    1|          0|
    |x_20_preg         |  64|   0|   64|          0|
    |x_21_ap_vld_preg  |   1|   0|    1|          0|
    |x_21_preg         |  64|   0|   64|          0|
    |x_22_ap_vld_preg  |   1|   0|    1|          0|
    |x_22_preg         |  64|   0|   64|          0|
    |x_23_ap_vld_preg  |   1|   0|    1|          0|
    |x_23_preg         |  64|   0|   64|          0|
    |x_24_ap_vld_preg  |   1|   0|    1|          0|
    |x_24_preg         |  64|   0|   64|          0|
    |x_2_ap_vld_preg   |   1|   0|    1|          0|
    |x_2_preg          |  64|   0|   64|          0|
    |x_3_ap_vld_preg   |   1|   0|    1|          0|
    |x_3_preg          |  64|   0|   64|          0|
    |x_4_ap_vld_preg   |   1|   0|    1|          0|
    |x_4_preg          |  64|   0|   64|          0|
    |x_5_ap_vld_preg   |   1|   0|    1|          0|
    |x_5_preg          |  64|   0|   64|          0|
    |x_6_ap_vld_preg   |   1|   0|    1|          0|
    |x_6_preg          |  64|   0|   64|          0|
    |x_7_ap_vld_preg   |   1|   0|    1|          0|
    |x_7_preg          |  64|   0|   64|          0|
    |x_8_ap_vld_preg   |   1|   0|    1|          0|
    |x_8_preg          |  64|   0|   64|          0|
    |x_9_ap_vld_preg   |   1|   0|    1|          0|
    |x_9_preg          |  64|   0|   64|          0|
    +------------------+----+----+-----+-----------+
    |Total             |1626|   0| 1626|          0|
    +------------------+----+----+-----+-----------+



================================================================
== Interface
================================================================
* Summary: 
+----------------------+-----+-----+------------+---------------+--------------+
|       RTL Ports      | Dir | Bits|  Protocol  | Source Object |    C Type    |
+----------------------+-----+-----+------------+---------------+--------------+
|ap_clk                |   in|    1|  ap_ctrl_hs|      myproject|  return value|
|ap_rst                |   in|    1|  ap_ctrl_hs|      myproject|  return value|
|ap_start              |   in|    1|  ap_ctrl_hs|      myproject|  return value|
|ap_done               |  out|    1|  ap_ctrl_hs|      myproject|  return value|
|ap_idle               |  out|    1|  ap_ctrl_hs|      myproject|  return value|
|ap_ready              |  out|    1|  ap_ctrl_hs|      myproject|  return value|
|x_0                   |   in|   64|      ap_vld|            x_0|       pointer|
|x_0_ap_vld            |   in|    1|      ap_vld|            x_0|       pointer|
|x_1                   |   in|   64|      ap_vld|            x_1|       pointer|
|x_1_ap_vld            |   in|    1|      ap_vld|            x_1|       pointer|
|x_2                   |   in|   64|      ap_vld|            x_2|       pointer|
|x_2_ap_vld            |   in|    1|      ap_vld|            x_2|       pointer|
|x_3                   |   in|   64|      ap_vld|            x_3|       pointer|
|x_3_ap_vld            |   in|    1|      ap_vld|            x_3|       pointer|
|x_4                   |   in|   64|      ap_vld|            x_4|       pointer|
|x_4_ap_vld            |   in|    1|      ap_vld|            x_4|       pointer|
|x_5                   |   in|   64|      ap_vld|            x_5|       pointer|
|x_5_ap_vld            |   in|    1|      ap_vld|            x_5|       pointer|
|x_6                   |   in|   64|      ap_vld|            x_6|       pointer|
|x_6_ap_vld            |   in|    1|      ap_vld|            x_6|       pointer|
|x_7                   |   in|   64|      ap_vld|            x_7|       pointer|
|x_7_ap_vld            |   in|    1|      ap_vld|            x_7|       pointer|
|x_8                   |   in|   64|      ap_vld|            x_8|       pointer|
|x_8_ap_vld            |   in|    1|      ap_vld|            x_8|       pointer|
|x_9                   |   in|   64|      ap_vld|            x_9|       pointer|
|x_9_ap_vld            |   in|    1|      ap_vld|            x_9|       pointer|
|x_10                  |   in|   64|      ap_vld|           x_10|       pointer|
|x_10_ap_vld           |   in|    1|      ap_vld|           x_10|       pointer|
|x_11                  |   in|   64|      ap_vld|           x_11|       pointer|
|x_11_ap_vld           |   in|    1|      ap_vld|           x_11|       pointer|
|x_12                  |   in|   64|      ap_vld|           x_12|       pointer|
|x_12_ap_vld           |   in|    1|      ap_vld|           x_12|       pointer|
|x_13                  |   in|   64|      ap_vld|           x_13|       pointer|
|x_13_ap_vld           |   in|    1|      ap_vld|           x_13|       pointer|
|x_14                  |   in|   64|      ap_vld|           x_14|       pointer|
|x_14_ap_vld           |   in|    1|      ap_vld|           x_14|       pointer|
|x_15                  |   in|   64|      ap_vld|           x_15|       pointer|
|x_15_ap_vld           |   in|    1|      ap_vld|           x_15|       pointer|
|x_16                  |   in|   64|      ap_vld|           x_16|       pointer|
|x_16_ap_vld           |   in|    1|      ap_vld|           x_16|       pointer|
|x_17                  |   in|   64|      ap_vld|           x_17|       pointer|
|x_17_ap_vld           |   in|    1|      ap_vld|           x_17|       pointer|
|x_18                  |   in|   64|      ap_vld|           x_18|       pointer|
|x_18_ap_vld           |   in|    1|      ap_vld|           x_18|       pointer|
|x_19                  |   in|   64|      ap_vld|           x_19|       pointer|
|x_19_ap_vld           |   in|    1|      ap_vld|           x_19|       pointer|
|x_20                  |   in|   64|      ap_vld|           x_20|       pointer|
|x_20_ap_vld           |   in|    1|      ap_vld|           x_20|       pointer|
|x_21                  |   in|   64|      ap_vld|           x_21|       pointer|
|x_21_ap_vld           |   in|    1|      ap_vld|           x_21|       pointer|
|x_22                  |   in|   64|      ap_vld|           x_22|       pointer|
|x_22_ap_vld           |   in|    1|      ap_vld|           x_22|       pointer|
|x_23                  |   in|   64|      ap_vld|           x_23|       pointer|
|x_23_ap_vld           |   in|    1|      ap_vld|           x_23|       pointer|
|x_24                  |   in|   64|      ap_vld|           x_24|       pointer|
|x_24_ap_vld           |   in|    1|      ap_vld|           x_24|       pointer|
|x_25                  |   in|   64|      ap_vld|           x_25|       pointer|
|x_25_ap_vld           |   in|    1|      ap_vld|           x_25|       pointer|
|x_26                  |   in|   64|      ap_vld|           x_26|       pointer|
|x_26_ap_vld           |   in|    1|      ap_vld|           x_26|       pointer|
|x_27                  |   in|   64|      ap_vld|           x_27|       pointer|
|x_27_ap_vld           |   in|    1|      ap_vld|           x_27|       pointer|
|x_28                  |   in|   64|      ap_vld|           x_28|       pointer|
|x_28_ap_vld           |   in|    1|      ap_vld|           x_28|       pointer|
|x_29                  |   in|   64|      ap_vld|           x_29|       pointer|
|x_29_ap_vld           |   in|    1|      ap_vld|           x_29|       pointer|
|x_30                  |   in|   64|      ap_vld|           x_30|       pointer|
|x_30_ap_vld           |   in|    1|      ap_vld|           x_30|       pointer|
|x_31                  |   in|   64|      ap_vld|           x_31|       pointer|
|x_31_ap_vld           |   in|    1|      ap_vld|           x_31|       pointer|
|layer2_out_0          |  out|   16|      ap_vld|   layer2_out_0|       pointer|
|layer2_out_0_ap_vld   |  out|    1|      ap_vld|   layer2_out_0|       pointer|
|layer2_out_1          |  out|   16|      ap_vld|   layer2_out_1|       pointer|
|layer2_out_1_ap_vld   |  out|    1|      ap_vld|   layer2_out_1|       pointer|
|layer2_out_2          |  out|   16|      ap_vld|   layer2_out_2|       pointer|
|layer2_out_2_ap_vld   |  out|    1|      ap_vld|   layer2_out_2|       pointer|
|layer2_out_3          |  out|   16|      ap_vld|   layer2_out_3|       pointer|
|layer2_out_3_ap_vld   |  out|    1|      ap_vld|   layer2_out_3|       pointer|
|layer2_out_4          |  out|   16|      ap_vld|   layer2_out_4|       pointer|
|layer2_out_4_ap_vld   |  out|    1|      ap_vld|   layer2_out_4|       pointer|
|layer2_out_5          |  out|   16|      ap_vld|   layer2_out_5|       pointer|
|layer2_out_5_ap_vld   |  out|    1|      ap_vld|   layer2_out_5|       pointer|
|layer2_out_6          |  out|   16|      ap_vld|   layer2_out_6|       pointer|
|layer2_out_6_ap_vld   |  out|    1|      ap_vld|   layer2_out_6|       pointer|
|layer2_out_7          |  out|   16|      ap_vld|   layer2_out_7|       pointer|
|layer2_out_7_ap_vld   |  out|    1|      ap_vld|   layer2_out_7|       pointer|
|layer2_out_8          |  out|   16|      ap_vld|   layer2_out_8|       pointer|
|layer2_out_8_ap_vld   |  out|    1|      ap_vld|   layer2_out_8|       pointer|
|layer2_out_9          |  out|   16|      ap_vld|   layer2_out_9|       pointer|
|layer2_out_9_ap_vld   |  out|    1|      ap_vld|   layer2_out_9|       pointer|
|layer2_out_10         |  out|   16|      ap_vld|  layer2_out_10|       pointer|
|layer2_out_10_ap_vld  |  out|    1|      ap_vld|  layer2_out_10|       pointer|
|layer2_out_11         |  out|   16|      ap_vld|  layer2_out_11|       pointer|
|layer2_out_11_ap_vld  |  out|    1|      ap_vld|  layer2_out_11|       pointer|
|layer2_out_12         |  out|   16|      ap_vld|  layer2_out_12|       pointer|
|layer2_out_12_ap_vld  |  out|    1|      ap_vld|  layer2_out_12|       pointer|
|layer2_out_13         |  out|   16|      ap_vld|  layer2_out_13|       pointer|
|layer2_out_13_ap_vld  |  out|    1|      ap_vld|  layer2_out_13|       pointer|
|layer2_out_14         |  out|   16|      ap_vld|  layer2_out_14|       pointer|
|layer2_out_14_ap_vld  |  out|    1|      ap_vld|  layer2_out_14|       pointer|
|layer2_out_15         |  out|   16|      ap_vld|  layer2_out_15|       pointer|
|layer2_out_15_ap_vld  |  out|    1|      ap_vld|  layer2_out_15|       pointer|
|layer2_out_16         |  out|   16|      ap_vld|  layer2_out_16|       pointer|
|layer2_out_16_ap_vld  |  out|    1|      ap_vld|  layer2_out_16|       pointer|
|layer2_out_17         |  out|   16|      ap_vld|  layer2_out_17|       pointer|
|layer2_out_17_ap_vld  |  out|    1|      ap_vld|  layer2_out_17|       pointer|
|layer2_out_18         |  out|   16|      ap_vld|  layer2_out_18|       pointer|
|layer2_out_18_ap_vld  |  out|    1|      ap_vld|  layer2_out_18|       pointer|
|layer2_out_19         |  out|   16|      ap_vld|  layer2_out_19|       pointer|
|layer2_out_19_ap_vld  |  out|    1|      ap_vld|  layer2_out_19|       pointer|
|layer2_out_20         |  out|   16|      ap_vld|  layer2_out_20|       pointer|
|layer2_out_20_ap_vld  |  out|    1|      ap_vld|  layer2_out_20|       pointer|
|layer2_out_21         |  out|   16|      ap_vld|  layer2_out_21|       pointer|
|layer2_out_21_ap_vld  |  out|    1|      ap_vld|  layer2_out_21|       pointer|
|layer2_out_22         |  out|   16|      ap_vld|  layer2_out_22|       pointer|
|layer2_out_22_ap_vld  |  out|    1|      ap_vld|  layer2_out_22|       pointer|
|layer2_out_23         |  out|   16|      ap_vld|  layer2_out_23|       pointer|
|layer2_out_23_ap_vld  |  out|    1|      ap_vld|  layer2_out_23|       pointer|
|layer2_out_24         |  out|   16|      ap_vld|  layer2_out_24|       pointer|
|layer2_out_24_ap_vld  |  out|    1|      ap_vld|  layer2_out_24|       pointer|
|layer2_out_25         |  out|   16|      ap_vld|  layer2_out_25|       pointer|
|layer2_out_25_ap_vld  |  out|    1|      ap_vld|  layer2_out_25|       pointer|
|layer2_out_26         |  out|   16|      ap_vld|  layer2_out_26|       pointer|
|layer2_out_26_ap_vld  |  out|    1|      ap_vld|  layer2_out_26|       pointer|
|layer2_out_27         |  out|   16|      ap_vld|  layer2_out_27|       pointer|
|layer2_out_27_ap_vld  |  out|    1|      ap_vld|  layer2_out_27|       pointer|
|layer2_out_28         |  out|   16|      ap_vld|  layer2_out_28|       pointer|
|layer2_out_28_ap_vld  |  out|    1|      ap_vld|  layer2_out_28|       pointer|
|layer2_out_29         |  out|   16|      ap_vld|  layer2_out_29|       pointer|
|layer2_out_29_ap_vld  |  out|    1|      ap_vld|  layer2_out_29|       pointer|
|layer2_out_30         |  out|   16|      ap_vld|  layer2_out_30|       pointer|
|layer2_out_30_ap_vld  |  out|    1|      ap_vld|  layer2_out_30|       pointer|
|layer2_out_31         |  out|   16|      ap_vld|  layer2_out_31|       pointer|
|layer2_out_31_ap_vld  |  out|    1|      ap_vld|  layer2_out_31|       pointer|
|layer2_out_32         |  out|   16|      ap_vld|  layer2_out_32|       pointer|
|layer2_out_32_ap_vld  |  out|    1|      ap_vld|  layer2_out_32|       pointer|
|layer2_out_33         |  out|   16|      ap_vld|  layer2_out_33|       pointer|
|layer2_out_33_ap_vld  |  out|    1|      ap_vld|  layer2_out_33|       pointer|
|layer2_out_34         |  out|   16|      ap_vld|  layer2_out_34|       pointer|
|layer2_out_34_ap_vld  |  out|    1|      ap_vld|  layer2_out_34|       pointer|
|layer2_out_35         |  out|   16|      ap_vld|  layer2_out_35|       pointer|
|layer2_out_35_ap_vld  |  out|    1|      ap_vld|  layer2_out_35|       pointer|
|layer2_out_36         |  out|   16|      ap_vld|  layer2_out_36|       pointer|
|layer2_out_36_ap_vld  |  out|    1|      ap_vld|  layer2_out_36|       pointer|
|layer2_out_37         |  out|   16|      ap_vld|  layer2_out_37|       pointer|
|layer2_out_37_ap_vld  |  out|    1|      ap_vld|  layer2_out_37|       pointer|
|layer2_out_38         |  out|   16|      ap_vld|  layer2_out_38|       pointer|
|layer2_out_38_ap_vld  |  out|    1|      ap_vld|  layer2_out_38|       pointer|
|layer2_out_39         |  out|   16|      ap_vld|  layer2_out_39|       pointer|
|layer2_out_39_ap_vld  |  out|    1|      ap_vld|  layer2_out_39|       pointer|
|layer2_out_40         |  out|   16|      ap_vld|  layer2_out_40|       pointer|
|layer2_out_40_ap_vld  |  out|    1|      ap_vld|  layer2_out_40|       pointer|
|layer2_out_41         |  out|   16|      ap_vld|  layer2_out_41|       pointer|
|layer2_out_41_ap_vld  |  out|    1|      ap_vld|  layer2_out_41|       pointer|
|layer2_out_42         |  out|   16|      ap_vld|  layer2_out_42|       pointer|
|layer2_out_42_ap_vld  |  out|    1|      ap_vld|  layer2_out_42|       pointer|
|layer2_out_43         |  out|   16|      ap_vld|  layer2_out_43|       pointer|
|layer2_out_43_ap_vld  |  out|    1|      ap_vld|  layer2_out_43|       pointer|
|layer2_out_44         |  out|   16|      ap_vld|  layer2_out_44|       pointer|
|layer2_out_44_ap_vld  |  out|    1|      ap_vld|  layer2_out_44|       pointer|
|layer2_out_45         |  out|   16|      ap_vld|  layer2_out_45|       pointer|
|layer2_out_45_ap_vld  |  out|    1|      ap_vld|  layer2_out_45|       pointer|
|layer2_out_46         |  out|   16|      ap_vld|  layer2_out_46|       pointer|
|layer2_out_46_ap_vld  |  out|    1|      ap_vld|  layer2_out_46|       pointer|
|layer2_out_47         |  out|   16|      ap_vld|  layer2_out_47|       pointer|
|layer2_out_47_ap_vld  |  out|    1|      ap_vld|  layer2_out_47|       pointer|
|layer2_out_48         |  out|   16|      ap_vld|  layer2_out_48|       pointer|
|layer2_out_48_ap_vld  |  out|    1|      ap_vld|  layer2_out_48|       pointer|
|layer2_out_49         |  out|   16|      ap_vld|  layer2_out_49|       pointer|
|layer2_out_49_ap_vld  |  out|    1|      ap_vld|  layer2_out_49|       pointer|
|layer2_out_50         |  out|   16|      ap_vld|  layer2_out_50|       pointer|
|layer2_out_50_ap_vld  |  out|    1|      ap_vld|  layer2_out_50|       pointer|
|layer2_out_51         |  out|   16|      ap_vld|  layer2_out_51|       pointer|
|layer2_out_51_ap_vld  |  out|    1|      ap_vld|  layer2_out_51|       pointer|
|layer2_out_52         |  out|   16|      ap_vld|  layer2_out_52|       pointer|
|layer2_out_52_ap_vld  |  out|    1|      ap_vld|  layer2_out_52|       pointer|
|layer2_out_53         |  out|   16|      ap_vld|  layer2_out_53|       pointer|
|layer2_out_53_ap_vld  |  out|    1|      ap_vld|  layer2_out_53|       pointer|
|layer2_out_54         |  out|   16|      ap_vld|  layer2_out_54|       pointer|
|layer2_out_54_ap_vld  |  out|    1|      ap_vld|  layer2_out_54|       pointer|
|layer2_out_55         |  out|   16|      ap_vld|  layer2_out_55|       pointer|
|layer2_out_55_ap_vld  |  out|    1|      ap_vld|  layer2_out_55|       pointer|
|layer2_out_56         |  out|   16|      ap_vld|  layer2_out_56|       pointer|
|layer2_out_56_ap_vld  |  out|    1|      ap_vld|  layer2_out_56|       pointer|
|layer2_out_57         |  out|   16|      ap_vld|  layer2_out_57|       pointer|
|layer2_out_57_ap_vld  |  out|    1|      ap_vld|  layer2_out_57|       pointer|
|layer2_out_58         |  out|   16|      ap_vld|  layer2_out_58|       pointer|
|layer2_out_58_ap_vld  |  out|    1|      ap_vld|  layer2_out_58|       pointer|
|layer2_out_59         |  out|   16|      ap_vld|  layer2_out_59|       pointer|
|layer2_out_59_ap_vld  |  out|    1|      ap_vld|  layer2_out_59|       pointer|
|layer2_out_60         |  out|   16|      ap_vld|  layer2_out_60|       pointer|
|layer2_out_60_ap_vld  |  out|    1|      ap_vld|  layer2_out_60|       pointer|
|layer2_out_61         |  out|   16|      ap_vld|  layer2_out_61|       pointer|
|layer2_out_61_ap_vld  |  out|    1|      ap_vld|  layer2_out_61|       pointer|
|layer2_out_62         |  out|   16|      ap_vld|  layer2_out_62|       pointer|
|layer2_out_62_ap_vld  |  out|    1|      ap_vld|  layer2_out_62|       pointer|
|layer2_out_63         |  out|   16|      ap_vld|  layer2_out_63|       pointer|
|layer2_out_63_ap_vld  |  out|    1|      ap_vld|  layer2_out_63|       pointer|
|layer2_out_64         |  out|   16|      ap_vld|  layer2_out_64|       pointer|
|layer2_out_64_ap_vld  |  out|    1|      ap_vld|  layer2_out_64|       pointer|
|layer2_out_65         |  out|   16|      ap_vld|  layer2_out_65|       pointer|
|layer2_out_65_ap_vld  |  out|    1|      ap_vld|  layer2_out_65|       pointer|
|layer2_out_66         |  out|   16|      ap_vld|  layer2_out_66|       pointer|
|layer2_out_66_ap_vld  |  out|    1|      ap_vld|  layer2_out_66|       pointer|
|layer2_out_67         |  out|   16|      ap_vld|  layer2_out_67|       pointer|
|layer2_out_67_ap_vld  |  out|    1|      ap_vld|  layer2_out_67|       pointer|
|layer2_out_68         |  out|   16|      ap_vld|  layer2_out_68|       pointer|
|layer2_out_68_ap_vld  |  out|    1|      ap_vld|  layer2_out_68|       pointer|
|layer2_out_69         |  out|   16|      ap_vld|  layer2_out_69|       pointer|
|layer2_out_69_ap_vld  |  out|    1|      ap_vld|  layer2_out_69|       pointer|
|layer2_out_70         |  out|   16|      ap_vld|  layer2_out_70|       pointer|
|layer2_out_70_ap_vld  |  out|    1|      ap_vld|  layer2_out_70|       pointer|
|layer2_out_71         |  out|   16|      ap_vld|  layer2_out_71|       pointer|
|layer2_out_71_ap_vld  |  out|    1|      ap_vld|  layer2_out_71|       pointer|
|layer2_out_72         |  out|   16|      ap_vld|  layer2_out_72|       pointer|
|layer2_out_72_ap_vld  |  out|    1|      ap_vld|  layer2_out_72|       pointer|
|layer2_out_73         |  out|   16|      ap_vld|  layer2_out_73|       pointer|
|layer2_out_73_ap_vld  |  out|    1|      ap_vld|  layer2_out_73|       pointer|
|layer2_out_74         |  out|   16|      ap_vld|  layer2_out_74|       pointer|
|layer2_out_74_ap_vld  |  out|    1|      ap_vld|  layer2_out_74|       pointer|
|layer2_out_75         |  out|   16|      ap_vld|  layer2_out_75|       pointer|
|layer2_out_75_ap_vld  |  out|    1|      ap_vld|  layer2_out_75|       pointer|
|layer2_out_76         |  out|   16|      ap_vld|  layer2_out_76|       pointer|
|layer2_out_76_ap_vld  |  out|    1|      ap_vld|  layer2_out_76|       pointer|
|layer2_out_77         |  out|   16|      ap_vld|  layer2_out_77|       pointer|
|layer2_out_77_ap_vld  |  out|    1|      ap_vld|  layer2_out_77|       pointer|
|layer2_out_78         |  out|   16|      ap_vld|  layer2_out_78|       pointer|
|layer2_out_78_ap_vld  |  out|    1|      ap_vld|  layer2_out_78|       pointer|
|layer2_out_79         |  out|   16|      ap_vld|  layer2_out_79|       pointer|
|layer2_out_79_ap_vld  |  out|    1|      ap_vld|  layer2_out_79|       pointer|
|layer2_out_80         |  out|   16|      ap_vld|  layer2_out_80|       pointer|
|layer2_out_80_ap_vld  |  out|    1|      ap_vld|  layer2_out_80|       pointer|
|layer2_out_81         |  out|   16|      ap_vld|  layer2_out_81|       pointer|
|layer2_out_81_ap_vld  |  out|    1|      ap_vld|  layer2_out_81|       pointer|
|layer2_out_82         |  out|   16|      ap_vld|  layer2_out_82|       pointer|
|layer2_out_82_ap_vld  |  out|    1|      ap_vld|  layer2_out_82|       pointer|
|layer2_out_83         |  out|   16|      ap_vld|  layer2_out_83|       pointer|
|layer2_out_83_ap_vld  |  out|    1|      ap_vld|  layer2_out_83|       pointer|
|layer2_out_84         |  out|   16|      ap_vld|  layer2_out_84|       pointer|
|layer2_out_84_ap_vld  |  out|    1|      ap_vld|  layer2_out_84|       pointer|
|layer2_out_85         |  out|   16|      ap_vld|  layer2_out_85|       pointer|
|layer2_out_85_ap_vld  |  out|    1|      ap_vld|  layer2_out_85|       pointer|
|layer2_out_86         |  out|   16|      ap_vld|  layer2_out_86|       pointer|
|layer2_out_86_ap_vld  |  out|    1|      ap_vld|  layer2_out_86|       pointer|
|layer2_out_87         |  out|   16|      ap_vld|  layer2_out_87|       pointer|
|layer2_out_87_ap_vld  |  out|    1|      ap_vld|  layer2_out_87|       pointer|
|layer2_out_88         |  out|   16|      ap_vld|  layer2_out_88|       pointer|
|layer2_out_88_ap_vld  |  out|    1|      ap_vld|  layer2_out_88|       pointer|
|layer2_out_89         |  out|   16|      ap_vld|  layer2_out_89|       pointer|
|layer2_out_89_ap_vld  |  out|    1|      ap_vld|  layer2_out_89|       pointer|
|layer2_out_90         |  out|   16|      ap_vld|  layer2_out_90|       pointer|
|layer2_out_90_ap_vld  |  out|    1|      ap_vld|  layer2_out_90|       pointer|
|layer2_out_91         |  out|   16|      ap_vld|  layer2_out_91|       pointer|
|layer2_out_91_ap_vld  |  out|    1|      ap_vld|  layer2_out_91|       pointer|
|layer2_out_92         |  out|   16|      ap_vld|  layer2_out_92|       pointer|
|layer2_out_92_ap_vld  |  out|    1|      ap_vld|  layer2_out_92|       pointer|
|layer2_out_93         |  out|   16|      ap_vld|  layer2_out_93|       pointer|
|layer2_out_93_ap_vld  |  out|    1|      ap_vld|  layer2_out_93|       pointer|
|layer2_out_94         |  out|   16|      ap_vld|  layer2_out_94|       pointer|
|layer2_out_94_ap_vld  |  out|    1|      ap_vld|  layer2_out_94|       pointer|
|layer2_out_95         |  out|   16|      ap_vld|  layer2_out_95|       pointer|
|layer2_out_95_ap_vld  |  out|    1|      ap_vld|  layer2_out_95|       pointer|
|layer2_out_96         |  out|   16|      ap_vld|  layer2_out_96|       pointer|
|layer2_out_96_ap_vld  |  out|    1|      ap_vld|  layer2_out_96|       pointer|
|layer2_out_97         |  out|   16|      ap_vld|  layer2_out_97|       pointer|
|layer2_out_97_ap_vld  |  out|    1|      ap_vld|  layer2_out_97|       pointer|
|layer2_out_98         |  out|   16|      ap_vld|  layer2_out_98|       pointer|
|layer2_out_98_ap_vld  |  out|    1|      ap_vld|  layer2_out_98|       pointer|
|layer2_out_99         |  out|   16|      ap_vld|  layer2_out_99|       pointer|
|layer2_out_99_ap_vld  |  out|    1|      ap_vld|  layer2_out_99|       pointer|
+----------------------+-----+-----+------------+---------------+--------------+

