==============================================================
Vitis HLS - High-Level Synthesis from C, C++ and OpenCL v2020.1 (64-bit)
Copyright 1986-2020 Xilinx, Inc. All Rights Reserved.
==============================================================
INFO: [HLS 200-1505] Using default flow_target 'vivado'
INFO: [XFORM 203-101] Allowed max sub elements number after partition is 4096.
ERROR: [HLS 200-642] The 'config_array_partition -maximum_size' command is not supported.
INFO: [XFORM 203-1161] The maximum of name length is set into 80.
INFO: [HLS 200-10] Setting target device to 'xcvu13p-flga2577-2-e'
INFO: [SYN 201-201] Setting up clock 'default' with a period of 5ns.
INFO: [SYN 201-201] Setting up clock 'default' with an uncertainty of 0.625ns.
INFO: [SIM 211-2] *************** CSIM start ***************
INFO: [SIM 211-4] CSIM will launch GCC as the compiler.
INFO: [SIM 211-1] CSim done with 0 errors.
INFO: [SIM 211-3] *************** CSIM finish ***************
INFO: [HLS 200-10] Analyzing design file 'firmware/myproject.cpp' ... 
WARNING: [HLS 214-113] Either use an argument of the function or declare the variable inside the dataflow loop body: firmware/myproject.cpp:50:75
WARNING: [HLS 214-113] Either use an argument of the function or declare the variable inside the dataflow loop body: firmware/myproject.cpp:50:80
WARNING: [HLS 214-113] Either use an argument of the function or declare the variable inside the dataflow loop body: firmware/myproject.cpp:58:78
WARNING: [HLS 214-113] Either use an argument of the function or declare the variable inside the dataflow loop body: firmware/myproject.cpp:58:82
WARNING: [HLS 214-113] Either use an argument of the function or declare the variable inside the dataflow loop body: firmware/myproject.cpp:70:85
WARNING: [HLS 214-113] Either use an argument of the function or declare the variable inside the dataflow loop body: firmware/myproject.cpp:70:90
WARNING: [HLS 214-113] Either use an argument of the function or declare the variable inside the dataflow loop body: firmware/myproject.cpp:78:78
WARNING: [HLS 214-113] Either use an argument of the function or declare the variable inside the dataflow loop body: firmware/myproject.cpp:78:82
WARNING: [HLS 214-113] Either use an argument of the function or declare the variable inside the dataflow loop body: firmware/myproject.cpp:90:85
WARNING: [HLS 214-113] Either use an argument of the function or declare the variable inside the dataflow loop body: firmware/myproject.cpp:90:90
WARNING: [HLS 214-113] Either use an argument of the function or declare the variable inside the dataflow loop body: firmware/myproject.cpp:98:78
WARNING: [HLS 214-113] Either use an argument of the function or declare the variable inside the dataflow loop body: firmware/myproject.cpp:98:82
WARNING: [HLS 214-113] Either use an argument of the function or declare the variable inside the dataflow loop body: firmware/myproject.cpp:110:87
WARNING: [HLS 214-113] Either use an argument of the function or declare the variable inside the dataflow loop body: firmware/myproject.cpp:110:92
WARNING: [HLS 214-113] Either use an argument of the function or declare the variable inside the dataflow loop body: firmware/myproject.cpp:118:81
WARNING: [HLS 214-113] Either use an argument of the function or declare the variable inside the dataflow loop body: firmware/myproject.cpp:118:86
WARNING: [HLS 214-113] Either use an argument of the function or declare the variable inside the dataflow loop body: firmware/myproject.cpp:128:89
WARNING: [HLS 214-113] Either use an argument of the function or declare the variable inside the dataflow loop body: firmware/myproject.cpp:128:94
WARNING: [HLS 200-471] Dataflow form checks found 18 issue(s) in file firmware/myproject.cpp
WARNING: [HLS 207-5324] unused parameter 'keep': firmware/nnet_utils/nnet_helpers.h:285:99
WARNING: [HLS 207-5324] unused parameter 'data': firmware/nnet_utils/nnet_function_stubs.h:14:36
WARNING: [HLS 207-5324] unused parameter 'buffer': firmware/nnet_utils/nnet_function_stubs.h:15:36
WARNING: [HLS 207-5324] unused parameter 'partition': firmware/nnet_utils/nnet_function_stubs.h:16:44
WARNING: [HLS 207-5324] unused parameter 'data': firmware/nnet_utils/nnet_function_stubs.h:24:24
WARNING: [HLS 207-5324] unused parameter 'buffer': firmware/nnet_utils/nnet_function_stubs.h:25:24
WARNING: [HLS 207-5324] unused parameter 'partition': firmware/nnet_utils/nnet_function_stubs.h:26:32
WARNING: [HLS 207-5324] unused parameter 'data': firmware/nnet_utils/nnet_function_stubs.h:33:30
WARNING: [HLS 207-5324] unused parameter 'res': firmware/nnet_utils/nnet_function_stubs.h:33:58
WARNING: [HLS 207-5324] unused parameter 'weights': firmware/nnet_utils/nnet_function_stubs.h:34:51
WARNING: [HLS 207-5324] unused parameter 'biases': firmware/nnet_utils/nnet_function_stubs.h:35:49
WARNING: [HLS 207-1534] 'function_instantiate' is deprecated, and it will be removed in future release: firmware/nnet_utils/nnet_activation.h:456:9
WARNING: [HLS 207-3889] the pragma is not supported and will be ignored: firmware/nnet_utils/nnet_stream.h:28:9
WARNING: [HLS 207-3889] the pragma is not supported and will be ignored: firmware/nnet_utils/nnet_stream.h:29:9
WARNING: [HLS 207-3889] the pragma is not supported and will be ignored: firmware/nnet_utils/nnet_stream.h:53:9
WARNING: [HLS 207-3889] the pragma is not supported and will be ignored: firmware/nnet_utils/nnet_stream.h:54:9
WARNING: [HLS 207-3889] the pragma is not supported and will be ignored: firmware/nnet_utils/nnet_stream.h:55:9
WARNING: [HLS 207-3889] the pragma is not supported and will be ignored: firmware/nnet_utils/nnet_stream.h:78:9
WARNING: [HLS 207-3889] the pragma is not supported and will be ignored: firmware/nnet_utils/nnet_stream.h:96:9
WARNING: [HLS 207-3889] the pragma is not supported and will be ignored: firmware/nnet_utils/nnet_stream.h:144:9
WARNING: [HLS 207-3889] the pragma is not supported and will be ignored: firmware/nnet_utils/nnet_stream.h:163:9
WARNING: [HLS 207-3889] the pragma is not supported and will be ignored: firmware/nnet_utils/nnet_stream.h:198:9
WARNING: [HLS 207-3889] the pragma is not supported and will be ignored: firmware/nnet_utils/nnet_activation_stream.h:24:9
WARNING: [HLS 207-3889] the pragma is not supported and will be ignored: firmware/nnet_utils/nnet_activation_stream.h:46:9
WARNING: [HLS 207-3889] the pragma is not supported and will be ignored: firmware/nnet_utils/nnet_activation_stream.h:85:9
WARNING: [HLS 207-3889] the pragma is not supported and will be ignored: firmware/nnet_utils/nnet_activation_stream.h:157:9
WARNING: [HLS 207-3889] the pragma is not supported and will be ignored: firmware/nnet_utils/nnet_activation_stream.h:238:9
WARNING: [HLS 207-3889] the pragma is not supported and will be ignored: firmware/nnet_utils/nnet_activation_stream.h:308:9
WARNING: [HLS 207-3889] the pragma is not supported and will be ignored: firmware/nnet_utils/nnet_activation_stream.h:397:9
WARNING: [HLS 207-1534] 'function_instantiate' is deprecated, and it will be removed in future release: firmware/nnet_utils/nnet_activation_stream.h:421:9
WARNING: [HLS 207-3889] the pragma is not supported and will be ignored: firmware/nnet_utils/nnet_activation_stream.h:430:9
WARNING: [HLS 207-3889] the pragma is not supported and will be ignored: firmware/nnet_utils/nnet_activation_stream.h:456:9
WARNING: [HLS 207-3889] the pragma is not supported and will be ignored: firmware/nnet_utils/nnet_activation_stream.h:481:9
WARNING: [HLS 207-3889] the pragma is not supported and will be ignored: firmware/nnet_utils/nnet_activation_stream.h:510:9
WARNING: [HLS 207-3889] the pragma is not supported and will be ignored: firmware/nnet_utils/nnet_activation_stream.h:536:9
WARNING: [HLS 207-3889] the pragma is not supported and will be ignored: firmware/nnet_utils/nnet_activation_stream.h:575:9
WARNING: [HLS 207-3889] the pragma is not supported and will be ignored: firmware/nnet_utils/nnet_activation_stream.h:616:9
WARNING: [HLS 207-3889] the pragma is not supported and will be ignored: firmware/nnet_utils/nnet_activation_stream.h:657:9
WARNING: [HLS 207-3889] the pragma is not supported and will be ignored: firmware/nnet_utils/nnet_activation_stream.h:705:9
WARNING: [HLS 207-3889] the pragma is not supported and will be ignored: firmware/nnet_utils/nnet_activation_stream.h:737:9
WARNING: [HLS 207-3889] the pragma is not supported and will be ignored: firmware/nnet_utils/nnet_activation_stream.h:762:9
WARNING: [HLS 207-3889] the pragma is not supported and will be ignored: firmware/nnet_utils/nnet_activation_stream.h:787:9
WARNING: [HLS 207-1534] 'function_instantiate' is deprecated, and it will be removed in future release: firmware/nnet_utils/nnet_dense_latency.h:21:9
WARNING: [HLS 207-1534] 'function_instantiate' is deprecated, and it will be removed in future release: firmware/nnet_utils/nnet_dense_resource.h:28:9
WARNING: [HLS 207-1535] 'Resource' is deprecated, and it will be removed in future release: firmware/nnet_utils/nnet_dense_resource.h:33:9
WARNING: [HLS 207-1534] 'function_instantiate' is deprecated, and it will be removed in future release: firmware/nnet_utils/nnet_dense_resource.h:102:9
WARNING: [HLS 207-1535] 'Resource' is deprecated, and it will be removed in future release: firmware/nnet_utils/nnet_dense_resource.h:107:9
WARNING: [HLS 207-1534] 'function_instantiate' is deprecated, and it will be removed in future release: firmware/nnet_utils/nnet_dense_resource.h:184:9
WARNING: [HLS 207-1535] 'Resource' is deprecated, and it will be removed in future release: firmware/nnet_utils/nnet_dense_resource.h:189:9
WARNING: [HLS 207-1536] 'region' in '#pragma HLS Inline' is deprecated, and it will be removed in future release: firmware/nnet_utils/nnet_conv1d.h:38:26
WARNING: [HLS 207-1536] 'region' in '#pragma HLS Inline' is deprecated, and it will be removed in future release: firmware/nnet_utils/nnet_conv1d.h:54:26
WARNING: [HLS 207-1535] 'Resource' is deprecated, and it will be removed in future release: /tools/Xilinx/Vitis/2020.1/common/technology/autopilot/hls_hotbm_apfixed.h:117:9
WARNING: [HLS 207-1535] 'Resource' is deprecated, and it will be removed in future release: /tools/Xilinx/Vitis/2020.1/common/technology/autopilot/hls_hotbm_apfixed.h:118:9
WARNING: [HLS 207-1535] 'Resource' is deprecated, and it will be removed in future release: /tools/Xilinx/Vitis/2020.1/common/technology/autopilot/hls_hotbm_apfixed.h:119:9
WARNING: [HLS 207-1535] 'Resource' is deprecated, and it will be removed in future release: /tools/Xilinx/Vitis/2020.1/common/technology/autopilot/hls_hotbm_apfixed.h:120:9
WARNING: [HLS 207-1535] 'Resource' is deprecated, and it will be removed in future release: /tools/Xilinx/Vitis/2020.1/common/technology/autopilot/hls_hotbm_apfixed.h:121:9
WARNING: [HLS 207-1535] 'Resource' is deprecated, and it will be removed in future release: /tools/Xilinx/Vitis/2020.1/common/technology/autopilot/hls_hotbm_apfixed.h:151:9
WARNING: [HLS 207-1535] 'Resource' is deprecated, and it will be removed in future release: /tools/Xilinx/Vitis/2020.1/common/technology/autopilot/hls_hotbm_apfixed.h:152:9
WARNING: [HLS 207-1535] 'Resource' is deprecated, and it will be removed in future release: /tools/Xilinx/Vitis/2020.1/common/technology/autopilot/hls_hotbm_apfixed.h:153:9
WARNING: [HLS 207-1535] 'Resource' is deprecated, and it will be removed in future release: /tools/Xilinx/Vitis/2020.1/common/technology/autopilot/hls_hotbm_apfixed.h:154:9
WARNING: [HLS 207-1535] 'Resource' is deprecated, and it will be removed in future release: /tools/Xilinx/Vitis/2020.1/common/technology/autopilot/hls_hotbm_apfixed.h:155:9
WARNING: [HLS 207-1535] 'Resource' is deprecated, and it will be removed in future release: /tools/Xilinx/Vitis/2020.1/common/technology/autopilot/hls_hotbm_apfixed.h:156:9
WARNING: [HLS 207-1535] 'Resource' is deprecated, and it will be removed in future release: /tools/Xilinx/Vitis/2020.1/common/technology/autopilot/hls_hotbm_apfixed.h:157:9
WARNING: [HLS 207-1535] 'Resource' is deprecated, and it will be removed in future release: /tools/Xilinx/Vitis/2020.1/common/technology/autopilot/hls_hotbm_apfixed.h:158:9
WARNING: [HLS 207-1535] 'Resource' is deprecated, and it will be removed in future release: /tools/Xilinx/Vitis/2020.1/common/technology/autopilot/hls_hotbm_apfixed.h:159:9
WARNING: [HLS 207-1535] 'Resource' is deprecated, and it will be removed in future release: /tools/Xilinx/Vitis/2020.1/common/technology/autopilot/hls_hotbm_apfixed.h:160:9
WARNING: [HLS 207-1535] 'Resource' is deprecated, and it will be removed in future release: /tools/Xilinx/Vitis/2020.1/common/technology/autopilot/hls_hotbm_apfixed.h:210:9
WARNING: [HLS 207-1535] 'Resource' is deprecated, and it will be removed in future release: /tools/Xilinx/Vitis/2020.1/common/technology/autopilot/hls_hotbm_apfixed.h:211:9
WARNING: [HLS 207-1535] 'Resource' is deprecated, and it will be removed in future release: /tools/Xilinx/Vitis/2020.1/common/technology/autopilot/hls_hotbm_apfixed.h:212:9
WARNING: [HLS 207-1535] 'Resource' is deprecated, and it will be removed in future release: /tools/Xilinx/Vitis/2020.1/common/technology/autopilot/hls_hotbm_apfixed.h:239:9
WARNING: [HLS 207-1535] 'Resource' is deprecated, and it will be removed in future release: /tools/Xilinx/Vitis/2020.1/common/technology/autopilot/hls_hotbm_apfixed.h:240:9
WARNING: [HLS 207-1535] 'Resource' is deprecated, and it will be removed in future release: /tools/Xilinx/Vitis/2020.1/common/technology/autopilot/hls_hotbm_apfixed.h:241:9
WARNING: [HLS 207-1535] 'Resource' is deprecated, and it will be removed in future release: /tools/Xilinx/Vitis/2020.1/common/technology/autopilot/hls_hotbm_apfixed.h:242:9
WARNING: [HLS 207-1535] 'Resource' is deprecated, and it will be removed in future release: /tools/Xilinx/Vitis/2020.1/common/technology/autopilot/hls_hotbm_apfixed.h:243:9
WARNING: [HLS 207-1535] 'Resource' is deprecated, and it will be removed in future release: /tools/Xilinx/Vitis/2020.1/common/technology/autopilot/hls_hotbm_apfixed.h:244:9
WARNING: [HLS 207-1535] 'Resource' is deprecated, and it will be removed in future release: /tools/Xilinx/Vitis/2020.1/common/technology/autopilot/hls_hotbm_apfixed.h:280:9
WARNING: [HLS 207-1535] 'Resource' is deprecated, and it will be removed in future release: /tools/Xilinx/Vitis/2020.1/common/technology/autopilot/hls_hotbm_apfixed.h:281:9
WARNING: [HLS 207-1534] 'function_instantiate' is deprecated, and it will be removed in future release: firmware/nnet_utils/nnet_layernorm.h:161:9
WARNING: [HLS 207-3889] the pragma is not supported and will be ignored: firmware/nnet_utils/nnet_conv_stream.h:278:9
WARNING: [HLS 207-3889] the pragma is not supported and will be ignored: firmware/nnet_utils/nnet_conv_stream.h:344:9
WARNING: [HLS 207-3889] the pragma is not supported and will be ignored: firmware/nnet_utils/nnet_conv1d_stream.h:39:9
WARNING: [HLS 207-1534] 'function_instantiate' is deprecated, and it will be removed in future release: firmware/nnet_utils/nnet_sepconv_stream.h:20:9
WARNING: [HLS 207-3889] the pragma is not supported and will be ignored: firmware/nnet_utils/nnet_sepconv_stream.h:148:9
WARNING: [HLS 207-3889] the pragma is not supported and will be ignored: firmware/nnet_utils/nnet_sepconv_stream.h:195:9
WARNING: [HLS 207-3889] the pragma is not supported and will be ignored: firmware/nnet_utils/nnet_sepconv_stream.h:260:9
WARNING: [HLS 207-3889] the pragma is not supported and will be ignored: firmware/nnet_utils/nnet_sepconv1d_stream.h:26:9
WARNING: [HLS 207-1602] Unsupported interface port data type in '#pragma HLS interface ap_vld': firmware/myproject.cpp:15:35
WARNING: [HLS 207-1602] Unsupported interface port data type in '#pragma HLS interface ap_vld': firmware/myproject.cpp:15:37
INFO: [HLS 200-777] Using interface defaults for 'Vivado' target.
INFO: [HLS 214-131] Inlining function 'nnet::product::mult<ap_fixed<16, 6, (ap_q_mode)5, (ap_o_mode)3, 0>, ap_fixed<16, 6, (ap_q_mode)5, (ap_o_mode)3, 0> >::product(ap_fixed<16, 6, (ap_q_mode)5, (ap_o_mode)3, 0>, ap_fixed<16, 6, (ap_q_mode)5, (ap_o_mode)3, 0>)' into 'void nnet::conv_1d_latency_cl<ap_fixed<16, 6, (ap_q_mode)5, (ap_o_mode)3, 0>, ap_fixed<16, 6, (ap_q_mode)5, (ap_o_mode)3, 0>, config28>(ap_fixed<16, 6, (ap_q_mode)5, (ap_o_mode)3, 0>*, ap_fixed<16, 6, (ap_q_mode)5, (ap_o_mode)3, 0>*, config28::weight_t*, config28::bias_t*)' (firmware/nnet_utils/nnet_conv1d_latency.h:54:25)
INFO: [HLS 214-131] Inlining function 'nnet::product::mult<ap_fixed<22, 6, (ap_q_mode)5, (ap_o_mode)3, 0>, ap_fixed<22, 6, (ap_q_mode)5, (ap_o_mode)3, 0> >::product(ap_fixed<22, 6, (ap_q_mode)5, (ap_o_mode)3, 0>, ap_fixed<22, 6, (ap_q_mode)5, (ap_o_mode)3, 0>)' into 'void nnet::layernorm_1d<ap_fixed<16, 6, (ap_q_mode)5, (ap_o_mode)3, 0>, ap_fixed<16, 6, (ap_q_mode)5, (ap_o_mode)3, 0>, config3>(ap_fixed<16, 6, (ap_q_mode)5, (ap_o_mode)3, 0>*, ap_fixed<16, 6, (ap_q_mode)5, (ap_o_mode)3, 0>*, config3::scale_t*, config3::bias_t*)' (firmware/nnet_utils/nnet_layernorm.h:138:11)
