

================================================================
== Vitis HLS Report for 'bmm_ap_fixed_13_4_4_0_0_ap_fixed_13_4_4_0_0_config5_s'
================================================================
* Date:           Tue Feb 11 01:31:48 2025

* Version:        2023.2 (Build 4023990 on Oct 11 2023)
* Project:        myproject_prj
* Solution:       solution1 (Vivado IP Flow Target)
* Product family: virtexuplus
* Target device:  xcvu13p-flga2577-2-e


================================================================
== Performance Estimates
================================================================
+ Timing: 
    * Summary: 
    +--------+---------+----------+------------+
    |  Clock |  Target | Estimated| Uncertainty|
    +--------+---------+----------+------------+
    |ap_clk  |  5.00 ns|  4.294 ns|     0.62 ns|
    +--------+---------+----------+------------+

+ Latency: 
    * Summary: 
    +---------+---------+----------+----------+-----+-----+---------+
    |  Latency (cycles) |  Latency (absolute) |  Interval | Pipeline|
    |   min   |   max   |    min   |    max   | min | max |   Type  |
    +---------+---------+----------+----------+-----+-----+---------+
    |        1|        1|  5.000 ns|  5.000 ns|    1|    1|      yes|
    +---------+---------+----------+----------+-----+-----+---------+

    + Detail: 
        * Instance: 
        +------------------------------------------------------------------------------------+------------------------------------------------------------------------+---------+---------+----------+----------+-----+-----+---------+
        |                                                                                    |                                                                        |  Latency (cycles) |  Latency (absolute) |  Interval | Pipeline|
        |                                      Instance                                      |                                 Module                                 |   min   |   max   |    min   |    max   | min | max |   Type  |
        +------------------------------------------------------------------------------------+------------------------------------------------------------------------+---------+---------+----------+----------+-----+-----+---------+
        |grp_dense_latency_ap_fixed_13_4_4_0_0_ap_fixed_13_4_4_0_0_config5_dense_s_fu_832    |dense_latency_ap_fixed_13_4_4_0_0_ap_fixed_13_4_4_0_0_config5_dense_s   |        1|        1|  5.000 ns|  5.000 ns|    1|    1|      yes|
        |grp_dense_latency_ap_fixed_13_4_4_0_0_ap_fixed_13_4_4_0_0_config5_dense_s_fu_854    |dense_latency_ap_fixed_13_4_4_0_0_ap_fixed_13_4_4_0_0_config5_dense_s   |        1|        1|  5.000 ns|  5.000 ns|    1|    1|      yes|
        |grp_dense_latency_ap_fixed_13_4_4_0_0_ap_fixed_13_4_4_0_0_config5_dense_1_fu_876    |dense_latency_ap_fixed_13_4_4_0_0_ap_fixed_13_4_4_0_0_config5_dense_1   |        1|        1|  5.000 ns|  5.000 ns|    1|    1|      yes|
        |grp_dense_latency_ap_fixed_13_4_4_0_0_ap_fixed_13_4_4_0_0_config5_dense_1_fu_898    |dense_latency_ap_fixed_13_4_4_0_0_ap_fixed_13_4_4_0_0_config5_dense_1   |        1|        1|  5.000 ns|  5.000 ns|    1|    1|      yes|
        |grp_dense_latency_ap_fixed_13_4_4_0_0_ap_fixed_13_4_4_0_0_config5_dense_2_fu_920    |dense_latency_ap_fixed_13_4_4_0_0_ap_fixed_13_4_4_0_0_config5_dense_2   |        1|        1|  5.000 ns|  5.000 ns|    1|    1|      yes|
        |grp_dense_latency_ap_fixed_13_4_4_0_0_ap_fixed_13_4_4_0_0_config5_dense_2_fu_942    |dense_latency_ap_fixed_13_4_4_0_0_ap_fixed_13_4_4_0_0_config5_dense_2   |        1|        1|  5.000 ns|  5.000 ns|    1|    1|      yes|
        |grp_dense_latency_ap_fixed_13_4_4_0_0_ap_fixed_13_4_4_0_0_config5_dense_3_fu_964    |dense_latency_ap_fixed_13_4_4_0_0_ap_fixed_13_4_4_0_0_config5_dense_3   |        1|        1|  5.000 ns|  5.000 ns|    1|    1|      yes|
        |grp_dense_latency_ap_fixed_13_4_4_0_0_ap_fixed_13_4_4_0_0_config5_dense_3_fu_986    |dense_latency_ap_fixed_13_4_4_0_0_ap_fixed_13_4_4_0_0_config5_dense_3   |        1|        1|  5.000 ns|  5.000 ns|    1|    1|      yes|
        |grp_dense_latency_ap_fixed_13_4_4_0_0_ap_fixed_13_4_4_0_0_config5_dense_4_fu_1008   |dense_latency_ap_fixed_13_4_4_0_0_ap_fixed_13_4_4_0_0_config5_dense_4   |        1|        1|  5.000 ns|  5.000 ns|    1|    1|      yes|
        |grp_dense_latency_ap_fixed_13_4_4_0_0_ap_fixed_13_4_4_0_0_config5_dense_4_fu_1030   |dense_latency_ap_fixed_13_4_4_0_0_ap_fixed_13_4_4_0_0_config5_dense_4   |        1|        1|  5.000 ns|  5.000 ns|    1|    1|      yes|
        |grp_dense_latency_ap_fixed_13_4_4_0_0_ap_fixed_13_4_4_0_0_config5_dense_5_fu_1052   |dense_latency_ap_fixed_13_4_4_0_0_ap_fixed_13_4_4_0_0_config5_dense_5   |        1|        1|  5.000 ns|  5.000 ns|    1|    1|      yes|
        |grp_dense_latency_ap_fixed_13_4_4_0_0_ap_fixed_13_4_4_0_0_config5_dense_5_fu_1074   |dense_latency_ap_fixed_13_4_4_0_0_ap_fixed_13_4_4_0_0_config5_dense_5   |        1|        1|  5.000 ns|  5.000 ns|    1|    1|      yes|
        |grp_dense_latency_ap_fixed_13_4_4_0_0_ap_fixed_13_4_4_0_0_config5_dense_6_fu_1096   |dense_latency_ap_fixed_13_4_4_0_0_ap_fixed_13_4_4_0_0_config5_dense_6   |        1|        1|  5.000 ns|  5.000 ns|    1|    1|      yes|
        |grp_dense_latency_ap_fixed_13_4_4_0_0_ap_fixed_13_4_4_0_0_config5_dense_6_fu_1118   |dense_latency_ap_fixed_13_4_4_0_0_ap_fixed_13_4_4_0_0_config5_dense_6   |        1|        1|  5.000 ns|  5.000 ns|    1|    1|      yes|
        |grp_dense_latency_ap_fixed_13_4_4_0_0_ap_fixed_13_4_4_0_0_config5_dense_7_fu_1140   |dense_latency_ap_fixed_13_4_4_0_0_ap_fixed_13_4_4_0_0_config5_dense_7   |        1|        1|  5.000 ns|  5.000 ns|    1|    1|      yes|
        |grp_dense_latency_ap_fixed_13_4_4_0_0_ap_fixed_13_4_4_0_0_config5_dense_7_fu_1162   |dense_latency_ap_fixed_13_4_4_0_0_ap_fixed_13_4_4_0_0_config5_dense_7   |        1|        1|  5.000 ns|  5.000 ns|    1|    1|      yes|
        |grp_dense_latency_ap_fixed_13_4_4_0_0_ap_fixed_13_4_4_0_0_config5_dense_8_fu_1184   |dense_latency_ap_fixed_13_4_4_0_0_ap_fixed_13_4_4_0_0_config5_dense_8   |        1|        1|  5.000 ns|  5.000 ns|    1|    1|      yes|
        |grp_dense_latency_ap_fixed_13_4_4_0_0_ap_fixed_13_4_4_0_0_config5_dense_8_fu_1206   |dense_latency_ap_fixed_13_4_4_0_0_ap_fixed_13_4_4_0_0_config5_dense_8   |        1|        1|  5.000 ns|  5.000 ns|    1|    1|      yes|
        |grp_dense_latency_ap_fixed_13_4_4_0_0_ap_fixed_13_4_4_0_0_config5_dense_9_fu_1228   |dense_latency_ap_fixed_13_4_4_0_0_ap_fixed_13_4_4_0_0_config5_dense_9   |        1|        1|  5.000 ns|  5.000 ns|    1|    1|      yes|
        |grp_dense_latency_ap_fixed_13_4_4_0_0_ap_fixed_13_4_4_0_0_config5_dense_9_fu_1250   |dense_latency_ap_fixed_13_4_4_0_0_ap_fixed_13_4_4_0_0_config5_dense_9   |        1|        1|  5.000 ns|  5.000 ns|    1|    1|      yes|
        |grp_dense_latency_ap_fixed_13_4_4_0_0_ap_fixed_13_4_4_0_0_config5_dense_10_fu_1272  |dense_latency_ap_fixed_13_4_4_0_0_ap_fixed_13_4_4_0_0_config5_dense_10  |        1|        1|  5.000 ns|  5.000 ns|    1|    1|      yes|
        |grp_dense_latency_ap_fixed_13_4_4_0_0_ap_fixed_13_4_4_0_0_config5_dense_10_fu_1294  |dense_latency_ap_fixed_13_4_4_0_0_ap_fixed_13_4_4_0_0_config5_dense_10  |        1|        1|  5.000 ns|  5.000 ns|    1|    1|      yes|
        |grp_dense_latency_ap_fixed_13_4_4_0_0_ap_fixed_13_4_4_0_0_config5_dense_11_fu_1316  |dense_latency_ap_fixed_13_4_4_0_0_ap_fixed_13_4_4_0_0_config5_dense_11  |        1|        1|  5.000 ns|  5.000 ns|    1|    1|      yes|
        |grp_dense_latency_ap_fixed_13_4_4_0_0_ap_fixed_13_4_4_0_0_config5_dense_11_fu_1338  |dense_latency_ap_fixed_13_4_4_0_0_ap_fixed_13_4_4_0_0_config5_dense_11  |        1|        1|  5.000 ns|  5.000 ns|    1|    1|      yes|
        +------------------------------------------------------------------------------------+------------------------------------------------------------------------+---------+---------+----------+----------+-----+-----+---------+

        * Loop: 
        N/A



================================================================
== Utilization Estimates
================================================================
* Summary: 
+---------------------+---------+-------+---------+---------+------+
|         Name        | BRAM_18K|  DSP  |    FF   |   LUT   | URAM |
+---------------------+---------+-------+---------+---------+------+
|DSP                  |        -|      -|        -|        -|     -|
|Expression           |        -|      -|        -|        -|     -|
|FIFO                 |        -|      -|        -|        -|     -|
|Instance             |        -|     96|     1440|    18288|     -|
|Memory               |        -|      -|        -|        -|     -|
|Multiplexer          |        -|      -|        -|      672|     -|
|Register             |        -|      -|      625|        -|     -|
+---------------------+---------+-------+---------+---------+------+
|Total                |        0|     96|     2065|    18960|     0|
+---------------------+---------+-------+---------+---------+------+
|Available SLR        |     1344|   3072|   864000|   432000|   320|
+---------------------+---------+-------+---------+---------+------+
|Utilization SLR (%)  |        0|      3|       ~0|        4|     0|
+---------------------+---------+-------+---------+---------+------+
|Available            |     5376|  12288|  3456000|  1728000|  1280|
+---------------------+---------+-------+---------+---------+------+
|Utilization (%)      |        0|     ~0|       ~0|        1|     0|
+---------------------+---------+-------+---------+---------+------+

+ Detail: 
    * Instance: 
    +------------------------------------------------------------------------------------+------------------------------------------------------------------------+---------+----+----+-----+-----+
    |                                      Instance                                      |                                 Module                                 | BRAM_18K| DSP| FF | LUT | URAM|
    +------------------------------------------------------------------------------------+------------------------------------------------------------------------+---------+----+----+-----+-----+
    |grp_dense_latency_ap_fixed_13_4_4_0_0_ap_fixed_13_4_4_0_0_config5_dense_1_fu_876    |dense_latency_ap_fixed_13_4_4_0_0_ap_fixed_13_4_4_0_0_config5_dense_1   |        0|   4|  60|  762|    0|
    |grp_dense_latency_ap_fixed_13_4_4_0_0_ap_fixed_13_4_4_0_0_config5_dense_1_fu_898    |dense_latency_ap_fixed_13_4_4_0_0_ap_fixed_13_4_4_0_0_config5_dense_1   |        0|   4|  60|  762|    0|
    |grp_dense_latency_ap_fixed_13_4_4_0_0_ap_fixed_13_4_4_0_0_config5_dense_10_fu_1272  |dense_latency_ap_fixed_13_4_4_0_0_ap_fixed_13_4_4_0_0_config5_dense_10  |        0|   4|  60|  762|    0|
    |grp_dense_latency_ap_fixed_13_4_4_0_0_ap_fixed_13_4_4_0_0_config5_dense_10_fu_1294  |dense_latency_ap_fixed_13_4_4_0_0_ap_fixed_13_4_4_0_0_config5_dense_10  |        0|   4|  60|  762|    0|
    |grp_dense_latency_ap_fixed_13_4_4_0_0_ap_fixed_13_4_4_0_0_config5_dense_11_fu_1316  |dense_latency_ap_fixed_13_4_4_0_0_ap_fixed_13_4_4_0_0_config5_dense_11  |        0|   4|  60|  762|    0|
    |grp_dense_latency_ap_fixed_13_4_4_0_0_ap_fixed_13_4_4_0_0_config5_dense_11_fu_1338  |dense_latency_ap_fixed_13_4_4_0_0_ap_fixed_13_4_4_0_0_config5_dense_11  |        0|   4|  60|  762|    0|
    |grp_dense_latency_ap_fixed_13_4_4_0_0_ap_fixed_13_4_4_0_0_config5_dense_2_fu_920    |dense_latency_ap_fixed_13_4_4_0_0_ap_fixed_13_4_4_0_0_config5_dense_2   |        0|   4|  60|  762|    0|
    |grp_dense_latency_ap_fixed_13_4_4_0_0_ap_fixed_13_4_4_0_0_config5_dense_2_fu_942    |dense_latency_ap_fixed_13_4_4_0_0_ap_fixed_13_4_4_0_0_config5_dense_2   |        0|   4|  60|  762|    0|
    |grp_dense_latency_ap_fixed_13_4_4_0_0_ap_fixed_13_4_4_0_0_config5_dense_3_fu_964    |dense_latency_ap_fixed_13_4_4_0_0_ap_fixed_13_4_4_0_0_config5_dense_3   |        0|   4|  60|  762|    0|
    |grp_dense_latency_ap_fixed_13_4_4_0_0_ap_fixed_13_4_4_0_0_config5_dense_3_fu_986    |dense_latency_ap_fixed_13_4_4_0_0_ap_fixed_13_4_4_0_0_config5_dense_3   |        0|   4|  60|  762|    0|
    |grp_dense_latency_ap_fixed_13_4_4_0_0_ap_fixed_13_4_4_0_0_config5_dense_4_fu_1008   |dense_latency_ap_fixed_13_4_4_0_0_ap_fixed_13_4_4_0_0_config5_dense_4   |        0|   4|  60|  762|    0|
    |grp_dense_latency_ap_fixed_13_4_4_0_0_ap_fixed_13_4_4_0_0_config5_dense_4_fu_1030   |dense_latency_ap_fixed_13_4_4_0_0_ap_fixed_13_4_4_0_0_config5_dense_4   |        0|   4|  60|  762|    0|
    |grp_dense_latency_ap_fixed_13_4_4_0_0_ap_fixed_13_4_4_0_0_config5_dense_5_fu_1052   |dense_latency_ap_fixed_13_4_4_0_0_ap_fixed_13_4_4_0_0_config5_dense_5   |        0|   4|  60|  762|    0|
    |grp_dense_latency_ap_fixed_13_4_4_0_0_ap_fixed_13_4_4_0_0_config5_dense_5_fu_1074   |dense_latency_ap_fixed_13_4_4_0_0_ap_fixed_13_4_4_0_0_config5_dense_5   |        0|   4|  60|  762|    0|
    |grp_dense_latency_ap_fixed_13_4_4_0_0_ap_fixed_13_4_4_0_0_config5_dense_6_fu_1096   |dense_latency_ap_fixed_13_4_4_0_0_ap_fixed_13_4_4_0_0_config5_dense_6   |        0|   4|  60|  762|    0|
    |grp_dense_latency_ap_fixed_13_4_4_0_0_ap_fixed_13_4_4_0_0_config5_dense_6_fu_1118   |dense_latency_ap_fixed_13_4_4_0_0_ap_fixed_13_4_4_0_0_config5_dense_6   |        0|   4|  60|  762|    0|
    |grp_dense_latency_ap_fixed_13_4_4_0_0_ap_fixed_13_4_4_0_0_config5_dense_7_fu_1140   |dense_latency_ap_fixed_13_4_4_0_0_ap_fixed_13_4_4_0_0_config5_dense_7   |        0|   4|  60|  762|    0|
    |grp_dense_latency_ap_fixed_13_4_4_0_0_ap_fixed_13_4_4_0_0_config5_dense_7_fu_1162   |dense_latency_ap_fixed_13_4_4_0_0_ap_fixed_13_4_4_0_0_config5_dense_7   |        0|   4|  60|  762|    0|
    |grp_dense_latency_ap_fixed_13_4_4_0_0_ap_fixed_13_4_4_0_0_config5_dense_8_fu_1184   |dense_latency_ap_fixed_13_4_4_0_0_ap_fixed_13_4_4_0_0_config5_dense_8   |        0|   4|  60|  762|    0|
    |grp_dense_latency_ap_fixed_13_4_4_0_0_ap_fixed_13_4_4_0_0_config5_dense_8_fu_1206   |dense_latency_ap_fixed_13_4_4_0_0_ap_fixed_13_4_4_0_0_config5_dense_8   |        0|   4|  60|  762|    0|
    |grp_dense_latency_ap_fixed_13_4_4_0_0_ap_fixed_13_4_4_0_0_config5_dense_9_fu_1228   |dense_latency_ap_fixed_13_4_4_0_0_ap_fixed_13_4_4_0_0_config5_dense_9   |        0|   4|  60|  762|    0|
    |grp_dense_latency_ap_fixed_13_4_4_0_0_ap_fixed_13_4_4_0_0_config5_dense_9_fu_1250   |dense_latency_ap_fixed_13_4_4_0_0_ap_fixed_13_4_4_0_0_config5_dense_9   |        0|   4|  60|  762|    0|
    |grp_dense_latency_ap_fixed_13_4_4_0_0_ap_fixed_13_4_4_0_0_config5_dense_s_fu_832    |dense_latency_ap_fixed_13_4_4_0_0_ap_fixed_13_4_4_0_0_config5_dense_s   |        0|   4|  60|  762|    0|
    |grp_dense_latency_ap_fixed_13_4_4_0_0_ap_fixed_13_4_4_0_0_config5_dense_s_fu_854    |dense_latency_ap_fixed_13_4_4_0_0_ap_fixed_13_4_4_0_0_config5_dense_s   |        0|   4|  60|  762|    0|
    +------------------------------------------------------------------------------------+------------------------------------------------------------------------+---------+----+----+-----+-----+
    |Total                                                                               |                                                                        |        0|  96|1440|18288|    0|
    +------------------------------------------------------------------------------------+------------------------------------------------------------------------+---------+----+----+-----+-----+

    * DSP: 
    N/A

    * Memory: 
    N/A

    * FIFO: 
    N/A

    * Expression: 
    N/A

    * Multiplexer: 
    +--------------+----+-----------+-----+-----------+
    |     Name     | LUT| Input Size| Bits| Total Bits|
    +--------------+----+-----------+-----+-----------+
    |ap_return_0   |  14|          3|   13|         39|
    |ap_return_1   |  14|          3|   13|         39|
    |ap_return_10  |  14|          3|   13|         39|
    |ap_return_11  |  14|          3|   13|         39|
    |ap_return_12  |  14|          3|   13|         39|
    |ap_return_13  |  14|          3|   13|         39|
    |ap_return_14  |  14|          3|   13|         39|
    |ap_return_15  |  14|          3|   13|         39|
    |ap_return_16  |  14|          3|   13|         39|
    |ap_return_17  |  14|          3|   13|         39|
    |ap_return_18  |  14|          3|   13|         39|
    |ap_return_19  |  14|          3|   13|         39|
    |ap_return_2   |  14|          3|   13|         39|
    |ap_return_20  |  14|          3|   13|         39|
    |ap_return_21  |  14|          3|   13|         39|
    |ap_return_22  |  14|          3|   13|         39|
    |ap_return_23  |  14|          3|   13|         39|
    |ap_return_24  |  14|          3|   13|         39|
    |ap_return_25  |  14|          3|   13|         39|
    |ap_return_26  |  14|          3|   13|         39|
    |ap_return_27  |  14|          3|   13|         39|
    |ap_return_28  |  14|          3|   13|         39|
    |ap_return_29  |  14|          3|   13|         39|
    |ap_return_3   |  14|          3|   13|         39|
    |ap_return_30  |  14|          3|   13|         39|
    |ap_return_31  |  14|          3|   13|         39|
    |ap_return_32  |  14|          3|   13|         39|
    |ap_return_33  |  14|          3|   13|         39|
    |ap_return_34  |  14|          3|   13|         39|
    |ap_return_35  |  14|          3|   13|         39|
    |ap_return_36  |  14|          3|   13|         39|
    |ap_return_37  |  14|          3|   13|         39|
    |ap_return_38  |  14|          3|   13|         39|
    |ap_return_39  |  14|          3|   13|         39|
    |ap_return_4   |  14|          3|   13|         39|
    |ap_return_40  |  14|          3|   13|         39|
    |ap_return_41  |  14|          3|   13|         39|
    |ap_return_42  |  14|          3|   13|         39|
    |ap_return_43  |  14|          3|   13|         39|
    |ap_return_44  |  14|          3|   13|         39|
    |ap_return_45  |  14|          3|   13|         39|
    |ap_return_46  |  14|          3|   13|         39|
    |ap_return_47  |  14|          3|   13|         39|
    |ap_return_5   |  14|          3|   13|         39|
    |ap_return_6   |  14|          3|   13|         39|
    |ap_return_7   |  14|          3|   13|         39|
    |ap_return_8   |  14|          3|   13|         39|
    |ap_return_9   |  14|          3|   13|         39|
    +--------------+----+-----------+-----+-----------+
    |Total         | 672|        144|  624|       1872|
    +--------------+----+-----------+-----+-----------+

    * Register: 
    +----------------------+----+----+-----+-----------+
    |         Name         | FF | LUT| Bits| Const Bits|
    +----------------------+----+----+-----+-----------+
    |ap_ce_reg             |   1|   0|    1|          0|
    |ap_return_0_int_reg   |  13|   0|   13|          0|
    |ap_return_10_int_reg  |  13|   0|   13|          0|
    |ap_return_11_int_reg  |  13|   0|   13|          0|
    |ap_return_12_int_reg  |  13|   0|   13|          0|
    |ap_return_13_int_reg  |  13|   0|   13|          0|
    |ap_return_14_int_reg  |  13|   0|   13|          0|
    |ap_return_15_int_reg  |  13|   0|   13|          0|
    |ap_return_16_int_reg  |  13|   0|   13|          0|
    |ap_return_17_int_reg  |  13|   0|   13|          0|
    |ap_return_18_int_reg  |  13|   0|   13|          0|
    |ap_return_19_int_reg  |  13|   0|   13|          0|
    |ap_return_1_int_reg   |  13|   0|   13|          0|
    |ap_return_20_int_reg  |  13|   0|   13|          0|
    |ap_return_21_int_reg  |  13|   0|   13|          0|
    |ap_return_22_int_reg  |  13|   0|   13|          0|
    |ap_return_23_int_reg  |  13|   0|   13|          0|
    |ap_return_24_int_reg  |  13|   0|   13|          0|
    |ap_return_25_int_reg  |  13|   0|   13|          0|
    |ap_return_26_int_reg  |  13|   0|   13|          0|
    |ap_return_27_int_reg  |  13|   0|   13|          0|
    |ap_return_28_int_reg  |  13|   0|   13|          0|
    |ap_return_29_int_reg  |  13|   0|   13|          0|
    |ap_return_2_int_reg   |  13|   0|   13|          0|
    |ap_return_30_int_reg  |  13|   0|   13|          0|
    |ap_return_31_int_reg  |  13|   0|   13|          0|
    |ap_return_32_int_reg  |  13|   0|   13|          0|
    |ap_return_33_int_reg  |  13|   0|   13|          0|
    |ap_return_34_int_reg  |  13|   0|   13|          0|
    |ap_return_35_int_reg  |  13|   0|   13|          0|
    |ap_return_36_int_reg  |  13|   0|   13|          0|
    |ap_return_37_int_reg  |  13|   0|   13|          0|
    |ap_return_38_int_reg  |  13|   0|   13|          0|
    |ap_return_39_int_reg  |  13|   0|   13|          0|
    |ap_return_3_int_reg   |  13|   0|   13|          0|
    |ap_return_40_int_reg  |  13|   0|   13|          0|
    |ap_return_41_int_reg  |  13|   0|   13|          0|
    |ap_return_42_int_reg  |  13|   0|   13|          0|
    |ap_return_43_int_reg  |  13|   0|   13|          0|
    |ap_return_44_int_reg  |  13|   0|   13|          0|
    |ap_return_45_int_reg  |  13|   0|   13|          0|
    |ap_return_46_int_reg  |  13|   0|   13|          0|
    |ap_return_47_int_reg  |  13|   0|   13|          0|
    |ap_return_4_int_reg   |  13|   0|   13|          0|
    |ap_return_5_int_reg   |  13|   0|   13|          0|
    |ap_return_6_int_reg   |  13|   0|   13|          0|
    |ap_return_7_int_reg   |  13|   0|   13|          0|
    |ap_return_8_int_reg   |  13|   0|   13|          0|
    |ap_return_9_int_reg   |  13|   0|   13|          0|
    +----------------------+----+----+-----+-----------+
    |Total                 | 625|   0|  625|          0|
    +----------------------+----+----+-----+-----------+



================================================================
== Interface
================================================================
* Summary: 
+------------------+-----+-----+------------+------------------------------------------------------------------+--------------+
|     RTL Ports    | Dir | Bits|  Protocol  |                           Source Object                          |    C Type    |
+------------------+-----+-----+------------+------------------------------------------------------------------+--------------+
|ap_clk            |   in|    1|  ap_ctrl_hs|  bmm<ap_fixed<13, 4, 4, 0, 0>, ap_fixed<13, 4, 4, 0, 0>, config5>|  return value|
|ap_rst            |   in|    1|  ap_ctrl_hs|  bmm<ap_fixed<13, 4, 4, 0, 0>, ap_fixed<13, 4, 4, 0, 0>, config5>|  return value|
|ap_return_0       |  out|   13|  ap_ctrl_hs|  bmm<ap_fixed<13, 4, 4, 0, 0>, ap_fixed<13, 4, 4, 0, 0>, config5>|  return value|
|ap_return_1       |  out|   13|  ap_ctrl_hs|  bmm<ap_fixed<13, 4, 4, 0, 0>, ap_fixed<13, 4, 4, 0, 0>, config5>|  return value|
|ap_return_2       |  out|   13|  ap_ctrl_hs|  bmm<ap_fixed<13, 4, 4, 0, 0>, ap_fixed<13, 4, 4, 0, 0>, config5>|  return value|
|ap_return_3       |  out|   13|  ap_ctrl_hs|  bmm<ap_fixed<13, 4, 4, 0, 0>, ap_fixed<13, 4, 4, 0, 0>, config5>|  return value|
|ap_return_4       |  out|   13|  ap_ctrl_hs|  bmm<ap_fixed<13, 4, 4, 0, 0>, ap_fixed<13, 4, 4, 0, 0>, config5>|  return value|
|ap_return_5       |  out|   13|  ap_ctrl_hs|  bmm<ap_fixed<13, 4, 4, 0, 0>, ap_fixed<13, 4, 4, 0, 0>, config5>|  return value|
|ap_return_6       |  out|   13|  ap_ctrl_hs|  bmm<ap_fixed<13, 4, 4, 0, 0>, ap_fixed<13, 4, 4, 0, 0>, config5>|  return value|
|ap_return_7       |  out|   13|  ap_ctrl_hs|  bmm<ap_fixed<13, 4, 4, 0, 0>, ap_fixed<13, 4, 4, 0, 0>, config5>|  return value|
|ap_return_8       |  out|   13|  ap_ctrl_hs|  bmm<ap_fixed<13, 4, 4, 0, 0>, ap_fixed<13, 4, 4, 0, 0>, config5>|  return value|
|ap_return_9       |  out|   13|  ap_ctrl_hs|  bmm<ap_fixed<13, 4, 4, 0, 0>, ap_fixed<13, 4, 4, 0, 0>, config5>|  return value|
|ap_return_10      |  out|   13|  ap_ctrl_hs|  bmm<ap_fixed<13, 4, 4, 0, 0>, ap_fixed<13, 4, 4, 0, 0>, config5>|  return value|
|ap_return_11      |  out|   13|  ap_ctrl_hs|  bmm<ap_fixed<13, 4, 4, 0, 0>, ap_fixed<13, 4, 4, 0, 0>, config5>|  return value|
|ap_return_12      |  out|   13|  ap_ctrl_hs|  bmm<ap_fixed<13, 4, 4, 0, 0>, ap_fixed<13, 4, 4, 0, 0>, config5>|  return value|
|ap_return_13      |  out|   13|  ap_ctrl_hs|  bmm<ap_fixed<13, 4, 4, 0, 0>, ap_fixed<13, 4, 4, 0, 0>, config5>|  return value|
|ap_return_14      |  out|   13|  ap_ctrl_hs|  bmm<ap_fixed<13, 4, 4, 0, 0>, ap_fixed<13, 4, 4, 0, 0>, config5>|  return value|
|ap_return_15      |  out|   13|  ap_ctrl_hs|  bmm<ap_fixed<13, 4, 4, 0, 0>, ap_fixed<13, 4, 4, 0, 0>, config5>|  return value|
|ap_return_16      |  out|   13|  ap_ctrl_hs|  bmm<ap_fixed<13, 4, 4, 0, 0>, ap_fixed<13, 4, 4, 0, 0>, config5>|  return value|
|ap_return_17      |  out|   13|  ap_ctrl_hs|  bmm<ap_fixed<13, 4, 4, 0, 0>, ap_fixed<13, 4, 4, 0, 0>, config5>|  return value|
|ap_return_18      |  out|   13|  ap_ctrl_hs|  bmm<ap_fixed<13, 4, 4, 0, 0>, ap_fixed<13, 4, 4, 0, 0>, config5>|  return value|
|ap_return_19      |  out|   13|  ap_ctrl_hs|  bmm<ap_fixed<13, 4, 4, 0, 0>, ap_fixed<13, 4, 4, 0, 0>, config5>|  return value|
|ap_return_20      |  out|   13|  ap_ctrl_hs|  bmm<ap_fixed<13, 4, 4, 0, 0>, ap_fixed<13, 4, 4, 0, 0>, config5>|  return value|
|ap_return_21      |  out|   13|  ap_ctrl_hs|  bmm<ap_fixed<13, 4, 4, 0, 0>, ap_fixed<13, 4, 4, 0, 0>, config5>|  return value|
|ap_return_22      |  out|   13|  ap_ctrl_hs|  bmm<ap_fixed<13, 4, 4, 0, 0>, ap_fixed<13, 4, 4, 0, 0>, config5>|  return value|
|ap_return_23      |  out|   13|  ap_ctrl_hs|  bmm<ap_fixed<13, 4, 4, 0, 0>, ap_fixed<13, 4, 4, 0, 0>, config5>|  return value|
|ap_return_24      |  out|   13|  ap_ctrl_hs|  bmm<ap_fixed<13, 4, 4, 0, 0>, ap_fixed<13, 4, 4, 0, 0>, config5>|  return value|
|ap_return_25      |  out|   13|  ap_ctrl_hs|  bmm<ap_fixed<13, 4, 4, 0, 0>, ap_fixed<13, 4, 4, 0, 0>, config5>|  return value|
|ap_return_26      |  out|   13|  ap_ctrl_hs|  bmm<ap_fixed<13, 4, 4, 0, 0>, ap_fixed<13, 4, 4, 0, 0>, config5>|  return value|
|ap_return_27      |  out|   13|  ap_ctrl_hs|  bmm<ap_fixed<13, 4, 4, 0, 0>, ap_fixed<13, 4, 4, 0, 0>, config5>|  return value|
|ap_return_28      |  out|   13|  ap_ctrl_hs|  bmm<ap_fixed<13, 4, 4, 0, 0>, ap_fixed<13, 4, 4, 0, 0>, config5>|  return value|
|ap_return_29      |  out|   13|  ap_ctrl_hs|  bmm<ap_fixed<13, 4, 4, 0, 0>, ap_fixed<13, 4, 4, 0, 0>, config5>|  return value|
|ap_return_30      |  out|   13|  ap_ctrl_hs|  bmm<ap_fixed<13, 4, 4, 0, 0>, ap_fixed<13, 4, 4, 0, 0>, config5>|  return value|
|ap_return_31      |  out|   13|  ap_ctrl_hs|  bmm<ap_fixed<13, 4, 4, 0, 0>, ap_fixed<13, 4, 4, 0, 0>, config5>|  return value|
|ap_return_32      |  out|   13|  ap_ctrl_hs|  bmm<ap_fixed<13, 4, 4, 0, 0>, ap_fixed<13, 4, 4, 0, 0>, config5>|  return value|
|ap_return_33      |  out|   13|  ap_ctrl_hs|  bmm<ap_fixed<13, 4, 4, 0, 0>, ap_fixed<13, 4, 4, 0, 0>, config5>|  return value|
|ap_return_34      |  out|   13|  ap_ctrl_hs|  bmm<ap_fixed<13, 4, 4, 0, 0>, ap_fixed<13, 4, 4, 0, 0>, config5>|  return value|
|ap_return_35      |  out|   13|  ap_ctrl_hs|  bmm<ap_fixed<13, 4, 4, 0, 0>, ap_fixed<13, 4, 4, 0, 0>, config5>|  return value|
|ap_return_36      |  out|   13|  ap_ctrl_hs|  bmm<ap_fixed<13, 4, 4, 0, 0>, ap_fixed<13, 4, 4, 0, 0>, config5>|  return value|
|ap_return_37      |  out|   13|  ap_ctrl_hs|  bmm<ap_fixed<13, 4, 4, 0, 0>, ap_fixed<13, 4, 4, 0, 0>, config5>|  return value|
|ap_return_38      |  out|   13|  ap_ctrl_hs|  bmm<ap_fixed<13, 4, 4, 0, 0>, ap_fixed<13, 4, 4, 0, 0>, config5>|  return value|
|ap_return_39      |  out|   13|  ap_ctrl_hs|  bmm<ap_fixed<13, 4, 4, 0, 0>, ap_fixed<13, 4, 4, 0, 0>, config5>|  return value|
|ap_return_40      |  out|   13|  ap_ctrl_hs|  bmm<ap_fixed<13, 4, 4, 0, 0>, ap_fixed<13, 4, 4, 0, 0>, config5>|  return value|
|ap_return_41      |  out|   13|  ap_ctrl_hs|  bmm<ap_fixed<13, 4, 4, 0, 0>, ap_fixed<13, 4, 4, 0, 0>, config5>|  return value|
|ap_return_42      |  out|   13|  ap_ctrl_hs|  bmm<ap_fixed<13, 4, 4, 0, 0>, ap_fixed<13, 4, 4, 0, 0>, config5>|  return value|
|ap_return_43      |  out|   13|  ap_ctrl_hs|  bmm<ap_fixed<13, 4, 4, 0, 0>, ap_fixed<13, 4, 4, 0, 0>, config5>|  return value|
|ap_return_44      |  out|   13|  ap_ctrl_hs|  bmm<ap_fixed<13, 4, 4, 0, 0>, ap_fixed<13, 4, 4, 0, 0>, config5>|  return value|
|ap_return_45      |  out|   13|  ap_ctrl_hs|  bmm<ap_fixed<13, 4, 4, 0, 0>, ap_fixed<13, 4, 4, 0, 0>, config5>|  return value|
|ap_return_46      |  out|   13|  ap_ctrl_hs|  bmm<ap_fixed<13, 4, 4, 0, 0>, ap_fixed<13, 4, 4, 0, 0>, config5>|  return value|
|ap_return_47      |  out|   13|  ap_ctrl_hs|  bmm<ap_fixed<13, 4, 4, 0, 0>, ap_fixed<13, 4, 4, 0, 0>, config5>|  return value|
|ap_ce             |   in|    1|  ap_ctrl_hs|  bmm<ap_fixed<13, 4, 4, 0, 0>, ap_fixed<13, 4, 4, 0, 0>, config5>|  return value|
|qk_0_val25        |   in|   13|     ap_none|                                                        qk_0_val25|        scalar|
|qk_1_val49        |   in|   13|     ap_none|                                                        qk_1_val49|        scalar|
|qk_2_val74        |   in|   13|     ap_none|                                                        qk_2_val74|        scalar|
|qk_3_val98        |   in|   13|     ap_none|                                                        qk_3_val98|        scalar|
|qk_4_val123       |   in|   13|     ap_none|                                                       qk_4_val123|        scalar|
|qk_5_val147       |   in|   13|     ap_none|                                                       qk_5_val147|        scalar|
|qk_6_val172       |   in|   13|     ap_none|                                                       qk_6_val172|        scalar|
|qk_7_val196       |   in|   13|     ap_none|                                                       qk_7_val196|        scalar|
|qk_8_val220       |   in|   13|     ap_none|                                                       qk_8_val220|        scalar|
|qk_9_val244       |   in|   13|     ap_none|                                                       qk_9_val244|        scalar|
|qk_10_val268      |   in|   13|     ap_none|                                                      qk_10_val268|        scalar|
|qk_11_val293      |   in|   13|     ap_none|                                                      qk_11_val293|        scalar|
|qk_12_val317      |   in|   13|     ap_none|                                                      qk_12_val317|        scalar|
|qk_13_val342      |   in|   13|     ap_none|                                                      qk_13_val342|        scalar|
|qk_14_val366      |   in|   13|     ap_none|                                                      qk_14_val366|        scalar|
|qk_15_val391      |   in|   13|     ap_none|                                                      qk_15_val391|        scalar|
|qk_16_val415      |   in|   13|     ap_none|                                                      qk_16_val415|        scalar|
|qk_17_val439      |   in|   13|     ap_none|                                                      qk_17_val439|        scalar|
|qk_18_val463      |   in|   13|     ap_none|                                                      qk_18_val463|        scalar|
|qk_19_val487      |   in|   13|     ap_none|                                                      qk_19_val487|        scalar|
|qk_20_val512      |   in|   13|     ap_none|                                                      qk_20_val512|        scalar|
|qk_21_val536      |   in|   13|     ap_none|                                                      qk_21_val536|        scalar|
|qk_22_val561      |   in|   13|     ap_none|                                                      qk_22_val561|        scalar|
|qk_23_val585      |   in|   13|     ap_none|                                                      qk_23_val585|        scalar|
|qk_24_val609      |   in|   13|     ap_none|                                                      qk_24_val609|        scalar|
|qk_25_val633      |   in|   13|     ap_none|                                                      qk_25_val633|        scalar|
|qk_26_val657      |   in|   13|     ap_none|                                                      qk_26_val657|        scalar|
|qk_27_val681      |   in|   13|     ap_none|                                                      qk_27_val681|        scalar|
|qk_28_val705      |   in|   13|     ap_none|                                                      qk_28_val705|        scalar|
|qk_29_val730      |   in|   13|     ap_none|                                                      qk_29_val730|        scalar|
|qk_30_val754      |   in|   13|     ap_none|                                                      qk_30_val754|        scalar|
|qk_31_val779      |   in|   13|     ap_none|                                                      qk_31_val779|        scalar|
|qk_32_val803      |   in|   13|     ap_none|                                                      qk_32_val803|        scalar|
|qk_33_val827      |   in|   13|     ap_none|                                                      qk_33_val827|        scalar|
|qk_34_val851      |   in|   13|     ap_none|                                                      qk_34_val851|        scalar|
|qk_35_val875      |   in|   13|     ap_none|                                                      qk_35_val875|        scalar|
|qk_36_val899      |   in|   13|     ap_none|                                                      qk_36_val899|        scalar|
|qk_37_val923      |   in|   13|     ap_none|                                                      qk_37_val923|        scalar|
|qk_38_val948      |   in|   13|     ap_none|                                                      qk_38_val948|        scalar|
|qk_39_val972      |   in|   13|     ap_none|                                                      qk_39_val972|        scalar|
|qk_40_val997      |   in|   13|     ap_none|                                                      qk_40_val997|        scalar|
|qk_41_val1021     |   in|   13|     ap_none|                                                     qk_41_val1021|        scalar|
|qk_42_val1045     |   in|   13|     ap_none|                                                     qk_42_val1045|        scalar|
|qk_43_val1069     |   in|   13|     ap_none|                                                     qk_43_val1069|        scalar|
|qk_44_val1093     |   in|   13|     ap_none|                                                     qk_44_val1093|        scalar|
|qk_45_val1117     |   in|   13|     ap_none|                                                     qk_45_val1117|        scalar|
|qk_46_val1141     |   in|   13|     ap_none|                                                     qk_46_val1141|        scalar|
|qk_47_val1166     |   in|   13|     ap_none|                                                     qk_47_val1166|        scalar|
|value_0_val1168   |   in|   13|     ap_none|                                                   value_0_val1168|        scalar|
|value_1_val1170   |   in|   13|     ap_none|                                                   value_1_val1170|        scalar|
|value_2_val1172   |   in|   13|     ap_none|                                                   value_2_val1172|        scalar|
|value_3_val1174   |   in|   13|     ap_none|                                                   value_3_val1174|        scalar|
|value_4_val1176   |   in|   13|     ap_none|                                                   value_4_val1176|        scalar|
|value_5_val1178   |   in|   13|     ap_none|                                                   value_5_val1178|        scalar|
|value_6_val1180   |   in|   13|     ap_none|                                                   value_6_val1180|        scalar|
|value_7_val1182   |   in|   13|     ap_none|                                                   value_7_val1182|        scalar|
|value_8_val1184   |   in|   13|     ap_none|                                                   value_8_val1184|        scalar|
|value_9_val1186   |   in|   13|     ap_none|                                                   value_9_val1186|        scalar|
|value_10_val1188  |   in|   13|     ap_none|                                                  value_10_val1188|        scalar|
|value_11_val1190  |   in|   13|     ap_none|                                                  value_11_val1190|        scalar|
|value_12_val1192  |   in|   13|     ap_none|                                                  value_12_val1192|        scalar|
|value_13_val1194  |   in|   13|     ap_none|                                                  value_13_val1194|        scalar|
|value_14_val1196  |   in|   13|     ap_none|                                                  value_14_val1196|        scalar|
|value_15_val1198  |   in|   13|     ap_none|                                                  value_15_val1198|        scalar|
|value_16_val1200  |   in|   13|     ap_none|                                                  value_16_val1200|        scalar|
|value_17_val1202  |   in|   13|     ap_none|                                                  value_17_val1202|        scalar|
|value_18_val1204  |   in|   13|     ap_none|                                                  value_18_val1204|        scalar|
|value_19_val1206  |   in|   13|     ap_none|                                                  value_19_val1206|        scalar|
|value_20_val1208  |   in|   13|     ap_none|                                                  value_20_val1208|        scalar|
|value_21_val1210  |   in|   13|     ap_none|                                                  value_21_val1210|        scalar|
|value_22_val1212  |   in|   13|     ap_none|                                                  value_22_val1212|        scalar|
|value_23_val1214  |   in|   13|     ap_none|                                                  value_23_val1214|        scalar|
|value_24_val1216  |   in|   13|     ap_none|                                                  value_24_val1216|        scalar|
|value_25_val1218  |   in|   13|     ap_none|                                                  value_25_val1218|        scalar|
|value_26_val1220  |   in|   13|     ap_none|                                                  value_26_val1220|        scalar|
|value_27_val1222  |   in|   13|     ap_none|                                                  value_27_val1222|        scalar|
|value_28_val1224  |   in|   13|     ap_none|                                                  value_28_val1224|        scalar|
|value_29_val1226  |   in|   13|     ap_none|                                                  value_29_val1226|        scalar|
|value_30_val1228  |   in|   13|     ap_none|                                                  value_30_val1228|        scalar|
|value_31_val1230  |   in|   13|     ap_none|                                                  value_31_val1230|        scalar|
|value_32_val1232  |   in|   13|     ap_none|                                                  value_32_val1232|        scalar|
|value_33_val1234  |   in|   13|     ap_none|                                                  value_33_val1234|        scalar|
|value_34_val1236  |   in|   13|     ap_none|                                                  value_34_val1236|        scalar|
|value_35_val1238  |   in|   13|     ap_none|                                                  value_35_val1238|        scalar|
|value_36_val1240  |   in|   13|     ap_none|                                                  value_36_val1240|        scalar|
|value_37_val1242  |   in|   13|     ap_none|                                                  value_37_val1242|        scalar|
|value_38_val1244  |   in|   13|     ap_none|                                                  value_38_val1244|        scalar|
|value_39_val1246  |   in|   13|     ap_none|                                                  value_39_val1246|        scalar|
|value_40_val1248  |   in|   13|     ap_none|                                                  value_40_val1248|        scalar|
|value_41_val1250  |   in|   13|     ap_none|                                                  value_41_val1250|        scalar|
|value_42_val1252  |   in|   13|     ap_none|                                                  value_42_val1252|        scalar|
|value_43_val1254  |   in|   13|     ap_none|                                                  value_43_val1254|        scalar|
|value_44_val1256  |   in|   13|     ap_none|                                                  value_44_val1256|        scalar|
|value_45_val1258  |   in|   13|     ap_none|                                                  value_45_val1258|        scalar|
|value_46_val1260  |   in|   13|     ap_none|                                                  value_46_val1260|        scalar|
|value_47_val1262  |   in|   13|     ap_none|                                                  value_47_val1262|        scalar|
+------------------+-----+-----+------------+------------------------------------------------------------------+--------------+

