

================================================================
== Synthesis Summary Report of 'myproject'
================================================================
+ General Information: 
    * Date:           Tue Feb 18 18:43:44 2025
    * Version:        2023.2 (Build 4023990 on Oct 11 2023)
    * Project:        myproject_prj
    * Solution:       solution1 (Vivado IP Flow Target)
    * Product family: virtexuplus
    * Target device:  xcvu13p-flga2577-2-e
    

+ Performance & Resource Estimates: 
    
    PS: '+' for module; 'o' for loop; '*' for dataflow
    +---------------------------------------------------------------+------+------+---------+--------+----------+---------+------+----------+------+----+------------+------------+-----+
    |                            Modules                            | Issue|      | Latency | Latency| Iteration|         | Trip |          |      |    |            |            |     |
    |                            & Loops                            | Type | Slack| (cycles)|  (ns)  |  Latency | Interval| Count| Pipelined| BRAM | DSP|     FF     |     LUT    | URAM|
    +---------------------------------------------------------------+------+------+---------+--------+----------+---------+------+----------+------+----+------------+------------+-----+
    |+ myproject                                                    |    II|  3.58|        0|   0.000|         -|        1|     -|       yes|     -|   -|  3278 (~0%)|  5646 (~0%)|    -|
    | + uniform_ap_fixed_16_6_5_3_0_ap_ufixed_16_0_5_3_0_config2_s  |    II|  3.58|        0|   0.000|         -|        1|     -|       yes|     -|   -|           -|  4600 (~0%)|    -|
    +---------------------------------------------------------------+------+------+---------+--------+----------+---------+------+----------+------+----+------------+------------+-----+


================================================================
== HW Interfaces
================================================================
* Other Ports
+----------------+--------+-----------+----------+
| Port           | Mode   | Direction | Bitwidth |
+----------------+--------+-----------+----------+
| layer2_out_0   | ap_vld | out       | 16       |
| layer2_out_1   | ap_vld | out       | 16       |
| layer2_out_10  | ap_vld | out       | 16       |
| layer2_out_100 | ap_vld | out       | 16       |
| layer2_out_101 | ap_vld | out       | 16       |
| layer2_out_102 | ap_vld | out       | 16       |
| layer2_out_103 | ap_vld | out       | 16       |
| layer2_out_104 | ap_vld | out       | 16       |
| layer2_out_105 | ap_vld | out       | 16       |
| layer2_out_106 | ap_vld | out       | 16       |
| layer2_out_107 | ap_vld | out       | 16       |
| layer2_out_108 | ap_vld | out       | 16       |
| layer2_out_109 | ap_vld | out       | 16       |
| layer2_out_11  | ap_vld | out       | 16       |
| layer2_out_110 | ap_vld | out       | 16       |
| layer2_out_111 | ap_vld | out       | 16       |
| layer2_out_112 | ap_vld | out       | 16       |
| layer2_out_113 | ap_vld | out       | 16       |
| layer2_out_114 | ap_vld | out       | 16       |
| layer2_out_115 | ap_vld | out       | 16       |
| layer2_out_116 | ap_vld | out       | 16       |
| layer2_out_117 | ap_vld | out       | 16       |
| layer2_out_118 | ap_vld | out       | 16       |
| layer2_out_119 | ap_vld | out       | 16       |
| layer2_out_12  | ap_vld | out       | 16       |
| layer2_out_120 | ap_vld | out       | 16       |
| layer2_out_121 | ap_vld | out       | 16       |
| layer2_out_122 | ap_vld | out       | 16       |
| layer2_out_123 | ap_vld | out       | 16       |
| layer2_out_124 | ap_vld | out       | 16       |
| layer2_out_125 | ap_vld | out       | 16       |
| layer2_out_126 | ap_vld | out       | 16       |
| layer2_out_127 | ap_vld | out       | 16       |
| layer2_out_128 | ap_vld | out       | 16       |
| layer2_out_129 | ap_vld | out       | 16       |
| layer2_out_13  | ap_vld | out       | 16       |
| layer2_out_130 | ap_vld | out       | 16       |
| layer2_out_131 | ap_vld | out       | 16       |
| layer2_out_132 | ap_vld | out       | 16       |
| layer2_out_133 | ap_vld | out       | 16       |
| layer2_out_134 | ap_vld | out       | 16       |
| layer2_out_135 | ap_vld | out       | 16       |
| layer2_out_136 | ap_vld | out       | 16       |
| layer2_out_137 | ap_vld | out       | 16       |
| layer2_out_138 | ap_vld | out       | 16       |
| layer2_out_139 | ap_vld | out       | 16       |
| layer2_out_14  | ap_vld | out       | 16       |
| layer2_out_140 | ap_vld | out       | 16       |
| layer2_out_141 | ap_vld | out       | 16       |
| layer2_out_142 | ap_vld | out       | 16       |
| layer2_out_143 | ap_vld | out       | 16       |
| layer2_out_144 | ap_vld | out       | 16       |
| layer2_out_145 | ap_vld | out       | 16       |
| layer2_out_146 | ap_vld | out       | 16       |
| layer2_out_147 | ap_vld | out       | 16       |
| layer2_out_148 | ap_vld | out       | 16       |
| layer2_out_149 | ap_vld | out       | 16       |
| layer2_out_15  | ap_vld | out       | 16       |
| layer2_out_150 | ap_vld | out       | 16       |
| layer2_out_151 | ap_vld | out       | 16       |
| layer2_out_152 | ap_vld | out       | 16       |
| layer2_out_153 | ap_vld | out       | 16       |
| layer2_out_154 | ap_vld | out       | 16       |
| layer2_out_155 | ap_vld | out       | 16       |
| layer2_out_156 | ap_vld | out       | 16       |
| layer2_out_157 | ap_vld | out       | 16       |
| layer2_out_158 | ap_vld | out       | 16       |
| layer2_out_159 | ap_vld | out       | 16       |
| layer2_out_16  | ap_vld | out       | 16       |
| layer2_out_160 | ap_vld | out       | 16       |
| layer2_out_161 | ap_vld | out       | 16       |
| layer2_out_162 | ap_vld | out       | 16       |
| layer2_out_163 | ap_vld | out       | 16       |
| layer2_out_164 | ap_vld | out       | 16       |
| layer2_out_165 | ap_vld | out       | 16       |
| layer2_out_166 | ap_vld | out       | 16       |
| layer2_out_167 | ap_vld | out       | 16       |
| layer2_out_168 | ap_vld | out       | 16       |
| layer2_out_169 | ap_vld | out       | 16       |
| layer2_out_17  | ap_vld | out       | 16       |
| layer2_out_170 | ap_vld | out       | 16       |
| layer2_out_171 | ap_vld | out       | 16       |
| layer2_out_172 | ap_vld | out       | 16       |
| layer2_out_173 | ap_vld | out       | 16       |
| layer2_out_174 | ap_vld | out       | 16       |
| layer2_out_175 | ap_vld | out       | 16       |
| layer2_out_176 | ap_vld | out       | 16       |
| layer2_out_177 | ap_vld | out       | 16       |
| layer2_out_178 | ap_vld | out       | 16       |
| layer2_out_179 | ap_vld | out       | 16       |
| layer2_out_18  | ap_vld | out       | 16       |
| layer2_out_180 | ap_vld | out       | 16       |
| layer2_out_181 | ap_vld | out       | 16       |
| layer2_out_182 | ap_vld | out       | 16       |
| layer2_out_183 | ap_vld | out       | 16       |
| layer2_out_184 | ap_vld | out       | 16       |
| layer2_out_185 | ap_vld | out       | 16       |
| layer2_out_186 | ap_vld | out       | 16       |
| layer2_out_187 | ap_vld | out       | 16       |
| layer2_out_188 | ap_vld | out       | 16       |
| layer2_out_189 | ap_vld | out       | 16       |
| layer2_out_19  | ap_vld | out       | 16       |
| layer2_out_190 | ap_vld | out       | 16       |
| layer2_out_191 | ap_vld | out       | 16       |
| layer2_out_192 | ap_vld | out       | 16       |
| layer2_out_193 | ap_vld | out       | 16       |
| layer2_out_194 | ap_vld | out       | 16       |
| layer2_out_195 | ap_vld | out       | 16       |
| layer2_out_196 | ap_vld | out       | 16       |
| layer2_out_197 | ap_vld | out       | 16       |
| layer2_out_198 | ap_vld | out       | 16       |
| layer2_out_199 | ap_vld | out       | 16       |
| layer2_out_2   | ap_vld | out       | 16       |
| layer2_out_20  | ap_vld | out       | 16       |
| layer2_out_21  | ap_vld | out       | 16       |
| layer2_out_22  | ap_vld | out       | 16       |
| layer2_out_23  | ap_vld | out       | 16       |
| layer2_out_24  | ap_vld | out       | 16       |
| layer2_out_25  | ap_vld | out       | 16       |
| layer2_out_26  | ap_vld | out       | 16       |
| layer2_out_27  | ap_vld | out       | 16       |
| layer2_out_28  | ap_vld | out       | 16       |
| layer2_out_29  | ap_vld | out       | 16       |
| layer2_out_3   | ap_vld | out       | 16       |
| layer2_out_30  | ap_vld | out       | 16       |
| layer2_out_31  | ap_vld | out       | 16       |
| layer2_out_32  | ap_vld | out       | 16       |
| layer2_out_33  | ap_vld | out       | 16       |
| layer2_out_34  | ap_vld | out       | 16       |
| layer2_out_35  | ap_vld | out       | 16       |
| layer2_out_36  | ap_vld | out       | 16       |
| layer2_out_37  | ap_vld | out       | 16       |
| layer2_out_38  | ap_vld | out       | 16       |
| layer2_out_39  | ap_vld | out       | 16       |
| layer2_out_4   | ap_vld | out       | 16       |
| layer2_out_40  | ap_vld | out       | 16       |
| layer2_out_41  | ap_vld | out       | 16       |
| layer2_out_42  | ap_vld | out       | 16       |
| layer2_out_43  | ap_vld | out       | 16       |
| layer2_out_44  | ap_vld | out       | 16       |
| layer2_out_45  | ap_vld | out       | 16       |
| layer2_out_46  | ap_vld | out       | 16       |
| layer2_out_47  | ap_vld | out       | 16       |
| layer2_out_48  | ap_vld | out       | 16       |
| layer2_out_49  | ap_vld | out       | 16       |
| layer2_out_5   | ap_vld | out       | 16       |
| layer2_out_50  | ap_vld | out       | 16       |
| layer2_out_51  | ap_vld | out       | 16       |
| layer2_out_52  | ap_vld | out       | 16       |
| layer2_out_53  | ap_vld | out       | 16       |
| layer2_out_54  | ap_vld | out       | 16       |
| layer2_out_55  | ap_vld | out       | 16       |
| layer2_out_56  | ap_vld | out       | 16       |
| layer2_out_57  | ap_vld | out       | 16       |
| layer2_out_58  | ap_vld | out       | 16       |
| layer2_out_59  | ap_vld | out       | 16       |
| layer2_out_6   | ap_vld | out       | 16       |
| layer2_out_60  | ap_vld | out       | 16       |
| layer2_out_61  | ap_vld | out       | 16       |
| layer2_out_62  | ap_vld | out       | 16       |
| layer2_out_63  | ap_vld | out       | 16       |
| layer2_out_64  | ap_vld | out       | 16       |
| layer2_out_65  | ap_vld | out       | 16       |
| layer2_out_66  | ap_vld | out       | 16       |
| layer2_out_67  | ap_vld | out       | 16       |
| layer2_out_68  | ap_vld | out       | 16       |
| layer2_out_69  | ap_vld | out       | 16       |
| layer2_out_7   | ap_vld | out       | 16       |
| layer2_out_70  | ap_vld | out       | 16       |
| layer2_out_71  | ap_vld | out       | 16       |
| layer2_out_72  | ap_vld | out       | 16       |
| layer2_out_73  | ap_vld | out       | 16       |
| layer2_out_74  | ap_vld | out       | 16       |
| layer2_out_75  | ap_vld | out       | 16       |
| layer2_out_76  | ap_vld | out       | 16       |
| layer2_out_77  | ap_vld | out       | 16       |
| layer2_out_78  | ap_vld | out       | 16       |
| layer2_out_79  | ap_vld | out       | 16       |
| layer2_out_8   | ap_vld | out       | 16       |
| layer2_out_80  | ap_vld | out       | 16       |
| layer2_out_81  | ap_vld | out       | 16       |
| layer2_out_82  | ap_vld | out       | 16       |
| layer2_out_83  | ap_vld | out       | 16       |
| layer2_out_84  | ap_vld | out       | 16       |
| layer2_out_85  | ap_vld | out       | 16       |
| layer2_out_86  | ap_vld | out       | 16       |
| layer2_out_87  | ap_vld | out       | 16       |
| layer2_out_88  | ap_vld | out       | 16       |
| layer2_out_89  | ap_vld | out       | 16       |
| layer2_out_9   | ap_vld | out       | 16       |
| layer2_out_90  | ap_vld | out       | 16       |
| layer2_out_91  | ap_vld | out       | 16       |
| layer2_out_92  | ap_vld | out       | 16       |
| layer2_out_93  | ap_vld | out       | 16       |
| layer2_out_94  | ap_vld | out       | 16       |
| layer2_out_95  | ap_vld | out       | 16       |
| layer2_out_96  | ap_vld | out       | 16       |
| layer2_out_97  | ap_vld | out       | 16       |
| layer2_out_98  | ap_vld | out       | 16       |
| layer2_out_99  | ap_vld | out       | 16       |
| x_0            | ap_vld | in        | 112      |
| x_1            | ap_vld | in        | 112      |
| x_10           | ap_vld | in        | 112      |
| x_11           | ap_vld | in        | 112      |
| x_12           | ap_vld | in        | 112      |
| x_13           | ap_vld | in        | 112      |
| x_14           | ap_vld | in        | 112      |
| x_15           | ap_vld | in        | 112      |
| x_16           | ap_vld | in        | 112      |
| x_17           | ap_vld | in        | 112      |
| x_18           | ap_vld | in        | 112      |
| x_19           | ap_vld | in        | 112      |
| x_2            | ap_vld | in        | 112      |
| x_20           | ap_vld | in        | 112      |
| x_21           | ap_vld | in        | 112      |
| x_22           | ap_vld | in        | 112      |
| x_23           | ap_vld | in        | 112      |
| x_24           | ap_vld | in        | 112      |
| x_25           | ap_vld | in        | 112      |
| x_26           | ap_vld | in        | 112      |
| x_27           | ap_vld | in        | 112      |
| x_28           | ap_vld | in        | 112      |
| x_29           | ap_vld | in        | 112      |
| x_3            | ap_vld | in        | 112      |
| x_30           | ap_vld | in        | 112      |
| x_31           | ap_vld | in        | 112      |
| x_4            | ap_vld | in        | 112      |
| x_5            | ap_vld | in        | 112      |
| x_6            | ap_vld | in        | 112      |
| x_7            | ap_vld | in        | 112      |
| x_8            | ap_vld | in        | 112      |
| x_9            | ap_vld | in        | 112      |
+----------------+--------+-----------+----------+

* TOP LEVEL CONTROL
+-----------+------------+-----------------------------------+
| Interface | Type       | Ports                             |
+-----------+------------+-----------------------------------+
| ap_clk    | clock      | ap_clk                            |
| ap_rst    | reset      | ap_rst                            |
| ap_ctrl   | ap_ctrl_hs | ap_done ap_idle ap_ready ap_start |
+-----------+------------+-----------------------------------+


================================================================
== SW I/O Information
================================================================
* Top Function Arguments
+------------+-----------+---------------------------------------+
| Argument   | Direction | Datatype                              |
+------------+-----------+---------------------------------------+
| x          | in        | ap_fixed<16, 6, AP_TRN, AP_WRAP, 0>*  |
| layer2_out | out       | ap_ufixed<16, 0, AP_TRN, AP_WRAP, 0>* |
+------------+-----------+---------------------------------------+

* SW-to-HW Mapping
+------------+-----------------------+---------+
| Argument   | HW Interface          | HW Type |
+------------+-----------------------+---------+
| x          | x_0                   | port    |
| x          | x_0_ap_vld            | port    |
| x          | x_1                   | port    |
| x          | x_1_ap_vld            | port    |
| x          | x_2                   | port    |
| x          | x_2_ap_vld            | port    |
| x          | x_3                   | port    |
| x          | x_3_ap_vld            | port    |
| x          | x_4                   | port    |
| x          | x_4_ap_vld            | port    |
| x          | x_5                   | port    |
| x          | x_5_ap_vld            | port    |
| x          | x_6                   | port    |
| x          | x_6_ap_vld            | port    |
| x          | x_7                   | port    |
| x          | x_7_ap_vld            | port    |
| x          | x_8                   | port    |
| x          | x_8_ap_vld            | port    |
| x          | x_9                   | port    |
| x          | x_9_ap_vld            | port    |
| x          | x_10                  | port    |
| x          | x_10_ap_vld           | port    |
| x          | x_11                  | port    |
| x          | x_11_ap_vld           | port    |
| x          | x_12                  | port    |
| x          | x_12_ap_vld           | port    |
| x          | x_13                  | port    |
| x          | x_13_ap_vld           | port    |
| x          | x_14                  | port    |
| x          | x_14_ap_vld           | port    |
| x          | x_15                  | port    |
| x          | x_15_ap_vld           | port    |
| x          | x_16                  | port    |
| x          | x_16_ap_vld           | port    |
| x          | x_17                  | port    |
| x          | x_17_ap_vld           | port    |
| x          | x_18                  | port    |
| x          | x_18_ap_vld           | port    |
| x          | x_19                  | port    |
| x          | x_19_ap_vld           | port    |
| x          | x_20                  | port    |
| x          | x_20_ap_vld           | port    |
| x          | x_21                  | port    |
| x          | x_21_ap_vld           | port    |
| x          | x_22                  | port    |
| x          | x_22_ap_vld           | port    |
| x          | x_23                  | port    |
| x          | x_23_ap_vld           | port    |
| x          | x_24                  | port    |
| x          | x_24_ap_vld           | port    |
| x          | x_25                  | port    |
| x          | x_25_ap_vld           | port    |
| x          | x_26                  | port    |
| x          | x_26_ap_vld           | port    |
| x          | x_27                  | port    |
| x          | x_27_ap_vld           | port    |
| x          | x_28                  | port    |
| x          | x_28_ap_vld           | port    |
| x          | x_29                  | port    |
| x          | x_29_ap_vld           | port    |
| x          | x_30                  | port    |
| x          | x_30_ap_vld           | port    |
| x          | x_31                  | port    |
| x          | x_31_ap_vld           | port    |
| layer2_out | layer2_out_0          | port    |
| layer2_out | layer2_out_0_ap_vld   | port    |
| layer2_out | layer2_out_1          | port    |
| layer2_out | layer2_out_1_ap_vld   | port    |
| layer2_out | layer2_out_2          | port    |
| layer2_out | layer2_out_2_ap_vld   | port    |
| layer2_out | layer2_out_3          | port    |
| layer2_out | layer2_out_3_ap_vld   | port    |
| layer2_out | layer2_out_4          | port    |
| layer2_out | layer2_out_4_ap_vld   | port    |
| layer2_out | layer2_out_5          | port    |
| layer2_out | layer2_out_5_ap_vld   | port    |
| layer2_out | layer2_out_6          | port    |
| layer2_out | layer2_out_6_ap_vld   | port    |
| layer2_out | layer2_out_7          | port    |
| layer2_out | layer2_out_7_ap_vld   | port    |
| layer2_out | layer2_out_8          | port    |
| layer2_out | layer2_out_8_ap_vld   | port    |
| layer2_out | layer2_out_9          | port    |
| layer2_out | layer2_out_9_ap_vld   | port    |
| layer2_out | layer2_out_10         | port    |
| layer2_out | layer2_out_10_ap_vld  | port    |
| layer2_out | layer2_out_11         | port    |
| layer2_out | layer2_out_11_ap_vld  | port    |
| layer2_out | layer2_out_12         | port    |
| layer2_out | layer2_out_12_ap_vld  | port    |
| layer2_out | layer2_out_13         | port    |
| layer2_out | layer2_out_13_ap_vld  | port    |
| layer2_out | layer2_out_14         | port    |
| layer2_out | layer2_out_14_ap_vld  | port    |
| layer2_out | layer2_out_15         | port    |
| layer2_out | layer2_out_15_ap_vld  | port    |
| layer2_out | layer2_out_16         | port    |
| layer2_out | layer2_out_16_ap_vld  | port    |
| layer2_out | layer2_out_17         | port    |
| layer2_out | layer2_out_17_ap_vld  | port    |
| layer2_out | layer2_out_18         | port    |
| layer2_out | layer2_out_18_ap_vld  | port    |
| layer2_out | layer2_out_19         | port    |
| layer2_out | layer2_out_19_ap_vld  | port    |
| layer2_out | layer2_out_20         | port    |
| layer2_out | layer2_out_20_ap_vld  | port    |
| layer2_out | layer2_out_21         | port    |
| layer2_out | layer2_out_21_ap_vld  | port    |
| layer2_out | layer2_out_22         | port    |
| layer2_out | layer2_out_22_ap_vld  | port    |
| layer2_out | layer2_out_23         | port    |
| layer2_out | layer2_out_23_ap_vld  | port    |
| layer2_out | layer2_out_24         | port    |
| layer2_out | layer2_out_24_ap_vld  | port    |
| layer2_out | layer2_out_25         | port    |
| layer2_out | layer2_out_25_ap_vld  | port    |
| layer2_out | layer2_out_26         | port    |
| layer2_out | layer2_out_26_ap_vld  | port    |
| layer2_out | layer2_out_27         | port    |
| layer2_out | layer2_out_27_ap_vld  | port    |
| layer2_out | layer2_out_28         | port    |
| layer2_out | layer2_out_28_ap_vld  | port    |
| layer2_out | layer2_out_29         | port    |
| layer2_out | layer2_out_29_ap_vld  | port    |
| layer2_out | layer2_out_30         | port    |
| layer2_out | layer2_out_30_ap_vld  | port    |
| layer2_out | layer2_out_31         | port    |
| layer2_out | layer2_out_31_ap_vld  | port    |
| layer2_out | layer2_out_32         | port    |
| layer2_out | layer2_out_32_ap_vld  | port    |
| layer2_out | layer2_out_33         | port    |
| layer2_out | layer2_out_33_ap_vld  | port    |
| layer2_out | layer2_out_34         | port    |
| layer2_out | layer2_out_34_ap_vld  | port    |
| layer2_out | layer2_out_35         | port    |
| layer2_out | layer2_out_35_ap_vld  | port    |
| layer2_out | layer2_out_36         | port    |
| layer2_out | layer2_out_36_ap_vld  | port    |
| layer2_out | layer2_out_37         | port    |
| layer2_out | layer2_out_37_ap_vld  | port    |
| layer2_out | layer2_out_38         | port    |
| layer2_out | layer2_out_38_ap_vld  | port    |
| layer2_out | layer2_out_39         | port    |
| layer2_out | layer2_out_39_ap_vld  | port    |
| layer2_out | layer2_out_40         | port    |
| layer2_out | layer2_out_40_ap_vld  | port    |
| layer2_out | layer2_out_41         | port    |
| layer2_out | layer2_out_41_ap_vld  | port    |
| layer2_out | layer2_out_42         | port    |
| layer2_out | layer2_out_42_ap_vld  | port    |
| layer2_out | layer2_out_43         | port    |
| layer2_out | layer2_out_43_ap_vld  | port    |
| layer2_out | layer2_out_44         | port    |
| layer2_out | layer2_out_44_ap_vld  | port    |
| layer2_out | layer2_out_45         | port    |
| layer2_out | layer2_out_45_ap_vld  | port    |
| layer2_out | layer2_out_46         | port    |
| layer2_out | layer2_out_46_ap_vld  | port    |
| layer2_out | layer2_out_47         | port    |
| layer2_out | layer2_out_47_ap_vld  | port    |
| layer2_out | layer2_out_48         | port    |
| layer2_out | layer2_out_48_ap_vld  | port    |
| layer2_out | layer2_out_49         | port    |
| layer2_out | layer2_out_49_ap_vld  | port    |
| layer2_out | layer2_out_50         | port    |
| layer2_out | layer2_out_50_ap_vld  | port    |
| layer2_out | layer2_out_51         | port    |
| layer2_out | layer2_out_51_ap_vld  | port    |
| layer2_out | layer2_out_52         | port    |
| layer2_out | layer2_out_52_ap_vld  | port    |
| layer2_out | layer2_out_53         | port    |
| layer2_out | layer2_out_53_ap_vld  | port    |
| layer2_out | layer2_out_54         | port    |
| layer2_out | layer2_out_54_ap_vld  | port    |
| layer2_out | layer2_out_55         | port    |
| layer2_out | layer2_out_55_ap_vld  | port    |
| layer2_out | layer2_out_56         | port    |
| layer2_out | layer2_out_56_ap_vld  | port    |
| layer2_out | layer2_out_57         | port    |
| layer2_out | layer2_out_57_ap_vld  | port    |
| layer2_out | layer2_out_58         | port    |
| layer2_out | layer2_out_58_ap_vld  | port    |
| layer2_out | layer2_out_59         | port    |
| layer2_out | layer2_out_59_ap_vld  | port    |
| layer2_out | layer2_out_60         | port    |
| layer2_out | layer2_out_60_ap_vld  | port    |
| layer2_out | layer2_out_61         | port    |
| layer2_out | layer2_out_61_ap_vld  | port    |
| layer2_out | layer2_out_62         | port    |
| layer2_out | layer2_out_62_ap_vld  | port    |
| layer2_out | layer2_out_63         | port    |
| layer2_out | layer2_out_63_ap_vld  | port    |
| layer2_out | layer2_out_64         | port    |
| layer2_out | layer2_out_64_ap_vld  | port    |
| layer2_out | layer2_out_65         | port    |
| layer2_out | layer2_out_65_ap_vld  | port    |
| layer2_out | layer2_out_66         | port    |
| layer2_out | layer2_out_66_ap_vld  | port    |
| layer2_out | layer2_out_67         | port    |
| layer2_out | layer2_out_67_ap_vld  | port    |
| layer2_out | layer2_out_68         | port    |
| layer2_out | layer2_out_68_ap_vld  | port    |
| layer2_out | layer2_out_69         | port    |
| layer2_out | layer2_out_69_ap_vld  | port    |
| layer2_out | layer2_out_70         | port    |
| layer2_out | layer2_out_70_ap_vld  | port    |
| layer2_out | layer2_out_71         | port    |
| layer2_out | layer2_out_71_ap_vld  | port    |
| layer2_out | layer2_out_72         | port    |
| layer2_out | layer2_out_72_ap_vld  | port    |
| layer2_out | layer2_out_73         | port    |
| layer2_out | layer2_out_73_ap_vld  | port    |
| layer2_out | layer2_out_74         | port    |
| layer2_out | layer2_out_74_ap_vld  | port    |
| layer2_out | layer2_out_75         | port    |
| layer2_out | layer2_out_75_ap_vld  | port    |
| layer2_out | layer2_out_76         | port    |
| layer2_out | layer2_out_76_ap_vld  | port    |
| layer2_out | layer2_out_77         | port    |
| layer2_out | layer2_out_77_ap_vld  | port    |
| layer2_out | layer2_out_78         | port    |
| layer2_out | layer2_out_78_ap_vld  | port    |
| layer2_out | layer2_out_79         | port    |
| layer2_out | layer2_out_79_ap_vld  | port    |
| layer2_out | layer2_out_80         | port    |
| layer2_out | layer2_out_80_ap_vld  | port    |
| layer2_out | layer2_out_81         | port    |
| layer2_out | layer2_out_81_ap_vld  | port    |
| layer2_out | layer2_out_82         | port    |
| layer2_out | layer2_out_82_ap_vld  | port    |
| layer2_out | layer2_out_83         | port    |
| layer2_out | layer2_out_83_ap_vld  | port    |
| layer2_out | layer2_out_84         | port    |
| layer2_out | layer2_out_84_ap_vld  | port    |
| layer2_out | layer2_out_85         | port    |
| layer2_out | layer2_out_85_ap_vld  | port    |
| layer2_out | layer2_out_86         | port    |
| layer2_out | layer2_out_86_ap_vld  | port    |
| layer2_out | layer2_out_87         | port    |
| layer2_out | layer2_out_87_ap_vld  | port    |
| layer2_out | layer2_out_88         | port    |
| layer2_out | layer2_out_88_ap_vld  | port    |
| layer2_out | layer2_out_89         | port    |
| layer2_out | layer2_out_89_ap_vld  | port    |
| layer2_out | layer2_out_90         | port    |
| layer2_out | layer2_out_90_ap_vld  | port    |
| layer2_out | layer2_out_91         | port    |
| layer2_out | layer2_out_91_ap_vld  | port    |
| layer2_out | layer2_out_92         | port    |
| layer2_out | layer2_out_92_ap_vld  | port    |
| layer2_out | layer2_out_93         | port    |
| layer2_out | layer2_out_93_ap_vld  | port    |
| layer2_out | layer2_out_94         | port    |
| layer2_out | layer2_out_94_ap_vld  | port    |
| layer2_out | layer2_out_95         | port    |
| layer2_out | layer2_out_95_ap_vld  | port    |
| layer2_out | layer2_out_96         | port    |
| layer2_out | layer2_out_96_ap_vld  | port    |
| layer2_out | layer2_out_97         | port    |
| layer2_out | layer2_out_97_ap_vld  | port    |
| layer2_out | layer2_out_98         | port    |
| layer2_out | layer2_out_98_ap_vld  | port    |
| layer2_out | layer2_out_99         | port    |
| layer2_out | layer2_out_99_ap_vld  | port    |
| layer2_out | layer2_out_100        | port    |
| layer2_out | layer2_out_100_ap_vld | port    |
| layer2_out | layer2_out_101        | port    |
| layer2_out | layer2_out_101_ap_vld | port    |
| layer2_out | layer2_out_102        | port    |
| layer2_out | layer2_out_102_ap_vld | port    |
| layer2_out | layer2_out_103        | port    |
| layer2_out | layer2_out_103_ap_vld | port    |
| layer2_out | layer2_out_104        | port    |
| layer2_out | layer2_out_104_ap_vld | port    |
| layer2_out | layer2_out_105        | port    |
| layer2_out | layer2_out_105_ap_vld | port    |
| layer2_out | layer2_out_106        | port    |
| layer2_out | layer2_out_106_ap_vld | port    |
| layer2_out | layer2_out_107        | port    |
| layer2_out | layer2_out_107_ap_vld | port    |
| layer2_out | layer2_out_108        | port    |
| layer2_out | layer2_out_108_ap_vld | port    |
| layer2_out | layer2_out_109        | port    |
| layer2_out | layer2_out_109_ap_vld | port    |
| layer2_out | layer2_out_110        | port    |
| layer2_out | layer2_out_110_ap_vld | port    |
| layer2_out | layer2_out_111        | port    |
| layer2_out | layer2_out_111_ap_vld | port    |
| layer2_out | layer2_out_112        | port    |
| layer2_out | layer2_out_112_ap_vld | port    |
| layer2_out | layer2_out_113        | port    |
| layer2_out | layer2_out_113_ap_vld | port    |
| layer2_out | layer2_out_114        | port    |
| layer2_out | layer2_out_114_ap_vld | port    |
| layer2_out | layer2_out_115        | port    |
| layer2_out | layer2_out_115_ap_vld | port    |
| layer2_out | layer2_out_116        | port    |
| layer2_out | layer2_out_116_ap_vld | port    |
| layer2_out | layer2_out_117        | port    |
| layer2_out | layer2_out_117_ap_vld | port    |
| layer2_out | layer2_out_118        | port    |
| layer2_out | layer2_out_118_ap_vld | port    |
| layer2_out | layer2_out_119        | port    |
| layer2_out | layer2_out_119_ap_vld | port    |
| layer2_out | layer2_out_120        | port    |
| layer2_out | layer2_out_120_ap_vld | port    |
| layer2_out | layer2_out_121        | port    |
| layer2_out | layer2_out_121_ap_vld | port    |
| layer2_out | layer2_out_122        | port    |
| layer2_out | layer2_out_122_ap_vld | port    |
| layer2_out | layer2_out_123        | port    |
| layer2_out | layer2_out_123_ap_vld | port    |
| layer2_out | layer2_out_124        | port    |
| layer2_out | layer2_out_124_ap_vld | port    |
| layer2_out | layer2_out_125        | port    |
| layer2_out | layer2_out_125_ap_vld | port    |
| layer2_out | layer2_out_126        | port    |
| layer2_out | layer2_out_126_ap_vld | port    |
| layer2_out | layer2_out_127        | port    |
| layer2_out | layer2_out_127_ap_vld | port    |
| layer2_out | layer2_out_128        | port    |
| layer2_out | layer2_out_128_ap_vld | port    |
| layer2_out | layer2_out_129        | port    |
| layer2_out | layer2_out_129_ap_vld | port    |
| layer2_out | layer2_out_130        | port    |
| layer2_out | layer2_out_130_ap_vld | port    |
| layer2_out | layer2_out_131        | port    |
| layer2_out | layer2_out_131_ap_vld | port    |
| layer2_out | layer2_out_132        | port    |
| layer2_out | layer2_out_132_ap_vld | port    |
| layer2_out | layer2_out_133        | port    |
| layer2_out | layer2_out_133_ap_vld | port    |
| layer2_out | layer2_out_134        | port    |
| layer2_out | layer2_out_134_ap_vld | port    |
| layer2_out | layer2_out_135        | port    |
| layer2_out | layer2_out_135_ap_vld | port    |
| layer2_out | layer2_out_136        | port    |
| layer2_out | layer2_out_136_ap_vld | port    |
| layer2_out | layer2_out_137        | port    |
| layer2_out | layer2_out_137_ap_vld | port    |
| layer2_out | layer2_out_138        | port    |
| layer2_out | layer2_out_138_ap_vld | port    |
| layer2_out | layer2_out_139        | port    |
| layer2_out | layer2_out_139_ap_vld | port    |
| layer2_out | layer2_out_140        | port    |
| layer2_out | layer2_out_140_ap_vld | port    |
| layer2_out | layer2_out_141        | port    |
| layer2_out | layer2_out_141_ap_vld | port    |
| layer2_out | layer2_out_142        | port    |
| layer2_out | layer2_out_142_ap_vld | port    |
| layer2_out | layer2_out_143        | port    |
| layer2_out | layer2_out_143_ap_vld | port    |
| layer2_out | layer2_out_144        | port    |
| layer2_out | layer2_out_144_ap_vld | port    |
| layer2_out | layer2_out_145        | port    |
| layer2_out | layer2_out_145_ap_vld | port    |
| layer2_out | layer2_out_146        | port    |
| layer2_out | layer2_out_146_ap_vld | port    |
| layer2_out | layer2_out_147        | port    |
| layer2_out | layer2_out_147_ap_vld | port    |
| layer2_out | layer2_out_148        | port    |
| layer2_out | layer2_out_148_ap_vld | port    |
| layer2_out | layer2_out_149        | port    |
| layer2_out | layer2_out_149_ap_vld | port    |
| layer2_out | layer2_out_150        | port    |
| layer2_out | layer2_out_150_ap_vld | port    |
| layer2_out | layer2_out_151        | port    |
| layer2_out | layer2_out_151_ap_vld | port    |
| layer2_out | layer2_out_152        | port    |
| layer2_out | layer2_out_152_ap_vld | port    |
| layer2_out | layer2_out_153        | port    |
| layer2_out | layer2_out_153_ap_vld | port    |
| layer2_out | layer2_out_154        | port    |
| layer2_out | layer2_out_154_ap_vld | port    |
| layer2_out | layer2_out_155        | port    |
| layer2_out | layer2_out_155_ap_vld | port    |
| layer2_out | layer2_out_156        | port    |
| layer2_out | layer2_out_156_ap_vld | port    |
| layer2_out | layer2_out_157        | port    |
| layer2_out | layer2_out_157_ap_vld | port    |
| layer2_out | layer2_out_158        | port    |
| layer2_out | layer2_out_158_ap_vld | port    |
| layer2_out | layer2_out_159        | port    |
| layer2_out | layer2_out_159_ap_vld | port    |
| layer2_out | layer2_out_160        | port    |
| layer2_out | layer2_out_160_ap_vld | port    |
| layer2_out | layer2_out_161        | port    |
| layer2_out | layer2_out_161_ap_vld | port    |
| layer2_out | layer2_out_162        | port    |
| layer2_out | layer2_out_162_ap_vld | port    |
| layer2_out | layer2_out_163        | port    |
| layer2_out | layer2_out_163_ap_vld | port    |
| layer2_out | layer2_out_164        | port    |
| layer2_out | layer2_out_164_ap_vld | port    |
| layer2_out | layer2_out_165        | port    |
| layer2_out | layer2_out_165_ap_vld | port    |
| layer2_out | layer2_out_166        | port    |
| layer2_out | layer2_out_166_ap_vld | port    |
| layer2_out | layer2_out_167        | port    |
| layer2_out | layer2_out_167_ap_vld | port    |
| layer2_out | layer2_out_168        | port    |
| layer2_out | layer2_out_168_ap_vld | port    |
| layer2_out | layer2_out_169        | port    |
| layer2_out | layer2_out_169_ap_vld | port    |
| layer2_out | layer2_out_170        | port    |
| layer2_out | layer2_out_170_ap_vld | port    |
| layer2_out | layer2_out_171        | port    |
| layer2_out | layer2_out_171_ap_vld | port    |
| layer2_out | layer2_out_172        | port    |
| layer2_out | layer2_out_172_ap_vld | port    |
| layer2_out | layer2_out_173        | port    |
| layer2_out | layer2_out_173_ap_vld | port    |
| layer2_out | layer2_out_174        | port    |
| layer2_out | layer2_out_174_ap_vld | port    |
| layer2_out | layer2_out_175        | port    |
| layer2_out | layer2_out_175_ap_vld | port    |
| layer2_out | layer2_out_176        | port    |
| layer2_out | layer2_out_176_ap_vld | port    |
| layer2_out | layer2_out_177        | port    |
| layer2_out | layer2_out_177_ap_vld | port    |
| layer2_out | layer2_out_178        | port    |
| layer2_out | layer2_out_178_ap_vld | port    |
| layer2_out | layer2_out_179        | port    |
| layer2_out | layer2_out_179_ap_vld | port    |
| layer2_out | layer2_out_180        | port    |
| layer2_out | layer2_out_180_ap_vld | port    |
| layer2_out | layer2_out_181        | port    |
| layer2_out | layer2_out_181_ap_vld | port    |
| layer2_out | layer2_out_182        | port    |
| layer2_out | layer2_out_182_ap_vld | port    |
| layer2_out | layer2_out_183        | port    |
| layer2_out | layer2_out_183_ap_vld | port    |
| layer2_out | layer2_out_184        | port    |
| layer2_out | layer2_out_184_ap_vld | port    |
| layer2_out | layer2_out_185        | port    |
| layer2_out | layer2_out_185_ap_vld | port    |
| layer2_out | layer2_out_186        | port    |
| layer2_out | layer2_out_186_ap_vld | port    |
| layer2_out | layer2_out_187        | port    |
| layer2_out | layer2_out_187_ap_vld | port    |
| layer2_out | layer2_out_188        | port    |
| layer2_out | layer2_out_188_ap_vld | port    |
| layer2_out | layer2_out_189        | port    |
| layer2_out | layer2_out_189_ap_vld | port    |
| layer2_out | layer2_out_190        | port    |
| layer2_out | layer2_out_190_ap_vld | port    |
| layer2_out | layer2_out_191        | port    |
| layer2_out | layer2_out_191_ap_vld | port    |
| layer2_out | layer2_out_192        | port    |
| layer2_out | layer2_out_192_ap_vld | port    |
| layer2_out | layer2_out_193        | port    |
| layer2_out | layer2_out_193_ap_vld | port    |
| layer2_out | layer2_out_194        | port    |
| layer2_out | layer2_out_194_ap_vld | port    |
| layer2_out | layer2_out_195        | port    |
| layer2_out | layer2_out_195_ap_vld | port    |
| layer2_out | layer2_out_196        | port    |
| layer2_out | layer2_out_196_ap_vld | port    |
| layer2_out | layer2_out_197        | port    |
| layer2_out | layer2_out_197_ap_vld | port    |
| layer2_out | layer2_out_198        | port    |
| layer2_out | layer2_out_198_ap_vld | port    |
| layer2_out | layer2_out_199        | port    |
| layer2_out | layer2_out_199_ap_vld | port    |
+------------+-----------------------+---------+


================================================================
== Bind Op Report
================================================================
+---------------------------------------------------------------+-----+--------+--------------+-----+--------+---------+
| Name                                                          | DSP | Pragma | Variable     | Op  | Impl   | Latency |
+---------------------------------------------------------------+-----+--------+--------------+-----+--------+---------+
| + myproject                                                   | 0   |        |              |     |        |         |
|  + uniform_ap_fixed_16_6_5_3_0_ap_ufixed_16_0_5_3_0_config2_s | 0   |        |              |     |        |         |
|    add_ln91_fu_680_p2                                         |     |        | add_ln91     | add | fabric | 0       |
|    add_ln91_1_fu_704_p2                                       |     |        | add_ln91_1   | add | fabric | 0       |
|    add_ln91_2_fu_728_p2                                       |     |        | add_ln91_2   | add | fabric | 0       |
|    add_ln91_3_fu_752_p2                                       |     |        | add_ln91_3   | add | fabric | 0       |
|    add_ln91_4_fu_776_p2                                       |     |        | add_ln91_4   | add | fabric | 0       |
|    add_ln91_5_fu_800_p2                                       |     |        | add_ln91_5   | add | fabric | 0       |
|    add_ln91_6_fu_824_p2                                       |     |        | add_ln91_6   | add | fabric | 0       |
|    add_ln91_7_fu_842_p2                                       |     |        | add_ln91_7   | add | fabric | 0       |
|    add_ln91_8_fu_866_p2                                       |     |        | add_ln91_8   | add | fabric | 0       |
|    add_ln91_9_fu_890_p2                                       |     |        | add_ln91_9   | add | fabric | 0       |
|    add_ln91_10_fu_914_p2                                      |     |        | add_ln91_10  | add | fabric | 0       |
|    add_ln91_11_fu_938_p2                                      |     |        | add_ln91_11  | add | fabric | 0       |
|    add_ln91_12_fu_962_p2                                      |     |        | add_ln91_12  | add | fabric | 0       |
|    add_ln91_13_fu_986_p2                                      |     |        | add_ln91_13  | add | fabric | 0       |
|    add_ln91_14_fu_1004_p2                                     |     |        | add_ln91_14  | add | fabric | 0       |
|    add_ln91_15_fu_1028_p2                                     |     |        | add_ln91_15  | add | fabric | 0       |
|    add_ln91_16_fu_1052_p2                                     |     |        | add_ln91_16  | add | fabric | 0       |
|    add_ln91_17_fu_1076_p2                                     |     |        | add_ln91_17  | add | fabric | 0       |
|    add_ln91_18_fu_1100_p2                                     |     |        | add_ln91_18  | add | fabric | 0       |
|    add_ln91_19_fu_1124_p2                                     |     |        | add_ln91_19  | add | fabric | 0       |
|    add_ln91_20_fu_1148_p2                                     |     |        | add_ln91_20  | add | fabric | 0       |
|    add_ln91_21_fu_1166_p2                                     |     |        | add_ln91_21  | add | fabric | 0       |
|    add_ln91_22_fu_1190_p2                                     |     |        | add_ln91_22  | add | fabric | 0       |
|    add_ln91_23_fu_1214_p2                                     |     |        | add_ln91_23  | add | fabric | 0       |
|    add_ln91_24_fu_1238_p2                                     |     |        | add_ln91_24  | add | fabric | 0       |
|    add_ln91_25_fu_1262_p2                                     |     |        | add_ln91_25  | add | fabric | 0       |
|    add_ln91_26_fu_1286_p2                                     |     |        | add_ln91_26  | add | fabric | 0       |
|    add_ln91_27_fu_1310_p2                                     |     |        | add_ln91_27  | add | fabric | 0       |
|    add_ln91_28_fu_1328_p2                                     |     |        | add_ln91_28  | add | fabric | 0       |
|    add_ln91_29_fu_1352_p2                                     |     |        | add_ln91_29  | add | fabric | 0       |
|    add_ln91_30_fu_1376_p2                                     |     |        | add_ln91_30  | add | fabric | 0       |
|    add_ln91_31_fu_1400_p2                                     |     |        | add_ln91_31  | add | fabric | 0       |
|    add_ln91_32_fu_1424_p2                                     |     |        | add_ln91_32  | add | fabric | 0       |
|    add_ln91_33_fu_1448_p2                                     |     |        | add_ln91_33  | add | fabric | 0       |
|    add_ln91_34_fu_1472_p2                                     |     |        | add_ln91_34  | add | fabric | 0       |
|    add_ln91_35_fu_1490_p2                                     |     |        | add_ln91_35  | add | fabric | 0       |
|    add_ln91_36_fu_1514_p2                                     |     |        | add_ln91_36  | add | fabric | 0       |
|    add_ln91_37_fu_1538_p2                                     |     |        | add_ln91_37  | add | fabric | 0       |
|    add_ln91_38_fu_1562_p2                                     |     |        | add_ln91_38  | add | fabric | 0       |
|    add_ln91_39_fu_1586_p2                                     |     |        | add_ln91_39  | add | fabric | 0       |
|    add_ln91_40_fu_1610_p2                                     |     |        | add_ln91_40  | add | fabric | 0       |
|    add_ln91_41_fu_1634_p2                                     |     |        | add_ln91_41  | add | fabric | 0       |
|    add_ln91_42_fu_1652_p2                                     |     |        | add_ln91_42  | add | fabric | 0       |
|    add_ln91_43_fu_1676_p2                                     |     |        | add_ln91_43  | add | fabric | 0       |
|    add_ln91_44_fu_1700_p2                                     |     |        | add_ln91_44  | add | fabric | 0       |
|    add_ln91_45_fu_1724_p2                                     |     |        | add_ln91_45  | add | fabric | 0       |
|    add_ln91_46_fu_1748_p2                                     |     |        | add_ln91_46  | add | fabric | 0       |
|    add_ln91_47_fu_1772_p2                                     |     |        | add_ln91_47  | add | fabric | 0       |
|    add_ln91_48_fu_1796_p2                                     |     |        | add_ln91_48  | add | fabric | 0       |
|    add_ln91_49_fu_1814_p2                                     |     |        | add_ln91_49  | add | fabric | 0       |
|    add_ln91_50_fu_1838_p2                                     |     |        | add_ln91_50  | add | fabric | 0       |
|    add_ln91_51_fu_1862_p2                                     |     |        | add_ln91_51  | add | fabric | 0       |
|    add_ln91_52_fu_1886_p2                                     |     |        | add_ln91_52  | add | fabric | 0       |
|    add_ln91_53_fu_1910_p2                                     |     |        | add_ln91_53  | add | fabric | 0       |
|    add_ln91_54_fu_1934_p2                                     |     |        | add_ln91_54  | add | fabric | 0       |
|    add_ln91_55_fu_1958_p2                                     |     |        | add_ln91_55  | add | fabric | 0       |
|    add_ln91_56_fu_1976_p2                                     |     |        | add_ln91_56  | add | fabric | 0       |
|    add_ln91_57_fu_2000_p2                                     |     |        | add_ln91_57  | add | fabric | 0       |
|    add_ln91_58_fu_2024_p2                                     |     |        | add_ln91_58  | add | fabric | 0       |
|    add_ln91_59_fu_2048_p2                                     |     |        | add_ln91_59  | add | fabric | 0       |
|    add_ln91_60_fu_2072_p2                                     |     |        | add_ln91_60  | add | fabric | 0       |
|    add_ln91_61_fu_2096_p2                                     |     |        | add_ln91_61  | add | fabric | 0       |
|    add_ln91_62_fu_2120_p2                                     |     |        | add_ln91_62  | add | fabric | 0       |
|    add_ln91_63_fu_2138_p2                                     |     |        | add_ln91_63  | add | fabric | 0       |
|    add_ln91_64_fu_2162_p2                                     |     |        | add_ln91_64  | add | fabric | 0       |
|    add_ln91_65_fu_2186_p2                                     |     |        | add_ln91_65  | add | fabric | 0       |
|    add_ln91_66_fu_2210_p2                                     |     |        | add_ln91_66  | add | fabric | 0       |
|    add_ln91_67_fu_2234_p2                                     |     |        | add_ln91_67  | add | fabric | 0       |
|    add_ln91_68_fu_2258_p2                                     |     |        | add_ln91_68  | add | fabric | 0       |
|    add_ln91_69_fu_2282_p2                                     |     |        | add_ln91_69  | add | fabric | 0       |
|    add_ln91_70_fu_2300_p2                                     |     |        | add_ln91_70  | add | fabric | 0       |
|    add_ln91_71_fu_2324_p2                                     |     |        | add_ln91_71  | add | fabric | 0       |
|    add_ln91_72_fu_2348_p2                                     |     |        | add_ln91_72  | add | fabric | 0       |
|    add_ln91_73_fu_2372_p2                                     |     |        | add_ln91_73  | add | fabric | 0       |
|    add_ln91_74_fu_2396_p2                                     |     |        | add_ln91_74  | add | fabric | 0       |
|    add_ln91_75_fu_2420_p2                                     |     |        | add_ln91_75  | add | fabric | 0       |
|    add_ln91_76_fu_2444_p2                                     |     |        | add_ln91_76  | add | fabric | 0       |
|    add_ln91_77_fu_2462_p2                                     |     |        | add_ln91_77  | add | fabric | 0       |
|    add_ln91_78_fu_2486_p2                                     |     |        | add_ln91_78  | add | fabric | 0       |
|    add_ln91_79_fu_2510_p2                                     |     |        | add_ln91_79  | add | fabric | 0       |
|    add_ln91_80_fu_2534_p2                                     |     |        | add_ln91_80  | add | fabric | 0       |
|    add_ln91_81_fu_2558_p2                                     |     |        | add_ln91_81  | add | fabric | 0       |
|    add_ln91_82_fu_2582_p2                                     |     |        | add_ln91_82  | add | fabric | 0       |
|    add_ln91_83_fu_2606_p2                                     |     |        | add_ln91_83  | add | fabric | 0       |
|    add_ln91_84_fu_2624_p2                                     |     |        | add_ln91_84  | add | fabric | 0       |
|    add_ln91_85_fu_2648_p2                                     |     |        | add_ln91_85  | add | fabric | 0       |
|    add_ln91_86_fu_2672_p2                                     |     |        | add_ln91_86  | add | fabric | 0       |
|    add_ln91_87_fu_2696_p2                                     |     |        | add_ln91_87  | add | fabric | 0       |
|    add_ln91_88_fu_2720_p2                                     |     |        | add_ln91_88  | add | fabric | 0       |
|    add_ln91_89_fu_2744_p2                                     |     |        | add_ln91_89  | add | fabric | 0       |
|    add_ln91_90_fu_2768_p2                                     |     |        | add_ln91_90  | add | fabric | 0       |
|    add_ln91_91_fu_2786_p2                                     |     |        | add_ln91_91  | add | fabric | 0       |
|    add_ln91_92_fu_2810_p2                                     |     |        | add_ln91_92  | add | fabric | 0       |
|    add_ln91_93_fu_2834_p2                                     |     |        | add_ln91_93  | add | fabric | 0       |
|    add_ln91_94_fu_2858_p2                                     |     |        | add_ln91_94  | add | fabric | 0       |
|    add_ln91_95_fu_2882_p2                                     |     |        | add_ln91_95  | add | fabric | 0       |
|    add_ln91_96_fu_2906_p2                                     |     |        | add_ln91_96  | add | fabric | 0       |
|    add_ln91_97_fu_2930_p2                                     |     |        | add_ln91_97  | add | fabric | 0       |
|    add_ln91_98_fu_2948_p2                                     |     |        | add_ln91_98  | add | fabric | 0       |
|    add_ln91_99_fu_2972_p2                                     |     |        | add_ln91_99  | add | fabric | 0       |
|    add_ln91_100_fu_2996_p2                                    |     |        | add_ln91_100 | add | fabric | 0       |
|    add_ln91_101_fu_3020_p2                                    |     |        | add_ln91_101 | add | fabric | 0       |
|    add_ln91_102_fu_3044_p2                                    |     |        | add_ln91_102 | add | fabric | 0       |
|    add_ln91_103_fu_3068_p2                                    |     |        | add_ln91_103 | add | fabric | 0       |
|    add_ln91_104_fu_3092_p2                                    |     |        | add_ln91_104 | add | fabric | 0       |
|    add_ln91_105_fu_3110_p2                                    |     |        | add_ln91_105 | add | fabric | 0       |
|    add_ln91_106_fu_3134_p2                                    |     |        | add_ln91_106 | add | fabric | 0       |
|    add_ln91_107_fu_3158_p2                                    |     |        | add_ln91_107 | add | fabric | 0       |
|    add_ln91_108_fu_3182_p2                                    |     |        | add_ln91_108 | add | fabric | 0       |
|    add_ln91_109_fu_3206_p2                                    |     |        | add_ln91_109 | add | fabric | 0       |
|    add_ln91_110_fu_3230_p2                                    |     |        | add_ln91_110 | add | fabric | 0       |
|    add_ln91_111_fu_3254_p2                                    |     |        | add_ln91_111 | add | fabric | 0       |
|    add_ln91_112_fu_3272_p2                                    |     |        | add_ln91_112 | add | fabric | 0       |
|    add_ln91_113_fu_3296_p2                                    |     |        | add_ln91_113 | add | fabric | 0       |
|    add_ln91_114_fu_3320_p2                                    |     |        | add_ln91_114 | add | fabric | 0       |
|    add_ln91_115_fu_3344_p2                                    |     |        | add_ln91_115 | add | fabric | 0       |
|    add_ln91_116_fu_3368_p2                                    |     |        | add_ln91_116 | add | fabric | 0       |
|    add_ln91_117_fu_3392_p2                                    |     |        | add_ln91_117 | add | fabric | 0       |
|    add_ln91_118_fu_3416_p2                                    |     |        | add_ln91_118 | add | fabric | 0       |
|    add_ln91_119_fu_3434_p2                                    |     |        | add_ln91_119 | add | fabric | 0       |
|    add_ln91_120_fu_3458_p2                                    |     |        | add_ln91_120 | add | fabric | 0       |
|    add_ln91_121_fu_3482_p2                                    |     |        | add_ln91_121 | add | fabric | 0       |
|    add_ln91_122_fu_3506_p2                                    |     |        | add_ln91_122 | add | fabric | 0       |
|    add_ln91_123_fu_3530_p2                                    |     |        | add_ln91_123 | add | fabric | 0       |
|    add_ln91_124_fu_3554_p2                                    |     |        | add_ln91_124 | add | fabric | 0       |
|    add_ln91_125_fu_3578_p2                                    |     |        | add_ln91_125 | add | fabric | 0       |
|    add_ln91_126_fu_3596_p2                                    |     |        | add_ln91_126 | add | fabric | 0       |
|    add_ln91_127_fu_3620_p2                                    |     |        | add_ln91_127 | add | fabric | 0       |
|    add_ln91_128_fu_3644_p2                                    |     |        | add_ln91_128 | add | fabric | 0       |
|    add_ln91_129_fu_3668_p2                                    |     |        | add_ln91_129 | add | fabric | 0       |
|    add_ln91_130_fu_3692_p2                                    |     |        | add_ln91_130 | add | fabric | 0       |
|    add_ln91_131_fu_3716_p2                                    |     |        | add_ln91_131 | add | fabric | 0       |
|    add_ln91_132_fu_3740_p2                                    |     |        | add_ln91_132 | add | fabric | 0       |
|    add_ln91_133_fu_3758_p2                                    |     |        | add_ln91_133 | add | fabric | 0       |
|    add_ln91_134_fu_3782_p2                                    |     |        | add_ln91_134 | add | fabric | 0       |
|    add_ln91_135_fu_3806_p2                                    |     |        | add_ln91_135 | add | fabric | 0       |
|    add_ln91_136_fu_3830_p2                                    |     |        | add_ln91_136 | add | fabric | 0       |
|    add_ln91_137_fu_3854_p2                                    |     |        | add_ln91_137 | add | fabric | 0       |
|    add_ln91_138_fu_3878_p2                                    |     |        | add_ln91_138 | add | fabric | 0       |
|    add_ln91_139_fu_3902_p2                                    |     |        | add_ln91_139 | add | fabric | 0       |
|    add_ln91_140_fu_3920_p2                                    |     |        | add_ln91_140 | add | fabric | 0       |
|    add_ln91_141_fu_3944_p2                                    |     |        | add_ln91_141 | add | fabric | 0       |
|    add_ln91_142_fu_3968_p2                                    |     |        | add_ln91_142 | add | fabric | 0       |
|    add_ln91_143_fu_3992_p2                                    |     |        | add_ln91_143 | add | fabric | 0       |
|    add_ln91_144_fu_4016_p2                                    |     |        | add_ln91_144 | add | fabric | 0       |
|    add_ln91_145_fu_4040_p2                                    |     |        | add_ln91_145 | add | fabric | 0       |
|    add_ln91_146_fu_4064_p2                                    |     |        | add_ln91_146 | add | fabric | 0       |
|    add_ln91_147_fu_4082_p2                                    |     |        | add_ln91_147 | add | fabric | 0       |
|    add_ln91_148_fu_4106_p2                                    |     |        | add_ln91_148 | add | fabric | 0       |
|    add_ln91_149_fu_4130_p2                                    |     |        | add_ln91_149 | add | fabric | 0       |
|    add_ln91_150_fu_4154_p2                                    |     |        | add_ln91_150 | add | fabric | 0       |
|    add_ln91_151_fu_4178_p2                                    |     |        | add_ln91_151 | add | fabric | 0       |
|    add_ln91_152_fu_4202_p2                                    |     |        | add_ln91_152 | add | fabric | 0       |
|    add_ln91_153_fu_4226_p2                                    |     |        | add_ln91_153 | add | fabric | 0       |
|    add_ln91_154_fu_4244_p2                                    |     |        | add_ln91_154 | add | fabric | 0       |
|    add_ln91_155_fu_4268_p2                                    |     |        | add_ln91_155 | add | fabric | 0       |
|    add_ln91_156_fu_4292_p2                                    |     |        | add_ln91_156 | add | fabric | 0       |
|    add_ln91_157_fu_4316_p2                                    |     |        | add_ln91_157 | add | fabric | 0       |
|    add_ln91_158_fu_4340_p2                                    |     |        | add_ln91_158 | add | fabric | 0       |
|    add_ln91_159_fu_4364_p2                                    |     |        | add_ln91_159 | add | fabric | 0       |
|    add_ln91_160_fu_4388_p2                                    |     |        | add_ln91_160 | add | fabric | 0       |
|    add_ln91_161_fu_4406_p2                                    |     |        | add_ln91_161 | add | fabric | 0       |
|    add_ln91_162_fu_4430_p2                                    |     |        | add_ln91_162 | add | fabric | 0       |
|    add_ln91_163_fu_4454_p2                                    |     |        | add_ln91_163 | add | fabric | 0       |
|    add_ln91_164_fu_4478_p2                                    |     |        | add_ln91_164 | add | fabric | 0       |
|    add_ln91_165_fu_4502_p2                                    |     |        | add_ln91_165 | add | fabric | 0       |
|    add_ln91_166_fu_4526_p2                                    |     |        | add_ln91_166 | add | fabric | 0       |
|    add_ln91_167_fu_4550_p2                                    |     |        | add_ln91_167 | add | fabric | 0       |
|    add_ln91_168_fu_4568_p2                                    |     |        | add_ln91_168 | add | fabric | 0       |
|    add_ln91_169_fu_4592_p2                                    |     |        | add_ln91_169 | add | fabric | 0       |
|    add_ln91_170_fu_4616_p2                                    |     |        | add_ln91_170 | add | fabric | 0       |
|    add_ln91_171_fu_4640_p2                                    |     |        | add_ln91_171 | add | fabric | 0       |
|    add_ln91_172_fu_4664_p2                                    |     |        | add_ln91_172 | add | fabric | 0       |
|    add_ln91_173_fu_4688_p2                                    |     |        | add_ln91_173 | add | fabric | 0       |
|    add_ln91_174_fu_4712_p2                                    |     |        | add_ln91_174 | add | fabric | 0       |
|    add_ln91_175_fu_4730_p2                                    |     |        | add_ln91_175 | add | fabric | 0       |
|    add_ln91_176_fu_4754_p2                                    |     |        | add_ln91_176 | add | fabric | 0       |
|    add_ln91_177_fu_4778_p2                                    |     |        | add_ln91_177 | add | fabric | 0       |
|    add_ln91_178_fu_4802_p2                                    |     |        | add_ln91_178 | add | fabric | 0       |
|    add_ln91_179_fu_4826_p2                                    |     |        | add_ln91_179 | add | fabric | 0       |
|    add_ln91_180_fu_4850_p2                                    |     |        | add_ln91_180 | add | fabric | 0       |
|    add_ln91_181_fu_4874_p2                                    |     |        | add_ln91_181 | add | fabric | 0       |
|    add_ln91_182_fu_4892_p2                                    |     |        | add_ln91_182 | add | fabric | 0       |
|    add_ln91_183_fu_4916_p2                                    |     |        | add_ln91_183 | add | fabric | 0       |
|    add_ln91_184_fu_4940_p2                                    |     |        | add_ln91_184 | add | fabric | 0       |
|    add_ln91_185_fu_4964_p2                                    |     |        | add_ln91_185 | add | fabric | 0       |
|    add_ln91_186_fu_4988_p2                                    |     |        | add_ln91_186 | add | fabric | 0       |
|    add_ln91_187_fu_5012_p2                                    |     |        | add_ln91_187 | add | fabric | 0       |
|    add_ln91_188_fu_5036_p2                                    |     |        | add_ln91_188 | add | fabric | 0       |
|    add_ln91_189_fu_5054_p2                                    |     |        | add_ln91_189 | add | fabric | 0       |
|    add_ln91_190_fu_5078_p2                                    |     |        | add_ln91_190 | add | fabric | 0       |
|    add_ln91_191_fu_5102_p2                                    |     |        | add_ln91_191 | add | fabric | 0       |
|    add_ln91_192_fu_5126_p2                                    |     |        | add_ln91_192 | add | fabric | 0       |
|    add_ln91_193_fu_5150_p2                                    |     |        | add_ln91_193 | add | fabric | 0       |
|    add_ln91_194_fu_5174_p2                                    |     |        | add_ln91_194 | add | fabric | 0       |
|    add_ln91_195_fu_5198_p2                                    |     |        | add_ln91_195 | add | fabric | 0       |
|    add_ln91_196_fu_5216_p2                                    |     |        | add_ln91_196 | add | fabric | 0       |
|    add_ln91_197_fu_5240_p2                                    |     |        | add_ln91_197 | add | fabric | 0       |
|    add_ln91_198_fu_5264_p2                                    |     |        | add_ln91_198 | add | fabric | 0       |
|    add_ln91_199_fu_5288_p2                                    |     |        | add_ln91_199 | add | fabric | 0       |
+---------------------------------------------------------------+-----+--------+--------------+-----+--------+---------+


================================================================
== Storage Report
================================================================
  No bind storage info in design

================================================================
== Pragma Report
================================================================
* Valid Pragma Syntax
+----------------------+-----------------------------------------------------------------------+-----------------------------------------------------------------------------------------------+
| Type                 | Options                                                               | Location                                                                                      |
+----------------------+-----------------------------------------------------------------------+-----------------------------------------------------------------------------------------------+
| array_reshape        | variable=x complete dim=0                                             | firmware/myproject.cpp:13 in myproject, x                                                     |
| array_partition      | variable=layer2_out complete dim=0                                    | firmware/myproject.cpp:14 in myproject, layer2_out                                            |
| interface            | ap_vld port=x,layer2_out                                              | firmware/myproject.cpp:15 in myproject, x,layer2_out                                          |
| pipeline             |                                                                       | firmware/myproject.cpp:16 in myproject                                                        |
| array_partition      | variable=data_buf complete dim=0                                      | firmware/nnet_utils/nnet_conv1d_latency.h:19 in conv_1d_latency_cl, data_buf                  |
| array_partition      | variable=mult complete                                                | firmware/nnet_utils/nnet_conv1d_latency.h:22 in conv_1d_latency_cl, mult                      |
| array_partition      | variable=acc complete                                                 | firmware/nnet_utils/nnet_conv1d_latency.h:25 in conv_1d_latency_cl, acc                       |
| array_partition      | variable=weights complete                                             | firmware/nnet_utils/nnet_conv1d_latency.h:27 in conv_1d_latency_cl, weights                   |
| array_partition      | variable=biases complete                                              | firmware/nnet_utils/nnet_conv1d_latency.h:28 in conv_1d_latency_cl, biases                    |
| allocation           | operation instances=mul limit=CONFIG_T::mult_config::multiplier_limit | firmware/nnet_utils/nnet_conv1d_latency.h:31 in conv_1d_latency_cl                            |
| pipeline             | II=CONFIG_T::reuse_factor rewind                                      | firmware/nnet_utils/nnet_conv1d_latency.h:35 in conv_1d_latency_cl                            |
| unroll               |                                                                       | firmware/nnet_utils/nnet_conv1d_latency.h:41 in conv_1d_latency_cl                            |
| unroll               |                                                                       | firmware/nnet_utils/nnet_conv1d_latency.h:48 in conv_1d_latency_cl                            |
| unroll               |                                                                       | firmware/nnet_utils/nnet_conv1d_latency.h:52 in conv_1d_latency_cl                            |
| unroll               |                                                                       | firmware/nnet_utils/nnet_conv1d_latency.h:62 in conv_1d_latency_cl                            |
| unroll               |                                                                       | firmware/nnet_utils/nnet_conv1d_latency.h:69 in conv_1d_latency_cl                            |
| unroll               |                                                                       | firmware/nnet_utils/nnet_conv1d_latency.h:72 in conv_1d_latency_cl                            |
| unroll               |                                                                       | firmware/nnet_utils/nnet_conv1d_latency.h:80 in conv_1d_latency_cl                            |
| array_partition      | variable=mult complete dim=0                                          | firmware/nnet_utils/nnet_conv1d_latency.h:97 in pointwise_conv_1d_latency_cl, mult            |
| array_partition      | variable=acc complete dim=0                                           | firmware/nnet_utils/nnet_conv1d_latency.h:98 in pointwise_conv_1d_latency_cl, acc             |
| function_instantiate | variable=weights,biases                                               | firmware/nnet_utils/nnet_conv1d_latency.h:101 in pointwise_conv_1d_latency_cl, weights,biases |
| pipeline             | II=CONFIG_T::reuse_factor                                             | firmware/nnet_utils/nnet_conv1d_latency.h:104 in pointwise_conv_1d_latency_cl                 |
| array_partition      | variable=weights complete dim=0                                       | firmware/nnet_utils/nnet_conv1d_latency.h:105 in pointwise_conv_1d_latency_cl, weights        |
| array_partition      | variable=biases complete dim=0                                        | firmware/nnet_utils/nnet_conv1d_latency.h:106 in pointwise_conv_1d_latency_cl, biases         |
| allocation           | operation instances=mul limit=CONFIG_T::mult_config::multiplier_limit | firmware/nnet_utils/nnet_conv1d_latency.h:109 in pointwise_conv_1d_latency_cl                 |
| unroll               |                                                                       | firmware/nnet_utils/nnet_conv1d_latency.h:118 in pointwise_conv_1d_latency_cl                 |
| unroll               |                                                                       | firmware/nnet_utils/nnet_conv1d_latency.h:137 in pointwise_conv_1d_latency_cl                 |
| unroll               |                                                                       | firmware/nnet_utils/nnet_conv1d_latency.h:159 in pointwise_conv_1d_latency_cl                 |
| inline               |                                                                       | firmware/nnet_utils/nnet_math.h:42 in sincos_lut                                              |
| inline               |                                                                       | firmware/nnet_utils/nnet_math.h:161 in sin_lut                                                |
| inline               |                                                                       | firmware/nnet_utils/nnet_math.h:169 in cos_lut                                                |
| inline               |                                                                       | firmware/nnet_utils/nnet_mult.h:25 in product                                                 |
| inline               |                                                                       | firmware/nnet_utils/nnet_mult.h:34 in product                                                 |
| inline               |                                                                       | firmware/nnet_utils/nnet_mult.h:46 in product                                                 |
| inline               |                                                                       | firmware/nnet_utils/nnet_mult.h:58 in product                                                 |
| inline               |                                                                       | firmware/nnet_utils/nnet_mult.h:72 in product                                                 |
| inline               |                                                                       | firmware/nnet_utils/nnet_mult.h:82 in product                                                 |
| array_partition      | variable=lfsrs complete                                               | firmware/nnet_utils/nnet_random.h:75 in uniform, lfsrs                                        |
| array_partition      | variable=res type=block factor=32                                     | firmware/nnet_utils/nnet_random.h:76 in uniform, res                                          |
| array_partition      | variable=input type=block factor=32                                   | firmware/nnet_utils/nnet_random.h:77 in uniform, input                                        |
| unroll               |                                                                       | firmware/nnet_utils/nnet_random.h:83 in uniform                                               |
| pipeline             |                                                                       | firmware/nnet_utils/nnet_random.h:89 in uniform                                               |
| unroll               |                                                                       | firmware/nnet_utils/nnet_types.h:28 in operator=                                              |
+----------------------+-----------------------------------------------------------------------+-----------------------------------------------------------------------------------------------+


