

================================================================
== Vitis HLS Report for 'myproject'
================================================================
* Date:           Tue Feb 18 18:43:44 2025

* Version:        2023.2 (Build 4023990 on Oct 11 2023)
* Project:        myproject_prj
* Solution:       solution1 (Vivado IP Flow Target)
* Product family: virtexuplus
* Target device:  xcvu13p-flga2577-2-e


================================================================
== Performance Estimates
================================================================
+ Timing: 
    * Summary: 
    +--------+---------+----------+------------+
    |  Clock |  Target | Estimated| Uncertainty|
    +--------+---------+----------+------------+
    |ap_clk  |  5.00 ns|  0.785 ns|     0.62 ns|
    +--------+---------+----------+------------+

+ Latency: 
    * Summary: 
    +---------+---------+----------+----------+-----+-----+---------+
    |  Latency (cycles) |  Latency (absolute) |  Interval | Pipeline|
    |   min   |   max   |    min   |    max   | min | max |   Type  |
    +---------+---------+----------+----------+-----+-----+---------+
    |        0|        0|      0 ns|      0 ns|    1|    1|      yes|
    +---------+---------+----------+----------+-----+-----+---------+

    + Detail: 
        * Instance: 
        +-----------------------------------------------------------------------------+------------------------------------------------------------+---------+---------+----------+----------+-----+-----+---------+
        |                                                                             |                                                            |  Latency (cycles) |  Latency (absolute) |  Interval | Pipeline|
        |                                   Instance                                  |                           Module                           |   min   |   max   |    min   |    max   | min | max |   Type  |
        +-----------------------------------------------------------------------------+------------------------------------------------------------+---------+---------+----------+----------+-----+-----+---------+
        |call_ret_uniform_ap_fixed_16_6_5_3_0_ap_ufixed_16_0_5_3_0_config2_s_fu_2062  |uniform_ap_fixed_16_6_5_3_0_ap_ufixed_16_0_5_3_0_config2_s  |        0|        0|      0 ns|      0 ns|    1|    1|      yes|
        +-----------------------------------------------------------------------------+------------------------------------------------------------+---------+---------+----------+----------+-----+-----+---------+

        * Loop: 
        N/A



================================================================
== Utilization Estimates
================================================================
* Summary: 
+---------------------+---------+-------+---------+---------+------+
|         Name        | BRAM_18K|  DSP  |    FF   |   LUT   | URAM |
+---------------------+---------+-------+---------+---------+------+
|DSP                  |        -|      -|        -|        -|     -|
|Expression           |        -|      -|        0|        2|     -|
|FIFO                 |        -|      -|        -|        -|     -|
|Instance             |        -|      -|        0|     4600|     -|
|Memory               |        -|      -|        -|        -|     -|
|Multiplexer          |        -|      -|        -|     1044|     -|
|Register             |        -|      -|     3278|        -|     -|
+---------------------+---------+-------+---------+---------+------+
|Total                |        0|      0|     3278|     5646|     0|
+---------------------+---------+-------+---------+---------+------+
|Available SLR        |     1344|   3072|   864000|   432000|   320|
+---------------------+---------+-------+---------+---------+------+
|Utilization SLR (%)  |        0|      0|       ~0|        1|     0|
+---------------------+---------+-------+---------+---------+------+
|Available            |     5376|  12288|  3456000|  1728000|  1280|
+---------------------+---------+-------+---------+---------+------+
|Utilization (%)      |        0|      0|       ~0|       ~0|     0|
+---------------------+---------+-------+---------+---------+------+

+ Detail: 
    * Instance: 
    +-----------------------------------------------------------------------------+------------------------------------------------------------+---------+----+---+------+-----+
    |                                   Instance                                  |                           Module                           | BRAM_18K| DSP| FF|  LUT | URAM|
    +-----------------------------------------------------------------------------+------------------------------------------------------------+---------+----+---+------+-----+
    |call_ret_uniform_ap_fixed_16_6_5_3_0_ap_ufixed_16_0_5_3_0_config2_s_fu_2062  |uniform_ap_fixed_16_6_5_3_0_ap_ufixed_16_0_5_3_0_config2_s  |        0|   0|  0|  4600|    0|
    +-----------------------------------------------------------------------------+------------------------------------------------------------+---------+----+---+------+-----+
    |Total                                                                        |                                                            |        0|   0|  0|  4600|    0|
    +-----------------------------------------------------------------------------+------------------------------------------------------------+---------+----+---+------+-----+

    * DSP: 
    N/A

    * Memory: 
    N/A

    * FIFO: 
    N/A

    * Expression: 
    +-----------------+----------+----+---+----+------------+------------+
    |  Variable Name  | Operation| DSP| FF| LUT| Bitwidth P0| Bitwidth P1|
    +-----------------+----------+----+---+----+------------+------------+
    |ap_block_state1  |        or|   0|  0|   2|           1|           1|
    +-----------------+----------+----+---+----+------------+------------+
    |Total            |          |   0|  0|   2|           1|           1|
    +-----------------+----------+----+---+----+------------+------------+

    * Multiplexer: 
    +--------------------+----+-----------+-----+-----------+
    |        Name        | LUT| Input Size| Bits| Total Bits|
    +--------------------+----+-----------+-----+-----------+
    |x_0_ap_vld_in_sig   |   9|          2|    1|          2|
    |x_0_ap_vld_preg     |   9|          2|    1|          2|
    |x_0_blk_n           |   9|          2|    1|          2|
    |x_0_in_sig          |   9|          2|  112|        224|
    |x_10_ap_vld_in_sig  |   9|          2|    1|          2|
    |x_10_ap_vld_preg    |   9|          2|    1|          2|
    |x_10_blk_n          |   9|          2|    1|          2|
    |x_10_in_sig         |   9|          2|  112|        224|
    |x_11_ap_vld_in_sig  |   9|          2|    1|          2|
    |x_11_ap_vld_preg    |   9|          2|    1|          2|
    |x_11_blk_n          |   9|          2|    1|          2|
    |x_11_in_sig         |   9|          2|  112|        224|
    |x_12_ap_vld_in_sig  |   9|          2|    1|          2|
    |x_12_ap_vld_preg    |   9|          2|    1|          2|
    |x_12_blk_n          |   9|          2|    1|          2|
    |x_12_in_sig         |   9|          2|  112|        224|
    |x_13_ap_vld_in_sig  |   9|          2|    1|          2|
    |x_13_ap_vld_preg    |   9|          2|    1|          2|
    |x_13_blk_n          |   9|          2|    1|          2|
    |x_13_in_sig         |   9|          2|  112|        224|
    |x_14_ap_vld_in_sig  |   9|          2|    1|          2|
    |x_14_ap_vld_preg    |   9|          2|    1|          2|
    |x_14_blk_n          |   9|          2|    1|          2|
    |x_14_in_sig         |   9|          2|  112|        224|
    |x_15_ap_vld_in_sig  |   9|          2|    1|          2|
    |x_15_ap_vld_preg    |   9|          2|    1|          2|
    |x_15_blk_n          |   9|          2|    1|          2|
    |x_15_in_sig         |   9|          2|  112|        224|
    |x_16_ap_vld_in_sig  |   9|          2|    1|          2|
    |x_16_ap_vld_preg    |   9|          2|    1|          2|
    |x_16_blk_n          |   9|          2|    1|          2|
    |x_16_in_sig         |   9|          2|  112|        224|
    |x_17_ap_vld_in_sig  |   9|          2|    1|          2|
    |x_17_ap_vld_preg    |   9|          2|    1|          2|
    |x_17_blk_n          |   9|          2|    1|          2|
    |x_17_in_sig         |   9|          2|  112|        224|
    |x_18_ap_vld_in_sig  |   9|          2|    1|          2|
    |x_18_ap_vld_preg    |   9|          2|    1|          2|
    |x_18_blk_n          |   9|          2|    1|          2|
    |x_18_in_sig         |   9|          2|  112|        224|
    |x_19_ap_vld_in_sig  |   9|          2|    1|          2|
    |x_19_ap_vld_preg    |   9|          2|    1|          2|
    |x_19_blk_n          |   9|          2|    1|          2|
    |x_19_in_sig         |   9|          2|  112|        224|
    |x_1_ap_vld_in_sig   |   9|          2|    1|          2|
    |x_1_ap_vld_preg     |   9|          2|    1|          2|
    |x_1_blk_n           |   9|          2|    1|          2|
    |x_1_in_sig          |   9|          2|  112|        224|
    |x_20_ap_vld_in_sig  |   9|          2|    1|          2|
    |x_20_ap_vld_preg    |   9|          2|    1|          2|
    |x_20_blk_n          |   9|          2|    1|          2|
    |x_20_in_sig         |   9|          2|  112|        224|
    |x_21_ap_vld_in_sig  |   9|          2|    1|          2|
    |x_21_ap_vld_preg    |   9|          2|    1|          2|
    |x_21_blk_n          |   9|          2|    1|          2|
    |x_21_in_sig         |   9|          2|  112|        224|
    |x_22_ap_vld_in_sig  |   9|          2|    1|          2|
    |x_22_ap_vld_preg    |   9|          2|    1|          2|
    |x_22_blk_n          |   9|          2|    1|          2|
    |x_22_in_sig         |   9|          2|  112|        224|
    |x_23_ap_vld_in_sig  |   9|          2|    1|          2|
    |x_23_ap_vld_preg    |   9|          2|    1|          2|
    |x_23_blk_n          |   9|          2|    1|          2|
    |x_23_in_sig         |   9|          2|  112|        224|
    |x_24_ap_vld_in_sig  |   9|          2|    1|          2|
    |x_24_ap_vld_preg    |   9|          2|    1|          2|
    |x_24_blk_n          |   9|          2|    1|          2|
    |x_24_in_sig         |   9|          2|  112|        224|
    |x_25_ap_vld_in_sig  |   9|          2|    1|          2|
    |x_25_ap_vld_preg    |   9|          2|    1|          2|
    |x_25_blk_n          |   9|          2|    1|          2|
    |x_25_in_sig         |   9|          2|  112|        224|
    |x_26_ap_vld_in_sig  |   9|          2|    1|          2|
    |x_26_ap_vld_preg    |   9|          2|    1|          2|
    |x_26_blk_n          |   9|          2|    1|          2|
    |x_26_in_sig         |   9|          2|  112|        224|
    |x_27_ap_vld_in_sig  |   9|          2|    1|          2|
    |x_27_ap_vld_preg    |   9|          2|    1|          2|
    |x_27_blk_n          |   9|          2|    1|          2|
    |x_27_in_sig         |   9|          2|  112|        224|
    |x_28_ap_vld_in_sig  |   9|          2|    1|          2|
    |x_28_ap_vld_preg    |   9|          2|    1|          2|
    |x_28_blk_n          |   9|          2|    1|          2|
    |x_28_in_sig         |   9|          2|  112|        224|
    |x_2_ap_vld_in_sig   |   9|          2|    1|          2|
    |x_2_ap_vld_preg     |   9|          2|    1|          2|
    |x_2_blk_n           |   9|          2|    1|          2|
    |x_2_in_sig          |   9|          2|  112|        224|
    |x_3_ap_vld_in_sig   |   9|          2|    1|          2|
    |x_3_ap_vld_preg     |   9|          2|    1|          2|
    |x_3_blk_n           |   9|          2|    1|          2|
    |x_3_in_sig          |   9|          2|  112|        224|
    |x_4_ap_vld_in_sig   |   9|          2|    1|          2|
    |x_4_ap_vld_preg     |   9|          2|    1|          2|
    |x_4_blk_n           |   9|          2|    1|          2|
    |x_4_in_sig          |   9|          2|  112|        224|
    |x_5_ap_vld_in_sig   |   9|          2|    1|          2|
    |x_5_ap_vld_preg     |   9|          2|    1|          2|
    |x_5_blk_n           |   9|          2|    1|          2|
    |x_5_in_sig          |   9|          2|  112|        224|
    |x_6_ap_vld_in_sig   |   9|          2|    1|          2|
    |x_6_ap_vld_preg     |   9|          2|    1|          2|
    |x_6_blk_n           |   9|          2|    1|          2|
    |x_6_in_sig          |   9|          2|  112|        224|
    |x_7_ap_vld_in_sig   |   9|          2|    1|          2|
    |x_7_ap_vld_preg     |   9|          2|    1|          2|
    |x_7_blk_n           |   9|          2|    1|          2|
    |x_7_in_sig          |   9|          2|  112|        224|
    |x_8_ap_vld_in_sig   |   9|          2|    1|          2|
    |x_8_ap_vld_preg     |   9|          2|    1|          2|
    |x_8_blk_n           |   9|          2|    1|          2|
    |x_8_in_sig          |   9|          2|  112|        224|
    |x_9_ap_vld_in_sig   |   9|          2|    1|          2|
    |x_9_ap_vld_preg     |   9|          2|    1|          2|
    |x_9_blk_n           |   9|          2|    1|          2|
    |x_9_in_sig          |   9|          2|  112|        224|
    +--------------------+----+-----------+-----+-----------+
    |Total               |1044|        232| 3335|       6670|
    +--------------------+----+-----------+-----+-----------+

    * Register: 
    +------------------+-----+----+-----+-----------+
    |       Name       |  FF | LUT| Bits| Const Bits|
    +------------------+-----+----+-----+-----------+
    |ap_CS_fsm         |    1|   0|    1|          0|
    |x_0_ap_vld_preg   |    1|   0|    1|          0|
    |x_0_preg          |  112|   0|  112|          0|
    |x_10_ap_vld_preg  |    1|   0|    1|          0|
    |x_10_preg         |  112|   0|  112|          0|
    |x_11_ap_vld_preg  |    1|   0|    1|          0|
    |x_11_preg         |  112|   0|  112|          0|
    |x_12_ap_vld_preg  |    1|   0|    1|          0|
    |x_12_preg         |  112|   0|  112|          0|
    |x_13_ap_vld_preg  |    1|   0|    1|          0|
    |x_13_preg         |  112|   0|  112|          0|
    |x_14_ap_vld_preg  |    1|   0|    1|          0|
    |x_14_preg         |  112|   0|  112|          0|
    |x_15_ap_vld_preg  |    1|   0|    1|          0|
    |x_15_preg         |  112|   0|  112|          0|
    |x_16_ap_vld_preg  |    1|   0|    1|          0|
    |x_16_preg         |  112|   0|  112|          0|
    |x_17_ap_vld_preg  |    1|   0|    1|          0|
    |x_17_preg         |  112|   0|  112|          0|
    |x_18_ap_vld_preg  |    1|   0|    1|          0|
    |x_18_preg         |  112|   0|  112|          0|
    |x_19_ap_vld_preg  |    1|   0|    1|          0|
    |x_19_preg         |  112|   0|  112|          0|
    |x_1_ap_vld_preg   |    1|   0|    1|          0|
    |x_1_preg          |  112|   0|  112|          0|
    |x_20_ap_vld_preg  |    1|   0|    1|          0|
    |x_20_preg         |  112|   0|  112|          0|
    |x_21_ap_vld_preg  |    1|   0|    1|          0|
    |x_21_preg         |  112|   0|  112|          0|
    |x_22_ap_vld_preg  |    1|   0|    1|          0|
    |x_22_preg         |  112|   0|  112|          0|
    |x_23_ap_vld_preg  |    1|   0|    1|          0|
    |x_23_preg         |  112|   0|  112|          0|
    |x_24_ap_vld_preg  |    1|   0|    1|          0|
    |x_24_preg         |  112|   0|  112|          0|
    |x_25_ap_vld_preg  |    1|   0|    1|          0|
    |x_25_preg         |  112|   0|  112|          0|
    |x_26_ap_vld_preg  |    1|   0|    1|          0|
    |x_26_preg         |  112|   0|  112|          0|
    |x_27_ap_vld_preg  |    1|   0|    1|          0|
    |x_27_preg         |  112|   0|  112|          0|
    |x_28_ap_vld_preg  |    1|   0|    1|          0|
    |x_28_preg         |  112|   0|  112|          0|
    |x_2_ap_vld_preg   |    1|   0|    1|          0|
    |x_2_preg          |  112|   0|  112|          0|
    |x_3_ap_vld_preg   |    1|   0|    1|          0|
    |x_3_preg          |  112|   0|  112|          0|
    |x_4_ap_vld_preg   |    1|   0|    1|          0|
    |x_4_preg          |  112|   0|  112|          0|
    |x_5_ap_vld_preg   |    1|   0|    1|          0|
    |x_5_preg          |  112|   0|  112|          0|
    |x_6_ap_vld_preg   |    1|   0|    1|          0|
    |x_6_preg          |  112|   0|  112|          0|
    |x_7_ap_vld_preg   |    1|   0|    1|          0|
    |x_7_preg          |  112|   0|  112|          0|
    |x_8_ap_vld_preg   |    1|   0|    1|          0|
    |x_8_preg          |  112|   0|  112|          0|
    |x_9_ap_vld_preg   |    1|   0|    1|          0|
    |x_9_preg          |  112|   0|  112|          0|
    +------------------+-----+----+-----+-----------+
    |Total             | 3278|   0| 3278|          0|
    +------------------+-----+----+-----+-----------+



================================================================
== Interface
================================================================
* Summary: 
+-----------------------+-----+-----+------------+----------------+--------------+
|       RTL Ports       | Dir | Bits|  Protocol  |  Source Object |    C Type    |
+-----------------------+-----+-----+------------+----------------+--------------+
|ap_clk                 |   in|    1|  ap_ctrl_hs|       myproject|  return value|
|ap_rst                 |   in|    1|  ap_ctrl_hs|       myproject|  return value|
|ap_start               |   in|    1|  ap_ctrl_hs|       myproject|  return value|
|ap_done                |  out|    1|  ap_ctrl_hs|       myproject|  return value|
|ap_idle                |  out|    1|  ap_ctrl_hs|       myproject|  return value|
|ap_ready               |  out|    1|  ap_ctrl_hs|       myproject|  return value|
|x_0                    |   in|  112|      ap_vld|             x_0|       pointer|
|x_0_ap_vld             |   in|    1|      ap_vld|             x_0|       pointer|
|x_1                    |   in|  112|      ap_vld|             x_1|       pointer|
|x_1_ap_vld             |   in|    1|      ap_vld|             x_1|       pointer|
|x_2                    |   in|  112|      ap_vld|             x_2|       pointer|
|x_2_ap_vld             |   in|    1|      ap_vld|             x_2|       pointer|
|x_3                    |   in|  112|      ap_vld|             x_3|       pointer|
|x_3_ap_vld             |   in|    1|      ap_vld|             x_3|       pointer|
|x_4                    |   in|  112|      ap_vld|             x_4|       pointer|
|x_4_ap_vld             |   in|    1|      ap_vld|             x_4|       pointer|
|x_5                    |   in|  112|      ap_vld|             x_5|       pointer|
|x_5_ap_vld             |   in|    1|      ap_vld|             x_5|       pointer|
|x_6                    |   in|  112|      ap_vld|             x_6|       pointer|
|x_6_ap_vld             |   in|    1|      ap_vld|             x_6|       pointer|
|x_7                    |   in|  112|      ap_vld|             x_7|       pointer|
|x_7_ap_vld             |   in|    1|      ap_vld|             x_7|       pointer|
|x_8                    |   in|  112|      ap_vld|             x_8|       pointer|
|x_8_ap_vld             |   in|    1|      ap_vld|             x_8|       pointer|
|x_9                    |   in|  112|      ap_vld|             x_9|       pointer|
|x_9_ap_vld             |   in|    1|      ap_vld|             x_9|       pointer|
|x_10                   |   in|  112|      ap_vld|            x_10|       pointer|
|x_10_ap_vld            |   in|    1|      ap_vld|            x_10|       pointer|
|x_11                   |   in|  112|      ap_vld|            x_11|       pointer|
|x_11_ap_vld            |   in|    1|      ap_vld|            x_11|       pointer|
|x_12                   |   in|  112|      ap_vld|            x_12|       pointer|
|x_12_ap_vld            |   in|    1|      ap_vld|            x_12|       pointer|
|x_13                   |   in|  112|      ap_vld|            x_13|       pointer|
|x_13_ap_vld            |   in|    1|      ap_vld|            x_13|       pointer|
|x_14                   |   in|  112|      ap_vld|            x_14|       pointer|
|x_14_ap_vld            |   in|    1|      ap_vld|            x_14|       pointer|
|x_15                   |   in|  112|      ap_vld|            x_15|       pointer|
|x_15_ap_vld            |   in|    1|      ap_vld|            x_15|       pointer|
|x_16                   |   in|  112|      ap_vld|            x_16|       pointer|
|x_16_ap_vld            |   in|    1|      ap_vld|            x_16|       pointer|
|x_17                   |   in|  112|      ap_vld|            x_17|       pointer|
|x_17_ap_vld            |   in|    1|      ap_vld|            x_17|       pointer|
|x_18                   |   in|  112|      ap_vld|            x_18|       pointer|
|x_18_ap_vld            |   in|    1|      ap_vld|            x_18|       pointer|
|x_19                   |   in|  112|      ap_vld|            x_19|       pointer|
|x_19_ap_vld            |   in|    1|      ap_vld|            x_19|       pointer|
|x_20                   |   in|  112|      ap_vld|            x_20|       pointer|
|x_20_ap_vld            |   in|    1|      ap_vld|            x_20|       pointer|
|x_21                   |   in|  112|      ap_vld|            x_21|       pointer|
|x_21_ap_vld            |   in|    1|      ap_vld|            x_21|       pointer|
|x_22                   |   in|  112|      ap_vld|            x_22|       pointer|
|x_22_ap_vld            |   in|    1|      ap_vld|            x_22|       pointer|
|x_23                   |   in|  112|      ap_vld|            x_23|       pointer|
|x_23_ap_vld            |   in|    1|      ap_vld|            x_23|       pointer|
|x_24                   |   in|  112|      ap_vld|            x_24|       pointer|
|x_24_ap_vld            |   in|    1|      ap_vld|            x_24|       pointer|
|x_25                   |   in|  112|      ap_vld|            x_25|       pointer|
|x_25_ap_vld            |   in|    1|      ap_vld|            x_25|       pointer|
|x_26                   |   in|  112|      ap_vld|            x_26|       pointer|
|x_26_ap_vld            |   in|    1|      ap_vld|            x_26|       pointer|
|x_27                   |   in|  112|      ap_vld|            x_27|       pointer|
|x_27_ap_vld            |   in|    1|      ap_vld|            x_27|       pointer|
|x_28                   |   in|  112|      ap_vld|            x_28|       pointer|
|x_28_ap_vld            |   in|    1|      ap_vld|            x_28|       pointer|
|x_29                   |   in|  112|      ap_vld|            x_29|       pointer|
|x_29_ap_vld            |   in|    1|      ap_vld|            x_29|       pointer|
|x_30                   |   in|  112|      ap_vld|            x_30|       pointer|
|x_30_ap_vld            |   in|    1|      ap_vld|            x_30|       pointer|
|x_31                   |   in|  112|      ap_vld|            x_31|       pointer|
|x_31_ap_vld            |   in|    1|      ap_vld|            x_31|       pointer|
|layer2_out_0           |  out|   16|      ap_vld|    layer2_out_0|       pointer|
|layer2_out_0_ap_vld    |  out|    1|      ap_vld|    layer2_out_0|       pointer|
|layer2_out_1           |  out|   16|      ap_vld|    layer2_out_1|       pointer|
|layer2_out_1_ap_vld    |  out|    1|      ap_vld|    layer2_out_1|       pointer|
|layer2_out_2           |  out|   16|      ap_vld|    layer2_out_2|       pointer|
|layer2_out_2_ap_vld    |  out|    1|      ap_vld|    layer2_out_2|       pointer|
|layer2_out_3           |  out|   16|      ap_vld|    layer2_out_3|       pointer|
|layer2_out_3_ap_vld    |  out|    1|      ap_vld|    layer2_out_3|       pointer|
|layer2_out_4           |  out|   16|      ap_vld|    layer2_out_4|       pointer|
|layer2_out_4_ap_vld    |  out|    1|      ap_vld|    layer2_out_4|       pointer|
|layer2_out_5           |  out|   16|      ap_vld|    layer2_out_5|       pointer|
|layer2_out_5_ap_vld    |  out|    1|      ap_vld|    layer2_out_5|       pointer|
|layer2_out_6           |  out|   16|      ap_vld|    layer2_out_6|       pointer|
|layer2_out_6_ap_vld    |  out|    1|      ap_vld|    layer2_out_6|       pointer|
|layer2_out_7           |  out|   16|      ap_vld|    layer2_out_7|       pointer|
|layer2_out_7_ap_vld    |  out|    1|      ap_vld|    layer2_out_7|       pointer|
|layer2_out_8           |  out|   16|      ap_vld|    layer2_out_8|       pointer|
|layer2_out_8_ap_vld    |  out|    1|      ap_vld|    layer2_out_8|       pointer|
|layer2_out_9           |  out|   16|      ap_vld|    layer2_out_9|       pointer|
|layer2_out_9_ap_vld    |  out|    1|      ap_vld|    layer2_out_9|       pointer|
|layer2_out_10          |  out|   16|      ap_vld|   layer2_out_10|       pointer|
|layer2_out_10_ap_vld   |  out|    1|      ap_vld|   layer2_out_10|       pointer|
|layer2_out_11          |  out|   16|      ap_vld|   layer2_out_11|       pointer|
|layer2_out_11_ap_vld   |  out|    1|      ap_vld|   layer2_out_11|       pointer|
|layer2_out_12          |  out|   16|      ap_vld|   layer2_out_12|       pointer|
|layer2_out_12_ap_vld   |  out|    1|      ap_vld|   layer2_out_12|       pointer|
|layer2_out_13          |  out|   16|      ap_vld|   layer2_out_13|       pointer|
|layer2_out_13_ap_vld   |  out|    1|      ap_vld|   layer2_out_13|       pointer|
|layer2_out_14          |  out|   16|      ap_vld|   layer2_out_14|       pointer|
|layer2_out_14_ap_vld   |  out|    1|      ap_vld|   layer2_out_14|       pointer|
|layer2_out_15          |  out|   16|      ap_vld|   layer2_out_15|       pointer|
|layer2_out_15_ap_vld   |  out|    1|      ap_vld|   layer2_out_15|       pointer|
|layer2_out_16          |  out|   16|      ap_vld|   layer2_out_16|       pointer|
|layer2_out_16_ap_vld   |  out|    1|      ap_vld|   layer2_out_16|       pointer|
|layer2_out_17          |  out|   16|      ap_vld|   layer2_out_17|       pointer|
|layer2_out_17_ap_vld   |  out|    1|      ap_vld|   layer2_out_17|       pointer|
|layer2_out_18          |  out|   16|      ap_vld|   layer2_out_18|       pointer|
|layer2_out_18_ap_vld   |  out|    1|      ap_vld|   layer2_out_18|       pointer|
|layer2_out_19          |  out|   16|      ap_vld|   layer2_out_19|       pointer|
|layer2_out_19_ap_vld   |  out|    1|      ap_vld|   layer2_out_19|       pointer|
|layer2_out_20          |  out|   16|      ap_vld|   layer2_out_20|       pointer|
|layer2_out_20_ap_vld   |  out|    1|      ap_vld|   layer2_out_20|       pointer|
|layer2_out_21          |  out|   16|      ap_vld|   layer2_out_21|       pointer|
|layer2_out_21_ap_vld   |  out|    1|      ap_vld|   layer2_out_21|       pointer|
|layer2_out_22          |  out|   16|      ap_vld|   layer2_out_22|       pointer|
|layer2_out_22_ap_vld   |  out|    1|      ap_vld|   layer2_out_22|       pointer|
|layer2_out_23          |  out|   16|      ap_vld|   layer2_out_23|       pointer|
|layer2_out_23_ap_vld   |  out|    1|      ap_vld|   layer2_out_23|       pointer|
|layer2_out_24          |  out|   16|      ap_vld|   layer2_out_24|       pointer|
|layer2_out_24_ap_vld   |  out|    1|      ap_vld|   layer2_out_24|       pointer|
|layer2_out_25          |  out|   16|      ap_vld|   layer2_out_25|       pointer|
|layer2_out_25_ap_vld   |  out|    1|      ap_vld|   layer2_out_25|       pointer|
|layer2_out_26          |  out|   16|      ap_vld|   layer2_out_26|       pointer|
|layer2_out_26_ap_vld   |  out|    1|      ap_vld|   layer2_out_26|       pointer|
|layer2_out_27          |  out|   16|      ap_vld|   layer2_out_27|       pointer|
|layer2_out_27_ap_vld   |  out|    1|      ap_vld|   layer2_out_27|       pointer|
|layer2_out_28          |  out|   16|      ap_vld|   layer2_out_28|       pointer|
|layer2_out_28_ap_vld   |  out|    1|      ap_vld|   layer2_out_28|       pointer|
|layer2_out_29          |  out|   16|      ap_vld|   layer2_out_29|       pointer|
|layer2_out_29_ap_vld   |  out|    1|      ap_vld|   layer2_out_29|       pointer|
|layer2_out_30          |  out|   16|      ap_vld|   layer2_out_30|       pointer|
|layer2_out_30_ap_vld   |  out|    1|      ap_vld|   layer2_out_30|       pointer|
|layer2_out_31          |  out|   16|      ap_vld|   layer2_out_31|       pointer|
|layer2_out_31_ap_vld   |  out|    1|      ap_vld|   layer2_out_31|       pointer|
|layer2_out_32          |  out|   16|      ap_vld|   layer2_out_32|       pointer|
|layer2_out_32_ap_vld   |  out|    1|      ap_vld|   layer2_out_32|       pointer|
|layer2_out_33          |  out|   16|      ap_vld|   layer2_out_33|       pointer|
|layer2_out_33_ap_vld   |  out|    1|      ap_vld|   layer2_out_33|       pointer|
|layer2_out_34          |  out|   16|      ap_vld|   layer2_out_34|       pointer|
|layer2_out_34_ap_vld   |  out|    1|      ap_vld|   layer2_out_34|       pointer|
|layer2_out_35          |  out|   16|      ap_vld|   layer2_out_35|       pointer|
|layer2_out_35_ap_vld   |  out|    1|      ap_vld|   layer2_out_35|       pointer|
|layer2_out_36          |  out|   16|      ap_vld|   layer2_out_36|       pointer|
|layer2_out_36_ap_vld   |  out|    1|      ap_vld|   layer2_out_36|       pointer|
|layer2_out_37          |  out|   16|      ap_vld|   layer2_out_37|       pointer|
|layer2_out_37_ap_vld   |  out|    1|      ap_vld|   layer2_out_37|       pointer|
|layer2_out_38          |  out|   16|      ap_vld|   layer2_out_38|       pointer|
|layer2_out_38_ap_vld   |  out|    1|      ap_vld|   layer2_out_38|       pointer|
|layer2_out_39          |  out|   16|      ap_vld|   layer2_out_39|       pointer|
|layer2_out_39_ap_vld   |  out|    1|      ap_vld|   layer2_out_39|       pointer|
|layer2_out_40          |  out|   16|      ap_vld|   layer2_out_40|       pointer|
|layer2_out_40_ap_vld   |  out|    1|      ap_vld|   layer2_out_40|       pointer|
|layer2_out_41          |  out|   16|      ap_vld|   layer2_out_41|       pointer|
|layer2_out_41_ap_vld   |  out|    1|      ap_vld|   layer2_out_41|       pointer|
|layer2_out_42          |  out|   16|      ap_vld|   layer2_out_42|       pointer|
|layer2_out_42_ap_vld   |  out|    1|      ap_vld|   layer2_out_42|       pointer|
|layer2_out_43          |  out|   16|      ap_vld|   layer2_out_43|       pointer|
|layer2_out_43_ap_vld   |  out|    1|      ap_vld|   layer2_out_43|       pointer|
|layer2_out_44          |  out|   16|      ap_vld|   layer2_out_44|       pointer|
|layer2_out_44_ap_vld   |  out|    1|      ap_vld|   layer2_out_44|       pointer|
|layer2_out_45          |  out|   16|      ap_vld|   layer2_out_45|       pointer|
|layer2_out_45_ap_vld   |  out|    1|      ap_vld|   layer2_out_45|       pointer|
|layer2_out_46          |  out|   16|      ap_vld|   layer2_out_46|       pointer|
|layer2_out_46_ap_vld   |  out|    1|      ap_vld|   layer2_out_46|       pointer|
|layer2_out_47          |  out|   16|      ap_vld|   layer2_out_47|       pointer|
|layer2_out_47_ap_vld   |  out|    1|      ap_vld|   layer2_out_47|       pointer|
|layer2_out_48          |  out|   16|      ap_vld|   layer2_out_48|       pointer|
|layer2_out_48_ap_vld   |  out|    1|      ap_vld|   layer2_out_48|       pointer|
|layer2_out_49          |  out|   16|      ap_vld|   layer2_out_49|       pointer|
|layer2_out_49_ap_vld   |  out|    1|      ap_vld|   layer2_out_49|       pointer|
|layer2_out_50          |  out|   16|      ap_vld|   layer2_out_50|       pointer|
|layer2_out_50_ap_vld   |  out|    1|      ap_vld|   layer2_out_50|       pointer|
|layer2_out_51          |  out|   16|      ap_vld|   layer2_out_51|       pointer|
|layer2_out_51_ap_vld   |  out|    1|      ap_vld|   layer2_out_51|       pointer|
|layer2_out_52          |  out|   16|      ap_vld|   layer2_out_52|       pointer|
|layer2_out_52_ap_vld   |  out|    1|      ap_vld|   layer2_out_52|       pointer|
|layer2_out_53          |  out|   16|      ap_vld|   layer2_out_53|       pointer|
|layer2_out_53_ap_vld   |  out|    1|      ap_vld|   layer2_out_53|       pointer|
|layer2_out_54          |  out|   16|      ap_vld|   layer2_out_54|       pointer|
|layer2_out_54_ap_vld   |  out|    1|      ap_vld|   layer2_out_54|       pointer|
|layer2_out_55          |  out|   16|      ap_vld|   layer2_out_55|       pointer|
|layer2_out_55_ap_vld   |  out|    1|      ap_vld|   layer2_out_55|       pointer|
|layer2_out_56          |  out|   16|      ap_vld|   layer2_out_56|       pointer|
|layer2_out_56_ap_vld   |  out|    1|      ap_vld|   layer2_out_56|       pointer|
|layer2_out_57          |  out|   16|      ap_vld|   layer2_out_57|       pointer|
|layer2_out_57_ap_vld   |  out|    1|      ap_vld|   layer2_out_57|       pointer|
|layer2_out_58          |  out|   16|      ap_vld|   layer2_out_58|       pointer|
|layer2_out_58_ap_vld   |  out|    1|      ap_vld|   layer2_out_58|       pointer|
|layer2_out_59          |  out|   16|      ap_vld|   layer2_out_59|       pointer|
|layer2_out_59_ap_vld   |  out|    1|      ap_vld|   layer2_out_59|       pointer|
|layer2_out_60          |  out|   16|      ap_vld|   layer2_out_60|       pointer|
|layer2_out_60_ap_vld   |  out|    1|      ap_vld|   layer2_out_60|       pointer|
|layer2_out_61          |  out|   16|      ap_vld|   layer2_out_61|       pointer|
|layer2_out_61_ap_vld   |  out|    1|      ap_vld|   layer2_out_61|       pointer|
|layer2_out_62          |  out|   16|      ap_vld|   layer2_out_62|       pointer|
|layer2_out_62_ap_vld   |  out|    1|      ap_vld|   layer2_out_62|       pointer|
|layer2_out_63          |  out|   16|      ap_vld|   layer2_out_63|       pointer|
|layer2_out_63_ap_vld   |  out|    1|      ap_vld|   layer2_out_63|       pointer|
|layer2_out_64          |  out|   16|      ap_vld|   layer2_out_64|       pointer|
|layer2_out_64_ap_vld   |  out|    1|      ap_vld|   layer2_out_64|       pointer|
|layer2_out_65          |  out|   16|      ap_vld|   layer2_out_65|       pointer|
|layer2_out_65_ap_vld   |  out|    1|      ap_vld|   layer2_out_65|       pointer|
|layer2_out_66          |  out|   16|      ap_vld|   layer2_out_66|       pointer|
|layer2_out_66_ap_vld   |  out|    1|      ap_vld|   layer2_out_66|       pointer|
|layer2_out_67          |  out|   16|      ap_vld|   layer2_out_67|       pointer|
|layer2_out_67_ap_vld   |  out|    1|      ap_vld|   layer2_out_67|       pointer|
|layer2_out_68          |  out|   16|      ap_vld|   layer2_out_68|       pointer|
|layer2_out_68_ap_vld   |  out|    1|      ap_vld|   layer2_out_68|       pointer|
|layer2_out_69          |  out|   16|      ap_vld|   layer2_out_69|       pointer|
|layer2_out_69_ap_vld   |  out|    1|      ap_vld|   layer2_out_69|       pointer|
|layer2_out_70          |  out|   16|      ap_vld|   layer2_out_70|       pointer|
|layer2_out_70_ap_vld   |  out|    1|      ap_vld|   layer2_out_70|       pointer|
|layer2_out_71          |  out|   16|      ap_vld|   layer2_out_71|       pointer|
|layer2_out_71_ap_vld   |  out|    1|      ap_vld|   layer2_out_71|       pointer|
|layer2_out_72          |  out|   16|      ap_vld|   layer2_out_72|       pointer|
|layer2_out_72_ap_vld   |  out|    1|      ap_vld|   layer2_out_72|       pointer|
|layer2_out_73          |  out|   16|      ap_vld|   layer2_out_73|       pointer|
|layer2_out_73_ap_vld   |  out|    1|      ap_vld|   layer2_out_73|       pointer|
|layer2_out_74          |  out|   16|      ap_vld|   layer2_out_74|       pointer|
|layer2_out_74_ap_vld   |  out|    1|      ap_vld|   layer2_out_74|       pointer|
|layer2_out_75          |  out|   16|      ap_vld|   layer2_out_75|       pointer|
|layer2_out_75_ap_vld   |  out|    1|      ap_vld|   layer2_out_75|       pointer|
|layer2_out_76          |  out|   16|      ap_vld|   layer2_out_76|       pointer|
|layer2_out_76_ap_vld   |  out|    1|      ap_vld|   layer2_out_76|       pointer|
|layer2_out_77          |  out|   16|      ap_vld|   layer2_out_77|       pointer|
|layer2_out_77_ap_vld   |  out|    1|      ap_vld|   layer2_out_77|       pointer|
|layer2_out_78          |  out|   16|      ap_vld|   layer2_out_78|       pointer|
|layer2_out_78_ap_vld   |  out|    1|      ap_vld|   layer2_out_78|       pointer|
|layer2_out_79          |  out|   16|      ap_vld|   layer2_out_79|       pointer|
|layer2_out_79_ap_vld   |  out|    1|      ap_vld|   layer2_out_79|       pointer|
|layer2_out_80          |  out|   16|      ap_vld|   layer2_out_80|       pointer|
|layer2_out_80_ap_vld   |  out|    1|      ap_vld|   layer2_out_80|       pointer|
|layer2_out_81          |  out|   16|      ap_vld|   layer2_out_81|       pointer|
|layer2_out_81_ap_vld   |  out|    1|      ap_vld|   layer2_out_81|       pointer|
|layer2_out_82          |  out|   16|      ap_vld|   layer2_out_82|       pointer|
|layer2_out_82_ap_vld   |  out|    1|      ap_vld|   layer2_out_82|       pointer|
|layer2_out_83          |  out|   16|      ap_vld|   layer2_out_83|       pointer|
|layer2_out_83_ap_vld   |  out|    1|      ap_vld|   layer2_out_83|       pointer|
|layer2_out_84          |  out|   16|      ap_vld|   layer2_out_84|       pointer|
|layer2_out_84_ap_vld   |  out|    1|      ap_vld|   layer2_out_84|       pointer|
|layer2_out_85          |  out|   16|      ap_vld|   layer2_out_85|       pointer|
|layer2_out_85_ap_vld   |  out|    1|      ap_vld|   layer2_out_85|       pointer|
|layer2_out_86          |  out|   16|      ap_vld|   layer2_out_86|       pointer|
|layer2_out_86_ap_vld   |  out|    1|      ap_vld|   layer2_out_86|       pointer|
|layer2_out_87          |  out|   16|      ap_vld|   layer2_out_87|       pointer|
|layer2_out_87_ap_vld   |  out|    1|      ap_vld|   layer2_out_87|       pointer|
|layer2_out_88          |  out|   16|      ap_vld|   layer2_out_88|       pointer|
|layer2_out_88_ap_vld   |  out|    1|      ap_vld|   layer2_out_88|       pointer|
|layer2_out_89          |  out|   16|      ap_vld|   layer2_out_89|       pointer|
|layer2_out_89_ap_vld   |  out|    1|      ap_vld|   layer2_out_89|       pointer|
|layer2_out_90          |  out|   16|      ap_vld|   layer2_out_90|       pointer|
|layer2_out_90_ap_vld   |  out|    1|      ap_vld|   layer2_out_90|       pointer|
|layer2_out_91          |  out|   16|      ap_vld|   layer2_out_91|       pointer|
|layer2_out_91_ap_vld   |  out|    1|      ap_vld|   layer2_out_91|       pointer|
|layer2_out_92          |  out|   16|      ap_vld|   layer2_out_92|       pointer|
|layer2_out_92_ap_vld   |  out|    1|      ap_vld|   layer2_out_92|       pointer|
|layer2_out_93          |  out|   16|      ap_vld|   layer2_out_93|       pointer|
|layer2_out_93_ap_vld   |  out|    1|      ap_vld|   layer2_out_93|       pointer|
|layer2_out_94          |  out|   16|      ap_vld|   layer2_out_94|       pointer|
|layer2_out_94_ap_vld   |  out|    1|      ap_vld|   layer2_out_94|       pointer|
|layer2_out_95          |  out|   16|      ap_vld|   layer2_out_95|       pointer|
|layer2_out_95_ap_vld   |  out|    1|      ap_vld|   layer2_out_95|       pointer|
|layer2_out_96          |  out|   16|      ap_vld|   layer2_out_96|       pointer|
|layer2_out_96_ap_vld   |  out|    1|      ap_vld|   layer2_out_96|       pointer|
|layer2_out_97          |  out|   16|      ap_vld|   layer2_out_97|       pointer|
|layer2_out_97_ap_vld   |  out|    1|      ap_vld|   layer2_out_97|       pointer|
|layer2_out_98          |  out|   16|      ap_vld|   layer2_out_98|       pointer|
|layer2_out_98_ap_vld   |  out|    1|      ap_vld|   layer2_out_98|       pointer|
|layer2_out_99          |  out|   16|      ap_vld|   layer2_out_99|       pointer|
|layer2_out_99_ap_vld   |  out|    1|      ap_vld|   layer2_out_99|       pointer|
|layer2_out_100         |  out|   16|      ap_vld|  layer2_out_100|       pointer|
|layer2_out_100_ap_vld  |  out|    1|      ap_vld|  layer2_out_100|       pointer|
|layer2_out_101         |  out|   16|      ap_vld|  layer2_out_101|       pointer|
|layer2_out_101_ap_vld  |  out|    1|      ap_vld|  layer2_out_101|       pointer|
|layer2_out_102         |  out|   16|      ap_vld|  layer2_out_102|       pointer|
|layer2_out_102_ap_vld  |  out|    1|      ap_vld|  layer2_out_102|       pointer|
|layer2_out_103         |  out|   16|      ap_vld|  layer2_out_103|       pointer|
|layer2_out_103_ap_vld  |  out|    1|      ap_vld|  layer2_out_103|       pointer|
|layer2_out_104         |  out|   16|      ap_vld|  layer2_out_104|       pointer|
|layer2_out_104_ap_vld  |  out|    1|      ap_vld|  layer2_out_104|       pointer|
|layer2_out_105         |  out|   16|      ap_vld|  layer2_out_105|       pointer|
|layer2_out_105_ap_vld  |  out|    1|      ap_vld|  layer2_out_105|       pointer|
|layer2_out_106         |  out|   16|      ap_vld|  layer2_out_106|       pointer|
|layer2_out_106_ap_vld  |  out|    1|      ap_vld|  layer2_out_106|       pointer|
|layer2_out_107         |  out|   16|      ap_vld|  layer2_out_107|       pointer|
|layer2_out_107_ap_vld  |  out|    1|      ap_vld|  layer2_out_107|       pointer|
|layer2_out_108         |  out|   16|      ap_vld|  layer2_out_108|       pointer|
|layer2_out_108_ap_vld  |  out|    1|      ap_vld|  layer2_out_108|       pointer|
|layer2_out_109         |  out|   16|      ap_vld|  layer2_out_109|       pointer|
|layer2_out_109_ap_vld  |  out|    1|      ap_vld|  layer2_out_109|       pointer|
|layer2_out_110         |  out|   16|      ap_vld|  layer2_out_110|       pointer|
|layer2_out_110_ap_vld  |  out|    1|      ap_vld|  layer2_out_110|       pointer|
|layer2_out_111         |  out|   16|      ap_vld|  layer2_out_111|       pointer|
|layer2_out_111_ap_vld  |  out|    1|      ap_vld|  layer2_out_111|       pointer|
|layer2_out_112         |  out|   16|      ap_vld|  layer2_out_112|       pointer|
|layer2_out_112_ap_vld  |  out|    1|      ap_vld|  layer2_out_112|       pointer|
|layer2_out_113         |  out|   16|      ap_vld|  layer2_out_113|       pointer|
|layer2_out_113_ap_vld  |  out|    1|      ap_vld|  layer2_out_113|       pointer|
|layer2_out_114         |  out|   16|      ap_vld|  layer2_out_114|       pointer|
|layer2_out_114_ap_vld  |  out|    1|      ap_vld|  layer2_out_114|       pointer|
|layer2_out_115         |  out|   16|      ap_vld|  layer2_out_115|       pointer|
|layer2_out_115_ap_vld  |  out|    1|      ap_vld|  layer2_out_115|       pointer|
|layer2_out_116         |  out|   16|      ap_vld|  layer2_out_116|       pointer|
|layer2_out_116_ap_vld  |  out|    1|      ap_vld|  layer2_out_116|       pointer|
|layer2_out_117         |  out|   16|      ap_vld|  layer2_out_117|       pointer|
|layer2_out_117_ap_vld  |  out|    1|      ap_vld|  layer2_out_117|       pointer|
|layer2_out_118         |  out|   16|      ap_vld|  layer2_out_118|       pointer|
|layer2_out_118_ap_vld  |  out|    1|      ap_vld|  layer2_out_118|       pointer|
|layer2_out_119         |  out|   16|      ap_vld|  layer2_out_119|       pointer|
|layer2_out_119_ap_vld  |  out|    1|      ap_vld|  layer2_out_119|       pointer|
|layer2_out_120         |  out|   16|      ap_vld|  layer2_out_120|       pointer|
|layer2_out_120_ap_vld  |  out|    1|      ap_vld|  layer2_out_120|       pointer|
|layer2_out_121         |  out|   16|      ap_vld|  layer2_out_121|       pointer|
|layer2_out_121_ap_vld  |  out|    1|      ap_vld|  layer2_out_121|       pointer|
|layer2_out_122         |  out|   16|      ap_vld|  layer2_out_122|       pointer|
|layer2_out_122_ap_vld  |  out|    1|      ap_vld|  layer2_out_122|       pointer|
|layer2_out_123         |  out|   16|      ap_vld|  layer2_out_123|       pointer|
|layer2_out_123_ap_vld  |  out|    1|      ap_vld|  layer2_out_123|       pointer|
|layer2_out_124         |  out|   16|      ap_vld|  layer2_out_124|       pointer|
|layer2_out_124_ap_vld  |  out|    1|      ap_vld|  layer2_out_124|       pointer|
|layer2_out_125         |  out|   16|      ap_vld|  layer2_out_125|       pointer|
|layer2_out_125_ap_vld  |  out|    1|      ap_vld|  layer2_out_125|       pointer|
|layer2_out_126         |  out|   16|      ap_vld|  layer2_out_126|       pointer|
|layer2_out_126_ap_vld  |  out|    1|      ap_vld|  layer2_out_126|       pointer|
|layer2_out_127         |  out|   16|      ap_vld|  layer2_out_127|       pointer|
|layer2_out_127_ap_vld  |  out|    1|      ap_vld|  layer2_out_127|       pointer|
|layer2_out_128         |  out|   16|      ap_vld|  layer2_out_128|       pointer|
|layer2_out_128_ap_vld  |  out|    1|      ap_vld|  layer2_out_128|       pointer|
|layer2_out_129         |  out|   16|      ap_vld|  layer2_out_129|       pointer|
|layer2_out_129_ap_vld  |  out|    1|      ap_vld|  layer2_out_129|       pointer|
|layer2_out_130         |  out|   16|      ap_vld|  layer2_out_130|       pointer|
|layer2_out_130_ap_vld  |  out|    1|      ap_vld|  layer2_out_130|       pointer|
|layer2_out_131         |  out|   16|      ap_vld|  layer2_out_131|       pointer|
|layer2_out_131_ap_vld  |  out|    1|      ap_vld|  layer2_out_131|       pointer|
|layer2_out_132         |  out|   16|      ap_vld|  layer2_out_132|       pointer|
|layer2_out_132_ap_vld  |  out|    1|      ap_vld|  layer2_out_132|       pointer|
|layer2_out_133         |  out|   16|      ap_vld|  layer2_out_133|       pointer|
|layer2_out_133_ap_vld  |  out|    1|      ap_vld|  layer2_out_133|       pointer|
|layer2_out_134         |  out|   16|      ap_vld|  layer2_out_134|       pointer|
|layer2_out_134_ap_vld  |  out|    1|      ap_vld|  layer2_out_134|       pointer|
|layer2_out_135         |  out|   16|      ap_vld|  layer2_out_135|       pointer|
|layer2_out_135_ap_vld  |  out|    1|      ap_vld|  layer2_out_135|       pointer|
|layer2_out_136         |  out|   16|      ap_vld|  layer2_out_136|       pointer|
|layer2_out_136_ap_vld  |  out|    1|      ap_vld|  layer2_out_136|       pointer|
|layer2_out_137         |  out|   16|      ap_vld|  layer2_out_137|       pointer|
|layer2_out_137_ap_vld  |  out|    1|      ap_vld|  layer2_out_137|       pointer|
|layer2_out_138         |  out|   16|      ap_vld|  layer2_out_138|       pointer|
|layer2_out_138_ap_vld  |  out|    1|      ap_vld|  layer2_out_138|       pointer|
|layer2_out_139         |  out|   16|      ap_vld|  layer2_out_139|       pointer|
|layer2_out_139_ap_vld  |  out|    1|      ap_vld|  layer2_out_139|       pointer|
|layer2_out_140         |  out|   16|      ap_vld|  layer2_out_140|       pointer|
|layer2_out_140_ap_vld  |  out|    1|      ap_vld|  layer2_out_140|       pointer|
|layer2_out_141         |  out|   16|      ap_vld|  layer2_out_141|       pointer|
|layer2_out_141_ap_vld  |  out|    1|      ap_vld|  layer2_out_141|       pointer|
|layer2_out_142         |  out|   16|      ap_vld|  layer2_out_142|       pointer|
|layer2_out_142_ap_vld  |  out|    1|      ap_vld|  layer2_out_142|       pointer|
|layer2_out_143         |  out|   16|      ap_vld|  layer2_out_143|       pointer|
|layer2_out_143_ap_vld  |  out|    1|      ap_vld|  layer2_out_143|       pointer|
|layer2_out_144         |  out|   16|      ap_vld|  layer2_out_144|       pointer|
|layer2_out_144_ap_vld  |  out|    1|      ap_vld|  layer2_out_144|       pointer|
|layer2_out_145         |  out|   16|      ap_vld|  layer2_out_145|       pointer|
|layer2_out_145_ap_vld  |  out|    1|      ap_vld|  layer2_out_145|       pointer|
|layer2_out_146         |  out|   16|      ap_vld|  layer2_out_146|       pointer|
|layer2_out_146_ap_vld  |  out|    1|      ap_vld|  layer2_out_146|       pointer|
|layer2_out_147         |  out|   16|      ap_vld|  layer2_out_147|       pointer|
|layer2_out_147_ap_vld  |  out|    1|      ap_vld|  layer2_out_147|       pointer|
|layer2_out_148         |  out|   16|      ap_vld|  layer2_out_148|       pointer|
|layer2_out_148_ap_vld  |  out|    1|      ap_vld|  layer2_out_148|       pointer|
|layer2_out_149         |  out|   16|      ap_vld|  layer2_out_149|       pointer|
|layer2_out_149_ap_vld  |  out|    1|      ap_vld|  layer2_out_149|       pointer|
|layer2_out_150         |  out|   16|      ap_vld|  layer2_out_150|       pointer|
|layer2_out_150_ap_vld  |  out|    1|      ap_vld|  layer2_out_150|       pointer|
|layer2_out_151         |  out|   16|      ap_vld|  layer2_out_151|       pointer|
|layer2_out_151_ap_vld  |  out|    1|      ap_vld|  layer2_out_151|       pointer|
|layer2_out_152         |  out|   16|      ap_vld|  layer2_out_152|       pointer|
|layer2_out_152_ap_vld  |  out|    1|      ap_vld|  layer2_out_152|       pointer|
|layer2_out_153         |  out|   16|      ap_vld|  layer2_out_153|       pointer|
|layer2_out_153_ap_vld  |  out|    1|      ap_vld|  layer2_out_153|       pointer|
|layer2_out_154         |  out|   16|      ap_vld|  layer2_out_154|       pointer|
|layer2_out_154_ap_vld  |  out|    1|      ap_vld|  layer2_out_154|       pointer|
|layer2_out_155         |  out|   16|      ap_vld|  layer2_out_155|       pointer|
|layer2_out_155_ap_vld  |  out|    1|      ap_vld|  layer2_out_155|       pointer|
|layer2_out_156         |  out|   16|      ap_vld|  layer2_out_156|       pointer|
|layer2_out_156_ap_vld  |  out|    1|      ap_vld|  layer2_out_156|       pointer|
|layer2_out_157         |  out|   16|      ap_vld|  layer2_out_157|       pointer|
|layer2_out_157_ap_vld  |  out|    1|      ap_vld|  layer2_out_157|       pointer|
|layer2_out_158         |  out|   16|      ap_vld|  layer2_out_158|       pointer|
|layer2_out_158_ap_vld  |  out|    1|      ap_vld|  layer2_out_158|       pointer|
|layer2_out_159         |  out|   16|      ap_vld|  layer2_out_159|       pointer|
|layer2_out_159_ap_vld  |  out|    1|      ap_vld|  layer2_out_159|       pointer|
|layer2_out_160         |  out|   16|      ap_vld|  layer2_out_160|       pointer|
|layer2_out_160_ap_vld  |  out|    1|      ap_vld|  layer2_out_160|       pointer|
|layer2_out_161         |  out|   16|      ap_vld|  layer2_out_161|       pointer|
|layer2_out_161_ap_vld  |  out|    1|      ap_vld|  layer2_out_161|       pointer|
|layer2_out_162         |  out|   16|      ap_vld|  layer2_out_162|       pointer|
|layer2_out_162_ap_vld  |  out|    1|      ap_vld|  layer2_out_162|       pointer|
|layer2_out_163         |  out|   16|      ap_vld|  layer2_out_163|       pointer|
|layer2_out_163_ap_vld  |  out|    1|      ap_vld|  layer2_out_163|       pointer|
|layer2_out_164         |  out|   16|      ap_vld|  layer2_out_164|       pointer|
|layer2_out_164_ap_vld  |  out|    1|      ap_vld|  layer2_out_164|       pointer|
|layer2_out_165         |  out|   16|      ap_vld|  layer2_out_165|       pointer|
|layer2_out_165_ap_vld  |  out|    1|      ap_vld|  layer2_out_165|       pointer|
|layer2_out_166         |  out|   16|      ap_vld|  layer2_out_166|       pointer|
|layer2_out_166_ap_vld  |  out|    1|      ap_vld|  layer2_out_166|       pointer|
|layer2_out_167         |  out|   16|      ap_vld|  layer2_out_167|       pointer|
|layer2_out_167_ap_vld  |  out|    1|      ap_vld|  layer2_out_167|       pointer|
|layer2_out_168         |  out|   16|      ap_vld|  layer2_out_168|       pointer|
|layer2_out_168_ap_vld  |  out|    1|      ap_vld|  layer2_out_168|       pointer|
|layer2_out_169         |  out|   16|      ap_vld|  layer2_out_169|       pointer|
|layer2_out_169_ap_vld  |  out|    1|      ap_vld|  layer2_out_169|       pointer|
|layer2_out_170         |  out|   16|      ap_vld|  layer2_out_170|       pointer|
|layer2_out_170_ap_vld  |  out|    1|      ap_vld|  layer2_out_170|       pointer|
|layer2_out_171         |  out|   16|      ap_vld|  layer2_out_171|       pointer|
|layer2_out_171_ap_vld  |  out|    1|      ap_vld|  layer2_out_171|       pointer|
|layer2_out_172         |  out|   16|      ap_vld|  layer2_out_172|       pointer|
|layer2_out_172_ap_vld  |  out|    1|      ap_vld|  layer2_out_172|       pointer|
|layer2_out_173         |  out|   16|      ap_vld|  layer2_out_173|       pointer|
|layer2_out_173_ap_vld  |  out|    1|      ap_vld|  layer2_out_173|       pointer|
|layer2_out_174         |  out|   16|      ap_vld|  layer2_out_174|       pointer|
|layer2_out_174_ap_vld  |  out|    1|      ap_vld|  layer2_out_174|       pointer|
|layer2_out_175         |  out|   16|      ap_vld|  layer2_out_175|       pointer|
|layer2_out_175_ap_vld  |  out|    1|      ap_vld|  layer2_out_175|       pointer|
|layer2_out_176         |  out|   16|      ap_vld|  layer2_out_176|       pointer|
|layer2_out_176_ap_vld  |  out|    1|      ap_vld|  layer2_out_176|       pointer|
|layer2_out_177         |  out|   16|      ap_vld|  layer2_out_177|       pointer|
|layer2_out_177_ap_vld  |  out|    1|      ap_vld|  layer2_out_177|       pointer|
|layer2_out_178         |  out|   16|      ap_vld|  layer2_out_178|       pointer|
|layer2_out_178_ap_vld  |  out|    1|      ap_vld|  layer2_out_178|       pointer|
|layer2_out_179         |  out|   16|      ap_vld|  layer2_out_179|       pointer|
|layer2_out_179_ap_vld  |  out|    1|      ap_vld|  layer2_out_179|       pointer|
|layer2_out_180         |  out|   16|      ap_vld|  layer2_out_180|       pointer|
|layer2_out_180_ap_vld  |  out|    1|      ap_vld|  layer2_out_180|       pointer|
|layer2_out_181         |  out|   16|      ap_vld|  layer2_out_181|       pointer|
|layer2_out_181_ap_vld  |  out|    1|      ap_vld|  layer2_out_181|       pointer|
|layer2_out_182         |  out|   16|      ap_vld|  layer2_out_182|       pointer|
|layer2_out_182_ap_vld  |  out|    1|      ap_vld|  layer2_out_182|       pointer|
|layer2_out_183         |  out|   16|      ap_vld|  layer2_out_183|       pointer|
|layer2_out_183_ap_vld  |  out|    1|      ap_vld|  layer2_out_183|       pointer|
|layer2_out_184         |  out|   16|      ap_vld|  layer2_out_184|       pointer|
|layer2_out_184_ap_vld  |  out|    1|      ap_vld|  layer2_out_184|       pointer|
|layer2_out_185         |  out|   16|      ap_vld|  layer2_out_185|       pointer|
|layer2_out_185_ap_vld  |  out|    1|      ap_vld|  layer2_out_185|       pointer|
|layer2_out_186         |  out|   16|      ap_vld|  layer2_out_186|       pointer|
|layer2_out_186_ap_vld  |  out|    1|      ap_vld|  layer2_out_186|       pointer|
|layer2_out_187         |  out|   16|      ap_vld|  layer2_out_187|       pointer|
|layer2_out_187_ap_vld  |  out|    1|      ap_vld|  layer2_out_187|       pointer|
|layer2_out_188         |  out|   16|      ap_vld|  layer2_out_188|       pointer|
|layer2_out_188_ap_vld  |  out|    1|      ap_vld|  layer2_out_188|       pointer|
|layer2_out_189         |  out|   16|      ap_vld|  layer2_out_189|       pointer|
|layer2_out_189_ap_vld  |  out|    1|      ap_vld|  layer2_out_189|       pointer|
|layer2_out_190         |  out|   16|      ap_vld|  layer2_out_190|       pointer|
|layer2_out_190_ap_vld  |  out|    1|      ap_vld|  layer2_out_190|       pointer|
|layer2_out_191         |  out|   16|      ap_vld|  layer2_out_191|       pointer|
|layer2_out_191_ap_vld  |  out|    1|      ap_vld|  layer2_out_191|       pointer|
|layer2_out_192         |  out|   16|      ap_vld|  layer2_out_192|       pointer|
|layer2_out_192_ap_vld  |  out|    1|      ap_vld|  layer2_out_192|       pointer|
|layer2_out_193         |  out|   16|      ap_vld|  layer2_out_193|       pointer|
|layer2_out_193_ap_vld  |  out|    1|      ap_vld|  layer2_out_193|       pointer|
|layer2_out_194         |  out|   16|      ap_vld|  layer2_out_194|       pointer|
|layer2_out_194_ap_vld  |  out|    1|      ap_vld|  layer2_out_194|       pointer|
|layer2_out_195         |  out|   16|      ap_vld|  layer2_out_195|       pointer|
|layer2_out_195_ap_vld  |  out|    1|      ap_vld|  layer2_out_195|       pointer|
|layer2_out_196         |  out|   16|      ap_vld|  layer2_out_196|       pointer|
|layer2_out_196_ap_vld  |  out|    1|      ap_vld|  layer2_out_196|       pointer|
|layer2_out_197         |  out|   16|      ap_vld|  layer2_out_197|       pointer|
|layer2_out_197_ap_vld  |  out|    1|      ap_vld|  layer2_out_197|       pointer|
|layer2_out_198         |  out|   16|      ap_vld|  layer2_out_198|       pointer|
|layer2_out_198_ap_vld  |  out|    1|      ap_vld|  layer2_out_198|       pointer|
|layer2_out_199         |  out|   16|      ap_vld|  layer2_out_199|       pointer|
|layer2_out_199_ap_vld  |  out|    1|      ap_vld|  layer2_out_199|       pointer|
+-----------------------+-----+-----+------------+----------------+--------------+

