

================================================================
== Vitis HLS Report for 'hept_ap_fixed_13_4_4_0_0_ap_fixed_13_4_4_0_0_config5_s'
================================================================
* Date:           Sun Feb  9 18:47:25 2025

* Version:        2023.2 (Build 4023990 on Oct 11 2023)
* Project:        myproject_prj
* Solution:       solution1 (Vivado IP Flow Target)
* Product family: virtexuplus
* Target device:  xcvu13p-flga2577-2-e


================================================================
== Performance Estimates
================================================================
+ Timing: 
    * Summary: 
    +--------+---------+----------+------------+
    |  Clock |  Target | Estimated| Uncertainty|
    +--------+---------+----------+------------+
    |ap_clk  |  5.00 ns|  4.294 ns|     0.62 ns|
    +--------+---------+----------+------------+

+ Latency: 
    * Summary: 
    +---------+---------+-----------+-----------+-----+-----+---------+
    |  Latency (cycles) |   Latency (absolute)  |  Interval | Pipeline|
    |   min   |   max   |    min    |    max    | min | max |   Type  |
    +---------+---------+-----------+-----------+-----+-----+---------+
    |       15|       15|  75.000 ns|  75.000 ns|    1|    1|      yes|
    +---------+---------+-----------+-----------+-----+-----+---------+

    + Detail: 
        * Instance: 
        +-----------------------------------------------------------------------------------+-----------------------------------------------------------------------+---------+---------+-----------+-----------+-----+-----+---------+
        |                                                                                   |                                                                       |  Latency (cycles) |   Latency (absolute)  |  Interval | Pipeline|
        |                                      Instance                                     |                                 Module                                |   min   |   max   |    min    |    max    | min | max |   Type  |
        +-----------------------------------------------------------------------------------+-----------------------------------------------------------------------+---------+---------+-----------+-----------+-----+-----+---------+
        |call_ret1_transpose_ap_fixed_ap_fixed_13_4_4_0_0_config5_transpose_qk_s_fu_826     |transpose_ap_fixed_ap_fixed_13_4_4_0_0_config5_transpose_qk_s          |        0|        0|       0 ns|       0 ns|    1|    1|      yes|
        |call_ret_transpose_ap_fixed_ap_fixed_13_4_4_0_0_config5_transpose_qk_s_fu_910      |transpose_ap_fixed_ap_fixed_13_4_4_0_0_config5_transpose_qk_s          |        0|        0|       0 ns|       0 ns|    1|    1|      yes|
        |grp_pairwise_dist_sq_rbf_ap_fixed_ap_fixed_13_4_4_0_0_config5_s_fu_994             |pairwise_dist_sq_rbf_ap_fixed_ap_fixed_13_4_4_0_0_config5_s            |        7|        7|  35.000 ns|  35.000 ns|    1|    1|      yes|
        |grp_mask_and_normalize_ap_fixed_13_4_4_0_0_ap_fixed_13_4_4_0_0_config5_s_fu_1080   |mask_and_normalize_ap_fixed_13_4_4_0_0_ap_fixed_13_4_4_0_0_config5_s   |        5|        5|  25.000 ns|  25.000 ns|    1|    1|      yes|
        |grp_dense_latency_ap_fixed_13_4_4_0_0_ap_fixed_13_4_4_0_0_config5_dense_s_fu_1098  |dense_latency_ap_fixed_13_4_4_0_0_ap_fixed_13_4_4_0_0_config5_dense_s  |        1|        1|   5.000 ns|   5.000 ns|    1|    1|      yes|
        |grp_dense_latency_ap_fixed_13_4_4_0_0_ap_fixed_13_4_4_0_0_config5_dense_s_fu_1116  |dense_latency_ap_fixed_13_4_4_0_0_ap_fixed_13_4_4_0_0_config5_dense_s  |        1|        1|   5.000 ns|   5.000 ns|    1|    1|      yes|
        |grp_dense_latency_ap_fixed_13_4_4_0_0_ap_fixed_13_4_4_0_0_config5_dense_1_fu_1134  |dense_latency_ap_fixed_13_4_4_0_0_ap_fixed_13_4_4_0_0_config5_dense_1  |        1|        1|   5.000 ns|   5.000 ns|    1|    1|      yes|
        |grp_dense_latency_ap_fixed_13_4_4_0_0_ap_fixed_13_4_4_0_0_config5_dense_1_fu_1152  |dense_latency_ap_fixed_13_4_4_0_0_ap_fixed_13_4_4_0_0_config5_dense_1  |        1|        1|   5.000 ns|   5.000 ns|    1|    1|      yes|
        +-----------------------------------------------------------------------------------+-----------------------------------------------------------------------+---------+---------+-----------+-----------+-----+-----+---------+

        * Loop: 
        N/A



================================================================
== Utilization Estimates
================================================================
* Summary: 
+---------------------+---------+-------+---------+---------+------+
|         Name        | BRAM_18K|  DSP  |    FF   |   LUT   | URAM |
+---------------------+---------+-------+---------+---------+------+
|DSP                  |        -|      -|        -|        -|     -|
|Expression           |        -|      -|        0|        2|     -|
|FIFO                 |        -|      -|        -|        -|     -|
|Instance             |        6|    136|     8122|    25404|     -|
|Memory               |        -|      -|        -|        -|     -|
|Multiplexer          |        -|      -|        -|        -|     -|
|Register             |        -|      -|     1765|      640|     -|
+---------------------+---------+-------+---------+---------+------+
|Total                |        6|    136|     9887|    26046|     0|
+---------------------+---------+-------+---------+---------+------+
|Available SLR        |     1344|   3072|   864000|   432000|   320|
+---------------------+---------+-------+---------+---------+------+
|Utilization SLR (%)  |       ~0|      4|        1|        6|     0|
+---------------------+---------+-------+---------+---------+------+
|Available            |     5376|  12288|  3456000|  1728000|  1280|
+---------------------+---------+-------+---------+---------+------+
|Utilization (%)      |       ~0|      1|       ~0|        1|     0|
+---------------------+---------+-------+---------+---------+------+

+ Detail: 
    * Instance: 
    +-----------------------------------------------------------------------------------+-----------------------------------------------------------------------+---------+----+------+-------+-----+
    |                                      Instance                                     |                                 Module                                | BRAM_18K| DSP|  FF  |  LUT  | URAM|
    +-----------------------------------------------------------------------------------+-----------------------------------------------------------------------+---------+----+------+-------+-----+
    |grp_dense_latency_ap_fixed_13_4_4_0_0_ap_fixed_13_4_4_0_0_config5_dense_1_fu_1134  |dense_latency_ap_fixed_13_4_4_0_0_ap_fixed_13_4_4_0_0_config5_dense_1  |        0|   8|   173|   1552|    0|
    |grp_dense_latency_ap_fixed_13_4_4_0_0_ap_fixed_13_4_4_0_0_config5_dense_1_fu_1152  |dense_latency_ap_fixed_13_4_4_0_0_ap_fixed_13_4_4_0_0_config5_dense_1  |        0|   8|   173|   1552|    0|
    |grp_dense_latency_ap_fixed_13_4_4_0_0_ap_fixed_13_4_4_0_0_config5_dense_s_fu_1098  |dense_latency_ap_fixed_13_4_4_0_0_ap_fixed_13_4_4_0_0_config5_dense_s  |        0|   8|   173|   1552|    0|
    |grp_dense_latency_ap_fixed_13_4_4_0_0_ap_fixed_13_4_4_0_0_config5_dense_s_fu_1116  |dense_latency_ap_fixed_13_4_4_0_0_ap_fixed_13_4_4_0_0_config5_dense_s  |        0|   8|   173|   1552|    0|
    |grp_mask_and_normalize_ap_fixed_13_4_4_0_0_ap_fixed_13_4_4_0_0_config5_s_fu_1080   |mask_and_normalize_ap_fixed_13_4_4_0_0_ap_fixed_13_4_4_0_0_config5_s   |        2|  24|  1382|   3570|    0|
    |grp_pairwise_dist_sq_rbf_ap_fixed_ap_fixed_13_4_4_0_0_config5_s_fu_994             |pairwise_dist_sq_rbf_ap_fixed_ap_fixed_13_4_4_0_0_config5_s            |        4|  80|  6048|  15626|    0|
    |call_ret1_transpose_ap_fixed_ap_fixed_13_4_4_0_0_config5_transpose_qk_s_fu_826     |transpose_ap_fixed_ap_fixed_13_4_4_0_0_config5_transpose_qk_s          |        0|   0|     0|      0|    0|
    |call_ret_transpose_ap_fixed_ap_fixed_13_4_4_0_0_config5_transpose_qk_s_fu_910      |transpose_ap_fixed_ap_fixed_13_4_4_0_0_config5_transpose_qk_s          |        0|   0|     0|      0|    0|
    +-----------------------------------------------------------------------------------+-----------------------------------------------------------------------+---------+----+------+-------+-----+
    |Total                                                                              |                                                                       |        6| 136|  8122|  25404|    0|
    +-----------------------------------------------------------------------------------+-----------------------------------------------------------------------+---------+----+------+-------+-----+

    * DSP: 
    N/A

    * Memory: 
    N/A

    * FIFO: 
    N/A

    * Expression: 
    +---------------+----------+----+---+----+------------+------------+
    | Variable Name | Operation| DSP| FF| LUT| Bitwidth P0| Bitwidth P1|
    +---------------+----------+----+---+----+------------+------------+
    |ap_enable_pp0  |       xor|   0|  0|   2|           1|           2|
    +---------------+----------+----+---+----+------------+------------+
    |Total          |          |   0|  0|   2|           1|           2|
    +---------------+----------+----+---+----+------------+------------+

    * Multiplexer: 
    N/A

    * Register: 
    +-----------------------------------------------------------------------------------------------+----+----+-----+-----------+
    |                                              Name                                             | FF | LUT| Bits| Const Bits|
    +-----------------------------------------------------------------------------------------------+----+----+-----+-----------+
    |ap_CS_fsm                                                                                      |   1|   0|    1|          0|
    |ap_enable_reg_pp0_iter1                                                                        |   1|   0|    1|          0|
    |ap_enable_reg_pp0_iter10                                                                       |   1|   0|    1|          0|
    |ap_enable_reg_pp0_iter11                                                                       |   1|   0|    1|          0|
    |ap_enable_reg_pp0_iter12                                                                       |   1|   0|    1|          0|
    |ap_enable_reg_pp0_iter13                                                                       |   1|   0|    1|          0|
    |ap_enable_reg_pp0_iter14                                                                       |   1|   0|    1|          0|
    |ap_enable_reg_pp0_iter15                                                                       |   1|   0|    1|          0|
    |ap_enable_reg_pp0_iter2                                                                        |   1|   0|    1|          0|
    |ap_enable_reg_pp0_iter3                                                                        |   1|   0|    1|          0|
    |ap_enable_reg_pp0_iter4                                                                        |   1|   0|    1|          0|
    |ap_enable_reg_pp0_iter5                                                                        |   1|   0|    1|          0|
    |ap_enable_reg_pp0_iter6                                                                        |   1|   0|    1|          0|
    |ap_enable_reg_pp0_iter7                                                                        |   1|   0|    1|          0|
    |ap_enable_reg_pp0_iter8                                                                        |   1|   0|    1|          0|
    |ap_enable_reg_pp0_iter9                                                                        |   1|   0|    1|          0|
    |grp_mask_and_normalize_ap_fixed_13_4_4_0_0_ap_fixed_13_4_4_0_0_config5_s_fu_1080_ap_start_reg  |   1|   0|    1|          0|
    |padding_mask_0_val81_read_reg_1809                                                             |  13|   0|   13|          0|
    |padding_mask_1_val82_read_reg_1804                                                             |  13|   0|   13|          0|
    |padding_mask_2_val83_read_reg_1799                                                             |  13|   0|   13|          0|
    |padding_mask_3_val84_read_reg_1794                                                             |  13|   0|   13|          0|
    |qk_1_reg_1915                                                                                  |  13|   0|   13|          0|
    |qk_2_reg_1920                                                                                  |  13|   0|   13|          0|
    |qk_3_reg_1925                                                                                  |  13|   0|   13|          0|
    |qk_4_reg_1930                                                                                  |  13|   0|   13|          0|
    |qk_5_reg_1935                                                                                  |  13|   0|   13|          0|
    |qk_6_reg_1940                                                                                  |  13|   0|   13|          0|
    |qk_7_reg_1945                                                                                  |  13|   0|   13|          0|
    |qk_norm_1_reg_1956                                                                             |  13|   0|   13|          0|
    |qk_norm_2_reg_1962                                                                             |  13|   0|   13|          0|
    |qk_norm_3_reg_1968                                                                             |  13|   0|   13|          0|
    |qk_norm_4_reg_1974                                                                             |  13|   0|   13|          0|
    |qk_norm_5_reg_1980                                                                             |  13|   0|   13|          0|
    |qk_norm_6_reg_1986                                                                             |  13|   0|   13|          0|
    |qk_norm_7_reg_1992                                                                             |  13|   0|   13|          0|
    |qk_norm_reg_1950                                                                               |  13|   0|   13|          0|
    |qk_reg_1910                                                                                    |  13|   0|   13|          0|
    |value_0_val_read_reg_1904                                                                      |  13|   0|   13|          0|
    |value_10_val_read_reg_1844                                                                     |  13|   0|   13|          0|
    |value_11_val_read_reg_1838                                                                     |  13|   0|   13|          0|
    |value_12_val_read_reg_1832                                                                     |  13|   0|   13|          0|
    |value_13_val_read_reg_1826                                                                     |  13|   0|   13|          0|
    |value_14_val_read_reg_1820                                                                     |  13|   0|   13|          0|
    |value_15_val_read_reg_1814                                                                     |  13|   0|   13|          0|
    |value_1_val_read_reg_1898                                                                      |  13|   0|   13|          0|
    |value_2_val_read_reg_1892                                                                      |  13|   0|   13|          0|
    |value_3_val_read_reg_1886                                                                      |  13|   0|   13|          0|
    |value_4_val_read_reg_1880                                                                      |  13|   0|   13|          0|
    |value_5_val_read_reg_1874                                                                      |  13|   0|   13|          0|
    |value_6_val_read_reg_1868                                                                      |  13|   0|   13|          0|
    |value_7_val_read_reg_1862                                                                      |  13|   0|   13|          0|
    |value_8_val_read_reg_1856                                                                      |  13|   0|   13|          0|
    |value_9_val_read_reg_1850                                                                      |  13|   0|   13|          0|
    |padding_mask_0_val81_read_reg_1809                                                             |  64|  32|   13|          0|
    |padding_mask_1_val82_read_reg_1804                                                             |  64|  32|   13|          0|
    |padding_mask_2_val83_read_reg_1799                                                             |  64|  32|   13|          0|
    |padding_mask_3_val84_read_reg_1794                                                             |  64|  32|   13|          0|
    |value_0_val_read_reg_1904                                                                      |  64|  32|   13|          0|
    |value_10_val_read_reg_1844                                                                     |  64|  32|   13|          0|
    |value_11_val_read_reg_1838                                                                     |  64|  32|   13|          0|
    |value_12_val_read_reg_1832                                                                     |  64|  32|   13|          0|
    |value_13_val_read_reg_1826                                                                     |  64|  32|   13|          0|
    |value_14_val_read_reg_1820                                                                     |  64|  32|   13|          0|
    |value_15_val_read_reg_1814                                                                     |  64|  32|   13|          0|
    |value_1_val_read_reg_1898                                                                      |  64|  32|   13|          0|
    |value_2_val_read_reg_1892                                                                      |  64|  32|   13|          0|
    |value_3_val_read_reg_1886                                                                      |  64|  32|   13|          0|
    |value_4_val_read_reg_1880                                                                      |  64|  32|   13|          0|
    |value_5_val_read_reg_1874                                                                      |  64|  32|   13|          0|
    |value_6_val_read_reg_1868                                                                      |  64|  32|   13|          0|
    |value_7_val_read_reg_1862                                                                      |  64|  32|   13|          0|
    |value_8_val_read_reg_1856                                                                      |  64|  32|   13|          0|
    |value_9_val_read_reg_1850                                                                      |  64|  32|   13|          0|
    +-----------------------------------------------------------------------------------------------+----+----+-----+-----------+
    |Total                                                                                          |1765| 640|  745|          0|
    +-----------------------------------------------------------------------------------------------+----+----+-----+-----------+



================================================================
== Interface
================================================================
* Summary: 
+----------------------+-----+-----+------------+-------------------------------------------------------------------+--------------+
|       RTL Ports      | Dir | Bits|  Protocol  |                           Source Object                           |    C Type    |
+----------------------+-----+-----+------------+-------------------------------------------------------------------+--------------+
|ap_clk                |   in|    1|  ap_ctrl_hs|  hept<ap_fixed<13, 4, 4, 0, 0>, ap_fixed<13, 4, 4, 0, 0>, config5>|  return value|
|ap_rst                |   in|    1|  ap_ctrl_hs|  hept<ap_fixed<13, 4, 4, 0, 0>, ap_fixed<13, 4, 4, 0, 0>, config5>|  return value|
|ap_start              |   in|    1|  ap_ctrl_hs|  hept<ap_fixed<13, 4, 4, 0, 0>, ap_fixed<13, 4, 4, 0, 0>, config5>|  return value|
|ap_done               |  out|    1|  ap_ctrl_hs|  hept<ap_fixed<13, 4, 4, 0, 0>, ap_fixed<13, 4, 4, 0, 0>, config5>|  return value|
|ap_idle               |  out|    1|  ap_ctrl_hs|  hept<ap_fixed<13, 4, 4, 0, 0>, ap_fixed<13, 4, 4, 0, 0>, config5>|  return value|
|ap_ready              |  out|    1|  ap_ctrl_hs|  hept<ap_fixed<13, 4, 4, 0, 0>, ap_fixed<13, 4, 4, 0, 0>, config5>|  return value|
|ap_ce                 |   in|    1|  ap_ctrl_hs|  hept<ap_fixed<13, 4, 4, 0, 0>, ap_fixed<13, 4, 4, 0, 0>, config5>|  return value|
|ap_return_0           |  out|   13|  ap_ctrl_hs|  hept<ap_fixed<13, 4, 4, 0, 0>, ap_fixed<13, 4, 4, 0, 0>, config5>|  return value|
|ap_return_1           |  out|   13|  ap_ctrl_hs|  hept<ap_fixed<13, 4, 4, 0, 0>, ap_fixed<13, 4, 4, 0, 0>, config5>|  return value|
|ap_return_2           |  out|   13|  ap_ctrl_hs|  hept<ap_fixed<13, 4, 4, 0, 0>, ap_fixed<13, 4, 4, 0, 0>, config5>|  return value|
|ap_return_3           |  out|   13|  ap_ctrl_hs|  hept<ap_fixed<13, 4, 4, 0, 0>, ap_fixed<13, 4, 4, 0, 0>, config5>|  return value|
|ap_return_4           |  out|   13|  ap_ctrl_hs|  hept<ap_fixed<13, 4, 4, 0, 0>, ap_fixed<13, 4, 4, 0, 0>, config5>|  return value|
|ap_return_5           |  out|   13|  ap_ctrl_hs|  hept<ap_fixed<13, 4, 4, 0, 0>, ap_fixed<13, 4, 4, 0, 0>, config5>|  return value|
|ap_return_6           |  out|   13|  ap_ctrl_hs|  hept<ap_fixed<13, 4, 4, 0, 0>, ap_fixed<13, 4, 4, 0, 0>, config5>|  return value|
|ap_return_7           |  out|   13|  ap_ctrl_hs|  hept<ap_fixed<13, 4, 4, 0, 0>, ap_fixed<13, 4, 4, 0, 0>, config5>|  return value|
|ap_return_8           |  out|   13|  ap_ctrl_hs|  hept<ap_fixed<13, 4, 4, 0, 0>, ap_fixed<13, 4, 4, 0, 0>, config5>|  return value|
|ap_return_9           |  out|   13|  ap_ctrl_hs|  hept<ap_fixed<13, 4, 4, 0, 0>, ap_fixed<13, 4, 4, 0, 0>, config5>|  return value|
|ap_return_10          |  out|   13|  ap_ctrl_hs|  hept<ap_fixed<13, 4, 4, 0, 0>, ap_fixed<13, 4, 4, 0, 0>, config5>|  return value|
|ap_return_11          |  out|   13|  ap_ctrl_hs|  hept<ap_fixed<13, 4, 4, 0, 0>, ap_fixed<13, 4, 4, 0, 0>, config5>|  return value|
|ap_return_12          |  out|   13|  ap_ctrl_hs|  hept<ap_fixed<13, 4, 4, 0, 0>, ap_fixed<13, 4, 4, 0, 0>, config5>|  return value|
|ap_return_13          |  out|   13|  ap_ctrl_hs|  hept<ap_fixed<13, 4, 4, 0, 0>, ap_fixed<13, 4, 4, 0, 0>, config5>|  return value|
|ap_return_14          |  out|   13|  ap_ctrl_hs|  hept<ap_fixed<13, 4, 4, 0, 0>, ap_fixed<13, 4, 4, 0, 0>, config5>|  return value|
|ap_return_15          |  out|   13|  ap_ctrl_hs|  hept<ap_fixed<13, 4, 4, 0, 0>, ap_fixed<13, 4, 4, 0, 0>, config5>|  return value|
|query_0_val1          |   in|   13|     ap_none|                                                       query_0_val1|        scalar|
|query_1_val2          |   in|   13|     ap_none|                                                       query_1_val2|        scalar|
|query_2_val3          |   in|   13|     ap_none|                                                       query_2_val3|        scalar|
|query_3_val4          |   in|   13|     ap_none|                                                       query_3_val4|        scalar|
|query_4_val5          |   in|   13|     ap_none|                                                       query_4_val5|        scalar|
|query_5_val6          |   in|   13|     ap_none|                                                       query_5_val6|        scalar|
|query_6_val7          |   in|   13|     ap_none|                                                       query_6_val7|        scalar|
|query_7_val8          |   in|   13|     ap_none|                                                       query_7_val8|        scalar|
|query_8_val9          |   in|   13|     ap_none|                                                       query_8_val9|        scalar|
|query_9_val10         |   in|   13|     ap_none|                                                      query_9_val10|        scalar|
|query_10_val11        |   in|   13|     ap_none|                                                     query_10_val11|        scalar|
|query_11_val12        |   in|   13|     ap_none|                                                     query_11_val12|        scalar|
|query_12_val13        |   in|   13|     ap_none|                                                     query_12_val13|        scalar|
|query_13_val14        |   in|   13|     ap_none|                                                     query_13_val14|        scalar|
|query_14_val15        |   in|   13|     ap_none|                                                     query_14_val15|        scalar|
|query_15_val16        |   in|   13|     ap_none|                                                     query_15_val16|        scalar|
|query_16_val17        |   in|   13|     ap_none|                                                     query_16_val17|        scalar|
|query_17_val18        |   in|   13|     ap_none|                                                     query_17_val18|        scalar|
|query_18_val19        |   in|   13|     ap_none|                                                     query_18_val19|        scalar|
|query_19_val20        |   in|   13|     ap_none|                                                     query_19_val20|        scalar|
|query_20_val21        |   in|   13|     ap_none|                                                     query_20_val21|        scalar|
|query_21_val22        |   in|   13|     ap_none|                                                     query_21_val22|        scalar|
|query_22_val23        |   in|   13|     ap_none|                                                     query_22_val23|        scalar|
|query_23_val24        |   in|   13|     ap_none|                                                     query_23_val24|        scalar|
|query_24_val25        |   in|   13|     ap_none|                                                     query_24_val25|        scalar|
|query_25_val26        |   in|   13|     ap_none|                                                     query_25_val26|        scalar|
|query_26_val27        |   in|   13|     ap_none|                                                     query_26_val27|        scalar|
|query_27_val28        |   in|   13|     ap_none|                                                     query_27_val28|        scalar|
|query_28_val29        |   in|   13|     ap_none|                                                     query_28_val29|        scalar|
|query_29_val30        |   in|   13|     ap_none|                                                     query_29_val30|        scalar|
|query_30_val31        |   in|   13|     ap_none|                                                     query_30_val31|        scalar|
|query_31_val32        |   in|   13|     ap_none|                                                     query_31_val32|        scalar|
|query_32_val33        |   in|   13|     ap_none|                                                     query_32_val33|        scalar|
|query_33_val34        |   in|   13|     ap_none|                                                     query_33_val34|        scalar|
|query_34_val35        |   in|   13|     ap_none|                                                     query_34_val35|        scalar|
|query_35_val36        |   in|   13|     ap_none|                                                     query_35_val36|        scalar|
|query_36_val37        |   in|   13|     ap_none|                                                     query_36_val37|        scalar|
|query_37_val38        |   in|   13|     ap_none|                                                     query_37_val38|        scalar|
|query_38_val39        |   in|   13|     ap_none|                                                     query_38_val39|        scalar|
|query_39_val40        |   in|   13|     ap_none|                                                     query_39_val40|        scalar|
|key_0_val41           |   in|   13|     ap_none|                                                        key_0_val41|        scalar|
|key_1_val42           |   in|   13|     ap_none|                                                        key_1_val42|        scalar|
|key_2_val43           |   in|   13|     ap_none|                                                        key_2_val43|        scalar|
|key_3_val44           |   in|   13|     ap_none|                                                        key_3_val44|        scalar|
|key_4_val45           |   in|   13|     ap_none|                                                        key_4_val45|        scalar|
|key_5_val46           |   in|   13|     ap_none|                                                        key_5_val46|        scalar|
|key_6_val47           |   in|   13|     ap_none|                                                        key_6_val47|        scalar|
|key_7_val48           |   in|   13|     ap_none|                                                        key_7_val48|        scalar|
|key_8_val49           |   in|   13|     ap_none|                                                        key_8_val49|        scalar|
|key_9_val50           |   in|   13|     ap_none|                                                        key_9_val50|        scalar|
|key_10_val51          |   in|   13|     ap_none|                                                       key_10_val51|        scalar|
|key_11_val52          |   in|   13|     ap_none|                                                       key_11_val52|        scalar|
|key_12_val53          |   in|   13|     ap_none|                                                       key_12_val53|        scalar|
|key_13_val54          |   in|   13|     ap_none|                                                       key_13_val54|        scalar|
|key_14_val55          |   in|   13|     ap_none|                                                       key_14_val55|        scalar|
|key_15_val56          |   in|   13|     ap_none|                                                       key_15_val56|        scalar|
|key_16_val57          |   in|   13|     ap_none|                                                       key_16_val57|        scalar|
|key_17_val58          |   in|   13|     ap_none|                                                       key_17_val58|        scalar|
|key_18_val59          |   in|   13|     ap_none|                                                       key_18_val59|        scalar|
|key_19_val60          |   in|   13|     ap_none|                                                       key_19_val60|        scalar|
|key_20_val61          |   in|   13|     ap_none|                                                       key_20_val61|        scalar|
|key_21_val62          |   in|   13|     ap_none|                                                       key_21_val62|        scalar|
|key_22_val63          |   in|   13|     ap_none|                                                       key_22_val63|        scalar|
|key_23_val64          |   in|   13|     ap_none|                                                       key_23_val64|        scalar|
|key_24_val65          |   in|   13|     ap_none|                                                       key_24_val65|        scalar|
|key_25_val66          |   in|   13|     ap_none|                                                       key_25_val66|        scalar|
|key_26_val67          |   in|   13|     ap_none|                                                       key_26_val67|        scalar|
|key_27_val68          |   in|   13|     ap_none|                                                       key_27_val68|        scalar|
|key_28_val69          |   in|   13|     ap_none|                                                       key_28_val69|        scalar|
|key_29_val70          |   in|   13|     ap_none|                                                       key_29_val70|        scalar|
|key_30_val71          |   in|   13|     ap_none|                                                       key_30_val71|        scalar|
|key_31_val72          |   in|   13|     ap_none|                                                       key_31_val72|        scalar|
|key_32_val73          |   in|   13|     ap_none|                                                       key_32_val73|        scalar|
|key_33_val74          |   in|   13|     ap_none|                                                       key_33_val74|        scalar|
|key_34_val75          |   in|   13|     ap_none|                                                       key_34_val75|        scalar|
|key_35_val76          |   in|   13|     ap_none|                                                       key_35_val76|        scalar|
|key_36_val77          |   in|   13|     ap_none|                                                       key_36_val77|        scalar|
|key_37_val78          |   in|   13|     ap_none|                                                       key_37_val78|        scalar|
|key_38_val79          |   in|   13|     ap_none|                                                       key_38_val79|        scalar|
|key_39_val80          |   in|   13|     ap_none|                                                       key_39_val80|        scalar|
|value_0_val           |   in|   13|     ap_none|                                                        value_0_val|        scalar|
|value_1_val           |   in|   13|     ap_none|                                                        value_1_val|        scalar|
|value_2_val           |   in|   13|     ap_none|                                                        value_2_val|        scalar|
|value_3_val           |   in|   13|     ap_none|                                                        value_3_val|        scalar|
|value_4_val           |   in|   13|     ap_none|                                                        value_4_val|        scalar|
|value_5_val           |   in|   13|     ap_none|                                                        value_5_val|        scalar|
|value_6_val           |   in|   13|     ap_none|                                                        value_6_val|        scalar|
|value_7_val           |   in|   13|     ap_none|                                                        value_7_val|        scalar|
|value_8_val           |   in|   13|     ap_none|                                                        value_8_val|        scalar|
|value_9_val           |   in|   13|     ap_none|                                                        value_9_val|        scalar|
|value_10_val          |   in|   13|     ap_none|                                                       value_10_val|        scalar|
|value_11_val          |   in|   13|     ap_none|                                                       value_11_val|        scalar|
|value_12_val          |   in|   13|     ap_none|                                                       value_12_val|        scalar|
|value_13_val          |   in|   13|     ap_none|                                                       value_13_val|        scalar|
|value_14_val          |   in|   13|     ap_none|                                                       value_14_val|        scalar|
|value_15_val          |   in|   13|     ap_none|                                                       value_15_val|        scalar|
|padding_mask_0_val81  |   in|   13|     ap_none|                                               padding_mask_0_val81|        scalar|
|padding_mask_1_val82  |   in|   13|     ap_none|                                               padding_mask_1_val82|        scalar|
|padding_mask_2_val83  |   in|   13|     ap_none|                                               padding_mask_2_val83|        scalar|
|padding_mask_3_val84  |   in|   13|     ap_none|                                               padding_mask_3_val84|        scalar|
+----------------------+-----+-----+------------+-------------------------------------------------------------------+--------------+

