================================================================
== Design Size Report
================================================================

* Total Instructions per Compilation Phase
+---------------+-----------------------------+--------------+----------------------------------------------------------------------------------------+
| Phase         | Step                        | Instructions | Description                                                                            |
+---------------+-----------------------------+--------------+----------------------------------------------------------------------------------------+
| Compile/Link  |                             |   9,227      | After all functions are compiled and linked into a single design                       |
|               |                             |              |                                                                                        |
| Unroll/Inline |                             |              | After user unroll and inline pragmas are applied                                       |
|               | (1) unroll                  | 124,663 *    | user unroll pragmas are applied                                                        |
|               | (2) simplification          |  61,366      | simplification of applied user unroll pragmas                                          |
|               | (3) inline                  |  61,596      | user inline pragmas are applied                                                        |
|               | (4) simplification          |  57,353      | simplification of applied user inline pragmas                                          |
|               |                             |              |                                                                                        |
| Array/Struct  |                             |              | After user array partition and struct aggregate/disaggregate pragmas are applied       |
|               | (1) array partition         |  80,550      | user array partition pragmas are applied                                               |
|               | (2) simplification          |  56,400      | simplification of applied user array partition & struct aggregate/disaggregate pragmas |
|               | (3) aggregate/disaggregate  |  56,400      | user struct aggregate/disaggregate pragmas are applied                                 |
|               | (4) array reshape           |  56,400      | apply array reshape pragmas                                                            |
|               | (5) access patterns         |  56,400      | array access pattern optmizations                                                      |
|               |                             |              |                                                                                        |
| Performance   |                             |              | After transformations are applied to meet performance pragma targets                   |
|               | (1) loop simplification     |  56,032      | loop and instruction simplification                                                    |
|               | (2) parallelization         |  55,918      | loops are unrolled or pipelined to meet performance targets                            |
|               | (3) array partition         |  55,630      | arrays are partitioned to meet performance targets                                     |
|               | (4) simplification          |  55,630      | simplification of design after performance transformations                             |
|               |                             |              |                                                                                        |
| HW Transforms |                             |              | After hardware transfomations                                                          |
|               | (1) lowering                |  55,926      | initial conversion to HW specific instructions                                         |
|               | (2) optimizations           |  54,880      | high level synthesis optimizations                                                     |
+---------------+-----------------------------+--------------+----------------------------------------------------------------------------------------+
    * - Exceeded design size warning message threshold

* Instructions per Function for each Compilation Phase
+-----------------------------------------+-------------------------+----------------+-------------------+-------------------+-------------------+-------------------+
| Function                                | Location                | Compile/Link   | Unroll/Inline     | Array/Struct      | Performance       | HW Transforms     |
+-----------------------------------------+-------------------------+----------------+-------------------+-------------------+-------------------+-------------------+
| + myproject                             | myproject.cpp:7         | 9,227          | 57,353            | 56,400            | 55,630            | 54,880            |
|  + hept<ap_fixed<13, 4, AP_RND_...      | nnet_hept.h:238         | 9,215          |                   |                   |                   |                   |
|   + transpose_qk<ap_fixed<13, 4,...     | nnet_hept.h:59          |   92 (2 calls) |                   |                   |                   |                   |
|    + transpose<ap_fixed<13, 4, AP...    | nnet_transpose.h:29     |   84 (2 calls) |                   |                   |                   |                   |
|       transfer_idx<config5_transpo...   | nnet_transpose.h:18     |   50 (2 calls) |                   |                   |                   |                   |
|   + transpose_v<ap_fixed<13, 4, ...     | nnet_hept.h:67          |   46           |                   |                   |                   |                   |
|    + transpose<ap_fixed<13, 4, AP...    | nnet_transpose.h:29     |   42           |                   |                   |                   |                   |
|       transfer_idx<config5_transpo...   | nnet_transpose.h:18     |   25           |                   |                   |                   |                   |
|   + pairwise_dist_sq_rbf<ap_fixe...     | nnet_hept.h:90          | 3,963          |                   |                   |                   |                   |
|      init_exp_table<config5, 1024...    | nnet_hept.h:82          |  422           |                   |                   |                   |                   |
|   + mask_and_normalize<ap_fixed<...     | nnet_hept.h:150         | 3,242          |                   |                   |                   |                   |
|      init_invert_table<config5, 1...    | nnet_hept.h:140         |  676           |                   |                   |                   |                   |
|   + bmm<ap_fixed<13, 4, AP_RND_C...     | nnet_hept.h:207         | 1,776          |                   |                   |                   |                   |
|      fill_zero<ap_fixed<13, 4, AP...    | nnet_helpers.h:304      |  755           |                   |                   |                   |                   |
|    + dense<ap_fixed<13, 4, AP_RND...    | nnet_dense.h:41         |  954           |                   |                   |                   |                   |
|     + dense                             | nnet_dense.h:50         |  952           |                   |                   |                   |                   |
|      + dense_latency<ap_fixed<13, 4...  | nnet_dense_latency.h:13 |  950           |                   |                   |                   |                   |
|         product                         | nnet_mult.h:70          |  141           |                   |                   |                   |                   |
|         cast<ap_fixed<13, 4, AP_RND_... | nnet_mult.h:110         |    3           |                   |                   |                   |                   |
|   + transpose_output<ap_fixed<13...     | nnet_hept.h:75          |   46           |                   |                   |                   |                   |
|    + transpose<ap_fixed<13, 4, AP...    | nnet_transpose.h:29     |   42           |                   |                   |                   |                   |
|       transfer_idx<config5_transpo...   | nnet_transpose.h:18     |   25           |                   |                   |                   |                   |
|  + transpose<ap_fixed<13, 4, AP...      | nnet_transpose.h:29     |                | 3,072 (2 calls)   | 2,882 (2 calls)   | 2,690 (2 calls)   | 2,690 (2 calls)   |
|     transfer_idx<config5_transpo...     | nnet_transpose.h:18     |                | 1,920 (192 calls) | 1,920 (192 calls) | 1,920 (192 calls) | 1,920 (192 calls) |
|  + transpose<ap_fixed<13, 4, AP...      | nnet_transpose.h:29     |                |   768             |   721             |   673             |   673             |
|     transfer_idx<config5_transpo...     | nnet_transpose.h:18     |                |   480 (48 calls)  |   480 (48 calls)  |   480 (48 calls)  |   480 (48 calls)  |
|    pairwise_dist_sq_rbf<ap_fixe...      | nnet_hept.h:90          |                | 29,758            | 29,537            | 29,345            | 29,345            |
|    mask_and_normalize<ap_fixed<...      | nnet_hept.h:150         |                | 4,646             | 4,577             | 4,537             | 4,537             |
|  + bmm<ap_fixed<13, 4, AP_RND_C...      | nnet_hept.h:207         |                | 18,286            | 16,250            | 15,400            | 15,408            |
|     dense_latency<ap_fixed<13, 4...     | nnet_dense_latency.h:13 |                | 18,104 (8 calls)  | 16,120 (8 calls)  | 15,288 (8 calls)  | 15,296 (8 calls)  |
|  + transpose<ap_fixed<13, 4, AP...      | nnet_transpose.h:29     |                |   768             |   721             |   673             |   673             |
|     transfer_idx<config5_transpo...     | nnet_transpose.h:18     |                |   480 (48 calls)  |   480 (48 calls)  |   480 (48 calls)  |   480 (48 calls)  |
+-----------------------------------------+-------------------------+----------------+-------------------+-------------------+-------------------+-------------------+

* Design Size Message Settings
+---------------------------------------------+--------+------------------------------------------------------------------+
| Message Setting                             | Value  | Description                                                      |
+---------------------------------------------+--------+------------------------------------------------------------------+
| config_compile -design_size_maximum_warning | 100000 | Show a warning when total design instructions exceeds this value |
+---------------------------------------------+--------+------------------------------------------------------------------+


